============================= test session starts ==============================
platform linux -- Python 3.10.12, pytest-7.2.2, pluggy-1.3.0
Using --randomly-seed=1706166361
PyQt5 5.15.10 -- Qt runtime 5.15.2 -- Qt compiled 5.15.2
rootdir: /home/kaiyaok2/PythonProjects/PythonRobotics
plugins: hypothesis-6.81.1, cov-4.1.0, randomly-3.1.0, typeguard-4.1.5, timeout-1.4.2, qt-4.3.1, nbval-0.10.0, mock-3.12.0, tcp-0.1.1, textual-snapshot-0.4.0, asyncio-0.21.1, xdist-3.2.1, cookies-0.7.0, instafail-0.5.0, syrupy-4.6.0, anyio-3.7.1
asyncio: mode=strict
collected 106 items

tests/test_kmeans_clustering.py /home/kaiyaok2/PythonProjects/PythonRobotics/Mapping/kmeans_clustering/kmeans_clustering.py start!!
Time: 0.0
loop: 0
loop: 1
loop: 2
Time: 1.0
loop: 0
loop: 1
loop: 2
Time: 2.0
loop: 0
loop: 1
loop: 2
Time: 3.0
loop: 0
loop: 1
loop: 2
Time: 4.0
loop: 0
loop: 1
loop: 2
Time: 5.0
loop: 0
loop: 1
loop: 2
Time: 6.0
loop: 0
loop: 1
loop: 2
Time: 7.0
loop: 0
loop: 1
loop: 2
Time: 8.0
loop: 0
loop: 1
loop: 2
Time: 9.0
loop: 0
loop: 1
loop: 2
loop: 3
Time: 10.0
loop: 0
loop: 1
loop: 2
loop: 3
Time: 11.0
loop: 0
loop: 1
loop: 2
loop: 3
Time: 12.0
loop: 0
loop: 1
loop: 2
loop: 3
Time: 13.0
loop: 0
loop: 1
loop: 2
Time: 14.0
loop: 0
loop: 1
loop: 2
Time: 15.0
loop: 0
loop: 1
loop: 2
Done
.
current test PASSED/SKIPPED -- test_1 in /home/kaiyaok2/PythonProjects/PythonRobotics/tests/test_kmeans_clustering.py: 0.013625144958496094s cumulative, 0.013625144958496094s individual


tests/test_pure_pursuit.py .
current test PASSED/SKIPPED -- test1 in /home/kaiyaok2/PythonProjects/PythonRobotics/tests/test_pure_pursuit.py: 0.0348353385925293s cumulative, 0.021210193634033203s individual


tests/test_two_joint_arm_to_point_control.py .
current test PASSED/SKIPPED -- test1 in /home/kaiyaok2/PythonProjects/PythonRobotics/tests/test_two_joint_arm_to_point_control.py: 0.05377769470214844s cumulative, 0.01894235610961914s individual


tests/test_move_to_pose_robot.py Initial x: 2.18 m
Initial y: 17.83 m
Initial theta: -0.04 rad

Goal x: 16.57 m
Goal y: 11.49 m
Goal theta: 0.09 rad

Initial x: 0.68 m
Initial y: 13.92 m
Initial theta: -2.49 rad

Goal x: 12.45 m
Goal y: 5.01 m
Goal theta: 0.27 rad

Initial x: 13.48 m
Initial y: 12.71 m
Initial theta: 0.67 rad

Goal x: 9.38 m
Goal y: 9.58 m
Goal theta: 1.79 rad

Initial x: 11.94 m
Initial y: 13.67 m
Initial theta: 1.67 rad

Goal x: 8.71 m
Goal y: 16.98 m
Goal theta: -1.12 rad

Initial x: 10.08 m
Initial y: 18.55 m
Initial theta: 2.31 rad

Goal x: 11.87 m
Goal y: 13.97 m
Goal theta: 2.45 rad

.
current test PASSED/SKIPPED -- test_1 in /home/kaiyaok2/PythonProjects/PythonRobotics/tests/test_move_to_pose_robot.py: 0.1222541332244873s cumulative, 0.06847643852233887s individual


tests/test_closed_loop_rrt_star_car.py Start/home/kaiyaok2/PythonProjects/PythonRobotics/PathPlanning/ClosedLoopRRTStar/closed_loop_rrt_star_car.py
Iter: 0 , number of nodes: 1
Iter: 1 , number of nodes: 3
Iter: 2 , number of nodes: 3
Iter: 3 , number of nodes: 5
Iter: 4 , number of nodes: 5
reached max iteration
goal_indexes: 3
final_goal_indexes: 3
min_cost: 17.433776660837818
OK XY TH num is
3
OK YAW TH num is
3
Start search feasible path
feasible path is found
feasible path is found
feasible path is found
best time is
0.49999999999999994
.
current test PASSED/SKIPPED -- test_1 in /home/kaiyaok2/PythonProjects/PythonRobotics/tests/test_closed_loop_rrt_star_car.py: 0.42037177085876465s cumulative, 0.29811763763427734s individual


tests/test_drone_3d_trajectory_following.py Done
.
current test PASSED/SKIPPED -- test1 in /home/kaiyaok2/PythonProjects/PythonRobotics/tests/test_drone_3d_trajectory_following.py: 0.6244339942932129s cumulative, 0.20406222343444824s individual


tests/test_inverted_pendulum_mpc_control.py calc time:0.258949 [sec]
calc time:0.253728 [sec]
calc time:0.212359 [sec]
calc time:0.354318 [sec]
calc time:0.735420 [sec]
calc time:0.627883 [sec]
calc time:0.612952 [sec]
calc time:0.731975 [sec]
calc time:0.703720 [sec]
calc time:0.646056 [sec]
calc time:0.593401 [sec]
calc time:2.771186 [sec]
calc time:0.663454 [sec]
calc time:0.660115 [sec]
calc time:0.711536 [sec]
calc time:0.616985 [sec]
calc time:0.561101 [sec]
calc time:0.695058 [sec]
calc time:0.612120 [sec]
calc time:0.601284 [sec]
calc time:0.411121 [sec]
calc time:0.537781 [sec]
calc time:0.706193 [sec]
calc time:0.706319 [sec]
calc time:0.841711 [sec]
calc time:0.803278 [sec]
calc time:0.845912 [sec]
calc time:0.647991 [sec]
calc time:2.520034 [sec]
calc time:0.575311 [sec]
calc time:0.687955 [sec]
calc time:0.638535 [sec]
calc time:0.621914 [sec]
calc time:0.725362 [sec]
calc time:0.781400 [sec]
calc time:0.569759 [sec]
calc time:0.654236 [sec]
calc time:0.741666 [sec]
calc time:0.690845 [sec]
calc time:0.244207 [sec]
calc time:0.205738 [sec]
calc time:0.200501 [sec]
calc time:2.448047 [sec]
calc time:0.287328 [sec]
calc time:0.242184 [sec]
calc time:0.242246 [sec]
calc time:0.369241 [sec]
calc time:0.243774 [sec]
calc time:0.245798 [sec]
calc time:0.355832 [sec]
calc time:0.241541 [sec]
Finish
x=-1.83 [m] , theta=-0.01 [deg]
.
current test PASSED/SKIPPED -- test1 in /home/kaiyaok2/PythonProjects/PythonRobotics/tests/test_inverted_pendulum_mpc_control.py: 43.330471992492676s cumulative, 42.70603799819946s individual


tests/test_hybrid_a_star.py Start Hybrid A* planning
start :  [10.0, 10.0, 1.5707963267948966]
goal :  [50.0, 50.0, -1.5707963267948966]
path found
/home/kaiyaok2/PythonProjects/PythonRobotics/PathPlanning/HybridAStar/hybrid_a_star.py done!!
.
current test PASSED/SKIPPED -- test1 in /home/kaiyaok2/PythonProjects/PythonRobotics/tests/test_hybrid_a_star.py: 47.798980712890625s cumulative, 4.468508720397949s individual


tests/test_gaussian_grid_map.py /home/kaiyaok2/PythonProjects/PythonRobotics/Mapping/gaussian_grid_map/gaussian_grid_map.py start!!
.
current test PASSED/SKIPPED -- test1 in /home/kaiyaok2/PythonProjects/PythonRobotics/tests/test_gaussian_grid_map.py: 50.07538104057312s cumulative, 2.276400327682495s individual


tests/test_circle_fitting.py Error: -0.01757245289859588
Error: -0.0011551221646219911
Error: -0.0012714283025578865
Error: -0.015110377882051385
Error: -0.010424879935632458
Error: -0.013659257638630629
Error: -0.004195293088552821
Error: -0.0016352751536601318
Error: -0.004445875459080595
Error: -0.006107206162831891
Error: -0.0024296733236153223
Error: -0.001277826051893305
Error: -0.007377640751876413
Error: -0.00231060932931193
Error: -0.00030419356979960455
Error: -2.7217446034288884e-05
Done
.
current test PASSED/SKIPPED -- test_1 in /home/kaiyaok2/PythonProjects/PythonRobotics/tests/test_circle_fitting.py: 50.10804462432861s cumulative, 0.032663583755493164s individual


tests/test_move_to_pose.py Initial x: 2.18 m
Initial y: 17.83 m
Initial theta: -0.04 rad

Goal x: 16.57 m
Goal y: 11.49 m
Goal theta: 0.09 rad

Initial x: 0.68 m
Initial y: 13.92 m
Initial theta: -2.49 rad

Goal x: 12.45 m
Goal y: 5.01 m
Goal theta: 0.27 rad

Initial x: 13.48 m
Initial y: 12.71 m
Initial theta: 0.67 rad

Goal x: 9.38 m
Goal y: 9.58 m
Goal theta: 1.79 rad

Initial x: 11.94 m
Initial y: 13.67 m
Initial theta: 1.67 rad

Goal x: 8.71 m
Goal y: 16.98 m
Goal theta: -1.12 rad

Initial x: 10.08 m
Initial y: 18.55 m
Initial theta: 2.31 rad

Goal x: 11.87 m
Goal y: 13.97 m
Goal theta: 2.45 rad

.
current test PASSED/SKIPPED -- test_1 in /home/kaiyaok2/PythonProjects/PythonRobotics/tests/test_move_to_pose.py: 50.19094896316528s cumulative, 0.08290433883666992s individual

Initial x: 2.18 m
Initial y: 17.83 m
Initial theta: -0.04 rad

Goal x: 16.57 m
Goal y: 11.49 m
Goal theta: 0.09 rad

Initial x: 0.68 m
Initial y: 13.92 m
Initial theta: -2.49 rad

Goal x: 12.45 m
Goal y: 5.01 m
Goal theta: 0.27 rad

Initial x: 13.48 m
Initial y: 12.71 m
Initial theta: 0.67 rad

Goal x: 9.38 m
Goal y: 9.58 m
Goal theta: 1.79 rad

Initial x: 11.94 m
Initial y: 13.67 m
Initial theta: 1.67 rad

Goal x: 8.71 m
Goal y: 16.98 m
Goal theta: -1.12 rad

Initial x: 10.08 m
Initial y: 18.55 m
Initial theta: 2.31 rad

Goal x: 11.87 m
Goal y: 13.97 m
Goal theta: 2.45 rad

.
current test PASSED/SKIPPED -- test_2 in /home/kaiyaok2/PythonProjects/PythonRobotics/tests/test_move_to_pose.py: 50.38542866706848s cumulative, 0.19447970390319824s individual


tests/test_rectangle_fitting.py Done
.
current test PASSED/SKIPPED -- test1 in /home/kaiyaok2/PythonProjects/PythonRobotics/tests/test_rectangle_fitting.py: 80.23151755332947s cumulative, 29.846088886260986s individual


tests/test_greedy_best_first_search.py /home/kaiyaok2/PythonProjects/PythonRobotics/PathPlanning/GreedyBestFirstSearch/greedy_best_first_search.py start!!
min_x: -10
min_y: -10
max_x: 60
max_y: 60
x_width: 35
y_width: 35
Found goal
.
current test PASSED/SKIPPED -- test_1 in /home/kaiyaok2/PythonProjects/PythonRobotics/tests/test_greedy_best_first_search.py: 80.46048378944397s cumulative, 0.22896623611450195s individual


tests/test_breadth_first_search.py /home/kaiyaok2/PythonProjects/PythonRobotics/PathPlanning/BreadthFirstSearch/breadth_first_search.py start!!
min_x: -10
min_y: -10
max_x: 60
max_y: 60
x_width: 35
y_width: 35
Find goal
.
current test PASSED/SKIPPED -- test_1 in /home/kaiyaok2/PythonProjects/PythonRobotics/tests/test_breadth_first_search.py: 80.71510982513428s cumulative, 0.2546260356903076s individual


tests/test_rrt_with_sobol_sampler.py start /home/kaiyaok2/PythonProjects/PythonRobotics/PathPlanning/RRT/rrt_with_sobol_sampler.py
found path!!
.
current test PASSED/SKIPPED -- test1 in /home/kaiyaok2/PythonProjects/PythonRobotics/tests/test_rrt_with_sobol_sampler.py: 80.72313356399536s cumulative, 0.008023738861083984s individual


tests/test_fast_slam1.py /home/kaiyaok2/PythonProjects/PythonRobotics/SLAM/FastSLAM1/fast_slam1.py start!!
.
current test PASSED/SKIPPED -- test1 in /home/kaiyaok2/PythonProjects/PythonRobotics/tests/test_fast_slam1.py: 86.3604907989502s cumulative, 5.637357234954834s individual


tests/test_rrt_star.py Start /home/kaiyaok2/PythonProjects/PythonRobotics/PathPlanning/RRTStar/rrt_star.py
Iter: 0 , number of nodes: 1
Iter: 1 , number of nodes: 2
Iter: 2 , number of nodes: 3
Iter: 3 , number of nodes: 4
Iter: 4 , number of nodes: 5
Iter: 5 , number of nodes: 6
Iter: 6 , number of nodes: 7
Iter: 7 , number of nodes: 7
Iter: 8 , number of nodes: 7
Iter: 9 , number of nodes: 7
Iter: 10 , number of nodes: 7
Iter: 11 , number of nodes: 7
Iter: 12 , number of nodes: 7
Iter: 13 , number of nodes: 7
Iter: 14 , number of nodes: 7
Iter: 15 , number of nodes: 8
Iter: 16 , number of nodes: 8
Iter: 17 , number of nodes: 8
Iter: 18 , number of nodes: 8
Iter: 19 , number of nodes: 8
Iter: 20 , number of nodes: 8
Iter: 21 , number of nodes: 8
Iter: 22 , number of nodes: 8
Iter: 23 , number of nodes: 8
Iter: 24 , number of nodes: 8
Iter: 25 , number of nodes: 8
Iter: 26 , number of nodes: 8
Iter: 27 , number of nodes: 8
Iter: 28 , number of nodes: 8
Iter: 29 , number of nodes: 8
Iter: 30 , number of nodes: 8
Iter: 31 , number of nodes: 8
Iter: 32 , number of nodes: 8
Iter: 33 , number of nodes: 8
Iter: 34 , number of nodes: 8
Iter: 35 , number of nodes: 9
Iter: 36 , number of nodes: 9
Iter: 37 , number of nodes: 9
Iter: 38 , number of nodes: 9
Iter: 39 , number of nodes: 9
Iter: 40 , number of nodes: 9
Iter: 41 , number of nodes: 9
Iter: 42 , number of nodes: 9
Iter: 43 , number of nodes: 9
Iter: 44 , number of nodes: 9
Iter: 45 , number of nodes: 9
Iter: 46 , number of nodes: 10
Iter: 47 , number of nodes: 10
Iter: 48 , number of nodes: 10
Iter: 49 , number of nodes: 10
Iter: 50 , number of nodes: 10
Iter: 51 , number of nodes: 11
Iter: 52 , number of nodes: 11
Iter: 53 , number of nodes: 11
Iter: 54 , number of nodes: 12
Iter: 55 , number of nodes: 12
Iter: 56 , number of nodes: 12
Iter: 57 , number of nodes: 12
Iter: 58 , number of nodes: 12
Iter: 59 , number of nodes: 13
Iter: 60 , number of nodes: 14
Iter: 61 , number of nodes: 14
Iter: 62 , number of nodes: 14
Iter: 63 , number of nodes: 14
Iter: 64 , number of nodes: 14
Iter: 65 , number of nodes: 14
Iter: 66 , number of nodes: 14
Iter: 67 , number of nodes: 14
Iter: 68 , number of nodes: 14
Iter: 69 , number of nodes: 15
Iter: 70 , number of nodes: 16
Iter: 71 , number of nodes: 16
Iter: 72 , number of nodes: 16
Iter: 73 , number of nodes: 16
Iter: 74 , number of nodes: 17
Iter: 75 , number of nodes: 17
Iter: 76 , number of nodes: 18
Iter: 77 , number of nodes: 18
Iter: 78 , number of nodes: 18
Iter: 79 , number of nodes: 18
Iter: 80 , number of nodes: 18
Iter: 81 , number of nodes: 19
Iter: 82 , number of nodes: 19
Iter: 83 , number of nodes: 20
Iter: 84 , number of nodes: 20
Iter: 85 , number of nodes: 21
Iter: 86 , number of nodes: 21
Iter: 87 , number of nodes: 21
Iter: 88 , number of nodes: 21
Iter: 89 , number of nodes: 21
Iter: 90 , number of nodes: 21
Iter: 91 , number of nodes: 21
Iter: 92 , number of nodes: 21
Iter: 93 , number of nodes: 22
Iter: 94 , number of nodes: 22
Iter: 95 , number of nodes: 22
Iter: 96 , number of nodes: 22
Iter: 97 , number of nodes: 22
Iter: 98 , number of nodes: 23
Iter: 99 , number of nodes: 24
Iter: 100 , number of nodes: 24
Iter: 101 , number of nodes: 24
Iter: 102 , number of nodes: 24
Iter: 103 , number of nodes: 25
Iter: 104 , number of nodes: 25
Iter: 105 , number of nodes: 25
Iter: 106 , number of nodes: 25
Iter: 107 , number of nodes: 26
Iter: 108 , number of nodes: 26
Iter: 109 , number of nodes: 27
Iter: 110 , number of nodes: 27
Iter: 111 , number of nodes: 27
Iter: 112 , number of nodes: 27
Iter: 113 , number of nodes: 28
Iter: 114 , number of nodes: 28
Iter: 115 , number of nodes: 29
Iter: 116 , number of nodes: 29
Iter: 117 , number of nodes: 30
Iter: 118 , number of nodes: 31
Iter: 119 , number of nodes: 31
Iter: 120 , number of nodes: 31
Iter: 121 , number of nodes: 31
Iter: 122 , number of nodes: 32
Iter: 123 , number of nodes: 32
Iter: 124 , number of nodes: 33
Iter: 125 , number of nodes: 34
Iter: 126 , number of nodes: 35
Iter: 127 , number of nodes: 35
Iter: 128 , number of nodes: 36
Iter: 129 , number of nodes: 37
Iter: 130 , number of nodes: 37
Iter: 131 , number of nodes: 38
Iter: 132 , number of nodes: 39
Iter: 133 , number of nodes: 39
Iter: 134 , number of nodes: 39
Iter: 135 , number of nodes: 39
Iter: 136 , number of nodes: 39
Iter: 137 , number of nodes: 39
Iter: 138 , number of nodes: 40
Iter: 139 , number of nodes: 41
Iter: 140 , number of nodes: 41
Iter: 141 , number of nodes: 41
Iter: 142 , number of nodes: 41
Iter: 143 , number of nodes: 42
Iter: 144 , number of nodes: 43
Iter: 145 , number of nodes: 43
Iter: 146 , number of nodes: 44
Iter: 147 , number of nodes: 44
Iter: 148 , number of nodes: 45
Iter: 149 , number of nodes: 46
Iter: 150 , number of nodes: 46
Iter: 151 , number of nodes: 47
Iter: 152 , number of nodes: 47
Iter: 153 , number of nodes: 47
Iter: 154 , number of nodes: 48
Iter: 155 , number of nodes: 48
Iter: 156 , number of nodes: 48
Iter: 157 , number of nodes: 49
Iter: 158 , number of nodes: 50
Iter: 159 , number of nodes: 51
Iter: 160 , number of nodes: 52
Iter: 161 , number of nodes: 53
Iter: 162 , number of nodes: 53
Iter: 163 , number of nodes: 54
Iter: 164 , number of nodes: 54
Iter: 165 , number of nodes: 55
Iter: 166 , number of nodes: 55
Iter: 167 , number of nodes: 56
Iter: 168 , number of nodes: 56
Iter: 169 , number of nodes: 57
Iter: 170 , number of nodes: 57
Iter: 171 , number of nodes: 57
Iter: 172 , number of nodes: 58
Iter: 173 , number of nodes: 59
Iter: 174 , number of nodes: 59
Iter: 175 , number of nodes: 60
Iter: 176 , number of nodes: 60
Iter: 177 , number of nodes: 61
Iter: 178 , number of nodes: 62
Iter: 179 , number of nodes: 63
Iter: 180 , number of nodes: 63
Iter: 181 , number of nodes: 64
Iter: 182 , number of nodes: 65
Iter: 183 , number of nodes: 66
Iter: 184 , number of nodes: 66
Iter: 185 , number of nodes: 66
Iter: 186 , number of nodes: 67
Iter: 187 , number of nodes: 67
Iter: 188 , number of nodes: 67
Iter: 189 , number of nodes: 67
Iter: 190 , number of nodes: 67
Iter: 191 , number of nodes: 68
Iter: 192 , number of nodes: 68
Iter: 193 , number of nodes: 69
Iter: 194 , number of nodes: 69
Iter: 195 , number of nodes: 69
Iter: 196 , number of nodes: 69
Iter: 197 , number of nodes: 70
Iter: 198 , number of nodes: 71
Iter: 199 , number of nodes: 71
Iter: 200 , number of nodes: 72
Iter: 201 , number of nodes: 72
Iter: 202 , number of nodes: 72
Iter: 203 , number of nodes: 72
Iter: 204 , number of nodes: 73
Iter: 205 , number of nodes: 74
Iter: 206 , number of nodes: 75
Iter: 207 , number of nodes: 76
Iter: 208 , number of nodes: 76
Iter: 209 , number of nodes: 77
Iter: 210 , number of nodes: 78
Iter: 211 , number of nodes: 78
Iter: 212 , number of nodes: 79
Iter: 213 , number of nodes: 80
Iter: 214 , number of nodes: 80
Iter: 215 , number of nodes: 80
Iter: 216 , number of nodes: 80
Iter: 217 , number of nodes: 81
Iter: 218 , number of nodes: 82
Iter: 219 , number of nodes: 83
Iter: 220 , number of nodes: 83
Iter: 221 , number of nodes: 83
Iter: 222 , number of nodes: 83
Iter: 223 , number of nodes: 84
Iter: 224 , number of nodes: 85
Iter: 225 , number of nodes: 86
Iter: 226 , number of nodes: 86
Iter: 227 , number of nodes: 87
Iter: 228 , number of nodes: 87
Iter: 229 , number of nodes: 88
Iter: 230 , number of nodes: 89
Iter: 231 , number of nodes: 90
Iter: 232 , number of nodes: 91
Iter: 233 , number of nodes: 91
Iter: 234 , number of nodes: 92
Iter: 235 , number of nodes: 93
Iter: 236 , number of nodes: 94
Iter: 237 , number of nodes: 95
Iter: 238 , number of nodes: 96
Iter: 239 , number of nodes: 96
Iter: 240 , number of nodes: 96
Iter: 241 , number of nodes: 96
Iter: 242 , number of nodes: 96
Iter: 243 , number of nodes: 97
Iter: 244 , number of nodes: 98
Iter: 245 , number of nodes: 99
Iter: 246 , number of nodes: 100
Iter: 247 , number of nodes: 101
Iter: 248 , number of nodes: 102
Iter: 249 , number of nodes: 103
Iter: 250 , number of nodes: 104
Iter: 251 , number of nodes: 105
Iter: 252 , number of nodes: 105
Iter: 253 , number of nodes: 106
Iter: 254 , number of nodes: 106
Iter: 255 , number of nodes: 106
Iter: 256 , number of nodes: 107
Iter: 257 , number of nodes: 107
Iter: 258 , number of nodes: 107
Iter: 259 , number of nodes: 108
Iter: 260 , number of nodes: 109
Iter: 261 , number of nodes: 110
Iter: 262 , number of nodes: 110
Iter: 263 , number of nodes: 111
Iter: 264 , number of nodes: 112
Iter: 265 , number of nodes: 113
Iter: 266 , number of nodes: 113
Iter: 267 , number of nodes: 113
Iter: 268 , number of nodes: 113
Iter: 269 , number of nodes: 114
Iter: 270 , number of nodes: 115
Iter: 271 , number of nodes: 115
Iter: 272 , number of nodes: 116
Iter: 273 , number of nodes: 117
Iter: 274 , number of nodes: 118
Iter: 275 , number of nodes: 119
Iter: 276 , number of nodes: 120
Iter: 277 , number of nodes: 121
Iter: 278 , number of nodes: 122
Iter: 279 , number of nodes: 123
Iter: 280 , number of nodes: 124
Iter: 281 , number of nodes: 125
Iter: 282 , number of nodes: 125
Iter: 283 , number of nodes: 125
Iter: 284 , number of nodes: 126
Iter: 285 , number of nodes: 126
Iter: 286 , number of nodes: 127
Iter: 287 , number of nodes: 128
Iter: 288 , number of nodes: 128
Iter: 289 , number of nodes: 129
Iter: 290 , number of nodes: 129
Iter: 291 , number of nodes: 130
Iter: 292 , number of nodes: 131
Iter: 293 , number of nodes: 132
Iter: 294 , number of nodes: 133
Iter: 295 , number of nodes: 134
Iter: 296 , number of nodes: 134
Iter: 297 , number of nodes: 134
Iter: 298 , number of nodes: 134
Iter: 299 , number of nodes: 135
reached max iteration
Cannot find path
.
current test PASSED/SKIPPED -- test1 in /home/kaiyaok2/PythonProjects/PythonRobotics/tests/test_rrt_star.py: 86.45276713371277s cumulative, 0.09227633476257324s individual

Iter: 0 , number of nodes: 1
.
current test PASSED/SKIPPED -- test_no_obstacle in /home/kaiyaok2/PythonProjects/PythonRobotics/tests/test_rrt_star.py: 86.45792961120605s cumulative, 0.005162477493286133s individual

Iter: 0 , number of nodes: 1
.
current test PASSED/SKIPPED -- test_no_obstacle_and_robot_radius in /home/kaiyaok2/PythonProjects/PythonRobotics/tests/test_rrt_star.py: 86.46196746826172s cumulative, 0.0040378570556640625s individual


tests/test_inverted_pendulum_lqr_control.py calc time:0.007596 [sec]
calc time:0.004875 [sec]
calc time:0.004836 [sec]
calc time:0.004997 [sec]
calc time:0.004970 [sec]
calc time:0.004700 [sec]
calc time:0.004714 [sec]
calc time:0.004780 [sec]
calc time:0.004629 [sec]
calc time:0.004443 [sec]
calc time:0.004622 [sec]
calc time:0.004507 [sec]
calc time:0.004655 [sec]
calc time:0.004576 [sec]
calc time:0.004609 [sec]
calc time:0.004725 [sec]
calc time:0.004559 [sec]
calc time:0.004835 [sec]
calc time:0.004988 [sec]
calc time:0.004645 [sec]
calc time:0.004642 [sec]
calc time:0.004597 [sec]
calc time:0.004692 [sec]
calc time:0.004736 [sec]
calc time:0.005926 [sec]
calc time:0.009697 [sec]
calc time:0.014813 [sec]
calc time:0.017107 [sec]
calc time:0.020212 [sec]
calc time:0.016313 [sec]
calc time:0.019102 [sec]
calc time:0.015021 [sec]
calc time:0.016241 [sec]
calc time:0.017513 [sec]
calc time:0.015944 [sec]
calc time:0.016682 [sec]
calc time:0.016570 [sec]
calc time:0.018308 [sec]
calc time:0.017156 [sec]
calc time:0.017785 [sec]
calc time:0.015198 [sec]
calc time:0.012787 [sec]
calc time:0.018451 [sec]
calc time:0.014801 [sec]
calc time:0.010924 [sec]
calc time:0.012655 [sec]
calc time:0.010977 [sec]
calc time:0.009742 [sec]
calc time:0.012876 [sec]
calc time:0.010663 [sec]
calc time:0.012190 [sec]
Finish
x=-1.82 [m] , theta=-0.01 [deg]
.
current test PASSED/SKIPPED -- test_1 in /home/kaiyaok2/PythonProjects/PythonRobotics/tests/test_inverted_pendulum_lqr_control.py: 87.0141589641571s cumulative, 0.5521914958953857s individual


tests/test_dstar.py [(-10, -10), (-9, -10), (-8, -10), (-7, -10), (-6, -10), (-5, -10), (-4, -10), (-3, -10), (-2, -10), (-1, -10), (0, -10), (1, -10), (2, -10), (3, -10), (4, -10), (5, -10), (6, -10), (7, -10), (8, -10), (9, -10), (10, -10), (11, -10), (12, -10), (13, -10), (14, -10), (15, -10), (16, -10), (17, -10), (18, -10), (19, -10), (20, -10), (21, -10), (22, -10), (23, -10), (24, -10), (25, -10), (26, -10), (27, -10), (28, -10), (29, -10), (30, -10), (31, -10), (32, -10), (33, -10), (34, -10), (35, -10), (36, -10), (37, -10), (38, -10), (39, -10), (40, -10), (41, -10), (42, -10), (43, -10), (44, -10), (45, -10), (46, -10), (47, -10), (48, -10), (49, -10), (50, -10), (51, -10), (52, -10), (53, -10), (54, -10), (55, -10), (56, -10), (57, -10), (58, -10), (59, -10), (60, -10), (60, -9), (60, -8), (60, -7), (60, -6), (60, -5), (60, -4), (60, -3), (60, -2), (60, -1), (60, 0), (60, 1), (60, 2), (60, 3), (60, 4), (60, 5), (60, 6), (60, 7), (60, 8), (60, 9), (60, 10), (60, 11), (60, 12), (60, 13), (60, 14), (60, 15), (60, 16), (60, 17), (60, 18), (60, 19), (60, 20), (60, 21), (60, 22), (60, 23), (60, 24), (60, 25), (60, 26), (60, 27), (60, 28), (60, 29), (60, 30), (60, 31), (60, 32), (60, 33), (60, 34), (60, 35), (60, 36), (60, 37), (60, 38), (60, 39), (60, 40), (60, 41), (60, 42), (60, 43), (60, 44), (60, 45), (60, 46), (60, 47), (60, 48), (60, 49), (60, 50), (60, 51), (60, 52), (60, 53), (60, 54), (60, 55), (60, 56), (60, 57), (60, 58), (60, 59), (-10, 60), (-9, 60), (-8, 60), (-7, 60), (-6, 60), (-5, 60), (-4, 60), (-3, 60), (-2, 60), (-1, 60), (0, 60), (1, 60), (2, 60), (3, 60), (4, 60), (5, 60), (6, 60), (7, 60), (8, 60), (9, 60), (10, 60), (11, 60), (12, 60), (13, 60), (14, 60), (15, 60), (16, 60), (17, 60), (18, 60), (19, 60), (20, 60), (21, 60), (22, 60), (23, 60), (24, 60), (25, 60), (26, 60), (27, 60), (28, 60), (29, 60), (30, 60), (31, 60), (32, 60), (33, 60), (34, 60), (35, 60), (36, 60), (37, 60), (38, 60), (39, 60), (40, 60), (41, 60), (42, 60), (43, 60), (44, 60), (45, 60), (46, 60), (47, 60), (48, 60), (49, 60), (50, 60), (51, 60), (52, 60), (53, 60), (54, 60), (55, 60), (56, 60), (57, 60), (58, 60), (59, 60), (60, 60), (-10, -10), (-10, -9), (-10, -8), (-10, -7), (-10, -6), (-10, -5), (-10, -4), (-10, -3), (-10, -2), (-10, -1), (-10, 0), (-10, 1), (-10, 2), (-10, 3), (-10, 4), (-10, 5), (-10, 6), (-10, 7), (-10, 8), (-10, 9), (-10, 10), (-10, 11), (-10, 12), (-10, 13), (-10, 14), (-10, 15), (-10, 16), (-10, 17), (-10, 18), (-10, 19), (-10, 20), (-10, 21), (-10, 22), (-10, 23), (-10, 24), (-10, 25), (-10, 26), (-10, 27), (-10, 28), (-10, 29), (-10, 30), (-10, 31), (-10, 32), (-10, 33), (-10, 34), (-10, 35), (-10, 36), (-10, 37), (-10, 38), (-10, 39), (-10, 40), (-10, 41), (-10, 42), (-10, 43), (-10, 44), (-10, 45), (-10, 46), (-10, 47), (-10, 48), (-10, 49), (-10, 50), (-10, 51), (-10, 52), (-10, 53), (-10, 54), (-10, 55), (-10, 56), (-10, 57), (-10, 58), (-10, 59), (-10, 60), (20, -10), (20, -9), (20, -8), (20, -7), (20, -6), (20, -5), (20, -4), (20, -3), (20, -2), (20, -1), (20, 0), (20, 1), (20, 2), (20, 3), (20, 4), (20, 5), (20, 6), (20, 7), (20, 8), (20, 9), (20, 10), (20, 11), (20, 12), (20, 13), (20, 14), (20, 15), (20, 16), (20, 17), (20, 18), (20, 19), (20, 20), (20, 21), (20, 22), (20, 23), (20, 24), (20, 25), (20, 26), (20, 27), (20, 28), (20, 29), (20, 30), (20, 31), (20, 32), (20, 33), (20, 34), (20, 35), (20, 36), (20, 37), (20, 38), (20, 39), (40, 60), (40, 59), (40, 58), (40, 57), (40, 56), (40, 55), (40, 54), (40, 53), (40, 52), (40, 51), (40, 50), (40, 49), (40, 48), (40, 47), (40, 46), (40, 45), (40, 44), (40, 43), (40, 42), (40, 41), (40, 40), (40, 39), (40, 38), (40, 37), (40, 36), (40, 35), (40, 34), (40, 33), (40, 32), (40, 31), (40, 30), (40, 29), (40, 28), (40, 27), (40, 26), (40, 25), (40, 24), (40, 23), (40, 22), (40, 21)]
.
current test PASSED/SKIPPED -- test_1 in /home/kaiyaok2/PythonProjects/PythonRobotics/tests/test_dstar.py: 88.24548721313477s cumulative, 1.2313282489776611s individual


tests/test_bipedal_planner.py .
current test PASSED/SKIPPED -- test_1 in /home/kaiyaok2/PythonProjects/PythonRobotics/tests/test_bipedal_planner.py: 88.26507949829102s cumulative, 0.01959228515625s individual


tests/test_histogram_filter.py /home/kaiyaok2/PythonProjects/PythonRobotics/Localization/histogram_filter/histogram_filter.py start!!
time=0.1
time=0.2
time=0.3
time=0.4
time=0.5
time=0.6
time=0.7
time=0.8
time=0.9
time=1.0
time=1.1
Done
.
current test PASSED/SKIPPED -- test1 in /home/kaiyaok2/PythonProjects/PythonRobotics/tests/test_histogram_filter.py: 106.93111062049866s cumulative, 18.66603112220764s individual


tests/test_eta3_spline_path.py .
current test PASSED/SKIPPED -- test_1 in /home/kaiyaok2/PythonProjects/PythonRobotics/tests/test_eta3_spline_path.py: 111.71667885780334s cumulative, 4.7855682373046875s individual


tests/test_informed_rrt_star.py Start informed rrt star planning
Done!!
.
current test PASSED/SKIPPED -- test1 in /home/kaiyaok2/PythonProjects/PythonRobotics/tests/test_informed_rrt_star.py: 122.65903735160828s cumulative, 10.942358493804932s individual


tests/test_depth_first_search.py /home/kaiyaok2/PythonProjects/PythonRobotics/PathPlanning/DepthFirstSearch/depth_first_search.py start!!
min_x: -10
min_y: -10
max_x: 60
max_y: 60
x_width: 35
y_width: 35
Find goal
.
current test PASSED/SKIPPED -- test_1 in /home/kaiyaok2/PythonProjects/PythonRobotics/tests/test_depth_first_search.py: 122.9107711315155s cumulative, 0.25173377990722656s individual


tests/test_mypy_type_check.py project_dir_path='/home/kaiyaok2/PythonProjects/PythonRobotics'
config_path='/home/kaiyaok2/PythonProjects/PythonRobotics/mypy.ini'
F
current test FAILED -- test in /home/kaiyaok2/PythonProjects/PythonRobotics/tests/test_mypy_type_check.py: 125.9384696483612s cumulative, 3.027698516845703s individual


tests/test_rrt_star_seven_joint_arm.py Start /home/kaiyaok2/PythonProjects/PythonRobotics/ArmNavigation/rrt_star_seven_joint_arm_control/rrt_star_seven_joint_arm_control.py
found path!!
.
current test PASSED/SKIPPED -- test1 in /home/kaiyaok2/PythonProjects/PythonRobotics/tests/test_rrt_star_seven_joint_arm.py: 129.8481559753418s cumulative, 3.909686326980591s individual


tests/test_stanley_controller.py .
current test PASSED/SKIPPED -- test1 in /home/kaiyaok2/PythonProjects/PythonRobotics/tests/test_stanley_controller.py: 130.41155290603638s cumulative, 0.5633969306945801s individual


tests/test_codestyle.py []
No lint errors found.
.
current test PASSED/SKIPPED -- test in /home/kaiyaok2/PythonProjects/PythonRobotics/tests/test_codestyle.py: 130.6058566570282s cumulative, 0.1943037509918213s individual


tests/test_model_predictive_speed_and_steer_control.py /home/kaiyaok2/PythonProjects/PythonRobotics/PathTracking/model_predictive_speed_and_steer_control/model_predictive_speed_and_steer_control.py start!!
Iterative is max iter
Iterative is max iter
Iterative is max iter
Iterative is max iter
Iterative is max iter
Iterative is max iter
Iterative is max iter
Iterative is max iter
Iterative is max iter
Iterative is max iter
Iterative is max iter
Iterative is max iter
Iterative is max iter
Iterative is max iter
Iterative is max iter
Iterative is max iter
Iterative is max iter
Iterative is max iter
Iterative is max iter
Goal
.
current test PASSED/SKIPPED -- test_1 in /home/kaiyaok2/PythonProjects/PythonRobotics/tests/test_model_predictive_speed_and_steer_control.py: 389.8804759979248s cumulative, 259.2746193408966s individual

/home/kaiyaok2/PythonProjects/PythonRobotics/PathTracking/model_predictive_speed_and_steer_control/model_predictive_speed_and_steer_control.py start!!
Goal
.
current test PASSED/SKIPPED -- test_2 in /home/kaiyaok2/PythonProjects/PythonRobotics/tests/test_model_predictive_speed_and_steer_control.py: 534.8532152175903s cumulative, 144.97273921966553s individual


tests/test_d_star_lite.py Initializing
New obstacle detected
Path found
.
current test PASSED/SKIPPED -- test_1 in /home/kaiyaok2/PythonProjects/PythonRobotics/tests/test_d_star_lite.py: 569.3275058269501s cumulative, 34.47429060935974s individual


tests/test_voronoi_road_map_planner.py /home/kaiyaok2/PythonProjects/PythonRobotics/PathPlanning/VisibilityRoadMap/visibility_road_map.py start!!
goal is found!
.
current test PASSED/SKIPPED -- test1 in /home/kaiyaok2/PythonProjects/PythonRobotics/tests/test_voronoi_road_map_planner.py: 569.364066362381s cumulative, 0.0365605354309082s individual


tests/test_dynamic_movement_primitives.py .
current test PASSED/SKIPPED -- test_1 in /home/kaiyaok2/PythonProjects/PythonRobotics/tests/test_dynamic_movement_primitives.py: 570.1003692150116s cumulative, 0.7363028526306152s individual

.
current test PASSED/SKIPPED -- test_2 in /home/kaiyaok2/PythonProjects/PythonRobotics/tests/test_dynamic_movement_primitives.py: 570.7025837898254s cumulative, 0.6022145748138428s individual

.
current test PASSED/SKIPPED -- test_3 in /home/kaiyaok2/PythonProjects/PythonRobotics/tests/test_dynamic_movement_primitives.py: 571.0102159976959s cumulative, 0.3076322078704834s individual


tests/test_ekf_slam.py /home/kaiyaok2/PythonProjects/PythonRobotics/SLAM/EKFSLAM/ekf_slam.py start!!
New LM
New LM
New LM
New LM
.
current test PASSED/SKIPPED -- test_1 in /home/kaiyaok2/PythonProjects/PythonRobotics/tests/test_ekf_slam.py: 574.2143414020538s cumulative, 3.20412540435791s individual


tests/test_cgmres_nmpc.py norm(F) = 1.7468521435594937
norm(F) = 13.486917967217192
norm(F) = 5.1689429547073935
norm(F) = 5.8068012672168186
norm(F) = 4.323731389236682
norm(F) = 2.667647798505417
norm(F) = 1.3816244150586185
norm(F) = 0.7101099833758205
norm(F) = 0.47225418279756926
norm(F) = 0.4313119414268208
norm(F) = 0.4678199337176264
norm(F) = 0.48804475619620535
norm(F) = 0.5167410389471669
norm(F) = 0.5685899202340617
norm(F) = 0.5479014679229048
norm(F) = 0.5584152142314647
norm(F) = 0.5622814976801397
norm(F) = 0.5626457164033719
norm(F) = 0.5609777908300737
norm(F) = 0.5561560315739336
norm(F) = 0.5490057377179378
norm(F) = 0.5402973293955461
norm(F) = 0.532165514933328
norm(F) = 0.5251958170943974
norm(F) = 0.5203544267437249
norm(F) = 0.5174572772829453
norm(F) = 0.5164276274557745
norm(F) = 0.5165807320983903
norm(F) = 0.5182190166862976
norm(F) = 0.5214867627062721
norm(F) = 0.5261487838721023
norm(F) = 0.5316526891119581
norm(F) = 0.5360423573181905
norm(F) = 0.5412776044414019
norm(F) = 0.5482114140252163
norm(F) = 0.5533181486088072
norm(F) = 0.558563229915974
norm(F) = 0.5634831334205507
norm(F) = 0.5682105418619733
norm(F) = 0.5729317472244708
norm(F) = 0.5773483189878034
norm(F) = 0.5815816836616806
norm(F) = 0.5855194658332814
norm(F) = 0.5893074290262847
norm(F) = 0.5928807598302985
norm(F) = 0.5961057979973421
norm(F) = 0.599121493962946
norm(F) = 0.6018039981686486
norm(F) = 0.604320332449452
norm(F) = 0.6067712630751816
norm(F) = 0.6089898708785567
norm(F) = 0.6114401728298657
norm(F) = 0.6130896889737184
norm(F) = 0.6148602613550466
norm(F) = 0.6165956444207317
norm(F) = 0.6182198664758135
norm(F) = 0.6197878585239672
norm(F) = 0.6212859651789574
norm(F) = 0.6226942114867796
norm(F) = 0.6239731508401005
norm(F) = 0.6251666098342595
norm(F) = 0.6262949924569381
norm(F) = 0.6274146922126032
norm(F) = 0.6284918409818174
norm(F) = 0.6295986001232599
norm(F) = 0.6306520359428508
norm(F) = 0.6318289034946877
norm(F) = 0.6327946653295444
norm(F) = 0.6339197144790567
norm(F) = 0.6350839622868054
norm(F) = 0.6364856859189016
norm(F) = 0.6382225660093985
norm(F) = 0.6401968910135464
norm(F) = 0.641508909308085
norm(F) = 0.6424083886196209
norm(F) = 0.6432525068034519
norm(F) = 0.6443088395165478
norm(F) = 0.6453928923248571
norm(F) = 0.6465502254839063
norm(F) = 0.6478403393804144
norm(F) = 0.6492291818403118
norm(F) = 0.6506995108492513
norm(F) = 0.6522584319507843
norm(F) = 0.6538480312165673
norm(F) = 0.655485159307943
norm(F) = 0.6572508364849389
norm(F) = 0.6590725142617653
norm(F) = 0.6609465843378807
norm(F) = 0.6629357890430696
norm(F) = 0.6649186961354074
norm(F) = 0.6669461777057448
norm(F) = 0.6690590862752719
norm(F) = 0.6711905074035652
norm(F) = 0.6733406325517894
norm(F) = 0.6755927689794359
norm(F) = 0.6778941693140276
norm(F) = 0.6802905160439437
norm(F) = 0.6827614213422885
norm(F) = 0.6853622163623533
norm(F) = 0.6881522640147837
norm(F) = 0.69143092193505
norm(F) = 0.6954521519430937
norm(F) = 0.6996224509694562
norm(F) = 0.702201647492021
norm(F) = 0.7043476036222256
norm(F) = 0.706461735920285
norm(F) = 0.7085458709564145
norm(F) = 0.710544593578071
norm(F) = 0.7125887457448503
norm(F) = 0.7144950567616409
norm(F) = 0.7163882666341336
norm(F) = 0.7181597371326058
norm(F) = 0.7198651666631007
norm(F) = 0.7214875136262071
norm(F) = 0.723104963680108
norm(F) = 0.7246123421666617
norm(F) = 0.7260205753322704
norm(F) = 0.7273457901249736
norm(F) = 0.728583170403147
norm(F) = 0.7296642308467073
norm(F) = 0.730449586805652
norm(F) = 0.7315168539466335
norm(F) = 0.7327115101755253
norm(F) = 0.7342346253507793
norm(F) = 0.7361373077552545
norm(F) = 0.7374305947407
norm(F) = 0.7375704966974039
norm(F) = 0.7371409089214987
norm(F) = 0.736368218889568
norm(F) = 0.7353656489435444
norm(F) = 0.7344600029218469
norm(F) = 0.7332235020244913
norm(F) = 0.7319066502867468
norm(F) = 0.7304655539124123
norm(F) = 0.7287586477227402
norm(F) = 0.7268937841371472
norm(F) = 0.7248942540532289
norm(F) = 0.7227377764538209
norm(F) = 0.7204638235794228
norm(F) = 0.7180119324890516
norm(F) = 0.7154397645610318
norm(F) = 0.7130247219010921
norm(F) = 0.7107794320878577
norm(F) = 0.7085425114535392
norm(F) = 0.7057659620224335
norm(F) = 0.7023082046207574
norm(F) = 0.6985759665191346
norm(F) = 0.6945267678799528
norm(F) = 0.6903679810916912
norm(F) = 0.6861234798520158
norm(F) = 0.6817390011418415
norm(F) = 0.6772803967664236
norm(F) = 0.6727495868712259
norm(F) = 0.6682134929381601
norm(F) = 0.6633850928482862
norm(F) = 0.6585101155512324
norm(F) = 0.6536072833308961
norm(F) = 0.6488545336512822
norm(F) = 0.6440537127671182
norm(F) = 0.6392151846586621
norm(F) = 0.6346897655193796
norm(F) = 0.6296388602467298
norm(F) = 0.624085505240212
norm(F) = 0.6184563279628131
norm(F) = 0.612675981111953
norm(F) = 0.6065261605599503
norm(F) = 0.6005047957968788
norm(F) = 0.5944686065367579
norm(F) = 0.5882169433233861
norm(F) = 0.5819445906647052
norm(F) = 0.5756456541945099
norm(F) = 0.5694265293262474
norm(F) = 0.5632844689206697
norm(F) = 0.5572984306096302
norm(F) = 0.5514424019716267
norm(F) = 0.5452707061287168
norm(F) = 0.538675344150761
norm(F) = 0.5317821209922629
norm(F) = 0.5247156276438235
norm(F) = 0.5175713723005482
norm(F) = 0.510356826019124
norm(F) = 0.5030467935682189
norm(F) = 0.49567309665699155
norm(F) = 0.4883466608006428
norm(F) = 0.4810076347946754
norm(F) = 0.4737180875585914
norm(F) = 0.4664252772065797
norm(F) = 0.4591299564683587
norm(F) = 0.4515840854596062
norm(F) = 0.4438692531791704
norm(F) = 0.4357612414192294
norm(F) = 0.42729650623340076
norm(F) = 0.41903432535367935
norm(F) = 0.41078685543313825
norm(F) = 0.4028401701325629
norm(F) = 0.3947263778649149
norm(F) = 0.3866942430344391
norm(F) = 0.3790475008854488
norm(F) = 0.3713977928380892
norm(F) = 0.36391596863509984
norm(F) = 0.35631046332106336
norm(F) = 0.3492978941860838
norm(F) = 0.34226731320146897
norm(F) = 0.3354666067253844
norm(F) = 0.32889076268894835
norm(F) = 0.32264584687159203
norm(F) = 0.31614173510841936
norm(F) = 0.31010725187743965
norm(F) = 0.3044133258238894
norm(F) = 0.29846050475288766
norm(F) = 0.29281061902519345
norm(F) = 0.28732035100134046
norm(F) = 0.2819548208493353
norm(F) = 0.27673245123541357
norm(F) = 0.2716432349515094
norm(F) = 0.2665946549847021
norm(F) = 0.26182796467463165
norm(F) = 0.25715277823211385
norm(F) = 0.25260031661247473
norm(F) = 0.24817221297483918
norm(F) = 0.24386516739607367
norm(F) = 0.23965006339429532
norm(F) = 0.23555027193398487
norm(F) = 0.23155483163269203
norm(F) = 0.2276552355291035
norm(F) = 0.22385318573499124
norm(F) = 0.2201435881770377
norm(F) = 0.21652311852026063
norm(F) = 0.21298822379745366
norm(F) = 0.20953348359378363
norm(F) = 0.20615062098046583
norm(F) = 0.20285808910061612
norm(F) = 0.19976567968466968
norm(F) = 0.19654053996859092
norm(F) = 0.19353185703256587
norm(F) = 0.19050063283773158
norm(F) = 0.18753172929850848
norm(F) = 0.18464143095037486
norm(F) = 0.18178778155345993
norm(F) = 0.17899055257284066
norm(F) = 0.17625039694140132
norm(F) = 0.1735659400093647
norm(F) = 0.17093840112642528
norm(F) = 0.16836660323325894
norm(F) = 0.1658485223087432
norm(F) = 0.16338767001639298
norm(F) = 0.16093573630863603
norm(F) = 0.15857298126534572
norm(F) = 0.15625677085229223
norm(F) = 0.15398614832652072
norm(F) = 0.15176473524145856
norm(F) = 0.14959066653578457
norm(F) = 0.14746465094011538
norm(F) = 0.14538576162466052
norm(F) = 0.14335543283684843
norm(F) = 0.14137227598633578
norm(F) = 0.1394390748445934
norm(F) = 0.1375422357130557
norm(F) = 0.1356601682226278
norm(F) = 0.1338883389608758
norm(F) = 0.13215632231326832
norm(F) = 0.1304736401467171
norm(F) = 0.12884581094760822
norm(F) = 0.1272710583711926
norm(F) = 0.12574975954412032
norm(F) = 0.12428200041049381
norm(F) = 0.12286724333655723
norm(F) = 0.1215063594136546
norm(F) = 0.12021065129743586
norm(F) = 0.11901404847218883
norm(F) = 0.1179251398653137
norm(F) = 0.11677781974748809
norm(F) = 0.1157339813244937
norm(F) = 0.11473457261434314
norm(F) = 0.1137930992037012
norm(F) = 0.11291343689963912
norm(F) = 0.11209456145002855
norm(F) = 0.11133524918841395
norm(F) = 0.11063363028194513
norm(F) = 0.11000628144495793
norm(F) = 0.1093948922472035
norm(F) = 0.10888022493151538
norm(F) = 0.10840868318589034
norm(F) = 0.10799580635750933
norm(F) = 0.10763106322346705
norm(F) = 0.10732238754791713
norm(F) = 0.10704023702705188
norm(F) = 0.10679123985652807
norm(F) = 0.10663262441342997
norm(F) = 0.10651164710793298
norm(F) = 0.10643331154949237
norm(F) = 0.10639638645085663
norm(F) = 0.10639831911409352
norm(F) = 0.10643712777678231
norm(F) = 0.10651085150199281
norm(F) = 0.10661764831386701
norm(F) = 0.10675578660241583
norm(F) = 0.10692354460792074
norm(F) = 0.10711897757959873
norm(F) = 0.1073394399547303
norm(F) = 0.1075807500227707
norm(F) = 0.10783793504271856
norm(F) = 0.1081313569224849
norm(F) = 0.1085295537144085
norm(F) = 0.1088413023814872
norm(F) = 0.10927703585617621
norm(F) = 0.10971280450084198
norm(F) = 0.11016901507502894
norm(F) = 0.11064803549040224
norm(F) = 0.11115389836297906
norm(F) = 0.11168934601103767
norm(F) = 0.11225566804729795
norm(F) = 0.11285273626935534
norm(F) = 0.11347954353887808
norm(F) = 0.11413483959985996
norm(F) = 0.11481749411307896
norm(F) = 0.11552652228066382
norm(F) = 0.11626081840308149
norm(F) = 0.11701872469453918
norm(F) = 0.11779774698036606
norm(F) = 0.11859472446871824
norm(F) = 0.11940636173269893
norm(F) = 0.12022973564548371
norm(F) = 0.12106254109706781
norm(F) = 0.12190308984950925
norm(F) = 0.12275016869153817
norm(F) = 0.12360284802625111
norm(F) = 0.12446030033358714
norm(F) = 0.1253216652441841
norm(F) = 0.12618597525165662
norm(F) = 0.12705213452379036
norm(F) = 0.12791893162430834
norm(F) = 0.12878506714599308
norm(F) = 0.12964918329810252
norm(F) = 0.13050988903737695
norm(F) = 0.1313657786285954
norm(F) = 0.13221544387875378
norm(F) = 0.13305748111377474
norm(F) = 0.13389049419792207
norm(F) = 0.13471309483766905
norm(F) = 0.13552390166659087
norm(F) = 0.13632154041136216
norm(F) = 0.13710464949143986
norm(F) = 0.13783368633615956
norm(F) = 0.13864797467394407
norm(F) = 0.13937329644126403
norm(F) = 0.14008770102001836
norm(F) = 0.14078175131851958
norm(F) = 0.14145735483368646
norm(F) = 0.14215877738483157
norm(F) = 0.14274261365099658
norm(F) = 0.14343145792391515
norm(F) = 0.1440287704477787
norm(F) = 0.1445895720020458
norm(F) = 0.14513620811829053
norm(F) = 0.1456618553068369
norm(F) = 0.14616492295895606
norm(F) = 0.14664355133922338
norm(F) = 0.14709633059997493
norm(F) = 0.14752232222140313
norm(F) = 0.14792099166772227
norm(F) = 0.1482920677536382
norm(F) = 0.14863544575641596
norm(F) = 0.14895111925418966
norm(F) = 0.14923914410193276
norm(F) = 0.1494996197537293
norm(F) = 0.14973268165261994
norm(F) = 0.14993849864877262
norm(F) = 0.15011727285397575
norm(F) = 0.15026924017666168
norm(F) = 0.1503946708354093
norm(F) = 0.1504938694045172
norm(F) = 0.15056717418161455
norm(F) = 0.15061495561253582
norm(F) = 0.15060140128671937
norm(F) = 0.15064809529309958
norm(F) = 0.15061984021164665
norm(F) = 0.15057240603766767
norm(F) = 0.15050120040713602
norm(F) = 0.15040770868525222
norm(F) = 0.15029244270088582
norm(F) = 0.15015607670743517
norm(F) = 0.1499992963988843
norm(F) = 0.1498228117904569
norm(F) = 0.14962735460503546
norm(F) = 0.14941367568275107
norm(F) = 0.1491825428793869
norm(F) = 0.14893473842420218
norm(F) = 0.1486710562377794
norm(F) = 0.14839229894675074
norm(F) = 0.14809927474763182
norm(F) = 0.1477927941972023
norm(F) = 0.1474736673393184
norm(F) = 0.14714270197564433
norm(F) = 0.14680070458334013
norm(F) = 0.14644848595621862
norm(F) = 0.146086872830505
norm(F) = 0.14571672251137438
norm(F) = 0.14533893053627467
norm(F) = 0.14495442175143153
norm(F) = 0.14456413302604249
norm(F) = 0.14416901011471045
norm(F) = 0.14377001594507494
norm(F) = 0.14336811263964716
norm(F) = 0.14300346249708845
norm(F) = 0.14257668792609074
norm(F) = 0.14221559441755954
norm(F) = 0.14180530299813413
norm(F) = 0.14140030228689934
norm(F) = 0.14099454516094317
norm(F) = 0.1405959381098529
norm(F) = 0.14019396521377311
norm(F) = 0.13979857670995385
norm(F) = 0.13939960314352962
norm(F) = 0.1390102699417138
norm(F) = 0.13862182582288018
norm(F) = 0.1382440411929368
norm(F) = 0.13786817314365787
norm(F) = 0.13749583685917807
norm(F) = 0.13713035508291152
norm(F) = 0.13677108021443138
norm(F) = 0.1364179497410583
norm(F) = 0.1360778509687266
norm(F) = 0.1357279019051958
norm(F) = 0.13541320721710934
norm(F) = 0.1350713156631383
norm(F) = 0.13477762133688248
norm(F) = 0.1344551650722904
norm(F) = 0.13417496325672168
norm(F) = 0.13387590186522463
norm(F) = 0.1336199852990477
norm(F) = 0.13338035785077684
norm(F) = 0.1331417642172795
norm(F) = 0.13289933736246476
norm(F) = 0.13267216267691845
norm(F) = 0.1324483619383913
norm(F) = 0.1322344688330144
norm(F) = 0.1320310456650581
norm(F) = 0.13183183928171976
norm(F) = 0.13164859979623927
norm(F) = 0.13146540692579836
norm(F) = 0.13129980230049573
norm(F) = 0.13113468528025946
norm(F) = 0.13098397877848472
norm(F) = 0.1308377787028141
norm(F) = 0.1307016420217558
norm(F) = 0.13057261649861956
norm(F) = 0.1304514831737547
norm(F) = 0.1303377205496644
norm(F) = 0.13023112466445144
norm(F) = 0.13013143892265702
norm(F) = 0.13003839716008697
norm(F) = 0.12995173680305463
norm(F) = 0.12987119274454548
norm(F) = 0.12979650074914645
norm(F) = 0.12972739718453805
norm(F) = 0.12966361952629812
norm(F) = 0.1296049066999753
norm(F) = 0.12955099953458127
norm(F) = 0.1295016412492612
norm(F) = 0.12945657795920965
norm(F) = 0.12941555917084605
norm(F) = 0.1293783382479253
norm(F) = 0.12934467283626638
norm(F) = 0.12931432523994418
norm(F) = 0.1292870627460539
norm(F) = 0.12926265789736383
norm(F) = 0.12924088871442987
norm(F) = 0.129221538869514
norm(F) = 0.12920439781571844
norm(F) = 0.1291892608749508
norm(F) = 0.12917592928862556
norm(F) = 0.12916421023486963
norm(F) = 0.12915391681598792
norm(F) = 0.1291448680196454
norm(F) = 0.12913688865696374
norm(F) = 0.12912980928040488
norm(F) = 0.12912346608406267
norm(F) = 0.12911770078828252
norm(F) = 0.1291123605098529
norm(F) = 0.12910729761744066
norm(F) = 0.12910236956914886
norm(F) = 0.1290974387236085
norm(F) = 0.12909237210554755
norm(F) = 0.12908704108733376
norm(F) = 0.1290813209119134
norm(F) = 0.12907508991686367
norm(F) = 0.12906822819940186
norm(F) = 0.1290606152398547
norm(F) = 0.12905212557054344
norm(F) = 0.1290426206935107
norm(F) = 0.1290319335432685
norm(F) = 0.1290198376076919
norm(F) = 0.1290059841001408
norm(F) = 0.12898977890729058
norm(F) = 0.12897033411645809
norm(F) = 0.1289496887091797
norm(F) = 0.12893676563143866
norm(F) = 0.1289235456768495
norm(F) = 0.12890445646584334
norm(F) = 0.12888184037326195
norm(F) = 0.1288570053339766
norm(F) = 0.12883020601269568
norm(F) = 0.12880144296713653
norm(F) = 0.1287707129469059
norm(F) = 0.12873811407795663
norm(F) = 0.128704005156654
norm(F) = 0.12867115416093503
norm(F) = 0.12864602705450662
norm(F) = 0.1286104943270923
norm(F) = 0.12857911832820623
norm(F) = 0.12854419710801285
norm(F) = 0.1285074577473185
norm(F) = 0.12846616684585607
norm(F) = 0.12842301356168706
norm(F) = 0.1283758493749312
norm(F) = 0.12832678729708863
norm(F) = 0.12827451216802263
norm(F) = 0.1282202268658143
norm(F) = 0.12816331788867447
norm(F) = 0.128104367955436
norm(F) = 0.1280431475069928
norm(F) = 0.127979930300448
norm(F) = 0.12791465070918384
norm(F) = 0.1278474442181822
norm(F) = 0.12777830091857087
norm(F) = 0.12770728828474878
norm(F) = 0.1276344043433532
norm(F) = 0.12755967498284967
norm(F) = 0.12748308942170275
norm(F) = 0.1274046479591686
norm(F) = 0.1273243328729862
norm(F) = 0.1272421353362784
norm(F) = 0.12715804153646623
norm(F) = 0.12707205012690653
norm(F) = 0.12698416467756324
norm(F) = 0.12689440641224703
norm(F) = 0.12680280718293999
norm(F) = 0.1267094172861178
norm(F) = 0.12661429168916874
norm(F) = 0.12651749151971103
norm(F) = 0.12641905949943474
norm(F) = 0.12631902755372737
norm(F) = 0.12621739030174658
norm(F) = 0.12611415224136513
norm(F) = 0.1260092793495695
norm(F) = 0.12590281473374446
norm(F) = 0.12579469083702585
norm(F) = 0.1256850735179541
norm(F) = 0.12557369902685145
norm(F) = 0.12546115669886443
norm(F) = 0.1253463811034789
norm(F) = 0.12523181101481048
norm(F) = 0.12511357519292704
norm(F) = 0.1250006770836898
norm(F) = 0.12487821366884072
norm(F) = 0.12476170348231588
norm(F) = 0.12463144101319046
norm(F) = 0.12450726293660441
norm(F) = 0.12441503835066284
norm(F) = 0.12426769546328685
norm(F) = 0.1241265452166156
norm(F) = 0.12399842682952059
norm(F) = 0.12386517097679746
norm(F) = 0.12373458575361984
norm(F) = 0.12359616195528571
norm(F) = 0.12346065277215153
norm(F) = 0.12331945423100023
norm(F) = 0.12317401901793927
norm(F) = 0.12305177575287482
norm(F) = 0.12290964974378749
norm(F) = 0.12276646544251445
norm(F) = 0.12262322628886121
norm(F) = 0.12247759746388762
norm(F) = 0.12233164663103414
norm(F) = 0.12218434640564482
norm(F) = 0.12203625837065786
norm(F) = 0.12188710161529293
norm(F) = 0.12173674823268603
norm(F) = 0.12158561757671943
norm(F) = 0.1214329892754031
norm(F) = 0.12127979623258714
norm(F) = 0.12112489606526732
norm(F) = 0.12096960543741374
norm(F) = 0.12081249852167834
norm(F) = 0.12065514034113733
norm(F) = 0.1204959282287435
norm(F) = 0.12033655638365365
norm(F) = 0.12017534099529736
norm(F) = 0.12001401096734476
norm(F) = 0.11985088486925476
norm(F) = 0.1196876513059063
norm(F) = 0.1195226991914269
norm(F) = 0.1193576178001334
norm(F) = 0.119190918699861
norm(F) = 0.11902404744470849
norm(F) = 0.11885567597264655
norm(F) = 0.11868707543944318
norm(F) = 0.11851710245451516
norm(F) = 0.1183468358079426
norm(F) = 0.11817532881158758
norm(F) = 0.11800346154811664
norm(F) = 0.11783048494326978
norm(F) = 0.11765708448833254
norm(F) = 0.11748269974384179
norm(F) = 0.117307834881235
norm(F) = 0.11713210064166636
norm(F) = 0.11695584076621951
norm(F) = 0.11677881299349703
norm(F) = 0.11660122723965295
norm(F) = 0.11642295954104137
norm(F) = 0.11624411593961251
norm(F) = 0.11606466025200063
norm(F) = 0.1158846251296446
norm(F) = 0.11570403279621078
norm(F) = 0.11552287056422265
norm(F) = 0.1153411935666578
norm(F) = 0.11515896685903224
norm(F) = 0.11497625876706623
norm(F) = 0.11479302873908054
norm(F) = 0.11460934503787405
norm(F) = 0.11442517165204162
norm(F) = 0.1142405694466925
norm(F) = 0.11405551168895292
norm(F) = 0.11387004906388531
norm(F) = 0.1136841651083248
norm(F) = 0.11349790045622095
norm(F) = 0.11331124779564507
norm(F) = 0.11312423929999228
norm(F) = 0.11293687483806715
norm(F) = 0.11274918015047651
norm(F) = 0.1125611602481187
norm(F) = 0.11237283632246468
norm(F) = 0.11218421680258257
norm(F) = 0.11199531982856198
norm(F) = 0.11180615595297203
norm(F) = 0.11161674134151123
norm(F) = 0.11142708777551037
norm(F) = 0.11123721016570871
norm(F) = 0.11104712094197876
norm(F) = 0.11085683421374992
norm(F) = 0.11066636270196015
norm(F) = 0.11047571998778116
norm(F) = 0.11028491887228366
norm(F) = 0.11009397256664416
norm(F) = 0.10990289383226601
norm(F) = 0.1097116955994762
norm(F) = 0.10952039052449189
norm(F) = 0.10932899130618938
norm(F) = 0.10913751046132136
norm(F) = 0.10894596048477677
norm(F) = 0.10875435373708105
norm(F) = 0.10856270252482197
norm(F) = 0.10837101904511509
norm(F) = 0.10817931542572537
norm(F) = 0.10798760369798932
norm(F) = 0.10779589581670371
norm(F) = 0.1076042036468896
norm(F) = 0.10741253897333881
norm(F) = 0.1072209134936417
norm(F) = 0.10702933882198243
norm(F) = 0.10683782648429045
norm(F) = 0.10664638791797974
norm(F) = 0.10645503446658665
norm(F) = 0.1062637773755108
norm(F) = 0.10607262778384667
norm(F) = 0.10588159671497419
norm(F) = 0.10569069506301358
norm(F) = 0.10549993357596174
norm(F) = 0.10530932283339209
norm(F) = 0.10511887321848737
norm(F) = 0.1049556431610653
norm(F) = 0.10475170349044668
norm(F) = 0.10457246243895715
norm(F) = 0.10437218860303207
norm(F) = 0.10419132159187472
norm(F) = 0.1039930062822336
norm(F) = 0.10381079561886769
norm(F) = 0.10361468973831417
norm(F) = 0.10343119328295097
norm(F) = 0.10323733255424439
norm(F) = 0.10305256763099083
norm(F) = 0.10286101231575641
norm(F) = 0.10267500657067748
norm(F) = 0.10248905804523326
norm(F) = 0.10230341423196553
norm(F) = 0.10211578865674537
norm(F) = 0.10192897456848933
norm(F) = 0.10174225759160414
norm(F) = 0.10155589493098133
norm(F) = 0.10136983989264677
norm(F) = 0.10118413807396945
norm(F) = 0.10099878732553898
norm(F) = 0.10081380077628302
norm(F) = 0.10062918132507823
norm(F) = 0.10044493393916402
norm(F) = 0.10026106001202736
norm(F) = 0.10007755991912279
norm(F) = 0.09989443122554632
norm(F) = 0.09971166880491952
norm(F) = 0.09952926360987029
norm(F) = 0.099347201697655
norm(F) = 0.09916546254245893
norm(F) = 0.09898401712576953
norm(F) = 0.09880282597843457
norm(F) = 0.09862183937116496
norm(F) = 0.09844100742137593
norm(F) = 0.09826032833651142
norm(F) = 0.09808002919227651
norm(F) = 0.09790111811342041
norm(F) = 0.09772619561459922
norm(F) = 0.09755701321843488
norm(F) = 0.09738890623479032
norm(F) = 0.09721804710426835
norm(F) = 0.09704500425539148
norm(F) = 0.09687089316360231
norm(F) = 0.09669653681653549
norm(F) = 0.09652239604501137
norm(F) = 0.096348700516682
norm(F) = 0.09617555710046075
norm(F) = 0.09600301702658971
norm(F) = 0.09583110587966871
norm(F) = 0.09565983837119699
norm(F) = 0.09548922407905928
norm(F) = 0.09531927032499207
norm(F) = 0.09514998316543301
norm(F) = 0.0949813679559966
norm(F) = 0.09481342951729042
norm(F) = 0.09464617227320314
norm(F) = 0.09447960030182063
norm(F) = 0.09431371740108621
norm(F) = 0.09414852713122274
norm(F) = 0.09398403286398747
norm(F) = 0.09382023782126829
norm(F) = 0.09365714511259163
norm(F) = 0.09349475776466543
norm(F) = 0.09333307874643446
norm(F) = 0.09317211098731208
norm(F) = 0.0930118573901207
norm(F) = 0.09284482113093208
norm(F) = 0.09275305705717636
norm(F) = 0.09252920369826396
norm(F) = 0.09236609093312569
norm(F) = 0.0922956526249652
norm(F) = 0.09205759573173392
norm(F) = 0.09189803715051731
norm(F) = 0.09182759057501591
norm(F) = 0.0915955669760329
norm(F) = 0.09143852300695413
norm(F) = 0.09137317692328976
norm(F) = 0.09113905140584581
norm(F) = 0.09098470671018195
norm(F) = 0.09092061146216984
norm(F) = 0.09068983128727193
norm(F) = 0.09053805815134491
norm(F) = 0.09047647635333178
norm(F) = 0.0902470768438724
norm(F) = 0.09009782413629941
norm(F) = 0.09003754313944645
norm(F) = 0.08981119729396426
norm(F) = 0.08966452304806084
norm(F) = 0.0896055623767252
norm(F) = 0.08938203603588979
norm(F) = 0.08923797156607097
norm(F) = 0.08917972356833843
norm(F) = 0.08895967997797993
norm(F) = 0.08881837296972277
norm(F) = 0.08876049917173866
norm(F) = 0.08854409629904908
norm(F) = 0.08840570042124664
norm(F) = 0.08834770443124017
norm(F) = 0.08813529549460916
norm(F) = 0.08800004017565179
norm(F) = 0.08794148800108402
norm(F) = 0.08773326651047124
norm(F) = 0.08760138988074297
norm(F) = 0.08754183072079577
norm(F) = 0.08733800814145193
norm(F) = 0.08720977399215399
norm(F) = 0.08714880829168989
norm(F) = 0.08694952055542353
norm(F) = 0.0868251737520875
norm(F) = 0.08676245496737484
norm(F) = 0.08656780787258654
norm(F) = 0.08644757358099987
norm(F) = 0.08638283294094617
norm(F) = 0.08619287715644983
norm(F) = 0.08607693709425805
norm(F) = 0.08600998902055791
norm(F) = 0.0858247342763763
norm(F) = 0.08571323090802345
norm(F) = 0.0856439697135606
norm(F) = 0.0854633835381295
norm(F) = 0.08535641594461935
norm(F) = 0.08528480539613946
norm(F) = 0.08510882383993226
norm(F) = 0.08500645937736853
norm(F) = 0.08493251329152936
norm(F) = 0.08476104951227431
norm(F) = 0.08466332845796348
norm(F) = 0.08458709425187858
norm(F) = 0.08442004842064191
norm(F) = 0.08432699486452343
norm(F) = 0.08424853534463976
norm(F) = 0.08408580359274316
norm(F) = 0.08399742899932379
norm(F) = 0.08391681213296286
norm(F) = 0.08375829235646003
norm(F) = 0.08367460144454958
norm(F) = 0.08359189097779504
norm(F) = 0.08343748784897087
norm(F) = 0.08335847881752041
norm(F) = 0.08327373206725835
norm(F) = 0.08312335838299074
norm(F) = 0.08304902488184825
norm(F) = 0.08296229041515148
norm(F) = 0.08281586857663423
norm(F) = 0.08274619802146883
norm(F) = 0.0826575181376795
norm(F) = 0.08251497875130681
norm(F) = 0.08244995251632155
norm(F) = 0.08235936438255224
norm(F) = 0.08222064577466635
norm(F) = 0.08216023708445035
norm(F) = 0.0820677769239873
norm(F) = 0.0819328224793497
norm(F) = 0.08187699625831334
norm(F) = 0.08178270151012454
norm(F) = 0.08171575500514348
norm(F) = 0.0815912594604679
norm(F) = 0.08146809840116563
norm(F) = 0.08141884124405417
norm(F) = 0.08132158801850119
norm(F) = 0.08126326343109895
norm(F) = 0.08113800334262489
norm(F) = 0.08109014552337757
norm(F) = 0.08095825061803656
norm(F) = 0.08091750779055096
norm(F) = 0.08078252978201989
norm(F) = 0.08074642716934732
norm(F) = 0.08061036225780174
norm(F) = 0.08057726173813647
norm(F) = 0.08044111452760873
norm(F) = 0.08041145032519748
norm(F) = 0.0802746565970619
norm(F) = 0.08024909677781715
norm(F) = 0.08011115631349941
norm(F) = 0.08008962869545579
norm(F) = 0.0799504820766285
norm(F) = 0.07993303786013888
norm(F) = 0.07979261978381694
norm(F) = 0.079779233822912
norm(F) = 0.07963753634444548
norm(F) = 0.07962832958275681
norm(F) = 0.0794853191752547
norm(F) = 0.07948008514426036
norm(F) = 0.07933597263310016
norm(F) = 0.07933452774240106
norm(F) = 0.07918958535822486
norm(F) = 0.0791911769506807
norm(F) = 0.07904597530952646
norm(F) = 0.0790502383577254
norm(F) = 0.07890512095417972
norm(F) = 0.07891116638722064
norm(F) = 0.07876667246274191
norm(F) = 0.07877474146617464
norm(F) = 0.07863083180772104
norm(F) = 0.07863994795410013
norm(F) = 0.07849709056067854
norm(F) = 0.07850873954583044
norm(F) = 0.07836633105590113
norm(F) = 0.07837776772459837
norm(F) = 0.07823686855682797
norm(F) = 0.07825505695672885
norm(F) = 0.07811263330692633
norm(F) = 0.07812838866349528
norm(F) = 0.077988168599207
norm(F) = 0.07800884847128817
norm(F) = 0.07786698580860171
norm(F) = 0.07788645906162318
norm(F) = 0.07774711653455836
norm(F) = 0.07776995123748896
norm(F) = 0.07763115882353076
norm(F) = 0.07765425799865534
norm(F) = 0.07751640629599078
norm(F) = 0.07754372383220204
norm(F) = 0.07740426892959562
norm(F) = 0.07743115414734901
norm(F) = 0.07729368425084433
norm(F) = 0.07732258196232283
norm(F) = 0.07718639551762001
norm(F) = 0.07721680182042209
norm(F) = 0.0770809048381688
norm(F) = 0.07711369033625123
norm(F) = 0.07697716436992436
norm(F) = 0.07701036625159836
norm(F) = 0.07687563437026144
norm(F) = 0.07690937124217166
norm(F) = 0.07677664651880158
norm(F) = 0.07681352644960969
norm(F) = 0.07668009043003068
norm(F) = 0.07671723244905286
norm(F) = 0.07658446358691182
norm(F) = 0.07662258019823906
norm(F) = 0.07649173788047241
norm(F) = 0.07652923021139407
norm(F) = 0.07640062666640446
norm(F) = 0.07644074585696804
norm(F) = 0.07631156135676447
norm(F) = 0.07635273882320505
norm(F) = 0.07622475846544598
norm(F) = 0.07626564283667912
norm(F) = 0.07613914019150042
norm(F) = 0.07618242878080607
norm(F) = 0.07605640339773362
norm(F) = 0.07609828803434052
norm(F) = 0.07597401407508564
norm(F) = 0.07601920896681441
norm(F) = 0.07589531281633359
norm(F) = 0.07593862475344666
norm(F) = 0.07581658789484838
norm(F) = 0.07586243057831818
norm(F) = 0.07574037855196468
norm(F) = 0.0757858965756746
norm(F) = 0.07566606252705481
norm(F) = 0.07571448567238304
norm(F) = 0.07559332341469069
norm(F) = 0.07563834937793205
norm(F) = 0.07551941681569507
norm(F) = 0.07557483946176555
norm(F) = 0.07545715102351111
norm(F) = 0.0755023743859687
norm(F) = 0.07538672724009773
norm(F) = 0.07543000891210591
norm(F) = 0.07531753302146418
norm(F) = 0.07536369966614198
norm(F) = 0.07525157169922801
norm(F) = 0.07530672439939624
norm(F) = 0.07518969851251389
norm(F) = 0.0752426427809283
norm(F) = 0.0751264553439914
norm(F) = 0.07518142873185954
norm(F) = 0.0750673806003447
norm(F) = 0.07512154470374566
norm(F) = 0.07500777388206548
norm(F) = 0.0750565736914447
norm(F) = 0.0749478863761997
norm(F) = 0.07501009099416661
norm(F) = 0.07490518539561723
norm(F) = 0.07486171018245048
norm(F) = 0.0748515188215221
norm(F) = 0.07484909486303842
norm(F) = 0.07480063382308932
norm(F) = 0.07480029995351524
norm(F) = 0.0747462993732444
norm(F) = 0.07473477549096977
norm(F) = 0.07469834867233113
norm(F) = 0.07467931994433502
norm(F) = 0.07464714384917513
norm(F) = 0.07463800719611849
norm(F) = 0.07459882796443768
norm(F) = 0.07459308935686752
norm(F) = 0.07455272010515525
norm(F) = 0.07453621165222461
norm(F) = 0.07450717104301205
norm(F) = 0.07450117871056823
norm(F) = 0.07446192703413933
norm(F) = 0.07445445215679926
norm(F) = 0.07442468169080566
norm(F) = 0.07440264054940708
norm(F) = 0.0743763724195079
norm(F) = 0.07437229090047663
norm(F) = 0.07433515800126628
norm(F) = 0.0743389426884248
norm(F) = 0.07429834273014717
norm(F) = 0.07428393723153526
norm(F) = 0.07425710204957603
norm(F) = 0.07421960506034135
norm(F) = 0.0741744685367328
norm(F) = 0.07420828950944698
norm(F) = 0.07418962551203627
norm(F) = 0.07417519053040907
norm(F) = 0.0741524317640373
norm(F) = 0.07413507143703087
norm(F) = 0.07411298483787099
norm(F) = 0.0740787821022409
norm(F) = 0.07408571424946205
norm(F) = 0.07406634768661413
norm(F) = 0.07404950149321732
norm(F) = 0.07401432500414865
norm(F) = 0.07401487036665023
norm(F) = 0.07396045062475076
norm(F) = 0.07398723496331347
norm(F) = 0.07398285737244814
norm(F) = 0.07395836926001953
norm(F) = 0.0739507358322956
norm(F) = 0.07395422195844709
norm(F) = 0.07390924833880266
norm(F) = 0.07390538395350763
norm(F) = 0.07389263654473398
norm(F) = 0.07387469505067026
norm(F) = 0.07386378585868401
norm(F) = 0.07384443858922296
norm(F) = 0.0738443557904943
norm(F) = 0.07381807196829979
norm(F) = 0.0738141874615298
norm(F) = 0.07379175048062585
norm(F) = 0.07376183240177576
norm(F) = 0.07377640310560507
norm(F) = 0.07376235281103577
norm(F) = 0.07374955517513734
norm(F) = 0.07376452206559576
norm(F) = 0.07372705184835353
norm(F) = 0.07372763886578328
norm(F) = 0.07369804438128175
norm(F) = 0.07371895544505667
norm(F) = 0.07368400966851396
norm(F) = 0.0736341333398837
norm(F) = 0.07366563920215236
norm(F) = 0.07366807147029204
norm(F) = 0.07364640303788969
norm(F) = 0.07363614470291344
norm(F) = 0.07361945164537421
norm(F) = 0.07360061478774943
norm(F) = 0.07361043068078392
norm(F) = 0.07359626903044354
norm(F) = 0.07358067694300152
norm(F) = 0.07357928241040156
norm(F) = 0.07357337638626983
norm(F) = 0.07356601283983509
norm(F) = 0.07355231200045759
norm(F) = 0.07355104275753722
norm(F) = 0.07353215642307258
norm(F) = 0.07354740630013627
norm(F) = 0.07352051443930728
norm(F) = 0.0735239089734293
norm(F) = 0.07350269409232942
norm(F) = 0.07350926445671842
norm(F) = 0.0734860082384363
norm(F) = 0.07348833996334768
norm(F) = 0.07349180845961781
norm(F) = 0.07347086348741169
norm(F) = 0.07347682265924513
norm(F) = 0.07345322610357127
norm(F) = 0.07347272674012133
norm(F) = 0.07344022005224678
norm(F) = 0.07344958671811797
norm(F) = 0.07343204416044588
norm(F) = 0.07342743488345989
norm(F) = 0.07342194397124838
norm(F) = 0.0734133124551729
norm(F) = 0.07340757041888708
norm(F) = 0.07343435388907905
norm(F) = 0.07339786290885841
norm(F) = 0.0733599430186896
norm(F) = 0.07338839856710834
norm(F) = 0.07338568471420796
norm(F) = 0.07337884552367781
norm(F) = 0.07340791722202426
norm(F) = 0.07336734739428184
norm(F) = 0.07335213215123679
norm(F) = 0.07336049494500615
norm(F) = 0.07339446411222163
norm(F) = 0.07335108085344885
norm(F) = 0.07332128487830128
norm(F) = 0.07334236979838754
norm(F) = 0.07333416348182589
norm(F) = 0.0733268363235789
norm(F) = 0.07334957652784298
norm(F) = 0.07332068672233012
norm(F) = 0.07333297271436168
norm(F) = 0.07330744948178379
norm(F) = 0.07329034700215298
norm(F) = 0.07330705532374515
norm(F) = 0.07329776591379421
norm(F) = 0.07330584784426275
norm(F) = 0.07327440722366763
norm(F) = 0.07329752357752836
norm(F) = 0.07330350108418558
norm(F) = 0.0732919295157287
norm(F) = 0.07327625804804566
norm(F) = 0.07328534683144337
norm(F) = 0.07327234983287347
norm(F) = 0.07326998027866799
norm(F) = 0.07329100099665092
norm(F) = 0.07326848899759754
norm(F) = 0.07323484202166146
norm(F) = 0.07326612466205004
norm(F) = 0.0732763497824426
norm(F) = 0.07325539156933109
norm(F) = 0.07321688774757262
norm(F) = 0.0732572797869896
norm(F) = 0.07323803347279124
norm(F) = 0.07325461745979855
norm(F) = 0.07324965222562273
norm(F) = 0.07324027505763579
norm(F) = 0.07326358195279216
norm(F) = 0.07324068181295836
norm(F) = 0.07320046463878664
norm(F) = 0.07323804430342985
norm(F) = 0.07323586102888605
norm(F) = 0.07324052703468344
norm(F) = 0.07322649962459181
norm(F) = 0.07323581340605105
norm(F) = 0.0732256092228812
norm(F) = 0.07322409544783127
norm(F) = 0.07325880048493921
norm(F) = 0.07322360481609012
norm(F) = 0.07322804298649742
norm(F) = 0.07322356383686845
norm(F) = 0.07322569448817293
norm(F) = 0.07321473913382541
norm(F) = 0.07321401983636044
norm(F) = 0.07321590161546089
norm(F) = 0.07328882968425104
norm(F) = 0.07322140937944295
norm(F) = 0.07324118373029127
norm(F) = 0.07321379563497471
norm(F) = 0.07322568025523056
norm(F) = 0.07322184696584313
norm(F) = 0.07320417733204798
norm(F) = 0.073208791644483
norm(F) = 0.07319250579435267
norm(F) = 0.07320733824488354
norm(F) = 0.07321909050759402
norm(F) = 0.07320748186378521
norm(F) = 0.07320820335047996
norm(F) = 0.0732003870229101
norm(F) = 0.07320884482321037
norm(F) = 0.073205824274607
norm(F) = 0.0731902819725507
norm(F) = 0.07319554142866132
norm(F) = 0.07318806433970548
norm(F) = 0.07319496954894206
norm(F) = 0.073208490727093
norm(F) = 0.0732053409875786
norm(F) = 0.07319459854028257
norm(F) = 0.07320764480617593
norm(F) = 0.0731564883419982
norm(F) = 0.07320529374924027
norm(F) = 0.07320430016812127
norm(F) = 0.07319560333365752
norm(F) = 0.07326010869534726
norm(F) = 0.07319732404793855
norm(F) = 0.07319921606278261
norm(F) = 0.07319220593535748
norm(F) = 0.073232206712702
norm(F) = 0.07319303009105195
norm(F) = 0.07322443911446472
norm(F) = 0.07319490515668409
norm(F) = 0.07317160154231216
norm(F) = 0.07320402835172564
norm(F) = 0.07319166135577039
norm(F) = 0.07320332324295163
norm(F) = 0.07318850570381534
norm(F) = 0.07322557652809547
norm(F) = 0.07319427446163358
norm(F) = 0.07319735757588519
norm(F) = 0.07320708147624178
norm(F) = 0.07319596736473569
norm(F) = 0.07320706397657929
norm(F) = 0.07319283165543133
norm(F) = 0.07319622184085876
norm(F) = 0.07319721293416759
norm(F) = 0.07320361578214239
norm(F) = 0.07321008480536405
norm(F) = 0.073191163294236
norm(F) = 0.07320031433638013
norm(F) = 0.07319565743451265
norm(F) = 0.07318468569989627
norm(F) = 0.07320059726706092
norm(F) = 0.07321915658663311
norm(F) = 0.07320285254210533
norm(F) = 0.0731979645384803
norm(F) = 0.07320132771789065
norm(F) = 0.0731978195145284
norm(F) = 0.07320181685069098
norm(F) = 0.07322286436762025
norm(F) = 0.0732028047658249
norm(F) = 0.0731892164981687
norm(F) = 0.07319731947600933
norm(F) = 0.07318867993373823
norm(F) = 0.07324438009888712
norm(F) = 0.07320007096156622
norm(F) = 0.07317552468597278
norm(F) = 0.07320370195830762
norm(F) = 0.07318922404178119
norm(F) = 0.07320212984080654
norm(F) = 0.07322858062635902
norm(F) = 0.07320903308473413
norm(F) = 0.0731985522419456
norm(F) = 0.07320515811880486
norm(F) = 0.073242634259216
norm(F) = 0.07320814472148675
norm(F) = 0.0731685383556245
norm(F) = 0.07320428676848878
norm(F) = 0.07318856450785594
norm(F) = 0.07320438615951909
norm(F) = 0.07319386375223633
norm(F) = 0.0732061547558744
norm(F) = 0.07324902588394493
norm(F) = 0.07321462252838047
norm(F) = 0.07319639947688836
norm(F) = 0.07320657255614893
norm(F) = 0.07319598913451875
norm(F) = 0.07326686959170169
norm(F) = 0.07320921489165075
norm(F) = 0.07320072392568118
norm(F) = 0.07321031009912314
norm(F) = 0.07320451163570864
norm(F) = 0.07318391100815486
norm(F) = 0.07321339671322699
norm(F) = 0.0731990161298471
norm(F) = 0.07321299285490021
norm(F) = 0.07318053542960706
norm(F) = 0.0732206442327493
norm(F) = 0.07319322201066776
norm(F) = 0.07322151486486841
norm(F) = 0.07319138901034061
norm(F) = 0.07321383026294011
norm(F) = 0.07324122697699428
norm(F) = 0.07322302837082303
norm(F) = 0.07319920880444336
norm(F) = 0.07321486785080493
norm(F) = 0.07320368176534052
norm(F) = 0.07324841106731668
norm(F) = 0.07321256973219899
norm(F) = 0.07321165052950554
norm(F) = 0.07326784976081696
norm(F) = 0.07321513883305833
norm(F) = 0.07320846494802394
norm(F) = 0.07320147705465668
norm(F) = 0.07322306517575532
norm(F) = 0.073206788993791
norm(F) = 0.0732849197583466
norm(F) = 0.07322865259780066
norm(F) = 0.0732130272828625
norm(F) = 0.07320677666172917
norm(F) = 0.07321692390918912
norm(F) = 0.07321066526937654
norm(F) = 0.07329756798886221
norm(F) = 0.07322591502192863
norm(F) = 0.07321153437595326
norm(F) = 0.07322493522899978
norm(F) = 0.07325120992617548
norm(F) = 0.07321382859040891
norm(F) = 0.07325927160329664
norm(F) = 0.073223572200832
norm(F) = 0.07321143817839243
norm(F) = 0.07320270012771204
norm(F) = 0.07322187048768657
norm(F) = 0.07320588366860793
norm(F) = 0.0732119303712147
norm(F) = 0.07322948463979798
norm(F) = 0.07320188215465691
norm(F) = 0.07326184906645043
norm(F) = 0.07323960677957435
norm(F) = 0.07321388612906882
norm(F) = 0.07325488515939982
norm(F) = 0.07320897288767025
norm(F) = 0.07323886299376818
norm(F) = 0.07322468692268327
norm(F) = 0.07324900386173466
norm(F) = 0.07322744090087568
norm(F) = 0.073224282375818
norm(F) = 0.07323172950884621
norm(F) = 0.0731815619535848
norm(F) = 0.07321190503558003
norm(F) = 0.07328397826207335
norm(F) = 0.07321824044299731
norm(F) = 0.0732744744803369
norm(F) = 0.0732856868203527
norm(F) = 0.07320805943865864
norm(F) = 0.07327222308228856
norm(F) = 0.07325559478350938
norm(F) = 0.07322350256160622
norm(F) = 0.07322458568419338
norm(F) = 0.07323509167840146
norm(F) = 0.0732338654215755
norm(F) = 0.07324210469283754
norm(F) = 0.0732254315464681
norm(F) = 0.07324907329878359
norm(F) = 0.0732150202779433
norm(F) = 0.07322640486134663
norm(F) = 0.07323829061280442
norm(F) = 0.07321930814846264
norm(F) = 0.0732539877020258
norm(F) = 0.07320669208078703
norm(F) = 0.07325043852408936
norm(F) = 0.07320356366159705
norm(F) = 0.07325490500257109
norm(F) = 0.0732010659942558
norm(F) = 0.07326247658946329
norm(F) = 0.07324180283342212
norm(F) = 0.07322235831767232
norm(F) = 0.07325545186853491
norm(F) = 0.07322757439643376
norm(F) = 0.07329109091471236
norm(F) = 0.07322387680682933
norm(F) = 0.0732215354328935
norm(F) = 0.07324472804530534
norm(F) = 0.07324174650201637
norm(F) = 0.07321367124043181
norm(F) = 0.07324330387176615
norm(F) = 0.07325239976439109
norm(F) = 0.07318380443712377
norm(F) = 0.07323001757136835
norm(F) = 0.07326103160309215
norm(F) = 0.07324226990995596
norm(F) = 0.07325989368587678
norm(F) = 0.07322893896797579
norm(F) = 0.07323419013070984
norm(F) = 0.07324070397762766
norm(F) = 0.07323258637053978
norm(F) = 0.07324145484615682
norm(F) = 0.07322581558831817
norm(F) = 0.07323688657685413
norm(F) = 0.07327554762758544
norm(F) = 0.07324028971105075
norm(F) = 0.07322772683881495
norm(F) = 0.07320336787075396
norm(F) = 0.07323791572397992
norm(F) = 0.07321544823321062
norm(F) = 0.07324983053434814
norm(F) = 0.07321021450804416
norm(F) = 0.07327165388638272
norm(F) = 0.07324293996225503
norm(F) = 0.07322109111686421
norm(F) = 0.07322134589827842
norm(F) = 0.07327671723165001
norm(F) = 0.07318741693917656
norm(F) = 0.07323485395486391
norm(F) = 0.07329616119396476
norm(F) = 0.07323327030097973
norm(F) = 0.07323339114504655
norm(F) = 0.07322449898446777
norm(F) = 0.07324702906149921
norm(F) = 0.07328469133389597
norm(F) = 0.07321469930709067
norm(F) = 0.0732483899404637
norm(F) = 0.07324605971782863
norm(F) = 0.07327136599389905
norm(F) = 0.07322959846439295
norm(F) = 0.07324090233546467
norm(F) = 0.07322775806045698
norm(F) = 0.0732557341716382
norm(F) = 0.07323762126221343
norm(F) = 0.07320175255947563
norm(F) = 0.07324901384304683
norm(F) = 0.07322557722466651
norm(F) = 0.07325199112683786
norm(F) = 0.07322347727793188
norm(F) = 0.07324208638865808
norm(F) = 0.0732291552090814
norm(F) = 0.07326241759348243
norm(F) = 0.07324254276516648
norm(F) = 0.07326664833335948
norm(F) = 0.0732480479340667
norm(F) = 0.07323183188340716
norm(F) = 0.07322898930782712
norm(F) = 0.07332450402790483
norm(F) = 0.07324273752919286
norm(F) = 0.07323114286147972
norm(F) = 0.0732002595598096
norm(F) = 0.07324201529435628
norm(F) = 0.07322893373584044
norm(F) = 0.07323400244500594
norm(F) = 0.07321091415088886
norm(F) = 0.07323198924412733
norm(F) = 0.07319478176433583
norm(F) = 0.07326069967805526
norm(F) = 0.07323101780654451
norm(F) = 0.07322110272763988
norm(F) = 0.07324419290520118
norm(F) = 0.07323917129449387
norm(F) = 0.07323284942291902
norm(F) = 0.07321410897897081
norm(F) = 0.07324346134604955
norm(F) = 0.07322629423613972
norm(F) = 0.07323775934073018
norm(F) = 0.07318516674722556
norm(F) = 0.07324661992311286
norm(F) = 0.07319146264512962
norm(F) = 0.07323312587906242
norm(F) = 0.073234121551365
norm(F) = 0.07323153613090895
norm(F) = 0.07323983692299664
norm(F) = 0.07324237138454485
norm(F) = 0.07324699841394497
norm(F) = 0.07322700731552671
norm(F) = 0.07323517061023233
norm(F) = 0.0732260112414506
norm(F) = 0.07328659993946124
norm(F) = 0.07323821117930923
norm(F) = 0.07322756706640621
norm(F) = 0.07324580134969208
norm(F) = 0.0732226821821586
norm(F) = 0.07327424572820909
norm(F) = 0.07323418655467964
norm(F) = 0.07323089916500955
norm(F) = 0.07323788849595593
norm(F) = 0.07323284963199622
norm(F) = 0.07328059871235142
norm(F) = 0.07325564950695834
norm(F) = 0.07323615358381609
norm(F) = 0.07322869099558012
norm(F) = 0.07322998083006285
norm(F) = 0.07323084677793
norm(F) = 0.07323686024316789
norm(F) = 0.07321966616159264
norm(F) = 0.07321593878223295
norm(F) = 0.07326609181772539
norm(F) = 0.07325470838330345
norm(F) = 0.07324094949462
norm(F) = 0.07324437356505847
norm(F) = 0.07321093846801216
norm(F) = 0.07321162751918459
norm(F) = 0.07324570810827685
norm(F) = 0.0732261674439806
norm(F) = 0.0732871173837521
norm(F) = 0.07319907186804472
norm(F) = 0.07323606940502231
norm(F) = 0.07324736700423085
norm(F) = 0.07326518158173977
norm(F) = 0.07322887883824657
norm(F) = 0.07322170056724187
norm(F) = 0.07321450892462407
norm(F) = 0.07325892815596684
norm(F) = 0.07317642127696378
norm(F) = 0.07322381720022415
norm(F) = 0.07321450489220975
norm(F) = 0.07323616850653492
norm(F) = 0.07325964785051219
norm(F) = 0.07323163172856643
norm(F) = 0.07322146116438732
norm(F) = 0.07322679668377607
norm(F) = 0.07322549058600585
norm(F) = 0.07322463842804645
norm(F) = 0.07323694172458436
norm(F) = 0.07317346614972389
norm(F) = 0.07324717698250653
norm(F) = 0.07320991179681702
norm(F) = 0.07325431509214102
norm(F) = 0.07322222115706788
norm(F) = 0.07324108457394064
norm(F) = 0.07319658294536908
norm(F) = 0.07323437340691395
norm(F) = 0.07319398191810249
norm(F) = 0.0732151067687452
norm(F) = 0.07321181648639583
norm(F) = 0.07322033602388586
norm(F) = 0.07325632538258381
norm(F) = 0.07319860684696057
norm(F) = 0.07321752313602772
norm(F) = 0.07322826889779915
norm(F) = 0.07325235586643873
norm(F) = 0.07319788451021965
norm(F) = 0.0732078426789745
norm(F) = 0.07323642686258064
norm(F) = 0.07327557017934375
norm(F) = 0.07324282628495017
norm(F) = 0.07323973808228972
norm(F) = 0.07324450325822911
norm(F) = 0.07319796387368999
norm(F) = 0.07323870875107666
norm(F) = 0.07318521138097205
norm(F) = 0.07325800406412984
norm(F) = 0.07319828238028711
norm(F) = 0.07323832485501088
norm(F) = 0.07323676614052614
norm(F) = 0.07323802927170227
norm(F) = 0.07319204003723963
norm(F) = 0.07323601301304691
norm(F) = 0.07319607359882094
norm(F) = 0.07326491343454042
norm(F) = 0.07317627351758078
norm(F) = 0.07322772936360908
norm(F) = 0.0731957625727373
norm(F) = 0.07319763719763164
norm(F) = 0.07322756879456357
norm(F) = 0.07319469218269409
norm(F) = 0.07321463437909198
norm(F) = 0.07322000886942369
norm(F) = 0.0732320565374725
norm(F) = 0.0732141528018975
norm(F) = 0.0732704228106318
norm(F) = 0.07322779818070763
norm(F) = 0.07320332753431931
norm(F) = 0.07322732430081183
norm(F) = 0.07321059012973521
norm(F) = 0.07322652507594639
norm(F) = 0.07321001599655841
norm(F) = 0.0732024617068782
norm(F) = 0.07323040653577234
norm(F) = 0.07321070001760975
norm(F) = 0.0732094665710671
norm(F) = 0.07322107425783628
norm(F) = 0.0732261964031555
norm(F) = 0.07321553957893978
.
current test PASSED/SKIPPED -- test1 in /home/kaiyaok2/PythonProjects/PythonRobotics/tests/test_cgmres_nmpc.py: 602.2133076190948s cumulative, 27.998966217041016s individual


tests/test_normal_vector_estimation.py center=array([0.33333333, 0.66666667, 0.33333333])
normal_vector=array([0.        , 0.70710678, 0.70710678])
.
current test PASSED/SKIPPED -- test_1 in /home/kaiyaok2/PythonProjects/PythonRobotics/tests/test_normal_vector_estimation.py: 602.2217705249786s cumulative, 0.008462905883789062s individual

points_3d.shape=(100, 3)
Iter:0, inlier_ratio=0.64
Iter:1, inlier_ratio=0.2
Iter:2, inlier_ratio=0.55
Iter:3, inlier_ratio=0.26
Iter:4, inlier_ratio=0.36
Iter:5, inlier_ratio=0.63
Iter:6, inlier_ratio=0.25
Iter:7, inlier_ratio=0.19
Iter:8, inlier_ratio=0.58
Iter:9, inlier_ratio=0.62
Iter:10, inlier_ratio=0.47
Iter:11, inlier_ratio=0.29
Iter:12, inlier_ratio=0.22
Iter:13, inlier_ratio=0.4
Iter:14, inlier_ratio=0.36
Iter:15, inlier_ratio=0.5
Iter:16, inlier_ratio=0.2
Iter:17, inlier_ratio=0.16
Iter:18, inlier_ratio=0.48
Iter:19, inlier_ratio=0.62
Iter:20, inlier_ratio=0.12
Iter:21, inlier_ratio=0.53
Iter:22, inlier_ratio=0.19
Iter:23, inlier_ratio=0.62
Iter:24, inlier_ratio=0.18
Iter:25, inlier_ratio=0.2
Iter:26, inlier_ratio=0.18
Iter:27, inlier_ratio=0.12
Iter:28, inlier_ratio=0.14
Iter:29, inlier_ratio=0.63
Iter:30, inlier_ratio=0.2
Iter:31, inlier_ratio=0.4
Iter:32, inlier_ratio=0.2
Iter:33, inlier_ratio=0.13
Iter:34, inlier_ratio=0.2
Iter:35, inlier_ratio=0.43
Iter:36, inlier_ratio=0.38
Iter:37, inlier_ratio=0.6
Iter:38, inlier_ratio=0.62
Iter:39, inlier_ratio=0.45
Iter:40, inlier_ratio=0.25
Iter:41, inlier_ratio=0.4
Iter:42, inlier_ratio=0.6
Iter:43, inlier_ratio=0.33
Iter:44, inlier_ratio=0.27
Iter:45, inlier_ratio=0.38
Iter:46, inlier_ratio=0.41
Iter:47, inlier_ratio=0.4
Iter:48, inlier_ratio=0.59
Iter:49, inlier_ratio=0.64
Iter:50, inlier_ratio=0.42
Iter:51, inlier_ratio=0.55
Iter:52, inlier_ratio=0.28
Iter:53, inlier_ratio=0.11
Iter:54, inlier_ratio=0.14
Iter:55, inlier_ratio=0.25
Iter:56, inlier_ratio=0.59
Iter:57, inlier_ratio=0.46
Iter:58, inlier_ratio=0.31
Iter:59, inlier_ratio=0.23
Iter:60, inlier_ratio=0.32
Iter:61, inlier_ratio=0.55
Iter:62, inlier_ratio=0.59
Iter:63, inlier_ratio=0.46
Iter:64, inlier_ratio=0.24
Iter:65, inlier_ratio=0.25
Iter:66, inlier_ratio=0.55
Iter:67, inlier_ratio=0.11
Iter:68, inlier_ratio=0.42
Iter:69, inlier_ratio=0.57
Iter:70, inlier_ratio=0.4
Iter:71, inlier_ratio=0.21
Iter:72, inlier_ratio=0.12
Iter:73, inlier_ratio=0.53
Iter:74, inlier_ratio=0.25
Iter:75, inlier_ratio=0.3
Iter:76, inlier_ratio=0.19
Iter:77, inlier_ratio=0.6
Iter:78, inlier_ratio=0.31
Iter:79, inlier_ratio=0.25
Iter:80, inlier_ratio=0.2
Iter:81, inlier_ratio=0.48
Iter:82, inlier_ratio=0.19
Iter:83, inlier_ratio=0.12
Iter:84, inlier_ratio=0.14
Iter:85, inlier_ratio=0.21
Iter:86, inlier_ratio=0.22
Iter:87, inlier_ratio=0.26
Iter:88, inlier_ratio=0.43
Iter:89, inlier_ratio=0.12
Iter:90, inlier_ratio=0.52
Iter:91, inlier_ratio=0.46
Iter:92, inlier_ratio=0.49
Iter:93, inlier_ratio=0.35
Iter:94, inlier_ratio=0.48
Iter:95, inlier_ratio=0.56
Iter:96, inlier_ratio=0.15
Iter:97, inlier_ratio=0.59
Iter:98, inlier_ratio=0.36
Iter:99, inlier_ratio=0.58
Iter:100, inlier_ratio=0.34
Iter:101, inlier_ratio=0.26
Iter:102, inlier_ratio=0.54
Iter:103, inlier_ratio=0.19
Iter:104, inlier_ratio=0.6
Iter:105, inlier_ratio=0.54
Iter:106, inlier_ratio=0.26
Iter:107, inlier_ratio=0.25
Iter:108, inlier_ratio=0.5
Iter:109, inlier_ratio=0.29
Iter:110, inlier_ratio=0.56
Iter:111, inlier_ratio=0.27
Iter:112, inlier_ratio=0.22
Iter:113, inlier_ratio=0.62
Iter:114, inlier_ratio=0.22
Iter:115, inlier_ratio=0.12
Iter:116, inlier_ratio=0.23
Iter:117, inlier_ratio=0.31
Iter:118, inlier_ratio=0.63
Iter:119, inlier_ratio=0.25
Iter:120, inlier_ratio=0.58
Iter:121, inlier_ratio=0.44
Iter:122, inlier_ratio=0.21
Iter:123, inlier_ratio=0.55
Iter:124, inlier_ratio=0.12
Iter:125, inlier_ratio=0.17
Iter:126, inlier_ratio=0.36
Iter:127, inlier_ratio=0.15
Iter:128, inlier_ratio=0.14
Iter:129, inlier_ratio=0.11
Iter:130, inlier_ratio=0.31
Iter:131, inlier_ratio=0.11
Iter:132, inlier_ratio=0.24
Iter:133, inlier_ratio=0.15
Iter:134, inlier_ratio=0.33
Iter:135, inlier_ratio=0.59
Iter:136, inlier_ratio=0.45
Iter:137, inlier_ratio=0.22
Iter:138, inlier_ratio=0.34
Iter:139, inlier_ratio=0.28
Iter:140, inlier_ratio=0.59
Iter:141, inlier_ratio=0.35
Iter:142, inlier_ratio=0.15
Iter:143, inlier_ratio=0.18
Iter:144, inlier_ratio=0.45
Iter:145, inlier_ratio=0.52
Iter:146, inlier_ratio=0.13
Iter:147, inlier_ratio=0.43
Iter:148, inlier_ratio=0.55
Iter:149, inlier_ratio=0.56
Iter:150, inlier_ratio=0.29
Iter:151, inlier_ratio=0.44
Iter:152, inlier_ratio=0.4
Iter:153, inlier_ratio=0.51
Iter:154, inlier_ratio=0.58
Iter:155, inlier_ratio=0.18
Iter:156, inlier_ratio=0.26
Iter:157, inlier_ratio=0.11
Iter:158, inlier_ratio=0.5
Iter:159, inlier_ratio=0.31
Iter:160, inlier_ratio=0.24
Iter:161, inlier_ratio=0.34
Iter:162, inlier_ratio=0.62
Iter:163, inlier_ratio=0.56
Iter:164, inlier_ratio=0.52
Iter:165, inlier_ratio=0.34
Iter:166, inlier_ratio=0.17
Iter:167, inlier_ratio=0.44
Failed to estimate normal vector
.
current test PASSED/SKIPPED -- test_2 in /home/kaiyaok2/PythonProjects/PythonRobotics/tests/test_normal_vector_estimation.py: 606.1953368186951s cumulative, 3.9735662937164307s individual


tests/test_bug.py .
current test PASSED/SKIPPED -- test_1 in /home/kaiyaok2/PythonProjects/PythonRobotics/tests/test_bug.py: 651.4942083358765s cumulative, 45.2988715171814s individual


tests/test_a_star_variants.py 