test_select_screen in /home/kaiyaok2/PythonProjects/memray/tests/unit/test_tree_reporter.py: 119.53313255310059
test_basic_node_selected_leaf in /home/kaiyaok2/PythonProjects/memray/tests/unit/test_tree_reporter.py: 130.10647010803223
test_allocations_of_different_size_classes in /home/kaiyaok2/PythonProjects/memray/tests/unit/test_tree_reporter.py: 142.646390914917
test_live_tracking in /home/kaiyaok2/PythonProjects/memray/tests/integration/test_main.py: 206.57252144813538
test_show_uninteresting in /home/kaiyaok2/PythonProjects/memray/tests/unit/test_tree_reporter.py: 475.8677484989166
test_show_uninteresting_and_hide_import_system in /home/kaiyaok2/PythonProjects/memray/tests/unit/test_tree_reporter.py: 490.869019985199
test_biggest_allocations in /home/kaiyaok2/PythonProjects/memray/tests/unit/test_tree_reporter.py: 531.2375450134277
test_get_is_active_after_context in /home/kaiyaok2/PythonProjects/memray/tests/integration/test_socket.py: 990.9031989574432
test_nested_context_is_diallowed in /home/kaiyaok2/PythonProjects/memray/tests/integration/test_socket.py: 990.9364957809448
test_run_with_live in /home/kaiyaok2/PythonProjects/memray/tests/unit/test_cli.py: 1112.0563626289368
test_reading_allocations_while_reading_stack_traces in /home/kaiyaok2/PythonProjects/memray/tests/integration/test_socket.py: 1197.988710641861
test_hide_import_system in /home/kaiyaok2/PythonProjects/memray/tests/unit/test_tree_reporter.py: 1249.1059927940369
test_live_client_exits_properly_on_sigint_before_connecting in /home/kaiyaok2/PythonProjects/memray/tests/integration/test_main.py: 1300.8213968276978
test_get_current_snapshot_raises_before_context in /home/kaiyaok2/PythonProjects/memray/tests/integration/test_socket.py: 1446.4972522258759
test_live_tracking_server_when_client_disconnects in /home/kaiyaok2/PythonProjects/memray/tests/integration/test_main.py: 1463.5570254325867
test_two_chains_after_expanding_second in /home/kaiyaok2/PythonProjects/memray/tests/unit/test_tree_reporter.py: 1563.841014623642
test_multiple_context_entries_does_not_crash in /home/kaiyaok2/PythonProjects/memray/tests/integration/test_socket.py: 1573.819699048996
test_two_chains in /home/kaiyaok2/PythonProjects/memray/tests/unit/test_tree_reporter.py: 1700.8347578048706
test_parser_accepts_single_argument in /home/kaiyaok2/PythonProjects/memray/tests/unit/test_cli.py: 2005.100993156433
test_basic_node_selected_not_leaf in /home/kaiyaok2/PythonProjects/memray/tests/unit/test_tree_reporter.py: 2054.341637611389
test_run_with_live_and_trace_python_allocators in /home/kaiyaok2/PythonProjects/memray/tests/unit/test_cli.py: 2062.9409358501434
test_basic in /home/kaiyaok2/PythonProjects/memray/tests/unit/test_tree_reporter.py: 2074.8606593608856
test_single_allocation_snapshot in /home/kaiyaok2/PythonProjects/memray/tests/integration/test_socket.py: 2255.163640499115
test_command_line in /home/kaiyaok2/PythonProjects/memray/tests/integration/test_socket.py: 2255.324940919876
test_multi_allocation_snapshot in /home/kaiyaok2/PythonProjects/memray/tests/integration/test_socket.py: 2255.4900357723236
test_empty_snapshot_after_free in /home/kaiyaok2/PythonProjects/memray/tests/integration/test_socket.py: 2255.682592391968
test_get_current_snapshot_raises_after_context in /home/kaiyaok2/PythonProjects/memray/tests/integration/test_socket.py: 2255.7274606227875
test_get_current_snapshot_first_yield_after_context_raises in /home/kaiyaok2/PythonProjects/memray/tests/integration/test_socket.py: 2255.7798879146576
