test_tui_basic in /home/kaiyaok2/PythonProjects/memray/tests/unit/test_tui_reporter.py: 4.665356636047363
test_one_point_bigger_than_max_after_resize in /home/kaiyaok2/PythonProjects/memray/tests/unit/test_tui_reporter.py: 4.73098611831665
test_tui_gradient in /home/kaiyaok2/PythonProjects/memray/tests/unit/test_tui_reporter.py: 5.807245969772339
test_tui_pause in /home/kaiyaok2/PythonProjects/memray/tests/unit/test_tui_reporter.py: 7.608559608459473
test_size_of_graph in /home/kaiyaok2/PythonProjects/memray/tests/unit/test_tui_reporter.py: 7.72251033782959
test_one_point_bigger_than_max in /home/kaiyaok2/PythonProjects/memray/tests/unit/test_tui_reporter.py: 7.826820611953735
test_multiple_points_with_resize in /home/kaiyaok2/PythonProjects/memray/tests/unit/test_tui_reporter.py: 7.964954614639282
test_tui_basic in /home/kaiyaok2/PythonProjects/memray/tests/unit/test_tui_reporter.py: 12.024627447128296
test_multiple_points in /home/kaiyaok2/PythonProjects/memray/tests/unit/test_tui_reporter.py: 12.077756881713867
test_one_point_lower_than_max in /home/kaiyaok2/PythonProjects/memray/tests/unit/test_tui_reporter.py: 12.116581201553345
test_tui_basic in /home/kaiyaok2/PythonProjects/memray/tests/unit/test_tui_reporter.py: 12.891438245773315
test_tui_pause in /home/kaiyaok2/PythonProjects/memray/tests/unit/test_tui_reporter.py: 14.275602102279663
test_empty in /home/kaiyaok2/PythonProjects/memray/tests/unit/test_tui_reporter.py: 14.346457719802856
test_tui_pause in /home/kaiyaok2/PythonProjects/memray/tests/unit/test_tui_reporter.py: 16.915642023086548
test_get_current_snapshot_first_yield_after_context_raises in /home/kaiyaok2/PythonProjects/memray/tests/integration/test_socket.py: 36.648600816726685
test_get_current_snapshot_raises_after_context in /home/kaiyaok2/PythonProjects/memray/tests/integration/test_socket.py: 36.651867151260376
test_nested_context_is_diallowed in /home/kaiyaok2/PythonProjects/memray/tests/integration/test_socket.py: 36.655089378356934
test_get_is_active_after_context in /home/kaiyaok2/PythonProjects/memray/tests/integration/test_socket.py: 36.65772366523743
test_get_current_snapshot_raises_before_context in /home/kaiyaok2/PythonProjects/memray/tests/integration/test_socket.py: 36.66029405593872
test_command_line in /home/kaiyaok2/PythonProjects/memray/tests/integration/test_socket.py: 36.66337990760803
test_multi_allocation_snapshot in /home/kaiyaok2/PythonProjects/memray/tests/integration/test_socket.py: 36.66711068153381
test_reading_allocations_while_reading_stack_traces in /home/kaiyaok2/PythonProjects/memray/tests/integration/test_socket.py: 36.67366003990173
test_multiple_context_entries_does_not_crash in /home/kaiyaok2/PythonProjects/memray/tests/integration/test_socket.py: 36.67721748352051
test_single_allocation_snapshot in /home/kaiyaok2/PythonProjects/memray/tests/integration/test_socket.py: 36.68092751502991
test_empty_snapshot_after_free in /home/kaiyaok2/PythonProjects/memray/tests/integration/test_socket.py: 36.68412113189697
test_tree_generated in /home/kaiyaok2/PythonProjects/memray/tests/integration/test_main.py: 62.53985595703125
test_very_deep_call_is_limited in /home/kaiyaok2/PythonProjects/memray/tests/unit/test_tree_reporter.py: 62.620460510253906
test_works_with_single_call in /home/kaiyaok2/PythonProjects/memray/tests/unit/test_tree_reporter.py: 62.659743547439575
test_biggest_allocations in /home/kaiyaok2/PythonProjects/memray/tests/unit/test_tree_reporter.py: 62.71798086166382
test_works_with_multiple_stacks_from_same_caller_two_frames_above in /home/kaiyaok2/PythonProjects/memray/tests/unit/test_tree_reporter.py: 62.78874349594116
test_works_with_multiple_top_level_nodes in /home/kaiyaok2/PythonProjects/memray/tests/unit/test_tree_reporter.py: 62.86511468887329
test_works_with_multiple_stacks_from_same_caller in /home/kaiyaok2/PythonProjects/memray/tests/unit/test_tree_reporter.py: 62.9346981048584
test_uses_hybrid_stack_for_native_traces in /home/kaiyaok2/PythonProjects/memray/tests/unit/test_tree_reporter.py: 63.00684952735901
test_works_with_merged_threads in /home/kaiyaok2/PythonProjects/memray/tests/unit/test_tree_reporter.py: 63.082804441452026
test_drops_cpython_frames in /home/kaiyaok2/PythonProjects/memray/tests/unit/test_tree_reporter.py: 63.18538761138916
test_works_with_no_allocations in /home/kaiyaok2/PythonProjects/memray/tests/unit/test_tree_reporter.py: 63.341601610183716
test_works_with_split_threads in /home/kaiyaok2/PythonProjects/memray/tests/unit/test_tree_reporter.py: 63.48244595527649
test_works_with_recursive_calls in /home/kaiyaok2/PythonProjects/memray/tests/unit/test_tree_reporter.py: 63.60359168052673
test_two_lines in /home/kaiyaok2/PythonProjects/memray/tests/unit/test_tree_reporter.py: 63.696624755859375
test_single_node in /home/kaiyaok2/PythonProjects/memray/tests/unit/test_tree_reporter.py: 63.83449959754944
test_collapse_line in /home/kaiyaok2/PythonProjects/memray/tests/unit/test_tree_reporter.py: 63.9663941860199
test_no_lines in /home/kaiyaok2/PythonProjects/memray/tests/unit/test_tree_reporter.py: 64.09444522857666
test_many_nodes in /home/kaiyaok2/PythonProjects/memray/tests/unit/test_tree_reporter.py: 64.21646690368652
test_root_is_not_collapsed in /home/kaiyaok2/PythonProjects/memray/tests/unit/test_tree_reporter.py: 64.33741617202759
test_collapse_line_with_branching_root in /home/kaiyaok2/PythonProjects/memray/tests/unit/test_tree_reporter.py: 64.46915555000305
test_render_multiple_allocations_in_same_branch in /home/kaiyaok2/PythonProjects/memray/tests/unit/test_tree_reporter.py: 65.40111923217773
test_render_one_allocation in /home/kaiyaok2/PythonProjects/memray/tests/unit/test_tree_reporter.py: 65.86598587036133
test_render_multiple_allocations_with_no_single_childs in /home/kaiyaok2/PythonProjects/memray/tests/unit/test_tree_reporter.py: 66.35526871681213
test_render_multiple_allocations_in_diferent_branches in /home/kaiyaok2/PythonProjects/memray/tests/unit/test_tree_reporter.py: 66.7114610671997
test_render_long_chain_with_branch_at_the_end in /home/kaiyaok2/PythonProjects/memray/tests/unit/test_tree_reporter.py: 67.04444003105164
test_render_long_chain in /home/kaiyaok2/PythonProjects/memray/tests/unit/test_tree_reporter.py: 69.49546432495117
test_render_no_data in /home/kaiyaok2/PythonProjects/memray/tests/unit/test_tree_reporter.py: 69.87573027610779
test_parser_accepts_single_argument in /home/kaiyaok2/PythonProjects/memray/tests/unit/test_cli.py: 149.63086915016174
test_run_with_live_and_trace_python_allocators in /home/kaiyaok2/PythonProjects/memray/tests/unit/test_cli.py: 150.6171154975891
test_run_with_live in /home/kaiyaok2/PythonProjects/memray/tests/unit/test_cli.py: 151.284024477005
test_live_tracking_server_when_client_disconnects in /home/kaiyaok2/PythonProjects/memray/tests/integration/test_main.py: 639.1006338596344
test_live_client_exits_properly_on_sigint_before_connecting in /home/kaiyaok2/PythonProjects/memray/tests/integration/test_main.py: 644.676275730133
test_live_tracking in /home/kaiyaok2/PythonProjects/memray/tests/integration/test_main.py: 647.1758618354797
