test_header_allocator in /home/kaiyaok2/PythonProjects/memray/tests/integration/test_tracking.py: 225.195317029953
test_tracking_with_SIGKILL in /home/kaiyaok2/PythonProjects/memray/tests/integration/test_tracking.py: 560.5991156101227
test_unsupported_operations_on_aggregated_capture in /home/kaiyaok2/PythonProjects/memray/tests/integration/test_tracking.py: 576.5092115402222
test_run_with_live_and_trace_python_allocators in /home/kaiyaok2/PythonProjects/memray/tests/unit/test_cli.py: 1741.7272896766663
test_run_with_live in /home/kaiyaok2/PythonProjects/memray/tests/unit/test_cli.py: 1763.8267228603363
test_importing_greenlet_after_tracking_starts in /home/kaiyaok2/PythonProjects/memray/tests/integration/test_greenlet.py: 1799.5800187587738
test_integration_with_greenlet in /home/kaiyaok2/PythonProjects/memray/tests/integration/test_greenlet.py: 1828.6751613616943
test_basic in /home/kaiyaok2/PythonProjects/memray/tests/unit/test_tree_reporter.py: 1862.892273902893
test_allocations_of_different_sizes in /home/kaiyaok2/PythonProjects/memray/tests/unit/test_tree_reporter.py: 1910.6334598064423
test_show_uninteresting_and_hide_import_system in /home/kaiyaok2/PythonProjects/memray/tests/unit/test_tree_reporter.py: 1962.4800686836243
test_show_uninteresting in /home/kaiyaok2/PythonProjects/memray/tests/unit/test_tree_reporter.py: 1991.8542234897614
test_hide_import_system in /home/kaiyaok2/PythonProjects/memray/tests/unit/test_tree_reporter.py: 2085.7233142852783
test_two_chains in /home/kaiyaok2/PythonProjects/memray/tests/unit/test_tree_reporter.py: 2155.796877145767
test_biggest_allocations in /home/kaiyaok2/PythonProjects/memray/tests/unit/test_tree_reporter.py: 2275.1018574237823
test_live_tracking_server_when_client_disconnects in /home/kaiyaok2/PythonProjects/memray/tests/integration/test_main.py: 2998.625352859497
test_live_client_exits_properly_on_sigint_before_connecting in /home/kaiyaok2/PythonProjects/memray/tests/integration/test_main.py: 3010.803223133087
test_live_tracking in /home/kaiyaok2/PythonProjects/memray/tests/integration/test_main.py: 3022.4667644500732
test_multiple_context_entries_does_not_crash in /home/kaiyaok2/PythonProjects/memray/tests/integration/test_socket.py: 3060.887401342392
test_empty_snapshot_after_free in /home/kaiyaok2/PythonProjects/memray/tests/integration/test_socket.py: 3060.906625509262
test_multi_allocation_snapshot in /home/kaiyaok2/PythonProjects/memray/tests/integration/test_socket.py: 3060.924949645996
test_reading_allocations_while_reading_stack_traces in /home/kaiyaok2/PythonProjects/memray/tests/integration/test_socket.py: 3060.954516172409
test_single_allocation_snapshot in /home/kaiyaok2/PythonProjects/memray/tests/integration/test_socket.py: 3060.9759497642517
test_command_line in /home/kaiyaok2/PythonProjects/memray/tests/integration/test_socket.py: 3060.9998099803925
test_get_current_snapshot_first_yield_after_context_raises in /home/kaiyaok2/PythonProjects/memray/tests/integration/test_socket.py: 3061.0214414596558
test_get_is_active_after_context in /home/kaiyaok2/PythonProjects/memray/tests/integration/test_socket.py: 3061.0439772605896
test_get_current_snapshot_raises_after_context in /home/kaiyaok2/PythonProjects/memray/tests/integration/test_socket.py: 3061.0648765563965
test_nested_context_is_diallowed in /home/kaiyaok2/PythonProjects/memray/tests/integration/test_socket.py: 3061.0849947929382
test_get_current_snapshot_raises_before_context in /home/kaiyaok2/PythonProjects/memray/tests/integration/test_socket.py: 3061.1011188030243
