test_run_with_live_and_trace_python_allocators in /home/kaiyaok2/PythonProjects/memray/tests/unit/test_cli.py: 18.088899850845337
test_run_with_live in /home/kaiyaok2/PythonProjects/memray/tests/unit/test_cli.py: 19.139097690582275
test_tree_generated in /home/kaiyaok2/PythonProjects/memray/tests/integration/test_main.py: 49.33047962188721
test_tui_basic in /home/kaiyaok2/PythonProjects/memray/tests/unit/test_tui_reporter.py: 92.72379493713379
test_render_no_data in /home/kaiyaok2/PythonProjects/memray/tests/unit/test_tree_reporter.py: 104.46687531471252
test_render_multiple_allocations_with_no_single_childs in /home/kaiyaok2/PythonProjects/memray/tests/unit/test_tree_reporter.py: 105.11451768875122
test_works_with_multiple_top_level_nodes in /home/kaiyaok2/PythonProjects/memray/tests/unit/test_tree_reporter.py: 169.28661346435547
test_works_with_merged_threads in /home/kaiyaok2/PythonProjects/memray/tests/unit/test_tree_reporter.py: 169.46778440475464
test_works_with_multiple_stacks_from_same_caller_two_frames_above in /home/kaiyaok2/PythonProjects/memray/tests/unit/test_tree_reporter.py: 169.63411283493042
test_works_with_single_call in /home/kaiyaok2/PythonProjects/memray/tests/unit/test_tree_reporter.py: 169.72597861289978
test_works_with_recursive_calls in /home/kaiyaok2/PythonProjects/memray/tests/unit/test_tree_reporter.py: 169.8031303882599
test_biggest_allocations in /home/kaiyaok2/PythonProjects/memray/tests/unit/test_tree_reporter.py: 169.89082431793213
test_works_with_no_allocations in /home/kaiyaok2/PythonProjects/memray/tests/unit/test_tree_reporter.py: 169.95548272132874
test_works_with_multiple_stacks_from_same_caller in /home/kaiyaok2/PythonProjects/memray/tests/unit/test_tree_reporter.py: 170.06979084014893
test_uses_hybrid_stack_for_native_traces in /home/kaiyaok2/PythonProjects/memray/tests/unit/test_tree_reporter.py: 170.19350838661194
test_works_with_split_threads in /home/kaiyaok2/PythonProjects/memray/tests/unit/test_tree_reporter.py: 170.3312211036682
test_drops_cpython_frames in /home/kaiyaok2/PythonProjects/memray/tests/unit/test_tree_reporter.py: 170.44871735572815
test_two_lines in /home/kaiyaok2/PythonProjects/memray/tests/unit/test_tree_reporter.py: 170.5981307029724
test_collapse_line_with_branching_root in /home/kaiyaok2/PythonProjects/memray/tests/unit/test_tree_reporter.py: 170.74636483192444
test_collapse_line in /home/kaiyaok2/PythonProjects/memray/tests/unit/test_tree_reporter.py: 170.9067885875702
test_many_nodes in /home/kaiyaok2/PythonProjects/memray/tests/unit/test_tree_reporter.py: 171.09766483306885
test_no_lines in /home/kaiyaok2/PythonProjects/memray/tests/unit/test_tree_reporter.py: 171.38348245620728
test_root_is_not_collapsed in /home/kaiyaok2/PythonProjects/memray/tests/unit/test_tree_reporter.py: 171.53687977790833
test_single_node in /home/kaiyaok2/PythonProjects/memray/tests/unit/test_tree_reporter.py: 171.6542387008667
test_multiple_context_entries_does_not_crash in /home/kaiyaok2/PythonProjects/memray/tests/integration/test_socket.py: 206.7970826625824
test_render_multiple_allocations_in_diferent_branches in /home/kaiyaok2/PythonProjects/memray/tests/unit/test_tree_reporter.py: 283.00653314590454
test_render_long_chain in /home/kaiyaok2/PythonProjects/memray/tests/unit/test_tree_reporter.py: 284.5543487071991
test_parser_accepts_single_argument in /home/kaiyaok2/PythonProjects/memray/tests/unit/test_cli.py: 441.54552721977234
test_very_deep_call_is_limited in /home/kaiyaok2/PythonProjects/memray/tests/unit/test_tree_reporter.py: 506.52705359458923
test_live_client_exits_properly_on_sigint_before_connecting in /home/kaiyaok2/PythonProjects/memray/tests/integration/test_main.py: 538.822991847992
test_tui_basic in /home/kaiyaok2/PythonProjects/memray/tests/unit/test_tui_reporter.py: 563.2469198703766
test_tui_gradient in /home/kaiyaok2/PythonProjects/memray/tests/unit/test_tui_reporter.py: 568.738242149353
test_tui_pause in /home/kaiyaok2/PythonProjects/memray/tests/unit/test_tui_reporter.py: 574.9528772830963
test_tui_pause in /home/kaiyaok2/PythonProjects/memray/tests/unit/test_tui_reporter.py: 580.624477148056
test_tui_pause in /home/kaiyaok2/PythonProjects/memray/tests/unit/test_tui_reporter.py: 601.0414619445801
test_get_current_snapshot_raises_before_context in /home/kaiyaok2/PythonProjects/memray/tests/integration/test_socket.py: 665.1677491664886
test_render_multiple_allocations_in_same_branch in /home/kaiyaok2/PythonProjects/memray/tests/unit/test_tree_reporter.py: 716.6807794570923
test_render_long_chain_with_branch_at_the_end in /home/kaiyaok2/PythonProjects/memray/tests/unit/test_tree_reporter.py: 724.0796580314636
test_get_is_active_after_context in /home/kaiyaok2/PythonProjects/memray/tests/integration/test_socket.py: 745.1955997943878
test_nested_context_is_diallowed in /home/kaiyaok2/PythonProjects/memray/tests/integration/test_socket.py: 745.2230577468872
test_live_tracking in /home/kaiyaok2/PythonProjects/memray/tests/integration/test_main.py: 869.8113689422607
test_render_one_allocation in /home/kaiyaok2/PythonProjects/memray/tests/unit/test_tree_reporter.py: 969.7003462314606
test_tui_basic in /home/kaiyaok2/PythonProjects/memray/tests/unit/test_tui_reporter.py: 1056.4602587223053
test_reading_allocations_while_reading_stack_traces in /home/kaiyaok2/PythonProjects/memray/tests/integration/test_socket.py: 1077.9339480400085
test_live_tracking_server_when_client_disconnects in /home/kaiyaok2/PythonProjects/memray/tests/integration/test_main.py: 1102.5197713375092
test_get_current_snapshot_raises_after_context in /home/kaiyaok2/PythonProjects/memray/tests/integration/test_socket.py: 1126.302706003189
test_get_current_snapshot_first_yield_after_context_raises in /home/kaiyaok2/PythonProjects/memray/tests/integration/test_socket.py: 1126.357584953308
test_single_allocation_snapshot in /home/kaiyaok2/PythonProjects/memray/tests/integration/test_socket.py: 1126.4096221923828
test_empty_snapshot_after_free in /home/kaiyaok2/PythonProjects/memray/tests/integration/test_socket.py: 1126.4640574455261
test_command_line in /home/kaiyaok2/PythonProjects/memray/tests/integration/test_socket.py: 1126.4972319602966
test_multi_allocation_snapshot in /home/kaiyaok2/PythonProjects/memray/tests/integration/test_socket.py: 1126.5305171012878
