test_render_long_chain in /home/kaiyaok2/PythonProjects/memray/tests/unit/test_tree_reporter.py: 51.10921287536621
test_render_multiple_allocations_in_diferent_branches in /home/kaiyaok2/PythonProjects/memray/tests/unit/test_tree_reporter.py: 51.521387577056885
test_tui_basic in /home/kaiyaok2/PythonProjects/memray/tests/unit/test_tui_reporter.py: 63.43748927116394
test_run_with_live in /home/kaiyaok2/PythonProjects/memray/tests/unit/test_cli.py: 76.37936401367188
test_nested_context_is_diallowed in /home/kaiyaok2/PythonProjects/memray/tests/integration/test_socket.py: 76.71703553199768
test_get_is_active_after_context in /home/kaiyaok2/PythonProjects/memray/tests/integration/test_socket.py: 76.72281432151794
test_render_multiple_allocations_in_same_branch in /home/kaiyaok2/PythonProjects/memray/tests/unit/test_tree_reporter.py: 137.06807494163513
test_parser_accepts_single_argument in /home/kaiyaok2/PythonProjects/memray/tests/unit/test_cli.py: 155.8909788131714
test_live_client_exits_properly_on_sigint_before_connecting in /home/kaiyaok2/PythonProjects/memray/tests/integration/test_main.py: 196.37416577339172
test_multiple_context_entries_does_not_crash in /home/kaiyaok2/PythonProjects/memray/tests/integration/test_socket.py: 225.71940803527832
test_biggest_allocations in /home/kaiyaok2/PythonProjects/memray/tests/unit/test_tree_reporter.py: 225.94975233078003
test_collapse_line_with_branching_root in /home/kaiyaok2/PythonProjects/memray/tests/unit/test_tree_reporter.py: 232.64824604988098
test_two_lines in /home/kaiyaok2/PythonProjects/memray/tests/unit/test_tree_reporter.py: 232.9387767314911
test_many_nodes in /home/kaiyaok2/PythonProjects/memray/tests/unit/test_tree_reporter.py: 233.26242876052856
test_no_lines in /home/kaiyaok2/PythonProjects/memray/tests/unit/test_tree_reporter.py: 233.67346620559692
test_single_node in /home/kaiyaok2/PythonProjects/memray/tests/unit/test_tree_reporter.py: 234.01463913917542
test_collapse_line in /home/kaiyaok2/PythonProjects/memray/tests/unit/test_tree_reporter.py: 234.35877108573914
test_root_is_not_collapsed in /home/kaiyaok2/PythonProjects/memray/tests/unit/test_tree_reporter.py: 234.57430124282837
test_works_with_multiple_stacks_from_same_caller_two_frames_above in /home/kaiyaok2/PythonProjects/memray/tests/unit/test_tree_reporter.py: 234.79552912712097
test_works_with_multiple_stacks_from_same_caller in /home/kaiyaok2/PythonProjects/memray/tests/unit/test_tree_reporter.py: 235.0157504081726
test_works_with_merged_threads in /home/kaiyaok2/PythonProjects/memray/tests/unit/test_tree_reporter.py: 235.2519862651825
test_uses_hybrid_stack_for_native_traces in /home/kaiyaok2/PythonProjects/memray/tests/unit/test_tree_reporter.py: 235.54620623588562
test_works_with_single_call in /home/kaiyaok2/PythonProjects/memray/tests/unit/test_tree_reporter.py: 235.77303957939148
test_works_with_recursive_calls in /home/kaiyaok2/PythonProjects/memray/tests/unit/test_tree_reporter.py: 236.0246024131775
test_drops_cpython_frames in /home/kaiyaok2/PythonProjects/memray/tests/unit/test_tree_reporter.py: 236.23260974884033
test_works_with_multiple_top_level_nodes in /home/kaiyaok2/PythonProjects/memray/tests/unit/test_tree_reporter.py: 236.4577898979187
test_works_with_split_threads in /home/kaiyaok2/PythonProjects/memray/tests/unit/test_tree_reporter.py: 236.6429476737976
test_works_with_no_allocations in /home/kaiyaok2/PythonProjects/memray/tests/unit/test_tree_reporter.py: 236.81974530220032
test_render_long_chain_with_branch_at_the_end in /home/kaiyaok2/PythonProjects/memray/tests/unit/test_tree_reporter.py: 272.9577224254608
test_empty_snapshot_after_free in /home/kaiyaok2/PythonProjects/memray/tests/integration/test_socket.py: 364.87798523902893
test_command_line in /home/kaiyaok2/PythonProjects/memray/tests/integration/test_socket.py: 364.90218210220337
test_multi_allocation_snapshot in /home/kaiyaok2/PythonProjects/memray/tests/integration/test_socket.py: 364.9332013130188
test_single_allocation_snapshot in /home/kaiyaok2/PythonProjects/memray/tests/integration/test_socket.py: 364.9607756137848
test_get_current_snapshot_raises_after_context in /home/kaiyaok2/PythonProjects/memray/tests/integration/test_socket.py: 364.9858205318451
test_get_current_snapshot_first_yield_after_context_raises in /home/kaiyaok2/PythonProjects/memray/tests/integration/test_socket.py: 365.0155065059662
test_get_current_snapshot_raises_before_context in /home/kaiyaok2/PythonProjects/memray/tests/integration/test_socket.py: 371.6570448875427
test_run_with_live_and_trace_python_allocators in /home/kaiyaok2/PythonProjects/memray/tests/unit/test_cli.py: 383.5856885910034
test_very_deep_call_is_limited in /home/kaiyaok2/PythonProjects/memray/tests/unit/test_tree_reporter.py: 384.0989465713501
test_live_tracking_server_when_client_disconnects in /home/kaiyaok2/PythonProjects/memray/tests/integration/test_main.py: 402.7316906452179
test_render_no_data in /home/kaiyaok2/PythonProjects/memray/tests/unit/test_tree_reporter.py: 439.96171474456787
test_tui_pause in /home/kaiyaok2/PythonProjects/memray/tests/unit/test_tui_reporter.py: 538.2050552368164
test_tree_generated in /home/kaiyaok2/PythonProjects/memray/tests/integration/test_main.py: 577.1477174758911
test_render_one_allocation in /home/kaiyaok2/PythonProjects/memray/tests/unit/test_tree_reporter.py: 629.2997341156006
test_tui_basic in /home/kaiyaok2/PythonProjects/memray/tests/unit/test_tui_reporter.py: 657.3985872268677
test_tui_basic in /home/kaiyaok2/PythonProjects/memray/tests/unit/test_tui_reporter.py: 700.496600151062
test_live_tracking in /home/kaiyaok2/PythonProjects/memray/tests/integration/test_main.py: 705.2582113742828
test_tui_pause in /home/kaiyaok2/PythonProjects/memray/tests/unit/test_tui_reporter.py: 761.6709592342377
test_tui_pause in /home/kaiyaok2/PythonProjects/memray/tests/unit/test_tui_reporter.py: 772.7605464458466
test_tui_gradient in /home/kaiyaok2/PythonProjects/memray/tests/unit/test_tui_reporter.py: 845.3950757980347
test_reading_allocations_while_reading_stack_traces in /home/kaiyaok2/PythonProjects/memray/tests/integration/test_socket.py: 941.2295923233032
test_render_multiple_allocations_with_no_single_childs in /home/kaiyaok2/PythonProjects/memray/tests/unit/test_tree_reporter.py: 955.5651252269745
