test_live_tracking_server_when_client_disconnects in /home/kaiyaok2/PythonProjects/memray/tests/integration/test_main.py: 294.94951820373535
test_hide_import_system in /home/kaiyaok2/PythonProjects/memray/tests/unit/test_tree_reporter.py: 312.5926525592804
test_show_uninteresting_and_hide_import_system in /home/kaiyaok2/PythonProjects/memray/tests/unit/test_tree_reporter.py: 439.55555725097656
test_header_allocator in /home/kaiyaok2/PythonProjects/memray/tests/integration/test_tracking.py: 543.3684613704681
test_live_client_exits_properly_on_sigint_before_connecting in /home/kaiyaok2/PythonProjects/memray/tests/integration/test_main.py: 671.5091638565063
test_nested_context_is_diallowed in /home/kaiyaok2/PythonProjects/memray/tests/integration/test_socket.py: 736.1140205860138
test_get_is_active_after_context in /home/kaiyaok2/PythonProjects/memray/tests/integration/test_socket.py: 736.161144733429
test_basic_node_selected_not_leaf in /home/kaiyaok2/PythonProjects/memray/tests/unit/test_tree_reporter.py: 893.5011637210846
test_basic_node_selected_leaf in /home/kaiyaok2/PythonProjects/memray/tests/unit/test_tree_reporter.py: 945.9557228088379
test_get_current_snapshot_raises_before_context in /home/kaiyaok2/PythonProjects/memray/tests/integration/test_socket.py: 946.0912117958069
test_two_chains_after_expanding_second in /home/kaiyaok2/PythonProjects/memray/tests/unit/test_tree_reporter.py: 1117.324520111084
test_get_current_snapshot_first_yield_after_context_raises in /home/kaiyaok2/PythonProjects/memray/tests/integration/test_socket.py: 1154.8785107135773
test_get_current_snapshot_raises_after_context in /home/kaiyaok2/PythonProjects/memray/tests/integration/test_socket.py: 1154.9488053321838
test_multi_allocation_snapshot in /home/kaiyaok2/PythonProjects/memray/tests/integration/test_socket.py: 1155.0298826694489
test_empty_snapshot_after_free in /home/kaiyaok2/PythonProjects/memray/tests/integration/test_socket.py: 1155.0869071483612
test_single_allocation_snapshot in /home/kaiyaok2/PythonProjects/memray/tests/integration/test_socket.py: 1155.1405200958252
test_command_line in /home/kaiyaok2/PythonProjects/memray/tests/integration/test_socket.py: 1155.1864802837372
test_allocations_of_different_size_classes in /home/kaiyaok2/PythonProjects/memray/tests/unit/test_tree_reporter.py: 1164.4987235069275
test_reading_allocations_while_reading_stack_traces in /home/kaiyaok2/PythonProjects/memray/tests/integration/test_socket.py: 1257.0680575370789
test_biggest_allocations in /home/kaiyaok2/PythonProjects/memray/tests/unit/test_tree_reporter.py: 1318.9009652137756
test_live_tracking in /home/kaiyaok2/PythonProjects/memray/tests/integration/test_main.py: 1344.7514162063599
test_select_screen in /home/kaiyaok2/PythonProjects/memray/tests/unit/test_tree_reporter.py: 1382.8254809379578
test_run_with_live in /home/kaiyaok2/PythonProjects/memray/tests/unit/test_cli.py: 1582.6569650173187
test_parser_accepts_single_argument in /home/kaiyaok2/PythonProjects/memray/tests/unit/test_cli.py: 1763.3766491413116
test_run_with_live_and_trace_python_allocators in /home/kaiyaok2/PythonProjects/memray/tests/unit/test_cli.py: 1769.0295252799988
test_two_chains in /home/kaiyaok2/PythonProjects/memray/tests/unit/test_tree_reporter.py: 1805.2690584659576
test_show_uninteresting in /home/kaiyaok2/PythonProjects/memray/tests/unit/test_tree_reporter.py: 1850.6893963813782
test_basic in /home/kaiyaok2/PythonProjects/memray/tests/unit/test_tree_reporter.py: 1863.0469784736633
test_multiple_context_entries_does_not_crash in /home/kaiyaok2/PythonProjects/memray/tests/integration/test_socket.py: 2432.770467042923
