test_live_client_exits_properly_on_sigint_before_connecting in /home/kaiyaok2/PythonProjects/memray/tests/integration/test_main.py: 195.87171530723572
test_live_tracking_server_when_client_disconnects in /home/kaiyaok2/PythonProjects/memray/tests/integration/test_main.py: 195.89589953422546
test_live_tracking in /home/kaiyaok2/PythonProjects/memray/tests/integration/test_main.py: 215.15937781333923
test_integration_with_greenlet in /home/kaiyaok2/PythonProjects/memray/tests/integration/test_greenlet.py: 712.3900017738342
test_allocations_of_different_size_classes in /home/kaiyaok2/PythonProjects/memray/tests/unit/test_tree_reporter.py: 791.7781965732574
test_biggest_allocations in /home/kaiyaok2/PythonProjects/memray/tests/unit/test_tree_reporter.py: 804.3180701732635
test_basic_node_selected_leaf in /home/kaiyaok2/PythonProjects/memray/tests/unit/test_tree_reporter.py: 811.2603480815887
test_select_screen in /home/kaiyaok2/PythonProjects/memray/tests/unit/test_tree_reporter.py: 819.1567521095276
test_hide_import_system in /home/kaiyaok2/PythonProjects/memray/tests/unit/test_tree_reporter.py: 829.4293384552002
test_show_uninteresting_and_hide_import_system in /home/kaiyaok2/PythonProjects/memray/tests/unit/test_tree_reporter.py: 832.5481553077698
test_basic in /home/kaiyaok2/PythonProjects/memray/tests/unit/test_tree_reporter.py: 835.7417974472046
test_two_chains_after_expanding_second in /home/kaiyaok2/PythonProjects/memray/tests/unit/test_tree_reporter.py: 843.127968788147
test_two_chains in /home/kaiyaok2/PythonProjects/memray/tests/unit/test_tree_reporter.py: 852.1043827533722
test_show_uninteresting in /home/kaiyaok2/PythonProjects/memray/tests/unit/test_tree_reporter.py: 857.4054272174835
test_basic_node_selected_not_leaf in /home/kaiyaok2/PythonProjects/memray/tests/unit/test_tree_reporter.py: 860.2375020980835
test_get_current_snapshot_first_yield_after_context_raises in /home/kaiyaok2/PythonProjects/memray/tests/integration/test_socket.py: 860.2546927928925
test_get_current_snapshot_raises_before_context in /home/kaiyaok2/PythonProjects/memray/tests/integration/test_socket.py: 860.2655019760132
test_get_current_snapshot_raises_after_context in /home/kaiyaok2/PythonProjects/memray/tests/integration/test_socket.py: 860.2765598297119
test_get_is_active_after_context in /home/kaiyaok2/PythonProjects/memray/tests/integration/test_socket.py: 860.290647983551
test_nested_context_is_diallowed in /home/kaiyaok2/PythonProjects/memray/tests/integration/test_socket.py: 860.3019609451294
test_empty_snapshot_after_free in /home/kaiyaok2/PythonProjects/memray/tests/integration/test_socket.py: 860.3131370544434
test_single_allocation_snapshot in /home/kaiyaok2/PythonProjects/memray/tests/integration/test_socket.py: 860.3267736434937
test_multi_allocation_snapshot in /home/kaiyaok2/PythonProjects/memray/tests/integration/test_socket.py: 860.3400359153748
test_multiple_context_entries_does_not_crash in /home/kaiyaok2/PythonProjects/memray/tests/integration/test_socket.py: 860.3701131343842
test_command_line in /home/kaiyaok2/PythonProjects/memray/tests/integration/test_socket.py: 860.414528131485
test_reading_allocations_while_reading_stack_traces in /home/kaiyaok2/PythonProjects/memray/tests/integration/test_socket.py: 860.430201292038
test_parser_accepts_single_argument in /home/kaiyaok2/PythonProjects/memray/tests/unit/test_cli.py: 2085.764424085617
test_run_with_live in /home/kaiyaok2/PythonProjects/memray/tests/unit/test_cli.py: 2092.8771896362305
test_run_with_live_and_trace_python_allocators in /home/kaiyaok2/PythonProjects/memray/tests/unit/test_cli.py: 2096.2339947223663
