test_run_with_live_and_trace_python_allocators in /home/kaiyaok2/PythonProjects/memray/tests/unit/test_cli.py: 43.807379484176636
test_run_with_live in /home/kaiyaok2/PythonProjects/memray/tests/unit/test_cli.py: 45.04404592514038
test_parser_accepts_single_argument in /home/kaiyaok2/PythonProjects/memray/tests/unit/test_cli.py: 45.31804943084717
test_header_allocator in /home/kaiyaok2/PythonProjects/memray/tests/integration/test_tracking.py: 485.1166069507599
test_get_current_snapshot_raises_after_context in /home/kaiyaok2/PythonProjects/memray/tests/integration/test_socket.py: 1182.2584643363953
test_get_is_active_after_context in /home/kaiyaok2/PythonProjects/memray/tests/integration/test_socket.py: 1182.2698423862457
test_get_current_snapshot_first_yield_after_context_raises in /home/kaiyaok2/PythonProjects/memray/tests/integration/test_socket.py: 1182.2817833423615
test_nested_context_is_diallowed in /home/kaiyaok2/PythonProjects/memray/tests/integration/test_socket.py: 1182.3158223628998
test_get_current_snapshot_raises_before_context in /home/kaiyaok2/PythonProjects/memray/tests/integration/test_socket.py: 1182.344958782196
test_command_line in /home/kaiyaok2/PythonProjects/memray/tests/integration/test_socket.py: 1182.3706662654877
test_multiple_context_entries_does_not_crash in /home/kaiyaok2/PythonProjects/memray/tests/integration/test_socket.py: 1182.3959012031555
test_single_allocation_snapshot in /home/kaiyaok2/PythonProjects/memray/tests/integration/test_socket.py: 1182.4233961105347
test_empty_snapshot_after_free in /home/kaiyaok2/PythonProjects/memray/tests/integration/test_socket.py: 1182.4463353157043
test_reading_allocations_while_reading_stack_traces in /home/kaiyaok2/PythonProjects/memray/tests/integration/test_socket.py: 1182.4811096191406
test_multi_allocation_snapshot in /home/kaiyaok2/PythonProjects/memray/tests/integration/test_socket.py: 1182.5146980285645
test_biggest_allocations in /home/kaiyaok2/PythonProjects/memray/tests/unit/test_tree_reporter.py: 1526.342140197754
test_basic_node_selected_leaf in /home/kaiyaok2/PythonProjects/memray/tests/unit/test_tree_reporter.py: 1557.9950671195984
test_select_screen in /home/kaiyaok2/PythonProjects/memray/tests/unit/test_tree_reporter.py: 1576.3399736881256
test_show_uninteresting_and_hide_import_system in /home/kaiyaok2/PythonProjects/memray/tests/unit/test_tree_reporter.py: 1594.0284440517426
test_two_chains_after_expanding_second in /home/kaiyaok2/PythonProjects/memray/tests/unit/test_tree_reporter.py: 1611.5090391635895
test_hide_import_system in /home/kaiyaok2/PythonProjects/memray/tests/unit/test_tree_reporter.py: 1630.4168043136597
test_basic in /home/kaiyaok2/PythonProjects/memray/tests/unit/test_tree_reporter.py: 1642.690901517868
test_basic_node_selected_not_leaf in /home/kaiyaok2/PythonProjects/memray/tests/unit/test_tree_reporter.py: 1659.0367662906647
test_two_chains in /home/kaiyaok2/PythonProjects/memray/tests/unit/test_tree_reporter.py: 1667.779477596283
test_show_uninteresting in /home/kaiyaok2/PythonProjects/memray/tests/unit/test_tree_reporter.py: 1676.5384452342987
test_allocations_of_different_size_classes in /home/kaiyaok2/PythonProjects/memray/tests/unit/test_tree_reporter.py: 1682.0580923557281
test_live_tracking in /home/kaiyaok2/PythonProjects/memray/tests/integration/test_main.py: 1702.487012386322
test_live_tracking_server_when_client_disconnects in /home/kaiyaok2/PythonProjects/memray/tests/integration/test_main.py: 1734.024964094162
test_live_client_exits_properly_on_sigint_before_connecting in /home/kaiyaok2/PythonProjects/memray/tests/integration/test_main.py: 1750.6851677894592
