test_biggest_allocations in /home/kaiyaok2/PythonProjects/memray/tests/unit/test_tree_reporter.py: 33.47544622421265
test_basic in /home/kaiyaok2/PythonProjects/memray/tests/unit/test_tree_reporter.py: 86.90936994552612
test_allocations_of_different_sizes in /home/kaiyaok2/PythonProjects/memray/tests/unit/test_tree_reporter.py: 105.93513083457947
test_show_uninteresting in /home/kaiyaok2/PythonProjects/memray/tests/unit/test_tree_reporter.py: 119.95022821426392
test_show_uninteresting_and_hide_import_system in /home/kaiyaok2/PythonProjects/memray/tests/unit/test_tree_reporter.py: 120.87281084060669
test_multi_allocation_snapshot in /home/kaiyaok2/PythonProjects/memray/tests/integration/test_socket.py: 306.21350932121277
test_single_allocation_snapshot in /home/kaiyaok2/PythonProjects/memray/tests/integration/test_socket.py: 306.21746134757996
test_empty_snapshot_after_free in /home/kaiyaok2/PythonProjects/memray/tests/integration/test_socket.py: 306.2206401824951
test_command_line in /home/kaiyaok2/PythonProjects/memray/tests/integration/test_socket.py: 306.2241106033325
test_get_current_snapshot_raises_after_context in /home/kaiyaok2/PythonProjects/memray/tests/integration/test_socket.py: 306.2270681858063
test_get_current_snapshot_first_yield_after_context_raises in /home/kaiyaok2/PythonProjects/memray/tests/integration/test_socket.py: 306.2305326461792
test_nested_context_is_diallowed in /home/kaiyaok2/PythonProjects/memray/tests/integration/test_socket.py: 342.8607349395752
test_get_is_active_after_context in /home/kaiyaok2/PythonProjects/memray/tests/integration/test_socket.py: 342.8890390396118
test_get_current_snapshot_raises_before_context in /home/kaiyaok2/PythonProjects/memray/tests/integration/test_socket.py: 353.7204511165619
test_hide_import_system in /home/kaiyaok2/PythonProjects/memray/tests/unit/test_tree_reporter.py: 363.77885222435
test_live_client_exits_properly_on_sigint_before_connecting in /home/kaiyaok2/PythonProjects/memray/tests/integration/test_main.py: 403.9952595233917
test_two_chains in /home/kaiyaok2/PythonProjects/memray/tests/unit/test_tree_reporter.py: 517.8486063480377
test_live_tracking in /home/kaiyaok2/PythonProjects/memray/tests/integration/test_main.py: 517.9132468700409
test_run_with_live in /home/kaiyaok2/PythonProjects/memray/tests/unit/test_cli.py: 691.1156454086304
test_reading_allocations_while_reading_stack_traces in /home/kaiyaok2/PythonProjects/memray/tests/integration/test_socket.py: 699.8155579566956
test_run_with_live_and_trace_python_allocators in /home/kaiyaok2/PythonProjects/memray/tests/unit/test_cli.py: 702.3080208301544
test_live_tracking_server_when_client_disconnects in /home/kaiyaok2/PythonProjects/memray/tests/integration/test_main.py: 743.1059234142303
test_multiple_context_entries_does_not_crash in /home/kaiyaok2/PythonProjects/memray/tests/integration/test_socket.py: 781.9659130573273
