test_live_tracking_server_when_client_disconnects in /home/kaiyaok2/PythonProjects/memray/tests/integration/test_main.py: 0.24097299575805664
test_live_tracking in /home/kaiyaok2/PythonProjects/memray/tests/integration/test_main.py: 70.90331172943115
test_live_client_exits_properly_on_sigint_before_connecting in /home/kaiyaok2/PythonProjects/memray/tests/integration/test_main.py: 71.06327939033508
test_header_allocator in /home/kaiyaok2/PythonProjects/memray/tests/integration/test_tracking.py: 3836.387015581131
test_header_allocator in /home/kaiyaok2/PythonProjects/memray/tests/integration/test_tracking.py: 3859.2344360351562
test_header_allocator in /home/kaiyaok2/PythonProjects/memray/tests/integration/test_tracking.py: 3877.243350505829
test_unsupported_operations_on_aggregated_capture in /home/kaiyaok2/PythonProjects/memray/tests/integration/test_tracking.py: 3894.7864718437195
test_no_allocations in /home/kaiyaok2/PythonProjects/memray/tests/integration/test_tracking.py: 3925.8359575271606
test_live_tracking in /home/kaiyaok2/PythonProjects/memray/tests/integration/test_main.py: 4949.1996858119965
test_run_with_live in /home/kaiyaok2/PythonProjects/memray/tests/unit/test_cli.py: 5131.188893795013
test_run_with_live_and_trace_python_allocators in /home/kaiyaok2/PythonProjects/memray/tests/unit/test_cli.py: 5141.348716497421
test_command_line in /home/kaiyaok2/PythonProjects/memray/tests/integration/test_socket.py: 5656.617396593094
test_reading_allocations_while_reading_stack_traces in /home/kaiyaok2/PythonProjects/memray/tests/integration/test_socket.py: 5656.9410791397095
test_empty_snapshot_after_free in /home/kaiyaok2/PythonProjects/memray/tests/integration/test_socket.py: 5657.056771278381
test_single_allocation_snapshot in /home/kaiyaok2/PythonProjects/memray/tests/integration/test_socket.py: 5657.339766263962
test_multi_allocation_snapshot in /home/kaiyaok2/PythonProjects/memray/tests/integration/test_socket.py: 5657.582092523575
test_multiple_context_entries_does_not_crash in /home/kaiyaok2/PythonProjects/memray/tests/integration/test_socket.py: 5657.672388315201
test_nested_context_is_diallowed in /home/kaiyaok2/PythonProjects/memray/tests/integration/test_socket.py: 5657.772224903107
test_get_is_active_after_context in /home/kaiyaok2/PythonProjects/memray/tests/integration/test_socket.py: 5658.152409553528
test_get_current_snapshot_first_yield_after_context_raises in /home/kaiyaok2/PythonProjects/memray/tests/integration/test_socket.py: 5658.496872663498
test_get_current_snapshot_raises_after_context in /home/kaiyaok2/PythonProjects/memray/tests/integration/test_socket.py: 5658.878842115402
test_get_current_snapshot_raises_before_context in /home/kaiyaok2/PythonProjects/memray/tests/integration/test_socket.py: 5659.210658311844
test_show_uninteresting in /home/kaiyaok2/PythonProjects/memray/tests/unit/test_tree_reporter.py: 5776.458587408066
test_hide_import_system in /home/kaiyaok2/PythonProjects/memray/tests/unit/test_tree_reporter.py: 5870.217483758926
test_two_chains in /home/kaiyaok2/PythonProjects/memray/tests/unit/test_tree_reporter.py: 5907.526977777481
test_basic in /home/kaiyaok2/PythonProjects/memray/tests/unit/test_tree_reporter.py: 5940.005800962448
test_show_uninteresting_and_hide_import_system in /home/kaiyaok2/PythonProjects/memray/tests/unit/test_tree_reporter.py: 5978.207488536835
test_allocations_of_different_sizes in /home/kaiyaok2/PythonProjects/memray/tests/unit/test_tree_reporter.py: 6068.163075208664
test_biggest_allocations in /home/kaiyaok2/PythonProjects/memray/tests/unit/test_tree_reporter.py: 6205.54452085495
test_importing_greenlet_after_tracking_starts in /home/kaiyaok2/PythonProjects/memray/tests/integration/test_greenlet.py: 6230.639441013336
test_integration_with_greenlet in /home/kaiyaok2/PythonProjects/memray/tests/integration/test_greenlet.py: 6249.710038423538
