test_basic in /home/kaiyaok2/PythonProjects/memray/tests/unit/test_tree_reporter.py: 10.582966327667236
test_two_chains in /home/kaiyaok2/PythonProjects/memray/tests/unit/test_tree_reporter.py: 12.196891784667969
test_live_tracking in /home/kaiyaok2/PythonProjects/memray/tests/integration/test_main.py: 111.26850390434265
test_live_tracking_server_when_client_disconnects in /home/kaiyaok2/PythonProjects/memray/tests/integration/test_main.py: 230.21245121955872
test_reading_allocations_while_reading_stack_traces in /home/kaiyaok2/PythonProjects/memray/tests/integration/test_socket.py: 230.23424339294434
test_biggest_allocations in /home/kaiyaok2/PythonProjects/memray/tests/unit/test_tree_reporter.py: 319.5455148220062
test_empty_snapshot_after_free in /home/kaiyaok2/PythonProjects/memray/tests/integration/test_socket.py: 345.5256292819977
test_single_allocation_snapshot in /home/kaiyaok2/PythonProjects/memray/tests/integration/test_socket.py: 345.5699300765991
test_command_line in /home/kaiyaok2/PythonProjects/memray/tests/integration/test_socket.py: 345.60285663604736
test_multi_allocation_snapshot in /home/kaiyaok2/PythonProjects/memray/tests/integration/test_socket.py: 345.6424264907837
test_get_current_snapshot_raises_after_context in /home/kaiyaok2/PythonProjects/memray/tests/integration/test_socket.py: 345.68116903305054
test_get_current_snapshot_first_yield_after_context_raises in /home/kaiyaok2/PythonProjects/memray/tests/integration/test_socket.py: 345.712078332901
test_nested_context_is_diallowed in /home/kaiyaok2/PythonProjects/memray/tests/integration/test_socket.py: 452.83476877212524
test_get_is_active_after_context in /home/kaiyaok2/PythonProjects/memray/tests/integration/test_socket.py: 452.85665798187256
test_hide_import_system in /home/kaiyaok2/PythonProjects/memray/tests/unit/test_tree_reporter.py: 501.82295083999634
test_show_uninteresting in /home/kaiyaok2/PythonProjects/memray/tests/unit/test_tree_reporter.py: 519.5873708724976
test_show_uninteresting_and_hide_import_system in /home/kaiyaok2/PythonProjects/memray/tests/unit/test_tree_reporter.py: 525.0227944850922
test_multiple_context_entries_does_not_crash in /home/kaiyaok2/PythonProjects/memray/tests/integration/test_socket.py: 1058.4589171409607
test_header_allocator in /home/kaiyaok2/PythonProjects/memray/tests/integration/test_tracking.py: 1117.093727350235
test_header_allocator in /home/kaiyaok2/PythonProjects/memray/tests/integration/test_tracking.py: 1771.1239800453186
test_run_with_live_and_trace_python_allocators in /home/kaiyaok2/PythonProjects/memray/tests/unit/test_cli.py: 1782.087280511856
test_run_with_live in /home/kaiyaok2/PythonProjects/memray/tests/unit/test_cli.py: 1792.0997190475464
test_unsupported_operations_on_aggregated_capture in /home/kaiyaok2/PythonProjects/memray/tests/integration/test_tracking.py: 2117.68487906456
test_live_client_exits_properly_on_sigint_before_connecting in /home/kaiyaok2/PythonProjects/memray/tests/integration/test_main.py: 2480.928054332733
test_allocations_of_different_sizes in /home/kaiyaok2/PythonProjects/memray/tests/unit/test_tree_reporter.py: 2506.844352245331
test_get_current_snapshot_raises_before_context in /home/kaiyaok2/PythonProjects/memray/tests/integration/test_socket.py: 2553.3126809597015
