test_get_current_snapshot_raises_after_context in /home/kaiyaok2/PythonProjects/memray/tests/integration/test_socket.py: 16.968223810195923
test_get_current_snapshot_first_yield_after_context_raises in /home/kaiyaok2/PythonProjects/memray/tests/integration/test_socket.py: 16.976428031921387
test_nested_context_is_diallowed in /home/kaiyaok2/PythonProjects/memray/tests/integration/test_socket.py: 16.99280047416687
test_get_current_snapshot_raises_before_context in /home/kaiyaok2/PythonProjects/memray/tests/integration/test_socket.py: 17.006165027618408
test_get_is_active_after_context in /home/kaiyaok2/PythonProjects/memray/tests/integration/test_socket.py: 17.018718242645264
test_empty_snapshot_after_free in /home/kaiyaok2/PythonProjects/memray/tests/integration/test_socket.py: 17.033270120620728
test_command_line in /home/kaiyaok2/PythonProjects/memray/tests/integration/test_socket.py: 17.052772283554077
test_single_allocation_snapshot in /home/kaiyaok2/PythonProjects/memray/tests/integration/test_socket.py: 17.06679081916809
test_reading_allocations_while_reading_stack_traces in /home/kaiyaok2/PythonProjects/memray/tests/integration/test_socket.py: 17.085959672927856
test_multiple_context_entries_does_not_crash in /home/kaiyaok2/PythonProjects/memray/tests/integration/test_socket.py: 17.108702898025513
test_multi_allocation_snapshot in /home/kaiyaok2/PythonProjects/memray/tests/integration/test_socket.py: 17.125149488449097
test_live_tracking_server_when_client_disconnects in /home/kaiyaok2/PythonProjects/memray/tests/integration/test_main.py: 806.2348160743713
test_live_client_exits_properly_on_sigint_before_connecting in /home/kaiyaok2/PythonProjects/memray/tests/integration/test_main.py: 809.2694962024689
test_live_tracking in /home/kaiyaok2/PythonProjects/memray/tests/integration/test_main.py: 813.927089214325
test_basic in /home/kaiyaok2/PythonProjects/memray/tests/unit/test_tree_reporter.py: 895.5703287124634
test_allocations_of_different_sizes in /home/kaiyaok2/PythonProjects/memray/tests/unit/test_tree_reporter.py: 930.9603791236877
test_show_uninteresting_and_hide_import_system in /home/kaiyaok2/PythonProjects/memray/tests/unit/test_tree_reporter.py: 939.6464939117432
test_two_chains in /home/kaiyaok2/PythonProjects/memray/tests/unit/test_tree_reporter.py: 942.9570164680481
test_show_uninteresting in /home/kaiyaok2/PythonProjects/memray/tests/unit/test_tree_reporter.py: 953.0461564064026
test_hide_import_system in /home/kaiyaok2/PythonProjects/memray/tests/unit/test_tree_reporter.py: 957.581582069397
test_biggest_allocations in /home/kaiyaok2/PythonProjects/memray/tests/unit/test_tree_reporter.py: 973.5570108890533
