test_get_current_snapshot_raises_after_context in /home/kaiyaok2/PythonProjects/memray/tests/integration/test_socket.py: 274.14935851097107
test_get_current_snapshot_first_yield_after_context_raises in /home/kaiyaok2/PythonProjects/memray/tests/integration/test_socket.py: 274.16996908187866
test_multi_allocation_snapshot in /home/kaiyaok2/PythonProjects/memray/tests/integration/test_socket.py: 274.1883637905121
test_empty_snapshot_after_free in /home/kaiyaok2/PythonProjects/memray/tests/integration/test_socket.py: 274.2120041847229
test_single_allocation_snapshot in /home/kaiyaok2/PythonProjects/memray/tests/integration/test_socket.py: 274.2344181537628
test_command_line in /home/kaiyaok2/PythonProjects/memray/tests/integration/test_socket.py: 274.25295782089233
test_header_allocator in /home/kaiyaok2/PythonProjects/memray/tests/integration/test_tracking.py: 365.10890650749207
test_allocations_of_different_sizes in /home/kaiyaok2/PythonProjects/memray/tests/unit/test_tree_reporter.py: 681.1151666641235
test_run_with_live_and_trace_python_allocators in /home/kaiyaok2/PythonProjects/memray/tests/unit/test_cli.py: 681.9025552272797
test_run_with_live in /home/kaiyaok2/PythonProjects/memray/tests/unit/test_cli.py: 682.7058894634247
test_multiple_context_entries_does_not_crash in /home/kaiyaok2/PythonProjects/memray/tests/integration/test_socket.py: 1407.184143781662
test_biggest_allocations in /home/kaiyaok2/PythonProjects/memray/tests/unit/test_tree_reporter.py: 1687.0287206172943
test_live_client_exits_properly_on_sigint_before_connecting in /home/kaiyaok2/PythonProjects/memray/tests/integration/test_main.py: 1967.9524784088135
test_get_current_snapshot_raises_before_context in /home/kaiyaok2/PythonProjects/memray/tests/integration/test_socket.py: 2338.5903177261353
test_show_uninteresting_and_hide_import_system in /home/kaiyaok2/PythonProjects/memray/tests/unit/test_tree_reporter.py: 2621.7789359092712
test_hide_import_system in /home/kaiyaok2/PythonProjects/memray/tests/unit/test_tree_reporter.py: 2634.983505010605
test_basic in /home/kaiyaok2/PythonProjects/memray/tests/unit/test_tree_reporter.py: 2645.1133263111115
test_two_chains in /home/kaiyaok2/PythonProjects/memray/tests/unit/test_tree_reporter.py: 2691.0129899978638
test_show_uninteresting in /home/kaiyaok2/PythonProjects/memray/tests/unit/test_tree_reporter.py: 2703.1548402309418
test_reading_allocations_while_reading_stack_traces in /home/kaiyaok2/PythonProjects/memray/tests/integration/test_socket.py: 3006.68000125885
test_header_allocator in /home/kaiyaok2/PythonProjects/memray/tests/integration/test_tracking.py: 3794.860343694687
test_tracking_with_SIGKILL in /home/kaiyaok2/PythonProjects/memray/tests/integration/test_tracking.py: 3821.9142565727234
test_live_tracking_server_when_client_disconnects in /home/kaiyaok2/PythonProjects/memray/tests/integration/test_main.py: 3983.164370536804
test_live_tracking in /home/kaiyaok2/PythonProjects/memray/tests/integration/test_main.py: 4221.046081781387
test_live_tracking in /home/kaiyaok2/PythonProjects/memray/tests/integration/test_main.py: 4396.7351150512695
test_get_is_active_after_context in /home/kaiyaok2/PythonProjects/memray/tests/integration/test_socket.py: 5151.129681587219
test_nested_context_is_diallowed in /home/kaiyaok2/PythonProjects/memray/tests/integration/test_socket.py: 5151.52214217186
