test_run_with_live in /home/kaiyaok2/PythonProjects/memray/tests/unit/test_cli.py: 19.940197229385376
test_run_with_live_and_trace_python_allocators in /home/kaiyaok2/PythonProjects/memray/tests/unit/test_cli.py: 20.488259077072144
test_allocations_of_different_sizes in /home/kaiyaok2/PythonProjects/memray/tests/unit/test_tree_reporter.py: 30.070205450057983
test_show_uninteresting in /home/kaiyaok2/PythonProjects/memray/tests/unit/test_tree_reporter.py: 31.28285789489746
test_basic in /home/kaiyaok2/PythonProjects/memray/tests/unit/test_tree_reporter.py: 36.45487332344055
test_two_chains in /home/kaiyaok2/PythonProjects/memray/tests/unit/test_tree_reporter.py: 37.36543369293213
test_show_uninteresting_and_hide_import_system in /home/kaiyaok2/PythonProjects/memray/tests/unit/test_tree_reporter.py: 45.19783115386963
test_hide_import_system in /home/kaiyaok2/PythonProjects/memray/tests/unit/test_tree_reporter.py: 46.37977695465088
test_biggest_allocations in /home/kaiyaok2/PythonProjects/memray/tests/unit/test_tree_reporter.py: 69.68498539924622
test_get_current_snapshot_first_yield_after_context_raises in /home/kaiyaok2/PythonProjects/memray/tests/integration/test_socket.py: 365.20437812805176
test_get_current_snapshot_raises_before_context in /home/kaiyaok2/PythonProjects/memray/tests/integration/test_socket.py: 365.2196161746979
test_get_current_snapshot_raises_after_context in /home/kaiyaok2/PythonProjects/memray/tests/integration/test_socket.py: 365.24193239212036
test_get_is_active_after_context in /home/kaiyaok2/PythonProjects/memray/tests/integration/test_socket.py: 365.2586712837219
test_nested_context_is_diallowed in /home/kaiyaok2/PythonProjects/memray/tests/integration/test_socket.py: 365.27646040916443
test_reading_allocations_while_reading_stack_traces in /home/kaiyaok2/PythonProjects/memray/tests/integration/test_socket.py: 365.30380487442017
test_multi_allocation_snapshot in /home/kaiyaok2/PythonProjects/memray/tests/integration/test_socket.py: 365.3231339454651
test_multiple_context_entries_does_not_crash in /home/kaiyaok2/PythonProjects/memray/tests/integration/test_socket.py: 365.3386435508728
test_single_allocation_snapshot in /home/kaiyaok2/PythonProjects/memray/tests/integration/test_socket.py: 365.35434556007385
test_command_line in /home/kaiyaok2/PythonProjects/memray/tests/integration/test_socket.py: 365.3659679889679
test_empty_snapshot_after_free in /home/kaiyaok2/PythonProjects/memray/tests/integration/test_socket.py: 365.37800002098083
test_live_client_exits_properly_on_sigint_before_connecting in /home/kaiyaok2/PythonProjects/memray/tests/integration/test_main.py: 741.4819703102112
test_live_tracking in /home/kaiyaok2/PythonProjects/memray/tests/integration/test_main.py: 741.571542263031
test_live_tracking_server_when_client_disconnects in /home/kaiyaok2/PythonProjects/memray/tests/integration/test_main.py: 751.2769064903259
