test_reading_allocations_while_reading_stack_traces in /home/kaiyaok2/PythonProjects/memray/tests/integration/test_socket.py: 23.068560361862183
test_multiple_context_entries_does_not_crash in /home/kaiyaok2/PythonProjects/memray/tests/integration/test_socket.py: 28.294593811035156
test_two_chains in /home/kaiyaok2/PythonProjects/memray/tests/unit/test_tree_reporter.py: 137.5392599105835
test_biggest_allocations in /home/kaiyaok2/PythonProjects/memray/tests/unit/test_tree_reporter.py: 205.18660497665405
test_run_with_live in /home/kaiyaok2/PythonProjects/memray/tests/unit/test_cli.py: 219.69227838516235
test_run_with_live_and_trace_python_allocators in /home/kaiyaok2/PythonProjects/memray/tests/unit/test_cli.py: 220.0459635257721
test_live_tracking_server_when_client_disconnects in /home/kaiyaok2/PythonProjects/memray/tests/integration/test_main.py: 255.63143301010132
test_live_tracking in /home/kaiyaok2/PythonProjects/memray/tests/integration/test_main.py: 293.6328761577606
test_get_current_snapshot_first_yield_after_context_raises in /home/kaiyaok2/PythonProjects/memray/tests/integration/test_socket.py: 301.26307582855225
test_get_current_snapshot_raises_after_context in /home/kaiyaok2/PythonProjects/memray/tests/integration/test_socket.py: 301.2690050601959
test_single_allocation_snapshot in /home/kaiyaok2/PythonProjects/memray/tests/integration/test_socket.py: 301.27503967285156
test_multi_allocation_snapshot in /home/kaiyaok2/PythonProjects/memray/tests/integration/test_socket.py: 301.28002524375916
test_command_line in /home/kaiyaok2/PythonProjects/memray/tests/integration/test_socket.py: 301.28506422042847
test_empty_snapshot_after_free in /home/kaiyaok2/PythonProjects/memray/tests/integration/test_socket.py: 301.29665756225586
test_get_current_snapshot_raises_before_context in /home/kaiyaok2/PythonProjects/memray/tests/integration/test_socket.py: 331.1065402030945
test_allocations_of_different_sizes in /home/kaiyaok2/PythonProjects/memray/tests/unit/test_tree_reporter.py: 332.12908959388733
test_live_client_exits_properly_on_sigint_before_connecting in /home/kaiyaok2/PythonProjects/memray/tests/integration/test_main.py: 359.6067433357239
test_get_is_active_after_context in /home/kaiyaok2/PythonProjects/memray/tests/integration/test_socket.py: 375.4477005004883
test_nested_context_is_diallowed in /home/kaiyaok2/PythonProjects/memray/tests/integration/test_socket.py: 375.46490454673767
test_hide_import_system in /home/kaiyaok2/PythonProjects/memray/tests/unit/test_tree_reporter.py: 466.79153513908386
test_show_uninteresting_and_hide_import_system in /home/kaiyaok2/PythonProjects/memray/tests/unit/test_tree_reporter.py: 469.78219175338745
test_basic in /home/kaiyaok2/PythonProjects/memray/tests/unit/test_tree_reporter.py: 579.3469026088715
test_show_uninteresting in /home/kaiyaok2/PythonProjects/memray/tests/unit/test_tree_reporter.py: 630.1388792991638
