test_single_allocation_snapshot in /home/kaiyaok2/PythonProjects/memray/tests/integration/test_socket.py: 0.007088184356689453
test_multiple_context_entries_does_not_crash in /home/kaiyaok2/PythonProjects/memray/tests/integration/test_socket.py: 0.010908126831054688
test_command_line in /home/kaiyaok2/PythonProjects/memray/tests/integration/test_socket.py: 0.016837358474731445
test_reading_allocations_while_reading_stack_traces in /home/kaiyaok2/PythonProjects/memray/tests/integration/test_socket.py: 0.02324199676513672
test_multi_allocation_snapshot in /home/kaiyaok2/PythonProjects/memray/tests/integration/test_socket.py: 0.027019500732421875
test_empty_snapshot_after_free in /home/kaiyaok2/PythonProjects/memray/tests/integration/test_socket.py: 0.030434131622314453
test_get_current_snapshot_first_yield_after_context_raises in /home/kaiyaok2/PythonProjects/memray/tests/integration/test_socket.py: 0.033965349197387695
test_get_is_active_after_context in /home/kaiyaok2/PythonProjects/memray/tests/integration/test_socket.py: 0.03678131103515625
test_nested_context_is_diallowed in /home/kaiyaok2/PythonProjects/memray/tests/integration/test_socket.py: 0.0396122932434082
test_get_current_snapshot_raises_after_context in /home/kaiyaok2/PythonProjects/memray/tests/integration/test_socket.py: 0.042487144470214844
test_get_current_snapshot_raises_before_context in /home/kaiyaok2/PythonProjects/memray/tests/integration/test_socket.py: 0.0449223518371582
test_tui_pause in /home/kaiyaok2/PythonProjects/memray/tests/unit/test_tui_reporter.py: 54.92020893096924
test_one_point_lower_than_max in /home/kaiyaok2/PythonProjects/memray/tests/unit/test_tui_reporter.py: 54.976218700408936
test_tui_basic in /home/kaiyaok2/PythonProjects/memray/tests/unit/test_tui_reporter.py: 57.8056914806366
test_tui_pause in /home/kaiyaok2/PythonProjects/memray/tests/unit/test_tui_reporter.py: 62.57880687713623
test_tui_basic in /home/kaiyaok2/PythonProjects/memray/tests/unit/test_tui_reporter.py: 64.29403042793274
test_size_of_graph in /home/kaiyaok2/PythonProjects/memray/tests/unit/test_tui_reporter.py: 64.45115995407104
test_empty in /home/kaiyaok2/PythonProjects/memray/tests/unit/test_tui_reporter.py: 64.56115317344666
test_tui_gradient in /home/kaiyaok2/PythonProjects/memray/tests/unit/test_tui_reporter.py: 66.86448168754578
test_tui_pause in /home/kaiyaok2/PythonProjects/memray/tests/unit/test_tui_reporter.py: 71.90582609176636
test_tui_basic in /home/kaiyaok2/PythonProjects/memray/tests/unit/test_tui_reporter.py: 72.93343782424927
test_multiple_points in /home/kaiyaok2/PythonProjects/memray/tests/unit/test_tui_reporter.py: 72.98883438110352
test_one_point_bigger_than_max_after_resize in /home/kaiyaok2/PythonProjects/memray/tests/unit/test_tui_reporter.py: 73.06511878967285
test_multiple_points_with_resize in /home/kaiyaok2/PythonProjects/memray/tests/unit/test_tui_reporter.py: 73.15107917785645
test_one_point_bigger_than_max in /home/kaiyaok2/PythonProjects/memray/tests/unit/test_tui_reporter.py: 73.20661330223083
test_tree_generated in /home/kaiyaok2/PythonProjects/memray/tests/integration/test_main.py: 405.4192020893097
test_render_multiple_allocations_in_diferent_branches in /home/kaiyaok2/PythonProjects/memray/tests/unit/test_tree_reporter.py: 415.57911443710327
test_render_multiple_allocations_with_no_single_childs in /home/kaiyaok2/PythonProjects/memray/tests/unit/test_tree_reporter.py: 416.4058425426483
test_render_multiple_allocations_in_same_branch in /home/kaiyaok2/PythonProjects/memray/tests/unit/test_tree_reporter.py: 422.2808530330658
test_render_long_chain in /home/kaiyaok2/PythonProjects/memray/tests/unit/test_tree_reporter.py: 423.6170620918274
test_render_no_data in /home/kaiyaok2/PythonProjects/memray/tests/unit/test_tree_reporter.py: 424.7518527507782
test_render_one_allocation in /home/kaiyaok2/PythonProjects/memray/tests/unit/test_tree_reporter.py: 426.2676396369934
test_render_long_chain_with_branch_at_the_end in /home/kaiyaok2/PythonProjects/memray/tests/unit/test_tree_reporter.py: 427.8048732280731
test_collapse_line in /home/kaiyaok2/PythonProjects/memray/tests/unit/test_tree_reporter.py: 427.8991322517395
test_root_is_not_collapsed in /home/kaiyaok2/PythonProjects/memray/tests/unit/test_tree_reporter.py: 428.0069832801819
test_many_nodes in /home/kaiyaok2/PythonProjects/memray/tests/unit/test_tree_reporter.py: 428.1122124195099
test_single_node in /home/kaiyaok2/PythonProjects/memray/tests/unit/test_tree_reporter.py: 428.19786500930786
test_collapse_line_with_branching_root in /home/kaiyaok2/PythonProjects/memray/tests/unit/test_tree_reporter.py: 428.3284709453583
test_no_lines in /home/kaiyaok2/PythonProjects/memray/tests/unit/test_tree_reporter.py: 428.52554845809937
test_two_lines in /home/kaiyaok2/PythonProjects/memray/tests/unit/test_tree_reporter.py: 428.71638917922974
test_works_with_no_allocations in /home/kaiyaok2/PythonProjects/memray/tests/unit/test_tree_reporter.py: 428.82436299324036
test_works_with_recursive_calls in /home/kaiyaok2/PythonProjects/memray/tests/unit/test_tree_reporter.py: 428.98253631591797
test_works_with_multiple_stacks_from_same_caller in /home/kaiyaok2/PythonProjects/memray/tests/unit/test_tree_reporter.py: 429.1356165409088
test_works_with_single_call in /home/kaiyaok2/PythonProjects/memray/tests/unit/test_tree_reporter.py: 429.2797043323517
test_uses_hybrid_stack_for_native_traces in /home/kaiyaok2/PythonProjects/memray/tests/unit/test_tree_reporter.py: 429.4304540157318
test_biggest_allocations in /home/kaiyaok2/PythonProjects/memray/tests/unit/test_tree_reporter.py: 429.5661826133728
test_very_deep_call_is_limited in /home/kaiyaok2/PythonProjects/memray/tests/unit/test_tree_reporter.py: 429.7709393501282
test_works_with_merged_threads in /home/kaiyaok2/PythonProjects/memray/tests/unit/test_tree_reporter.py: 429.89311480522156
test_works_with_split_threads in /home/kaiyaok2/PythonProjects/memray/tests/unit/test_tree_reporter.py: 430.01906991004944
test_works_with_multiple_top_level_nodes in /home/kaiyaok2/PythonProjects/memray/tests/unit/test_tree_reporter.py: 430.1374361515045
test_drops_cpython_frames in /home/kaiyaok2/PythonProjects/memray/tests/unit/test_tree_reporter.py: 430.2311820983887
test_works_with_multiple_stacks_from_same_caller_two_frames_above in /home/kaiyaok2/PythonProjects/memray/tests/unit/test_tree_reporter.py: 430.3175549507141
test_parser_accepts_single_argument in /home/kaiyaok2/PythonProjects/memray/tests/unit/test_cli.py: 524.9626576900482
test_run_with_live_and_trace_python_allocators in /home/kaiyaok2/PythonProjects/memray/tests/unit/test_cli.py: 525.3554048538208
test_run_with_live in /home/kaiyaok2/PythonProjects/memray/tests/unit/test_cli.py: 525.7642359733582
test_live_client_exits_properly_on_sigint_before_connecting in /home/kaiyaok2/PythonProjects/memray/tests/integration/test_main.py: 624.6340639591217
test_live_tracking in /home/kaiyaok2/PythonProjects/memray/tests/integration/test_main.py: 626.9533576965332
test_live_tracking_server_when_client_disconnects in /home/kaiyaok2/PythonProjects/memray/tests/integration/test_main.py: 626.9721958637238
