test_get_current_snapshot_raises_after_context in /home/kaiyaok2/PythonProjects/memray/tests/integration/test_socket.py: 8.723120212554932
test_get_current_snapshot_first_yield_after_context_raises in /home/kaiyaok2/PythonProjects/memray/tests/integration/test_socket.py: 8.734864950180054
test_single_allocation_snapshot in /home/kaiyaok2/PythonProjects/memray/tests/integration/test_socket.py: 8.75117802619934
test_empty_snapshot_after_free in /home/kaiyaok2/PythonProjects/memray/tests/integration/test_socket.py: 8.762577056884766
test_command_line in /home/kaiyaok2/PythonProjects/memray/tests/integration/test_socket.py: 8.769740581512451
test_multi_allocation_snapshot in /home/kaiyaok2/PythonProjects/memray/tests/integration/test_socket.py: 8.77867341041565
test_live_tracking_server_when_client_disconnects in /home/kaiyaok2/PythonProjects/memray/tests/integration/test_main.py: 33.65809917449951
test_get_current_snapshot_raises_before_context in /home/kaiyaok2/PythonProjects/memray/tests/integration/test_socket.py: 66.47954177856445
test_nested_context_is_diallowed in /home/kaiyaok2/PythonProjects/memray/tests/integration/test_socket.py: 88.45492649078369
test_get_is_active_after_context in /home/kaiyaok2/PythonProjects/memray/tests/integration/test_socket.py: 88.47061324119568
test_live_client_exits_properly_on_sigint_before_connecting in /home/kaiyaok2/PythonProjects/memray/tests/integration/test_main.py: 180.10409021377563
test_run_with_live in /home/kaiyaok2/PythonProjects/memray/tests/unit/test_cli.py: 325.09960770606995
test_live_tracking in /home/kaiyaok2/PythonProjects/memray/tests/integration/test_main.py: 422.34242606163025
test_two_chains in /home/kaiyaok2/PythonProjects/memray/tests/unit/test_tree_reporter.py: 701.2964513301849
test_allocations_of_different_sizes in /home/kaiyaok2/PythonProjects/memray/tests/unit/test_tree_reporter.py: 718.0372288227081
test_hide_import_system in /home/kaiyaok2/PythonProjects/memray/tests/unit/test_tree_reporter.py: 870.4709107875824
test_show_uninteresting in /home/kaiyaok2/PythonProjects/memray/tests/unit/test_tree_reporter.py: 907.9771361351013
test_show_uninteresting_and_hide_import_system in /home/kaiyaok2/PythonProjects/memray/tests/unit/test_tree_reporter.py: 915.1060869693756
test_basic in /home/kaiyaok2/PythonProjects/memray/tests/unit/test_tree_reporter.py: 916.7922036647797
test_multiple_context_entries_does_not_crash in /home/kaiyaok2/PythonProjects/memray/tests/integration/test_socket.py: 923.669002532959
test_reading_allocations_while_reading_stack_traces in /home/kaiyaok2/PythonProjects/memray/tests/integration/test_socket.py: 929.5614378452301
test_biggest_allocations in /home/kaiyaok2/PythonProjects/memray/tests/unit/test_tree_reporter.py: 1091.241763830185
