test_parser_accepts_single_argument in /home/kaiyaok2/PythonProjects/memray/tests/unit/test_cli.py: 19.14947271347046
test_empty in /home/kaiyaok2/PythonProjects/memray/tests/unit/test_tui_reporter.py: 19.221460342407227
test_one_point_bigger_than_max in /home/kaiyaok2/PythonProjects/memray/tests/unit/test_tui_reporter.py: 19.266384840011597
test_one_point_lower_than_max in /home/kaiyaok2/PythonProjects/memray/tests/unit/test_tui_reporter.py: 19.31098222732544
test_multiple_points_with_resize in /home/kaiyaok2/PythonProjects/memray/tests/unit/test_tui_reporter.py: 19.379951000213623
test_multiple_points in /home/kaiyaok2/PythonProjects/memray/tests/unit/test_tui_reporter.py: 19.42630887031555
test_one_point_bigger_than_max_after_resize in /home/kaiyaok2/PythonProjects/memray/tests/unit/test_tui_reporter.py: 19.491511821746826
test_size_of_graph in /home/kaiyaok2/PythonProjects/memray/tests/unit/test_tui_reporter.py: 19.547303915023804
test_tui_pause in /home/kaiyaok2/PythonProjects/memray/tests/unit/test_tui_reporter.py: 158.41014099121094
test_tui_pause in /home/kaiyaok2/PythonProjects/memray/tests/unit/test_tui_reporter.py: 160.3642134666443
test_tui_basic in /home/kaiyaok2/PythonProjects/memray/tests/unit/test_tui_reporter.py: 165.1037175655365
test_tui_basic in /home/kaiyaok2/PythonProjects/memray/tests/unit/test_tui_reporter.py: 166.3102424144745
test_tui_pause in /home/kaiyaok2/PythonProjects/memray/tests/unit/test_tui_reporter.py: 168.93183374404907
test_very_deep_call_is_limited in /home/kaiyaok2/PythonProjects/memray/tests/unit/test_tree_reporter.py: 252.7589075565338
test_live_client_exits_properly_on_sigint_before_connecting in /home/kaiyaok2/PythonProjects/memray/tests/integration/test_main.py: 252.9784815311432
test_render_no_data in /home/kaiyaok2/PythonProjects/memray/tests/unit/test_tree_reporter.py: 253.5933117866516
test_multiple_context_entries_does_not_crash in /home/kaiyaok2/PythonProjects/memray/tests/integration/test_socket.py: 253.59876561164856
test_reading_allocations_while_reading_stack_traces in /home/kaiyaok2/PythonProjects/memray/tests/integration/test_socket.py: 253.60532069206238
test_run_with_live in /home/kaiyaok2/PythonProjects/memray/tests/unit/test_cli.py: 288.0471348762512
test_run_with_live_and_trace_python_allocators in /home/kaiyaok2/PythonProjects/memray/tests/unit/test_cli.py: 288.41888523101807
test_tree_generated in /home/kaiyaok2/PythonProjects/memray/tests/integration/test_main.py: 327.64796471595764
test_works_with_multiple_top_level_nodes in /home/kaiyaok2/PythonProjects/memray/tests/unit/test_tree_reporter.py: 365.07241010665894
test_works_with_multiple_stacks_from_same_caller_two_frames_above in /home/kaiyaok2/PythonProjects/memray/tests/unit/test_tree_reporter.py: 365.56875133514404
test_drops_cpython_frames in /home/kaiyaok2/PythonProjects/memray/tests/unit/test_tree_reporter.py: 366.0705680847168
test_works_with_merged_threads in /home/kaiyaok2/PythonProjects/memray/tests/unit/test_tree_reporter.py: 366.575067281723
test_works_with_split_threads in /home/kaiyaok2/PythonProjects/memray/tests/unit/test_tree_reporter.py: 366.9769048690796
test_works_with_multiple_stacks_from_same_caller in /home/kaiyaok2/PythonProjects/memray/tests/unit/test_tree_reporter.py: 367.2823007106781
test_works_with_no_allocations in /home/kaiyaok2/PythonProjects/memray/tests/unit/test_tree_reporter.py: 367.58884286880493
test_works_with_recursive_calls in /home/kaiyaok2/PythonProjects/memray/tests/unit/test_tree_reporter.py: 367.7481441497803
test_biggest_allocations in /home/kaiyaok2/PythonProjects/memray/tests/unit/test_tree_reporter.py: 367.94691586494446
test_uses_hybrid_stack_for_native_traces in /home/kaiyaok2/PythonProjects/memray/tests/unit/test_tree_reporter.py: 368.1604380607605
test_works_with_single_call in /home/kaiyaok2/PythonProjects/memray/tests/unit/test_tree_reporter.py: 368.3177673816681
test_single_node in /home/kaiyaok2/PythonProjects/memray/tests/unit/test_tree_reporter.py: 368.4643814563751
test_collapse_line_with_branching_root in /home/kaiyaok2/PythonProjects/memray/tests/unit/test_tree_reporter.py: 368.61789751052856
test_many_nodes in /home/kaiyaok2/PythonProjects/memray/tests/unit/test_tree_reporter.py: 368.78830647468567
test_no_lines in /home/kaiyaok2/PythonProjects/memray/tests/unit/test_tree_reporter.py: 368.9593753814697
test_collapse_line in /home/kaiyaok2/PythonProjects/memray/tests/unit/test_tree_reporter.py: 369.11752915382385
test_two_lines in /home/kaiyaok2/PythonProjects/memray/tests/unit/test_tree_reporter.py: 369.26937103271484
test_root_is_not_collapsed in /home/kaiyaok2/PythonProjects/memray/tests/unit/test_tree_reporter.py: 369.4612560272217
test_live_tracking in /home/kaiyaok2/PythonProjects/memray/tests/integration/test_main.py: 416.812922000885
test_live_tracking_server_when_client_disconnects in /home/kaiyaok2/PythonProjects/memray/tests/integration/test_main.py: 416.8417139053345
test_render_multiple_allocations_in_diferent_branches in /home/kaiyaok2/PythonProjects/memray/tests/unit/test_tree_reporter.py: 454.55383586883545
test_render_multiple_allocations_with_no_single_childs in /home/kaiyaok2/PythonProjects/memray/tests/unit/test_tree_reporter.py: 456.4980936050415
test_render_one_allocation in /home/kaiyaok2/PythonProjects/memray/tests/unit/test_tree_reporter.py: 467.2051217556
test_render_multiple_allocations_in_same_branch in /home/kaiyaok2/PythonProjects/memray/tests/unit/test_tree_reporter.py: 471.168496131897
test_render_long_chain in /home/kaiyaok2/PythonProjects/memray/tests/unit/test_tree_reporter.py: 473.16456294059753
test_render_long_chain_with_branch_at_the_end in /home/kaiyaok2/PythonProjects/memray/tests/unit/test_tree_reporter.py: 573.1296925544739
test_get_is_active_after_context in /home/kaiyaok2/PythonProjects/memray/tests/integration/test_socket.py: 585.5178537368774
test_nested_context_is_diallowed in /home/kaiyaok2/PythonProjects/memray/tests/integration/test_socket.py: 585.5303716659546
test_tui_gradient in /home/kaiyaok2/PythonProjects/memray/tests/unit/test_tui_reporter.py: 619.8465764522552
test_get_current_snapshot_raises_after_context in /home/kaiyaok2/PythonProjects/memray/tests/integration/test_socket.py: 733.704657793045
test_get_current_snapshot_first_yield_after_context_raises in /home/kaiyaok2/PythonProjects/memray/tests/integration/test_socket.py: 733.7428793907166
test_empty_snapshot_after_free in /home/kaiyaok2/PythonProjects/memray/tests/integration/test_socket.py: 733.7812585830688
test_multi_allocation_snapshot in /home/kaiyaok2/PythonProjects/memray/tests/integration/test_socket.py: 733.8268730640411
test_command_line in /home/kaiyaok2/PythonProjects/memray/tests/integration/test_socket.py: 733.8615078926086
test_single_allocation_snapshot in /home/kaiyaok2/PythonProjects/memray/tests/integration/test_socket.py: 733.9161622524261
test_tui_basic in /home/kaiyaok2/PythonProjects/memray/tests/unit/test_tui_reporter.py: 742.5301668643951
test_get_current_snapshot_raises_before_context in /home/kaiyaok2/PythonProjects/memray/tests/integration/test_socket.py: 857.3725001811981
