test_jsonchema_validator in /home/kaiyaok2/PythonProjects/falcon/tests/asgi/test_cythonized_asgi.py: 130.28453254699707
test_hooks in /home/kaiyaok2/PythonProjects/falcon/tests/asgi/test_cythonized_asgi.py: 130.36228680610657
test_int_converter in /home/kaiyaok2/PythonProjects/falcon/tests/test_uri_templates.py: 130.44281768798828
test_special_chars in /home/kaiyaok2/PythonProjects/falcon/tests/test_uri_templates.py: 130.53111600875854
test_float_converter in /home/kaiyaok2/PythonProjects/falcon/tests/test_uri_templates.py: 130.62024879455566
test_int_converter_rejections in /home/kaiyaok2/PythonProjects/falcon/tests/test_uri_templates.py: 130.70285844802856
test_float_converter_non_finite_allowed in /home/kaiyaok2/PythonProjects/falcon/tests/test_uri_templates.py: 130.78922700881958
test_float_converter in /home/kaiyaok2/PythonProjects/falcon/tests/test_uri_templates.py: 130.86655521392822
test_same_level_complex_var in /home/kaiyaok2/PythonProjects/falcon/tests/test_uri_templates.py: 132.60101199150085
test_datetime_converter in /home/kaiyaok2/PythonProjects/falcon/tests/test_uri_templates.py: 132.69500637054443
test_int_converter_rejections in /home/kaiyaok2/PythonProjects/falcon/tests/test_uri_templates.py: 132.7767915725708
test_datetime_converter in /home/kaiyaok2/PythonProjects/falcon/tests/test_uri_templates.py: 132.86045742034912
test_root_path in /home/kaiyaok2/PythonProjects/falcon/tests/test_uri_templates.py: 132.95164322853088
test_converter_custom in /home/kaiyaok2/PythonProjects/falcon/tests/test_uri_templates.py: 133.0345377922058
test_uuid_converter in /home/kaiyaok2/PythonProjects/falcon/tests/test_uri_templates.py: 133.11974096298218
test_with_and_without_trailing_slash in /home/kaiyaok2/PythonProjects/falcon/tests/test_uri_templates.py: 133.20526266098022
test_float_converter in /home/kaiyaok2/PythonProjects/falcon/tests/test_uri_templates.py: 134.96830201148987
test_multiple in /home/kaiyaok2/PythonProjects/falcon/tests/test_uri_templates.py: 135.0720727443695
test_single in /home/kaiyaok2/PythonProjects/falcon/tests/test_uri_templates.py: 135.16315913200378
test_uuid_converter in /home/kaiyaok2/PythonProjects/falcon/tests/test_uri_templates.py: 135.25537276268005
test_float_converter_non_finite_allowed in /home/kaiyaok2/PythonProjects/falcon/tests/test_uri_templates.py: 135.3316571712494
test_int_converter in /home/kaiyaok2/PythonProjects/falcon/tests/test_uri_templates.py: 135.41722774505615
test_converter_custom in /home/kaiyaok2/PythonProjects/falcon/tests/test_uri_templates.py: 135.50253438949585
test_uuid_converter in /home/kaiyaok2/PythonProjects/falcon/tests/test_uri_templates.py: 135.58159923553467
test_converter_custom in /home/kaiyaok2/PythonProjects/falcon/tests/test_uri_templates.py: 135.66318082809448
test_float_converter in /home/kaiyaok2/PythonProjects/falcon/tests/test_uri_templates.py: 135.73876404762268
test_no_vars in /home/kaiyaok2/PythonProjects/falcon/tests/test_uri_templates.py: 135.82355070114136
test_int_converter in /home/kaiyaok2/PythonProjects/falcon/tests/test_uri_templates.py: 137.48444199562073
test_float_converter_non_finite_allowed in /home/kaiyaok2/PythonProjects/falcon/tests/test_uri_templates.py: 137.58428597450256
test_same_level_complex_var in /home/kaiyaok2/PythonProjects/falcon/tests/test_uri_templates.py: 137.67375683784485
test_float_converter in /home/kaiyaok2/PythonProjects/falcon/tests/test_uri_templates.py: 137.7555751800537
test_single_path_segment in /home/kaiyaok2/PythonProjects/falcon/tests/test_uri_templates.py: 137.83348608016968
test_single in /home/kaiyaok2/PythonProjects/falcon/tests/test_uri_templates.py: 137.9149787425995
test_uuid_converter in /home/kaiyaok2/PythonProjects/falcon/tests/test_uri_templates.py: 137.99460101127625
test_uuid_converter in /home/kaiyaok2/PythonProjects/falcon/tests/test_uri_templates.py: 138.07692217826843
test_int_converter in /home/kaiyaok2/PythonProjects/falcon/tests/test_uri_templates.py: 138.21040439605713
test_float_converter in /home/kaiyaok2/PythonProjects/falcon/tests/test_uri_templates.py: 140.27764916419983
test_single in /home/kaiyaok2/PythonProjects/falcon/tests/test_uri_templates.py: 140.36518239974976
test_float_converter in /home/kaiyaok2/PythonProjects/falcon/tests/test_uri_templates.py: 140.45239806175232
test_uuid_converter in /home/kaiyaok2/PythonProjects/falcon/tests/test_uri_templates.py: 140.53683042526245
test_adding_suffix_routes in /home/kaiyaok2/PythonProjects/falcon/tests/test_uri_templates.py: 140.6276557445526
test_float_converter in /home/kaiyaok2/PythonProjects/falcon/tests/test_uri_templates.py: 140.73883533477783
test_single_trailing_slash in /home/kaiyaok2/PythonProjects/falcon/tests/test_uri_templates.py: 140.8215630054474
test_float_converter in /home/kaiyaok2/PythonProjects/falcon/tests/test_uri_templates.py: 140.9285180568695
test_with_and_without_trailing_slash in /home/kaiyaok2/PythonProjects/falcon/tests/test_uri_templates.py: 141.0251224040985
test_float_converter in /home/kaiyaok2/PythonProjects/falcon/tests/test_uri_templates.py: 141.10975050926208
test_int_converter_rejections in /home/kaiyaok2/PythonProjects/falcon/tests/test_uri_templates.py: 142.76808881759644
test_float_converter in /home/kaiyaok2/PythonProjects/falcon/tests/test_uri_templates.py: 142.85798740386963
test_uuid_converter_complex_segment in /home/kaiyaok2/PythonProjects/falcon/tests/test_uri_templates.py: 142.93848586082458
test_datetime_converter in /home/kaiyaok2/PythonProjects/falcon/tests/test_uri_templates.py: 143.01889753341675
test_float_converter in /home/kaiyaok2/PythonProjects/falcon/tests/test_uri_templates.py: 143.10294127464294
test_float_converter_non_finite_disallowed in /home/kaiyaok2/PythonProjects/falcon/tests/test_uri_templates.py: 143.17896223068237
test_datetime_converter in /home/kaiyaok2/PythonProjects/falcon/tests/test_uri_templates.py: 143.260488986969
test_response_disable_secure_globally in /home/kaiyaok2/PythonProjects/falcon/tests/test_cookies.py: 143.3499813079834
test_cookie_timezone in /home/kaiyaok2/PythonProjects/falcon/tests/test_cookies.py: 143.43291759490967
test_lax_same_site_value in /home/kaiyaok2/PythonProjects/falcon/tests/test_cookies.py: 143.53135514259338
test_cookies_setable in /home/kaiyaok2/PythonProjects/falcon/tests/test_cookies.py: 145.1814022064209
test_response_unset_cookie in /home/kaiyaok2/PythonProjects/falcon/tests/test_cookies.py: 145.28500294685364
test_strict_same_site_value in /home/kaiyaok2/PythonProjects/falcon/tests/test_cookies.py: 145.3945450782776
test_cookie_expires_naive in /home/kaiyaok2/PythonProjects/falcon/tests/test_cookies.py: 145.47323560714722
test_cookie_expires_aware in /home/kaiyaok2/PythonProjects/falcon/tests/test_cookies.py: 145.553368806839
test_response_complex_case in /home/kaiyaok2/PythonProjects/falcon/tests/test_cookies.py: 145.628404378891
test_unset_cookies in /home/kaiyaok2/PythonProjects/falcon/tests/test_cookies.py: 145.70300388336182
test_response_base_case in /home/kaiyaok2/PythonProjects/falcon/tests/test_cookies.py: 145.79295110702515
test_none_same_site_value in /home/kaiyaok2/PythonProjects/falcon/tests/test_cookies.py: 145.88026022911072
test_cookie_max_age_float_and_string in /home/kaiyaok2/PythonProjects/falcon/tests/test_cookies.py: 145.96170902252197
test_same_site_empty_string in /home/kaiyaok2/PythonProjects/falcon/tests/test_cookies.py: 147.63571000099182
test_cookie_max_age_float_and_string in /home/kaiyaok2/PythonProjects/falcon/tests/test_cookies.py: 147.72104930877686
test_unset_cookies_samesite in /home/kaiyaok2/PythonProjects/falcon/tests/test_cookies.py: 147.80799221992493
test_load_app_error in /home/kaiyaok2/PythonProjects/falcon/tests/test_cmd_inspect_app.py: 148.55385041236877
test_load_app_error in /home/kaiyaok2/PythonProjects/falcon/tests/test_cmd_inspect_app.py: 148.61795091629028
test_load_app in /home/kaiyaok2/PythonProjects/falcon/tests/test_cmd_inspect_app.py: 148.68684911727905
test_load_app_error in /home/kaiyaok2/PythonProjects/falcon/tests/test_cmd_inspect_app.py: 148.7462818622589
test_load_app in /home/kaiyaok2/PythonProjects/falcon/tests/test_cmd_inspect_app.py: 148.80475664138794
test_routes_only in /home/kaiyaok2/PythonProjects/falcon/tests/test_cmd_inspect_app.py: 148.8690845966339
test_routes_only in /home/kaiyaok2/PythonProjects/falcon/tests/test_cmd_inspect_app.py: 148.93879556655884
test_inspect in /home/kaiyaok2/PythonProjects/falcon/tests/test_cmd_inspect_app.py: 148.9985864162445
test_inspect in /home/kaiyaok2/PythonProjects/falcon/tests/test_cmd_inspect_app.py: 149.058931350708
test_inspect in /home/kaiyaok2/PythonProjects/falcon/tests/test_cmd_inspect_app.py: 149.12564420700073
test_routes_only in /home/kaiyaok2/PythonProjects/falcon/tests/test_cmd_inspect_app.py: 149.18487238883972
test_inspect in /home/kaiyaok2/PythonProjects/falcon/tests/test_cmd_inspect_app.py: 149.2444019317627
test_routes_only in /home/kaiyaok2/PythonProjects/falcon/tests/test_cmd_inspect_app.py: 149.30950903892517
test_stream_has_private_read in /home/kaiyaok2/PythonProjects/falcon/tests/test_cython.py: 168.09959435462952
test_imported_from_c_modules in /home/kaiyaok2/PythonProjects/falcon/tests/test_cython.py: 168.10884737968445
test_handler_single_exception_iterable in /home/kaiyaok2/PythonProjects/falcon/tests/test_error_handlers.py: 168.2766330242157
test_invalid_add_exception_handler_input in /home/kaiyaok2/PythonProjects/falcon/tests/test_error_handlers.py: 168.37643933296204
test_invalid_add_exception_handler_input in /home/kaiyaok2/PythonProjects/falcon/tests/test_error_handlers.py: 168.4713659286499
test_caught_error in /home/kaiyaok2/PythonProjects/falcon/tests/test_error_handlers.py: 168.56736826896667
test_uncaught_python_error in /home/kaiyaok2/PythonProjects/falcon/tests/test_error_handlers.py: 168.66244292259216
test_handler_multiple_exception_iterable in /home/kaiyaok2/PythonProjects/falcon/tests/test_error_handlers.py: 168.7507767677307
test_uncaught_python_error in /home/kaiyaok2/PythonProjects/falcon/tests/test_error_handlers.py: 170.95215272903442
test_uncaught_python_error in /home/kaiyaok2/PythonProjects/falcon/tests/test_error_handlers.py: 171.0710129737854
test_error_precedence_subclass_order_indifference in /home/kaiyaok2/PythonProjects/falcon/tests/test_error_handlers.py: 171.15198421478271
test_invalid_add_exception_handler_input in /home/kaiyaok2/PythonProjects/falcon/tests/test_error_handlers.py: 171.2533576488495
test_error_precedence_duplicate in /home/kaiyaok2/PythonProjects/falcon/tests/test_error_handlers.py: 171.37002539634705
test_handler_multiple_exception_iterable in /home/kaiyaok2/PythonProjects/falcon/tests/test_error_handlers.py: 171.50806832313538
test_error_precedence_subclass in /home/kaiyaok2/PythonProjects/falcon/tests/test_error_handlers.py: 171.60874390602112
test_subclass_error in /home/kaiyaok2/PythonProjects/falcon/tests/test_error_handlers.py: 171.70481944084167
test_uncaught_error_else in /home/kaiyaok2/PythonProjects/falcon/tests/test_error_handlers.py: 171.81000995635986
test_handle_not_defined in /home/kaiyaok2/PythonProjects/falcon/tests/test_error_handlers.py: 171.9033362865448
test_invalid_add_exception_handler_input in /home/kaiyaok2/PythonProjects/falcon/tests/test_error_handlers.py: 174.01175665855408
test_converted_error in /home/kaiyaok2/PythonProjects/falcon/tests/test_error_handlers.py: 174.11374592781067
test_uncaught_error in /home/kaiyaok2/PythonProjects/falcon/tests/test_error_handlers.py: 174.22591829299927
test_media_is_set in /home/kaiyaok2/PythonProjects/falcon/tests/test_error_handlers.py: 174.343980550766
test_data_is_set in /home/kaiyaok2/PythonProjects/falcon/tests/test_error_handlers.py: 174.4402151107788
test_body_is_set in /home/kaiyaok2/PythonProjects/falcon/tests/test_error_handlers.py: 174.5148458480835
test_body_is_set in /home/kaiyaok2/PythonProjects/falcon/tests/test_error_handlers.py: 174.62571668624878
test_media_is_set in /home/kaiyaok2/PythonProjects/falcon/tests/test_error_handlers.py: 174.71979069709778
test_data_is_set in /home/kaiyaok2/PythonProjects/falcon/tests/test_error_handlers.py: 174.84190154075623
test_middleware in /home/kaiyaok2/PythonProjects/falcon/tests/test_inspect.py: 180.4474184513092
test_routes in /home/kaiyaok2/PythonProjects/falcon/tests/test_inspect.py: 182.55182266235352
test_middleware_tree in /home/kaiyaok2/PythonProjects/falcon/tests/test_inspect.py: 182.64615964889526
test_app in /home/kaiyaok2/PythonProjects/falcon/tests/test_inspect.py: 182.71853065490723
test_error_handler in /home/kaiyaok2/PythonProjects/falcon/tests/test_inspect.py: 182.80698704719543
test_static_routes in /home/kaiyaok2/PythonProjects/falcon/tests/test_inspect.py: 182.8921389579773
test_sink in /home/kaiyaok2/PythonProjects/falcon/tests/test_inspect.py: 182.97675037384033
test_custom_serializer_no_representation in /home/kaiyaok2/PythonProjects/falcon/tests/test_httperror.py: 185.53603386878967
test_429_no_retry_after in /home/kaiyaok2/PythonProjects/falcon/tests/test_httperror.py: 185.65486812591553
test_405_without_body_with_extra_headers_double_check in /home/kaiyaok2/PythonProjects/falcon/tests/test_httperror.py: 185.7608060836792
test_epic_fail_xml in /home/kaiyaok2/PythonProjects/falcon/tests/test_httperror.py: 185.86550760269165
test_410_with_body in /home/kaiyaok2/PythonProjects/falcon/tests/test_httperror.py: 187.97472524642944
test_title_default_message_if_none in /home/kaiyaok2/PythonProjects/falcon/tests/test_httperror.py: 188.1046416759491
test_client_does_not_accept_anything in /home/kaiyaok2/PythonProjects/falcon/tests/test_httperror.py: 188.23618364334106
test_temporary_413_datetime_retry_after in /home/kaiyaok2/PythonProjects/falcon/tests/test_httperror.py: 188.39424633979797
test_414 in /home/kaiyaok2/PythonProjects/falcon/tests/test_httperror.py: 188.50262427330017
test_404_without_body in /home/kaiyaok2/PythonProjects/falcon/tests/test_httperror.py: 188.60166382789612
test_title_default_message_if_none in /home/kaiyaok2/PythonProjects/falcon/tests/test_httperror.py: 188.71708059310913
test_base_class in /home/kaiyaok2/PythonProjects/falcon/tests/test_httperror.py: 188.83195090293884
test_forbidden in /home/kaiyaok2/PythonProjects/falcon/tests/test_httperror.py: 190.98953461647034
test_invalid_param in /home/kaiyaok2/PythonProjects/falcon/tests/test_httperror.py: 191.14429235458374
test_405_without_body in /home/kaiyaok2/PythonProjects/falcon/tests/test_httperror.py: 191.29716849327087
test_411 in /home/kaiyaok2/PythonProjects/falcon/tests/test_httperror.py: 191.42464518547058
test_429 in /home/kaiyaok2/PythonProjects/falcon/tests/test_httperror.py: 191.5410614013672
test_503_datetime_retry_after in /home/kaiyaok2/PythonProjects/falcon/tests/test_httperror.py: 191.63423991203308
test_epic_fail_json in /home/kaiyaok2/PythonProjects/falcon/tests/test_httperror.py: 191.75971388816833
test_epic_fail_xml in /home/kaiyaok2/PythonProjects/falcon/tests/test_httperror.py: 191.87895584106445
test_429_datetime in /home/kaiyaok2/PythonProjects/falcon/tests/test_httperror.py: 194.03406143188477
test_405_without_body_with_extra_headers in /home/kaiyaok2/PythonProjects/falcon/tests/test_httperror.py: 194.16864562034607
test_no_description_json in /home/kaiyaok2/PythonProjects/falcon/tests/test_httperror.py: 194.2929744720459
test_no_description_xml in /home/kaiyaok2/PythonProjects/falcon/tests/test_httperror.py: 194.42837762832642
test_416 in /home/kaiyaok2/PythonProjects/falcon/tests/test_httperror.py: 194.55156707763672
test_serialize_error_uses_media_handler in /home/kaiyaok2/PythonProjects/falcon/tests/test_httperror.py: 194.65962433815002
test_client_does_not_accept_json_or_xml in /home/kaiyaok2/PythonProjects/falcon/tests/test_httperror.py: 194.762943983078
test_forbidden in /home/kaiyaok2/PythonProjects/falcon/tests/test_httperror.py: 194.8761534690857
test_custom_error_serializer_optional_representation in /home/kaiyaok2/PythonProjects/falcon/tests/test_httperror.py: 196.9618227481842
test_503_integer_retry_after in /home/kaiyaok2/PythonProjects/falcon/tests/test_httperror.py: 197.12600016593933
test_unicode_json in /home/kaiyaok2/PythonProjects/falcon/tests/test_httperror.py: 197.27618265151978
test_title_default_message_if_none in /home/kaiyaok2/PythonProjects/falcon/tests/test_httperror.py: 197.4373118877411
test_414_with_description in /home/kaiyaok2/PythonProjects/falcon/tests/test_httperror.py: 197.53236508369446
test_title_default_message_if_none in /home/kaiyaok2/PythonProjects/falcon/tests/test_httperror.py: 197.6502170562744
test_title_default_message_if_none in /home/kaiyaok2/PythonProjects/falcon/tests/test_httperror.py: 197.77295184135437
test_401 in /home/kaiyaok2/PythonProjects/falcon/tests/test_httperror.py: 197.92337346076965
test_title_default_message_if_none in /home/kaiyaok2/PythonProjects/falcon/tests/test_httperror.py: 200.06597566604614
test_custom_error_serializer_optional_representation in /home/kaiyaok2/PythonProjects/falcon/tests/test_httperror.py: 200.25512170791626
test_invalid_header in /home/kaiyaok2/PythonProjects/falcon/tests/test_httperror.py: 200.4336051940918
test_temporary_413_integer_retry_after in /home/kaiyaok2/PythonProjects/falcon/tests/test_httperror.py: 200.5494260787964
test_epic_fail_xml in /home/kaiyaok2/PythonProjects/falcon/tests/test_httperror.py: 200.68041372299194
test_414_with_title in /home/kaiyaok2/PythonProjects/falcon/tests/test_httperror.py: 200.82087755203247
test_414_with_custom_kwargs in /home/kaiyaok2/PythonProjects/falcon/tests/test_httperror.py: 200.95579624176025
test_custom_error_serializer_optional_representation in /home/kaiyaok2/PythonProjects/falcon/tests/test_httperror.py: 201.07861304283142
test_413 in /home/kaiyaok2/PythonProjects/falcon/tests/test_httperror.py: 201.2332763671875
test_custom_error_serializer_optional_representation in /home/kaiyaok2/PythonProjects/falcon/tests/test_httperror.py: 203.40933418273926
test_serialize_no_json_media_handler in /home/kaiyaok2/PythonProjects/falcon/tests/test_httperror.py: 203.54144883155823
test_unicode_xml in /home/kaiyaok2/PythonProjects/falcon/tests/test_httperror.py: 203.70471334457397
test_missing_header in /home/kaiyaok2/PythonProjects/falcon/tests/test_httperror.py: 203.81371140480042
test_forbidden in /home/kaiyaok2/PythonProjects/falcon/tests/test_httperror.py: 203.94489669799805
test_misc in /home/kaiyaok2/PythonProjects/falcon/tests/test_httperror.py: 204.09152555465698
test_404_with_body in /home/kaiyaok2/PythonProjects/falcon/tests/test_httperror.py: 204.20238327980042
test_410_without_body in /home/kaiyaok2/PythonProjects/falcon/tests/test_httperror.py: 206.34403038024902
test_405_with_body in /home/kaiyaok2/PythonProjects/falcon/tests/test_httperror.py: 206.46941947937012
test_custom_error_serializer in /home/kaiyaok2/PythonProjects/falcon/tests/test_httperror.py: 206.59274888038635
test_missing_param in /home/kaiyaok2/PythonProjects/falcon/tests/test_httperror.py: 206.722909450531
test_epic_fail_xml in /home/kaiyaok2/PythonProjects/falcon/tests/test_httperror.py: 206.84465742111206
test_report in /home/kaiyaok2/PythonProjects/falcon/tests/test_http_method_routing.py: 207.61390924453735
test_methods_not_allowed_complex in /home/kaiyaok2/PythonProjects/falcon/tests/test_http_method_routing.py: 207.74823355674744
test_method_not_allowed_with_param in /home/kaiyaok2/PythonProjects/falcon/tests/test_http_method_routing.py: 207.8588526248932
test_meta_and_others_disallowed in /home/kaiyaok2/PythonProjects/falcon/tests/test_http_method_routing.py: 207.98340010643005
test_get in /home/kaiyaok2/PythonProjects/falcon/tests/test_http_method_routing.py: 208.08182764053345
test_default_on_options in /home/kaiyaok2/PythonProjects/falcon/tests/test_http_method_routing.py: 208.17901492118835
test_post_not_allowed in /home/kaiyaok2/PythonProjects/falcon/tests/test_http_method_routing.py: 210.3626697063446
test_misc in /home/kaiyaok2/PythonProjects/falcon/tests/test_http_method_routing.py: 210.47135257720947
test_put in /home/kaiyaok2/PythonProjects/falcon/tests/test_http_method_routing.py: 210.58981657028198
test_on_options in /home/kaiyaok2/PythonProjects/falcon/tests/test_http_method_routing.py: 210.6859655380249
test_methods_not_allowed_simple in /home/kaiyaok2/PythonProjects/falcon/tests/test_http_method_routing.py: 210.78635716438293
test_meta_and_others_disallowed in /home/kaiyaok2/PythonProjects/falcon/tests/test_http_method_routing.py: 210.88900923728943
test_inner_mw_throw_exception_while_processing_resp in /home/kaiyaok2/PythonProjects/falcon/tests/test_middleware.py: 212.58675718307495
test_order_mw_executed_when_exception_in_req in /home/kaiyaok2/PythonProjects/falcon/tests/test_middleware.py: 212.66992115974426
test_generate_trans_id_and_time_with_request in /home/kaiyaok2/PythonProjects/falcon/tests/test_middleware.py: 214.43699669837952
test_inner_mw_throw_exception in /home/kaiyaok2/PythonProjects/falcon/tests/test_middleware.py: 214.52886748313904
test_independent_middleware_execution_order in /home/kaiyaok2/PythonProjects/falcon/tests/test_middleware.py: 214.61826539039612
test_inner_mw_with_ex_handler_throw_exception in /home/kaiyaok2/PythonProjects/falcon/tests/test_middleware.py: 214.69691634178162
test_generate_trans_id_and_time_with_request in /home/kaiyaok2/PythonProjects/falcon/tests/test_middleware.py: 214.79127144813538
test_order_mw_executed_when_exception_in_rsrc in /home/kaiyaok2/PythonProjects/falcon/tests/test_middleware.py: 214.87057304382324
test_outer_mw_with_ex_handler_throw_exception in /home/kaiyaok2/PythonProjects/falcon/tests/test_middleware.py: 214.9569354057312
test_legacy_middleware_called_with_correct_args in /home/kaiyaok2/PythonProjects/falcon/tests/test_middleware.py: 215.0351688861847
test_order_independent_mw_executed_when_exception_in_resp in /home/kaiyaok2/PythonProjects/falcon/tests/test_middleware.py: 215.1128330230713
test_middleware_execution_order in /home/kaiyaok2/PythonProjects/falcon/tests/test_middleware.py: 215.19618940353394
test_multiple_response_mw_throw_exception in /home/kaiyaok2/PythonProjects/falcon/tests/test_middleware.py: 215.27723836898804
test_order_independent_mw_executed_when_exception_in_req in /home/kaiyaok2/PythonProjects/falcon/tests/test_middleware.py: 215.3624837398529
test_order_mw_executed_when_exception_in_resp in /home/kaiyaok2/PythonProjects/falcon/tests/test_middleware.py: 217.09083914756775
test_order_independent_mw_executed_when_exception_in_rsrc in /home/kaiyaok2/PythonProjects/falcon/tests/test_middleware.py: 217.17341136932373
test_base_path_is_removed_before_routing in /home/kaiyaok2/PythonProjects/falcon/tests/test_middleware.py: 217.26349902153015
test_generate_trans_id_with_request in /home/kaiyaok2/PythonProjects/falcon/tests/test_middleware.py: 217.3532111644745
test_dont_need_params_in_signature in /home/kaiyaok2/PythonProjects/falcon/tests/test_middleware.py: 217.436918258667
test_process_request_cached in /home/kaiyaok2/PythonProjects/falcon/tests/test_middleware.py: 217.53020572662354
test_process_resource_cached in /home/kaiyaok2/PythonProjects/falcon/tests/test_middleware.py: 217.6235384941101
test_process_resource_cached in /home/kaiyaok2/PythonProjects/falcon/tests/test_middleware.py: 217.71071434020996
test_process_request_not_cached in /home/kaiyaok2/PythonProjects/falcon/tests/test_middleware.py: 217.8040416240692
test_process_request_cached in /home/kaiyaok2/PythonProjects/falcon/tests/test_middleware.py: 219.8981237411499
test_can_access_resource_params in /home/kaiyaok2/PythonProjects/falcon/tests/test_middleware.py: 220.04056549072266
test_can_access_resource_params in /home/kaiyaok2/PythonProjects/falcon/tests/test_middleware.py: 220.17678785324097
test_log_get_request in /home/kaiyaok2/PythonProjects/falcon/tests/test_middleware.py: 220.32960724830627
test_skip_process_resource in /home/kaiyaok2/PythonProjects/falcon/tests/test_middleware.py: 220.47537231445312
test_log_get_request in /home/kaiyaok2/PythonProjects/falcon/tests/test_middleware.py: 220.61799311637878
test_response_middleware_raises_exception in /home/kaiyaok2/PythonProjects/falcon/tests/test_middleware.py: 220.73678994178772
test_error_composed_before_resp_middleware_called in /home/kaiyaok2/PythonProjects/falcon/tests/test_middleware.py: 220.84252953529358
test_http_status_raised_from_error_handler in /home/kaiyaok2/PythonProjects/falcon/tests/test_middleware.py: 220.94742822647095
test_api_initialization_with_cors_enabled_and_middleware_param in /home/kaiyaok2/PythonProjects/falcon/tests/test_middleware.py: 222.6674611568451
test_api_initialization_with_cors_enabled_and_middleware_param in /home/kaiyaok2/PythonProjects/falcon/tests/test_middleware.py: 222.75694251060486
test_api_initialization_with_cors_enabled_and_middleware_param in /home/kaiyaok2/PythonProjects/falcon/tests/test_middleware.py: 222.83806848526
test_api_initialization_with_cors_enabled_and_middleware_param in /home/kaiyaok2/PythonProjects/falcon/tests/test_middleware.py: 222.9350025653839
test_response_body_rendition_error in /home/kaiyaok2/PythonProjects/falcon/tests/test_response_body.py: 223.0045771598816
test_unsupported_response_content_type in /home/kaiyaok2/PythonProjects/falcon/tests/test_response_body.py: 223.07452297210693
test_content_length_set_on_head_with_no_body in /home/kaiyaok2/PythonProjects/falcon/tests/test_response_body.py: 223.1421103477478
