test_jsonchema_validator in /home/kaiyaok2/PythonProjects/falcon/tests/asgi/test_cythonized_asgi.py: 44.19598317146301
test_hooks in /home/kaiyaok2/PythonProjects/falcon/tests/asgi/test_cythonized_asgi.py: 45.85021615028381
test_wrapped_resource in /home/kaiyaok2/PythonProjects/falcon/tests/test_after_hooks.py: 106.56063508987427
test_resource_with_uri_fields in /home/kaiyaok2/PythonProjects/falcon/tests/test_after_hooks.py: 106.69665956497192
test_wrapped_resource_with_hooks_aware_of_resource in /home/kaiyaok2/PythonProjects/falcon/tests/test_after_hooks.py: 106.82179617881775
test_wrapped_resource in /home/kaiyaok2/PythonProjects/falcon/tests/test_after_hooks.py: 107.00395369529724
test_resource_with_uri_fields in /home/kaiyaok2/PythonProjects/falcon/tests/test_after_hooks.py: 107.14285635948181
test_response_middleware_raises_exception in /home/kaiyaok2/PythonProjects/falcon/tests/test_middleware.py: 107.43607902526855
test_log_get_request in /home/kaiyaok2/PythonProjects/falcon/tests/test_middleware.py: 109.8369824886322
test_skip_process_resource in /home/kaiyaok2/PythonProjects/falcon/tests/test_middleware.py: 110.00583171844482
test_log_get_request in /home/kaiyaok2/PythonProjects/falcon/tests/test_middleware.py: 110.17911100387573
test_api_initialization_with_cors_enabled_and_middleware_param in /home/kaiyaok2/PythonProjects/falcon/tests/test_middleware.py: 110.34907555580139
test_api_initialization_with_cors_enabled_and_middleware_param in /home/kaiyaok2/PythonProjects/falcon/tests/test_middleware.py: 110.50277400016785
test_api_initialization_with_cors_enabled_and_middleware_param in /home/kaiyaok2/PythonProjects/falcon/tests/test_middleware.py: 110.63107657432556
test_api_initialization_with_cors_enabled_and_middleware_param in /home/kaiyaok2/PythonProjects/falcon/tests/test_middleware.py: 110.77068972587585
test_dont_need_params_in_signature in /home/kaiyaok2/PythonProjects/falcon/tests/test_middleware.py: 110.92145800590515
test_process_request_cached in /home/kaiyaok2/PythonProjects/falcon/tests/test_middleware.py: 111.08905744552612
test_process_request_cached in /home/kaiyaok2/PythonProjects/falcon/tests/test_middleware.py: 113.46455383300781
test_process_request_not_cached in /home/kaiyaok2/PythonProjects/falcon/tests/test_middleware.py: 113.65055847167969
test_process_resource_cached in /home/kaiyaok2/PythonProjects/falcon/tests/test_middleware.py: 113.79586625099182
test_process_resource_cached in /home/kaiyaok2/PythonProjects/falcon/tests/test_middleware.py: 113.9524130821228
test_inner_mw_throw_exception_while_processing_resp in /home/kaiyaok2/PythonProjects/falcon/tests/test_middleware.py: 114.12580800056458
test_order_mw_executed_when_exception_in_req in /home/kaiyaok2/PythonProjects/falcon/tests/test_middleware.py: 114.27063703536987
test_inner_mw_with_ex_handler_throw_exception in /home/kaiyaok2/PythonProjects/falcon/tests/test_middleware.py: 114.40483450889587
test_legacy_middleware_called_with_correct_args in /home/kaiyaok2/PythonProjects/falcon/tests/test_middleware.py: 114.52210211753845
test_generate_trans_id_and_time_with_request in /home/kaiyaok2/PythonProjects/falcon/tests/test_middleware.py: 114.69065690040588
test_order_independent_mw_executed_when_exception_in_resp in /home/kaiyaok2/PythonProjects/falcon/tests/test_middleware.py: 114.80706763267517
test_outer_mw_with_ex_handler_throw_exception in /home/kaiyaok2/PythonProjects/falcon/tests/test_middleware.py: 117.17021083831787
test_order_mw_executed_when_exception_in_resp in /home/kaiyaok2/PythonProjects/falcon/tests/test_middleware.py: 117.34922289848328
test_multiple_response_mw_throw_exception in /home/kaiyaok2/PythonProjects/falcon/tests/test_middleware.py: 117.50132513046265
test_order_mw_executed_when_exception_in_rsrc in /home/kaiyaok2/PythonProjects/falcon/tests/test_middleware.py: 117.63950443267822
test_order_independent_mw_executed_when_exception_in_rsrc in /home/kaiyaok2/PythonProjects/falcon/tests/test_middleware.py: 117.75788164138794
test_order_independent_mw_executed_when_exception_in_req in /home/kaiyaok2/PythonProjects/falcon/tests/test_middleware.py: 117.90408539772034
test_middleware_execution_order in /home/kaiyaok2/PythonProjects/falcon/tests/test_middleware.py: 118.05246496200562
test_independent_middleware_execution_order in /home/kaiyaok2/PythonProjects/falcon/tests/test_middleware.py: 118.20033192634583
test_inner_mw_throw_exception in /home/kaiyaok2/PythonProjects/falcon/tests/test_middleware.py: 120.58803796768188
test_generate_trans_id_and_time_with_request in /home/kaiyaok2/PythonProjects/falcon/tests/test_middleware.py: 120.75233268737793
test_base_path_is_removed_before_routing in /home/kaiyaok2/PythonProjects/falcon/tests/test_middleware.py: 120.93302345275879
test_can_access_resource_params in /home/kaiyaok2/PythonProjects/falcon/tests/test_middleware.py: 121.07756495475769
test_can_access_resource_params in /home/kaiyaok2/PythonProjects/falcon/tests/test_middleware.py: 121.24803972244263
test_http_status_raised_from_error_handler in /home/kaiyaok2/PythonProjects/falcon/tests/test_middleware.py: 121.3943099975586
test_error_composed_before_resp_middleware_called in /home/kaiyaok2/PythonProjects/falcon/tests/test_middleware.py: 121.55096006393433
test_generate_trans_id_with_request in /home/kaiyaok2/PythonProjects/falcon/tests/test_middleware.py: 121.70855498313904
test_middleware in /home/kaiyaok2/PythonProjects/falcon/tests/test_inspect.py: 121.9287211894989
test_middleware_tree in /home/kaiyaok2/PythonProjects/falcon/tests/test_inspect.py: 122.02736234664917
test_routes in /home/kaiyaok2/PythonProjects/falcon/tests/test_inspect.py: 122.16301560401917
test_error_handler in /home/kaiyaok2/PythonProjects/falcon/tests/test_inspect.py: 124.65410256385803
test_static_routes in /home/kaiyaok2/PythonProjects/falcon/tests/test_inspect.py: 124.79150032997131
test_app in /home/kaiyaok2/PythonProjects/falcon/tests/test_inspect.py: 124.89409685134888
test_sink in /home/kaiyaok2/PythonProjects/falcon/tests/test_inspect.py: 125.03639698028564
test_map_http_methods in /home/kaiyaok2/PythonProjects/falcon/tests/test_http_custom_method_routing.py: 127.01390600204468
test_bar in /home/kaiyaok2/PythonProjects/falcon/tests/test_http_custom_method_routing.py: 127.13936448097229
test_foo in /home/kaiyaok2/PythonProjects/falcon/tests/test_http_custom_method_routing.py: 127.26872563362122
test_float_converter in /home/kaiyaok2/PythonProjects/falcon/tests/test_uri_templates.py: 142.2920446395874
test_uuid_converter in /home/kaiyaok2/PythonProjects/falcon/tests/test_uri_templates.py: 142.37429070472717
test_float_converter in /home/kaiyaok2/PythonProjects/falcon/tests/test_uri_templates.py: 144.14730715751648
test_multiple in /home/kaiyaok2/PythonProjects/falcon/tests/test_uri_templates.py: 144.24158644676208
test_datetime_converter in /home/kaiyaok2/PythonProjects/falcon/tests/test_uri_templates.py: 144.36276030540466
test_float_converter in /home/kaiyaok2/PythonProjects/falcon/tests/test_uri_templates.py: 144.4845371246338
test_uuid_converter in /home/kaiyaok2/PythonProjects/falcon/tests/test_uri_templates.py: 144.62272453308105
test_single in /home/kaiyaok2/PythonProjects/falcon/tests/test_uri_templates.py: 144.78741216659546
test_float_converter in /home/kaiyaok2/PythonProjects/falcon/tests/test_uri_templates.py: 144.9448597431183
test_float_converter in /home/kaiyaok2/PythonProjects/falcon/tests/test_uri_templates.py: 145.1009213924408
test_root_path in /home/kaiyaok2/PythonProjects/falcon/tests/test_uri_templates.py: 145.24807024002075
test_with_and_without_trailing_slash in /home/kaiyaok2/PythonProjects/falcon/tests/test_uri_templates.py: 145.3730001449585
test_single in /home/kaiyaok2/PythonProjects/falcon/tests/test_uri_templates.py: 147.3021683692932
test_int_converter_rejections in /home/kaiyaok2/PythonProjects/falcon/tests/test_uri_templates.py: 147.39094924926758
test_int_converter_rejections in /home/kaiyaok2/PythonProjects/falcon/tests/test_uri_templates.py: 147.4872601032257
test_float_converter_non_finite_allowed in /home/kaiyaok2/PythonProjects/falcon/tests/test_uri_templates.py: 147.59012961387634
test_int_converter in /home/kaiyaok2/PythonProjects/falcon/tests/test_uri_templates.py: 147.73182368278503
test_converter_custom in /home/kaiyaok2/PythonProjects/falcon/tests/test_uri_templates.py: 147.8166217803955
test_converter_custom in /home/kaiyaok2/PythonProjects/falcon/tests/test_uri_templates.py: 147.89986419677734
test_same_level_complex_var in /home/kaiyaok2/PythonProjects/falcon/tests/test_uri_templates.py: 147.98513078689575
test_datetime_converter in /home/kaiyaok2/PythonProjects/falcon/tests/test_uri_templates.py: 148.06697964668274
test_float_converter in /home/kaiyaok2/PythonProjects/falcon/tests/test_uri_templates.py: 148.16110348701477
test_float_converter in /home/kaiyaok2/PythonProjects/falcon/tests/test_uri_templates.py: 149.84907126426697
test_single_trailing_slash in /home/kaiyaok2/PythonProjects/falcon/tests/test_uri_templates.py: 149.9324848651886
test_no_vars in /home/kaiyaok2/PythonProjects/falcon/tests/test_uri_templates.py: 150.0423367023468
test_datetime_converter in /home/kaiyaok2/PythonProjects/falcon/tests/test_uri_templates.py: 150.14727354049683
test_int_converter_rejections in /home/kaiyaok2/PythonProjects/falcon/tests/test_uri_templates.py: 150.23453736305237
test_single_path_segment in /home/kaiyaok2/PythonProjects/falcon/tests/test_uri_templates.py: 150.32516956329346
test_uuid_converter in /home/kaiyaok2/PythonProjects/falcon/tests/test_uri_templates.py: 150.40389966964722
test_single in /home/kaiyaok2/PythonProjects/falcon/tests/test_uri_templates.py: 150.49344158172607
test_uuid_converter in /home/kaiyaok2/PythonProjects/falcon/tests/test_uri_templates.py: 150.5717794895172
test_adding_suffix_routes in /home/kaiyaok2/PythonProjects/falcon/tests/test_uri_templates.py: 152.47773098945618
test_int_converter in /home/kaiyaok2/PythonProjects/falcon/tests/test_uri_templates.py: 152.57826828956604
test_special_chars in /home/kaiyaok2/PythonProjects/falcon/tests/test_uri_templates.py: 152.6686351299286
test_uuid_converter in /home/kaiyaok2/PythonProjects/falcon/tests/test_uri_templates.py: 152.74819421768188
test_float_converter in /home/kaiyaok2/PythonProjects/falcon/tests/test_uri_templates.py: 152.8522253036499
test_uuid_converter in /home/kaiyaok2/PythonProjects/falcon/tests/test_uri_templates.py: 152.94375371932983
test_int_converter in /home/kaiyaok2/PythonProjects/falcon/tests/test_uri_templates.py: 153.0561454296112
test_float_converter in /home/kaiyaok2/PythonProjects/falcon/tests/test_uri_templates.py: 153.15804743766785
test_float_converter in /home/kaiyaok2/PythonProjects/falcon/tests/test_uri_templates.py: 153.2617552280426
test_uuid_converter_complex_segment in /home/kaiyaok2/PythonProjects/falcon/tests/test_uri_templates.py: 153.36544346809387
test_datetime_converter in /home/kaiyaok2/PythonProjects/falcon/tests/test_uri_templates.py: 155.1190209388733
test_float_converter_non_finite_allowed in /home/kaiyaok2/PythonProjects/falcon/tests/test_uri_templates.py: 155.25882697105408
test_float_converter in /home/kaiyaok2/PythonProjects/falcon/tests/test_uri_templates.py: 155.36477208137512
test_with_and_without_trailing_slash in /home/kaiyaok2/PythonProjects/falcon/tests/test_uri_templates.py: 155.47791862487793
test_float_converter in /home/kaiyaok2/PythonProjects/falcon/tests/test_uri_templates.py: 155.56628584861755
test_converter_custom in /home/kaiyaok2/PythonProjects/falcon/tests/test_uri_templates.py: 155.64637303352356
test_float_converter_non_finite_disallowed in /home/kaiyaok2/PythonProjects/falcon/tests/test_uri_templates.py: 155.72365999221802
test_same_level_complex_var in /home/kaiyaok2/PythonProjects/falcon/tests/test_uri_templates.py: 155.8177330493927
test_int_converter in /home/kaiyaok2/PythonProjects/falcon/tests/test_uri_templates.py: 155.92065906524658
test_float_converter_non_finite_allowed in /home/kaiyaok2/PythonProjects/falcon/tests/test_uri_templates.py: 157.94611048698425
test_json_err_no_handler in /home/kaiyaok2/PythonProjects/falcon/tests/test_media_handlers.py: 158.285950422287
test_json_err_no_handler in /home/kaiyaok2/PythonProjects/falcon/tests/test_media_handlers.py: 158.52633023262024
test_field_validator in /home/kaiyaok2/PythonProjects/falcon/tests/test_before_hooks.py: 175.62850308418274
test_multiple_resource_hooks in /home/kaiyaok2/PythonProjects/falcon/tests/test_before_hooks.py: 175.7461223602295
test_wrapped_resource in /home/kaiyaok2/PythonProjects/falcon/tests/test_before_hooks.py: 175.83845114707947
test_field_validator in /home/kaiyaok2/PythonProjects/falcon/tests/test_before_hooks.py: 175.93776321411133
test_field_validator in /home/kaiyaok2/PythonProjects/falcon/tests/test_before_hooks.py: 176.02473640441895
test_multiple_resource_hooks in /home/kaiyaok2/PythonProjects/falcon/tests/test_before_hooks.py: 176.14465880393982
test_input_validator_inherited in /home/kaiyaok2/PythonProjects/falcon/tests/test_before_hooks.py: 178.02733540534973
test_piggybacking_resource_post_item in /home/kaiyaok2/PythonProjects/falcon/tests/test_before_hooks.py: 178.12005376815796
test_wrapped_resource_with_hooks_aware_of_resource in /home/kaiyaok2/PythonProjects/falcon/tests/test_before_hooks.py: 178.22751474380493
test_input_validator in /home/kaiyaok2/PythonProjects/falcon/tests/test_before_hooks.py: 178.30837750434875
test_param_validator in /home/kaiyaok2/PythonProjects/falcon/tests/test_before_hooks.py: 178.43656969070435
test_piggybacking_resource_post_and_delete in /home/kaiyaok2/PythonProjects/falcon/tests/test_before_hooks.py: 178.53452682495117
test_stream_has_private_read in /home/kaiyaok2/PythonProjects/falcon/tests/test_cython.py: 178.80207872390747
test_imported_from_c_modules in /home/kaiyaok2/PythonProjects/falcon/tests/test_cython.py: 178.80892848968506
test_401 in /home/kaiyaok2/PythonProjects/falcon/tests/test_httperror.py: 198.42720770835876
test_429 in /home/kaiyaok2/PythonProjects/falcon/tests/test_httperror.py: 198.51971459388733
test_no_description_json in /home/kaiyaok2/PythonProjects/falcon/tests/test_httperror.py: 198.61031532287598
test_405_without_body_with_extra_headers_double_check in /home/kaiyaok2/PythonProjects/falcon/tests/test_httperror.py: 200.48391318321228
test_custom_error_serializer in /home/kaiyaok2/PythonProjects/falcon/tests/test_httperror.py: 200.59965348243713
test_epic_fail_json in /home/kaiyaok2/PythonProjects/falcon/tests/test_httperror.py: 200.70433497428894
test_forbidden in /home/kaiyaok2/PythonProjects/falcon/tests/test_httperror.py: 200.81434082984924
test_epic_fail_xml in /home/kaiyaok2/PythonProjects/falcon/tests/test_httperror.py: 200.93743515014648
test_custom_serializer_no_representation in /home/kaiyaok2/PythonProjects/falcon/tests/test_httperror.py: 201.04147791862488
test_invalid_param in /home/kaiyaok2/PythonProjects/falcon/tests/test_httperror.py: 201.1528241634369
test_missing_header in /home/kaiyaok2/PythonProjects/falcon/tests/test_httperror.py: 201.2607238292694
test_410_without_body in /home/kaiyaok2/PythonProjects/falcon/tests/test_httperror.py: 201.3630051612854
test_missing_param in /home/kaiyaok2/PythonProjects/falcon/tests/test_httperror.py: 203.15495204925537
test_405_with_body in /home/kaiyaok2/PythonProjects/falcon/tests/test_httperror.py: 203.25764393806458
test_410_with_body in /home/kaiyaok2/PythonProjects/falcon/tests/test_httperror.py: 203.37037181854248
test_503_datetime_retry_after in /home/kaiyaok2/PythonProjects/falcon/tests/test_httperror.py: 203.47944569587708
test_414 in /home/kaiyaok2/PythonProjects/falcon/tests/test_httperror.py: 203.57071828842163
test_client_does_not_accept_anything in /home/kaiyaok2/PythonProjects/falcon/tests/test_httperror.py: 203.6617169380188
test_413 in /home/kaiyaok2/PythonProjects/falcon/tests/test_httperror.py: 203.75038599967957
test_title_default_message_if_none in /home/kaiyaok2/PythonProjects/falcon/tests/test_httperror.py: 203.86604571342468
test_serialize_no_json_media_handler in /home/kaiyaok2/PythonProjects/falcon/tests/test_httperror.py: 205.70426297187805
test_title_default_message_if_none in /home/kaiyaok2/PythonProjects/falcon/tests/test_httperror.py: 205.82444524765015
test_unicode_json in /home/kaiyaok2/PythonProjects/falcon/tests/test_httperror.py: 205.9255952835083
test_misc in /home/kaiyaok2/PythonProjects/falcon/tests/test_httperror.py: 206.02508163452148
test_serialize_error_uses_media_handler in /home/kaiyaok2/PythonProjects/falcon/tests/test_httperror.py: 206.15348887443542
test_epic_fail_xml in /home/kaiyaok2/PythonProjects/falcon/tests/test_httperror.py: 206.28401446342468
test_title_default_message_if_none in /home/kaiyaok2/PythonProjects/falcon/tests/test_httperror.py: 206.37067484855652
test_414_with_custom_kwargs in /home/kaiyaok2/PythonProjects/falcon/tests/test_httperror.py: 206.47533297538757
test_base_class in /home/kaiyaok2/PythonProjects/falcon/tests/test_httperror.py: 208.1971251964569
test_unicode_xml in /home/kaiyaok2/PythonProjects/falcon/tests/test_httperror.py: 208.29498887062073
test_title_default_message_if_none in /home/kaiyaok2/PythonProjects/falcon/tests/test_httperror.py: 208.40061020851135
test_temporary_413_integer_retry_after in /home/kaiyaok2/PythonProjects/falcon/tests/test_httperror.py: 208.53920578956604
test_forbidden in /home/kaiyaok2/PythonProjects/falcon/tests/test_httperror.py: 208.67140316963196
test_title_default_message_if_none in /home/kaiyaok2/PythonProjects/falcon/tests/test_httperror.py: 208.8020408153534
test_503_integer_retry_after in /home/kaiyaok2/PythonProjects/falcon/tests/test_httperror.py: 208.89784383773804
test_invalid_header in /home/kaiyaok2/PythonProjects/falcon/tests/test_httperror.py: 209.02325320243835
test_404_with_body in /home/kaiyaok2/PythonProjects/falcon/tests/test_httperror.py: 210.63893294334412
test_epic_fail_xml in /home/kaiyaok2/PythonProjects/falcon/tests/test_httperror.py: 210.73533511161804
test_no_description_xml in /home/kaiyaok2/PythonProjects/falcon/tests/test_httperror.py: 210.82364535331726
test_custom_error_serializer_optional_representation in /home/kaiyaok2/PythonProjects/falcon/tests/test_httperror.py: 210.91950583457947
test_forbidden in /home/kaiyaok2/PythonProjects/falcon/tests/test_httperror.py: 211.0329692363739
test_411 in /home/kaiyaok2/PythonProjects/falcon/tests/test_httperror.py: 211.11940336227417
test_429_no_retry_after in /home/kaiyaok2/PythonProjects/falcon/tests/test_httperror.py: 211.21889114379883
test_client_does_not_accept_json_or_xml in /home/kaiyaok2/PythonProjects/falcon/tests/test_httperror.py: 211.31460332870483
test_epic_fail_xml in /home/kaiyaok2/PythonProjects/falcon/tests/test_httperror.py: 212.92125177383423
test_405_without_body_with_extra_headers in /home/kaiyaok2/PythonProjects/falcon/tests/test_httperror.py: 213.0115361213684
test_temporary_413_datetime_retry_after in /home/kaiyaok2/PythonProjects/falcon/tests/test_httperror.py: 213.09741592407227
test_414_with_description in /home/kaiyaok2/PythonProjects/falcon/tests/test_httperror.py: 213.18367409706116
test_custom_error_serializer_optional_representation in /home/kaiyaok2/PythonProjects/falcon/tests/test_httperror.py: 213.26992654800415
test_custom_error_serializer_optional_representation in /home/kaiyaok2/PythonProjects/falcon/tests/test_httperror.py: 213.3598349094391
test_429_datetime in /home/kaiyaok2/PythonProjects/falcon/tests/test_httperror.py: 213.44742941856384
test_404_without_body in /home/kaiyaok2/PythonProjects/falcon/tests/test_httperror.py: 215.12703490257263
test_custom_error_serializer_optional_representation in /home/kaiyaok2/PythonProjects/falcon/tests/test_httperror.py: 215.21784281730652
test_405_without_body in /home/kaiyaok2/PythonProjects/falcon/tests/test_httperror.py: 215.30466437339783
test_414_with_title in /home/kaiyaok2/PythonProjects/falcon/tests/test_httperror.py: 215.40740275382996
test_416 in /home/kaiyaok2/PythonProjects/falcon/tests/test_httperror.py: 215.53717494010925
test_title_default_message_if_none in /home/kaiyaok2/PythonProjects/falcon/tests/test_httperror.py: 215.72835302352905
test_media_is_set in /home/kaiyaok2/PythonProjects/falcon/tests/test_httpstatus.py: 215.85418462753296
test_body_is_set in /home/kaiyaok2/PythonProjects/falcon/tests/test_httpstatus.py: 215.99022459983826
test_data_is_set in /home/kaiyaok2/PythonProjects/falcon/tests/test_httpstatus.py: 216.10589909553528
test_raise_status_in_responder in /home/kaiyaok2/PythonProjects/falcon/tests/test_httpstatus.py: 216.2342972755432
test_raise_status_survives_after_hooks in /home/kaiyaok2/PythonProjects/falcon/tests/test_httpstatus.py: 216.36566019058228
test_raise_status_empty_body in /home/kaiyaok2/PythonProjects/falcon/tests/test_httpstatus.py: 218.5561683177948
test_raise_status_runs_after_hooks in /home/kaiyaok2/PythonProjects/falcon/tests/test_httpstatus.py: 218.6296489238739
test_raise_status_in_before_hook in /home/kaiyaok2/PythonProjects/falcon/tests/test_httpstatus.py: 218.7009835243225
test_raise_status_in_process_resource in /home/kaiyaok2/PythonProjects/falcon/tests/test_httpstatus.py: 218.77991485595703
test_raise_status_in_process_request in /home/kaiyaok2/PythonProjects/falcon/tests/test_httpstatus.py: 218.84861373901367
test_raise_status_runs_process_response in /home/kaiyaok2/PythonProjects/falcon/tests/test_httpstatus.py: 218.92278623580933
test_non_string_status in /home/kaiyaok2/PythonProjects/falcon/tests/test_httpstatus.py: 219.01023387908936
test_non_string_status in /home/kaiyaok2/PythonProjects/falcon/tests/test_httpstatus.py: 219.10747814178467
test_non_string_status in /home/kaiyaok2/PythonProjects/falcon/tests/test_httpstatus.py: 219.19523978233337
test_non_string_status in /home/kaiyaok2/PythonProjects/falcon/tests/test_httpstatus.py: 219.28164267539978
test_non_string_status in /home/kaiyaok2/PythonProjects/falcon/tests/test_httpstatus.py: 219.35991644859314
test_non_string_status in /home/kaiyaok2/PythonProjects/falcon/tests/test_httpstatus.py: 219.43278527259827
test_non_string_status in /home/kaiyaok2/PythonProjects/falcon/tests/test_httpstatus.py: 221.08362698554993
test_non_string_status in /home/kaiyaok2/PythonProjects/falcon/tests/test_httpstatus.py: 221.16340613365173
test_non_string_status in /home/kaiyaok2/PythonProjects/falcon/tests/test_httpstatus.py: 221.24763321876526
test_non_string_status in /home/kaiyaok2/PythonProjects/falcon/tests/test_httpstatus.py: 221.32971096038818
test_non_string_status in /home/kaiyaok2/PythonProjects/falcon/tests/test_httpstatus.py: 221.4118676185608
test_non_string_status in /home/kaiyaok2/PythonProjects/falcon/tests/test_httpstatus.py: 221.4857940673828
test_non_string_status in /home/kaiyaok2/PythonProjects/falcon/tests/test_httpstatus.py: 221.57589054107666
test_non_string_status in /home/kaiyaok2/PythonProjects/falcon/tests/test_httpstatus.py: 221.6501636505127
test_default_value in /home/kaiyaok2/PythonProjects/falcon/tests/test_headers.py: 221.75737810134888
test_get_header_as_int in /home/kaiyaok2/PythonProjects/falcon/tests/test_headers.py: 221.85652232170105
test_no_content_length in /home/kaiyaok2/PythonProjects/falcon/tests/test_headers.py: 223.5066704750061
test_required_header in /home/kaiyaok2/PythonProjects/falcon/tests/test_headers.py: 223.61490559577942
test_declared_content_length_overriden_by_data_length in /home/kaiyaok2/PythonProjects/falcon/tests/test_headers.py: 223.70714402198792
test_passthrough_request_headers in /home/kaiyaok2/PythonProjects/falcon/tests/test_headers.py: 223.79949045181274
test_content_disposition_attachment_header in /home/kaiyaok2/PythonProjects/falcon/tests/test_headers.py: 223.91412734985352
test_response_append_header in /home/kaiyaok2/PythonProjects/falcon/tests/test_headers.py: 224.0041766166687
test_set_headers_with_custom_class in /home/kaiyaok2/PythonProjects/falcon/tests/test_headers.py: 224.10561537742615
test_no_content_type in /home/kaiyaok2/PythonProjects/falcon/tests/test_headers.py: 224.231831073761
test_unicode_location_headers in /home/kaiyaok2/PythonProjects/falcon/tests/test_headers.py: 225.90412592887878
test_append_link_crossorigin in /home/kaiyaok2/PythonProjects/falcon/tests/test_headers.py: 226.03255486488342
test_append_link_with_anchor in /home/kaiyaok2/PythonProjects/falcon/tests/test_headers.py: 226.1491560935974
test_vary_header in /home/kaiyaok2/PythonProjects/falcon/tests/test_headers.py: 226.25402116775513
test_append_link_single in /home/kaiyaok2/PythonProjects/falcon/tests/test_headers.py: 226.37442016601562
test_declared_content_length_on_head in /home/kaiyaok2/PythonProjects/falcon/tests/test_headers.py: 226.46832585334778
test_append_link_crossorigin in /home/kaiyaok2/PythonProjects/falcon/tests/test_headers.py: 226.59171748161316
test_expires_header in /home/kaiyaok2/PythonProjects/falcon/tests/test_headers.py: 226.68578553199768
test_override_default_media_type_missing_encoding in /home/kaiyaok2/PythonProjects/falcon/tests/test_headers.py: 228.47108578681946
test_content_disposition_attachment_header in /home/kaiyaok2/PythonProjects/falcon/tests/test_headers.py: 228.62072801589966
test_headers_as_list in /home/kaiyaok2/PythonProjects/falcon/tests/test_headers.py: 228.72107195854187
test_response_set_and_get_header in /home/kaiyaok2/PythonProjects/falcon/tests/test_headers.py: 228.82880473136902
test_unset_header in /home/kaiyaok2/PythonProjects/falcon/tests/test_headers.py: 228.92030882835388
test_default_media_type in /home/kaiyaok2/PythonProjects/falcon/tests/test_headers.py: 229.02398991584778
test_unicode_headers_contain_non_ascii in /home/kaiyaok2/PythonProjects/falcon/tests/test_headers.py: 229.11807703971863
test_content_disposition_inline_header in /home/kaiyaok2/PythonProjects/falcon/tests/test_headers.py: 229.22250938415527
test_unicode_headers_contain_non_ascii in /home/kaiyaok2/PythonProjects/falcon/tests/test_headers.py: 231.68982887268066
test_append_link_crossorigin in /home/kaiyaok2/PythonProjects/falcon/tests/test_headers.py: 231.94908738136292
test_no_content_type in /home/kaiyaok2/PythonProjects/falcon/tests/test_headers.py: 232.09196782112122
test_headers_with_custom_class_not_callable in /home/kaiyaok2/PythonProjects/falcon/tests/test_headers.py: 232.2197880744934
test_content_disposition_attachment_header in /home/kaiyaok2/PythonProjects/falcon/tests/test_headers.py: 232.32793760299683
test_declared_content_length_overridden_by_no_body in /home/kaiyaok2/PythonProjects/falcon/tests/test_headers.py: 232.4209177494049
test_no_content_length in /home/kaiyaok2/PythonProjects/falcon/tests/test_headers.py: 232.52584743499756
test_content_disposition_attachment_header in /home/kaiyaok2/PythonProjects/falcon/tests/test_headers.py: 232.61742615699768
test_content_disposition_attachment_header in /home/kaiyaok2/PythonProjects/falcon/tests/test_headers.py: 234.38822484016418
test_append_link_crossorigin in /home/kaiyaok2/PythonProjects/falcon/tests/test_headers.py: 234.5090627670288
test_append_link_with_hreflang_multi in /home/kaiyaok2/PythonProjects/falcon/tests/test_headers.py: 234.64534187316895
test_append_link_with_type_hint in /home/kaiyaok2/PythonProjects/falcon/tests/test_headers.py: 234.7797474861145
test_unset_header in /home/kaiyaok2/PythonProjects/falcon/tests/test_headers.py: 234.8893814086914
test_append_link_crossorigin in /home/kaiyaok2/PythonProjects/falcon/tests/test_headers.py: 235.02193570137024
test_append_link_with_title_star in /home/kaiyaok2/PythonProjects/falcon/tests/test_headers.py: 235.15044474601746
test_vary_star in /home/kaiyaok2/PythonProjects/falcon/tests/test_headers.py: 236.80751085281372
test_declared_content_length_overriden_by_body_length in /home/kaiyaok2/PythonProjects/falcon/tests/test_headers.py: 236.90487432479858
test_append_link_crossorigin in /home/kaiyaok2/PythonProjects/falcon/tests/test_headers.py: 237.03962802886963
test_append_link_with_link_extension in /home/kaiyaok2/PythonProjects/falcon/tests/test_headers.py: 237.1655237674713
test_append_link_complex in /home/kaiyaok2/PythonProjects/falcon/tests/test_headers.py: 237.28117442131042
test_request_multiple_header in /home/kaiyaok2/PythonProjects/falcon/tests/test_headers.py: 237.37142658233643
test_unicode_headers_contain_only_ascii in /home/kaiyaok2/PythonProjects/falcon/tests/test_headers.py: 237.46257734298706
test_append_link_multiple in /home/kaiyaok2/PythonProjects/falcon/tests/test_headers.py: 237.59752988815308
test_request_latin1_headers in /home/kaiyaok2/PythonProjects/falcon/tests/test_headers.py: 239.25566697120667
test_vary_header in /home/kaiyaok2/PythonProjects/falcon/tests/test_headers.py: 239.36282205581665
test_custom_content_type in /home/kaiyaok2/PythonProjects/falcon/tests/test_headers.py: 239.48142290115356
test_response_header_helpers_on_get in /home/kaiyaok2/PythonProjects/falcon/tests/test_headers.py: 239.58608031272888
test_content_disposition_inline_header in /home/kaiyaok2/PythonProjects/falcon/tests/test_headers.py: 239.68262887001038
test_append_link_with_title in /home/kaiyaok2/PythonProjects/falcon/tests/test_headers.py: 239.80272674560547
test_content_disposition_attachment_header in /home/kaiyaok2/PythonProjects/falcon/tests/test_headers.py: 239.90160584449768
test_content_type_no_body in /home/kaiyaok2/PythonProjects/falcon/tests/test_headers.py: 240.03342819213867
test_content_length in /home/kaiyaok2/PythonProjects/falcon/tests/test_headers.py: 241.72467684745789
test_append_link_with_hreflang in /home/kaiyaok2/PythonProjects/falcon/tests/test_headers.py: 241.84998774528503
test_override_default_media_type in /home/kaiyaok2/PythonProjects/falcon/tests/test_headers.py: 241.94238257408142
test_unicode_headers_contain_non_ascii in /home/kaiyaok2/PythonProjects/falcon/tests/test_headers.py: 242.03821063041687
test_override_default_media_type in /home/kaiyaok2/PythonProjects/falcon/tests/test_headers.py: 242.13878083229065
test_content_disposition_inline_header in /home/kaiyaok2/PythonProjects/falcon/tests/test_headers.py: 242.25766348838806
test_content_disposition_attachment_header in /home/kaiyaok2/PythonProjects/falcon/tests/test_headers.py: 242.3482666015625
test_content_disposition_attachment_header in /home/kaiyaok2/PythonProjects/falcon/tests/test_headers.py: 242.43908977508545
test_unicode_headers_contain_non_ascii in /home/kaiyaok2/PythonProjects/falcon/tests/test_headers.py: 244.08925914764404
test_redirect in /home/kaiyaok2/PythonProjects/falcon/tests/test_redirects.py: 245.49475932121277
test_redirect_with_headers in /home/kaiyaok2/PythonProjects/falcon/tests/test_redirects.py: 245.60638332366943
test_redirect in /home/kaiyaok2/PythonProjects/falcon/tests/test_redirects.py: 245.71739745140076
test_redirect_with_headers in /home/kaiyaok2/PythonProjects/falcon/tests/test_redirects.py: 245.8272340297699
test_redirect_with_headers in /home/kaiyaok2/PythonProjects/falcon/tests/test_redirects.py: 245.93696427345276
test_redirect_with_headers in /home/kaiyaok2/PythonProjects/falcon/tests/test_redirects.py: 246.056560754776
test_redirect in /home/kaiyaok2/PythonProjects/falcon/tests/test_redirects.py: 246.1504204273224
test_redirect in /home/kaiyaok2/PythonProjects/falcon/tests/test_redirects.py: 246.26621174812317
test_redirect_with_headers in /home/kaiyaok2/PythonProjects/falcon/tests/test_redirects.py: 246.4234013557434
test_redirect in /home/kaiyaok2/PythonProjects/falcon/tests/test_redirects.py: 246.53279161453247
test_routes_only in /home/kaiyaok2/PythonProjects/falcon/tests/test_cmd_inspect_app.py: 246.8964478969574
test_routes_only in /home/kaiyaok2/PythonProjects/falcon/tests/test_cmd_inspect_app.py: 246.99842238426208
test_inspect in /home/kaiyaok2/PythonProjects/falcon/tests/test_cmd_inspect_app.py: 247.09490060806274
test_routes_only in /home/kaiyaok2/PythonProjects/falcon/tests/test_cmd_inspect_app.py: 247.16075110435486
test_inspect in /home/kaiyaok2/PythonProjects/falcon/tests/test_cmd_inspect_app.py: 247.22318077087402
test_inspect in /home/kaiyaok2/PythonProjects/falcon/tests/test_cmd_inspect_app.py: 247.28564071655273
test_routes_only in /home/kaiyaok2/PythonProjects/falcon/tests/test_cmd_inspect_app.py: 247.34865736961365
test_inspect in /home/kaiyaok2/PythonProjects/falcon/tests/test_cmd_inspect_app.py: 247.4175579547882
test_load_app_error in /home/kaiyaok2/PythonProjects/falcon/tests/test_cmd_inspect_app.py: 247.478910446167
test_load_app_error in /home/kaiyaok2/PythonProjects/falcon/tests/test_cmd_inspect_app.py: 247.53845286369324
test_load_app_error in /home/kaiyaok2/PythonProjects/falcon/tests/test_cmd_inspect_app.py: 247.5979335308075
test_load_app in /home/kaiyaok2/PythonProjects/falcon/tests/test_cmd_inspect_app.py: 247.65715384483337
test_load_app in /home/kaiyaok2/PythonProjects/falcon/tests/test_cmd_inspect_app.py: 249.27974653244019
test_body_is_set in /home/kaiyaok2/PythonProjects/falcon/tests/test_error_handlers.py: 256.59775948524475
test_media_is_set in /home/kaiyaok2/PythonProjects/falcon/tests/test_error_handlers.py: 256.69377398490906
test_data_is_set in /home/kaiyaok2/PythonProjects/falcon/tests/test_error_handlers.py: 256.77481508255005
test_media_is_set in /home/kaiyaok2/PythonProjects/falcon/tests/test_error_handlers.py: 256.8638823032379
test_body_is_set in /home/kaiyaok2/PythonProjects/falcon/tests/test_error_handlers.py: 256.96343755722046
test_data_is_set in /home/kaiyaok2/PythonProjects/falcon/tests/test_error_handlers.py: 257.0412998199463
test_uncaught_error in /home/kaiyaok2/PythonProjects/falcon/tests/test_error_handlers.py: 257.123717546463
test_invalid_add_exception_handler_input in /home/kaiyaok2/PythonProjects/falcon/tests/test_error_handlers.py: 257.2040717601776
test_invalid_add_exception_handler_input in /home/kaiyaok2/PythonProjects/falcon/tests/test_error_handlers.py: 257.28136563301086
test_invalid_add_exception_handler_input in /home/kaiyaok2/PythonProjects/falcon/tests/test_error_handlers.py: 257.3612494468689
test_uncaught_error_else in /home/kaiyaok2/PythonProjects/falcon/tests/test_error_handlers.py: 259.87937355041504
test_error_precedence_subclass in /home/kaiyaok2/PythonProjects/falcon/tests/test_error_handlers.py: 259.99323177337646
test_error_precedence_subclass_order_indifference in /home/kaiyaok2/PythonProjects/falcon/tests/test_error_handlers.py: 260.1082561016083
test_subclass_error in /home/kaiyaok2/PythonProjects/falcon/tests/test_error_handlers.py: 260.2245182991028
test_error_precedence_duplicate in /home/kaiyaok2/PythonProjects/falcon/tests/test_error_handlers.py: 260.3541178703308
test_uncaught_python_error in /home/kaiyaok2/PythonProjects/falcon/tests/test_error_handlers.py: 260.46958351135254
test_handler_multiple_exception_iterable in /home/kaiyaok2/PythonProjects/falcon/tests/test_error_handlers.py: 260.5864176750183
test_caught_error in /home/kaiyaok2/PythonProjects/falcon/tests/test_error_handlers.py: 260.70338439941406
test_handler_multiple_exception_iterable in /home/kaiyaok2/PythonProjects/falcon/tests/test_error_handlers.py: 260.81536054611206
test_handle_not_defined in /home/kaiyaok2/PythonProjects/falcon/tests/test_error_handlers.py: 260.93033599853516
test_uncaught_python_error in /home/kaiyaok2/PythonProjects/falcon/tests/test_error_handlers.py: 263.4965307712555
test_uncaught_python_error in /home/kaiyaok2/PythonProjects/falcon/tests/test_error_handlers.py: 263.6400182247162
test_invalid_add_exception_handler_input in /home/kaiyaok2/PythonProjects/falcon/tests/test_error_handlers.py: 263.76741552352905
test_handler_single_exception_iterable in /home/kaiyaok2/PythonProjects/falcon/tests/test_error_handlers.py: 263.88040018081665
test_catch_http_no_route_error in /home/kaiyaok2/PythonProjects/falcon/tests/test_error_handlers.py: 264.0098044872284
test_caught_error_async in /home/kaiyaok2/PythonProjects/falcon/tests/test_error_handlers.py: 264.109370470047
test_converted_error in /home/kaiyaok2/PythonProjects/falcon/tests/test_error_handlers.py: 264.23194098472595
test_cookie_expires_aware in /home/kaiyaok2/PythonProjects/falcon/tests/test_cookies.py: 264.42316341400146
test_response_complex_case in /home/kaiyaok2/PythonProjects/falcon/tests/test_cookies.py: 264.5748243331909
test_none_same_site_value in /home/kaiyaok2/PythonProjects/falcon/tests/test_cookies.py: 264.70984745025635
test_cookie_max_age_float_and_string in /home/kaiyaok2/PythonProjects/falcon/tests/test_cookies.py: 267.2643144130707
test_response_disable_secure_globally in /home/kaiyaok2/PythonProjects/falcon/tests/test_cookies.py: 267.3808534145355
test_cookie_timezone in /home/kaiyaok2/PythonProjects/falcon/tests/test_cookies.py: 267.50957131385803
test_response_unset_cookie in /home/kaiyaok2/PythonProjects/falcon/tests/test_cookies.py: 267.6406502723694
test_lax_same_site_value in /home/kaiyaok2/PythonProjects/falcon/tests/test_cookies.py: 267.76377153396606
test_response_base_case in /home/kaiyaok2/PythonProjects/falcon/tests/test_cookies.py: 267.9370059967041
test_cookie_max_age_float_and_string in /home/kaiyaok2/PythonProjects/falcon/tests/test_cookies.py: 268.0772681236267
test_same_site_empty_string in /home/kaiyaok2/PythonProjects/falcon/tests/test_cookies.py: 268.1984658241272
test_unset_cookies in /home/kaiyaok2/PythonProjects/falcon/tests/test_cookies.py: 268.3737289905548
test_strict_same_site_value in /home/kaiyaok2/PythonProjects/falcon/tests/test_cookies.py: 268.5457148551941
test_cookie_expires_naive in /home/kaiyaok2/PythonProjects/falcon/tests/test_cookies.py: 271.0141713619232
test_cookies_setable in /home/kaiyaok2/PythonProjects/falcon/tests/test_cookies.py: 271.1934747695923
test_unset_cookies_samesite in /home/kaiyaok2/PythonProjects/falcon/tests/test_cookies.py: 271.3514492511749
