test_stream_has_private_read in /home/kaiyaok2/PythonProjects/falcon/tests/test_cython.py: 59.03991222381592
test_imported_from_c_modules in /home/kaiyaok2/PythonProjects/falcon/tests/test_cython.py: 59.04692006111145
test_hooks in /home/kaiyaok2/PythonProjects/falcon/tests/asgi/test_cythonized_asgi.py: 62.80922222137451
test_jsonchema_validator in /home/kaiyaok2/PythonProjects/falcon/tests/asgi/test_cythonized_asgi.py: 62.87904477119446
test_option_auto_parse_qs_csv_multiple_fields_true in /home/kaiyaok2/PythonProjects/falcon/tests/test_query_params.py: 63.012842893600464
test_required in /home/kaiyaok2/PythonProjects/falcon/tests/test_query_params.py: 63.10868501663208
test_allowed_names in /home/kaiyaok2/PythonProjects/falcon/tests/test_query_params.py: 63.206340074539185
test_uuid in /home/kaiyaok2/PythonProjects/falcon/tests/test_query_params.py: 64.7355215549469
test_float_neg in /home/kaiyaok2/PythonProjects/falcon/tests/test_query_params.py: 64.83188652992249
test_option_auto_parse_qs_csv_multiple_fields_true in /home/kaiyaok2/PythonProjects/falcon/tests/test_query_params.py: 64.9382872581482
test_get_datetime_store in /home/kaiyaok2/PythonProjects/falcon/tests/test_query_params.py: 65.03336095809937
test_option_auto_parse_qs_csv_multiple_fields_true in /home/kaiyaok2/PythonProjects/falcon/tests/test_query_params.py: 65.12858963012695
test_required in /home/kaiyaok2/PythonProjects/falcon/tests/test_query_params.py: 65.2242021560669
test_list_type in /home/kaiyaok2/PythonProjects/falcon/tests/test_query_params.py: 66.74696373939514
test_int_neg in /home/kaiyaok2/PythonProjects/falcon/tests/test_query_params.py: 66.86966705322266
test_get_date_valid in /home/kaiyaok2/PythonProjects/falcon/tests/test_query_params.py: 66.96428728103638
test_multiple_keys_as_int in /home/kaiyaok2/PythonProjects/falcon/tests/test_query_params.py: 67.05859804153442
test_required in /home/kaiyaok2/PythonProjects/falcon/tests/test_query_params.py: 67.16796350479126
test_get_dict_store in /home/kaiyaok2/PythonProjects/falcon/tests/test_query_params.py: 68.71870160102844
test_simple in /home/kaiyaok2/PythonProjects/falcon/tests/test_query_params.py: 68.82029247283936
test_get_dict_missing_param in /home/kaiyaok2/PythonProjects/falcon/tests/test_query_params.py: 68.91687297821045
test_int_neg in /home/kaiyaok2/PythonProjects/falcon/tests/test_query_params.py: 69.03848719596863
test_option_auto_parse_qs_csv_multiple_fields_true in /home/kaiyaok2/PythonProjects/falcon/tests/test_query_params.py: 69.13570809364319
test_multiple_form_keys in /home/kaiyaok2/PythonProjects/falcon/tests/test_query_params.py: 69.24191308021545
test_option_auto_parse_qs_csv_multiple_fields_true in /home/kaiyaok2/PythonProjects/falcon/tests/test_query_params.py: 70.78277802467346
test_default in /home/kaiyaok2/PythonProjects/falcon/tests/test_query_params.py: 70.89575386047363
test_get_dict_valid in /home/kaiyaok2/PythonProjects/falcon/tests/test_query_params.py: 71.00706887245178
test_get_date_invalid in /home/kaiyaok2/PythonProjects/falcon/tests/test_query_params.py: 71.11322093009949
test_multiple_keys_as_bool in /home/kaiyaok2/PythonProjects/falcon/tests/test_query_params.py: 71.21454286575317
test_required in /home/kaiyaok2/PythonProjects/falcon/tests/test_query_params.py: 71.31552028656006
test_boolean_blank in /home/kaiyaok2/PythonProjects/falcon/tests/test_query_params.py: 72.84804582595825
test_default_auto_parse_csv_behaviour in /home/kaiyaok2/PythonProjects/falcon/tests/test_query_params.py: 72.94509887695312
test_bad_percentage in /home/kaiyaok2/PythonProjects/falcon/tests/test_query_params.py: 73.04818749427795
test_get_date_missing_param in /home/kaiyaok2/PythonProjects/falcon/tests/test_query_params.py: 73.14896416664124
test_get_datetime_invalid in /home/kaiyaok2/PythonProjects/falcon/tests/test_query_params.py: 73.24229645729065
test_multiple_keys_as_float in /home/kaiyaok2/PythonProjects/falcon/tests/test_query_params.py: 73.3657124042511
test_get_param_as_json_handler_json in /home/kaiyaok2/PythonProjects/falcon/tests/test_query_params.py: 73.46029329299927
test_required in /home/kaiyaok2/PythonProjects/falcon/tests/test_query_params.py: 74.9891562461853
test_required in /home/kaiyaok2/PythonProjects/falcon/tests/test_query_params.py: 75.08660364151001
test_list_transformer in /home/kaiyaok2/PythonProjects/falcon/tests/test_query_params.py: 75.18050742149353
test_list_type_blank in /home/kaiyaok2/PythonProjects/falcon/tests/test_query_params.py: 75.28148436546326
test_option_auto_parse_qs_csv_multiple_fields_true in /home/kaiyaok2/PythonProjects/falcon/tests/test_query_params.py: 75.382333278656
test_option_auto_parse_qs_csv_complex_false in /home/kaiyaok2/PythonProjects/falcon/tests/test_query_params.py: 75.4757947921753
test_has_param in /home/kaiyaok2/PythonProjects/falcon/tests/test_query_params.py: 75.58098816871643
test_get_datetime_invalid in /home/kaiyaok2/PythonProjects/falcon/tests/test_query_params.py: 75.6753523349762
test_option_auto_parse_qs_csv_simple_true in /home/kaiyaok2/PythonProjects/falcon/tests/test_query_params.py: 77.2040343284607
test_list_type_blank in /home/kaiyaok2/PythonProjects/falcon/tests/test_query_params.py: 77.30282807350159
test_get_date_invalid in /home/kaiyaok2/PythonProjects/falcon/tests/test_query_params.py: 77.41309070587158
test_multiple_keys_as_bool in /home/kaiyaok2/PythonProjects/falcon/tests/test_query_params.py: 77.50917601585388
test_get_datetime_valid in /home/kaiyaok2/PythonProjects/falcon/tests/test_query_params.py: 77.62124300003052
test_float in /home/kaiyaok2/PythonProjects/falcon/tests/test_query_params.py: 77.71660041809082
test_option_auto_parse_qs_csv_multiple_fields_true in /home/kaiyaok2/PythonProjects/falcon/tests/test_query_params.py: 77.82473707199097
test_option_auto_parse_qs_csv_multiple_fields_true in /home/kaiyaok2/PythonProjects/falcon/tests/test_query_params.py: 77.92589068412781
test_option_auto_parse_qs_csv_multiple_fields_true in /home/kaiyaok2/PythonProjects/falcon/tests/test_query_params.py: 79.44975924491882
test_get_date_valid_with_format in /home/kaiyaok2/PythonProjects/falcon/tests/test_query_params.py: 79.54655003547668
test_option_auto_parse_qs_csv_simple_true in /home/kaiyaok2/PythonProjects/falcon/tests/test_query_params.py: 79.65102100372314
test_none in /home/kaiyaok2/PythonProjects/falcon/tests/test_query_params.py: 79.7467634677887
test_multiple_keys_as_int in /home/kaiyaok2/PythonProjects/falcon/tests/test_query_params.py: 79.84140205383301
test_simple in /home/kaiyaok2/PythonProjects/falcon/tests/test_query_params.py: 79.98758172988892
test_multiple_form_keys in /home/kaiyaok2/PythonProjects/falcon/tests/test_query_params.py: 80.0885488986969
test_option_auto_parse_qs_csv_simple_false in /home/kaiyaok2/PythonProjects/falcon/tests/test_query_params.py: 81.61836123466492
test_option_auto_parse_qs_csv_simple_false in /home/kaiyaok2/PythonProjects/falcon/tests/test_query_params.py: 81.71475768089294
test_boolean_blank in /home/kaiyaok2/PythonProjects/falcon/tests/test_query_params.py: 81.82470846176147
test_option_auto_parse_qs_csv_complex_false in /home/kaiyaok2/PythonProjects/falcon/tests/test_query_params.py: 81.93289923667908
test_get_date_store in /home/kaiyaok2/PythonProjects/falcon/tests/test_query_params.py: 82.02810168266296
test_get_datetime_valid in /home/kaiyaok2/PythonProjects/falcon/tests/test_query_params.py: 82.13986921310425
test_get_dict_store in /home/kaiyaok2/PythonProjects/falcon/tests/test_query_params.py: 82.2493896484375
test_get_date_valid in /home/kaiyaok2/PythonProjects/falcon/tests/test_query_params.py: 82.36308240890503
test_option_auto_parse_qs_csv_multiple_fields_true in /home/kaiyaok2/PythonProjects/falcon/tests/test_query_params.py: 83.89446568489075
test_param_property in /home/kaiyaok2/PythonProjects/falcon/tests/test_query_params.py: 83.99074983596802
test_float_neg in /home/kaiyaok2/PythonProjects/falcon/tests/test_query_params.py: 84.09722971916199
test_float in /home/kaiyaok2/PythonProjects/falcon/tests/test_query_params.py: 84.20568656921387
test_multiple_form_keys_as_list in /home/kaiyaok2/PythonProjects/falcon/tests/test_query_params.py: 84.30055737495422
test_option_auto_parse_qs_csv_multiple_fields_false in /home/kaiyaok2/PythonProjects/falcon/tests/test_query_params.py: 84.3942289352417
test_option_auto_parse_qs_csv_multiple_fields_false in /home/kaiyaok2/PythonProjects/falcon/tests/test_query_params.py: 84.48892498016357
test_get_date_store in /home/kaiyaok2/PythonProjects/falcon/tests/test_query_params.py: 86.0458025932312
test_default in /home/kaiyaok2/PythonProjects/falcon/tests/test_query_params.py: 86.14462280273438
test_option_auto_parse_qs_csv_multiple_fields_true in /home/kaiyaok2/PythonProjects/falcon/tests/test_query_params.py: 86.25370478630066
test_option_auto_parse_qs_csv_multiple_fields_true in /home/kaiyaok2/PythonProjects/falcon/tests/test_query_params.py: 86.35621905326843
test_get_datetime_valid_with_format in /home/kaiyaok2/PythonProjects/falcon/tests/test_query_params.py: 86.45301294326782
test_required in /home/kaiyaok2/PythonProjects/falcon/tests/test_query_params.py: 86.55995488166809
test_get_dict_invalid in /home/kaiyaok2/PythonProjects/falcon/tests/test_query_params.py: 86.66136503219604
test_get_param_as_json_no_handler_json in /home/kaiyaok2/PythonProjects/falcon/tests/test_query_params.py: 86.75798654556274
test_has_param in /home/kaiyaok2/PythonProjects/falcon/tests/test_query_params.py: 88.27713561058044
test_boolean in /home/kaiyaok2/PythonProjects/falcon/tests/test_query_params.py: 88.38726758956909
test_option_auto_parse_qs_csv_multiple_fields_true in /home/kaiyaok2/PythonProjects/falcon/tests/test_query_params.py: 88.48627948760986
test_get_date_missing_param in /home/kaiyaok2/PythonProjects/falcon/tests/test_query_params.py: 88.58253216743469
test_param_property in /home/kaiyaok2/PythonProjects/falcon/tests/test_query_params.py: 88.68599557876587
test_option_auto_parse_qs_csv_multiple_fields_true in /home/kaiyaok2/PythonProjects/falcon/tests/test_query_params.py: 88.79858541488647
test_list_type in /home/kaiyaok2/PythonProjects/falcon/tests/test_query_params.py: 90.34065699577332
test_required in /home/kaiyaok2/PythonProjects/falcon/tests/test_query_params.py: 90.45216393470764
test_get_datetime_missing_param in /home/kaiyaok2/PythonProjects/falcon/tests/test_query_params.py: 90.55666065216064
test_get_dict_invalid in /home/kaiyaok2/PythonProjects/falcon/tests/test_query_params.py: 90.65283346176147
test_required in /home/kaiyaok2/PythonProjects/falcon/tests/test_query_params.py: 90.7523581981659
test_allowed_names in /home/kaiyaok2/PythonProjects/falcon/tests/test_query_params.py: 90.84839200973511
test_int in /home/kaiyaok2/PythonProjects/falcon/tests/test_query_params.py: 90.95623397827148
test_percent_encoded in /home/kaiyaok2/PythonProjects/falcon/tests/test_query_params.py: 92.49305939674377
test_get_datetime_store in /home/kaiyaok2/PythonProjects/falcon/tests/test_query_params.py: 92.59968113899231
test_multiple_keys_as_float in /home/kaiyaok2/PythonProjects/falcon/tests/test_query_params.py: 92.7168071269989
test_none in /home/kaiyaok2/PythonProjects/falcon/tests/test_query_params.py: 92.81261825561523
test_option_auto_parse_qs_csv_multiple_fields_true in /home/kaiyaok2/PythonProjects/falcon/tests/test_query_params.py: 92.92038345336914
test_list_transformer in /home/kaiyaok2/PythonProjects/falcon/tests/test_query_params.py: 93.01627159118652
test_required in /home/kaiyaok2/PythonProjects/falcon/tests/test_query_params.py: 93.11094522476196
test_get_datetime_missing_param in /home/kaiyaok2/PythonProjects/falcon/tests/test_query_params.py: 94.63751459121704
test_get_datetime_valid_with_format in /home/kaiyaok2/PythonProjects/falcon/tests/test_query_params.py: 94.74002933502197
test_get_date_valid_with_format in /home/kaiyaok2/PythonProjects/falcon/tests/test_query_params.py: 94.83631944656372
test_option_auto_parse_qs_csv_multiple_fields_true in /home/kaiyaok2/PythonProjects/falcon/tests/test_query_params.py: 94.93933367729187
test_option_auto_parse_qs_csv_multiple_fields_true in /home/kaiyaok2/PythonProjects/falcon/tests/test_query_params.py: 95.03521394729614
test_blank in /home/kaiyaok2/PythonProjects/falcon/tests/test_query_params.py: 95.13047218322754
test_bad_percentage in /home/kaiyaok2/PythonProjects/falcon/tests/test_query_params.py: 96.67273044586182
test_boolean in /home/kaiyaok2/PythonProjects/falcon/tests/test_query_params.py: 96.77178525924683
test_uuid in /home/kaiyaok2/PythonProjects/falcon/tests/test_query_params.py: 96.87498664855957
test_option_auto_parse_qs_csv_multiple_fields_true in /home/kaiyaok2/PythonProjects/falcon/tests/test_query_params.py: 96.97741651535034
test_percent_encoded in /home/kaiyaok2/PythonProjects/falcon/tests/test_query_params.py: 97.07183718681335
test_required in /home/kaiyaok2/PythonProjects/falcon/tests/test_query_params.py: 97.16913175582886
test_required in /home/kaiyaok2/PythonProjects/falcon/tests/test_query_params.py: 97.27682399749756
test_get_dict_valid in /home/kaiyaok2/PythonProjects/falcon/tests/test_query_params.py: 98.83540797233582
test_get_dict_missing_param in /home/kaiyaok2/PythonProjects/falcon/tests/test_query_params.py: 98.93426632881165
test_multiple_form_keys_as_list in /home/kaiyaok2/PythonProjects/falcon/tests/test_query_params.py: 99.03684449195862
test_int in /home/kaiyaok2/PythonProjects/falcon/tests/test_query_params.py: 99.13985419273376
test_blank in /home/kaiyaok2/PythonProjects/falcon/tests/test_query_params.py: 99.24682521820068
test_default_auto_parse_csv_behaviour in /home/kaiyaok2/PythonProjects/falcon/tests/test_query_params.py: 99.3425772190094
test_non_ascii in /home/kaiyaok2/PythonProjects/falcon/tests/test_query_params.py: 100.87367939949036
test_http_methods_body_expected in /home/kaiyaok2/PythonProjects/falcon/tests/test_query_params.py: 100.97182750701904
test_http_methods_body_expected in /home/kaiyaok2/PythonProjects/falcon/tests/test_query_params.py: 101.07988810539246
test_explicitly_disable_auto_parse in /home/kaiyaok2/PythonProjects/falcon/tests/test_query_params.py: 101.17664432525635
test_http_methods_body_not_expected in /home/kaiyaok2/PythonProjects/falcon/tests/test_query_params.py: 101.27967476844788
test_http_methods_body_expected in /home/kaiyaok2/PythonProjects/falcon/tests/test_query_params.py: 102.83552026748657
test_http_methods_body_expected in /home/kaiyaok2/PythonProjects/falcon/tests/test_query_params.py: 102.94602274894714
test_asgi_raises_error in /home/kaiyaok2/PythonProjects/falcon/tests/test_query_params.py: 103.04220390319824
test_http_methods_body_not_expected in /home/kaiyaok2/PythonProjects/falcon/tests/test_query_params.py: 103.14587759971619
test_empty_body in /home/kaiyaok2/PythonProjects/falcon/tests/test_query_params.py: 103.25464868545532
test_empty_body_no_content_length in /home/kaiyaok2/PythonProjects/falcon/tests/test_query_params.py: 103.35102009773254
test_http_methods_body_expected in /home/kaiyaok2/PythonProjects/falcon/tests/test_query_params.py: 104.89245939254761
test_dont_auto_parse_by_default in /home/kaiyaok2/PythonProjects/falcon/tests/test_query_params.py: 105.00127649307251
test_default_headers in /home/kaiyaok2/PythonProjects/falcon/tests/test_utils.py: 107.75640654563904
test_simulate_remote_addr in /home/kaiyaok2/PythonProjects/falcon/tests/test_utils.py: 107.8696231842041
test_cached_text_in_result in /home/kaiyaok2/PythonProjects/falcon/tests/test_utils.py: 108.01209759712219
test_simulate_remote_addr in /home/kaiyaok2/PythonProjects/falcon/tests/test_utils.py: 108.12668251991272
test_simulate_remote_addr in /home/kaiyaok2/PythonProjects/falcon/tests/test_utils.py: 109.74718403816223
test_simulate_hostname in /home/kaiyaok2/PythonProjects/falcon/tests/test_utils.py: 109.88632941246033
test_override_method_with_extras in /home/kaiyaok2/PythonProjects/falcon/tests/test_utils.py: 110.00167107582092
test_query_string in /home/kaiyaok2/PythonProjects/falcon/tests/test_utils.py: 110.15888094902039
test_status in /home/kaiyaok2/PythonProjects/falcon/tests/test_utils.py: 110.30013704299927
test_simulate_remote_addr in /home/kaiyaok2/PythonProjects/falcon/tests/test_utils.py: 110.42878746986389
test_query_string_no_question in /home/kaiyaok2/PythonProjects/falcon/tests/test_utils.py: 110.53605628013611
test_query_string_in_path in /home/kaiyaok2/PythonProjects/falcon/tests/test_utils.py: 112.16093015670776
test_default_headers_with_override in /home/kaiyaok2/PythonProjects/falcon/tests/test_utils.py: 112.28400373458862
test_simulate_remote_addr in /home/kaiyaok2/PythonProjects/falcon/tests/test_utils.py: 112.38932299613953
test_path_must_start_with_slash in /home/kaiyaok2/PythonProjects/falcon/tests/test_utils.py: 112.52223706245422
test_method_not_allowed_with_param in /home/kaiyaok2/PythonProjects/falcon/tests/test_http_method_routing.py: 123.85117292404175
test_on_options in /home/kaiyaok2/PythonProjects/falcon/tests/test_http_method_routing.py: 123.91999125480652
test_post_not_allowed in /home/kaiyaok2/PythonProjects/falcon/tests/test_http_method_routing.py: 123.99882793426514
test_report in /home/kaiyaok2/PythonProjects/falcon/tests/test_http_method_routing.py: 124.06791830062866
test_methods_not_allowed_simple in /home/kaiyaok2/PythonProjects/falcon/tests/test_http_method_routing.py: 124.14774966239929
test_default_on_options in /home/kaiyaok2/PythonProjects/falcon/tests/test_http_method_routing.py: 125.6935522556305
test_meta_and_others_disallowed in /home/kaiyaok2/PythonProjects/falcon/tests/test_http_method_routing.py: 125.76478552818298
test_misc in /home/kaiyaok2/PythonProjects/falcon/tests/test_http_method_routing.py: 125.88828611373901
test_put in /home/kaiyaok2/PythonProjects/falcon/tests/test_http_method_routing.py: 125.97817158699036
test_meta_and_others_disallowed in /home/kaiyaok2/PythonProjects/falcon/tests/test_http_method_routing.py: 126.0463137626648
test_get in /home/kaiyaok2/PythonProjects/falcon/tests/test_http_method_routing.py: 126.11522221565247
test_methods_not_allowed_complex in /home/kaiyaok2/PythonProjects/falcon/tests/test_http_method_routing.py: 126.18382358551025
test_content_length_set_on_head_with_no_body in /home/kaiyaok2/PythonProjects/falcon/tests/test_response_body.py: 130.17235207557678
test_response_body_rendition_error in /home/kaiyaok2/PythonProjects/falcon/tests/test_response_body.py: 130.2941699028015
test_unsupported_response_content_type in /home/kaiyaok2/PythonProjects/falcon/tests/test_response_body.py: 130.38119554519653
test_redirect in /home/kaiyaok2/PythonProjects/falcon/tests/test_redirects.py: 143.10126876831055
test_redirect_with_headers in /home/kaiyaok2/PythonProjects/falcon/tests/test_redirects.py: 143.1703748703003
test_redirect_with_headers in /home/kaiyaok2/PythonProjects/falcon/tests/test_redirects.py: 143.23946499824524
test_redirect in /home/kaiyaok2/PythonProjects/falcon/tests/test_redirects.py: 143.30661296844482
test_redirect in /home/kaiyaok2/PythonProjects/falcon/tests/test_redirects.py: 143.37120008468628
test_redirect in /home/kaiyaok2/PythonProjects/falcon/tests/test_redirects.py: 143.4634621143341
test_redirect in /home/kaiyaok2/PythonProjects/falcon/tests/test_redirects.py: 143.52907133102417
test_redirect_with_headers in /home/kaiyaok2/PythonProjects/falcon/tests/test_redirects.py: 143.6003453731537
test_redirect_with_headers in /home/kaiyaok2/PythonProjects/falcon/tests/test_redirects.py: 143.6717460155487
test_redirect_with_headers in /home/kaiyaok2/PythonProjects/falcon/tests/test_redirects.py: 143.74246382713318
test_middleware in /home/kaiyaok2/PythonProjects/falcon/tests/test_inspect.py: 146.06925129890442
test_routes in /home/kaiyaok2/PythonProjects/falcon/tests/test_inspect.py: 147.6475591659546
test_static_routes in /home/kaiyaok2/PythonProjects/falcon/tests/test_inspect.py: 147.71565747261047
test_middleware_tree in /home/kaiyaok2/PythonProjects/falcon/tests/test_inspect.py: 147.78639912605286
test_sink in /home/kaiyaok2/PythonProjects/falcon/tests/test_inspect.py: 147.8517689704895
test_app in /home/kaiyaok2/PythonProjects/falcon/tests/test_inspect.py: 147.94883799552917
test_error_handler in /home/kaiyaok2/PythonProjects/falcon/tests/test_inspect.py: 148.02106475830078
test_allow_origin in /home/kaiyaok2/PythonProjects/falcon/tests/test_cors_middleware.py: 148.13875007629395
test_allow_origin_allow_credential in /home/kaiyaok2/PythonProjects/falcon/tests/test_cors_middleware.py: 148.21394658088684
test_expose_headers in /home/kaiyaok2/PythonProjects/falcon/tests/test_cors_middleware.py: 148.28513884544373
test_allow_credential_existing_origin in /home/kaiyaok2/PythonProjects/falcon/tests/test_cors_middleware.py: 148.37202787399292
test_allow_credential_list_or_str in /home/kaiyaok2/PythonProjects/falcon/tests/test_cors_middleware.py: 148.4434950351715
test_allow_origin in /home/kaiyaok2/PythonProjects/falcon/tests/test_cors_middleware.py: 148.51480412483215
test_allow_credential_list_or_str in /home/kaiyaok2/PythonProjects/falcon/tests/test_cors_middleware.py: 150.0980622768402
test_allow_origin in /home/kaiyaok2/PythonProjects/falcon/tests/test_cors_middleware.py: 150.18227243423462
test_expose_headers in /home/kaiyaok2/PythonProjects/falcon/tests/test_cors_middleware.py: 150.25400352478027
test_expose_headers in /home/kaiyaok2/PythonProjects/falcon/tests/test_cors_middleware.py: 150.35804772377014
test_allow_credential_wildcard in /home/kaiyaok2/PythonProjects/falcon/tests/test_cors_middleware.py: 150.4279556274414
test_enabled_cors_should_accept_all_origins_requests in /home/kaiyaok2/PythonProjects/falcon/tests/test_cors_middleware.py: 150.49839448928833
test_enabled_cors_handles_preflighting_no_headers_in_req in /home/kaiyaok2/PythonProjects/falcon/tests/test_cors_middleware.py: 150.58030200004578
test_enabled_cors_should_add_extra_headers_on_response in /home/kaiyaok2/PythonProjects/falcon/tests/test_cors_middleware.py: 150.64997839927673
test_enabled_cors_handles_preflighting in /home/kaiyaok2/PythonProjects/falcon/tests/test_cors_middleware.py: 150.7194640636444
test_disabled_cors_should_not_add_any_extra_headers in /home/kaiyaok2/PythonProjects/falcon/tests/test_cors_middleware.py: 150.78870344161987
test_enabled_cors_no_origin in /home/kaiyaok2/PythonProjects/falcon/tests/test_cors_middleware.py: 150.86805939674377
test_body_is_set in /home/kaiyaok2/PythonProjects/falcon/tests/test_error_handlers.py: 167.00446701049805
test_media_is_set in /home/kaiyaok2/PythonProjects/falcon/tests/test_error_handlers.py: 168.62472915649414
test_data_is_set in /home/kaiyaok2/PythonProjects/falcon/tests/test_error_handlers.py: 168.69886422157288
test_body_is_set in /home/kaiyaok2/PythonProjects/falcon/tests/test_error_handlers.py: 168.77718997001648
test_data_is_set in /home/kaiyaok2/PythonProjects/falcon/tests/test_error_handlers.py: 168.8567636013031
test_media_is_set in /home/kaiyaok2/PythonProjects/falcon/tests/test_error_handlers.py: 168.92857956886292
test_error_precedence_duplicate in /home/kaiyaok2/PythonProjects/falcon/tests/test_error_handlers.py: 169.03498244285583
test_caught_error_async in /home/kaiyaok2/PythonProjects/falcon/tests/test_error_handlers.py: 169.12023067474365
test_handler_single_exception_iterable in /home/kaiyaok2/PythonProjects/falcon/tests/test_error_handlers.py: 169.19642686843872
test_converted_error in /home/kaiyaok2/PythonProjects/falcon/tests/test_error_handlers.py: 169.2699635028839
test_error_precedence_subclass in /home/kaiyaok2/PythonProjects/falcon/tests/test_error_handlers.py: 169.3406319618225
test_uncaught_error in /home/kaiyaok2/PythonProjects/falcon/tests/test_error_handlers.py: 169.41911125183105
test_invalid_add_exception_handler_input in /home/kaiyaok2/PythonProjects/falcon/tests/test_error_handlers.py: 170.99527716636658
test_subclass_error in /home/kaiyaok2/PythonProjects/falcon/tests/test_error_handlers.py: 171.07826471328735
test_uncaught_python_error in /home/kaiyaok2/PythonProjects/falcon/tests/test_error_handlers.py: 171.15034651756287
test_uncaught_python_error in /home/kaiyaok2/PythonProjects/falcon/tests/test_error_handlers.py: 171.22159361839294
test_handle_not_defined in /home/kaiyaok2/PythonProjects/falcon/tests/test_error_handlers.py: 171.30391263961792
test_invalid_add_exception_handler_input in /home/kaiyaok2/PythonProjects/falcon/tests/test_error_handlers.py: 171.37491583824158
test_caught_error in /home/kaiyaok2/PythonProjects/falcon/tests/test_error_handlers.py: 171.44556784629822
test_error_precedence_subclass_order_indifference in /home/kaiyaok2/PythonProjects/falcon/tests/test_error_handlers.py: 171.51604890823364
test_handler_multiple_exception_iterable in /home/kaiyaok2/PythonProjects/falcon/tests/test_error_handlers.py: 171.59407830238342
test_handler_multiple_exception_iterable in /home/kaiyaok2/PythonProjects/falcon/tests/test_error_handlers.py: 171.66450667381287
test_uncaught_python_error in /home/kaiyaok2/PythonProjects/falcon/tests/test_error_handlers.py: 173.23192310333252
test_catch_http_no_route_error in /home/kaiyaok2/PythonProjects/falcon/tests/test_error_handlers.py: 173.312429189682
test_uncaught_error_else in /home/kaiyaok2/PythonProjects/falcon/tests/test_error_handlers.py: 173.3950777053833
test_invalid_add_exception_handler_input in /home/kaiyaok2/PythonProjects/falcon/tests/test_error_handlers.py: 173.47074842453003
test_invalid_add_exception_handler_input in /home/kaiyaok2/PythonProjects/falcon/tests/test_error_handlers.py: 173.54674887657166
test_routes_only in /home/kaiyaok2/PythonProjects/falcon/tests/test_cmd_inspect_app.py: 173.67894196510315
test_routes_only in /home/kaiyaok2/PythonProjects/falcon/tests/test_cmd_inspect_app.py: 173.73788189888
test_inspect in /home/kaiyaok2/PythonProjects/falcon/tests/test_cmd_inspect_app.py: 173.79445385932922
test_routes_only in /home/kaiyaok2/PythonProjects/falcon/tests/test_cmd_inspect_app.py: 173.85188126564026
test_routes_only in /home/kaiyaok2/PythonProjects/falcon/tests/test_cmd_inspect_app.py: 173.90832710266113
test_inspect in /home/kaiyaok2/PythonProjects/falcon/tests/test_cmd_inspect_app.py: 173.96648025512695
test_inspect in /home/kaiyaok2/PythonProjects/falcon/tests/test_cmd_inspect_app.py: 174.02441310882568
test_inspect in /home/kaiyaok2/PythonProjects/falcon/tests/test_cmd_inspect_app.py: 174.0847749710083
test_load_app_error in /home/kaiyaok2/PythonProjects/falcon/tests/test_cmd_inspect_app.py: 174.14941453933716
test_load_app_error in /home/kaiyaok2/PythonProjects/falcon/tests/test_cmd_inspect_app.py: 174.20543789863586
test_load_app_error in /home/kaiyaok2/PythonProjects/falcon/tests/test_cmd_inspect_app.py: 174.26075100898743
test_load_app in /home/kaiyaok2/PythonProjects/falcon/tests/test_cmd_inspect_app.py: 174.31582832336426
test_load_app in /home/kaiyaok2/PythonProjects/falcon/tests/test_cmd_inspect_app.py: 174.37014245986938
test_dont_need_params_in_signature in /home/kaiyaok2/PythonProjects/falcon/tests/test_middleware.py: 200.3171031475067
test_api_initialization_with_cors_enabled_and_middleware_param in /home/kaiyaok2/PythonProjects/falcon/tests/test_middleware.py: 200.40668106079102
test_api_initialization_with_cors_enabled_and_middleware_param in /home/kaiyaok2/PythonProjects/falcon/tests/test_middleware.py: 200.48739051818848
test_api_initialization_with_cors_enabled_and_middleware_param in /home/kaiyaok2/PythonProjects/falcon/tests/test_middleware.py: 200.58680152893066
test_api_initialization_with_cors_enabled_and_middleware_param in /home/kaiyaok2/PythonProjects/falcon/tests/test_middleware.py: 202.18504691123962
test_process_request_cached in /home/kaiyaok2/PythonProjects/falcon/tests/test_middleware.py: 202.28714776039124
test_process_request_cached in /home/kaiyaok2/PythonProjects/falcon/tests/test_middleware.py: 202.39434719085693
test_process_request_not_cached in /home/kaiyaok2/PythonProjects/falcon/tests/test_middleware.py: 202.49489736557007
test_process_resource_cached in /home/kaiyaok2/PythonProjects/falcon/tests/test_middleware.py: 202.58262705802917
test_process_resource_cached in /home/kaiyaok2/PythonProjects/falcon/tests/test_middleware.py: 202.68220973014832
test_log_get_request in /home/kaiyaok2/PythonProjects/falcon/tests/test_middleware.py: 202.78706979751587
test_response_middleware_raises_exception in /home/kaiyaok2/PythonProjects/falcon/tests/test_middleware.py: 202.86760544776917
test_skip_process_resource in /home/kaiyaok2/PythonProjects/falcon/tests/test_middleware.py: 202.95258975028992
test_log_get_request in /home/kaiyaok2/PythonProjects/falcon/tests/test_middleware.py: 203.03818535804749
test_http_status_raised_from_error_handler in /home/kaiyaok2/PythonProjects/falcon/tests/test_middleware.py: 204.64129948616028
test_error_composed_before_resp_middleware_called in /home/kaiyaok2/PythonProjects/falcon/tests/test_middleware.py: 204.72018218040466
test_generate_trans_id_with_request in /home/kaiyaok2/PythonProjects/falcon/tests/test_middleware.py: 204.82013177871704
test_base_path_is_removed_before_routing in /home/kaiyaok2/PythonProjects/falcon/tests/test_middleware.py: 204.90888118743896
test_can_access_resource_params in /home/kaiyaok2/PythonProjects/falcon/tests/test_middleware.py: 204.99756288528442
test_can_access_resource_params in /home/kaiyaok2/PythonProjects/falcon/tests/test_middleware.py: 205.07428312301636
test_multiple_response_mw_throw_exception in /home/kaiyaok2/PythonProjects/falcon/tests/test_middleware.py: 205.1686146259308
test_generate_trans_id_and_time_with_request in /home/kaiyaok2/PythonProjects/falcon/tests/test_middleware.py: 205.2524528503418
test_inner_mw_throw_exception in /home/kaiyaok2/PythonProjects/falcon/tests/test_middleware.py: 205.3360311985016
test_legacy_middleware_called_with_correct_args in /home/kaiyaok2/PythonProjects/falcon/tests/test_middleware.py: 205.41978120803833
test_outer_mw_with_ex_handler_throw_exception in /home/kaiyaok2/PythonProjects/falcon/tests/test_middleware.py: 207.00349521636963
test_order_mw_executed_when_exception_in_rsrc in /home/kaiyaok2/PythonProjects/falcon/tests/test_middleware.py: 207.09091329574585
test_middleware_execution_order in /home/kaiyaok2/PythonProjects/falcon/tests/test_middleware.py: 207.17803764343262
test_independent_middleware_execution_order in /home/kaiyaok2/PythonProjects/falcon/tests/test_middleware.py: 207.25669765472412
test_order_independent_mw_executed_when_exception_in_resp in /home/kaiyaok2/PythonProjects/falcon/tests/test_middleware.py: 207.3435275554657
test_order_mw_executed_when_exception_in_req in /home/kaiyaok2/PythonProjects/falcon/tests/test_middleware.py: 207.42871642112732
test_inner_mw_with_ex_handler_throw_exception in /home/kaiyaok2/PythonProjects/falcon/tests/test_middleware.py: 207.5106282234192
test_order_mw_executed_when_exception_in_resp in /home/kaiyaok2/PythonProjects/falcon/tests/test_middleware.py: 207.58662629127502
test_order_independent_mw_executed_when_exception_in_req in /home/kaiyaok2/PythonProjects/falcon/tests/test_middleware.py: 207.66255640983582
test_inner_mw_throw_exception_while_processing_resp in /home/kaiyaok2/PythonProjects/falcon/tests/test_middleware.py: 207.73820281028748
test_order_independent_mw_executed_when_exception_in_rsrc in /home/kaiyaok2/PythonProjects/falcon/tests/test_middleware.py: 207.82103776931763
test_generate_trans_id_and_time_with_request in /home/kaiyaok2/PythonProjects/falcon/tests/test_middleware.py: 209.44473576545715
