test_jsonchema_validator in /home/kaiyaok2/PythonProjects/falcon/tests/asgi/test_cythonized_asgi.py: 50.79444146156311
test_hooks in /home/kaiyaok2/PythonProjects/falcon/tests/asgi/test_cythonized_asgi.py: 50.884702920913696
test_temporary_413_datetime_retry_after in /home/kaiyaok2/PythonProjects/falcon/tests/test_httperror.py: 51.7691285610199
test_411 in /home/kaiyaok2/PythonProjects/falcon/tests/test_httperror.py: 51.883421421051025
test_epic_fail_xml in /home/kaiyaok2/PythonProjects/falcon/tests/test_httperror.py: 51.99221754074097
test_no_description_json in /home/kaiyaok2/PythonProjects/falcon/tests/test_httperror.py: 52.09469771385193
test_503_integer_retry_after in /home/kaiyaok2/PythonProjects/falcon/tests/test_httperror.py: 52.20927453041077
test_custom_error_serializer in /home/kaiyaok2/PythonProjects/falcon/tests/test_httperror.py: 53.523813009262085
test_401 in /home/kaiyaok2/PythonProjects/falcon/tests/test_httperror.py: 53.62745785713196
test_405_without_body_with_extra_headers in /home/kaiyaok2/PythonProjects/falcon/tests/test_httperror.py: 53.72374892234802
test_client_does_not_accept_json_or_xml in /home/kaiyaok2/PythonProjects/falcon/tests/test_httperror.py: 53.838072538375854
test_misc in /home/kaiyaok2/PythonProjects/falcon/tests/test_httperror.py: 53.934847831726074
test_414_with_title in /home/kaiyaok2/PythonProjects/falcon/tests/test_httperror.py: 54.02155017852783
test_unicode_xml in /home/kaiyaok2/PythonProjects/falcon/tests/test_httperror.py: 54.121392011642456
test_414 in /home/kaiyaok2/PythonProjects/falcon/tests/test_httperror.py: 55.42809247970581
test_custom_error_serializer_optional_representation in /home/kaiyaok2/PythonProjects/falcon/tests/test_httperror.py: 55.54805898666382
test_epic_fail_xml in /home/kaiyaok2/PythonProjects/falcon/tests/test_httperror.py: 55.66021990776062
test_429_no_retry_after in /home/kaiyaok2/PythonProjects/falcon/tests/test_httperror.py: 55.75894546508789
test_405_without_body_with_extra_headers_double_check in /home/kaiyaok2/PythonProjects/falcon/tests/test_httperror.py: 55.86585354804993
test_405_with_body in /home/kaiyaok2/PythonProjects/falcon/tests/test_httperror.py: 55.95186448097229
test_title_default_message_if_none in /home/kaiyaok2/PythonProjects/falcon/tests/test_httperror.py: 56.06982231140137
test_unicode_json in /home/kaiyaok2/PythonProjects/falcon/tests/test_httperror.py: 56.189568758010864
test_405_without_body in /home/kaiyaok2/PythonProjects/falcon/tests/test_httperror.py: 57.432218074798584
test_custom_error_serializer_optional_representation in /home/kaiyaok2/PythonProjects/falcon/tests/test_httperror.py: 57.54204034805298
test_invalid_param in /home/kaiyaok2/PythonProjects/falcon/tests/test_httperror.py: 57.628825664520264
test_forbidden in /home/kaiyaok2/PythonProjects/falcon/tests/test_httperror.py: 57.722193002700806
test_404_with_body in /home/kaiyaok2/PythonProjects/falcon/tests/test_httperror.py: 57.805623054504395
test_title_default_message_if_none in /home/kaiyaok2/PythonProjects/falcon/tests/test_httperror.py: 57.909902811050415
test_missing_header in /home/kaiyaok2/PythonProjects/falcon/tests/test_httperror.py: 58.001091718673706
test_title_default_message_if_none in /home/kaiyaok2/PythonProjects/falcon/tests/test_httperror.py: 59.44074535369873
test_429_datetime in /home/kaiyaok2/PythonProjects/falcon/tests/test_httperror.py: 59.55692982673645
test_custom_error_serializer_optional_representation in /home/kaiyaok2/PythonProjects/falcon/tests/test_httperror.py: 59.648638010025024
test_416 in /home/kaiyaok2/PythonProjects/falcon/tests/test_httperror.py: 59.73698353767395
test_title_default_message_if_none in /home/kaiyaok2/PythonProjects/falcon/tests/test_httperror.py: 59.837082624435425
test_epic_fail_xml in /home/kaiyaok2/PythonProjects/falcon/tests/test_httperror.py: 59.936638593673706
test_forbidden in /home/kaiyaok2/PythonProjects/falcon/tests/test_httperror.py: 60.03688955307007
test_epic_fail_xml in /home/kaiyaok2/PythonProjects/falcon/tests/test_httperror.py: 61.46477007865906
test_414_with_description in /home/kaiyaok2/PythonProjects/falcon/tests/test_httperror.py: 61.554094076156616
test_missing_param in /home/kaiyaok2/PythonProjects/falcon/tests/test_httperror.py: 61.65836048126221
test_410_without_body in /home/kaiyaok2/PythonProjects/falcon/tests/test_httperror.py: 61.75632643699646
test_429 in /home/kaiyaok2/PythonProjects/falcon/tests/test_httperror.py: 61.84968447685242
test_invalid_header in /home/kaiyaok2/PythonProjects/falcon/tests/test_httperror.py: 61.949820041656494
test_temporary_413_integer_retry_after in /home/kaiyaok2/PythonProjects/falcon/tests/test_httperror.py: 62.034666538238525
test_title_default_message_if_none in /home/kaiyaok2/PythonProjects/falcon/tests/test_httperror.py: 62.12851595878601
test_custom_serializer_no_representation in /home/kaiyaok2/PythonProjects/falcon/tests/test_httperror.py: 63.47522473335266
test_serialize_error_uses_media_handler in /home/kaiyaok2/PythonProjects/falcon/tests/test_httperror.py: 63.56829786300659
test_forbidden in /home/kaiyaok2/PythonProjects/falcon/tests/test_httperror.py: 63.65457201004028
test_title_default_message_if_none in /home/kaiyaok2/PythonProjects/falcon/tests/test_httperror.py: 63.746914863586426
test_custom_error_serializer_optional_representation in /home/kaiyaok2/PythonProjects/falcon/tests/test_httperror.py: 63.856393814086914
test_serialize_no_json_media_handler in /home/kaiyaok2/PythonProjects/falcon/tests/test_httperror.py: 63.948034048080444
test_base_class in /home/kaiyaok2/PythonProjects/falcon/tests/test_httperror.py: 64.03841280937195
test_client_does_not_accept_anything in /home/kaiyaok2/PythonProjects/falcon/tests/test_httperror.py: 65.38218474388123
test_no_description_xml in /home/kaiyaok2/PythonProjects/falcon/tests/test_httperror.py: 65.4797830581665
test_epic_fail_json in /home/kaiyaok2/PythonProjects/falcon/tests/test_httperror.py: 65.61484837532043
test_413 in /home/kaiyaok2/PythonProjects/falcon/tests/test_httperror.py: 65.71009564399719
test_404_without_body in /home/kaiyaok2/PythonProjects/falcon/tests/test_httperror.py: 65.79867267608643
test_414_with_custom_kwargs in /home/kaiyaok2/PythonProjects/falcon/tests/test_httperror.py: 65.88607096672058
test_410_with_body in /home/kaiyaok2/PythonProjects/falcon/tests/test_httperror.py: 65.97151184082031
test_503_datetime_retry_after in /home/kaiyaok2/PythonProjects/falcon/tests/test_httperror.py: 66.0784764289856
test_response_complex_case in /home/kaiyaok2/PythonProjects/falcon/tests/test_cookies.py: 99.74952220916748
test_cookies_setable in /home/kaiyaok2/PythonProjects/falcon/tests/test_cookies.py: 99.83967113494873
test_cookie_max_age_float_and_string in /home/kaiyaok2/PythonProjects/falcon/tests/test_cookies.py: 99.91498279571533
test_response_base_case in /home/kaiyaok2/PythonProjects/falcon/tests/test_cookies.py: 99.99277544021606
test_lax_same_site_value in /home/kaiyaok2/PythonProjects/falcon/tests/test_cookies.py: 100.07833075523376
test_response_disable_secure_globally in /home/kaiyaok2/PythonProjects/falcon/tests/test_cookies.py: 100.16205477714539
test_same_site_empty_string in /home/kaiyaok2/PythonProjects/falcon/tests/test_cookies.py: 100.25257706642151
test_unset_cookies_samesite in /home/kaiyaok2/PythonProjects/falcon/tests/test_cookies.py: 100.3361508846283
test_cookie_expires_naive in /home/kaiyaok2/PythonProjects/falcon/tests/test_cookies.py: 102.12463736534119
test_cookie_timezone in /home/kaiyaok2/PythonProjects/falcon/tests/test_cookies.py: 102.36572790145874
test_unset_cookies in /home/kaiyaok2/PythonProjects/falcon/tests/test_cookies.py: 102.47081470489502
test_response_unset_cookie in /home/kaiyaok2/PythonProjects/falcon/tests/test_cookies.py: 102.60012483596802
test_cookie_max_age_float_and_string in /home/kaiyaok2/PythonProjects/falcon/tests/test_cookies.py: 102.70437240600586
test_none_same_site_value in /home/kaiyaok2/PythonProjects/falcon/tests/test_cookies.py: 102.81672835350037
test_cookie_expires_aware in /home/kaiyaok2/PythonProjects/falcon/tests/test_cookies.py: 102.91626358032227
test_strict_same_site_value in /home/kaiyaok2/PythonProjects/falcon/tests/test_cookies.py: 103.00512480735779
test_wrapped_resource in /home/kaiyaok2/PythonProjects/falcon/tests/test_before_hooks.py: 103.51718521118164
test_field_validator in /home/kaiyaok2/PythonProjects/falcon/tests/test_before_hooks.py: 104.79269289970398
test_piggybacking_resource_post_and_delete in /home/kaiyaok2/PythonProjects/falcon/tests/test_before_hooks.py: 104.87767958641052
test_input_validator_inherited in /home/kaiyaok2/PythonProjects/falcon/tests/test_before_hooks.py: 104.97279477119446
test_wrapped_resource_with_hooks_aware_of_resource in /home/kaiyaok2/PythonProjects/falcon/tests/test_before_hooks.py: 105.04769134521484
test_param_validator in /home/kaiyaok2/PythonProjects/falcon/tests/test_before_hooks.py: 105.14592695236206
test_multiple_resource_hooks in /home/kaiyaok2/PythonProjects/falcon/tests/test_before_hooks.py: 105.22696089744568
test_input_validator in /home/kaiyaok2/PythonProjects/falcon/tests/test_before_hooks.py: 105.30431413650513
test_field_validator in /home/kaiyaok2/PythonProjects/falcon/tests/test_before_hooks.py: 105.40424513816833
test_field_validator in /home/kaiyaok2/PythonProjects/falcon/tests/test_before_hooks.py: 105.49666261672974
test_multiple_resource_hooks in /home/kaiyaok2/PythonProjects/falcon/tests/test_before_hooks.py: 106.71793341636658
test_piggybacking_resource_post_item in /home/kaiyaok2/PythonProjects/falcon/tests/test_before_hooks.py: 106.80638098716736
test_unicode_headers_contain_non_ascii in /home/kaiyaok2/PythonProjects/falcon/tests/test_headers.py: 125.14117193222046
test_override_default_media_type in /home/kaiyaok2/PythonProjects/falcon/tests/test_headers.py: 125.23422622680664
test_vary_star in /home/kaiyaok2/PythonProjects/falcon/tests/test_headers.py: 125.33086276054382
test_vary_header in /home/kaiyaok2/PythonProjects/falcon/tests/test_headers.py: 125.43751645088196
test_append_link_single in /home/kaiyaok2/PythonProjects/falcon/tests/test_headers.py: 125.55230975151062
test_content_disposition_attachment_header in /home/kaiyaok2/PythonProjects/falcon/tests/test_headers.py: 125.64343738555908
test_no_content_length in /home/kaiyaok2/PythonProjects/falcon/tests/test_headers.py: 126.95750045776367
test_set_headers_with_custom_class in /home/kaiyaok2/PythonProjects/falcon/tests/test_headers.py: 127.05236315727234
test_append_link_with_type_hint in /home/kaiyaok2/PythonProjects/falcon/tests/test_headers.py: 127.17222833633423
test_append_link_with_title_star in /home/kaiyaok2/PythonProjects/falcon/tests/test_headers.py: 127.2883071899414
test_unset_header in /home/kaiyaok2/PythonProjects/falcon/tests/test_headers.py: 127.37909865379333
test_append_link_crossorigin in /home/kaiyaok2/PythonProjects/falcon/tests/test_headers.py: 127.49962615966797
test_content_disposition_attachment_header in /home/kaiyaok2/PythonProjects/falcon/tests/test_headers.py: 127.59133577346802
test_no_content_type in /home/kaiyaok2/PythonProjects/falcon/tests/test_headers.py: 128.9602551460266
test_append_link_crossorigin in /home/kaiyaok2/PythonProjects/falcon/tests/test_headers.py: 129.08791518211365
test_custom_content_type in /home/kaiyaok2/PythonProjects/falcon/tests/test_headers.py: 129.1967260837555
test_declared_content_length_overridden_by_no_body in /home/kaiyaok2/PythonProjects/falcon/tests/test_headers.py: 129.29257702827454
test_content_disposition_inline_header in /home/kaiyaok2/PythonProjects/falcon/tests/test_headers.py: 129.4053201675415
test_unicode_headers_contain_non_ascii in /home/kaiyaok2/PythonProjects/falcon/tests/test_headers.py: 129.50979661941528
test_content_disposition_inline_header in /home/kaiyaok2/PythonProjects/falcon/tests/test_headers.py: 129.61087465286255
test_unicode_headers_contain_non_ascii in /home/kaiyaok2/PythonProjects/falcon/tests/test_headers.py: 131.0074965953827
test_append_link_complex in /home/kaiyaok2/PythonProjects/falcon/tests/test_headers.py: 131.1367495059967
test_declared_content_length_on_head in /home/kaiyaok2/PythonProjects/falcon/tests/test_headers.py: 131.2387354373932
test_append_link_with_anchor in /home/kaiyaok2/PythonProjects/falcon/tests/test_headers.py: 131.3656406402588
test_append_link_crossorigin in /home/kaiyaok2/PythonProjects/falcon/tests/test_headers.py: 131.48246669769287
test_passthrough_request_headers in /home/kaiyaok2/PythonProjects/falcon/tests/test_headers.py: 131.57614970207214
test_content_disposition_attachment_header in /home/kaiyaok2/PythonProjects/falcon/tests/test_headers.py: 131.66874313354492
test_unset_header in /home/kaiyaok2/PythonProjects/falcon/tests/test_headers.py: 131.77205991744995
test_headers_as_list in /home/kaiyaok2/PythonProjects/falcon/tests/test_headers.py: 133.24504375457764
test_content_disposition_attachment_header in /home/kaiyaok2/PythonProjects/falcon/tests/test_headers.py: 133.3426113128662
test_append_link_crossorigin in /home/kaiyaok2/PythonProjects/falcon/tests/test_headers.py: 133.46295523643494
test_headers_with_custom_class_not_callable in /home/kaiyaok2/PythonProjects/falcon/tests/test_headers.py: 133.55768179893494
test_no_content_type in /home/kaiyaok2/PythonProjects/falcon/tests/test_headers.py: 133.65231013298035
test_unicode_headers_contain_only_ascii in /home/kaiyaok2/PythonProjects/falcon/tests/test_headers.py: 133.75286769866943
test_default_media_type in /home/kaiyaok2/PythonProjects/falcon/tests/test_headers.py: 133.85880255699158
test_append_link_with_hreflang_multi in /home/kaiyaok2/PythonProjects/falcon/tests/test_headers.py: 133.97951889038086
test_content_type_no_body in /home/kaiyaok2/PythonProjects/falcon/tests/test_headers.py: 135.45791339874268
test_declared_content_length_overriden_by_body_length in /home/kaiyaok2/PythonProjects/falcon/tests/test_headers.py: 135.61198139190674
test_required_header in /home/kaiyaok2/PythonProjects/falcon/tests/test_headers.py: 135.74976992607117
test_append_link_with_link_extension in /home/kaiyaok2/PythonProjects/falcon/tests/test_headers.py: 135.89411902427673
test_vary_header in /home/kaiyaok2/PythonProjects/falcon/tests/test_headers.py: 136.00799822807312
test_no_content_length in /home/kaiyaok2/PythonProjects/falcon/tests/test_headers.py: 136.10884380340576
test_content_disposition_attachment_header in /home/kaiyaok2/PythonProjects/falcon/tests/test_headers.py: 136.2140347957611
test_unicode_location_headers in /home/kaiyaok2/PythonProjects/falcon/tests/test_headers.py: 136.31869864463806
test_override_default_media_type_missing_encoding in /home/kaiyaok2/PythonProjects/falcon/tests/test_headers.py: 137.8499631881714
test_content_disposition_attachment_header in /home/kaiyaok2/PythonProjects/falcon/tests/test_headers.py: 137.95121479034424
test_append_link_with_hreflang in /home/kaiyaok2/PythonProjects/falcon/tests/test_headers.py: 138.07260656356812
test_request_multiple_header in /home/kaiyaok2/PythonProjects/falcon/tests/test_headers.py: 138.1682460308075
test_response_header_helpers_on_get in /home/kaiyaok2/PythonProjects/falcon/tests/test_headers.py: 138.27043461799622
test_response_set_and_get_header in /home/kaiyaok2/PythonProjects/falcon/tests/test_headers.py: 138.37660837173462
test_response_append_header in /home/kaiyaok2/PythonProjects/falcon/tests/test_headers.py: 138.4732105731964
test_override_default_media_type in /home/kaiyaok2/PythonProjects/falcon/tests/test_headers.py: 139.83606147766113
test_content_length in /home/kaiyaok2/PythonProjects/falcon/tests/test_headers.py: 139.9432671070099
test_content_disposition_inline_header in /home/kaiyaok2/PythonProjects/falcon/tests/test_headers.py: 140.03793239593506
test_append_link_crossorigin in /home/kaiyaok2/PythonProjects/falcon/tests/test_headers.py: 140.16635942459106
test_append_link_crossorigin in /home/kaiyaok2/PythonProjects/falcon/tests/test_headers.py: 140.28368735313416
test_request_latin1_headers in /home/kaiyaok2/PythonProjects/falcon/tests/test_headers.py: 140.3884391784668
test_content_disposition_attachment_header in /home/kaiyaok2/PythonProjects/falcon/tests/test_headers.py: 140.48360419273376
test_get_header_as_int in /home/kaiyaok2/PythonProjects/falcon/tests/test_headers.py: 140.59373235702515
test_expires_header in /home/kaiyaok2/PythonProjects/falcon/tests/test_headers.py: 141.97394180297852
test_content_disposition_attachment_header in /home/kaiyaok2/PythonProjects/falcon/tests/test_headers.py: 142.069340467453
test_default_value in /home/kaiyaok2/PythonProjects/falcon/tests/test_headers.py: 142.16384363174438
test_unicode_headers_contain_non_ascii in /home/kaiyaok2/PythonProjects/falcon/tests/test_headers.py: 142.25738048553467
test_append_link_with_title in /home/kaiyaok2/PythonProjects/falcon/tests/test_headers.py: 142.37822103500366
test_append_link_multiple in /home/kaiyaok2/PythonProjects/falcon/tests/test_headers.py: 142.50212407112122
test_declared_content_length_overriden_by_data_length in /home/kaiyaok2/PythonProjects/falcon/tests/test_headers.py: 142.59279584884644
test_body_is_set in /home/kaiyaok2/PythonProjects/falcon/tests/test_error_handlers.py: 192.04896593093872
test_media_is_set in /home/kaiyaok2/PythonProjects/falcon/tests/test_error_handlers.py: 192.16167402267456
test_data_is_set in /home/kaiyaok2/PythonProjects/falcon/tests/test_error_handlers.py: 192.24834179878235
test_media_is_set in /home/kaiyaok2/PythonProjects/falcon/tests/test_error_handlers.py: 192.3453335762024
test_body_is_set in /home/kaiyaok2/PythonProjects/falcon/tests/test_error_handlers.py: 192.43548846244812
test_data_is_set in /home/kaiyaok2/PythonProjects/falcon/tests/test_error_handlers.py: 192.51762175559998
test_handler_single_exception_iterable in /home/kaiyaok2/PythonProjects/falcon/tests/test_error_handlers.py: 192.6155526638031
test_handle_not_defined in /home/kaiyaok2/PythonProjects/falcon/tests/test_error_handlers.py: 192.68682885169983
test_uncaught_python_error in /home/kaiyaok2/PythonProjects/falcon/tests/test_error_handlers.py: 192.77124667167664
test_converted_error in /home/kaiyaok2/PythonProjects/falcon/tests/test_error_handlers.py: 192.84446620941162
test_caught_error in /home/kaiyaok2/PythonProjects/falcon/tests/test_error_handlers.py: 192.9212305545807
test_handler_multiple_exception_iterable in /home/kaiyaok2/PythonProjects/falcon/tests/test_error_handlers.py: 194.24281001091003
test_invalid_add_exception_handler_input in /home/kaiyaok2/PythonProjects/falcon/tests/test_error_handlers.py: 194.3210608959198
test_uncaught_python_error in /home/kaiyaok2/PythonProjects/falcon/tests/test_error_handlers.py: 194.4053885936737
test_uncaught_error_else in /home/kaiyaok2/PythonProjects/falcon/tests/test_error_handlers.py: 194.48338294029236
test_error_precedence_subclass in /home/kaiyaok2/PythonProjects/falcon/tests/test_error_handlers.py: 194.58036136627197
test_handler_multiple_exception_iterable in /home/kaiyaok2/PythonProjects/falcon/tests/test_error_handlers.py: 194.67001247406006
test_uncaught_python_error in /home/kaiyaok2/PythonProjects/falcon/tests/test_error_handlers.py: 194.74478101730347
test_invalid_add_exception_handler_input in /home/kaiyaok2/PythonProjects/falcon/tests/test_error_handlers.py: 194.8235809803009
test_invalid_add_exception_handler_input in /home/kaiyaok2/PythonProjects/falcon/tests/test_error_handlers.py: 194.8950662612915
test_error_precedence_duplicate in /home/kaiyaok2/PythonProjects/falcon/tests/test_error_handlers.py: 194.96739792823792
test_uncaught_error in /home/kaiyaok2/PythonProjects/falcon/tests/test_error_handlers.py: 195.05998182296753
test_invalid_add_exception_handler_input in /home/kaiyaok2/PythonProjects/falcon/tests/test_error_handlers.py: 196.77746105194092
test_error_precedence_subclass_order_indifference in /home/kaiyaok2/PythonProjects/falcon/tests/test_error_handlers.py: 196.8740518093109
test_subclass_error in /home/kaiyaok2/PythonProjects/falcon/tests/test_error_handlers.py: 196.96421074867249
test_redirect in /home/kaiyaok2/PythonProjects/falcon/tests/test_redirects.py: 197.4577054977417
test_redirect_with_headers in /home/kaiyaok2/PythonProjects/falcon/tests/test_redirects.py: 197.52962231636047
test_redirect_with_headers in /home/kaiyaok2/PythonProjects/falcon/tests/test_redirects.py: 197.60098385810852
test_redirect in /home/kaiyaok2/PythonProjects/falcon/tests/test_redirects.py: 197.66855216026306
test_redirect_with_headers in /home/kaiyaok2/PythonProjects/falcon/tests/test_redirects.py: 197.73342490196228
test_redirect in /home/kaiyaok2/PythonProjects/falcon/tests/test_redirects.py: 197.79933261871338
test_redirect in /home/kaiyaok2/PythonProjects/falcon/tests/test_redirects.py: 197.91153931617737
test_redirect in /home/kaiyaok2/PythonProjects/falcon/tests/test_redirects.py: 199.45719599723816
test_redirect_with_headers in /home/kaiyaok2/PythonProjects/falcon/tests/test_redirects.py: 199.52978777885437
test_redirect_with_headers in /home/kaiyaok2/PythonProjects/falcon/tests/test_redirects.py: 199.61243796348572
test_route_precedence_with_id in /home/kaiyaok2/PythonProjects/falcon/tests/test_sinks.py: 201.47702527046204
test_route_precedence in /home/kaiyaok2/PythonProjects/falcon/tests/test_sinks.py: 201.55096983909607
test_with_route in /home/kaiyaok2/PythonProjects/falcon/tests/test_sinks.py: 201.61853861808777
test_route_precedence_with_both_id in /home/kaiyaok2/PythonProjects/falcon/tests/test_sinks.py: 201.69014477729797
test_add_sync_sink_with_wrapping in /home/kaiyaok2/PythonProjects/falcon/tests/test_sinks.py: 201.71663522720337
test_dont_auto_parse_by_default in /home/kaiyaok2/PythonProjects/falcon/tests/test_query_params.py: 201.8840606212616
test_empty_body_no_content_length in /home/kaiyaok2/PythonProjects/falcon/tests/test_query_params.py: 203.37729215621948
test_empty_body in /home/kaiyaok2/PythonProjects/falcon/tests/test_query_params.py: 203.48376965522766
test_http_methods_body_expected in /home/kaiyaok2/PythonProjects/falcon/tests/test_query_params.py: 203.58550238609314
test_http_methods_body_expected in /home/kaiyaok2/PythonProjects/falcon/tests/test_query_params.py: 203.6851246356964
test_explicitly_disable_auto_parse in /home/kaiyaok2/PythonProjects/falcon/tests/test_query_params.py: 203.79276394844055
test_http_methods_body_expected in /home/kaiyaok2/PythonProjects/falcon/tests/test_query_params.py: 203.90068578720093
test_non_ascii in /home/kaiyaok2/PythonProjects/falcon/tests/test_query_params.py: 204.00656819343567
test_http_methods_body_expected in /home/kaiyaok2/PythonProjects/falcon/tests/test_query_params.py: 205.4092676639557
test_http_methods_body_not_expected in /home/kaiyaok2/PythonProjects/falcon/tests/test_query_params.py: 205.56459784507751
test_asgi_raises_error in /home/kaiyaok2/PythonProjects/falcon/tests/test_query_params.py: 205.70823621749878
test_http_methods_body_expected in /home/kaiyaok2/PythonProjects/falcon/tests/test_query_params.py: 205.84685254096985
test_http_methods_body_not_expected in /home/kaiyaok2/PythonProjects/falcon/tests/test_query_params.py: 205.95425486564636
test_float in /home/kaiyaok2/PythonProjects/falcon/tests/test_query_params.py: 206.06032991409302
test_int in /home/kaiyaok2/PythonProjects/falcon/tests/test_query_params.py: 207.6384937763214
test_required in /home/kaiyaok2/PythonProjects/falcon/tests/test_query_params.py: 207.77915215492249
test_required in /home/kaiyaok2/PythonProjects/falcon/tests/test_query_params.py: 207.92945051193237
test_required in /home/kaiyaok2/PythonProjects/falcon/tests/test_query_params.py: 208.04929637908936
test_option_auto_parse_qs_csv_multiple_fields_true in /home/kaiyaok2/PythonProjects/falcon/tests/test_query_params.py: 208.20790338516235
test_simple in /home/kaiyaok2/PythonProjects/falcon/tests/test_query_params.py: 208.33529686927795
test_list_type in /home/kaiyaok2/PythonProjects/falcon/tests/test_query_params.py: 209.73381161689758
test_option_auto_parse_qs_csv_multiple_fields_true in /home/kaiyaok2/PythonProjects/falcon/tests/test_query_params.py: 209.84851694107056
test_multiple_keys_as_bool in /home/kaiyaok2/PythonProjects/falcon/tests/test_query_params.py: 209.97335267066956
test_get_datetime_invalid in /home/kaiyaok2/PythonProjects/falcon/tests/test_query_params.py: 210.0827441215515
test_multiple_keys_as_float in /home/kaiyaok2/PythonProjects/falcon/tests/test_query_params.py: 210.21156549453735
test_float in /home/kaiyaok2/PythonProjects/falcon/tests/test_query_params.py: 210.34095287322998
test_list_type_blank in /home/kaiyaok2/PythonProjects/falcon/tests/test_query_params.py: 211.75687909126282
test_required in /home/kaiyaok2/PythonProjects/falcon/tests/test_query_params.py: 211.8702187538147
test_get_date_valid_with_format in /home/kaiyaok2/PythonProjects/falcon/tests/test_query_params.py: 211.98408675193787
test_option_auto_parse_qs_csv_complex_false in /home/kaiyaok2/PythonProjects/falcon/tests/test_query_params.py: 212.09619522094727
test_get_date_valid_with_format in /home/kaiyaok2/PythonProjects/falcon/tests/test_query_params.py: 212.21190094947815
test_get_date_missing_param in /home/kaiyaok2/PythonProjects/falcon/tests/test_query_params.py: 212.32746767997742
test_option_auto_parse_qs_csv_multiple_fields_true in /home/kaiyaok2/PythonProjects/falcon/tests/test_query_params.py: 213.80088424682617
test_required in /home/kaiyaok2/PythonProjects/falcon/tests/test_query_params.py: 213.94803380966187
test_boolean_blank in /home/kaiyaok2/PythonProjects/falcon/tests/test_query_params.py: 214.0859100818634
test_get_date_valid in /home/kaiyaok2/PythonProjects/falcon/tests/test_query_params.py: 214.2334406375885
test_default in /home/kaiyaok2/PythonProjects/falcon/tests/test_query_params.py: 214.35138511657715
test_option_auto_parse_qs_csv_multiple_fields_true in /home/kaiyaok2/PythonProjects/falcon/tests/test_query_params.py: 214.46721196174622
test_none in /home/kaiyaok2/PythonProjects/falcon/tests/test_query_params.py: 214.58261632919312
test_bad_percentage in /home/kaiyaok2/PythonProjects/falcon/tests/test_query_params.py: 216.15527439117432
test_boolean in /home/kaiyaok2/PythonProjects/falcon/tests/test_query_params.py: 216.31040573120117
test_option_auto_parse_qs_csv_simple_false in /home/kaiyaok2/PythonProjects/falcon/tests/test_query_params.py: 216.41030621528625
test_get_date_invalid in /home/kaiyaok2/PythonProjects/falcon/tests/test_query_params.py: 216.51541566848755
test_option_auto_parse_qs_csv_simple_false in /home/kaiyaok2/PythonProjects/falcon/tests/test_query_params.py: 216.61877131462097
test_list_transformer in /home/kaiyaok2/PythonProjects/falcon/tests/test_query_params.py: 216.73602151870728
test_allowed_names in /home/kaiyaok2/PythonProjects/falcon/tests/test_query_params.py: 216.89157843589783
test_boolean in /home/kaiyaok2/PythonProjects/falcon/tests/test_query_params.py: 217.049880027771
test_get_dict_invalid in /home/kaiyaok2/PythonProjects/falcon/tests/test_query_params.py: 218.71126222610474
test_get_dict_invalid in /home/kaiyaok2/PythonProjects/falcon/tests/test_query_params.py: 218.85383939743042
test_option_auto_parse_qs_csv_multiple_fields_false in /home/kaiyaok2/PythonProjects/falcon/tests/test_query_params.py: 218.96365451812744
test_option_auto_parse_qs_csv_multiple_fields_true in /home/kaiyaok2/PythonProjects/falcon/tests/test_query_params.py: 219.07112526893616
test_option_auto_parse_qs_csv_multiple_fields_true in /home/kaiyaok2/PythonProjects/falcon/tests/test_query_params.py: 219.18173789978027
test_has_param in /home/kaiyaok2/PythonProjects/falcon/tests/test_query_params.py: 219.2920470237732
test_uuid in /home/kaiyaok2/PythonProjects/falcon/tests/test_query_params.py: 219.39470720291138
test_percent_encoded in /home/kaiyaok2/PythonProjects/falcon/tests/test_query_params.py: 219.49283409118652
test_option_auto_parse_qs_csv_multiple_fields_false in /home/kaiyaok2/PythonProjects/falcon/tests/test_query_params.py: 221.0047905445099
test_required in /home/kaiyaok2/PythonProjects/falcon/tests/test_query_params.py: 221.13148593902588
test_required in /home/kaiyaok2/PythonProjects/falcon/tests/test_query_params.py: 221.2448136806488
test_get_datetime_missing_param in /home/kaiyaok2/PythonProjects/falcon/tests/test_query_params.py: 221.34660458564758
test_list_type_blank in /home/kaiyaok2/PythonProjects/falcon/tests/test_query_params.py: 221.46052885055542
test_option_auto_parse_qs_csv_multiple_fields_true in /home/kaiyaok2/PythonProjects/falcon/tests/test_query_params.py: 221.58112502098083
test_option_auto_parse_qs_csv_multiple_fields_true in /home/kaiyaok2/PythonProjects/falcon/tests/test_query_params.py: 221.7163815498352
test_option_auto_parse_qs_csv_multiple_fields_true in /home/kaiyaok2/PythonProjects/falcon/tests/test_query_params.py: 221.82195353507996
test_required in /home/kaiyaok2/PythonProjects/falcon/tests/test_query_params.py: 221.9459719657898
test_get_datetime_missing_param in /home/kaiyaok2/PythonProjects/falcon/tests/test_query_params.py: 223.4588053226471
test_get_param_as_json_handler_json in /home/kaiyaok2/PythonProjects/falcon/tests/test_query_params.py: 223.569988489151
test_int_neg in /home/kaiyaok2/PythonProjects/falcon/tests/test_query_params.py: 223.6875057220459
test_option_auto_parse_qs_csv_multiple_fields_true in /home/kaiyaok2/PythonProjects/falcon/tests/test_query_params.py: 223.82809734344482
test_get_datetime_store in /home/kaiyaok2/PythonProjects/falcon/tests/test_query_params.py: 223.9351670742035
test_default_auto_parse_csv_behaviour in /home/kaiyaok2/PythonProjects/falcon/tests/test_query_params.py: 224.03844237327576
test_option_auto_parse_qs_csv_complex_false in /home/kaiyaok2/PythonProjects/falcon/tests/test_query_params.py: 224.1466109752655
test_get_datetime_store in /home/kaiyaok2/PythonProjects/falcon/tests/test_query_params.py: 225.5611493587494
test_get_date_store in /home/kaiyaok2/PythonProjects/falcon/tests/test_query_params.py: 225.6679883003235
test_multiple_keys_as_bool in /home/kaiyaok2/PythonProjects/falcon/tests/test_query_params.py: 225.77190971374512
test_list_transformer in /home/kaiyaok2/PythonProjects/falcon/tests/test_query_params.py: 225.92826175689697
test_get_dict_missing_param in /home/kaiyaok2/PythonProjects/falcon/tests/test_query_params.py: 226.10671830177307
test_get_dict_store in /home/kaiyaok2/PythonProjects/falcon/tests/test_query_params.py: 226.28970170021057
test_required in /home/kaiyaok2/PythonProjects/falcon/tests/test_query_params.py: 226.48882961273193
test_param_property in /home/kaiyaok2/PythonProjects/falcon/tests/test_query_params.py: 226.6113748550415
test_required in /home/kaiyaok2/PythonProjects/falcon/tests/test_query_params.py: 228.1730251312256
test_multiple_form_keys_as_list in /home/kaiyaok2/PythonProjects/falcon/tests/test_query_params.py: 228.30249786376953
test_list_type in /home/kaiyaok2/PythonProjects/falcon/tests/test_query_params.py: 228.4287269115448
test_uuid in /home/kaiyaok2/PythonProjects/falcon/tests/test_query_params.py: 228.5642750263214
test_simple in /home/kaiyaok2/PythonProjects/falcon/tests/test_query_params.py: 228.682523727417
test_get_date_valid in /home/kaiyaok2/PythonProjects/falcon/tests/test_query_params.py: 228.79829740524292
test_get_dict_valid in /home/kaiyaok2/PythonProjects/falcon/tests/test_query_params.py: 228.92808365821838
test_allowed_names in /home/kaiyaok2/PythonProjects/falcon/tests/test_query_params.py: 230.37178373336792
test_int in /home/kaiyaok2/PythonProjects/falcon/tests/test_query_params.py: 230.5025863647461
test_option_auto_parse_qs_csv_simple_true in /home/kaiyaok2/PythonProjects/falcon/tests/test_query_params.py: 230.61962699890137
test_required in /home/kaiyaok2/PythonProjects/falcon/tests/test_query_params.py: 230.73856115341187
test_default in /home/kaiyaok2/PythonProjects/falcon/tests/test_query_params.py: 230.85173511505127
test_float_neg in /home/kaiyaok2/PythonProjects/falcon/tests/test_query_params.py: 230.96305203437805
test_get_dict_valid in /home/kaiyaok2/PythonProjects/falcon/tests/test_query_params.py: 231.1092722415924
test_multiple_form_keys in /home/kaiyaok2/PythonProjects/falcon/tests/test_query_params.py: 231.23960328102112
test_option_auto_parse_qs_csv_multiple_fields_true in /home/kaiyaok2/PythonProjects/falcon/tests/test_query_params.py: 232.65755558013916
test_multiple_keys_as_int in /home/kaiyaok2/PythonProjects/falcon/tests/test_query_params.py: 232.78547143936157
test_blank in /home/kaiyaok2/PythonProjects/falcon/tests/test_query_params.py: 232.9070692062378
test_option_auto_parse_qs_csv_multiple_fields_true in /home/kaiyaok2/PythonProjects/falcon/tests/test_query_params.py: 233.02455735206604
test_option_auto_parse_qs_csv_simple_true in /home/kaiyaok2/PythonProjects/falcon/tests/test_query_params.py: 233.12781596183777
test_get_datetime_valid in /home/kaiyaok2/PythonProjects/falcon/tests/test_query_params.py: 233.2299554347992
test_option_auto_parse_qs_csv_multiple_fields_true in /home/kaiyaok2/PythonProjects/falcon/tests/test_query_params.py: 234.9280605316162
test_int_neg in /home/kaiyaok2/PythonProjects/falcon/tests/test_query_params.py: 235.07909202575684
test_multiple_form_keys_as_list in /home/kaiyaok2/PythonProjects/falcon/tests/test_query_params.py: 235.2029869556427
test_float_neg in /home/kaiyaok2/PythonProjects/falcon/tests/test_query_params.py: 235.32189989089966
test_get_datetime_valid_with_format in /home/kaiyaok2/PythonProjects/falcon/tests/test_query_params.py: 235.44019055366516
test_default_auto_parse_csv_behaviour in /home/kaiyaok2/PythonProjects/falcon/tests/test_query_params.py: 235.58536005020142
test_get_param_as_json_no_handler_json in /home/kaiyaok2/PythonProjects/falcon/tests/test_query_params.py: 235.70396161079407
test_get_date_missing_param in /home/kaiyaok2/PythonProjects/falcon/tests/test_query_params.py: 237.23471188545227
test_none in /home/kaiyaok2/PythonProjects/falcon/tests/test_query_params.py: 237.3414044380188
test_option_auto_parse_qs_csv_multiple_fields_true in /home/kaiyaok2/PythonProjects/falcon/tests/test_query_params.py: 237.44504928588867
test_boolean_blank in /home/kaiyaok2/PythonProjects/falcon/tests/test_query_params.py: 237.58730626106262
test_option_auto_parse_qs_csv_multiple_fields_true in /home/kaiyaok2/PythonProjects/falcon/tests/test_query_params.py: 237.81270170211792
test_get_datetime_invalid in /home/kaiyaok2/PythonProjects/falcon/tests/test_query_params.py: 237.95336723327637
test_option_auto_parse_qs_csv_multiple_fields_true in /home/kaiyaok2/PythonProjects/falcon/tests/test_query_params.py: 238.06655383110046
test_get_datetime_valid in /home/kaiyaok2/PythonProjects/falcon/tests/test_query_params.py: 239.59388828277588
test_percent_encoded in /home/kaiyaok2/PythonProjects/falcon/tests/test_query_params.py: 239.72121453285217
test_required in /home/kaiyaok2/PythonProjects/falcon/tests/test_query_params.py: 239.84106874465942
test_bad_percentage in /home/kaiyaok2/PythonProjects/falcon/tests/test_query_params.py: 239.95694875717163
test_option_auto_parse_qs_csv_multiple_fields_true in /home/kaiyaok2/PythonProjects/falcon/tests/test_query_params.py: 240.07523274421692
test_param_property in /home/kaiyaok2/PythonProjects/falcon/tests/test_query_params.py: 240.17901873588562
test_has_param in /home/kaiyaok2/PythonProjects/falcon/tests/test_query_params.py: 241.65799570083618
test_option_auto_parse_qs_csv_multiple_fields_true in /home/kaiyaok2/PythonProjects/falcon/tests/test_query_params.py: 241.77328395843506
test_get_datetime_valid_with_format in /home/kaiyaok2/PythonProjects/falcon/tests/test_query_params.py: 241.89538264274597
test_multiple_form_keys in /home/kaiyaok2/PythonProjects/falcon/tests/test_query_params.py: 242.01193046569824
test_blank in /home/kaiyaok2/PythonProjects/falcon/tests/test_query_params.py: 242.12118482589722
test_get_date_store in /home/kaiyaok2/PythonProjects/falcon/tests/test_query_params.py: 242.23399662971497
test_get_date_invalid in /home/kaiyaok2/PythonProjects/falcon/tests/test_query_params.py: 243.79029726982117
test_multiple_keys_as_float in /home/kaiyaok2/PythonProjects/falcon/tests/test_query_params.py: 243.94455361366272
test_get_dict_store in /home/kaiyaok2/PythonProjects/falcon/tests/test_query_params.py: 244.05142998695374
test_multiple_keys_as_int in /home/kaiyaok2/PythonProjects/falcon/tests/test_query_params.py: 244.1737515926361
test_get_dict_missing_param in /home/kaiyaok2/PythonProjects/falcon/tests/test_query_params.py: 244.29055666923523
test_imported_from_c_modules in /home/kaiyaok2/PythonProjects/falcon/tests/test_cython.py: 244.30648732185364
test_stream_has_private_read in /home/kaiyaok2/PythonProjects/falcon/tests/test_cython.py: 244.31122374534607
test_caught_error_async in /home/kaiyaok2/PythonProjects/falcon/tests/test_error_handlers.py: 244.39029264450073
test_catch_http_no_route_error in /home/kaiyaok2/PythonProjects/falcon/tests/test_error_handlers.py: 244.46505284309387
test_data_is_set in /home/kaiyaok2/PythonProjects/falcon/tests/test_httpstatus.py: 244.6096386909485
test_body_is_set in /home/kaiyaok2/PythonProjects/falcon/tests/test_httpstatus.py: 246.0121669769287
test_media_is_set in /home/kaiyaok2/PythonProjects/falcon/tests/test_httpstatus.py: 246.118097782135
test_raise_status_in_process_request in /home/kaiyaok2/PythonProjects/falcon/tests/test_httpstatus.py: 246.22022795677185
test_raise_status_runs_process_response in /home/kaiyaok2/PythonProjects/falcon/tests/test_httpstatus.py: 246.29639506340027
test_raise_status_in_process_resource in /home/kaiyaok2/PythonProjects/falcon/tests/test_httpstatus.py: 246.36814761161804
test_raise_status_survives_after_hooks in /home/kaiyaok2/PythonProjects/falcon/tests/test_httpstatus.py: 246.4383635520935
test_raise_status_in_responder in /home/kaiyaok2/PythonProjects/falcon/tests/test_httpstatus.py: 246.51218843460083
test_raise_status_runs_after_hooks in /home/kaiyaok2/PythonProjects/falcon/tests/test_httpstatus.py: 246.59575533866882
test_raise_status_empty_body in /home/kaiyaok2/PythonProjects/falcon/tests/test_httpstatus.py: 246.77142357826233
test_raise_status_in_before_hook in /home/kaiyaok2/PythonProjects/falcon/tests/test_httpstatus.py: 246.89236569404602
test_api_initialization_with_cors_enabled_and_middleware_param in /home/kaiyaok2/PythonProjects/falcon/tests/test_middleware.py: 247.25430297851562
test_api_initialization_with_cors_enabled_and_middleware_param in /home/kaiyaok2/PythonProjects/falcon/tests/test_middleware.py: 248.82652950286865
test_api_initialization_with_cors_enabled_and_middleware_param in /home/kaiyaok2/PythonProjects/falcon/tests/test_middleware.py: 248.94807314872742
test_api_initialization_with_cors_enabled_and_middleware_param in /home/kaiyaok2/PythonProjects/falcon/tests/test_middleware.py: 249.07335901260376
test_generate_trans_id_and_time_with_request in /home/kaiyaok2/PythonProjects/falcon/tests/test_middleware.py: 249.17114543914795
test_legacy_middleware_called_with_correct_args in /home/kaiyaok2/PythonProjects/falcon/tests/test_middleware.py: 249.26538729667664
test_middleware_execution_order in /home/kaiyaok2/PythonProjects/falcon/tests/test_middleware.py: 249.3569393157959
test_order_independent_mw_executed_when_exception_in_req in /home/kaiyaok2/PythonProjects/falcon/tests/test_middleware.py: 249.4491584300995
test_order_mw_executed_when_exception_in_resp in /home/kaiyaok2/PythonProjects/falcon/tests/test_middleware.py: 249.53517079353333
test_order_mw_executed_when_exception_in_req in /home/kaiyaok2/PythonProjects/falcon/tests/test_middleware.py: 249.63504314422607
test_inner_mw_with_ex_handler_throw_exception in /home/kaiyaok2/PythonProjects/falcon/tests/test_middleware.py: 249.71950769424438
test_outer_mw_with_ex_handler_throw_exception in /home/kaiyaok2/PythonProjects/falcon/tests/test_middleware.py: 249.80182790756226
test_inner_mw_throw_exception_while_processing_resp in /home/kaiyaok2/PythonProjects/falcon/tests/test_middleware.py: 251.25808215141296
test_order_independent_mw_executed_when_exception_in_resp in /home/kaiyaok2/PythonProjects/falcon/tests/test_middleware.py: 251.34380960464478
test_generate_trans_id_and_time_with_request in /home/kaiyaok2/PythonProjects/falcon/tests/test_middleware.py: 251.4350290298462
test_order_mw_executed_when_exception_in_rsrc in /home/kaiyaok2/PythonProjects/falcon/tests/test_middleware.py: 251.5192449092865
test_multiple_response_mw_throw_exception in /home/kaiyaok2/PythonProjects/falcon/tests/test_middleware.py: 251.60204243659973
test_independent_middleware_execution_order in /home/kaiyaok2/PythonProjects/falcon/tests/test_middleware.py: 251.6851716041565
test_inner_mw_throw_exception in /home/kaiyaok2/PythonProjects/falcon/tests/test_middleware.py: 251.81147813796997
test_order_independent_mw_executed_when_exception_in_rsrc in /home/kaiyaok2/PythonProjects/falcon/tests/test_middleware.py: 251.89540719985962
test_skip_process_resource in /home/kaiyaok2/PythonProjects/falcon/tests/test_middleware.py: 252.00039863586426
test_log_get_request in /home/kaiyaok2/PythonProjects/falcon/tests/test_middleware.py: 252.11572861671448
test_response_middleware_raises_exception in /home/kaiyaok2/PythonProjects/falcon/tests/test_middleware.py: 253.50531721115112
test_log_get_request in /home/kaiyaok2/PythonProjects/falcon/tests/test_middleware.py: 253.6042742729187
test_dont_need_params_in_signature in /home/kaiyaok2/PythonProjects/falcon/tests/test_middleware.py: 253.68790674209595
test_process_resource_cached in /home/kaiyaok2/PythonProjects/falcon/tests/test_middleware.py: 253.780601978302
test_process_request_cached in /home/kaiyaok2/PythonProjects/falcon/tests/test_middleware.py: 253.88543343544006
test_process_request_cached in /home/kaiyaok2/PythonProjects/falcon/tests/test_middleware.py: 253.97868037223816
test_process_request_not_cached in /home/kaiyaok2/PythonProjects/falcon/tests/test_middleware.py: 254.0701129436493
test_process_resource_cached in /home/kaiyaok2/PythonProjects/falcon/tests/test_middleware.py: 254.18066692352295
test_generate_trans_id_with_request in /home/kaiyaok2/PythonProjects/falcon/tests/test_middleware.py: 254.2846598625183
test_can_access_resource_params in /home/kaiyaok2/PythonProjects/falcon/tests/test_middleware.py: 254.37065052986145
test_can_access_resource_params in /home/kaiyaok2/PythonProjects/falcon/tests/test_middleware.py: 256.1748721599579
test_base_path_is_removed_before_routing in /home/kaiyaok2/PythonProjects/falcon/tests/test_middleware.py: 256.27455949783325
test_http_status_raised_from_error_handler in /home/kaiyaok2/PythonProjects/falcon/tests/test_middleware.py: 256.3740668296814
test_error_composed_before_resp_middleware_called in /home/kaiyaok2/PythonProjects/falcon/tests/test_middleware.py: 256.4814670085907
test_inspect in /home/kaiyaok2/PythonProjects/falcon/tests/test_cmd_inspect_app.py: 256.5830569267273
test_routes_only in /home/kaiyaok2/PythonProjects/falcon/tests/test_cmd_inspect_app.py: 256.6555161476135
test_routes_only in /home/kaiyaok2/PythonProjects/falcon/tests/test_cmd_inspect_app.py: 256.7184054851532
test_inspect in /home/kaiyaok2/PythonProjects/falcon/tests/test_cmd_inspect_app.py: 256.78294372558594
test_inspect in /home/kaiyaok2/PythonProjects/falcon/tests/test_cmd_inspect_app.py: 256.8555157184601
test_routes_only in /home/kaiyaok2/PythonProjects/falcon/tests/test_cmd_inspect_app.py: 256.9187479019165
test_inspect in /home/kaiyaok2/PythonProjects/falcon/tests/test_cmd_inspect_app.py: 256.99107456207275
test_routes_only in /home/kaiyaok2/PythonProjects/falcon/tests/test_cmd_inspect_app.py: 257.0542485713959
test_load_app_error in /home/kaiyaok2/PythonProjects/falcon/tests/test_cmd_inspect_app.py: 257.1192400455475
test_load_app in /home/kaiyaok2/PythonProjects/falcon/tests/test_cmd_inspect_app.py: 257.2017078399658
test_load_app in /home/kaiyaok2/PythonProjects/falcon/tests/test_cmd_inspect_app.py: 257.2884211540222
test_load_app_error in /home/kaiyaok2/PythonProjects/falcon/tests/test_cmd_inspect_app.py: 257.4196128845215
test_load_app_error in /home/kaiyaok2/PythonProjects/falcon/tests/test_cmd_inspect_app.py: 257.4861116409302
test_wrapped_resource in /home/kaiyaok2/PythonProjects/falcon/tests/test_after_hooks.py: 257.5765149593353
test_resource_with_uri_fields in /home/kaiyaok2/PythonProjects/falcon/tests/test_after_hooks.py: 257.6597263813019
test_wrapped_resource in /home/kaiyaok2/PythonProjects/falcon/tests/test_after_hooks.py: 257.73724937438965
test_resource_with_uri_fields in /home/kaiyaok2/PythonProjects/falcon/tests/test_after_hooks.py: 257.8139681816101
test_wrapped_resource_with_hooks_aware_of_resource in /home/kaiyaok2/PythonProjects/falcon/tests/test_after_hooks.py: 257.8918082714081
test_non_string_status in /home/kaiyaok2/PythonProjects/falcon/tests/test_httpstatus.py: 259.71938133239746
test_non_string_status in /home/kaiyaok2/PythonProjects/falcon/tests/test_httpstatus.py: 259.8093101978302
test_non_string_status in /home/kaiyaok2/PythonProjects/falcon/tests/test_httpstatus.py: 259.89515233039856
test_non_string_status in /home/kaiyaok2/PythonProjects/falcon/tests/test_httpstatus.py: 259.9809148311615
test_non_string_status in /home/kaiyaok2/PythonProjects/falcon/tests/test_httpstatus.py: 260.0619237422943
test_non_string_status in /home/kaiyaok2/PythonProjects/falcon/tests/test_httpstatus.py: 260.14375495910645
test_non_string_status in /home/kaiyaok2/PythonProjects/falcon/tests/test_httpstatus.py: 260.22221517562866
test_non_string_status in /home/kaiyaok2/PythonProjects/falcon/tests/test_httpstatus.py: 260.3018057346344
test_non_string_status in /home/kaiyaok2/PythonProjects/falcon/tests/test_httpstatus.py: 260.38082456588745
test_non_string_status in /home/kaiyaok2/PythonProjects/falcon/tests/test_httpstatus.py: 260.46089124679565
test_non_string_status in /home/kaiyaok2/PythonProjects/falcon/tests/test_httpstatus.py: 260.53903007507324
test_non_string_status in /home/kaiyaok2/PythonProjects/falcon/tests/test_httpstatus.py: 261.9184911251068
test_non_string_status in /home/kaiyaok2/PythonProjects/falcon/tests/test_httpstatus.py: 261.9992094039917
test_non_string_status in /home/kaiyaok2/PythonProjects/falcon/tests/test_httpstatus.py: 262.07624411582947
