test_imported_from_c_modules in /home/kaiyaok2/PythonProjects/falcon/tests/test_cython.py: 100.6280529499054
test_stream_has_private_read in /home/kaiyaok2/PythonProjects/falcon/tests/test_cython.py: 100.63364315032959
test_routes_only in /home/kaiyaok2/PythonProjects/falcon/tests/test_cmd_inspect_app.py: 106.84399557113647
test_inspect in /home/kaiyaok2/PythonProjects/falcon/tests/test_cmd_inspect_app.py: 106.90159916877747
test_inspect in /home/kaiyaok2/PythonProjects/falcon/tests/test_cmd_inspect_app.py: 106.95784544944763
test_routes_only in /home/kaiyaok2/PythonProjects/falcon/tests/test_cmd_inspect_app.py: 107.01340770721436
test_inspect in /home/kaiyaok2/PythonProjects/falcon/tests/test_cmd_inspect_app.py: 107.06851029396057
test_inspect in /home/kaiyaok2/PythonProjects/falcon/tests/test_cmd_inspect_app.py: 107.12352705001831
test_routes_only in /home/kaiyaok2/PythonProjects/falcon/tests/test_cmd_inspect_app.py: 107.17876172065735
test_routes_only in /home/kaiyaok2/PythonProjects/falcon/tests/test_cmd_inspect_app.py: 107.23424744606018
test_load_app_error in /home/kaiyaok2/PythonProjects/falcon/tests/test_cmd_inspect_app.py: 107.29053974151611
test_load_app_error in /home/kaiyaok2/PythonProjects/falcon/tests/test_cmd_inspect_app.py: 107.35024690628052
test_load_app in /home/kaiyaok2/PythonProjects/falcon/tests/test_cmd_inspect_app.py: 107.40478277206421
test_load_app_error in /home/kaiyaok2/PythonProjects/falcon/tests/test_cmd_inspect_app.py: 107.45923900604248
test_load_app in /home/kaiyaok2/PythonProjects/falcon/tests/test_cmd_inspect_app.py: 107.51158738136292
test_jsonchema_validator in /home/kaiyaok2/PythonProjects/falcon/tests/asgi/test_cythonized_asgi.py: 116.24558639526367
test_hooks in /home/kaiyaok2/PythonProjects/falcon/tests/asgi/test_cythonized_asgi.py: 116.31173372268677
test_json_err_no_handler in /home/kaiyaok2/PythonProjects/falcon/tests/test_media_handlers.py: 116.65355491638184
test_json_err_no_handler in /home/kaiyaok2/PythonProjects/falcon/tests/test_media_handlers.py: 116.7405891418457
test_custom_content_type in /home/kaiyaok2/PythonProjects/falcon/tests/test_headers.py: 120.19095301628113
test_set_headers_with_custom_class in /home/kaiyaok2/PythonProjects/falcon/tests/test_headers.py: 120.3218948841095
test_default_media_type in /home/kaiyaok2/PythonProjects/falcon/tests/test_headers.py: 120.4427649974823
test_append_link_with_type_hint in /home/kaiyaok2/PythonProjects/falcon/tests/test_headers.py: 120.5642626285553
test_content_length in /home/kaiyaok2/PythonProjects/falcon/tests/test_headers.py: 120.65581679344177
test_append_link_crossorigin in /home/kaiyaok2/PythonProjects/falcon/tests/test_headers.py: 122.25302624702454
test_vary_header in /home/kaiyaok2/PythonProjects/falcon/tests/test_headers.py: 122.36172461509705
test_append_link_multiple in /home/kaiyaok2/PythonProjects/falcon/tests/test_headers.py: 122.48385405540466
test_declared_content_length_overridden_by_no_body in /home/kaiyaok2/PythonProjects/falcon/tests/test_headers.py: 122.57495164871216
test_append_link_with_anchor in /home/kaiyaok2/PythonProjects/falcon/tests/test_headers.py: 122.71691346168518
test_unicode_headers_contain_non_ascii in /home/kaiyaok2/PythonProjects/falcon/tests/test_headers.py: 122.80941367149353
test_append_link_crossorigin in /home/kaiyaok2/PythonProjects/falcon/tests/test_headers.py: 122.94311714172363
test_content_disposition_attachment_header in /home/kaiyaok2/PythonProjects/falcon/tests/test_headers.py: 123.03439283370972
test_content_disposition_attachment_header in /home/kaiyaok2/PythonProjects/falcon/tests/test_headers.py: 124.60208368301392
test_content_type_no_body in /home/kaiyaok2/PythonProjects/falcon/tests/test_headers.py: 124.70708084106445
test_unicode_headers_contain_non_ascii in /home/kaiyaok2/PythonProjects/falcon/tests/test_headers.py: 124.80739951133728
test_vary_star in /home/kaiyaok2/PythonProjects/falcon/tests/test_headers.py: 124.89800643920898
test_unicode_headers_contain_only_ascii in /home/kaiyaok2/PythonProjects/falcon/tests/test_headers.py: 124.98960781097412
test_content_disposition_attachment_header in /home/kaiyaok2/PythonProjects/falcon/tests/test_headers.py: 125.0978729724884
test_no_content_length in /home/kaiyaok2/PythonProjects/falcon/tests/test_headers.py: 125.19699048995972
test_no_content_type in /home/kaiyaok2/PythonProjects/falcon/tests/test_headers.py: 126.786203622818
test_response_header_helpers_on_get in /home/kaiyaok2/PythonProjects/falcon/tests/test_headers.py: 126.88048720359802
test_override_default_media_type_missing_encoding in /home/kaiyaok2/PythonProjects/falcon/tests/test_headers.py: 126.98924970626831
test_unset_header in /home/kaiyaok2/PythonProjects/falcon/tests/test_headers.py: 127.10361075401306
test_content_disposition_inline_header in /home/kaiyaok2/PythonProjects/falcon/tests/test_headers.py: 127.19557642936707
test_expires_header in /home/kaiyaok2/PythonProjects/falcon/tests/test_headers.py: 127.31084990501404
test_get_header_as_int in /home/kaiyaok2/PythonProjects/falcon/tests/test_headers.py: 127.4056715965271
test_append_link_with_title in /home/kaiyaok2/PythonProjects/falcon/tests/test_headers.py: 127.52797961235046
test_unset_header in /home/kaiyaok2/PythonProjects/falcon/tests/test_headers.py: 129.1107120513916
test_append_link_complex in /home/kaiyaok2/PythonProjects/falcon/tests/test_headers.py: 129.24277019500732
test_override_default_media_type in /home/kaiyaok2/PythonProjects/falcon/tests/test_headers.py: 129.35303139686584
test_headers_as_list in /home/kaiyaok2/PythonProjects/falcon/tests/test_headers.py: 129.44552636146545
test_passthrough_request_headers in /home/kaiyaok2/PythonProjects/falcon/tests/test_headers.py: 129.5374357700348
test_append_link_crossorigin in /home/kaiyaok2/PythonProjects/falcon/tests/test_headers.py: 129.66195225715637
test_declared_content_length_overriden_by_body_length in /home/kaiyaok2/PythonProjects/falcon/tests/test_headers.py: 129.75184893608093
test_response_append_header in /home/kaiyaok2/PythonProjects/falcon/tests/test_headers.py: 131.36716175079346
test_append_link_crossorigin in /home/kaiyaok2/PythonProjects/falcon/tests/test_headers.py: 131.49429750442505
test_unicode_location_headers in /home/kaiyaok2/PythonProjects/falcon/tests/test_headers.py: 131.5977144241333
test_append_link_with_hreflang_multi in /home/kaiyaok2/PythonProjects/falcon/tests/test_headers.py: 131.7299041748047
test_no_content_type in /home/kaiyaok2/PythonProjects/falcon/tests/test_headers.py: 131.83085250854492
test_append_link_crossorigin in /home/kaiyaok2/PythonProjects/falcon/tests/test_headers.py: 131.94808411598206
test_default_value in /home/kaiyaok2/PythonProjects/falcon/tests/test_headers.py: 132.04323625564575
test_unicode_headers_contain_non_ascii in /home/kaiyaok2/PythonProjects/falcon/tests/test_headers.py: 132.13509440422058
test_content_disposition_attachment_header in /home/kaiyaok2/PythonProjects/falcon/tests/test_headers.py: 133.75695157051086
test_no_content_length in /home/kaiyaok2/PythonProjects/falcon/tests/test_headers.py: 133.86026763916016
test_headers_with_custom_class_not_callable in /home/kaiyaok2/PythonProjects/falcon/tests/test_headers.py: 133.95212650299072
test_declared_content_length_overriden_by_data_length in /home/kaiyaok2/PythonProjects/falcon/tests/test_headers.py: 134.04621839523315
test_content_disposition_inline_header in /home/kaiyaok2/PythonProjects/falcon/tests/test_headers.py: 134.16092252731323
test_request_multiple_header in /home/kaiyaok2/PythonProjects/falcon/tests/test_headers.py: 134.25802779197693
test_response_set_and_get_header in /home/kaiyaok2/PythonProjects/falcon/tests/test_headers.py: 134.36499500274658
test_content_disposition_inline_header in /home/kaiyaok2/PythonProjects/falcon/tests/test_headers.py: 135.96381378173828
test_append_link_single in /home/kaiyaok2/PythonProjects/falcon/tests/test_headers.py: 136.09442019462585
test_content_disposition_attachment_header in /home/kaiyaok2/PythonProjects/falcon/tests/test_headers.py: 136.20013070106506
test_content_disposition_attachment_header in /home/kaiyaok2/PythonProjects/falcon/tests/test_headers.py: 136.2978870868683
test_vary_header in /home/kaiyaok2/PythonProjects/falcon/tests/test_headers.py: 136.4014229774475
test_content_disposition_attachment_header in /home/kaiyaok2/PythonProjects/falcon/tests/test_headers.py: 136.49340963363647
test_content_disposition_attachment_header in /home/kaiyaok2/PythonProjects/falcon/tests/test_headers.py: 136.59772181510925
test_unicode_headers_contain_non_ascii in /home/kaiyaok2/PythonProjects/falcon/tests/test_headers.py: 136.68876671791077
test_request_latin1_headers in /home/kaiyaok2/PythonProjects/falcon/tests/test_headers.py: 138.28694581985474
test_append_link_crossorigin in /home/kaiyaok2/PythonProjects/falcon/tests/test_headers.py: 138.41525053977966
test_override_default_media_type in /home/kaiyaok2/PythonProjects/falcon/tests/test_headers.py: 138.52613639831543
test_declared_content_length_on_head in /home/kaiyaok2/PythonProjects/falcon/tests/test_headers.py: 138.62539434432983
test_append_link_with_link_extension in /home/kaiyaok2/PythonProjects/falcon/tests/test_headers.py: 138.7924177646637
test_required_header in /home/kaiyaok2/PythonProjects/falcon/tests/test_headers.py: 138.88466596603394
test_append_link_with_title_star in /home/kaiyaok2/PythonProjects/falcon/tests/test_headers.py: 139.00274467468262
test_append_link_with_hreflang in /home/kaiyaok2/PythonProjects/falcon/tests/test_headers.py: 139.12300610542297
test_foo in /home/kaiyaok2/PythonProjects/falcon/tests/test_http_custom_method_routing.py: 140.69655585289001
test_bar in /home/kaiyaok2/PythonProjects/falcon/tests/test_http_custom_method_routing.py: 140.77500462532043
test_map_http_methods in /home/kaiyaok2/PythonProjects/falcon/tests/test_http_custom_method_routing.py: 140.8418529033661
test_client_simulate_aliases in /home/kaiyaok2/PythonProjects/falcon/tests/test_testing.py: 140.88315844535828
test_client_simulate_aliases in /home/kaiyaok2/PythonProjects/falcon/tests/test_testing.py: 140.9475519657135
test_client_simulate_aliases in /home/kaiyaok2/PythonProjects/falcon/tests/test_testing.py: 140.97194695472717
test_client_simulate_aliases in /home/kaiyaok2/PythonProjects/falcon/tests/test_testing.py: 140.99705290794373
test_client_simulate_aliases in /home/kaiyaok2/PythonProjects/falcon/tests/test_testing.py: 141.03173851966858
test_client_simulate_aliases in /home/kaiyaok2/PythonProjects/falcon/tests/test_testing.py: 141.06952261924744
test_client_simulate_aliases in /home/kaiyaok2/PythonProjects/falcon/tests/test_testing.py: 141.14130020141602
test_client_simulate_aliases in /home/kaiyaok2/PythonProjects/falcon/tests/test_testing.py: 141.1806607246399
test_redirect in /home/kaiyaok2/PythonProjects/falcon/tests/test_redirects.py: 141.25701355934143
test_redirect in /home/kaiyaok2/PythonProjects/falcon/tests/test_redirects.py: 141.32834887504578
test_redirect in /home/kaiyaok2/PythonProjects/falcon/tests/test_redirects.py: 141.3977189064026
test_redirect_with_headers in /home/kaiyaok2/PythonProjects/falcon/tests/test_redirects.py: 141.46245098114014
test_redirect in /home/kaiyaok2/PythonProjects/falcon/tests/test_redirects.py: 141.53399324417114
test_redirect_with_headers in /home/kaiyaok2/PythonProjects/falcon/tests/test_redirects.py: 141.60494923591614
test_redirect_with_headers in /home/kaiyaok2/PythonProjects/falcon/tests/test_redirects.py: 141.67518043518066
test_redirect in /home/kaiyaok2/PythonProjects/falcon/tests/test_redirects.py: 141.73937726020813
test_redirect_with_headers in /home/kaiyaok2/PythonProjects/falcon/tests/test_redirects.py: 143.3342719078064
test_redirect_with_headers in /home/kaiyaok2/PythonProjects/falcon/tests/test_redirects.py: 143.40251970291138
test_resource_with_uri_fields in /home/kaiyaok2/PythonProjects/falcon/tests/test_after_hooks.py: 151.60210394859314
test_wrapped_resource_with_hooks_aware_of_resource in /home/kaiyaok2/PythonProjects/falcon/tests/test_after_hooks.py: 151.7101092338562
test_resource_with_uri_fields in /home/kaiyaok2/PythonProjects/falcon/tests/test_after_hooks.py: 151.78473377227783
test_wrapped_resource in /home/kaiyaok2/PythonProjects/falcon/tests/test_after_hooks.py: 151.86442852020264
test_wrapped_resource in /home/kaiyaok2/PythonProjects/falcon/tests/test_after_hooks.py: 151.96311163902283
test_error_handler in /home/kaiyaok2/PythonProjects/falcon/tests/test_inspect.py: 163.23523473739624
test_app in /home/kaiyaok2/PythonProjects/falcon/tests/test_inspect.py: 163.31817889213562
test_middleware_tree in /home/kaiyaok2/PythonProjects/falcon/tests/test_inspect.py: 163.37887382507324
test_routes in /home/kaiyaok2/PythonProjects/falcon/tests/test_inspect.py: 163.47314715385437
test_middleware in /home/kaiyaok2/PythonProjects/falcon/tests/test_inspect.py: 163.54907321929932
test_sink in /home/kaiyaok2/PythonProjects/falcon/tests/test_inspect.py: 163.61485695838928
test_static_routes in /home/kaiyaok2/PythonProjects/falcon/tests/test_inspect.py: 163.67557621002197
test_same_site_empty_string in /home/kaiyaok2/PythonProjects/falcon/tests/test_cookies.py: 164.3351490497589
test_lax_same_site_value in /home/kaiyaok2/PythonProjects/falcon/tests/test_cookies.py: 164.41496109962463
test_unset_cookies in /home/kaiyaok2/PythonProjects/falcon/tests/test_cookies.py: 164.5119490623474
test_cookies_setable in /home/kaiyaok2/PythonProjects/falcon/tests/test_cookies.py: 164.58856463432312
test_cookie_timezone in /home/kaiyaok2/PythonProjects/falcon/tests/test_cookies.py: 166.20967364311218
test_cookie_max_age_float_and_string in /home/kaiyaok2/PythonProjects/falcon/tests/test_cookies.py: 166.3105127811432
test_response_disable_secure_globally in /home/kaiyaok2/PythonProjects/falcon/tests/test_cookies.py: 166.39122104644775
test_cookie_expires_aware in /home/kaiyaok2/PythonProjects/falcon/tests/test_cookies.py: 166.4693307876587
test_response_complex_case in /home/kaiyaok2/PythonProjects/falcon/tests/test_cookies.py: 166.55331182479858
test_none_same_site_value in /home/kaiyaok2/PythonProjects/falcon/tests/test_cookies.py: 166.63088178634644
test_cookie_expires_naive in /home/kaiyaok2/PythonProjects/falcon/tests/test_cookies.py: 166.71520590782166
test_unset_cookies_samesite in /home/kaiyaok2/PythonProjects/falcon/tests/test_cookies.py: 166.80886054039001
test_strict_same_site_value in /home/kaiyaok2/PythonProjects/falcon/tests/test_cookies.py: 166.89570713043213
test_response_base_case in /home/kaiyaok2/PythonProjects/falcon/tests/test_cookies.py: 166.99007844924927
test_response_unset_cookie in /home/kaiyaok2/PythonProjects/falcon/tests/test_cookies.py: 168.58966159820557
test_cookie_max_age_float_and_string in /home/kaiyaok2/PythonProjects/falcon/tests/test_cookies.py: 168.68985390663147
test_datetime_converter in /home/kaiyaok2/PythonProjects/falcon/tests/test_uri_templates.py: 168.8191328048706
test_converter_custom in /home/kaiyaok2/PythonProjects/falcon/tests/test_uri_templates.py: 168.89819931983948
test_uuid_converter in /home/kaiyaok2/PythonProjects/falcon/tests/test_uri_templates.py: 168.9760823249817
test_uuid_converter_complex_segment in /home/kaiyaok2/PythonProjects/falcon/tests/test_uri_templates.py: 169.05861854553223
test_no_vars in /home/kaiyaok2/PythonProjects/falcon/tests/test_uri_templates.py: 169.14840960502625
test_with_and_without_trailing_slash in /home/kaiyaok2/PythonProjects/falcon/tests/test_uri_templates.py: 169.2257273197174
test_int_converter_rejections in /home/kaiyaok2/PythonProjects/falcon/tests/test_uri_templates.py: 169.30348110198975
test_single in /home/kaiyaok2/PythonProjects/falcon/tests/test_uri_templates.py: 169.3808193206787
test_same_level_complex_var in /home/kaiyaok2/PythonProjects/falcon/tests/test_uri_templates.py: 170.97738075256348
test_special_chars in /home/kaiyaok2/PythonProjects/falcon/tests/test_uri_templates.py: 171.06633234024048
test_float_converter_non_finite_allowed in /home/kaiyaok2/PythonProjects/falcon/tests/test_uri_templates.py: 171.14490795135498
test_int_converter_rejections in /home/kaiyaok2/PythonProjects/falcon/tests/test_uri_templates.py: 171.24567365646362
test_float_converter_non_finite_allowed in /home/kaiyaok2/PythonProjects/falcon/tests/test_uri_templates.py: 171.33449935913086
test_single_path_segment in /home/kaiyaok2/PythonProjects/falcon/tests/test_uri_templates.py: 171.4260814189911
test_float_converter in /home/kaiyaok2/PythonProjects/falcon/tests/test_uri_templates.py: 171.5161337852478
test_float_converter in /home/kaiyaok2/PythonProjects/falcon/tests/test_uri_templates.py: 171.63998222351074
test_same_level_complex_var in /home/kaiyaok2/PythonProjects/falcon/tests/test_uri_templates.py: 171.7262945175171
test_single in /home/kaiyaok2/PythonProjects/falcon/tests/test_uri_templates.py: 171.80824208259583
test_float_converter in /home/kaiyaok2/PythonProjects/falcon/tests/test_uri_templates.py: 171.88970375061035
test_uuid_converter in /home/kaiyaok2/PythonProjects/falcon/tests/test_uri_templates.py: 173.4936375617981
test_int_converter in /home/kaiyaok2/PythonProjects/falcon/tests/test_uri_templates.py: 173.57377743721008
test_int_converter in /home/kaiyaok2/PythonProjects/falcon/tests/test_uri_templates.py: 173.65170621871948
test_float_converter in /home/kaiyaok2/PythonProjects/falcon/tests/test_uri_templates.py: 173.73781657218933
test_multiple in /home/kaiyaok2/PythonProjects/falcon/tests/test_uri_templates.py: 173.81500601768494
test_float_converter in /home/kaiyaok2/PythonProjects/falcon/tests/test_uri_templates.py: 173.89892172813416
test_int_converter_rejections in /home/kaiyaok2/PythonProjects/falcon/tests/test_uri_templates.py: 173.98170137405396
test_single in /home/kaiyaok2/PythonProjects/falcon/tests/test_uri_templates.py: 174.07053637504578
test_datetime_converter in /home/kaiyaok2/PythonProjects/falcon/tests/test_uri_templates.py: 174.17053246498108
test_root_path in /home/kaiyaok2/PythonProjects/falcon/tests/test_uri_templates.py: 175.7696304321289
test_float_converter in /home/kaiyaok2/PythonProjects/falcon/tests/test_uri_templates.py: 175.85567235946655
test_converter_custom in /home/kaiyaok2/PythonProjects/falcon/tests/test_uri_templates.py: 175.93350172042847
test_float_converter in /home/kaiyaok2/PythonProjects/falcon/tests/test_uri_templates.py: 176.02415442466736
test_datetime_converter in /home/kaiyaok2/PythonProjects/falcon/tests/test_uri_templates.py: 176.10761380195618
test_float_converter in /home/kaiyaok2/PythonProjects/falcon/tests/test_uri_templates.py: 176.18531560897827
test_single_trailing_slash in /home/kaiyaok2/PythonProjects/falcon/tests/test_uri_templates.py: 176.28470540046692
test_uuid_converter in /home/kaiyaok2/PythonProjects/falcon/tests/test_uri_templates.py: 176.36180567741394
test_int_converter in /home/kaiyaok2/PythonProjects/falcon/tests/test_uri_templates.py: 176.4392294883728
test_adding_suffix_routes in /home/kaiyaok2/PythonProjects/falcon/tests/test_uri_templates.py: 176.5198357105255
test_float_converter_non_finite_allowed in /home/kaiyaok2/PythonProjects/falcon/tests/test_uri_templates.py: 176.59598851203918
test_float_converter_non_finite_disallowed in /home/kaiyaok2/PythonProjects/falcon/tests/test_uri_templates.py: 178.1925129890442
test_int_converter in /home/kaiyaok2/PythonProjects/falcon/tests/test_uri_templates.py: 178.281569480896
test_uuid_converter in /home/kaiyaok2/PythonProjects/falcon/tests/test_uri_templates.py: 178.3605329990387
test_converter_custom in /home/kaiyaok2/PythonProjects/falcon/tests/test_uri_templates.py: 178.44555926322937
test_float_converter in /home/kaiyaok2/PythonProjects/falcon/tests/test_uri_templates.py: 178.53204798698425
test_float_converter in /home/kaiyaok2/PythonProjects/falcon/tests/test_uri_templates.py: 178.61291551589966
test_float_converter in /home/kaiyaok2/PythonProjects/falcon/tests/test_uri_templates.py: 178.69198274612427
test_float_converter in /home/kaiyaok2/PythonProjects/falcon/tests/test_uri_templates.py: 178.76847648620605
test_uuid_converter in /home/kaiyaok2/PythonProjects/falcon/tests/test_uri_templates.py: 178.85563325881958
test_datetime_converter in /home/kaiyaok2/PythonProjects/falcon/tests/test_uri_templates.py: 178.95286989212036
test_uuid_converter in /home/kaiyaok2/PythonProjects/falcon/tests/test_uri_templates.py: 180.5794768333435
test_with_and_without_trailing_slash in /home/kaiyaok2/PythonProjects/falcon/tests/test_uri_templates.py: 180.67034339904785
test_custom_serializer_no_representation in /home/kaiyaok2/PythonProjects/falcon/tests/test_httperror.py: 180.76783394813538
test_title_default_message_if_none in /home/kaiyaok2/PythonProjects/falcon/tests/test_httperror.py: 180.8661825656891
test_forbidden in /home/kaiyaok2/PythonProjects/falcon/tests/test_httperror.py: 180.9673569202423
test_missing_header in /home/kaiyaok2/PythonProjects/falcon/tests/test_httperror.py: 181.09313368797302
test_429 in /home/kaiyaok2/PythonProjects/falcon/tests/test_httperror.py: 181.19800925254822
test_epic_fail_xml in /home/kaiyaok2/PythonProjects/falcon/tests/test_httperror.py: 181.29946398735046
test_416 in /home/kaiyaok2/PythonProjects/falcon/tests/test_httperror.py: 181.3894374370575
test_503_integer_retry_after in /home/kaiyaok2/PythonProjects/falcon/tests/test_httperror.py: 183.01202201843262
test_503_datetime_retry_after in /home/kaiyaok2/PythonProjects/falcon/tests/test_httperror.py: 183.12337827682495
test_title_default_message_if_none in /home/kaiyaok2/PythonProjects/falcon/tests/test_httperror.py: 183.22479057312012
test_custom_error_serializer in /home/kaiyaok2/PythonProjects/falcon/tests/test_httperror.py: 183.315007686615
test_405_with_body in /home/kaiyaok2/PythonProjects/falcon/tests/test_httperror.py: 183.41604733467102
test_unicode_json in /home/kaiyaok2/PythonProjects/falcon/tests/test_httperror.py: 183.52346849441528
test_414_with_custom_kwargs in /home/kaiyaok2/PythonProjects/falcon/tests/test_httperror.py: 183.62439727783203
test_429_no_retry_after in /home/kaiyaok2/PythonProjects/falcon/tests/test_httperror.py: 183.72014784812927
test_401 in /home/kaiyaok2/PythonProjects/falcon/tests/test_httperror.py: 185.3431830406189
test_no_description_xml in /home/kaiyaok2/PythonProjects/falcon/tests/test_httperror.py: 185.43614625930786
test_base_class in /home/kaiyaok2/PythonProjects/falcon/tests/test_httperror.py: 185.53412652015686
test_410_with_body in /home/kaiyaok2/PythonProjects/falcon/tests/test_httperror.py: 185.62226390838623
test_custom_error_serializer_optional_representation in /home/kaiyaok2/PythonProjects/falcon/tests/test_httperror.py: 185.72090864181519
test_temporary_413_integer_retry_after in /home/kaiyaok2/PythonProjects/falcon/tests/test_httperror.py: 185.81236004829407
test_epic_fail_xml in /home/kaiyaok2/PythonProjects/falcon/tests/test_httperror.py: 185.90160751342773
test_414_with_description in /home/kaiyaok2/PythonProjects/falcon/tests/test_httperror.py: 185.9925982952118
test_forbidden in /home/kaiyaok2/PythonProjects/falcon/tests/test_httperror.py: 187.65382862091064
test_custom_error_serializer_optional_representation in /home/kaiyaok2/PythonProjects/falcon/tests/test_httperror.py: 187.74650359153748
test_custom_error_serializer_optional_representation in /home/kaiyaok2/PythonProjects/falcon/tests/test_httperror.py: 187.84470987319946
test_invalid_param in /home/kaiyaok2/PythonProjects/falcon/tests/test_httperror.py: 187.946941614151
test_405_without_body in /home/kaiyaok2/PythonProjects/falcon/tests/test_httperror.py: 188.06477451324463
test_epic_fail_json in /home/kaiyaok2/PythonProjects/falcon/tests/test_httperror.py: 188.15374326705933
test_413 in /home/kaiyaok2/PythonProjects/falcon/tests/test_httperror.py: 188.24383282661438
test_unicode_xml in /home/kaiyaok2/PythonProjects/falcon/tests/test_httperror.py: 188.33205389976501
test_custom_error_serializer_optional_representation in /home/kaiyaok2/PythonProjects/falcon/tests/test_httperror.py: 189.99432849884033
test_missing_param in /home/kaiyaok2/PythonProjects/falcon/tests/test_httperror.py: 190.08874559402466
test_414_with_title in /home/kaiyaok2/PythonProjects/falcon/tests/test_httperror.py: 190.1791434288025
test_misc in /home/kaiyaok2/PythonProjects/falcon/tests/test_httperror.py: 190.26893711090088
test_410_without_body in /home/kaiyaok2/PythonProjects/falcon/tests/test_httperror.py: 190.38328671455383
test_no_description_json in /home/kaiyaok2/PythonProjects/falcon/tests/test_httperror.py: 190.48079538345337
test_title_default_message_if_none in /home/kaiyaok2/PythonProjects/falcon/tests/test_httperror.py: 190.5706992149353
test_title_default_message_if_none in /home/kaiyaok2/PythonProjects/falcon/tests/test_httperror.py: 190.65889620780945
test_epic_fail_xml in /home/kaiyaok2/PythonProjects/falcon/tests/test_httperror.py: 190.75518417358398
test_429_datetime in /home/kaiyaok2/PythonProjects/falcon/tests/test_httperror.py: 192.40115427970886
test_404_without_body in /home/kaiyaok2/PythonProjects/falcon/tests/test_httperror.py: 192.50169014930725
test_client_does_not_accept_json_or_xml in /home/kaiyaok2/PythonProjects/falcon/tests/test_httperror.py: 192.60548377037048
test_client_does_not_accept_anything in /home/kaiyaok2/PythonProjects/falcon/tests/test_httperror.py: 192.69672846794128
test_serialize_no_json_media_handler in /home/kaiyaok2/PythonProjects/falcon/tests/test_httperror.py: 192.78656363487244
test_epic_fail_xml in /home/kaiyaok2/PythonProjects/falcon/tests/test_httperror.py: 192.88544988632202
test_414 in /home/kaiyaok2/PythonProjects/falcon/tests/test_httperror.py: 192.9766755104065
test_invalid_header in /home/kaiyaok2/PythonProjects/falcon/tests/test_httperror.py: 193.06980228424072
test_forbidden in /home/kaiyaok2/PythonProjects/falcon/tests/test_httperror.py: 194.76202058792114
test_411 in /home/kaiyaok2/PythonProjects/falcon/tests/test_httperror.py: 194.85461688041687
test_405_without_body_with_extra_headers_double_check in /home/kaiyaok2/PythonProjects/falcon/tests/test_httperror.py: 194.96453666687012
test_title_default_message_if_none in /home/kaiyaok2/PythonProjects/falcon/tests/test_httperror.py: 195.0547513961792
test_serialize_error_uses_media_handler in /home/kaiyaok2/PythonProjects/falcon/tests/test_httperror.py: 195.1670639514923
test_404_with_body in /home/kaiyaok2/PythonProjects/falcon/tests/test_httperror.py: 195.25845384597778
test_title_default_message_if_none in /home/kaiyaok2/PythonProjects/falcon/tests/test_httperror.py: 195.36331486701965
test_temporary_413_datetime_retry_after in /home/kaiyaok2/PythonProjects/falcon/tests/test_httperror.py: 195.45302867889404
test_405_without_body_with_extra_headers in /home/kaiyaok2/PythonProjects/falcon/tests/test_httperror.py: 197.09906268119812
