test_inspect in /home/kaiyaok2/PythonProjects/falcon/tests/test_cmd_inspect_app.py: 47.78437161445618
test_inspect in /home/kaiyaok2/PythonProjects/falcon/tests/test_cmd_inspect_app.py: 47.91664242744446
test_routes_only in /home/kaiyaok2/PythonProjects/falcon/tests/test_cmd_inspect_app.py: 48.02402591705322
test_inspect in /home/kaiyaok2/PythonProjects/falcon/tests/test_cmd_inspect_app.py: 48.12404417991638
test_routes_only in /home/kaiyaok2/PythonProjects/falcon/tests/test_cmd_inspect_app.py: 48.28177738189697
test_routes_only in /home/kaiyaok2/PythonProjects/falcon/tests/test_cmd_inspect_app.py: 48.39092707633972
test_routes_only in /home/kaiyaok2/PythonProjects/falcon/tests/test_cmd_inspect_app.py: 48.47964787483215
test_inspect in /home/kaiyaok2/PythonProjects/falcon/tests/test_cmd_inspect_app.py: 48.54974579811096
test_load_app in /home/kaiyaok2/PythonProjects/falcon/tests/test_cmd_inspect_app.py: 48.65407705307007
test_load_app_error in /home/kaiyaok2/PythonProjects/falcon/tests/test_cmd_inspect_app.py: 48.724615812301636
test_load_app in /home/kaiyaok2/PythonProjects/falcon/tests/test_cmd_inspect_app.py: 48.7907235622406
test_load_app_error in /home/kaiyaok2/PythonProjects/falcon/tests/test_cmd_inspect_app.py: 48.8504843711853
test_load_app_error in /home/kaiyaok2/PythonProjects/falcon/tests/test_cmd_inspect_app.py: 48.90876340866089
test_jsonchema_validator in /home/kaiyaok2/PythonProjects/falcon/tests/asgi/test_cythonized_asgi.py: 67.51609396934509
test_hooks in /home/kaiyaok2/PythonProjects/falcon/tests/asgi/test_cythonized_asgi.py: 68.14306712150574
test_client_simulate_aliases in /home/kaiyaok2/PythonProjects/falcon/tests/test_testing.py: 68.18415975570679
test_client_simulate_aliases in /home/kaiyaok2/PythonProjects/falcon/tests/test_testing.py: 68.23740601539612
test_client_simulate_aliases in /home/kaiyaok2/PythonProjects/falcon/tests/test_testing.py: 68.2928740978241
test_client_simulate_aliases in /home/kaiyaok2/PythonProjects/falcon/tests/test_testing.py: 68.33820152282715
test_client_simulate_aliases in /home/kaiyaok2/PythonProjects/falcon/tests/test_testing.py: 68.39455962181091
test_client_simulate_aliases in /home/kaiyaok2/PythonProjects/falcon/tests/test_testing.py: 68.43979835510254
test_client_simulate_aliases in /home/kaiyaok2/PythonProjects/falcon/tests/test_testing.py: 68.47338700294495
test_client_simulate_aliases in /home/kaiyaok2/PythonProjects/falcon/tests/test_testing.py: 68.52491760253906
test_field_validator in /home/kaiyaok2/PythonProjects/falcon/tests/test_before_hooks.py: 70.45158553123474
test_field_validator in /home/kaiyaok2/PythonProjects/falcon/tests/test_before_hooks.py: 70.54518818855286
test_param_validator in /home/kaiyaok2/PythonProjects/falcon/tests/test_before_hooks.py: 72.22841668128967
test_piggybacking_resource_post_and_delete in /home/kaiyaok2/PythonProjects/falcon/tests/test_before_hooks.py: 72.33528995513916
test_piggybacking_resource_post_item in /home/kaiyaok2/PythonProjects/falcon/tests/test_before_hooks.py: 72.46642088890076
test_input_validator in /home/kaiyaok2/PythonProjects/falcon/tests/test_before_hooks.py: 72.55589175224304
test_wrapped_resource in /home/kaiyaok2/PythonProjects/falcon/tests/test_before_hooks.py: 72.68493866920471
test_multiple_resource_hooks in /home/kaiyaok2/PythonProjects/falcon/tests/test_before_hooks.py: 72.80498361587524
test_field_validator in /home/kaiyaok2/PythonProjects/falcon/tests/test_before_hooks.py: 72.93587636947632
test_multiple_resource_hooks in /home/kaiyaok2/PythonProjects/falcon/tests/test_before_hooks.py: 73.0261619091034
test_wrapped_resource_with_hooks_aware_of_resource in /home/kaiyaok2/PythonProjects/falcon/tests/test_before_hooks.py: 73.112952709198
test_input_validator_inherited in /home/kaiyaok2/PythonProjects/falcon/tests/test_before_hooks.py: 74.74735569953918
test_json_err_no_handler in /home/kaiyaok2/PythonProjects/falcon/tests/test_media_handlers.py: 76.86507868766785
test_json_err_no_handler in /home/kaiyaok2/PythonProjects/falcon/tests/test_media_handlers.py: 77.17614650726318
test_cookie_expires_aware in /home/kaiyaok2/PythonProjects/falcon/tests/test_cookies.py: 77.37825322151184
test_response_base_case in /home/kaiyaok2/PythonProjects/falcon/tests/test_cookies.py: 77.46020174026489
test_strict_same_site_value in /home/kaiyaok2/PythonProjects/falcon/tests/test_cookies.py: 77.53926610946655
test_lax_same_site_value in /home/kaiyaok2/PythonProjects/falcon/tests/test_cookies.py: 77.63585472106934
test_unset_cookies in /home/kaiyaok2/PythonProjects/falcon/tests/test_cookies.py: 77.75741147994995
test_none_same_site_value in /home/kaiyaok2/PythonProjects/falcon/tests/test_cookies.py: 77.85144138336182
test_response_unset_cookie in /home/kaiyaok2/PythonProjects/falcon/tests/test_cookies.py: 79.57710385322571
test_cookie_max_age_float_and_string in /home/kaiyaok2/PythonProjects/falcon/tests/test_cookies.py: 79.67018151283264
test_same_site_empty_string in /home/kaiyaok2/PythonProjects/falcon/tests/test_cookies.py: 79.7573812007904
test_cookie_max_age_float_and_string in /home/kaiyaok2/PythonProjects/falcon/tests/test_cookies.py: 79.84599208831787
test_response_disable_secure_globally in /home/kaiyaok2/PythonProjects/falcon/tests/test_cookies.py: 79.96367883682251
test_cookie_timezone in /home/kaiyaok2/PythonProjects/falcon/tests/test_cookies.py: 80.05621147155762
test_cookie_expires_naive in /home/kaiyaok2/PythonProjects/falcon/tests/test_cookies.py: 80.18449664115906
test_cookies_setable in /home/kaiyaok2/PythonProjects/falcon/tests/test_cookies.py: 80.30191731452942
test_response_complex_case in /home/kaiyaok2/PythonProjects/falcon/tests/test_cookies.py: 80.39089274406433
test_unset_cookies_samesite in /home/kaiyaok2/PythonProjects/falcon/tests/test_cookies.py: 80.47945046424866
test_path_must_start_with_slash in /home/kaiyaok2/PythonProjects/falcon/tests/test_utils.py: 120.2958345413208
test_override_method_with_extras in /home/kaiyaok2/PythonProjects/falcon/tests/test_utils.py: 120.49823522567749
test_cached_text_in_result in /home/kaiyaok2/PythonProjects/falcon/tests/test_utils.py: 120.75913834571838
test_query_string in /home/kaiyaok2/PythonProjects/falcon/tests/test_utils.py: 120.91651773452759
test_default_headers in /home/kaiyaok2/PythonProjects/falcon/tests/test_utils.py: 121.12735533714294
test_simulate_remote_addr in /home/kaiyaok2/PythonProjects/falcon/tests/test_utils.py: 123.24082159996033
test_query_string_no_question in /home/kaiyaok2/PythonProjects/falcon/tests/test_utils.py: 123.36543726921082
test_status in /home/kaiyaok2/PythonProjects/falcon/tests/test_utils.py: 123.53304696083069
test_simulate_remote_addr in /home/kaiyaok2/PythonProjects/falcon/tests/test_utils.py: 123.73283100128174
test_simulate_remote_addr in /home/kaiyaok2/PythonProjects/falcon/tests/test_utils.py: 123.86461806297302
test_query_string_in_path in /home/kaiyaok2/PythonProjects/falcon/tests/test_utils.py: 124.00220942497253
test_default_headers_with_override in /home/kaiyaok2/PythonProjects/falcon/tests/test_utils.py: 126.11607551574707
test_simulate_hostname in /home/kaiyaok2/PythonProjects/falcon/tests/test_utils.py: 126.31112837791443
test_simulate_remote_addr in /home/kaiyaok2/PythonProjects/falcon/tests/test_utils.py: 126.51101016998291
test_simulate_remote_addr in /home/kaiyaok2/PythonProjects/falcon/tests/test_utils.py: 126.76101207733154
test_order_mw_executed_when_exception_in_req in /home/kaiyaok2/PythonProjects/falcon/tests/test_middleware.py: 127.57896494865417
test_order_mw_executed_when_exception_in_resp in /home/kaiyaok2/PythonProjects/falcon/tests/test_middleware.py: 127.75165557861328
test_generate_trans_id_and_time_with_request in /home/kaiyaok2/PythonProjects/falcon/tests/test_middleware.py: 127.88649773597717
test_inner_mw_throw_exception in /home/kaiyaok2/PythonProjects/falcon/tests/test_middleware.py: 129.7572340965271
test_order_independent_mw_executed_when_exception_in_resp in /home/kaiyaok2/PythonProjects/falcon/tests/test_middleware.py: 129.86059069633484
test_independent_middleware_execution_order in /home/kaiyaok2/PythonProjects/falcon/tests/test_middleware.py: 129.94394850730896
test_inner_mw_with_ex_handler_throw_exception in /home/kaiyaok2/PythonProjects/falcon/tests/test_middleware.py: 130.02683568000793
test_inner_mw_throw_exception_while_processing_resp in /home/kaiyaok2/PythonProjects/falcon/tests/test_middleware.py: 130.12090921401978
test_order_mw_executed_when_exception_in_rsrc in /home/kaiyaok2/PythonProjects/falcon/tests/test_middleware.py: 130.2520411014557
test_multiple_response_mw_throw_exception in /home/kaiyaok2/PythonProjects/falcon/tests/test_middleware.py: 130.38930797576904
test_generate_trans_id_and_time_with_request in /home/kaiyaok2/PythonProjects/falcon/tests/test_middleware.py: 130.4940025806427
test_order_independent_mw_executed_when_exception_in_rsrc in /home/kaiyaok2/PythonProjects/falcon/tests/test_middleware.py: 130.58396649360657
test_middleware_execution_order in /home/kaiyaok2/PythonProjects/falcon/tests/test_middleware.py: 130.68838930130005
test_outer_mw_with_ex_handler_throw_exception in /home/kaiyaok2/PythonProjects/falcon/tests/test_middleware.py: 132.8416450023651
test_legacy_middleware_called_with_correct_args in /home/kaiyaok2/PythonProjects/falcon/tests/test_middleware.py: 132.98023748397827
test_order_independent_mw_executed_when_exception_in_req in /home/kaiyaok2/PythonProjects/falcon/tests/test_middleware.py: 133.14194917678833
test_dont_need_params_in_signature in /home/kaiyaok2/PythonProjects/falcon/tests/test_middleware.py: 133.3034689426422
test_api_initialization_with_cors_enabled_and_middleware_param in /home/kaiyaok2/PythonProjects/falcon/tests/test_middleware.py: 133.4583818912506
test_api_initialization_with_cors_enabled_and_middleware_param in /home/kaiyaok2/PythonProjects/falcon/tests/test_middleware.py: 133.57833790779114
test_api_initialization_with_cors_enabled_and_middleware_param in /home/kaiyaok2/PythonProjects/falcon/tests/test_middleware.py: 133.7028295993805
test_api_initialization_with_cors_enabled_and_middleware_param in /home/kaiyaok2/PythonProjects/falcon/tests/test_middleware.py: 133.80345010757446
test_base_path_is_removed_before_routing in /home/kaiyaok2/PythonProjects/falcon/tests/test_middleware.py: 133.89929676055908
test_log_get_request in /home/kaiyaok2/PythonProjects/falcon/tests/test_middleware.py: 134.02328658103943
test_skip_process_resource in /home/kaiyaok2/PythonProjects/falcon/tests/test_middleware.py: 135.7223048210144
test_response_middleware_raises_exception in /home/kaiyaok2/PythonProjects/falcon/tests/test_middleware.py: 135.81550288200378
test_log_get_request in /home/kaiyaok2/PythonProjects/falcon/tests/test_middleware.py: 135.91526675224304
test_process_request_cached in /home/kaiyaok2/PythonProjects/falcon/tests/test_middleware.py: 136.04181146621704
test_process_request_not_cached in /home/kaiyaok2/PythonProjects/falcon/tests/test_middleware.py: 136.17109203338623
test_process_resource_cached in /home/kaiyaok2/PythonProjects/falcon/tests/test_middleware.py: 136.29724073410034
test_process_resource_cached in /home/kaiyaok2/PythonProjects/falcon/tests/test_middleware.py: 136.39737248420715
test_process_request_cached in /home/kaiyaok2/PythonProjects/falcon/tests/test_middleware.py: 136.51881289482117
test_can_access_resource_params in /home/kaiyaok2/PythonProjects/falcon/tests/test_middleware.py: 138.18568682670593
test_can_access_resource_params in /home/kaiyaok2/PythonProjects/falcon/tests/test_middleware.py: 138.2893271446228
test_error_composed_before_resp_middleware_called in /home/kaiyaok2/PythonProjects/falcon/tests/test_middleware.py: 138.390878200531
test_http_status_raised_from_error_handler in /home/kaiyaok2/PythonProjects/falcon/tests/test_middleware.py: 138.47234463691711
test_generate_trans_id_with_request in /home/kaiyaok2/PythonProjects/falcon/tests/test_middleware.py: 138.580748796463
test_414_with_description in /home/kaiyaok2/PythonProjects/falcon/tests/test_httperror.py: 138.83470249176025
test_title_default_message_if_none in /home/kaiyaok2/PythonProjects/falcon/tests/test_httperror.py: 138.9345555305481
test_411 in /home/kaiyaok2/PythonProjects/falcon/tests/test_httperror.py: 139.0328414440155
test_410_with_body in /home/kaiyaok2/PythonProjects/falcon/tests/test_httperror.py: 139.17059063911438
test_custom_serializer_no_representation in /home/kaiyaok2/PythonProjects/falcon/tests/test_httperror.py: 141.0272572040558
test_custom_error_serializer_optional_representation in /home/kaiyaok2/PythonProjects/falcon/tests/test_httperror.py: 141.13805317878723
test_title_default_message_if_none in /home/kaiyaok2/PythonProjects/falcon/tests/test_httperror.py: 141.23845529556274
test_429_datetime in /home/kaiyaok2/PythonProjects/falcon/tests/test_httperror.py: 141.36509919166565
test_custom_error_serializer_optional_representation in /home/kaiyaok2/PythonProjects/falcon/tests/test_httperror.py: 141.48420453071594
test_invalid_param in /home/kaiyaok2/PythonProjects/falcon/tests/test_httperror.py: 141.58616971969604
test_temporary_413_datetime_retry_after in /home/kaiyaok2/PythonProjects/falcon/tests/test_httperror.py: 141.68497467041016
test_405_without_body_with_extra_headers_double_check in /home/kaiyaok2/PythonProjects/falcon/tests/test_httperror.py: 141.79720902442932
test_custom_error_serializer_optional_representation in /home/kaiyaok2/PythonProjects/falcon/tests/test_httperror.py: 143.61970901489258
test_epic_fail_xml in /home/kaiyaok2/PythonProjects/falcon/tests/test_httperror.py: 143.72178983688354
test_416 in /home/kaiyaok2/PythonProjects/falcon/tests/test_httperror.py: 143.85043096542358
test_base_class in /home/kaiyaok2/PythonProjects/falcon/tests/test_httperror.py: 143.9669313430786
test_temporary_413_integer_retry_after in /home/kaiyaok2/PythonProjects/falcon/tests/test_httperror.py: 144.10244846343994
test_forbidden in /home/kaiyaok2/PythonProjects/falcon/tests/test_httperror.py: 144.23649764060974
test_503_datetime_retry_after in /home/kaiyaok2/PythonProjects/falcon/tests/test_httperror.py: 144.3662781715393
test_404_with_body in /home/kaiyaok2/PythonProjects/falcon/tests/test_httperror.py: 144.46462774276733
test_serialize_error_uses_media_handler in /home/kaiyaok2/PythonProjects/falcon/tests/test_httperror.py: 146.2213499546051
test_forbidden in /home/kaiyaok2/PythonProjects/falcon/tests/test_httperror.py: 146.35355377197266
test_405_without_body in /home/kaiyaok2/PythonProjects/falcon/tests/test_httperror.py: 146.5129680633545
test_503_integer_retry_after in /home/kaiyaok2/PythonProjects/falcon/tests/test_httperror.py: 146.66283416748047
test_414 in /home/kaiyaok2/PythonProjects/falcon/tests/test_httperror.py: 146.78641986846924
test_forbidden in /home/kaiyaok2/PythonProjects/falcon/tests/test_httperror.py: 146.90433549880981
test_405_without_body_with_extra_headers in /home/kaiyaok2/PythonProjects/falcon/tests/test_httperror.py: 147.01478028297424
test_414_with_title in /home/kaiyaok2/PythonProjects/falcon/tests/test_httperror.py: 148.74820923805237
test_custom_error_serializer_optional_representation in /home/kaiyaok2/PythonProjects/falcon/tests/test_httperror.py: 148.89463329315186
test_custom_error_serializer in /home/kaiyaok2/PythonProjects/falcon/tests/test_httperror.py: 149.02618789672852
test_unicode_xml in /home/kaiyaok2/PythonProjects/falcon/tests/test_httperror.py: 149.1330850124359
test_429 in /home/kaiyaok2/PythonProjects/falcon/tests/test_httperror.py: 149.24803471565247
test_title_default_message_if_none in /home/kaiyaok2/PythonProjects/falcon/tests/test_httperror.py: 149.35666728019714
test_client_does_not_accept_anything in /home/kaiyaok2/PythonProjects/falcon/tests/test_httperror.py: 149.45757341384888
test_invalid_header in /home/kaiyaok2/PythonProjects/falcon/tests/test_httperror.py: 151.22916078567505
test_unicode_json in /home/kaiyaok2/PythonProjects/falcon/tests/test_httperror.py: 151.3635880947113
test_410_without_body in /home/kaiyaok2/PythonProjects/falcon/tests/test_httperror.py: 151.51274800300598
test_401 in /home/kaiyaok2/PythonProjects/falcon/tests/test_httperror.py: 151.6269176006317
test_no_description_json in /home/kaiyaok2/PythonProjects/falcon/tests/test_httperror.py: 151.72775602340698
test_missing_param in /home/kaiyaok2/PythonProjects/falcon/tests/test_httperror.py: 151.84255862236023
test_414_with_custom_kwargs in /home/kaiyaok2/PythonProjects/falcon/tests/test_httperror.py: 151.95651698112488
test_405_with_body in /home/kaiyaok2/PythonProjects/falcon/tests/test_httperror.py: 152.11983942985535
test_title_default_message_if_none in /home/kaiyaok2/PythonProjects/falcon/tests/test_httperror.py: 153.95871305465698
test_epic_fail_json in /home/kaiyaok2/PythonProjects/falcon/tests/test_httperror.py: 154.08123588562012
test_404_without_body in /home/kaiyaok2/PythonProjects/falcon/tests/test_httperror.py: 154.1835069656372
test_429_no_retry_after in /home/kaiyaok2/PythonProjects/falcon/tests/test_httperror.py: 154.28958320617676
test_serialize_no_json_media_handler in /home/kaiyaok2/PythonProjects/falcon/tests/test_httperror.py: 154.39133524894714
test_title_default_message_if_none in /home/kaiyaok2/PythonProjects/falcon/tests/test_httperror.py: 154.52345442771912
test_epic_fail_xml in /home/kaiyaok2/PythonProjects/falcon/tests/test_httperror.py: 154.64506936073303
test_epic_fail_xml in /home/kaiyaok2/PythonProjects/falcon/tests/test_httperror.py: 154.74393939971924
test_title_default_message_if_none in /home/kaiyaok2/PythonProjects/falcon/tests/test_httperror.py: 156.4944384098053
test_misc in /home/kaiyaok2/PythonProjects/falcon/tests/test_httperror.py: 156.6283028125763
test_epic_fail_xml in /home/kaiyaok2/PythonProjects/falcon/tests/test_httperror.py: 156.7839047908783
test_client_does_not_accept_json_or_xml in /home/kaiyaok2/PythonProjects/falcon/tests/test_httperror.py: 156.90929198265076
test_no_description_xml in /home/kaiyaok2/PythonProjects/falcon/tests/test_httperror.py: 157.02612709999084
test_missing_header in /home/kaiyaok2/PythonProjects/falcon/tests/test_httperror.py: 157.14973974227905
test_413 in /home/kaiyaok2/PythonProjects/falcon/tests/test_httperror.py: 157.2474548816681
test_error_precedence_duplicate in /home/kaiyaok2/PythonProjects/falcon/tests/test_error_handlers.py: 158.99237775802612
test_uncaught_python_error in /home/kaiyaok2/PythonProjects/falcon/tests/test_error_handlers.py: 159.11165118217468
test_converted_error in /home/kaiyaok2/PythonProjects/falcon/tests/test_error_handlers.py: 159.2097532749176
test_catch_http_no_route_error in /home/kaiyaok2/PythonProjects/falcon/tests/test_error_handlers.py: 159.2965211868286
test_handler_single_exception_iterable in /home/kaiyaok2/PythonProjects/falcon/tests/test_error_handlers.py: 159.37847900390625
test_uncaught_python_error in /home/kaiyaok2/PythonProjects/falcon/tests/test_error_handlers.py: 159.47315192222595
test_invalid_add_exception_handler_input in /home/kaiyaok2/PythonProjects/falcon/tests/test_error_handlers.py: 159.5571804046631
test_invalid_add_exception_handler_input in /home/kaiyaok2/PythonProjects/falcon/tests/test_error_handlers.py: 159.63461542129517
test_subclass_error in /home/kaiyaok2/PythonProjects/falcon/tests/test_error_handlers.py: 159.7614781856537
test_caught_error in /home/kaiyaok2/PythonProjects/falcon/tests/test_error_handlers.py: 161.47539138793945
test_error_precedence_subclass_order_indifference in /home/kaiyaok2/PythonProjects/falcon/tests/test_error_handlers.py: 161.58132004737854
test_uncaught_error_else in /home/kaiyaok2/PythonProjects/falcon/tests/test_error_handlers.py: 161.6639952659607
test_invalid_add_exception_handler_input in /home/kaiyaok2/PythonProjects/falcon/tests/test_error_handlers.py: 161.7801501750946
test_uncaught_python_error in /home/kaiyaok2/PythonProjects/falcon/tests/test_error_handlers.py: 161.88643288612366
test_handler_multiple_exception_iterable in /home/kaiyaok2/PythonProjects/falcon/tests/test_error_handlers.py: 161.9814169406891
test_error_precedence_subclass in /home/kaiyaok2/PythonProjects/falcon/tests/test_error_handlers.py: 162.06701254844666
test_handler_multiple_exception_iterable in /home/kaiyaok2/PythonProjects/falcon/tests/test_error_handlers.py: 162.14742708206177
test_handle_not_defined in /home/kaiyaok2/PythonProjects/falcon/tests/test_error_handlers.py: 162.23363089561462
test_caught_error_async in /home/kaiyaok2/PythonProjects/falcon/tests/test_error_handlers.py: 162.31373596191406
test_invalid_add_exception_handler_input in /home/kaiyaok2/PythonProjects/falcon/tests/test_error_handlers.py: 162.3910632133484
test_uncaught_error in /home/kaiyaok2/PythonProjects/falcon/tests/test_error_handlers.py: 162.47516226768494
test_body_is_set in /home/kaiyaok2/PythonProjects/falcon/tests/test_error_handlers.py: 162.58406400680542
test_data_is_set in /home/kaiyaok2/PythonProjects/falcon/tests/test_error_handlers.py: 164.2343397140503
test_media_is_set in /home/kaiyaok2/PythonProjects/falcon/tests/test_error_handlers.py: 164.35468769073486
test_data_is_set in /home/kaiyaok2/PythonProjects/falcon/tests/test_error_handlers.py: 164.48529410362244
test_media_is_set in /home/kaiyaok2/PythonProjects/falcon/tests/test_error_handlers.py: 164.57408905029297
test_body_is_set in /home/kaiyaok2/PythonProjects/falcon/tests/test_error_handlers.py: 164.6739320755005
test_imported_from_c_modules in /home/kaiyaok2/PythonProjects/falcon/tests/test_cython.py: 164.68373680114746
test_stream_has_private_read in /home/kaiyaok2/PythonProjects/falcon/tests/test_cython.py: 164.6890799999237
test_misc in /home/kaiyaok2/PythonProjects/falcon/tests/test_http_method_routing.py: 165.33703660964966
test_report in /home/kaiyaok2/PythonProjects/falcon/tests/test_http_method_routing.py: 165.42002940177917
test_get in /home/kaiyaok2/PythonProjects/falcon/tests/test_http_method_routing.py: 165.51242637634277
test_meta_and_others_disallowed in /home/kaiyaok2/PythonProjects/falcon/tests/test_http_method_routing.py: 167.19875168800354
test_meta_and_others_disallowed in /home/kaiyaok2/PythonProjects/falcon/tests/test_http_method_routing.py: 167.3117332458496
test_post_not_allowed in /home/kaiyaok2/PythonProjects/falcon/tests/test_http_method_routing.py: 167.39199542999268
test_methods_not_allowed_complex in /home/kaiyaok2/PythonProjects/falcon/tests/test_http_method_routing.py: 167.47785806655884
test_method_not_allowed_with_param in /home/kaiyaok2/PythonProjects/falcon/tests/test_http_method_routing.py: 167.55439829826355
test_default_on_options in /home/kaiyaok2/PythonProjects/falcon/tests/test_http_method_routing.py: 167.63809204101562
test_on_options in /home/kaiyaok2/PythonProjects/falcon/tests/test_http_method_routing.py: 167.75293350219727
test_methods_not_allowed_simple in /home/kaiyaok2/PythonProjects/falcon/tests/test_http_method_routing.py: 167.89711689949036
test_put in /home/kaiyaok2/PythonProjects/falcon/tests/test_http_method_routing.py: 167.97609686851501
test_append_link_crossorigin in /home/kaiyaok2/PythonProjects/falcon/tests/test_headers.py: 168.11676263809204
test_append_link_with_link_extension in /home/kaiyaok2/PythonProjects/falcon/tests/test_headers.py: 168.24231958389282
test_declared_content_length_overriden_by_data_length in /home/kaiyaok2/PythonProjects/falcon/tests/test_headers.py: 170.011483669281
test_set_headers_with_custom_class in /home/kaiyaok2/PythonProjects/falcon/tests/test_headers.py: 170.17184972763062
test_no_content_length in /home/kaiyaok2/PythonProjects/falcon/tests/test_headers.py: 170.28998637199402
test_append_link_with_hreflang_multi in /home/kaiyaok2/PythonProjects/falcon/tests/test_headers.py: 170.45529794692993
test_vary_star in /home/kaiyaok2/PythonProjects/falcon/tests/test_headers.py: 170.55477261543274
test_override_default_media_type_missing_encoding in /home/kaiyaok2/PythonProjects/falcon/tests/test_headers.py: 170.6627197265625
test_response_header_helpers_on_get in /home/kaiyaok2/PythonProjects/falcon/tests/test_headers.py: 170.83381724357605
test_append_link_crossorigin in /home/kaiyaok2/PythonProjects/falcon/tests/test_headers.py: 171.0067389011383
test_content_disposition_inline_header in /home/kaiyaok2/PythonProjects/falcon/tests/test_headers.py: 172.7296633720398
test_custom_content_type in /home/kaiyaok2/PythonProjects/falcon/tests/test_headers.py: 172.86490416526794
test_append_link_with_anchor in /home/kaiyaok2/PythonProjects/falcon/tests/test_headers.py: 173.0082037448883
test_declared_content_length_overriden_by_body_length in /home/kaiyaok2/PythonProjects/falcon/tests/test_headers.py: 173.1798279285431
test_request_multiple_header in /home/kaiyaok2/PythonProjects/falcon/tests/test_headers.py: 173.29375982284546
test_append_link_single in /home/kaiyaok2/PythonProjects/falcon/tests/test_headers.py: 173.41918468475342
test_no_content_length in /home/kaiyaok2/PythonProjects/falcon/tests/test_headers.py: 173.52244567871094
test_vary_header in /home/kaiyaok2/PythonProjects/falcon/tests/test_headers.py: 175.22347688674927
test_no_content_type in /home/kaiyaok2/PythonProjects/falcon/tests/test_headers.py: 175.32760167121887
test_declared_content_length_overridden_by_no_body in /home/kaiyaok2/PythonProjects/falcon/tests/test_headers.py: 175.45626497268677
test_content_disposition_attachment_header in /home/kaiyaok2/PythonProjects/falcon/tests/test_headers.py: 175.5847089290619
test_default_value in /home/kaiyaok2/PythonProjects/falcon/tests/test_headers.py: 175.71621012687683
test_override_default_media_type in /home/kaiyaok2/PythonProjects/falcon/tests/test_headers.py: 175.8383207321167
test_content_type_no_body in /home/kaiyaok2/PythonProjects/falcon/tests/test_headers.py: 175.97001338005066
test_content_disposition_inline_header in /home/kaiyaok2/PythonProjects/falcon/tests/test_headers.py: 177.69743061065674
test_no_content_type in /home/kaiyaok2/PythonProjects/falcon/tests/test_headers.py: 177.8253664970398
test_append_link_with_title in /home/kaiyaok2/PythonProjects/falcon/tests/test_headers.py: 177.96153497695923
test_override_default_media_type in /home/kaiyaok2/PythonProjects/falcon/tests/test_headers.py: 178.07031774520874
test_unicode_headers_contain_only_ascii in /home/kaiyaok2/PythonProjects/falcon/tests/test_headers.py: 178.2112364768982
test_response_set_and_get_header in /home/kaiyaok2/PythonProjects/falcon/tests/test_headers.py: 178.3676598072052
test_get_header_as_int in /home/kaiyaok2/PythonProjects/falcon/tests/test_headers.py: 178.4813597202301
test_unset_header in /home/kaiyaok2/PythonProjects/falcon/tests/test_headers.py: 178.58724641799927
test_append_link_with_title_star in /home/kaiyaok2/PythonProjects/falcon/tests/test_headers.py: 180.286550283432
test_headers_with_custom_class_not_callable in /home/kaiyaok2/PythonProjects/falcon/tests/test_headers.py: 180.43515992164612
test_content_disposition_attachment_header in /home/kaiyaok2/PythonProjects/falcon/tests/test_headers.py: 180.5928909778595
test_content_disposition_attachment_header in /home/kaiyaok2/PythonProjects/falcon/tests/test_headers.py: 180.70377016067505
test_append_link_crossorigin in /home/kaiyaok2/PythonProjects/falcon/tests/test_headers.py: 180.85324215888977
test_headers_as_list in /home/kaiyaok2/PythonProjects/falcon/tests/test_headers.py: 180.95888781547546
test_request_latin1_headers in /home/kaiyaok2/PythonProjects/falcon/tests/test_headers.py: 181.05908226966858
test_unset_header in /home/kaiyaok2/PythonProjects/falcon/tests/test_headers.py: 182.90456795692444
test_append_link_with_type_hint in /home/kaiyaok2/PythonProjects/falcon/tests/test_headers.py: 183.03872895240784
test_vary_header in /home/kaiyaok2/PythonProjects/falcon/tests/test_headers.py: 183.16151189804077
test_unicode_headers_contain_non_ascii in /home/kaiyaok2/PythonProjects/falcon/tests/test_headers.py: 183.26702523231506
test_unicode_headers_contain_non_ascii in /home/kaiyaok2/PythonProjects/falcon/tests/test_headers.py: 183.3693630695343
test_required_header in /home/kaiyaok2/PythonProjects/falcon/tests/test_headers.py: 183.49596047401428
test_expires_header in /home/kaiyaok2/PythonProjects/falcon/tests/test_headers.py: 183.66447138786316
test_append_link_complex in /home/kaiyaok2/PythonProjects/falcon/tests/test_headers.py: 185.43539118766785
test_unicode_headers_contain_non_ascii in /home/kaiyaok2/PythonProjects/falcon/tests/test_headers.py: 185.55053687095642
test_passthrough_request_headers in /home/kaiyaok2/PythonProjects/falcon/tests/test_headers.py: 185.66527247428894
test_content_disposition_attachment_header in /home/kaiyaok2/PythonProjects/falcon/tests/test_headers.py: 185.78176355361938
test_content_disposition_attachment_header in /home/kaiyaok2/PythonProjects/falcon/tests/test_headers.py: 185.93603348731995
test_append_link_multiple in /home/kaiyaok2/PythonProjects/falcon/tests/test_headers.py: 186.0746705532074
test_append_link_crossorigin in /home/kaiyaok2/PythonProjects/falcon/tests/test_headers.py: 186.2082335948944
test_content_length in /home/kaiyaok2/PythonProjects/falcon/tests/test_headers.py: 187.9397587776184
test_declared_content_length_on_head in /home/kaiyaok2/PythonProjects/falcon/tests/test_headers.py: 188.05922436714172
test_response_append_header in /home/kaiyaok2/PythonProjects/falcon/tests/test_headers.py: 188.16381406784058
test_unicode_headers_contain_non_ascii in /home/kaiyaok2/PythonProjects/falcon/tests/test_headers.py: 188.30151867866516
test_content_disposition_attachment_header in /home/kaiyaok2/PythonProjects/falcon/tests/test_headers.py: 188.4450352191925
test_append_link_with_hreflang in /home/kaiyaok2/PythonProjects/falcon/tests/test_headers.py: 188.6062695980072
test_default_media_type in /home/kaiyaok2/PythonProjects/falcon/tests/test_headers.py: 188.72718620300293
test_content_disposition_attachment_header in /home/kaiyaok2/PythonProjects/falcon/tests/test_headers.py: 190.45559859275818
test_append_link_crossorigin in /home/kaiyaok2/PythonProjects/falcon/tests/test_headers.py: 190.59754061698914
test_append_link_crossorigin in /home/kaiyaok2/PythonProjects/falcon/tests/test_headers.py: 190.7451696395874
test_content_disposition_inline_header in /home/kaiyaok2/PythonProjects/falcon/tests/test_headers.py: 190.86160707473755
test_unicode_location_headers in /home/kaiyaok2/PythonProjects/falcon/tests/test_headers.py: 190.97099113464355
test_content_disposition_attachment_header in /home/kaiyaok2/PythonProjects/falcon/tests/test_headers.py: 191.0751850605011
test_unsupported_response_content_type in /home/kaiyaok2/PythonProjects/falcon/tests/test_response_body.py: 191.1514675617218
test_response_body_rendition_error in /home/kaiyaok2/PythonProjects/falcon/tests/test_response_body.py: 191.2664978504181
test_content_length_set_on_head_with_no_body in /home/kaiyaok2/PythonProjects/falcon/tests/test_response_body.py: 191.35920429229736
test_body_is_set in /home/kaiyaok2/PythonProjects/falcon/tests/test_httpstatus.py: 218.45625638961792
test_media_is_set in /home/kaiyaok2/PythonProjects/falcon/tests/test_httpstatus.py: 218.55273866653442
test_data_is_set in /home/kaiyaok2/PythonProjects/falcon/tests/test_httpstatus.py: 218.64002919197083
test_raise_status_runs_after_hooks in /home/kaiyaok2/PythonProjects/falcon/tests/test_httpstatus.py: 218.75982308387756
test_raise_status_in_before_hook in /home/kaiyaok2/PythonProjects/falcon/tests/test_httpstatus.py: 218.84039330482483
test_raise_status_survives_after_hooks in /home/kaiyaok2/PythonProjects/falcon/tests/test_httpstatus.py: 218.92735314369202
test_raise_status_in_responder in /home/kaiyaok2/PythonProjects/falcon/tests/test_httpstatus.py: 219.02680158615112
test_raise_status_empty_body in /home/kaiyaok2/PythonProjects/falcon/tests/test_httpstatus.py: 219.1194362640381
test_raise_status_runs_process_response in /home/kaiyaok2/PythonProjects/falcon/tests/test_httpstatus.py: 219.2053108215332
test_raise_status_in_process_resource in /home/kaiyaok2/PythonProjects/falcon/tests/test_httpstatus.py: 219.29862236976624
test_raise_status_in_process_request in /home/kaiyaok2/PythonProjects/falcon/tests/test_httpstatus.py: 221.0766053199768
test_non_string_status in /home/kaiyaok2/PythonProjects/falcon/tests/test_httpstatus.py: 221.1701054573059
test_non_string_status in /home/kaiyaok2/PythonProjects/falcon/tests/test_httpstatus.py: 221.2649462223053
test_non_string_status in /home/kaiyaok2/PythonProjects/falcon/tests/test_httpstatus.py: 221.36455965042114
test_non_string_status in /home/kaiyaok2/PythonProjects/falcon/tests/test_httpstatus.py: 221.46219158172607
test_non_string_status in /home/kaiyaok2/PythonProjects/falcon/tests/test_httpstatus.py: 221.5677433013916
test_non_string_status in /home/kaiyaok2/PythonProjects/falcon/tests/test_httpstatus.py: 221.67329835891724
test_non_string_status in /home/kaiyaok2/PythonProjects/falcon/tests/test_httpstatus.py: 221.7726981639862
test_non_string_status in /home/kaiyaok2/PythonProjects/falcon/tests/test_httpstatus.py: 221.85999083518982
test_non_string_status in /home/kaiyaok2/PythonProjects/falcon/tests/test_httpstatus.py: 221.9581036567688
test_non_string_status in /home/kaiyaok2/PythonProjects/falcon/tests/test_httpstatus.py: 223.73504042625427
test_non_string_status in /home/kaiyaok2/PythonProjects/falcon/tests/test_httpstatus.py: 223.85100483894348
test_non_string_status in /home/kaiyaok2/PythonProjects/falcon/tests/test_httpstatus.py: 223.9503951072693
test_non_string_status in /home/kaiyaok2/PythonProjects/falcon/tests/test_httpstatus.py: 224.06668853759766
test_non_string_status in /home/kaiyaok2/PythonProjects/falcon/tests/test_httpstatus.py: 224.16277551651
test_add_sync_sink_with_wrapping in /home/kaiyaok2/PythonProjects/falcon/tests/test_sinks.py: 224.33090138435364
test_with_route in /home/kaiyaok2/PythonProjects/falcon/tests/test_sinks.py: 224.43807315826416
test_route_precedence_with_both_id in /home/kaiyaok2/PythonProjects/falcon/tests/test_sinks.py: 224.5506088733673
test_route_precedence_with_id in /home/kaiyaok2/PythonProjects/falcon/tests/test_sinks.py: 224.63539958000183
test_route_precedence in /home/kaiyaok2/PythonProjects/falcon/tests/test_sinks.py: 224.7448375225067
test_http_methods_body_expected in /home/kaiyaok2/PythonProjects/falcon/tests/test_query_params.py: 224.881361246109
test_http_methods_body_expected in /home/kaiyaok2/PythonProjects/falcon/tests/test_query_params.py: 226.69727325439453
test_http_methods_body_not_expected in /home/kaiyaok2/PythonProjects/falcon/tests/test_query_params.py: 226.8184142112732
test_empty_body_no_content_length in /home/kaiyaok2/PythonProjects/falcon/tests/test_query_params.py: 226.9344937801361
test_http_methods_body_not_expected in /home/kaiyaok2/PythonProjects/falcon/tests/test_query_params.py: 227.06592440605164
test_asgi_raises_error in /home/kaiyaok2/PythonProjects/falcon/tests/test_query_params.py: 227.19826650619507
test_http_methods_body_expected in /home/kaiyaok2/PythonProjects/falcon/tests/test_query_params.py: 227.3201973438263
test_non_ascii in /home/kaiyaok2/PythonProjects/falcon/tests/test_query_params.py: 227.44847774505615
test_explicitly_disable_auto_parse in /home/kaiyaok2/PythonProjects/falcon/tests/test_query_params.py: 229.22594237327576
test_http_methods_body_expected in /home/kaiyaok2/PythonProjects/falcon/tests/test_query_params.py: 229.34445691108704
test_http_methods_body_expected in /home/kaiyaok2/PythonProjects/falcon/tests/test_query_params.py: 229.470059633255
test_empty_body in /home/kaiyaok2/PythonProjects/falcon/tests/test_query_params.py: 229.62906122207642
test_dont_auto_parse_by_default in /home/kaiyaok2/PythonProjects/falcon/tests/test_query_params.py: 229.75594401359558
test_default_auto_parse_csv_behaviour in /home/kaiyaok2/PythonProjects/falcon/tests/test_query_params.py: 229.8952991962433
test_get_dict_missing_param in /home/kaiyaok2/PythonProjects/falcon/tests/test_query_params.py: 231.72554850578308
test_default_auto_parse_csv_behaviour in /home/kaiyaok2/PythonProjects/falcon/tests/test_query_params.py: 231.86130380630493
test_required in /home/kaiyaok2/PythonProjects/falcon/tests/test_query_params.py: 231.9846453666687
test_option_auto_parse_qs_csv_multiple_fields_true in /home/kaiyaok2/PythonProjects/falcon/tests/test_query_params.py: 232.10669255256653
test_percent_encoded in /home/kaiyaok2/PythonProjects/falcon/tests/test_query_params.py: 232.26199889183044
test_default in /home/kaiyaok2/PythonProjects/falcon/tests/test_query_params.py: 232.41501212120056
test_required in /home/kaiyaok2/PythonProjects/falcon/tests/test_query_params.py: 232.55195474624634
test_option_auto_parse_qs_csv_multiple_fields_true in /home/kaiyaok2/PythonProjects/falcon/tests/test_query_params.py: 234.35993432998657
test_get_datetime_valid in /home/kaiyaok2/PythonProjects/falcon/tests/test_query_params.py: 234.49303698539734
test_get_datetime_invalid in /home/kaiyaok2/PythonProjects/falcon/tests/test_query_params.py: 234.6104826927185
test_option_auto_parse_qs_csv_simple_true in /home/kaiyaok2/PythonProjects/falcon/tests/test_query_params.py: 234.7291076183319
test_option_auto_parse_qs_csv_complex_false in /home/kaiyaok2/PythonProjects/falcon/tests/test_query_params.py: 234.85968708992004
test_get_param_as_json_handler_json in /home/kaiyaok2/PythonProjects/falcon/tests/test_query_params.py: 234.97739171981812
test_int in /home/kaiyaok2/PythonProjects/falcon/tests/test_query_params.py: 235.11089205741882
test_option_auto_parse_qs_csv_simple_false in /home/kaiyaok2/PythonProjects/falcon/tests/test_query_params.py: 236.81449937820435
test_required in /home/kaiyaok2/PythonProjects/falcon/tests/test_query_params.py: 236.91664719581604
test_get_datetime_invalid in /home/kaiyaok2/PythonProjects/falcon/tests/test_query_params.py: 237.04667472839355
test_bad_percentage in /home/kaiyaok2/PythonProjects/falcon/tests/test_query_params.py: 237.1671531200409
test_get_dict_valid in /home/kaiyaok2/PythonProjects/falcon/tests/test_query_params.py: 237.27488136291504
test_has_param in /home/kaiyaok2/PythonProjects/falcon/tests/test_query_params.py: 237.3876781463623
test_option_auto_parse_qs_csv_multiple_fields_true in /home/kaiyaok2/PythonProjects/falcon/tests/test_query_params.py: 239.17049384117126
test_boolean_blank in /home/kaiyaok2/PythonProjects/falcon/tests/test_query_params.py: 239.28362560272217
test_get_datetime_store in /home/kaiyaok2/PythonProjects/falcon/tests/test_query_params.py: 239.3890242576599
test_simple in /home/kaiyaok2/PythonProjects/falcon/tests/test_query_params.py: 239.51977801322937
test_int in /home/kaiyaok2/PythonProjects/falcon/tests/test_query_params.py: 239.63816356658936
test_boolean_blank in /home/kaiyaok2/PythonProjects/falcon/tests/test_query_params.py: 239.8042049407959
test_get_datetime_valid_with_format in /home/kaiyaok2/PythonProjects/falcon/tests/test_query_params.py: 241.59809517860413
test_get_dict_store in /home/kaiyaok2/PythonProjects/falcon/tests/test_query_params.py: 241.72917246818542
test_list_type_blank in /home/kaiyaok2/PythonProjects/falcon/tests/test_query_params.py: 241.84911441802979
test_list_type_blank in /home/kaiyaok2/PythonProjects/falcon/tests/test_query_params.py: 242.019024848938
test_multiple_keys_as_int in /home/kaiyaok2/PythonProjects/falcon/tests/test_query_params.py: 242.1246361732483
test_int_neg in /home/kaiyaok2/PythonProjects/falcon/tests/test_query_params.py: 242.2594702243805
test_has_param in /home/kaiyaok2/PythonProjects/falcon/tests/test_query_params.py: 242.3965139389038
test_bad_percentage in /home/kaiyaok2/PythonProjects/falcon/tests/test_query_params.py: 242.51371359825134
test_get_datetime_valid in /home/kaiyaok2/PythonProjects/falcon/tests/test_query_params.py: 244.21289610862732
test_float in /home/kaiyaok2/PythonProjects/falcon/tests/test_query_params.py: 244.32708024978638
test_blank in /home/kaiyaok2/PythonProjects/falcon/tests/test_query_params.py: 244.43028283119202
test_uuid in /home/kaiyaok2/PythonProjects/falcon/tests/test_query_params.py: 244.55501413345337
test_option_auto_parse_qs_csv_multiple_fields_true in /home/kaiyaok2/PythonProjects/falcon/tests/test_query_params.py: 244.66190648078918
test_get_datetime_store in /home/kaiyaok2/PythonProjects/falcon/tests/test_query_params.py: 244.77738523483276
test_get_dict_invalid in /home/kaiyaok2/PythonProjects/falcon/tests/test_query_params.py: 244.90200352668762
test_blank in /home/kaiyaok2/PythonProjects/falcon/tests/test_query_params.py: 245.01613545417786
test_multiple_keys_as_bool in /home/kaiyaok2/PythonProjects/falcon/tests/test_query_params.py: 246.79773831367493
test_percent_encoded in /home/kaiyaok2/PythonProjects/falcon/tests/test_query_params.py: 246.92650318145752
test_multiple_form_keys in /home/kaiyaok2/PythonProjects/falcon/tests/test_query_params.py: 247.0544946193695
test_multiple_form_keys in /home/kaiyaok2/PythonProjects/falcon/tests/test_query_params.py: 247.22393894195557
test_multiple_keys_as_float in /home/kaiyaok2/PythonProjects/falcon/tests/test_query_params.py: 247.33926391601562
test_get_dict_store in /home/kaiyaok2/PythonProjects/falcon/tests/test_query_params.py: 247.48273277282715
test_required in /home/kaiyaok2/PythonProjects/falcon/tests/test_query_params.py: 247.59054946899414
test_option_auto_parse_qs_csv_multiple_fields_true in /home/kaiyaok2/PythonProjects/falcon/tests/test_query_params.py: 249.39173984527588
test_param_property in /home/kaiyaok2/PythonProjects/falcon/tests/test_query_params.py: 249.5109419822693
test_required in /home/kaiyaok2/PythonProjects/falcon/tests/test_query_params.py: 249.6323001384735
test_uuid in /home/kaiyaok2/PythonProjects/falcon/tests/test_query_params.py: 249.74624180793762
test_get_date_valid in /home/kaiyaok2/PythonProjects/falcon/tests/test_query_params.py: 249.84552764892578
test_option_auto_parse_qs_csv_simple_false in /home/kaiyaok2/PythonProjects/falcon/tests/test_query_params.py: 249.94508934020996
test_list_type in /home/kaiyaok2/PythonProjects/falcon/tests/test_query_params.py: 251.7082643508911
test_option_auto_parse_qs_csv_multiple_fields_true in /home/kaiyaok2/PythonProjects/falcon/tests/test_query_params.py: 251.8635311126709
test_default in /home/kaiyaok2/PythonProjects/falcon/tests/test_query_params.py: 251.99386930465698
test_get_date_store in /home/kaiyaok2/PythonProjects/falcon/tests/test_query_params.py: 252.13479280471802
test_float_neg in /home/kaiyaok2/PythonProjects/falcon/tests/test_query_params.py: 252.3331904411316
test_get_date_invalid in /home/kaiyaok2/PythonProjects/falcon/tests/test_query_params.py: 252.49968838691711
test_get_date_valid in /home/kaiyaok2/PythonProjects/falcon/tests/test_query_params.py: 252.6203374862671
test_get_date_missing_param in /home/kaiyaok2/PythonProjects/falcon/tests/test_query_params.py: 254.42701530456543
test_boolean in /home/kaiyaok2/PythonProjects/falcon/tests/test_query_params.py: 254.5486876964569
test_option_auto_parse_qs_csv_multiple_fields_true in /home/kaiyaok2/PythonProjects/falcon/tests/test_query_params.py: 254.6547474861145
test_param_property in /home/kaiyaok2/PythonProjects/falcon/tests/test_query_params.py: 254.7618601322174
test_list_type in /home/kaiyaok2/PythonProjects/falcon/tests/test_query_params.py: 254.8614101409912
test_allowed_names in /home/kaiyaok2/PythonProjects/falcon/tests/test_query_params.py: 254.97519850730896
test_multiple_form_keys_as_list in /home/kaiyaok2/PythonProjects/falcon/tests/test_query_params.py: 255.08029222488403
test_list_transformer in /home/kaiyaok2/PythonProjects/falcon/tests/test_query_params.py: 256.74840545654297
test_option_auto_parse_qs_csv_multiple_fields_true in /home/kaiyaok2/PythonProjects/falcon/tests/test_query_params.py: 256.92259550094604
test_option_auto_parse_qs_csv_multiple_fields_false in /home/kaiyaok2/PythonProjects/falcon/tests/test_query_params.py: 257.0549883842468
test_allowed_names in /home/kaiyaok2/PythonProjects/falcon/tests/test_query_params.py: 257.1865277290344
test_required in /home/kaiyaok2/PythonProjects/falcon/tests/test_query_params.py: 257.34026980400085
test_option_auto_parse_qs_csv_complex_false in /home/kaiyaok2/PythonProjects/falcon/tests/test_query_params.py: 257.52636075019836
test_get_param_as_json_no_handler_json in /home/kaiyaok2/PythonProjects/falcon/tests/test_query_params.py: 257.6479823589325
test_get_date_valid_with_format in /home/kaiyaok2/PythonProjects/falcon/tests/test_query_params.py: 259.5003685951233
test_required in /home/kaiyaok2/PythonProjects/falcon/tests/test_query_params.py: 259.62236404418945
test_get_dict_missing_param in /home/kaiyaok2/PythonProjects/falcon/tests/test_query_params.py: 259.7638545036316
test_boolean in /home/kaiyaok2/PythonProjects/falcon/tests/test_query_params.py: 259.9008207321167
test_option_auto_parse_qs_csv_multiple_fields_true in /home/kaiyaok2/PythonProjects/falcon/tests/test_query_params.py: 260.017742395401
test_float in /home/kaiyaok2/PythonProjects/falcon/tests/test_query_params.py: 260.16416001319885
test_multiple_keys_as_bool in /home/kaiyaok2/PythonProjects/falcon/tests/test_query_params.py: 260.28948307037354
test_multiple_keys_as_float in /home/kaiyaok2/PythonProjects/falcon/tests/test_query_params.py: 262.0613160133362
test_required in /home/kaiyaok2/PythonProjects/falcon/tests/test_query_params.py: 262.1906650066376
test_option_auto_parse_qs_csv_multiple_fields_true in /home/kaiyaok2/PythonProjects/falcon/tests/test_query_params.py: 262.3491563796997
test_simple in /home/kaiyaok2/PythonProjects/falcon/tests/test_query_params.py: 262.46570444107056
test_option_auto_parse_qs_csv_multiple_fields_true in /home/kaiyaok2/PythonProjects/falcon/tests/test_query_params.py: 262.59246158599854
test_get_date_store in /home/kaiyaok2/PythonProjects/falcon/tests/test_query_params.py: 262.7240514755249
test_option_auto_parse_qs_csv_multiple_fields_true in /home/kaiyaok2/PythonProjects/falcon/tests/test_query_params.py: 264.47596764564514
test_none in /home/kaiyaok2/PythonProjects/falcon/tests/test_query_params.py: 264.60224056243896
test_get_dict_valid in /home/kaiyaok2/PythonProjects/falcon/tests/test_query_params.py: 264.7360863685608
test_required in /home/kaiyaok2/PythonProjects/falcon/tests/test_query_params.py: 264.87619948387146
test_list_transformer in /home/kaiyaok2/PythonProjects/falcon/tests/test_query_params.py: 265.0145559310913
test_get_date_missing_param in /home/kaiyaok2/PythonProjects/falcon/tests/test_query_params.py: 265.1484272480011
test_required in /home/kaiyaok2/PythonProjects/falcon/tests/test_query_params.py: 265.29640650749207
test_none in /home/kaiyaok2/PythonProjects/falcon/tests/test_query_params.py: 265.41220593452454
test_float_neg in /home/kaiyaok2/PythonProjects/falcon/tests/test_query_params.py: 267.14801502227783
test_get_date_valid_with_format in /home/kaiyaok2/PythonProjects/falcon/tests/test_query_params.py: 267.32427430152893
test_get_dict_invalid in /home/kaiyaok2/PythonProjects/falcon/tests/test_query_params.py: 267.4581151008606
test_option_auto_parse_qs_csv_multiple_fields_true in /home/kaiyaok2/PythonProjects/falcon/tests/test_query_params.py: 267.58618569374084
test_option_auto_parse_qs_csv_multiple_fields_true in /home/kaiyaok2/PythonProjects/falcon/tests/test_query_params.py: 267.715172290802
test_get_datetime_missing_param in /home/kaiyaok2/PythonProjects/falcon/tests/test_query_params.py: 267.84328055381775
test_option_auto_parse_qs_csv_multiple_fields_true in /home/kaiyaok2/PythonProjects/falcon/tests/test_query_params.py: 267.96180963516235
test_required in /home/kaiyaok2/PythonProjects/falcon/tests/test_query_params.py: 269.7133481502533
test_int_neg in /home/kaiyaok2/PythonProjects/falcon/tests/test_query_params.py: 269.85188388824463
test_option_auto_parse_qs_csv_simple_true in /home/kaiyaok2/PythonProjects/falcon/tests/test_query_params.py: 269.96836280822754
test_option_auto_parse_qs_csv_multiple_fields_true in /home/kaiyaok2/PythonProjects/falcon/tests/test_query_params.py: 270.0844705104828
test_option_auto_parse_qs_csv_multiple_fields_true in /home/kaiyaok2/PythonProjects/falcon/tests/test_query_params.py: 270.20818305015564
test_multiple_form_keys_as_list in /home/kaiyaok2/PythonProjects/falcon/tests/test_query_params.py: 270.32681465148926
test_required in /home/kaiyaok2/PythonProjects/falcon/tests/test_query_params.py: 272.12910747528076
test_multiple_keys_as_int in /home/kaiyaok2/PythonProjects/falcon/tests/test_query_params.py: 272.24744987487793
test_option_auto_parse_qs_csv_multiple_fields_false in /home/kaiyaok2/PythonProjects/falcon/tests/test_query_params.py: 272.38336420059204
test_get_datetime_missing_param in /home/kaiyaok2/PythonProjects/falcon/tests/test_query_params.py: 272.5113651752472
test_option_auto_parse_qs_csv_multiple_fields_true in /home/kaiyaok2/PythonProjects/falcon/tests/test_query_params.py: 272.6382215023041
test_get_datetime_valid_with_format in /home/kaiyaok2/PythonProjects/falcon/tests/test_query_params.py: 272.7567138671875
test_get_date_invalid in /home/kaiyaok2/PythonProjects/falcon/tests/test_query_params.py: 272.88625144958496
test_resource_with_uri_fields in /home/kaiyaok2/PythonProjects/falcon/tests/test_after_hooks.py: 292.68408155441284
test_wrapped_resource in /home/kaiyaok2/PythonProjects/falcon/tests/test_after_hooks.py: 292.8069489002228
test_wrapped_resource in /home/kaiyaok2/PythonProjects/falcon/tests/test_after_hooks.py: 292.8998022079468
test_wrapped_resource_with_hooks_aware_of_resource in /home/kaiyaok2/PythonProjects/falcon/tests/test_after_hooks.py: 292.97845482826233
test_resource_with_uri_fields in /home/kaiyaok2/PythonProjects/falcon/tests/test_after_hooks.py: 293.05712938308716
test_redirect_with_headers in /home/kaiyaok2/PythonProjects/falcon/tests/test_redirects.py: 293.24317836761475
test_redirect_with_headers in /home/kaiyaok2/PythonProjects/falcon/tests/test_redirects.py: 293.34916377067566
test_redirect_with_headers in /home/kaiyaok2/PythonProjects/falcon/tests/test_redirects.py: 293.4670674800873
test_redirect in /home/kaiyaok2/PythonProjects/falcon/tests/test_redirects.py: 293.5740704536438
test_redirect in /home/kaiyaok2/PythonProjects/falcon/tests/test_redirects.py: 295.59550857543945
test_redirect in /home/kaiyaok2/PythonProjects/falcon/tests/test_redirects.py: 295.6708719730377
test_redirect in /home/kaiyaok2/PythonProjects/falcon/tests/test_redirects.py: 295.7434756755829
test_redirect_with_headers in /home/kaiyaok2/PythonProjects/falcon/tests/test_redirects.py: 295.8082799911499
test_redirect in /home/kaiyaok2/PythonProjects/falcon/tests/test_redirects.py: 295.88441801071167
test_redirect_with_headers in /home/kaiyaok2/PythonProjects/falcon/tests/test_redirects.py: 295.9539201259613
