test_load_app in /home/kaiyaok2/PythonProjects/falcon/tests/test_cmd_inspect_app.py: 66.3367760181427
test_load_app_error in /home/kaiyaok2/PythonProjects/falcon/tests/test_cmd_inspect_app.py: 66.43518400192261
test_load_app in /home/kaiyaok2/PythonProjects/falcon/tests/test_cmd_inspect_app.py: 66.49795961380005
test_load_app_error in /home/kaiyaok2/PythonProjects/falcon/tests/test_cmd_inspect_app.py: 66.5911169052124
test_load_app_error in /home/kaiyaok2/PythonProjects/falcon/tests/test_cmd_inspect_app.py: 66.68697381019592
test_inspect in /home/kaiyaok2/PythonProjects/falcon/tests/test_cmd_inspect_app.py: 66.76736426353455
test_inspect in /home/kaiyaok2/PythonProjects/falcon/tests/test_cmd_inspect_app.py: 66.87551999092102
test_inspect in /home/kaiyaok2/PythonProjects/falcon/tests/test_cmd_inspect_app.py: 66.94492554664612
test_routes_only in /home/kaiyaok2/PythonProjects/falcon/tests/test_cmd_inspect_app.py: 67.03204607963562
test_inspect in /home/kaiyaok2/PythonProjects/falcon/tests/test_cmd_inspect_app.py: 67.17699527740479
test_routes_only in /home/kaiyaok2/PythonProjects/falcon/tests/test_cmd_inspect_app.py: 67.26681900024414
test_routes_only in /home/kaiyaok2/PythonProjects/falcon/tests/test_cmd_inspect_app.py: 67.35944604873657
test_routes_only in /home/kaiyaok2/PythonProjects/falcon/tests/test_cmd_inspect_app.py: 67.46954679489136
test_hooks in /home/kaiyaok2/PythonProjects/falcon/tests/asgi/test_cythonized_asgi.py: 92.98481702804565
test_jsonchema_validator in /home/kaiyaok2/PythonProjects/falcon/tests/asgi/test_cythonized_asgi.py: 93.05846667289734
test_raise_status_in_before_hook in /home/kaiyaok2/PythonProjects/falcon/tests/test_httpstatus.py: 93.14105582237244
test_raise_status_runs_after_hooks in /home/kaiyaok2/PythonProjects/falcon/tests/test_httpstatus.py: 93.2104766368866
test_raise_status_in_responder in /home/kaiyaok2/PythonProjects/falcon/tests/test_httpstatus.py: 93.29655480384827
test_raise_status_empty_body in /home/kaiyaok2/PythonProjects/falcon/tests/test_httpstatus.py: 93.37390303611755
test_raise_status_survives_after_hooks in /home/kaiyaok2/PythonProjects/falcon/tests/test_httpstatus.py: 93.4564094543457
test_data_is_set in /home/kaiyaok2/PythonProjects/falcon/tests/test_httpstatus.py: 93.5435950756073
test_media_is_set in /home/kaiyaok2/PythonProjects/falcon/tests/test_httpstatus.py: 95.07272934913635
test_body_is_set in /home/kaiyaok2/PythonProjects/falcon/tests/test_httpstatus.py: 95.20063734054565
test_raise_status_in_process_resource in /home/kaiyaok2/PythonProjects/falcon/tests/test_httpstatus.py: 95.33478474617004
test_raise_status_in_process_request in /home/kaiyaok2/PythonProjects/falcon/tests/test_httpstatus.py: 95.45274329185486
test_raise_status_runs_process_response in /home/kaiyaok2/PythonProjects/falcon/tests/test_httpstatus.py: 95.57089424133301
test_json_err_no_handler in /home/kaiyaok2/PythonProjects/falcon/tests/test_media_handlers.py: 95.88383555412292
test_json_err_no_handler in /home/kaiyaok2/PythonProjects/falcon/tests/test_media_handlers.py: 96.041179895401
test_missing_param in /home/kaiyaok2/PythonProjects/falcon/tests/test_httperror.py: 146.23667073249817
test_414_with_description in /home/kaiyaok2/PythonProjects/falcon/tests/test_httperror.py: 147.78904485702515
test_405_with_body in /home/kaiyaok2/PythonProjects/falcon/tests/test_httperror.py: 147.908385515213
test_custom_error_serializer_optional_representation in /home/kaiyaok2/PythonProjects/falcon/tests/test_httperror.py: 148.06166791915894
test_401 in /home/kaiyaok2/PythonProjects/falcon/tests/test_httperror.py: 148.15652799606323
test_serialize_error_uses_media_handler in /home/kaiyaok2/PythonProjects/falcon/tests/test_httperror.py: 148.24949765205383
test_no_description_xml in /home/kaiyaok2/PythonProjects/falcon/tests/test_httperror.py: 148.3614854812622
test_405_without_body_with_extra_headers in /home/kaiyaok2/PythonProjects/falcon/tests/test_httperror.py: 148.48477363586426
test_temporary_413_datetime_retry_after in /home/kaiyaok2/PythonProjects/falcon/tests/test_httperror.py: 148.58152770996094
test_misc in /home/kaiyaok2/PythonProjects/falcon/tests/test_httperror.py: 150.45764660835266
test_epic_fail_xml in /home/kaiyaok2/PythonProjects/falcon/tests/test_httperror.py: 150.57465481758118
test_429 in /home/kaiyaok2/PythonProjects/falcon/tests/test_httperror.py: 150.71034240722656
test_title_default_message_if_none in /home/kaiyaok2/PythonProjects/falcon/tests/test_httperror.py: 150.8159248828888
test_unicode_json in /home/kaiyaok2/PythonProjects/falcon/tests/test_httperror.py: 150.91393280029297
test_invalid_param in /home/kaiyaok2/PythonProjects/falcon/tests/test_httperror.py: 151.02734398841858
test_client_does_not_accept_json_or_xml in /home/kaiyaok2/PythonProjects/falcon/tests/test_httperror.py: 151.12492966651917
test_base_class in /home/kaiyaok2/PythonProjects/falcon/tests/test_httperror.py: 151.26937675476074
test_forbidden in /home/kaiyaok2/PythonProjects/falcon/tests/test_httperror.py: 152.96292638778687
test_413 in /home/kaiyaok2/PythonProjects/falcon/tests/test_httperror.py: 153.07819414138794
test_custom_serializer_no_representation in /home/kaiyaok2/PythonProjects/falcon/tests/test_httperror.py: 153.18766736984253
test_414_with_title in /home/kaiyaok2/PythonProjects/falcon/tests/test_httperror.py: 153.29127621650696
test_title_default_message_if_none in /home/kaiyaok2/PythonProjects/falcon/tests/test_httperror.py: 153.42800426483154
test_forbidden in /home/kaiyaok2/PythonProjects/falcon/tests/test_httperror.py: 153.5286786556244
test_serialize_no_json_media_handler in /home/kaiyaok2/PythonProjects/falcon/tests/test_httperror.py: 153.63208508491516
test_404_with_body in /home/kaiyaok2/PythonProjects/falcon/tests/test_httperror.py: 153.72726225852966
test_title_default_message_if_none in /home/kaiyaok2/PythonProjects/falcon/tests/test_httperror.py: 155.3122272491455
test_429_no_retry_after in /home/kaiyaok2/PythonProjects/falcon/tests/test_httperror.py: 155.4188756942749
test_416 in /home/kaiyaok2/PythonProjects/falcon/tests/test_httperror.py: 155.5130479335785
test_invalid_header in /home/kaiyaok2/PythonProjects/falcon/tests/test_httperror.py: 155.63567876815796
test_title_default_message_if_none in /home/kaiyaok2/PythonProjects/falcon/tests/test_httperror.py: 155.77466297149658
test_temporary_413_integer_retry_after in /home/kaiyaok2/PythonProjects/falcon/tests/test_httperror.py: 155.86971068382263
test_epic_fail_xml in /home/kaiyaok2/PythonProjects/falcon/tests/test_httperror.py: 155.97133040428162
test_epic_fail_json in /home/kaiyaok2/PythonProjects/falcon/tests/test_httperror.py: 156.09252905845642
test_custom_error_serializer_optional_representation in /home/kaiyaok2/PythonProjects/falcon/tests/test_httperror.py: 157.63157868385315
test_custom_error_serializer_optional_representation in /home/kaiyaok2/PythonProjects/falcon/tests/test_httperror.py: 157.7275149822235
test_title_default_message_if_none in /home/kaiyaok2/PythonProjects/falcon/tests/test_httperror.py: 157.81821131706238
test_503_integer_retry_after in /home/kaiyaok2/PythonProjects/falcon/tests/test_httperror.py: 157.93219685554504
test_missing_header in /home/kaiyaok2/PythonProjects/falcon/tests/test_httperror.py: 158.04084038734436
test_414 in /home/kaiyaok2/PythonProjects/falcon/tests/test_httperror.py: 158.1389763355255
test_503_datetime_retry_after in /home/kaiyaok2/PythonProjects/falcon/tests/test_httperror.py: 158.2444612979889
test_epic_fail_xml in /home/kaiyaok2/PythonProjects/falcon/tests/test_httperror.py: 158.35465455055237
test_404_without_body in /home/kaiyaok2/PythonProjects/falcon/tests/test_httperror.py: 160.1449031829834
test_414_with_custom_kwargs in /home/kaiyaok2/PythonProjects/falcon/tests/test_httperror.py: 160.2478322982788
test_epic_fail_xml in /home/kaiyaok2/PythonProjects/falcon/tests/test_httperror.py: 160.3983235359192
test_forbidden in /home/kaiyaok2/PythonProjects/falcon/tests/test_httperror.py: 160.51451706886292
test_unicode_xml in /home/kaiyaok2/PythonProjects/falcon/tests/test_httperror.py: 160.6130256652832
test_410_without_body in /home/kaiyaok2/PythonProjects/falcon/tests/test_httperror.py: 160.71525192260742
test_title_default_message_if_none in /home/kaiyaok2/PythonProjects/falcon/tests/test_httperror.py: 160.8318965435028
test_custom_error_serializer_optional_representation in /home/kaiyaok2/PythonProjects/falcon/tests/test_httperror.py: 160.9353265762329
test_client_does_not_accept_anything in /home/kaiyaok2/PythonProjects/falcon/tests/test_httperror.py: 162.59347009658813
test_custom_error_serializer in /home/kaiyaok2/PythonProjects/falcon/tests/test_httperror.py: 162.68847584724426
test_411 in /home/kaiyaok2/PythonProjects/falcon/tests/test_httperror.py: 162.79817056655884
test_405_without_body_with_extra_headers_double_check in /home/kaiyaok2/PythonProjects/falcon/tests/test_httperror.py: 162.8939414024353
test_429_datetime in /home/kaiyaok2/PythonProjects/falcon/tests/test_httperror.py: 163.00087070465088
test_410_with_body in /home/kaiyaok2/PythonProjects/falcon/tests/test_httperror.py: 163.10981059074402
test_405_without_body in /home/kaiyaok2/PythonProjects/falcon/tests/test_httperror.py: 163.22521805763245
test_no_description_json in /home/kaiyaok2/PythonProjects/falcon/tests/test_httperror.py: 163.3553340435028
test_outer_mw_with_ex_handler_throw_exception in /home/kaiyaok2/PythonProjects/falcon/tests/test_middleware.py: 163.4546775817871
test_generate_trans_id_and_time_with_request in /home/kaiyaok2/PythonProjects/falcon/tests/test_middleware.py: 165.04089379310608
test_order_mw_executed_when_exception_in_resp in /home/kaiyaok2/PythonProjects/falcon/tests/test_middleware.py: 165.13258528709412
test_legacy_middleware_called_with_correct_args in /home/kaiyaok2/PythonProjects/falcon/tests/test_middleware.py: 165.21026468276978
test_independent_middleware_execution_order in /home/kaiyaok2/PythonProjects/falcon/tests/test_middleware.py: 165.2910897731781
test_order_mw_executed_when_exception_in_rsrc in /home/kaiyaok2/PythonProjects/falcon/tests/test_middleware.py: 165.37283730506897
test_inner_mw_throw_exception in /home/kaiyaok2/PythonProjects/falcon/tests/test_middleware.py: 165.46025276184082
test_middleware_execution_order in /home/kaiyaok2/PythonProjects/falcon/tests/test_middleware.py: 165.56342554092407
test_generate_trans_id_and_time_with_request in /home/kaiyaok2/PythonProjects/falcon/tests/test_middleware.py: 165.66475009918213
test_order_mw_executed_when_exception_in_req in /home/kaiyaok2/PythonProjects/falcon/tests/test_middleware.py: 165.74667811393738
test_multiple_response_mw_throw_exception in /home/kaiyaok2/PythonProjects/falcon/tests/test_middleware.py: 165.83079552650452
test_order_independent_mw_executed_when_exception_in_req in /home/kaiyaok2/PythonProjects/falcon/tests/test_middleware.py: 167.35745978355408
test_inner_mw_with_ex_handler_throw_exception in /home/kaiyaok2/PythonProjects/falcon/tests/test_middleware.py: 167.448180437088
test_order_independent_mw_executed_when_exception_in_resp in /home/kaiyaok2/PythonProjects/falcon/tests/test_middleware.py: 167.52602100372314
test_order_independent_mw_executed_when_exception_in_rsrc in /home/kaiyaok2/PythonProjects/falcon/tests/test_middleware.py: 167.60193181037903
test_inner_mw_throw_exception_while_processing_resp in /home/kaiyaok2/PythonProjects/falcon/tests/test_middleware.py: 167.6877303123474
test_generate_trans_id_with_request in /home/kaiyaok2/PythonProjects/falcon/tests/test_middleware.py: 167.77970790863037
test_error_composed_before_resp_middleware_called in /home/kaiyaok2/PythonProjects/falcon/tests/test_middleware.py: 167.86207604408264
test_http_status_raised_from_error_handler in /home/kaiyaok2/PythonProjects/falcon/tests/test_middleware.py: 167.94150495529175
test_api_initialization_with_cors_enabled_and_middleware_param in /home/kaiyaok2/PythonProjects/falcon/tests/test_middleware.py: 168.05429816246033
test_api_initialization_with_cors_enabled_and_middleware_param in /home/kaiyaok2/PythonProjects/falcon/tests/test_middleware.py: 168.1606249809265
test_api_initialization_with_cors_enabled_and_middleware_param in /home/kaiyaok2/PythonProjects/falcon/tests/test_middleware.py: 168.24553656578064
test_api_initialization_with_cors_enabled_and_middleware_param in /home/kaiyaok2/PythonProjects/falcon/tests/test_middleware.py: 170.090336561203
test_dont_need_params_in_signature in /home/kaiyaok2/PythonProjects/falcon/tests/test_middleware.py: 170.17738890647888
test_base_path_is_removed_before_routing in /home/kaiyaok2/PythonProjects/falcon/tests/test_middleware.py: 170.2778000831604
test_log_get_request in /home/kaiyaok2/PythonProjects/falcon/tests/test_middleware.py: 170.4000129699707
test_log_get_request in /home/kaiyaok2/PythonProjects/falcon/tests/test_middleware.py: 170.50003504753113
test_skip_process_resource in /home/kaiyaok2/PythonProjects/falcon/tests/test_middleware.py: 170.59697270393372
test_response_middleware_raises_exception in /home/kaiyaok2/PythonProjects/falcon/tests/test_middleware.py: 170.68194484710693
test_process_resource_cached in /home/kaiyaok2/PythonProjects/falcon/tests/test_middleware.py: 170.77652788162231
test_process_request_not_cached in /home/kaiyaok2/PythonProjects/falcon/tests/test_middleware.py: 172.4733817577362
test_process_request_cached in /home/kaiyaok2/PythonProjects/falcon/tests/test_middleware.py: 172.56836032867432
test_process_request_cached in /home/kaiyaok2/PythonProjects/falcon/tests/test_middleware.py: 172.66810131072998
test_process_resource_cached in /home/kaiyaok2/PythonProjects/falcon/tests/test_middleware.py: 172.76140308380127
test_can_access_resource_params in /home/kaiyaok2/PythonProjects/falcon/tests/test_middleware.py: 172.83939218521118
test_can_access_resource_params in /home/kaiyaok2/PythonProjects/falcon/tests/test_middleware.py: 172.92698168754578
test_uuid_converter in /home/kaiyaok2/PythonProjects/falcon/tests/test_uri_templates.py: 173.01982498168945
test_datetime_converter in /home/kaiyaok2/PythonProjects/falcon/tests/test_uri_templates.py: 173.12413263320923
test_int_converter_rejections in /home/kaiyaok2/PythonProjects/falcon/tests/test_uri_templates.py: 173.21050810813904
test_float_converter in /home/kaiyaok2/PythonProjects/falcon/tests/test_uri_templates.py: 173.31067490577698
test_converter_custom in /home/kaiyaok2/PythonProjects/falcon/tests/test_uri_templates.py: 173.3993067741394
test_float_converter_non_finite_allowed in /home/kaiyaok2/PythonProjects/falcon/tests/test_uri_templates.py: 174.96592926979065
test_int_converter in /home/kaiyaok2/PythonProjects/falcon/tests/test_uri_templates.py: 175.06254196166992
test_root_path in /home/kaiyaok2/PythonProjects/falcon/tests/test_uri_templates.py: 175.14857959747314
test_float_converter in /home/kaiyaok2/PythonProjects/falcon/tests/test_uri_templates.py: 175.22812724113464
test_same_level_complex_var in /home/kaiyaok2/PythonProjects/falcon/tests/test_uri_templates.py: 175.3255422115326
test_single in /home/kaiyaok2/PythonProjects/falcon/tests/test_uri_templates.py: 175.4183177947998
test_single_trailing_slash in /home/kaiyaok2/PythonProjects/falcon/tests/test_uri_templates.py: 175.50620675086975
test_float_converter in /home/kaiyaok2/PythonProjects/falcon/tests/test_uri_templates.py: 175.62811374664307
test_converter_custom in /home/kaiyaok2/PythonProjects/falcon/tests/test_uri_templates.py: 175.72094464302063
test_int_converter_rejections in /home/kaiyaok2/PythonProjects/falcon/tests/test_uri_templates.py: 177.29022121429443
test_uuid_converter in /home/kaiyaok2/PythonProjects/falcon/tests/test_uri_templates.py: 177.37202835083008
test_multiple in /home/kaiyaok2/PythonProjects/falcon/tests/test_uri_templates.py: 177.4514422416687
test_float_converter in /home/kaiyaok2/PythonProjects/falcon/tests/test_uri_templates.py: 177.54651808738708
test_datetime_converter in /home/kaiyaok2/PythonProjects/falcon/tests/test_uri_templates.py: 177.6270411014557
test_single in /home/kaiyaok2/PythonProjects/falcon/tests/test_uri_templates.py: 177.71308088302612
test_datetime_converter in /home/kaiyaok2/PythonProjects/falcon/tests/test_uri_templates.py: 177.79075050354004
test_float_converter in /home/kaiyaok2/PythonProjects/falcon/tests/test_uri_templates.py: 177.8705439567566
test_float_converter in /home/kaiyaok2/PythonProjects/falcon/tests/test_uri_templates.py: 177.9491159915924
test_int_converter in /home/kaiyaok2/PythonProjects/falcon/tests/test_uri_templates.py: 178.0302734375
test_with_and_without_trailing_slash in /home/kaiyaok2/PythonProjects/falcon/tests/test_uri_templates.py: 179.74905061721802
test_special_chars in /home/kaiyaok2/PythonProjects/falcon/tests/test_uri_templates.py: 179.8454270362854
test_with_and_without_trailing_slash in /home/kaiyaok2/PythonProjects/falcon/tests/test_uri_templates.py: 179.92958569526672
test_float_converter_non_finite_disallowed in /home/kaiyaok2/PythonProjects/falcon/tests/test_uri_templates.py: 180.01121520996094
test_converter_custom in /home/kaiyaok2/PythonProjects/falcon/tests/test_uri_templates.py: 180.09429049491882
test_same_level_complex_var in /home/kaiyaok2/PythonProjects/falcon/tests/test_uri_templates.py: 180.17909169197083
test_uuid_converter_complex_segment in /home/kaiyaok2/PythonProjects/falcon/tests/test_uri_templates.py: 180.28766345977783
test_int_converter in /home/kaiyaok2/PythonProjects/falcon/tests/test_uri_templates.py: 180.3979012966156
test_float_converter_non_finite_allowed in /home/kaiyaok2/PythonProjects/falcon/tests/test_uri_templates.py: 180.48704528808594
test_adding_suffix_routes in /home/kaiyaok2/PythonProjects/falcon/tests/test_uri_templates.py: 182.1750557422638
test_uuid_converter in /home/kaiyaok2/PythonProjects/falcon/tests/test_uri_templates.py: 182.26025676727295
test_uuid_converter in /home/kaiyaok2/PythonProjects/falcon/tests/test_uri_templates.py: 182.35789370536804
test_float_converter in /home/kaiyaok2/PythonProjects/falcon/tests/test_uri_templates.py: 182.44068026542664
test_single_path_segment in /home/kaiyaok2/PythonProjects/falcon/tests/test_uri_templates.py: 182.53204226493835
test_float_converter in /home/kaiyaok2/PythonProjects/falcon/tests/test_uri_templates.py: 182.61563801765442
test_no_vars in /home/kaiyaok2/PythonProjects/falcon/tests/test_uri_templates.py: 182.70033645629883
test_uuid_converter in /home/kaiyaok2/PythonProjects/falcon/tests/test_uri_templates.py: 182.77746200561523
test_single in /home/kaiyaok2/PythonProjects/falcon/tests/test_uri_templates.py: 182.86754703521729
test_float_converter in /home/kaiyaok2/PythonProjects/falcon/tests/test_uri_templates.py: 182.95269966125488
test_uuid_converter in /home/kaiyaok2/PythonProjects/falcon/tests/test_uri_templates.py: 184.57187509536743
test_int_converter_rejections in /home/kaiyaok2/PythonProjects/falcon/tests/test_uri_templates.py: 184.65599155426025
test_float_converter in /home/kaiyaok2/PythonProjects/falcon/tests/test_uri_templates.py: 184.7411618232727
test_float_converter in /home/kaiyaok2/PythonProjects/falcon/tests/test_uri_templates.py: 184.8217306137085
test_float_converter_non_finite_allowed in /home/kaiyaok2/PythonProjects/falcon/tests/test_uri_templates.py: 184.91324400901794
test_int_converter in /home/kaiyaok2/PythonProjects/falcon/tests/test_uri_templates.py: 184.99478816986084
test_datetime_converter in /home/kaiyaok2/PythonProjects/falcon/tests/test_uri_templates.py: 185.08277893066406
test_float_converter in /home/kaiyaok2/PythonProjects/falcon/tests/test_uri_templates.py: 185.1657373905182
test_redirect in /home/kaiyaok2/PythonProjects/falcon/tests/test_redirects.py: 186.81166744232178
test_redirect in /home/kaiyaok2/PythonProjects/falcon/tests/test_redirects.py: 188.68938374519348
test_redirect_with_headers in /home/kaiyaok2/PythonProjects/falcon/tests/test_redirects.py: 188.78575944900513
test_redirect in /home/kaiyaok2/PythonProjects/falcon/tests/test_redirects.py: 188.85826778411865
test_redirect_with_headers in /home/kaiyaok2/PythonProjects/falcon/tests/test_redirects.py: 188.92660546302795
test_redirect_with_headers in /home/kaiyaok2/PythonProjects/falcon/tests/test_redirects.py: 189.00284051895142
test_redirect in /home/kaiyaok2/PythonProjects/falcon/tests/test_redirects.py: 189.0970709323883
test_redirect_with_headers in /home/kaiyaok2/PythonProjects/falcon/tests/test_redirects.py: 189.19673323631287
test_redirect in /home/kaiyaok2/PythonProjects/falcon/tests/test_redirects.py: 189.27898240089417
test_redirect_with_headers in /home/kaiyaok2/PythonProjects/falcon/tests/test_redirects.py: 189.3602364063263
test_append_link_crossorigin in /home/kaiyaok2/PythonProjects/falcon/tests/test_headers.py: 189.53592085838318
test_content_disposition_inline_header in /home/kaiyaok2/PythonProjects/falcon/tests/test_headers.py: 189.6389377117157
test_content_type_no_body in /home/kaiyaok2/PythonProjects/falcon/tests/test_headers.py: 191.38581228256226
test_set_headers_with_custom_class in /home/kaiyaok2/PythonProjects/falcon/tests/test_headers.py: 191.48635697364807
test_override_default_media_type_missing_encoding in /home/kaiyaok2/PythonProjects/falcon/tests/test_headers.py: 191.59116005897522
test_append_link_with_title in /home/kaiyaok2/PythonProjects/falcon/tests/test_headers.py: 191.71299266815186
test_append_link_with_link_extension in /home/kaiyaok2/PythonProjects/falcon/tests/test_headers.py: 191.85317826271057
test_no_content_length in /home/kaiyaok2/PythonProjects/falcon/tests/test_headers.py: 191.9620885848999
test_append_link_with_title_star in /home/kaiyaok2/PythonProjects/falcon/tests/test_headers.py: 192.08573627471924
test_content_disposition_attachment_header in /home/kaiyaok2/PythonProjects/falcon/tests/test_headers.py: 192.2032651901245
test_declared_content_length_on_head in /home/kaiyaok2/PythonProjects/falcon/tests/test_headers.py: 192.2969470024109
test_content_disposition_attachment_header in /home/kaiyaok2/PythonProjects/falcon/tests/test_headers.py: 193.91076946258545
test_append_link_complex in /home/kaiyaok2/PythonProjects/falcon/tests/test_headers.py: 194.04202556610107
test_unicode_headers_contain_non_ascii in /home/kaiyaok2/PythonProjects/falcon/tests/test_headers.py: 194.13857913017273
test_no_content_type in /home/kaiyaok2/PythonProjects/falcon/tests/test_headers.py: 194.23315691947937
test_response_set_and_get_header in /home/kaiyaok2/PythonProjects/falcon/tests/test_headers.py: 194.3283817768097
test_append_link_single in /home/kaiyaok2/PythonProjects/falcon/tests/test_headers.py: 194.4856083393097
test_unicode_headers_contain_only_ascii in /home/kaiyaok2/PythonProjects/falcon/tests/test_headers.py: 194.58884572982788
test_unicode_location_headers in /home/kaiyaok2/PythonProjects/falcon/tests/test_headers.py: 194.70528078079224
test_default_value in /home/kaiyaok2/PythonProjects/falcon/tests/test_headers.py: 196.27125358581543
test_declared_content_length_overriden_by_data_length in /home/kaiyaok2/PythonProjects/falcon/tests/test_headers.py: 196.38009643554688
test_append_link_crossorigin in /home/kaiyaok2/PythonProjects/falcon/tests/test_headers.py: 196.50053715705872
test_expires_header in /home/kaiyaok2/PythonProjects/falcon/tests/test_headers.py: 196.59259295463562
test_append_link_crossorigin in /home/kaiyaok2/PythonProjects/falcon/tests/test_headers.py: 196.71780347824097
test_unicode_headers_contain_non_ascii in /home/kaiyaok2/PythonProjects/falcon/tests/test_headers.py: 196.81128549575806
test_response_append_header in /home/kaiyaok2/PythonProjects/falcon/tests/test_headers.py: 196.91088366508484
test_append_link_crossorigin in /home/kaiyaok2/PythonProjects/falcon/tests/test_headers.py: 198.82194352149963
test_get_header_as_int in /home/kaiyaok2/PythonProjects/falcon/tests/test_headers.py: 198.9315094947815
test_unicode_headers_contain_non_ascii in /home/kaiyaok2/PythonProjects/falcon/tests/test_headers.py: 199.02919673919678
test_content_length in /home/kaiyaok2/PythonProjects/falcon/tests/test_headers.py: 199.13308382034302
test_content_disposition_attachment_header in /home/kaiyaok2/PythonProjects/falcon/tests/test_headers.py: 199.27455735206604
test_content_disposition_attachment_header in /home/kaiyaok2/PythonProjects/falcon/tests/test_headers.py: 199.3977813720703
test_append_link_with_type_hint in /home/kaiyaok2/PythonProjects/falcon/tests/test_headers.py: 199.53399801254272
test_request_latin1_headers in /home/kaiyaok2/PythonProjects/falcon/tests/test_headers.py: 199.6307888031006
test_unicode_headers_contain_non_ascii in /home/kaiyaok2/PythonProjects/falcon/tests/test_headers.py: 201.3862965106964
test_append_link_multiple in /home/kaiyaok2/PythonProjects/falcon/tests/test_headers.py: 201.5059621334076
test_declared_content_length_overriden_by_body_length in /home/kaiyaok2/PythonProjects/falcon/tests/test_headers.py: 201.6101951599121
test_override_default_media_type in /home/kaiyaok2/PythonProjects/falcon/tests/test_headers.py: 201.70421028137207
test_override_default_media_type in /home/kaiyaok2/PythonProjects/falcon/tests/test_headers.py: 201.808443069458
test_append_link_crossorigin in /home/kaiyaok2/PythonProjects/falcon/tests/test_headers.py: 201.94799137115479
test_request_multiple_header in /home/kaiyaok2/PythonProjects/falcon/tests/test_headers.py: 202.05458855628967
test_no_content_type in /home/kaiyaok2/PythonProjects/falcon/tests/test_headers.py: 203.6718773841858
test_vary_header in /home/kaiyaok2/PythonProjects/falcon/tests/test_headers.py: 203.79335522651672
test_unset_header in /home/kaiyaok2/PythonProjects/falcon/tests/test_headers.py: 203.89299130439758
test_content_disposition_inline_header in /home/kaiyaok2/PythonProjects/falcon/tests/test_headers.py: 203.9952049255371
test_no_content_length in /home/kaiyaok2/PythonProjects/falcon/tests/test_headers.py: 204.0982804298401
test_custom_content_type in /home/kaiyaok2/PythonProjects/falcon/tests/test_headers.py: 204.20944547653198
test_headers_with_custom_class_not_callable in /home/kaiyaok2/PythonProjects/falcon/tests/test_headers.py: 204.30564522743225
test_append_link_with_hreflang in /home/kaiyaok2/PythonProjects/falcon/tests/test_headers.py: 204.4246745109558
test_passthrough_request_headers in /home/kaiyaok2/PythonProjects/falcon/tests/test_headers.py: 204.52876257896423
test_declared_content_length_overridden_by_no_body in /home/kaiyaok2/PythonProjects/falcon/tests/test_headers.py: 206.1461045742035
test_append_link_with_anchor in /home/kaiyaok2/PythonProjects/falcon/tests/test_headers.py: 206.26715207099915
test_unset_header in /home/kaiyaok2/PythonProjects/falcon/tests/test_headers.py: 206.3816168308258
test_content_disposition_attachment_header in /home/kaiyaok2/PythonProjects/falcon/tests/test_headers.py: 206.48024821281433
test_required_header in /home/kaiyaok2/PythonProjects/falcon/tests/test_headers.py: 206.58402252197266
test_vary_star in /home/kaiyaok2/PythonProjects/falcon/tests/test_headers.py: 206.69012665748596
test_response_header_helpers_on_get in /home/kaiyaok2/PythonProjects/falcon/tests/test_headers.py: 206.79347586631775
test_content_disposition_attachment_header in /home/kaiyaok2/PythonProjects/falcon/tests/test_headers.py: 206.8864357471466
test_content_disposition_attachment_header in /home/kaiyaok2/PythonProjects/falcon/tests/test_headers.py: 208.59354162216187
test_default_media_type in /home/kaiyaok2/PythonProjects/falcon/tests/test_headers.py: 208.74464392662048
test_append_link_with_hreflang_multi in /home/kaiyaok2/PythonProjects/falcon/tests/test_headers.py: 208.8806791305542
test_content_disposition_attachment_header in /home/kaiyaok2/PythonProjects/falcon/tests/test_headers.py: 208.98407649993896
test_append_link_crossorigin in /home/kaiyaok2/PythonProjects/falcon/tests/test_headers.py: 209.10924577713013
test_headers_as_list in /home/kaiyaok2/PythonProjects/falcon/tests/test_headers.py: 209.2081687450409
test_vary_header in /home/kaiyaok2/PythonProjects/falcon/tests/test_headers.py: 209.34169936180115
test_content_disposition_inline_header in /home/kaiyaok2/PythonProjects/falcon/tests/test_headers.py: 211.08647537231445
test_data_is_set in /home/kaiyaok2/PythonProjects/falcon/tests/test_error_handlers.py: 211.30028891563416
test_media_is_set in /home/kaiyaok2/PythonProjects/falcon/tests/test_error_handlers.py: 211.38456273078918
test_body_is_set in /home/kaiyaok2/PythonProjects/falcon/tests/test_error_handlers.py: 211.45964646339417
test_invalid_add_exception_handler_input in /home/kaiyaok2/PythonProjects/falcon/tests/test_error_handlers.py: 211.54412031173706
test_converted_error in /home/kaiyaok2/PythonProjects/falcon/tests/test_error_handlers.py: 211.62822151184082
test_error_precedence_subclass in /home/kaiyaok2/PythonProjects/falcon/tests/test_error_handlers.py: 211.70425152778625
test_handler_single_exception_iterable in /home/kaiyaok2/PythonProjects/falcon/tests/test_error_handlers.py: 211.78167414665222
test_uncaught_python_error in /home/kaiyaok2/PythonProjects/falcon/tests/test_error_handlers.py: 211.8874270915985
test_invalid_add_exception_handler_input in /home/kaiyaok2/PythonProjects/falcon/tests/test_error_handlers.py: 211.97692680358887
test_error_precedence_duplicate in /home/kaiyaok2/PythonProjects/falcon/tests/test_error_handlers.py: 212.0743317604065
test_uncaught_python_error in /home/kaiyaok2/PythonProjects/falcon/tests/test_error_handlers.py: 212.15458703041077
test_handler_multiple_exception_iterable in /home/kaiyaok2/PythonProjects/falcon/tests/test_error_handlers.py: 213.7763273715973
test_error_precedence_subclass_order_indifference in /home/kaiyaok2/PythonProjects/falcon/tests/test_error_handlers.py: 213.86846494674683
test_uncaught_error_else in /home/kaiyaok2/PythonProjects/falcon/tests/test_error_handlers.py: 213.9531910419464
test_uncaught_python_error in /home/kaiyaok2/PythonProjects/falcon/tests/test_error_handlers.py: 214.047842502594
test_handler_multiple_exception_iterable in /home/kaiyaok2/PythonProjects/falcon/tests/test_error_handlers.py: 214.15694046020508
test_invalid_add_exception_handler_input in /home/kaiyaok2/PythonProjects/falcon/tests/test_error_handlers.py: 214.24518370628357
test_caught_error in /home/kaiyaok2/PythonProjects/falcon/tests/test_error_handlers.py: 214.31883430480957
test_subclass_error in /home/kaiyaok2/PythonProjects/falcon/tests/test_error_handlers.py: 214.40459299087524
test_invalid_add_exception_handler_input in /home/kaiyaok2/PythonProjects/falcon/tests/test_error_handlers.py: 214.50185990333557
test_handle_not_defined in /home/kaiyaok2/PythonProjects/falcon/tests/test_error_handlers.py: 214.59778928756714
test_uncaught_error in /home/kaiyaok2/PythonProjects/falcon/tests/test_error_handlers.py: 214.68105244636536
test_data_is_set in /home/kaiyaok2/PythonProjects/falcon/tests/test_error_handlers.py: 214.77911353111267
test_body_is_set in /home/kaiyaok2/PythonProjects/falcon/tests/test_error_handlers.py: 216.3349325656891
test_media_is_set in /home/kaiyaok2/PythonProjects/falcon/tests/test_error_handlers.py: 216.42652487754822
test_imported_from_c_modules in /home/kaiyaok2/PythonProjects/falcon/tests/test_cython.py: 217.57600378990173
test_stream_has_private_read in /home/kaiyaok2/PythonProjects/falcon/tests/test_cython.py: 217.58108568191528
test_simulate_remote_addr in /home/kaiyaok2/PythonProjects/falcon/tests/test_utils.py: 217.74990701675415
test_path_must_start_with_slash in /home/kaiyaok2/PythonProjects/falcon/tests/test_utils.py: 217.86787176132202
test_cached_text_in_result in /home/kaiyaok2/PythonProjects/falcon/tests/test_utils.py: 218.00712084770203
test_simulate_remote_addr in /home/kaiyaok2/PythonProjects/falcon/tests/test_utils.py: 218.1310739517212
test_query_string in /home/kaiyaok2/PythonProjects/falcon/tests/test_utils.py: 219.92823839187622
test_status in /home/kaiyaok2/PythonProjects/falcon/tests/test_utils.py: 220.0439805984497
test_override_method_with_extras in /home/kaiyaok2/PythonProjects/falcon/tests/test_utils.py: 220.16059064865112
test_default_headers in /home/kaiyaok2/PythonProjects/falcon/tests/test_utils.py: 220.26712846755981
test_simulate_remote_addr in /home/kaiyaok2/PythonProjects/falcon/tests/test_utils.py: 220.3795771598816
test_query_string_no_question in /home/kaiyaok2/PythonProjects/falcon/tests/test_utils.py: 220.488862991333
test_simulate_remote_addr in /home/kaiyaok2/PythonProjects/falcon/tests/test_utils.py: 220.6037015914917
test_simulate_remote_addr in /home/kaiyaok2/PythonProjects/falcon/tests/test_utils.py: 222.2993426322937
test_simulate_hostname in /home/kaiyaok2/PythonProjects/falcon/tests/test_utils.py: 222.42061686515808
test_query_string_in_path in /home/kaiyaok2/PythonProjects/falcon/tests/test_utils.py: 222.5337369441986
test_default_headers_with_override in /home/kaiyaok2/PythonProjects/falcon/tests/test_utils.py: 222.65217852592468
