test_jsonchema_validator in /home/kaiyaok2/PythonProjects/falcon/tests/asgi/test_cythonized_asgi.py: 1.3870012760162354
test_hooks in /home/kaiyaok2/PythonProjects/falcon/tests/asgi/test_cythonized_asgi.py: 1.5382263660430908
test_method_not_allowed_with_param in /home/kaiyaok2/PythonProjects/falcon/tests/test_http_method_routing.py: 2.4376602172851562
test_on_options in /home/kaiyaok2/PythonProjects/falcon/tests/test_http_method_routing.py: 4.53483247756958
test_methods_not_allowed_complex in /home/kaiyaok2/PythonProjects/falcon/tests/test_http_method_routing.py: 4.630779981613159
test_default_on_options in /home/kaiyaok2/PythonProjects/falcon/tests/test_http_method_routing.py: 4.720321893692017
test_post_not_allowed in /home/kaiyaok2/PythonProjects/falcon/tests/test_http_method_routing.py: 4.812295436859131
test_misc in /home/kaiyaok2/PythonProjects/falcon/tests/test_http_method_routing.py: 4.908374309539795
test_meta_and_others_disallowed in /home/kaiyaok2/PythonProjects/falcon/tests/test_http_method_routing.py: 5.030086994171143
test_put in /home/kaiyaok2/PythonProjects/falcon/tests/test_http_method_routing.py: 5.124344825744629
test_report in /home/kaiyaok2/PythonProjects/falcon/tests/test_http_method_routing.py: 5.251256942749023
test_meta_and_others_disallowed in /home/kaiyaok2/PythonProjects/falcon/tests/test_http_method_routing.py: 5.3934948444366455
test_get in /home/kaiyaok2/PythonProjects/falcon/tests/test_http_method_routing.py: 5.50703239440918
test_methods_not_allowed_simple in /home/kaiyaok2/PythonProjects/falcon/tests/test_http_method_routing.py: 5.613805770874023
test_input_validator_inherited in /home/kaiyaok2/PythonProjects/falcon/tests/test_before_hooks.py: 8.378947496414185
test_param_validator in /home/kaiyaok2/PythonProjects/falcon/tests/test_before_hooks.py: 8.575650215148926
test_input_validator in /home/kaiyaok2/PythonProjects/falcon/tests/test_before_hooks.py: 8.762449741363525
test_field_validator in /home/kaiyaok2/PythonProjects/falcon/tests/test_before_hooks.py: 8.935547828674316
test_multiple_resource_hooks in /home/kaiyaok2/PythonProjects/falcon/tests/test_before_hooks.py: 9.130545377731323
test_multiple_resource_hooks in /home/kaiyaok2/PythonProjects/falcon/tests/test_before_hooks.py: 9.317102670669556
test_piggybacking_resource_post_item in /home/kaiyaok2/PythonProjects/falcon/tests/test_before_hooks.py: 9.450852632522583
test_wrapped_resource in /home/kaiyaok2/PythonProjects/falcon/tests/test_before_hooks.py: 9.572244882583618
test_wrapped_resource_with_hooks_aware_of_resource in /home/kaiyaok2/PythonProjects/falcon/tests/test_before_hooks.py: 11.702473402023315
test_field_validator in /home/kaiyaok2/PythonProjects/falcon/tests/test_before_hooks.py: 11.866752862930298
test_field_validator in /home/kaiyaok2/PythonProjects/falcon/tests/test_before_hooks.py: 12.073392152786255
test_redirect_with_headers in /home/kaiyaok2/PythonProjects/falcon/tests/test_redirects.py: 12.253316879272461
test_redirect in /home/kaiyaok2/PythonProjects/falcon/tests/test_redirects.py: 12.406732559204102
test_redirect_with_headers in /home/kaiyaok2/PythonProjects/falcon/tests/test_redirects.py: 12.544412612915039
test_redirect in /home/kaiyaok2/PythonProjects/falcon/tests/test_redirects.py: 12.714879512786865
test_redirect_with_headers in /home/kaiyaok2/PythonProjects/falcon/tests/test_redirects.py: 12.848649978637695
test_redirect in /home/kaiyaok2/PythonProjects/falcon/tests/test_redirects.py: 13.002309560775757
test_redirect_with_headers in /home/kaiyaok2/PythonProjects/falcon/tests/test_redirects.py: 13.110674381256104
test_redirect_with_headers in /home/kaiyaok2/PythonProjects/falcon/tests/test_redirects.py: 14.825411081314087
test_redirect in /home/kaiyaok2/PythonProjects/falcon/tests/test_redirects.py: 14.922951936721802
test_redirect in /home/kaiyaok2/PythonProjects/falcon/tests/test_redirects.py: 15.021710872650146
test_wrapped_resource_with_hooks_aware_of_resource in /home/kaiyaok2/PythonProjects/falcon/tests/test_after_hooks.py: 15.80111289024353
test_wrapped_resource in /home/kaiyaok2/PythonProjects/falcon/tests/test_after_hooks.py: 15.914149045944214
test_resource_with_uri_fields in /home/kaiyaok2/PythonProjects/falcon/tests/test_after_hooks.py: 16.155980825424194
test_wrapped_resource in /home/kaiyaok2/PythonProjects/falcon/tests/test_after_hooks.py: 16.346801042556763
test_resource_with_uri_fields in /home/kaiyaok2/PythonProjects/falcon/tests/test_after_hooks.py: 16.757118940353394
test_piggybacking_resource_post_and_delete in /home/kaiyaok2/PythonProjects/falcon/tests/test_before_hooks.py: 32.37312889099121
test_routes in /home/kaiyaok2/PythonProjects/falcon/tests/test_inspect.py: 38.45817542076111
test_error_handler in /home/kaiyaok2/PythonProjects/falcon/tests/test_inspect.py: 38.836101770401
test_sink in /home/kaiyaok2/PythonProjects/falcon/tests/test_inspect.py: 39.018529176712036
test_static_routes in /home/kaiyaok2/PythonProjects/falcon/tests/test_inspect.py: 39.2355523109436
test_middleware in /home/kaiyaok2/PythonProjects/falcon/tests/test_inspect.py: 39.469346046447754
test_app in /home/kaiyaok2/PythonProjects/falcon/tests/test_inspect.py: 39.71509099006653
test_middleware_tree in /home/kaiyaok2/PythonProjects/falcon/tests/test_inspect.py: 39.922865867614746
test_inner_mw_throw_exception_while_processing_resp in /home/kaiyaok2/PythonProjects/falcon/tests/test_middleware.py: 42.63255524635315
test_order_mw_executed_when_exception_in_req in /home/kaiyaok2/PythonProjects/falcon/tests/test_middleware.py: 42.780038833618164
test_generate_trans_id_and_time_with_request in /home/kaiyaok2/PythonProjects/falcon/tests/test_middleware.py: 45.388673305511475
test_generate_trans_id_and_time_with_request in /home/kaiyaok2/PythonProjects/falcon/tests/test_middleware.py: 45.72390937805176
test_order_independent_mw_executed_when_exception_in_req in /home/kaiyaok2/PythonProjects/falcon/tests/test_middleware.py: 46.14397406578064
test_outer_mw_with_ex_handler_throw_exception in /home/kaiyaok2/PythonProjects/falcon/tests/test_middleware.py: 46.402069091796875
test_order_independent_mw_executed_when_exception_in_resp in /home/kaiyaok2/PythonProjects/falcon/tests/test_middleware.py: 46.71111512184143
test_order_independent_mw_executed_when_exception_in_rsrc in /home/kaiyaok2/PythonProjects/falcon/tests/test_middleware.py: 47.17227602005005
test_middleware_execution_order in /home/kaiyaok2/PythonProjects/falcon/tests/test_middleware.py: 47.533127784729004
test_inner_mw_throw_exception in /home/kaiyaok2/PythonProjects/falcon/tests/test_middleware.py: 47.84664583206177
test_order_mw_executed_when_exception_in_resp in /home/kaiyaok2/PythonProjects/falcon/tests/test_middleware.py: 48.13564205169678
test_independent_middleware_execution_order in /home/kaiyaok2/PythonProjects/falcon/tests/test_middleware.py: 48.28931212425232
test_inner_mw_with_ex_handler_throw_exception in /home/kaiyaok2/PythonProjects/falcon/tests/test_middleware.py: 50.66739535331726
test_order_mw_executed_when_exception_in_rsrc in /home/kaiyaok2/PythonProjects/falcon/tests/test_middleware.py: 50.82123684883118
test_legacy_middleware_called_with_correct_args in /home/kaiyaok2/PythonProjects/falcon/tests/test_middleware.py: 50.98346662521362
test_multiple_response_mw_throw_exception in /home/kaiyaok2/PythonProjects/falcon/tests/test_middleware.py: 51.12891721725464
test_api_initialization_with_cors_enabled_and_middleware_param in /home/kaiyaok2/PythonProjects/falcon/tests/test_middleware.py: 51.29275560379028
test_api_initialization_with_cors_enabled_and_middleware_param in /home/kaiyaok2/PythonProjects/falcon/tests/test_middleware.py: 51.468512535095215
test_api_initialization_with_cors_enabled_and_middleware_param in /home/kaiyaok2/PythonProjects/falcon/tests/test_middleware.py: 51.58406043052673
test_api_initialization_with_cors_enabled_and_middleware_param in /home/kaiyaok2/PythonProjects/falcon/tests/test_middleware.py: 51.71985936164856
test_can_access_resource_params in /home/kaiyaok2/PythonProjects/falcon/tests/test_middleware.py: 51.860039710998535
test_can_access_resource_params in /home/kaiyaok2/PythonProjects/falcon/tests/test_middleware.py: 55.28036117553711
test_response_middleware_raises_exception in /home/kaiyaok2/PythonProjects/falcon/tests/test_middleware.py: 55.431960344314575
test_log_get_request in /home/kaiyaok2/PythonProjects/falcon/tests/test_middleware.py: 55.57183647155762
test_log_get_request in /home/kaiyaok2/PythonProjects/falcon/tests/test_middleware.py: 55.71188688278198
test_skip_process_resource in /home/kaiyaok2/PythonProjects/falcon/tests/test_middleware.py: 55.83987832069397
test_dont_need_params_in_signature in /home/kaiyaok2/PythonProjects/falcon/tests/test_middleware.py: 55.97121834754944
test_base_path_is_removed_before_routing in /home/kaiyaok2/PythonProjects/falcon/tests/test_middleware.py: 56.088501930236816
test_http_status_raised_from_error_handler in /home/kaiyaok2/PythonProjects/falcon/tests/test_middleware.py: 56.20089411735535
test_error_composed_before_resp_middleware_called in /home/kaiyaok2/PythonProjects/falcon/tests/test_middleware.py: 56.36341619491577
test_generate_trans_id_with_request in /home/kaiyaok2/PythonProjects/falcon/tests/test_middleware.py: 58.787633180618286
test_process_resource_cached in /home/kaiyaok2/PythonProjects/falcon/tests/test_middleware.py: 58.98924684524536
test_process_resource_cached in /home/kaiyaok2/PythonProjects/falcon/tests/test_middleware.py: 59.12015986442566
test_process_request_cached in /home/kaiyaok2/PythonProjects/falcon/tests/test_middleware.py: 59.262518644332886
test_process_request_not_cached in /home/kaiyaok2/PythonProjects/falcon/tests/test_middleware.py: 59.45972299575806
test_process_request_cached in /home/kaiyaok2/PythonProjects/falcon/tests/test_middleware.py: 59.59046006202698
test_imported_from_c_modules in /home/kaiyaok2/PythonProjects/falcon/tests/test_cython.py: 65.31129288673401
test_stream_has_private_read in /home/kaiyaok2/PythonProjects/falcon/tests/test_cython.py: 65.32834672927856
test_json_err_no_handler in /home/kaiyaok2/PythonProjects/falcon/tests/test_media_handlers.py: 70.47798919677734
test_json_err_no_handler in /home/kaiyaok2/PythonProjects/falcon/tests/test_media_handlers.py: 71.17811059951782
test_query_string in /home/kaiyaok2/PythonProjects/falcon/tests/test_utils.py: 72.16474223136902
test_query_string_in_path in /home/kaiyaok2/PythonProjects/falcon/tests/test_utils.py: 72.37794709205627
test_simulate_remote_addr in /home/kaiyaok2/PythonProjects/falcon/tests/test_utils.py: 72.51879596710205
test_simulate_remote_addr in /home/kaiyaok2/PythonProjects/falcon/tests/test_utils.py: 72.68771052360535
test_cached_text_in_result in /home/kaiyaok2/PythonProjects/falcon/tests/test_utils.py: 75.25415658950806
test_default_headers in /home/kaiyaok2/PythonProjects/falcon/tests/test_utils.py: 75.58888173103333
test_simulate_remote_addr in /home/kaiyaok2/PythonProjects/falcon/tests/test_utils.py: 75.80016160011292
test_path_must_start_with_slash in /home/kaiyaok2/PythonProjects/falcon/tests/test_utils.py: 76.16668891906738
test_simulate_hostname in /home/kaiyaok2/PythonProjects/falcon/tests/test_utils.py: 76.36032319068909
test_query_string_no_question in /home/kaiyaok2/PythonProjects/falcon/tests/test_utils.py: 79.76738142967224
test_simulate_remote_addr in /home/kaiyaok2/PythonProjects/falcon/tests/test_utils.py: 80.26715564727783
test_simulate_remote_addr in /home/kaiyaok2/PythonProjects/falcon/tests/test_utils.py: 80.53321886062622
test_default_headers_with_override in /home/kaiyaok2/PythonProjects/falcon/tests/test_utils.py: 80.80337500572205
test_status in /home/kaiyaok2/PythonProjects/falcon/tests/test_utils.py: 80.99697804450989
test_override_method_with_extras in /home/kaiyaok2/PythonProjects/falcon/tests/test_utils.py: 81.29010677337646
test_with_and_without_trailing_slash in /home/kaiyaok2/PythonProjects/falcon/tests/test_uri_templates.py: 82.95405697822571
test_int_converter in /home/kaiyaok2/PythonProjects/falcon/tests/test_uri_templates.py: 85.68998575210571
test_float_converter_non_finite_allowed in /home/kaiyaok2/PythonProjects/falcon/tests/test_uri_templates.py: 85.8608717918396
test_same_level_complex_var in /home/kaiyaok2/PythonProjects/falcon/tests/test_uri_templates.py: 85.9950475692749
test_float_converter_non_finite_allowed in /home/kaiyaok2/PythonProjects/falcon/tests/test_uri_templates.py: 86.11920714378357
test_uuid_converter in /home/kaiyaok2/PythonProjects/falcon/tests/test_uri_templates.py: 86.24715971946716
test_float_converter in /home/kaiyaok2/PythonProjects/falcon/tests/test_uri_templates.py: 86.42260193824768
test_single_trailing_slash in /home/kaiyaok2/PythonProjects/falcon/tests/test_uri_templates.py: 86.60965538024902
test_single in /home/kaiyaok2/PythonProjects/falcon/tests/test_uri_templates.py: 86.76419115066528
test_root_path in /home/kaiyaok2/PythonProjects/falcon/tests/test_uri_templates.py: 86.91848301887512
test_single in /home/kaiyaok2/PythonProjects/falcon/tests/test_uri_templates.py: 89.4822473526001
test_adding_suffix_routes in /home/kaiyaok2/PythonProjects/falcon/tests/test_uri_templates.py: 89.67502021789551
test_float_converter in /home/kaiyaok2/PythonProjects/falcon/tests/test_uri_templates.py: 89.8540415763855
test_uuid_converter in /home/kaiyaok2/PythonProjects/falcon/tests/test_uri_templates.py: 90.07098627090454
test_datetime_converter in /home/kaiyaok2/PythonProjects/falcon/tests/test_uri_templates.py: 90.38351964950562
test_with_and_without_trailing_slash in /home/kaiyaok2/PythonProjects/falcon/tests/test_uri_templates.py: 90.6381163597107
test_float_converter in /home/kaiyaok2/PythonProjects/falcon/tests/test_uri_templates.py: 90.90105843544006
test_converter_custom in /home/kaiyaok2/PythonProjects/falcon/tests/test_uri_templates.py: 91.16243243217468
test_converter_custom in /home/kaiyaok2/PythonProjects/falcon/tests/test_uri_templates.py: 91.37269568443298
test_uuid_converter in /home/kaiyaok2/PythonProjects/falcon/tests/test_uri_templates.py: 91.54976606369019
test_special_chars in /home/kaiyaok2/PythonProjects/falcon/tests/test_uri_templates.py: 94.71851325035095
test_float_converter in /home/kaiyaok2/PythonProjects/falcon/tests/test_uri_templates.py: 94.9622573852539
test_int_converter in /home/kaiyaok2/PythonProjects/falcon/tests/test_uri_templates.py: 95.27606534957886
test_float_converter in /home/kaiyaok2/PythonProjects/falcon/tests/test_uri_templates.py: 95.64715099334717
test_int_converter_rejections in /home/kaiyaok2/PythonProjects/falcon/tests/test_uri_templates.py: 96.02677083015442
test_int_converter in /home/kaiyaok2/PythonProjects/falcon/tests/test_uri_templates.py: 96.46394920349121
test_datetime_converter in /home/kaiyaok2/PythonProjects/falcon/tests/test_uri_templates.py: 96.84284448623657
test_float_converter in /home/kaiyaok2/PythonProjects/falcon/tests/test_uri_templates.py: 97.27247309684753
test_float_converter in /home/kaiyaok2/PythonProjects/falcon/tests/test_uri_templates.py: 97.71140193939209
test_int_converter in /home/kaiyaok2/PythonProjects/falcon/tests/test_uri_templates.py: 98.07686233520508
test_uuid_converter in /home/kaiyaok2/PythonProjects/falcon/tests/test_uri_templates.py: 100.40082907676697
test_float_converter_non_finite_disallowed in /home/kaiyaok2/PythonProjects/falcon/tests/test_uri_templates.py: 100.51860880851746
test_single_path_segment in /home/kaiyaok2/PythonProjects/falcon/tests/test_uri_templates.py: 100.62735557556152
test_uuid_converter in /home/kaiyaok2/PythonProjects/falcon/tests/test_uri_templates.py: 100.76777791976929
test_uuid_converter_complex_segment in /home/kaiyaok2/PythonProjects/falcon/tests/test_uri_templates.py: 100.94608950614929
test_same_level_complex_var in /home/kaiyaok2/PythonProjects/falcon/tests/test_uri_templates.py: 101.06737923622131
test_int_converter_rejections in /home/kaiyaok2/PythonProjects/falcon/tests/test_uri_templates.py: 101.22468161582947
test_float_converter in /home/kaiyaok2/PythonProjects/falcon/tests/test_uri_templates.py: 101.36977100372314
test_single in /home/kaiyaok2/PythonProjects/falcon/tests/test_uri_templates.py: 101.52588844299316
test_float_converter in /home/kaiyaok2/PythonProjects/falcon/tests/test_uri_templates.py: 101.68006014823914
test_float_converter in /home/kaiyaok2/PythonProjects/falcon/tests/test_uri_templates.py: 103.97619557380676
test_datetime_converter in /home/kaiyaok2/PythonProjects/falcon/tests/test_uri_templates.py: 104.24656677246094
test_converter_custom in /home/kaiyaok2/PythonProjects/falcon/tests/test_uri_templates.py: 104.4186737537384
test_float_converter in /home/kaiyaok2/PythonProjects/falcon/tests/test_uri_templates.py: 104.5723168849945
test_int_converter_rejections in /home/kaiyaok2/PythonProjects/falcon/tests/test_uri_templates.py: 104.73223829269409
test_float_converter_non_finite_allowed in /home/kaiyaok2/PythonProjects/falcon/tests/test_uri_templates.py: 104.96009969711304
test_uuid_converter in /home/kaiyaok2/PythonProjects/falcon/tests/test_uri_templates.py: 105.14739918708801
test_datetime_converter in /home/kaiyaok2/PythonProjects/falcon/tests/test_uri_templates.py: 105.37323045730591
test_no_vars in /home/kaiyaok2/PythonProjects/falcon/tests/test_uri_templates.py: 107.84454584121704
test_multiple in /home/kaiyaok2/PythonProjects/falcon/tests/test_uri_templates.py: 107.96815180778503
test_float_converter in /home/kaiyaok2/PythonProjects/falcon/tests/test_uri_templates.py: 108.07802271842957
test_client_simulate_aliases in /home/kaiyaok2/PythonProjects/falcon/tests/test_testing.py: 108.21649503707886
test_client_simulate_aliases in /home/kaiyaok2/PythonProjects/falcon/tests/test_testing.py: 108.25755047798157
test_client_simulate_aliases in /home/kaiyaok2/PythonProjects/falcon/tests/test_testing.py: 108.30893111228943
test_client_simulate_aliases in /home/kaiyaok2/PythonProjects/falcon/tests/test_testing.py: 108.34397649765015
test_client_simulate_aliases in /home/kaiyaok2/PythonProjects/falcon/tests/test_testing.py: 108.39224410057068
test_client_simulate_aliases in /home/kaiyaok2/PythonProjects/falcon/tests/test_testing.py: 108.43321537971497
test_client_simulate_aliases in /home/kaiyaok2/PythonProjects/falcon/tests/test_testing.py: 108.49187397956848
test_client_simulate_aliases in /home/kaiyaok2/PythonProjects/falcon/tests/test_testing.py: 108.60440921783447
test_load_app in /home/kaiyaok2/PythonProjects/falcon/tests/test_cmd_inspect_app.py: 109.7081253528595
test_load_app_error in /home/kaiyaok2/PythonProjects/falcon/tests/test_cmd_inspect_app.py: 109.92323994636536
test_load_app_error in /home/kaiyaok2/PythonProjects/falcon/tests/test_cmd_inspect_app.py: 110.18705582618713
test_load_app_error in /home/kaiyaok2/PythonProjects/falcon/tests/test_cmd_inspect_app.py: 110.41440963745117
test_load_app in /home/kaiyaok2/PythonProjects/falcon/tests/test_cmd_inspect_app.py: 110.62427997589111
test_inspect in /home/kaiyaok2/PythonProjects/falcon/tests/test_cmd_inspect_app.py: 110.94685292243958
test_inspect in /home/kaiyaok2/PythonProjects/falcon/tests/test_cmd_inspect_app.py: 111.15736842155457
test_inspect in /home/kaiyaok2/PythonProjects/falcon/tests/test_cmd_inspect_app.py: 111.38618397712708
test_routes_only in /home/kaiyaok2/PythonProjects/falcon/tests/test_cmd_inspect_app.py: 111.58321642875671
test_inspect in /home/kaiyaok2/PythonProjects/falcon/tests/test_cmd_inspect_app.py: 111.79500079154968
test_routes_only in /home/kaiyaok2/PythonProjects/falcon/tests/test_cmd_inspect_app.py: 111.96292638778687
test_routes_only in /home/kaiyaok2/PythonProjects/falcon/tests/test_cmd_inspect_app.py: 112.1207857131958
test_routes_only in /home/kaiyaok2/PythonProjects/falcon/tests/test_cmd_inspect_app.py: 112.28599429130554
test_unset_cookies_samesite in /home/kaiyaok2/PythonProjects/falcon/tests/test_cookies.py: 112.48468661308289
test_cookies_setable in /home/kaiyaok2/PythonProjects/falcon/tests/test_cookies.py: 112.68868327140808
test_response_disable_secure_globally in /home/kaiyaok2/PythonProjects/falcon/tests/test_cookies.py: 112.84219908714294
test_lax_same_site_value in /home/kaiyaok2/PythonProjects/falcon/tests/test_cookies.py: 112.94916892051697
test_strict_same_site_value in /home/kaiyaok2/PythonProjects/falcon/tests/test_cookies.py: 115.47860503196716
test_cookie_max_age_float_and_string in /home/kaiyaok2/PythonProjects/falcon/tests/test_cookies.py: 115.62317776679993
test_cookie_expires_naive in /home/kaiyaok2/PythonProjects/falcon/tests/test_cookies.py: 115.8196325302124
test_unset_cookies in /home/kaiyaok2/PythonProjects/falcon/tests/test_cookies.py: 116.0161669254303
test_response_unset_cookie in /home/kaiyaok2/PythonProjects/falcon/tests/test_cookies.py: 116.13288950920105
test_none_same_site_value in /home/kaiyaok2/PythonProjects/falcon/tests/test_cookies.py: 116.25713014602661
test_response_base_case in /home/kaiyaok2/PythonProjects/falcon/tests/test_cookies.py: 116.40467262268066
test_cookie_expires_aware in /home/kaiyaok2/PythonProjects/falcon/tests/test_cookies.py: 116.57689785957336
test_response_complex_case in /home/kaiyaok2/PythonProjects/falcon/tests/test_cookies.py: 116.78211617469788
test_same_site_empty_string in /home/kaiyaok2/PythonProjects/falcon/tests/test_cookies.py: 119.37760853767395
test_cookie_timezone in /home/kaiyaok2/PythonProjects/falcon/tests/test_cookies.py: 119.57772612571716
test_cookie_max_age_float_and_string in /home/kaiyaok2/PythonProjects/falcon/tests/test_cookies.py: 119.73116111755371
test_unicode_headers_contain_non_ascii in /home/kaiyaok2/PythonProjects/falcon/tests/test_headers.py: 119.96047377586365
test_append_link_crossorigin in /home/kaiyaok2/PythonProjects/falcon/tests/test_headers.py: 120.20759272575378
test_required_header in /home/kaiyaok2/PythonProjects/falcon/tests/test_headers.py: 120.3937714099884
test_response_header_helpers_on_get in /home/kaiyaok2/PythonProjects/falcon/tests/test_headers.py: 120.57636213302612
test_override_default_media_type_missing_encoding in /home/kaiyaok2/PythonProjects/falcon/tests/test_headers.py: 120.72044157981873
test_custom_content_type in /home/kaiyaok2/PythonProjects/falcon/tests/test_headers.py: 120.88935732841492
test_content_disposition_attachment_header in /home/kaiyaok2/PythonProjects/falcon/tests/test_headers.py: 123.36588931083679
test_no_content_length in /home/kaiyaok2/PythonProjects/falcon/tests/test_headers.py: 123.58455872535706
test_content_type_no_body in /home/kaiyaok2/PythonProjects/falcon/tests/test_headers.py: 123.82781291007996
test_content_disposition_attachment_header in /home/kaiyaok2/PythonProjects/falcon/tests/test_headers.py: 124.07025456428528
test_expires_header in /home/kaiyaok2/PythonProjects/falcon/tests/test_headers.py: 124.38539218902588
test_append_link_crossorigin in /home/kaiyaok2/PythonProjects/falcon/tests/test_headers.py: 124.80021715164185
test_content_disposition_inline_header in /home/kaiyaok2/PythonProjects/falcon/tests/test_headers.py: 125.07988381385803
test_append_link_crossorigin in /home/kaiyaok2/PythonProjects/falcon/tests/test_headers.py: 128.0382010936737
test_vary_header in /home/kaiyaok2/PythonProjects/falcon/tests/test_headers.py: 128.2980182170868
test_append_link_single in /home/kaiyaok2/PythonProjects/falcon/tests/test_headers.py: 128.54491424560547
test_headers_with_custom_class_not_callable in /home/kaiyaok2/PythonProjects/falcon/tests/test_headers.py: 128.70091891288757
test_passthrough_request_headers in /home/kaiyaok2/PythonProjects/falcon/tests/test_headers.py: 128.8768584728241
test_content_disposition_attachment_header in /home/kaiyaok2/PythonProjects/falcon/tests/test_headers.py: 129.08657836914062
test_append_link_with_link_extension in /home/kaiyaok2/PythonProjects/falcon/tests/test_headers.py: 129.33807492256165
test_unicode_headers_contain_non_ascii in /home/kaiyaok2/PythonProjects/falcon/tests/test_headers.py: 129.54099249839783
test_unicode_headers_contain_non_ascii in /home/kaiyaok2/PythonProjects/falcon/tests/test_headers.py: 131.78548860549927
test_content_disposition_attachment_header in /home/kaiyaok2/PythonProjects/falcon/tests/test_headers.py: 131.91050386428833
test_content_length in /home/kaiyaok2/PythonProjects/falcon/tests/test_headers.py: 132.0731611251831
test_unicode_headers_contain_non_ascii in /home/kaiyaok2/PythonProjects/falcon/tests/test_headers.py: 132.22702956199646
test_unset_header in /home/kaiyaok2/PythonProjects/falcon/tests/test_headers.py: 132.37299060821533
test_vary_header in /home/kaiyaok2/PythonProjects/falcon/tests/test_headers.py: 132.57815837860107
test_override_default_media_type in /home/kaiyaok2/PythonProjects/falcon/tests/test_headers.py: 132.75208163261414
test_declared_content_length_on_head in /home/kaiyaok2/PythonProjects/falcon/tests/test_headers.py: 135.1300332546234
test_no_content_length in /home/kaiyaok2/PythonProjects/falcon/tests/test_headers.py: 135.32304620742798
test_override_default_media_type in /home/kaiyaok2/PythonProjects/falcon/tests/test_headers.py: 135.47293901443481
test_append_link_crossorigin in /home/kaiyaok2/PythonProjects/falcon/tests/test_headers.py: 135.6794080734253
test_default_media_type in /home/kaiyaok2/PythonProjects/falcon/tests/test_headers.py: 135.86570715904236
test_vary_star in /home/kaiyaok2/PythonProjects/falcon/tests/test_headers.py: 136.120192527771
test_declared_content_length_overridden_by_no_body in /home/kaiyaok2/PythonProjects/falcon/tests/test_headers.py: 136.31711316108704
test_no_content_type in /home/kaiyaok2/PythonProjects/falcon/tests/test_headers.py: 136.53232192993164
test_append_link_multiple in /home/kaiyaok2/PythonProjects/falcon/tests/test_headers.py: 138.8450210094452
test_append_link_with_anchor in /home/kaiyaok2/PythonProjects/falcon/tests/test_headers.py: 139.03838658332825
test_append_link_crossorigin in /home/kaiyaok2/PythonProjects/falcon/tests/test_headers.py: 139.24834060668945
test_response_append_header in /home/kaiyaok2/PythonProjects/falcon/tests/test_headers.py: 139.4382791519165
test_append_link_with_title in /home/kaiyaok2/PythonProjects/falcon/tests/test_headers.py: 139.68153166770935
test_append_link_crossorigin in /home/kaiyaok2/PythonProjects/falcon/tests/test_headers.py: 139.99940371513367
test_response_set_and_get_header in /home/kaiyaok2/PythonProjects/falcon/tests/test_headers.py: 140.1499207019806
test_append_link_with_title_star in /home/kaiyaok2/PythonProjects/falcon/tests/test_headers.py: 142.4224991798401
test_content_disposition_attachment_header in /home/kaiyaok2/PythonProjects/falcon/tests/test_headers.py: 142.606107711792
test_content_disposition_attachment_header in /home/kaiyaok2/PythonProjects/falcon/tests/test_headers.py: 142.79628729820251
test_request_multiple_header in /home/kaiyaok2/PythonProjects/falcon/tests/test_headers.py: 143.00031185150146
test_unicode_headers_contain_only_ascii in /home/kaiyaok2/PythonProjects/falcon/tests/test_headers.py: 143.1771800518036
test_content_disposition_attachment_header in /home/kaiyaok2/PythonProjects/falcon/tests/test_headers.py: 143.3770785331726
test_append_link_complex in /home/kaiyaok2/PythonProjects/falcon/tests/test_headers.py: 143.6136336326599
test_append_link_with_type_hint in /home/kaiyaok2/PythonProjects/falcon/tests/test_headers.py: 143.8409605026245
test_content_disposition_inline_header in /home/kaiyaok2/PythonProjects/falcon/tests/test_headers.py: 146.00450348854065
test_headers_as_list in /home/kaiyaok2/PythonProjects/falcon/tests/test_headers.py: 146.17144656181335
test_no_content_type in /home/kaiyaok2/PythonProjects/falcon/tests/test_headers.py: 146.339457988739
test_set_headers_with_custom_class in /home/kaiyaok2/PythonProjects/falcon/tests/test_headers.py: 146.56161522865295
test_append_link_with_hreflang in /home/kaiyaok2/PythonProjects/falcon/tests/test_headers.py: 146.8271689414978
test_request_latin1_headers in /home/kaiyaok2/PythonProjects/falcon/tests/test_headers.py: 147.01737141609192
test_append_link_with_hreflang_multi in /home/kaiyaok2/PythonProjects/falcon/tests/test_headers.py: 147.20921397209167
test_get_header_as_int in /home/kaiyaok2/PythonProjects/falcon/tests/test_headers.py: 150.32759833335876
test_declared_content_length_overriden_by_body_length in /home/kaiyaok2/PythonProjects/falcon/tests/test_headers.py: 150.57943987846375
test_unset_header in /home/kaiyaok2/PythonProjects/falcon/tests/test_headers.py: 150.74481892585754
test_default_value in /home/kaiyaok2/PythonProjects/falcon/tests/test_headers.py: 150.91038751602173
test_declared_content_length_overriden_by_data_length in /home/kaiyaok2/PythonProjects/falcon/tests/test_headers.py: 151.08323097229004
test_unicode_location_headers in /home/kaiyaok2/PythonProjects/falcon/tests/test_headers.py: 151.35168051719666
test_content_disposition_attachment_header in /home/kaiyaok2/PythonProjects/falcon/tests/test_headers.py: 151.6901834011078
test_content_disposition_inline_header in /home/kaiyaok2/PythonProjects/falcon/tests/test_headers.py: 153.9582405090332
test_add_sync_sink_with_wrapping in /home/kaiyaok2/PythonProjects/falcon/tests/test_sinks.py: 161.26160955429077
test_route_precedence_with_both_id in /home/kaiyaok2/PythonProjects/falcon/tests/test_sinks.py: 164.54886507987976
test_route_precedence_with_id in /home/kaiyaok2/PythonProjects/falcon/tests/test_sinks.py: 164.99901938438416
test_route_precedence in /home/kaiyaok2/PythonProjects/falcon/tests/test_sinks.py: 165.40216541290283
test_with_route in /home/kaiyaok2/PythonProjects/falcon/tests/test_sinks.py: 165.65840315818787
test_content_length_set_on_head_with_no_body in /home/kaiyaok2/PythonProjects/falcon/tests/test_response_body.py: 172.4788236618042
test_unsupported_response_content_type in /home/kaiyaok2/PythonProjects/falcon/tests/test_response_body.py: 172.56740283966064
test_response_body_rendition_error in /home/kaiyaok2/PythonProjects/falcon/tests/test_response_body.py: 172.66045594215393
test_static_file in /home/kaiyaok2/PythonProjects/falcon/tests/test_wsgi_servers.py: 203.01799416542053
test_post_multipart_form in /home/kaiyaok2/PythonProjects/falcon/tests/test_wsgi_servers.py: 233.40723371505737
test_static_file in /home/kaiyaok2/PythonProjects/falcon/tests/test_wsgi_servers.py: 263.96262383461
test_static_file_byte_range in /home/kaiyaok2/PythonProjects/falcon/tests/test_wsgi_servers.py: 294.43053579330444
test_static_file_byte_range in /home/kaiyaok2/PythonProjects/falcon/tests/test_wsgi_servers.py: 324.62986874580383
test_get_deprecated in /home/kaiyaok2/PythonProjects/falcon/tests/test_wsgi_servers.py: 355.0940580368042
test_get_deprecated in /home/kaiyaok2/PythonProjects/falcon/tests/test_wsgi_servers.py: 385.4578745365143
test_static_file_byte_range in /home/kaiyaok2/PythonProjects/falcon/tests/test_wsgi_servers.py: 416.2921152114868
test_get in /home/kaiyaok2/PythonProjects/falcon/tests/test_wsgi_servers.py: 446.60588335990906
test_static_file_byte_range in /home/kaiyaok2/PythonProjects/falcon/tests/test_wsgi_servers.py: 477.0143117904663
test_post_multipart_form in /home/kaiyaok2/PythonProjects/falcon/tests/test_wsgi_servers.py: 507.2743957042694
test_get in /home/kaiyaok2/PythonProjects/falcon/tests/test_wsgi_servers.py: 537.7406415939331
test_static_file_byte_range in /home/kaiyaok2/PythonProjects/falcon/tests/test_wsgi_servers.py: 568.0960938930511
test_static_file_byte_range in /home/kaiyaok2/PythonProjects/falcon/tests/test_wsgi_servers.py: 598.462473154068
test_static_file_byte_range in /home/kaiyaok2/PythonProjects/falcon/tests/test_wsgi_servers.py: 628.8716535568237
test_static_file_byte_range in /home/kaiyaok2/PythonProjects/falcon/tests/test_wsgi_servers.py: 659.0912182331085
test_dont_auto_parse_by_default in /home/kaiyaok2/PythonProjects/falcon/tests/test_query_params.py: 660.795695066452
test_simple in /home/kaiyaok2/PythonProjects/falcon/tests/test_query_params.py: 662.8101804256439
test_get_date_valid in /home/kaiyaok2/PythonProjects/falcon/tests/test_query_params.py: 662.963832616806
test_multiple_keys_as_float in /home/kaiyaok2/PythonProjects/falcon/tests/test_query_params.py: 663.1768848896027
test_list_transformer in /home/kaiyaok2/PythonProjects/falcon/tests/test_query_params.py: 663.3135902881622
test_required in /home/kaiyaok2/PythonProjects/falcon/tests/test_query_params.py: 663.4730834960938
test_required in /home/kaiyaok2/PythonProjects/falcon/tests/test_query_params.py: 663.6011917591095
test_get_date_valid in /home/kaiyaok2/PythonProjects/falcon/tests/test_query_params.py: 663.7405292987823
test_get_dict_missing_param in /home/kaiyaok2/PythonProjects/falcon/tests/test_query_params.py: 663.9272656440735
test_option_auto_parse_qs_csv_multiple_fields_true in /home/kaiyaok2/PythonProjects/falcon/tests/test_query_params.py: 666.063658952713
test_option_auto_parse_qs_csv_multiple_fields_true in /home/kaiyaok2/PythonProjects/falcon/tests/test_query_params.py: 666.1865770816803
test_option_auto_parse_qs_csv_multiple_fields_true in /home/kaiyaok2/PythonProjects/falcon/tests/test_query_params.py: 666.4227106571198
test_get_datetime_valid_with_format in /home/kaiyaok2/PythonProjects/falcon/tests/test_query_params.py: 666.5674915313721
test_required in /home/kaiyaok2/PythonProjects/falcon/tests/test_query_params.py: 666.7139501571655
test_float in /home/kaiyaok2/PythonProjects/falcon/tests/test_query_params.py: 666.8634028434753
test_required in /home/kaiyaok2/PythonProjects/falcon/tests/test_query_params.py: 667.0136919021606
test_get_date_store in /home/kaiyaok2/PythonProjects/falcon/tests/test_query_params.py: 669.0674753189087
test_boolean_blank in /home/kaiyaok2/PythonProjects/falcon/tests/test_query_params.py: 669.2055954933167
test_required in /home/kaiyaok2/PythonProjects/falcon/tests/test_query_params.py: 669.3335430622101
test_multiple_form_keys in /home/kaiyaok2/PythonProjects/falcon/tests/test_query_params.py: 669.4784421920776
test_default in /home/kaiyaok2/PythonProjects/falcon/tests/test_query_params.py: 669.6167850494385
test_bad_percentage in /home/kaiyaok2/PythonProjects/falcon/tests/test_query_params.py: 669.7675981521606
test_blank in /home/kaiyaok2/PythonProjects/falcon/tests/test_query_params.py: 669.8972060680389
test_allowed_names in /home/kaiyaok2/PythonProjects/falcon/tests/test_query_params.py: 670.0280315876007
test_multiple_form_keys_as_list in /home/kaiyaok2/PythonProjects/falcon/tests/test_query_params.py: 671.9587247371674
test_get_date_missing_param in /home/kaiyaok2/PythonProjects/falcon/tests/test_query_params.py: 672.1329152584076
test_option_auto_parse_qs_csv_multiple_fields_true in /home/kaiyaok2/PythonProjects/falcon/tests/test_query_params.py: 672.279415845871
test_simple in /home/kaiyaok2/PythonProjects/falcon/tests/test_query_params.py: 672.4051895141602
test_get_datetime_invalid in /home/kaiyaok2/PythonProjects/falcon/tests/test_query_params.py: 672.5340313911438
test_option_auto_parse_qs_csv_multiple_fields_false in /home/kaiyaok2/PythonProjects/falcon/tests/test_query_params.py: 672.6647274494171
test_float_neg in /home/kaiyaok2/PythonProjects/falcon/tests/test_query_params.py: 672.8323104381561
test_boolean_blank in /home/kaiyaok2/PythonProjects/falcon/tests/test_query_params.py: 675.2979907989502
test_multiple_keys_as_float in /home/kaiyaok2/PythonProjects/falcon/tests/test_query_params.py: 675.4405732154846
test_option_auto_parse_qs_csv_multiple_fields_true in /home/kaiyaok2/PythonProjects/falcon/tests/test_query_params.py: 675.6153440475464
test_get_datetime_valid in /home/kaiyaok2/PythonProjects/falcon/tests/test_query_params.py: 675.7555875778198
test_get_dict_missing_param in /home/kaiyaok2/PythonProjects/falcon/tests/test_query_params.py: 675.8843214511871
test_none in /home/kaiyaok2/PythonProjects/falcon/tests/test_query_params.py: 676.0218708515167
test_list_type_blank in /home/kaiyaok2/PythonProjects/falcon/tests/test_query_params.py: 678.0971505641937
test_get_dict_invalid in /home/kaiyaok2/PythonProjects/falcon/tests/test_query_params.py: 678.2364206314087
test_get_date_missing_param in /home/kaiyaok2/PythonProjects/falcon/tests/test_query_params.py: 678.3598909378052
test_multiple_keys_as_bool in /home/kaiyaok2/PythonProjects/falcon/tests/test_query_params.py: 678.5053925514221
test_blank in /home/kaiyaok2/PythonProjects/falcon/tests/test_query_params.py: 678.6926460266113
test_int_neg in /home/kaiyaok2/PythonProjects/falcon/tests/test_query_params.py: 678.8437030315399
test_list_type in /home/kaiyaok2/PythonProjects/falcon/tests/test_query_params.py: 678.9814286231995
test_float_neg in /home/kaiyaok2/PythonProjects/falcon/tests/test_query_params.py: 681.0680425167084
test_default_auto_parse_csv_behaviour in /home/kaiyaok2/PythonProjects/falcon/tests/test_query_params.py: 681.2010474205017
test_option_auto_parse_qs_csv_multiple_fields_true in /home/kaiyaok2/PythonProjects/falcon/tests/test_query_params.py: 681.3268237113953
test_float in /home/kaiyaok2/PythonProjects/falcon/tests/test_query_params.py: 681.4390726089478
test_option_auto_parse_qs_csv_simple_false in /home/kaiyaok2/PythonProjects/falcon/tests/test_query_params.py: 681.5613167285919
test_option_auto_parse_qs_csv_multiple_fields_false in /home/kaiyaok2/PythonProjects/falcon/tests/test_query_params.py: 681.6729040145874
test_required in /home/kaiyaok2/PythonProjects/falcon/tests/test_query_params.py: 681.79700922966
test_get_datetime_invalid in /home/kaiyaok2/PythonProjects/falcon/tests/test_query_params.py: 684.0531277656555
test_param_property in /home/kaiyaok2/PythonProjects/falcon/tests/test_query_params.py: 684.3137743473053
test_option_auto_parse_qs_csv_multiple_fields_true in /home/kaiyaok2/PythonProjects/falcon/tests/test_query_params.py: 684.5078160762787
test_param_property in /home/kaiyaok2/PythonProjects/falcon/tests/test_query_params.py: 684.6762897968292
test_int_neg in /home/kaiyaok2/PythonProjects/falcon/tests/test_query_params.py: 684.8271520137787
test_default_auto_parse_csv_behaviour in /home/kaiyaok2/PythonProjects/falcon/tests/test_query_params.py: 684.9645881652832
test_get_datetime_valid_with_format in /home/kaiyaok2/PythonProjects/falcon/tests/test_query_params.py: 685.1752173900604
test_get_date_invalid in /home/kaiyaok2/PythonProjects/falcon/tests/test_query_params.py: 687.6337788105011
test_none in /home/kaiyaok2/PythonProjects/falcon/tests/test_query_params.py: 687.8297388553619
test_get_datetime_valid in /home/kaiyaok2/PythonProjects/falcon/tests/test_query_params.py: 687.9600293636322
test_get_dict_valid in /home/kaiyaok2/PythonProjects/falcon/tests/test_query_params.py: 688.0800075531006
test_multiple_keys_as_int in /home/kaiyaok2/PythonProjects/falcon/tests/test_query_params.py: 688.2061960697174
test_multiple_form_keys in /home/kaiyaok2/PythonProjects/falcon/tests/test_query_params.py: 688.3162052631378
test_option_auto_parse_qs_csv_complex_false in /home/kaiyaok2/PythonProjects/falcon/tests/test_query_params.py: 688.4751024246216
test_multiple_keys_as_int in /home/kaiyaok2/PythonProjects/falcon/tests/test_query_params.py: 690.8959052562714
test_option_auto_parse_qs_csv_multiple_fields_true in /home/kaiyaok2/PythonProjects/falcon/tests/test_query_params.py: 691.0654962062836
test_option_auto_parse_qs_csv_simple_false in /home/kaiyaok2/PythonProjects/falcon/tests/test_query_params.py: 691.2650175094604
test_bad_percentage in /home/kaiyaok2/PythonProjects/falcon/tests/test_query_params.py: 691.6348955631256
test_option_auto_parse_qs_csv_multiple_fields_true in /home/kaiyaok2/PythonProjects/falcon/tests/test_query_params.py: 691.8952498435974
test_get_datetime_store in /home/kaiyaok2/PythonProjects/falcon/tests/test_query_params.py: 692.1164696216583
test_get_date_store in /home/kaiyaok2/PythonProjects/falcon/tests/test_query_params.py: 692.337681055069
test_required in /home/kaiyaok2/PythonProjects/falcon/tests/test_query_params.py: 695.1256940364838
test_get_dict_store in /home/kaiyaok2/PythonProjects/falcon/tests/test_query_params.py: 695.3589746952057
test_multiple_form_keys_as_list in /home/kaiyaok2/PythonProjects/falcon/tests/test_query_params.py: 695.4946141242981
test_get_date_valid_with_format in /home/kaiyaok2/PythonProjects/falcon/tests/test_query_params.py: 695.6300797462463
test_uuid in /home/kaiyaok2/PythonProjects/falcon/tests/test_query_params.py: 695.7849810123444
test_required in /home/kaiyaok2/PythonProjects/falcon/tests/test_query_params.py: 695.9052336215973
test_option_auto_parse_qs_csv_simple_true in /home/kaiyaok2/PythonProjects/falcon/tests/test_query_params.py: 696.0590634346008
test_get_datetime_missing_param in /home/kaiyaok2/PythonProjects/falcon/tests/test_query_params.py: 698.4601275920868
test_option_auto_parse_qs_csv_multiple_fields_true in /home/kaiyaok2/PythonProjects/falcon/tests/test_query_params.py: 698.6167504787445
test_option_auto_parse_qs_csv_multiple_fields_true in /home/kaiyaok2/PythonProjects/falcon/tests/test_query_params.py: 698.7468590736389
test_multiple_keys_as_bool in /home/kaiyaok2/PythonProjects/falcon/tests/test_query_params.py: 698.8857297897339
test_get_date_valid_with_format in /home/kaiyaok2/PythonProjects/falcon/tests/test_query_params.py: 699.0472164154053
test_has_param in /home/kaiyaok2/PythonProjects/falcon/tests/test_query_params.py: 699.1995286941528
test_option_auto_parse_qs_csv_multiple_fields_true in /home/kaiyaok2/PythonProjects/falcon/tests/test_query_params.py: 699.3813717365265
test_get_datetime_store in /home/kaiyaok2/PythonProjects/falcon/tests/test_query_params.py: 701.7495641708374
test_int in /home/kaiyaok2/PythonProjects/falcon/tests/test_query_params.py: 701.8993422985077
test_option_auto_parse_qs_csv_multiple_fields_true in /home/kaiyaok2/PythonProjects/falcon/tests/test_query_params.py: 702.1046869754791
test_required in /home/kaiyaok2/PythonProjects/falcon/tests/test_query_params.py: 702.2722868919373
test_get_date_invalid in /home/kaiyaok2/PythonProjects/falcon/tests/test_query_params.py: 702.4429938793182
test_get_dict_invalid in /home/kaiyaok2/PythonProjects/falcon/tests/test_query_params.py: 702.5854651927948
test_option_auto_parse_qs_csv_complex_false in /home/kaiyaok2/PythonProjects/falcon/tests/test_query_params.py: 702.7129952907562
test_uuid in /home/kaiyaok2/PythonProjects/falcon/tests/test_query_params.py: 704.6974077224731
test_list_type_blank in /home/kaiyaok2/PythonProjects/falcon/tests/test_query_params.py: 704.8244452476501
test_default in /home/kaiyaok2/PythonProjects/falcon/tests/test_query_params.py: 704.9391777515411
test_required in /home/kaiyaok2/PythonProjects/falcon/tests/test_query_params.py: 705.0512840747833
test_boolean in /home/kaiyaok2/PythonProjects/falcon/tests/test_query_params.py: 705.2300863265991
test_list_transformer in /home/kaiyaok2/PythonProjects/falcon/tests/test_query_params.py: 705.4535911083221
test_boolean in /home/kaiyaok2/PythonProjects/falcon/tests/test_query_params.py: 705.6217551231384
test_get_datetime_missing_param in /home/kaiyaok2/PythonProjects/falcon/tests/test_query_params.py: 705.8003966808319
test_required in /home/kaiyaok2/PythonProjects/falcon/tests/test_query_params.py: 708.2255671024323
test_get_param_as_json_no_handler_json in /home/kaiyaok2/PythonProjects/falcon/tests/test_query_params.py: 708.449912071228
test_option_auto_parse_qs_csv_multiple_fields_true in /home/kaiyaok2/PythonProjects/falcon/tests/test_query_params.py: 708.6295297145844
test_required in /home/kaiyaok2/PythonProjects/falcon/tests/test_query_params.py: 708.785558462143
test_percent_encoded in /home/kaiyaok2/PythonProjects/falcon/tests/test_query_params.py: 708.9685850143433
test_option_auto_parse_qs_csv_multiple_fields_true in /home/kaiyaok2/PythonProjects/falcon/tests/test_query_params.py: 709.1458902359009
test_percent_encoded in /home/kaiyaok2/PythonProjects/falcon/tests/test_query_params.py: 709.3716967105865
test_option_auto_parse_qs_csv_simple_true in /home/kaiyaok2/PythonProjects/falcon/tests/test_query_params.py: 712.2218894958496
test_get_dict_store in /home/kaiyaok2/PythonProjects/falcon/tests/test_query_params.py: 712.4151542186737
test_int in /home/kaiyaok2/PythonProjects/falcon/tests/test_query_params.py: 712.6296026706696
test_list_type in /home/kaiyaok2/PythonProjects/falcon/tests/test_query_params.py: 712.8315672874451
test_get_param_as_json_handler_json in /home/kaiyaok2/PythonProjects/falcon/tests/test_query_params.py: 712.9970669746399
test_option_auto_parse_qs_csv_multiple_fields_true in /home/kaiyaok2/PythonProjects/falcon/tests/test_query_params.py: 713.1602220535278
test_option_auto_parse_qs_csv_multiple_fields_true in /home/kaiyaok2/PythonProjects/falcon/tests/test_query_params.py: 713.321231842041
test_allowed_names in /home/kaiyaok2/PythonProjects/falcon/tests/test_query_params.py: 715.3893432617188
test_get_dict_valid in /home/kaiyaok2/PythonProjects/falcon/tests/test_query_params.py: 715.5516386032104
test_has_param in /home/kaiyaok2/PythonProjects/falcon/tests/test_query_params.py: 715.675127029419
test_option_auto_parse_qs_csv_multiple_fields_true in /home/kaiyaok2/PythonProjects/falcon/tests/test_query_params.py: 715.814783334732
test_http_methods_body_expected in /home/kaiyaok2/PythonProjects/falcon/tests/test_query_params.py: 716.0190954208374
test_explicitly_disable_auto_parse in /home/kaiyaok2/PythonProjects/falcon/tests/test_query_params.py: 716.1647601127625
test_http_methods_body_expected in /home/kaiyaok2/PythonProjects/falcon/tests/test_query_params.py: 716.2922809123993
test_asgi_raises_error in /home/kaiyaok2/PythonProjects/falcon/tests/test_query_params.py: 718.4821944236755
test_http_methods_body_not_expected in /home/kaiyaok2/PythonProjects/falcon/tests/test_query_params.py: 718.7181103229523
test_http_methods_body_not_expected in /home/kaiyaok2/PythonProjects/falcon/tests/test_query_params.py: 718.9124324321747
test_http_methods_body_expected in /home/kaiyaok2/PythonProjects/falcon/tests/test_query_params.py: 719.1208333969116
test_empty_body in /home/kaiyaok2/PythonProjects/falcon/tests/test_query_params.py: 719.3222260475159
test_http_methods_body_expected in /home/kaiyaok2/PythonProjects/falcon/tests/test_query_params.py: 719.5111455917358
test_non_ascii in /home/kaiyaok2/PythonProjects/falcon/tests/test_query_params.py: 719.7112352848053
test_empty_body_no_content_length in /home/kaiyaok2/PythonProjects/falcon/tests/test_query_params.py: 719.8850889205933
test_http_methods_body_expected in /home/kaiyaok2/PythonProjects/falcon/tests/test_query_params.py: 722.3966789245605
test_map_http_methods in /home/kaiyaok2/PythonProjects/falcon/tests/test_http_custom_method_routing.py: 724.4386241436005
test_foo in /home/kaiyaok2/PythonProjects/falcon/tests/test_http_custom_method_routing.py: 724.6660504341125
test_bar in /home/kaiyaok2/PythonProjects/falcon/tests/test_http_custom_method_routing.py: 724.8666906356812
test_raise_status_survives_after_hooks in /home/kaiyaok2/PythonProjects/falcon/tests/test_httpstatus.py: 725.9957122802734
test_raise_status_empty_body in /home/kaiyaok2/PythonProjects/falcon/tests/test_httpstatus.py: 726.2608337402344
test_raise_status_in_before_hook in /home/kaiyaok2/PythonProjects/falcon/tests/test_httpstatus.py: 726.4815545082092
test_raise_status_runs_after_hooks in /home/kaiyaok2/PythonProjects/falcon/tests/test_httpstatus.py: 726.6821258068085
test_raise_status_in_responder in /home/kaiyaok2/PythonProjects/falcon/tests/test_httpstatus.py: 726.8668329715729
test_non_string_status in /home/kaiyaok2/PythonProjects/falcon/tests/test_httpstatus.py: 727.0822968482971
test_body_is_set in /home/kaiyaok2/PythonProjects/falcon/tests/test_httpstatus.py: 727.3126785755157
test_non_string_status in /home/kaiyaok2/PythonProjects/falcon/tests/test_httpstatus.py: 727.5252532958984
test_non_string_status in /home/kaiyaok2/PythonProjects/falcon/tests/test_httpstatus.py: 727.7259230613708
test_non_string_status in /home/kaiyaok2/PythonProjects/falcon/tests/test_httpstatus.py: 727.938805103302
test_non_string_status in /home/kaiyaok2/PythonProjects/falcon/tests/test_httpstatus.py: 730.5483455657959
test_non_string_status in /home/kaiyaok2/PythonProjects/falcon/tests/test_httpstatus.py: 730.7371647357941
test_non_string_status in /home/kaiyaok2/PythonProjects/falcon/tests/test_httpstatus.py: 730.8951785564423
test_non_string_status in /home/kaiyaok2/PythonProjects/falcon/tests/test_httpstatus.py: 731.0701994895935
test_non_string_status in /home/kaiyaok2/PythonProjects/falcon/tests/test_httpstatus.py: 731.2564175128937
test_non_string_status in /home/kaiyaok2/PythonProjects/falcon/tests/test_httpstatus.py: 731.4111099243164
test_non_string_status in /home/kaiyaok2/PythonProjects/falcon/tests/test_httpstatus.py: 731.5602779388428
test_data_is_set in /home/kaiyaok2/PythonProjects/falcon/tests/test_httpstatus.py: 731.7498474121094
test_non_string_status in /home/kaiyaok2/PythonProjects/falcon/tests/test_httpstatus.py: 731.9913337230682
test_media_is_set in /home/kaiyaok2/PythonProjects/falcon/tests/test_httpstatus.py: 732.1861832141876
test_non_string_status in /home/kaiyaok2/PythonProjects/falcon/tests/test_httpstatus.py: 734.8517043590546
test_non_string_status in /home/kaiyaok2/PythonProjects/falcon/tests/test_httpstatus.py: 735.0110337734222
test_raise_status_in_process_request in /home/kaiyaok2/PythonProjects/falcon/tests/test_httpstatus.py: 735.1452400684357
test_raise_status_in_process_resource in /home/kaiyaok2/PythonProjects/falcon/tests/test_httpstatus.py: 735.2441470623016
test_raise_status_runs_process_response in /home/kaiyaok2/PythonProjects/falcon/tests/test_httpstatus.py: 735.3663785457611
test_429_datetime in /home/kaiyaok2/PythonProjects/falcon/tests/test_httperror.py: 791.740739107132
test_414 in /home/kaiyaok2/PythonProjects/falcon/tests/test_httperror.py: 791.8519697189331
test_misc in /home/kaiyaok2/PythonProjects/falcon/tests/test_httperror.py: 791.9644572734833
test_serialize_error_uses_media_handler in /home/kaiyaok2/PythonProjects/falcon/tests/test_httperror.py: 792.0758564472198
test_405_without_body_with_extra_headers_double_check in /home/kaiyaok2/PythonProjects/falcon/tests/test_httperror.py: 792.1879816055298
test_unicode_xml in /home/kaiyaok2/PythonProjects/falcon/tests/test_httperror.py: 794.4047555923462
test_405_without_body in /home/kaiyaok2/PythonProjects/falcon/tests/test_httperror.py: 794.5339395999908
test_503_datetime_retry_after in /home/kaiyaok2/PythonProjects/falcon/tests/test_httperror.py: 794.6611542701721
test_forbidden in /home/kaiyaok2/PythonProjects/falcon/tests/test_httperror.py: 794.8221266269684
test_405_with_body in /home/kaiyaok2/PythonProjects/falcon/tests/test_httperror.py: 794.9958827495575
test_custom_error_serializer_optional_representation in /home/kaiyaok2/PythonProjects/falcon/tests/test_httperror.py: 795.2249009609222
test_custom_error_serializer_optional_representation in /home/kaiyaok2/PythonProjects/falcon/tests/test_httperror.py: 795.4336218833923
test_invalid_header in /home/kaiyaok2/PythonProjects/falcon/tests/test_httperror.py: 795.8504934310913
test_no_description_xml in /home/kaiyaok2/PythonProjects/falcon/tests/test_httperror.py: 796.1500084400177
test_414_with_title in /home/kaiyaok2/PythonProjects/falcon/tests/test_httperror.py: 798.5692644119263
test_client_does_not_accept_anything in /home/kaiyaok2/PythonProjects/falcon/tests/test_httperror.py: 798.7435414791107
test_unicode_json in /home/kaiyaok2/PythonProjects/falcon/tests/test_httperror.py: 798.9488084316254
test_epic_fail_xml in /home/kaiyaok2/PythonProjects/falcon/tests/test_httperror.py: 799.3397715091705
test_title_default_message_if_none in /home/kaiyaok2/PythonProjects/falcon/tests/test_httperror.py: 799.7100419998169
test_405_without_body_with_extra_headers in /home/kaiyaok2/PythonProjects/falcon/tests/test_httperror.py: 800.3117394447327
test_epic_fail_xml in /home/kaiyaok2/PythonProjects/falcon/tests/test_httperror.py: 800.9983296394348
test_missing_param in /home/kaiyaok2/PythonProjects/falcon/tests/test_httperror.py: 801.3694508075714
test_forbidden in /home/kaiyaok2/PythonProjects/falcon/tests/test_httperror.py: 805.7114317417145
test_404_with_body in /home/kaiyaok2/PythonProjects/falcon/tests/test_httperror.py: 806.1928946971893
test_414_with_custom_kwargs in /home/kaiyaok2/PythonProjects/falcon/tests/test_httperror.py: 806.7767913341522
test_title_default_message_if_none in /home/kaiyaok2/PythonProjects/falcon/tests/test_httperror.py: 807.3283212184906
test_custom_error_serializer in /home/kaiyaok2/PythonProjects/falcon/tests/test_httperror.py: 808.054801940918
test_title_default_message_if_none in /home/kaiyaok2/PythonProjects/falcon/tests/test_httperror.py: 808.5879857540131
test_custom_serializer_no_representation in /home/kaiyaok2/PythonProjects/falcon/tests/test_httperror.py: 809.0546355247498
test_epic_fail_xml in /home/kaiyaok2/PythonProjects/falcon/tests/test_httperror.py: 809.1748557090759
test_title_default_message_if_none in /home/kaiyaok2/PythonProjects/falcon/tests/test_httperror.py: 813.4866724014282
test_401 in /home/kaiyaok2/PythonProjects/falcon/tests/test_httperror.py: 813.8117027282715
test_client_does_not_accept_json_or_xml in /home/kaiyaok2/PythonProjects/falcon/tests/test_httperror.py: 814.0136640071869
test_forbidden in /home/kaiyaok2/PythonProjects/falcon/tests/test_httperror.py: 814.2164556980133
test_503_integer_retry_after in /home/kaiyaok2/PythonProjects/falcon/tests/test_httperror.py: 814.5568082332611
test_410_with_body in /home/kaiyaok2/PythonProjects/falcon/tests/test_httperror.py: 814.7512543201447
test_404_without_body in /home/kaiyaok2/PythonProjects/falcon/tests/test_httperror.py: 814.984495639801
test_414_with_description in /home/kaiyaok2/PythonProjects/falcon/tests/test_httperror.py: 815.1978375911713
test_title_default_message_if_none in /home/kaiyaok2/PythonProjects/falcon/tests/test_httperror.py: 818.3973567485809
test_411 in /home/kaiyaok2/PythonProjects/falcon/tests/test_httperror.py: 818.6015903949738
test_custom_error_serializer_optional_representation in /home/kaiyaok2/PythonProjects/falcon/tests/test_httperror.py: 818.7791857719421
test_epic_fail_xml in /home/kaiyaok2/PythonProjects/falcon/tests/test_httperror.py: 818.9638359546661
test_429_no_retry_after in /home/kaiyaok2/PythonProjects/falcon/tests/test_httperror.py: 819.1167256832123
test_missing_header in /home/kaiyaok2/PythonProjects/falcon/tests/test_httperror.py: 819.259890794754
test_title_default_message_if_none in /home/kaiyaok2/PythonProjects/falcon/tests/test_httperror.py: 819.4431056976318
test_invalid_param in /home/kaiyaok2/PythonProjects/falcon/tests/test_httperror.py: 819.7511656284332
test_base_class in /home/kaiyaok2/PythonProjects/falcon/tests/test_httperror.py: 822.8799576759338
test_temporary_413_integer_retry_after in /home/kaiyaok2/PythonProjects/falcon/tests/test_httperror.py: 823.0505285263062
test_410_without_body in /home/kaiyaok2/PythonProjects/falcon/tests/test_httperror.py: 823.1901679039001
test_serialize_no_json_media_handler in /home/kaiyaok2/PythonProjects/falcon/tests/test_httperror.py: 823.3432676792145
test_429 in /home/kaiyaok2/PythonProjects/falcon/tests/test_httperror.py: 823.4514329433441
test_no_description_json in /home/kaiyaok2/PythonProjects/falcon/tests/test_httperror.py: 823.6211919784546
test_custom_error_serializer_optional_representation in /home/kaiyaok2/PythonProjects/falcon/tests/test_httperror.py: 823.7810173034668
test_epic_fail_json in /home/kaiyaok2/PythonProjects/falcon/tests/test_httperror.py: 823.9906849861145
test_416 in /home/kaiyaok2/PythonProjects/falcon/tests/test_httperror.py: 826.5994923114777
test_temporary_413_datetime_retry_after in /home/kaiyaok2/PythonProjects/falcon/tests/test_httperror.py: 826.8033747673035
test_413 in /home/kaiyaok2/PythonProjects/falcon/tests/test_httperror.py: 826.9537017345428
test_expose_headers in /home/kaiyaok2/PythonProjects/falcon/tests/test_cors_middleware.py: 827.0572559833527
test_expose_headers in /home/kaiyaok2/PythonProjects/falcon/tests/test_cors_middleware.py: 827.1492397785187
test_allow_origin in /home/kaiyaok2/PythonProjects/falcon/tests/test_cors_middleware.py: 827.243195772171
test_allow_origin_allow_credential in /home/kaiyaok2/PythonProjects/falcon/tests/test_cors_middleware.py: 827.3757181167603
test_allow_credential_list_or_str in /home/kaiyaok2/PythonProjects/falcon/tests/test_cors_middleware.py: 827.5075480937958
test_allow_credential_list_or_str in /home/kaiyaok2/PythonProjects/falcon/tests/test_cors_middleware.py: 827.6471610069275
test_expose_headers in /home/kaiyaok2/PythonProjects/falcon/tests/test_cors_middleware.py: 827.8406009674072
test_allow_credential_existing_origin in /home/kaiyaok2/PythonProjects/falcon/tests/test_cors_middleware.py: 828.0456488132477
test_allow_origin in /home/kaiyaok2/PythonProjects/falcon/tests/test_cors_middleware.py: 828.1729769706726
test_allow_credential_wildcard in /home/kaiyaok2/PythonProjects/falcon/tests/test_cors_middleware.py: 830.2761826515198
test_allow_origin in /home/kaiyaok2/PythonProjects/falcon/tests/test_cors_middleware.py: 830.3676919937134
test_enabled_cors_no_origin in /home/kaiyaok2/PythonProjects/falcon/tests/test_cors_middleware.py: 830.5284843444824
test_enabled_cors_handles_preflighting in /home/kaiyaok2/PythonProjects/falcon/tests/test_cors_middleware.py: 830.6264264583588
test_enabled_cors_handles_preflighting_no_headers_in_req in /home/kaiyaok2/PythonProjects/falcon/tests/test_cors_middleware.py: 830.7121622562408
test_enabled_cors_should_accept_all_origins_requests in /home/kaiyaok2/PythonProjects/falcon/tests/test_cors_middleware.py: 831.0620284080505
test_disabled_cors_should_not_add_any_extra_headers in /home/kaiyaok2/PythonProjects/falcon/tests/test_cors_middleware.py: 831.2676513195038
test_enabled_cors_should_add_extra_headers_on_response in /home/kaiyaok2/PythonProjects/falcon/tests/test_cors_middleware.py: 831.4863979816437
test_post_invalid_content_length in /home/kaiyaok2/PythonProjects/falcon/tests/asgi/test_asgi_servers.py: 854.7592859268188
test_get in /home/kaiyaok2/PythonProjects/falcon/tests/asgi/test_asgi_servers.py: 870.2964491844177
test_head_405 in /home/kaiyaok2/PythonProjects/falcon/tests/asgi/test_asgi_servers.py: 885.7676270008087
test_post_read_bounded_stream in /home/kaiyaok2/PythonProjects/falcon/tests/asgi/test_asgi_servers.py: 901.3522624969482
test_post_read_bounded_stream_large in /home/kaiyaok2/PythonProjects/falcon/tests/asgi/test_asgi_servers.py: 916.7869374752045
test_stream_chunked_request in /home/kaiyaok2/PythonProjects/falcon/tests/asgi/test_asgi_servers.py: 932.4146656990051
test_put in /home/kaiyaok2/PythonProjects/falcon/tests/asgi/test_asgi_servers.py: 947.7809870243073
test_post_multiple in /home/kaiyaok2/PythonProjects/falcon/tests/asgi/test_asgi_servers.py: 963.1237978935242
test_post_multipart_form in /home/kaiyaok2/PythonProjects/falcon/tests/asgi/test_asgi_servers.py: 978.4198703765869
test_post_read_bounded_stream_no_body in /home/kaiyaok2/PythonProjects/falcon/tests/asgi/test_asgi_servers.py: 993.9096970558167
test_sse_client_disconnects_early in /home/kaiyaok2/PythonProjects/falcon/tests/asgi/test_asgi_servers.py: 1009.4022431373596
test_sse in /home/kaiyaok2/PythonProjects/falcon/tests/asgi/test_asgi_servers.py: 1025.0378930568695
test_hello in /home/kaiyaok2/PythonProjects/falcon/tests/asgi/test_asgi_servers.py: 1040.4516866207123
test_missing_responder in /home/kaiyaok2/PythonProjects/falcon/tests/asgi/test_asgi_servers.py: 1055.8942375183105
test_type_mismatch in /home/kaiyaok2/PythonProjects/falcon/tests/asgi/test_asgi_servers.py: 1071.3740282058716
test_hello in /home/kaiyaok2/PythonProjects/falcon/tests/asgi/test_asgi_servers.py: 1086.8486547470093
test_close_code_on_unhandled_http_error in /home/kaiyaok2/PythonProjects/falcon/tests/asgi/test_asgi_servers.py: 1102.1795964241028
test_rejected in /home/kaiyaok2/PythonProjects/falcon/tests/asgi/test_asgi_servers.py: 1117.7109966278076
test_passing_path_params in /home/kaiyaok2/PythonProjects/falcon/tests/asgi/test_asgi_servers.py: 1133.1122317314148
test_close_code_on_unhandled_error in /home/kaiyaok2/PythonProjects/falcon/tests/asgi/test_asgi_servers.py: 1148.5931327342987
test_hello in /home/kaiyaok2/PythonProjects/falcon/tests/asgi/test_asgi_servers.py: 1163.948029756546
test_select_subprotocol_unknown in /home/kaiyaok2/PythonProjects/falcon/tests/asgi/test_asgi_servers.py: 1179.4145529270172
test_rejected in /home/kaiyaok2/PythonProjects/falcon/tests/asgi/test_asgi_servers.py: 1194.5876092910767
test_invalid_close_code in /home/kaiyaok2/PythonProjects/falcon/tests/asgi/test_asgi_servers.py: 1210.0689289569855
test_type_mismatch in /home/kaiyaok2/PythonProjects/falcon/tests/asgi/test_asgi_servers.py: 1225.376594543457
test_send_before_accept in /home/kaiyaok2/PythonProjects/falcon/tests/asgi/test_asgi_servers.py: 1240.8261811733246
test_recv_before_accept in /home/kaiyaok2/PythonProjects/falcon/tests/asgi/test_asgi_servers.py: 1258.6844384670258
test_select_subprotocol_known in /home/kaiyaok2/PythonProjects/falcon/tests/asgi/test_asgi_servers.py: 1274.0252180099487
test_rejected in /home/kaiyaok2/PythonProjects/falcon/tests/asgi/test_asgi_servers.py: 1289.2760112285614
test_type_mismatch in /home/kaiyaok2/PythonProjects/falcon/tests/asgi/test_asgi_servers.py: 1304.6110353469849
test_hello in /home/kaiyaok2/PythonProjects/falcon/tests/asgi/test_asgi_servers.py: 1320.1113874912262
test_rejected in /home/kaiyaok2/PythonProjects/falcon/tests/asgi/test_asgi_servers.py: 1335.4607241153717
test_disconnecting_client_early in /home/kaiyaok2/PythonProjects/falcon/tests/asgi/test_asgi_servers.py: 1350.8463380336761
test_select_subprotocol_known in /home/kaiyaok2/PythonProjects/falcon/tests/asgi/test_asgi_servers.py: 1366.4940011501312
test_type_mismatch in /home/kaiyaok2/PythonProjects/falcon/tests/asgi/test_asgi_servers.py: 1381.9621453285217
