test_hooks in /home/kaiyaok2/PythonProjects/falcon/tests/asgi/test_cythonized_asgi.py: 7.481298208236694
test_jsonchema_validator in /home/kaiyaok2/PythonProjects/falcon/tests/asgi/test_cythonized_asgi.py: 7.554978132247925
test_error_handler in /home/kaiyaok2/PythonProjects/falcon/tests/test_inspect.py: 9.456607341766357
test_static_routes in /home/kaiyaok2/PythonProjects/falcon/tests/test_inspect.py: 9.520934581756592
test_middleware_tree in /home/kaiyaok2/PythonProjects/falcon/tests/test_inspect.py: 9.594065427780151
test_app in /home/kaiyaok2/PythonProjects/falcon/tests/test_inspect.py: 9.656259298324585
test_middleware in /home/kaiyaok2/PythonProjects/falcon/tests/test_inspect.py: 9.716034889221191
test_sink in /home/kaiyaok2/PythonProjects/falcon/tests/test_inspect.py: 9.780611276626587
test_routes in /home/kaiyaok2/PythonProjects/falcon/tests/test_inspect.py: 9.84407353401184
test_foo in /home/kaiyaok2/PythonProjects/falcon/tests/test_http_custom_method_routing.py: 9.92363691329956
test_map_http_methods in /home/kaiyaok2/PythonProjects/falcon/tests/test_http_custom_method_routing.py: 10.005452156066895
test_bar in /home/kaiyaok2/PythonProjects/falcon/tests/test_http_custom_method_routing.py: 10.077350616455078
test_json_err_no_handler in /home/kaiyaok2/PythonProjects/falcon/tests/test_media_handlers.py: 10.269165277481079
test_json_err_no_handler in /home/kaiyaok2/PythonProjects/falcon/tests/test_media_handlers.py: 10.347145795822144
test_allow_origin_allow_credential in /home/kaiyaok2/PythonProjects/falcon/tests/test_cors_middleware.py: 12.773908376693726
test_expose_headers in /home/kaiyaok2/PythonProjects/falcon/tests/test_cors_middleware.py: 12.84708857536316
test_allow_credential_wildcard in /home/kaiyaok2/PythonProjects/falcon/tests/test_cors_middleware.py: 12.914729356765747
test_allow_credential_list_or_str in /home/kaiyaok2/PythonProjects/falcon/tests/test_cors_middleware.py: 12.987921953201294
test_allow_credential_existing_origin in /home/kaiyaok2/PythonProjects/falcon/tests/test_cors_middleware.py: 13.054736852645874
test_allow_origin in /home/kaiyaok2/PythonProjects/falcon/tests/test_cors_middleware.py: 13.123953342437744
test_allow_origin in /home/kaiyaok2/PythonProjects/falcon/tests/test_cors_middleware.py: 13.192770719528198
test_expose_headers in /home/kaiyaok2/PythonProjects/falcon/tests/test_cors_middleware.py: 14.719073057174683
test_allow_origin in /home/kaiyaok2/PythonProjects/falcon/tests/test_cors_middleware.py: 14.792288541793823
test_allow_credential_list_or_str in /home/kaiyaok2/PythonProjects/falcon/tests/test_cors_middleware.py: 14.874632835388184
test_expose_headers in /home/kaiyaok2/PythonProjects/falcon/tests/test_cors_middleware.py: 14.950625896453857
test_enabled_cors_should_accept_all_origins_requests in /home/kaiyaok2/PythonProjects/falcon/tests/test_cors_middleware.py: 15.025429010391235
test_enabled_cors_handles_preflighting in /home/kaiyaok2/PythonProjects/falcon/tests/test_cors_middleware.py: 15.09749436378479
test_enabled_cors_should_add_extra_headers_on_response in /home/kaiyaok2/PythonProjects/falcon/tests/test_cors_middleware.py: 15.168341398239136
test_enabled_cors_no_origin in /home/kaiyaok2/PythonProjects/falcon/tests/test_cors_middleware.py: 15.242213249206543
test_enabled_cors_handles_preflighting_no_headers_in_req in /home/kaiyaok2/PythonProjects/falcon/tests/test_cors_middleware.py: 15.309673547744751
test_disabled_cors_should_not_add_any_extra_headers in /home/kaiyaok2/PythonProjects/falcon/tests/test_cors_middleware.py: 15.3764808177948
test_response_complex_case in /home/kaiyaok2/PythonProjects/falcon/tests/test_cookies.py: 15.76035451889038
test_unset_cookies in /home/kaiyaok2/PythonProjects/falcon/tests/test_cookies.py: 17.4047372341156
test_cookie_timezone in /home/kaiyaok2/PythonProjects/falcon/tests/test_cookies.py: 17.51024317741394
test_response_unset_cookie in /home/kaiyaok2/PythonProjects/falcon/tests/test_cookies.py: 17.61049485206604
test_none_same_site_value in /home/kaiyaok2/PythonProjects/falcon/tests/test_cookies.py: 17.7374906539917
test_lax_same_site_value in /home/kaiyaok2/PythonProjects/falcon/tests/test_cookies.py: 17.82310652732849
test_cookie_expires_naive in /home/kaiyaok2/PythonProjects/falcon/tests/test_cookies.py: 17.923402547836304
test_response_base_case in /home/kaiyaok2/PythonProjects/falcon/tests/test_cookies.py: 18.044572353363037
test_cookies_setable in /home/kaiyaok2/PythonProjects/falcon/tests/test_cookies.py: 18.141233682632446
test_cookie_expires_aware in /home/kaiyaok2/PythonProjects/falcon/tests/test_cookies.py: 18.26004409790039
test_strict_same_site_value in /home/kaiyaok2/PythonProjects/falcon/tests/test_cookies.py: 18.351670742034912
test_response_disable_secure_globally in /home/kaiyaok2/PythonProjects/falcon/tests/test_cookies.py: 19.92264223098755
test_same_site_empty_string in /home/kaiyaok2/PythonProjects/falcon/tests/test_cookies.py: 20.02522301673889
test_cookie_max_age_float_and_string in /home/kaiyaok2/PythonProjects/falcon/tests/test_cookies.py: 20.108315229415894
test_cookie_max_age_float_and_string in /home/kaiyaok2/PythonProjects/falcon/tests/test_cookies.py: 20.195472478866577
test_unset_cookies_samesite in /home/kaiyaok2/PythonProjects/falcon/tests/test_cookies.py: 20.300347089767456
test_unsupported_response_content_type in /home/kaiyaok2/PythonProjects/falcon/tests/test_response_body.py: 20.935086965560913
test_response_body_rendition_error in /home/kaiyaok2/PythonProjects/falcon/tests/test_response_body.py: 21.00365710258484
test_content_length_set_on_head_with_no_body in /home/kaiyaok2/PythonProjects/falcon/tests/test_response_body.py: 21.073317527770996
test_status in /home/kaiyaok2/PythonProjects/falcon/tests/test_utils.py: 40.64361333847046
test_default_headers_with_override in /home/kaiyaok2/PythonProjects/falcon/tests/test_utils.py: 42.21592164039612
test_override_method_with_extras in /home/kaiyaok2/PythonProjects/falcon/tests/test_utils.py: 42.377315521240234
test_query_string_in_path in /home/kaiyaok2/PythonProjects/falcon/tests/test_utils.py: 42.53248906135559
test_simulate_hostname in /home/kaiyaok2/PythonProjects/falcon/tests/test_utils.py: 42.6783812046051
test_simulate_remote_addr in /home/kaiyaok2/PythonProjects/falcon/tests/test_utils.py: 42.80927872657776
test_path_must_start_with_slash in /home/kaiyaok2/PythonProjects/falcon/tests/test_utils.py: 42.92202687263489
test_query_string_no_question in /home/kaiyaok2/PythonProjects/falcon/tests/test_utils.py: 43.03251004219055
test_simulate_remote_addr in /home/kaiyaok2/PythonProjects/falcon/tests/test_utils.py: 44.8047833442688
test_query_string in /home/kaiyaok2/PythonProjects/falcon/tests/test_utils.py: 44.9770941734314
test_simulate_remote_addr in /home/kaiyaok2/PythonProjects/falcon/tests/test_utils.py: 45.13367033004761
test_simulate_remote_addr in /home/kaiyaok2/PythonProjects/falcon/tests/test_utils.py: 45.30044484138489
test_simulate_remote_addr in /home/kaiyaok2/PythonProjects/falcon/tests/test_utils.py: 45.49979853630066
test_default_headers in /home/kaiyaok2/PythonProjects/falcon/tests/test_utils.py: 47.59057331085205
test_cached_text_in_result in /home/kaiyaok2/PythonProjects/falcon/tests/test_utils.py: 47.71505308151245
test_catch_http_no_route_error in /home/kaiyaok2/PythonProjects/falcon/tests/test_error_handlers.py: 52.89434742927551
test_caught_error_async in /home/kaiyaok2/PythonProjects/falcon/tests/test_error_handlers.py: 52.99519991874695
test_load_app in /home/kaiyaok2/PythonProjects/falcon/tests/test_cmd_inspect_app.py: 55.74489212036133
test_load_app in /home/kaiyaok2/PythonProjects/falcon/tests/test_cmd_inspect_app.py: 55.813403844833374
test_load_app_error in /home/kaiyaok2/PythonProjects/falcon/tests/test_cmd_inspect_app.py: 55.89151191711426
test_load_app_error in /home/kaiyaok2/PythonProjects/falcon/tests/test_cmd_inspect_app.py: 55.95828199386597
test_load_app_error in /home/kaiyaok2/PythonProjects/falcon/tests/test_cmd_inspect_app.py: 56.015923500061035
test_routes_only in /home/kaiyaok2/PythonProjects/falcon/tests/test_cmd_inspect_app.py: 56.087615966796875
test_inspect in /home/kaiyaok2/PythonProjects/falcon/tests/test_cmd_inspect_app.py: 56.162100076675415
test_inspect in /home/kaiyaok2/PythonProjects/falcon/tests/test_cmd_inspect_app.py: 56.23159384727478
test_routes_only in /home/kaiyaok2/PythonProjects/falcon/tests/test_cmd_inspect_app.py: 56.2985417842865
test_routes_only in /home/kaiyaok2/PythonProjects/falcon/tests/test_cmd_inspect_app.py: 56.356374740600586
test_routes_only in /home/kaiyaok2/PythonProjects/falcon/tests/test_cmd_inspect_app.py: 57.94367480278015
test_inspect in /home/kaiyaok2/PythonProjects/falcon/tests/test_cmd_inspect_app.py: 58.0206561088562
test_inspect in /home/kaiyaok2/PythonProjects/falcon/tests/test_cmd_inspect_app.py: 58.079610109329224
test_api_initialization_with_cors_enabled_and_middleware_param in /home/kaiyaok2/PythonProjects/falcon/tests/test_middleware.py: 65.43792223930359
test_api_initialization_with_cors_enabled_and_middleware_param in /home/kaiyaok2/PythonProjects/falcon/tests/test_middleware.py: 65.52244210243225
test_api_initialization_with_cors_enabled_and_middleware_param in /home/kaiyaok2/PythonProjects/falcon/tests/test_middleware.py: 65.59785890579224
test_api_initialization_with_cors_enabled_and_middleware_param in /home/kaiyaok2/PythonProjects/falcon/tests/test_middleware.py: 65.6911072731018
test_http_status_raised_from_error_handler in /home/kaiyaok2/PythonProjects/falcon/tests/test_middleware.py: 65.77586078643799
test_error_composed_before_resp_middleware_called in /home/kaiyaok2/PythonProjects/falcon/tests/test_middleware.py: 65.86004900932312
test_base_path_is_removed_before_routing in /home/kaiyaok2/PythonProjects/falcon/tests/test_middleware.py: 65.94061374664307
test_independent_middleware_execution_order in /home/kaiyaok2/PythonProjects/falcon/tests/test_middleware.py: 66.02335548400879
test_order_independent_mw_executed_when_exception_in_rsrc in /home/kaiyaok2/PythonProjects/falcon/tests/test_middleware.py: 66.10567474365234
test_multiple_response_mw_throw_exception in /home/kaiyaok2/PythonProjects/falcon/tests/test_middleware.py: 66.18277978897095
test_inner_mw_throw_exception_while_processing_resp in /home/kaiyaok2/PythonProjects/falcon/tests/test_middleware.py: 67.82489919662476
test_order_mw_executed_when_exception_in_rsrc in /home/kaiyaok2/PythonProjects/falcon/tests/test_middleware.py: 67.9203782081604
test_inner_mw_throw_exception in /home/kaiyaok2/PythonProjects/falcon/tests/test_middleware.py: 68.02520871162415
test_outer_mw_with_ex_handler_throw_exception in /home/kaiyaok2/PythonProjects/falcon/tests/test_middleware.py: 68.10272741317749
test_inner_mw_with_ex_handler_throw_exception in /home/kaiyaok2/PythonProjects/falcon/tests/test_middleware.py: 68.18709778785706
test_order_independent_mw_executed_when_exception_in_resp in /home/kaiyaok2/PythonProjects/falcon/tests/test_middleware.py: 68.26346898078918
test_generate_trans_id_and_time_with_request in /home/kaiyaok2/PythonProjects/falcon/tests/test_middleware.py: 68.36054825782776
test_middleware_execution_order in /home/kaiyaok2/PythonProjects/falcon/tests/test_middleware.py: 68.46204614639282
test_order_independent_mw_executed_when_exception_in_req in /home/kaiyaok2/PythonProjects/falcon/tests/test_middleware.py: 70.06580448150635
test_generate_trans_id_and_time_with_request in /home/kaiyaok2/PythonProjects/falcon/tests/test_middleware.py: 70.15972352027893
test_order_mw_executed_when_exception_in_req in /home/kaiyaok2/PythonProjects/falcon/tests/test_middleware.py: 70.23598074913025
test_legacy_middleware_called_with_correct_args in /home/kaiyaok2/PythonProjects/falcon/tests/test_middleware.py: 70.31881475448608
test_order_mw_executed_when_exception_in_resp in /home/kaiyaok2/PythonProjects/falcon/tests/test_middleware.py: 70.39962887763977
test_can_access_resource_params in /home/kaiyaok2/PythonProjects/falcon/tests/test_middleware.py: 70.48165988922119
test_can_access_resource_params in /home/kaiyaok2/PythonProjects/falcon/tests/test_middleware.py: 70.558438539505
test_process_resource_cached in /home/kaiyaok2/PythonProjects/falcon/tests/test_middleware.py: 70.64665603637695
test_process_request_cached in /home/kaiyaok2/PythonProjects/falcon/tests/test_middleware.py: 70.74794054031372
test_process_request_not_cached in /home/kaiyaok2/PythonProjects/falcon/tests/test_middleware.py: 70.83567547798157
test_process_resource_cached in /home/kaiyaok2/PythonProjects/falcon/tests/test_middleware.py: 72.39311337471008
test_process_request_cached in /home/kaiyaok2/PythonProjects/falcon/tests/test_middleware.py: 72.48189687728882
test_response_middleware_raises_exception in /home/kaiyaok2/PythonProjects/falcon/tests/test_middleware.py: 72.56470704078674
test_log_get_request in /home/kaiyaok2/PythonProjects/falcon/tests/test_middleware.py: 72.65898704528809
test_skip_process_resource in /home/kaiyaok2/PythonProjects/falcon/tests/test_middleware.py: 72.7527208328247
test_log_get_request in /home/kaiyaok2/PythonProjects/falcon/tests/test_middleware.py: 72.8686900138855
test_generate_trans_id_with_request in /home/kaiyaok2/PythonProjects/falcon/tests/test_middleware.py: 73.02245879173279
test_dont_need_params_in_signature in /home/kaiyaok2/PythonProjects/falcon/tests/test_middleware.py: 73.14537119865417
test_stream_has_private_read in /home/kaiyaok2/PythonProjects/falcon/tests/test_cython.py: 97.27830910682678
test_imported_from_c_modules in /home/kaiyaok2/PythonProjects/falcon/tests/test_cython.py: 97.29638838768005
test_media_is_set in /home/kaiyaok2/PythonProjects/falcon/tests/test_error_handlers.py: 105.94603228569031
test_body_is_set in /home/kaiyaok2/PythonProjects/falcon/tests/test_error_handlers.py: 106.02071356773376
test_data_is_set in /home/kaiyaok2/PythonProjects/falcon/tests/test_error_handlers.py: 106.11245036125183
test_error_precedence_subclass in /home/kaiyaok2/PythonProjects/falcon/tests/test_error_handlers.py: 107.67240071296692
test_uncaught_python_error in /home/kaiyaok2/PythonProjects/falcon/tests/test_error_handlers.py: 107.74954009056091
test_subclass_error in /home/kaiyaok2/PythonProjects/falcon/tests/test_error_handlers.py: 107.84600448608398
test_error_precedence_duplicate in /home/kaiyaok2/PythonProjects/falcon/tests/test_error_handlers.py: 107.9510645866394
test_invalid_add_exception_handler_input in /home/kaiyaok2/PythonProjects/falcon/tests/test_error_handlers.py: 108.03968834877014
test_uncaught_python_error in /home/kaiyaok2/PythonProjects/falcon/tests/test_error_handlers.py: 108.1125111579895
test_handle_not_defined in /home/kaiyaok2/PythonProjects/falcon/tests/test_error_handlers.py: 108.19085335731506
test_invalid_add_exception_handler_input in /home/kaiyaok2/PythonProjects/falcon/tests/test_error_handlers.py: 108.27267622947693
test_uncaught_error in /home/kaiyaok2/PythonProjects/falcon/tests/test_error_handlers.py: 108.36488366127014
test_invalid_add_exception_handler_input in /home/kaiyaok2/PythonProjects/falcon/tests/test_error_handlers.py: 110.15374541282654
test_converted_error in /home/kaiyaok2/PythonProjects/falcon/tests/test_error_handlers.py: 110.24817037582397
test_uncaught_error_else in /home/kaiyaok2/PythonProjects/falcon/tests/test_error_handlers.py: 110.33131980895996
test_error_precedence_subclass_order_indifference in /home/kaiyaok2/PythonProjects/falcon/tests/test_error_handlers.py: 110.41773056983948
test_handler_multiple_exception_iterable in /home/kaiyaok2/PythonProjects/falcon/tests/test_error_handlers.py: 110.50433135032654
test_uncaught_python_error in /home/kaiyaok2/PythonProjects/falcon/tests/test_error_handlers.py: 110.5833990573883
test_handler_multiple_exception_iterable in /home/kaiyaok2/PythonProjects/falcon/tests/test_error_handlers.py: 110.70182704925537
test_invalid_add_exception_handler_input in /home/kaiyaok2/PythonProjects/falcon/tests/test_error_handlers.py: 110.8174376487732
test_handler_single_exception_iterable in /home/kaiyaok2/PythonProjects/falcon/tests/test_error_handlers.py: 110.90430617332458
test_caught_error in /home/kaiyaok2/PythonProjects/falcon/tests/test_error_handlers.py: 111.00762033462524
test_media_is_set in /home/kaiyaok2/PythonProjects/falcon/tests/test_error_handlers.py: 111.09276485443115
test_data_is_set in /home/kaiyaok2/PythonProjects/falcon/tests/test_error_handlers.py: 112.70927238464355
test_body_is_set in /home/kaiyaok2/PythonProjects/falcon/tests/test_error_handlers.py: 112.79839968681335
test_414_with_description in /home/kaiyaok2/PythonProjects/falcon/tests/test_httperror.py: 113.82087087631226
test_unicode_xml in /home/kaiyaok2/PythonProjects/falcon/tests/test_httperror.py: 113.91832041740417
test_epic_fail_xml in /home/kaiyaok2/PythonProjects/falcon/tests/test_httperror.py: 114.02732920646667
test_client_does_not_accept_anything in /home/kaiyaok2/PythonProjects/falcon/tests/test_httperror.py: 114.15654563903809
test_misc in /home/kaiyaok2/PythonProjects/falcon/tests/test_httperror.py: 114.245530128479
test_416 in /home/kaiyaok2/PythonProjects/falcon/tests/test_httperror.py: 114.3653633594513
test_404_without_body in /home/kaiyaok2/PythonProjects/falcon/tests/test_httperror.py: 115.951895236969
test_429_no_retry_after in /home/kaiyaok2/PythonProjects/falcon/tests/test_httperror.py: 116.05641889572144
test_405_without_body_with_extra_headers in /home/kaiyaok2/PythonProjects/falcon/tests/test_httperror.py: 116.15470886230469
test_epic_fail_xml in /home/kaiyaok2/PythonProjects/falcon/tests/test_httperror.py: 116.27524280548096
test_serialize_error_uses_media_handler in /home/kaiyaok2/PythonProjects/falcon/tests/test_httperror.py: 116.37766933441162
test_custom_error_serializer_optional_representation in /home/kaiyaok2/PythonProjects/falcon/tests/test_httperror.py: 116.4837875366211
test_custom_error_serializer in /home/kaiyaok2/PythonProjects/falcon/tests/test_httperror.py: 116.58649468421936
test_forbidden in /home/kaiyaok2/PythonProjects/falcon/tests/test_httperror.py: 116.68383073806763
test_epic_fail_json in /home/kaiyaok2/PythonProjects/falcon/tests/test_httperror.py: 118.48527407646179
test_414_with_custom_kwargs in /home/kaiyaok2/PythonProjects/falcon/tests/test_httperror.py: 118.59479331970215
test_410_with_body in /home/kaiyaok2/PythonProjects/falcon/tests/test_httperror.py: 118.70267128944397
test_missing_header in /home/kaiyaok2/PythonProjects/falcon/tests/test_httperror.py: 118.81259083747864
test_title_default_message_if_none in /home/kaiyaok2/PythonProjects/falcon/tests/test_httperror.py: 118.95336270332336
test_503_datetime_retry_after in /home/kaiyaok2/PythonProjects/falcon/tests/test_httperror.py: 119.04689383506775
test_405_with_body in /home/kaiyaok2/PythonProjects/falcon/tests/test_httperror.py: 119.15688705444336
test_invalid_param in /home/kaiyaok2/PythonProjects/falcon/tests/test_httperror.py: 120.92667412757874
test_414_with_title in /home/kaiyaok2/PythonProjects/falcon/tests/test_httperror.py: 121.04968595504761
test_no_description_json in /home/kaiyaok2/PythonProjects/falcon/tests/test_httperror.py: 121.1486508846283
test_serialize_no_json_media_handler in /home/kaiyaok2/PythonProjects/falcon/tests/test_httperror.py: 121.24478673934937
test_temporary_413_datetime_retry_after in /home/kaiyaok2/PythonProjects/falcon/tests/test_httperror.py: 121.34139609336853
test_405_without_body in /home/kaiyaok2/PythonProjects/falcon/tests/test_httperror.py: 121.4385781288147
test_429 in /home/kaiyaok2/PythonProjects/falcon/tests/test_httperror.py: 121.53797793388367
test_custom_error_serializer_optional_representation in /home/kaiyaok2/PythonProjects/falcon/tests/test_httperror.py: 121.64190864562988
test_invalid_header in /home/kaiyaok2/PythonProjects/falcon/tests/test_httperror.py: 123.29866552352905
test_forbidden in /home/kaiyaok2/PythonProjects/falcon/tests/test_httperror.py: 123.42746663093567
test_title_default_message_if_none in /home/kaiyaok2/PythonProjects/falcon/tests/test_httperror.py: 123.52811312675476
test_title_default_message_if_none in /home/kaiyaok2/PythonProjects/falcon/tests/test_httperror.py: 123.63986873626709
test_429_datetime in /home/kaiyaok2/PythonProjects/falcon/tests/test_httperror.py: 123.73089003562927
test_forbidden in /home/kaiyaok2/PythonProjects/falcon/tests/test_httperror.py: 123.83249640464783
test_custom_error_serializer_optional_representation in /home/kaiyaok2/PythonProjects/falcon/tests/test_httperror.py: 123.93666958808899
test_custom_serializer_no_representation in /home/kaiyaok2/PythonProjects/falcon/tests/test_httperror.py: 124.02672863006592
test_unicode_json in /home/kaiyaok2/PythonProjects/falcon/tests/test_httperror.py: 125.69115924835205
test_404_with_body in /home/kaiyaok2/PythonProjects/falcon/tests/test_httperror.py: 125.81581282615662
test_epic_fail_xml in /home/kaiyaok2/PythonProjects/falcon/tests/test_httperror.py: 125.90873599052429
test_client_does_not_accept_json_or_xml in /home/kaiyaok2/PythonProjects/falcon/tests/test_httperror.py: 126.00256562232971
test_414 in /home/kaiyaok2/PythonProjects/falcon/tests/test_httperror.py: 126.09935879707336
test_custom_error_serializer_optional_representation in /home/kaiyaok2/PythonProjects/falcon/tests/test_httperror.py: 126.22238373756409
test_410_without_body in /home/kaiyaok2/PythonProjects/falcon/tests/test_httperror.py: 126.31845378875732
test_epic_fail_xml in /home/kaiyaok2/PythonProjects/falcon/tests/test_httperror.py: 126.42076921463013
test_413 in /home/kaiyaok2/PythonProjects/falcon/tests/test_httperror.py: 128.16250705718994
test_base_class in /home/kaiyaok2/PythonProjects/falcon/tests/test_httperror.py: 128.2937216758728
test_title_default_message_if_none in /home/kaiyaok2/PythonProjects/falcon/tests/test_httperror.py: 128.41833901405334
test_missing_param in /home/kaiyaok2/PythonProjects/falcon/tests/test_httperror.py: 128.5530252456665
test_no_description_xml in /home/kaiyaok2/PythonProjects/falcon/tests/test_httperror.py: 128.66642260551453
test_503_integer_retry_after in /home/kaiyaok2/PythonProjects/falcon/tests/test_httperror.py: 128.76612782478333
test_temporary_413_integer_retry_after in /home/kaiyaok2/PythonProjects/falcon/tests/test_httperror.py: 128.86193346977234
test_title_default_message_if_none in /home/kaiyaok2/PythonProjects/falcon/tests/test_httperror.py: 129.01581645011902
test_405_without_body_with_extra_headers_double_check in /home/kaiyaok2/PythonProjects/falcon/tests/test_httperror.py: 130.7929711341858
test_title_default_message_if_none in /home/kaiyaok2/PythonProjects/falcon/tests/test_httperror.py: 130.91223883628845
test_411 in /home/kaiyaok2/PythonProjects/falcon/tests/test_httperror.py: 131.00352954864502
test_401 in /home/kaiyaok2/PythonProjects/falcon/tests/test_httperror.py: 131.10322499275208
test_redirect_with_headers in /home/kaiyaok2/PythonProjects/falcon/tests/test_redirects.py: 131.67260003089905
test_redirect in /home/kaiyaok2/PythonProjects/falcon/tests/test_redirects.py: 131.73681712150574
test_redirect in /home/kaiyaok2/PythonProjects/falcon/tests/test_redirects.py: 131.80694007873535
test_redirect in /home/kaiyaok2/PythonProjects/falcon/tests/test_redirects.py: 131.87712478637695
test_redirect_with_headers in /home/kaiyaok2/PythonProjects/falcon/tests/test_redirects.py: 131.9684739112854
test_redirect in /home/kaiyaok2/PythonProjects/falcon/tests/test_redirects.py: 132.03911423683167
test_redirect_with_headers in /home/kaiyaok2/PythonProjects/falcon/tests/test_redirects.py: 133.5572690963745
test_redirect_with_headers in /home/kaiyaok2/PythonProjects/falcon/tests/test_redirects.py: 133.65139722824097
test_redirect_with_headers in /home/kaiyaok2/PythonProjects/falcon/tests/test_redirects.py: 133.71604132652283
test_redirect in /home/kaiyaok2/PythonProjects/falcon/tests/test_redirects.py: 133.7802243232727
test_declared_content_length_overriden_by_body_length in /home/kaiyaok2/PythonProjects/falcon/tests/test_headers.py: 133.8771300315857
test_unset_header in /home/kaiyaok2/PythonProjects/falcon/tests/test_headers.py: 133.96813917160034
test_content_disposition_attachment_header in /home/kaiyaok2/PythonProjects/falcon/tests/test_headers.py: 134.06477332115173
test_no_content_length in /home/kaiyaok2/PythonProjects/falcon/tests/test_headers.py: 134.15325379371643
test_append_link_crossorigin in /home/kaiyaok2/PythonProjects/falcon/tests/test_headers.py: 134.27451014518738
test_content_length in /home/kaiyaok2/PythonProjects/falcon/tests/test_headers.py: 135.86468982696533
test_unicode_headers_contain_non_ascii in /home/kaiyaok2/PythonProjects/falcon/tests/test_headers.py: 135.97572922706604
test_no_content_type in /home/kaiyaok2/PythonProjects/falcon/tests/test_headers.py: 136.07269167900085
test_unicode_headers_contain_non_ascii in /home/kaiyaok2/PythonProjects/falcon/tests/test_headers.py: 136.17002487182617
test_content_disposition_attachment_header in /home/kaiyaok2/PythonProjects/falcon/tests/test_headers.py: 136.28626418113708
test_default_media_type in /home/kaiyaok2/PythonProjects/falcon/tests/test_headers.py: 136.3932716846466
test_content_disposition_inline_header in /home/kaiyaok2/PythonProjects/falcon/tests/test_headers.py: 136.4850652217865
test_required_header in /home/kaiyaok2/PythonProjects/falcon/tests/test_headers.py: 136.5770149230957
test_content_disposition_attachment_header in /home/kaiyaok2/PythonProjects/falcon/tests/test_headers.py: 138.19650959968567
test_unicode_headers_contain_non_ascii in /home/kaiyaok2/PythonProjects/falcon/tests/test_headers.py: 138.29932832717896
test_append_link_with_title_star in /home/kaiyaok2/PythonProjects/falcon/tests/test_headers.py: 138.42996263504028
test_request_multiple_header in /home/kaiyaok2/PythonProjects/falcon/tests/test_headers.py: 138.52163863182068
test_append_link_crossorigin in /home/kaiyaok2/PythonProjects/falcon/tests/test_headers.py: 138.64370942115784
test_no_content_length in /home/kaiyaok2/PythonProjects/falcon/tests/test_headers.py: 138.73553562164307
test_override_default_media_type in /home/kaiyaok2/PythonProjects/falcon/tests/test_headers.py: 138.83967471122742
test_passthrough_request_headers in /home/kaiyaok2/PythonProjects/falcon/tests/test_headers.py: 138.93772411346436
test_override_default_media_type_missing_encoding in /home/kaiyaok2/PythonProjects/falcon/tests/test_headers.py: 140.61073470115662
test_append_link_single in /home/kaiyaok2/PythonProjects/falcon/tests/test_headers.py: 140.75417828559875
test_content_disposition_attachment_header in /home/kaiyaok2/PythonProjects/falcon/tests/test_headers.py: 140.85391640663147
test_request_latin1_headers in /home/kaiyaok2/PythonProjects/falcon/tests/test_headers.py: 140.9512276649475
test_append_link_with_title in /home/kaiyaok2/PythonProjects/falcon/tests/test_headers.py: 141.08012461662292
test_content_disposition_inline_header in /home/kaiyaok2/PythonProjects/falcon/tests/test_headers.py: 141.18971395492554
test_vary_header in /home/kaiyaok2/PythonProjects/falcon/tests/test_headers.py: 141.30628561973572
test_default_value in /home/kaiyaok2/PythonProjects/falcon/tests/test_headers.py: 142.99615669250488
test_response_append_header in /home/kaiyaok2/PythonProjects/falcon/tests/test_headers.py: 143.10923957824707
test_append_link_with_anchor in /home/kaiyaok2/PythonProjects/falcon/tests/test_headers.py: 143.23299169540405
test_get_header_as_int in /home/kaiyaok2/PythonProjects/falcon/tests/test_headers.py: 143.32681274414062
test_append_link_crossorigin in /home/kaiyaok2/PythonProjects/falcon/tests/test_headers.py: 143.44370913505554
test_vary_header in /home/kaiyaok2/PythonProjects/falcon/tests/test_headers.py: 143.5466649532318
test_content_disposition_attachment_header in /home/kaiyaok2/PythonProjects/falcon/tests/test_headers.py: 143.64340662956238
test_response_header_helpers_on_get in /home/kaiyaok2/PythonProjects/falcon/tests/test_headers.py: 143.73353695869446
test_declared_content_length_on_head in /home/kaiyaok2/PythonProjects/falcon/tests/test_headers.py: 145.3749599456787
test_vary_star in /home/kaiyaok2/PythonProjects/falcon/tests/test_headers.py: 145.47094535827637
test_content_disposition_attachment_header in /home/kaiyaok2/PythonProjects/falcon/tests/test_headers.py: 145.56444096565247
test_append_link_crossorigin in /home/kaiyaok2/PythonProjects/falcon/tests/test_headers.py: 145.72348618507385
test_append_link_with_hreflang in /home/kaiyaok2/PythonProjects/falcon/tests/test_headers.py: 145.90150713920593
test_append_link_with_link_extension in /home/kaiyaok2/PythonProjects/falcon/tests/test_headers.py: 146.07717180252075
test_headers_with_custom_class_not_callable in /home/kaiyaok2/PythonProjects/falcon/tests/test_headers.py: 146.21975135803223
test_response_set_and_get_header in /home/kaiyaok2/PythonProjects/falcon/tests/test_headers.py: 146.33601641654968
test_append_link_complex in /home/kaiyaok2/PythonProjects/falcon/tests/test_headers.py: 148.12195539474487
test_declared_content_length_overridden_by_no_body in /home/kaiyaok2/PythonProjects/falcon/tests/test_headers.py: 148.2365849018097
test_override_default_media_type in /home/kaiyaok2/PythonProjects/falcon/tests/test_headers.py: 148.36287903785706
test_declared_content_length_overriden_by_data_length in /home/kaiyaok2/PythonProjects/falcon/tests/test_headers.py: 148.46973037719727
test_no_content_type in /home/kaiyaok2/PythonProjects/falcon/tests/test_headers.py: 148.58509707450867
test_headers_as_list in /home/kaiyaok2/PythonProjects/falcon/tests/test_headers.py: 148.67855548858643
test_unicode_headers_contain_non_ascii in /home/kaiyaok2/PythonProjects/falcon/tests/test_headers.py: 148.7815499305725
test_content_disposition_attachment_header in /home/kaiyaok2/PythonProjects/falcon/tests/test_headers.py: 148.8829460144043
test_append_link_crossorigin in /home/kaiyaok2/PythonProjects/falcon/tests/test_headers.py: 150.6118392944336
test_content_disposition_inline_header in /home/kaiyaok2/PythonProjects/falcon/tests/test_headers.py: 150.7167191505432
test_custom_content_type in /home/kaiyaok2/PythonProjects/falcon/tests/test_headers.py: 150.83157968521118
test_expires_header in /home/kaiyaok2/PythonProjects/falcon/tests/test_headers.py: 150.9324369430542
test_set_headers_with_custom_class in /home/kaiyaok2/PythonProjects/falcon/tests/test_headers.py: 151.0376751422882
test_unicode_location_headers in /home/kaiyaok2/PythonProjects/falcon/tests/test_headers.py: 151.14131331443787
test_append_link_with_type_hint in /home/kaiyaok2/PythonProjects/falcon/tests/test_headers.py: 151.2661693096161
test_unset_header in /home/kaiyaok2/PythonProjects/falcon/tests/test_headers.py: 152.9860851764679
test_append_link_with_hreflang_multi in /home/kaiyaok2/PythonProjects/falcon/tests/test_headers.py: 153.10717940330505
test_append_link_multiple in /home/kaiyaok2/PythonProjects/falcon/tests/test_headers.py: 153.26318621635437
test_content_type_no_body in /home/kaiyaok2/PythonProjects/falcon/tests/test_headers.py: 153.36568689346313
test_unicode_headers_contain_only_ascii in /home/kaiyaok2/PythonProjects/falcon/tests/test_headers.py: 153.45842695236206
test_content_disposition_attachment_header in /home/kaiyaok2/PythonProjects/falcon/tests/test_headers.py: 153.5558717250824
test_append_link_crossorigin in /home/kaiyaok2/PythonProjects/falcon/tests/test_headers.py: 153.67789387702942
test_media_is_set in /home/kaiyaok2/PythonProjects/falcon/tests/test_httpstatus.py: 153.94600868225098
test_body_is_set in /home/kaiyaok2/PythonProjects/falcon/tests/test_httpstatus.py: 155.6629285812378
test_data_is_set in /home/kaiyaok2/PythonProjects/falcon/tests/test_httpstatus.py: 155.8404929637909
test_raise_status_runs_after_hooks in /home/kaiyaok2/PythonProjects/falcon/tests/test_httpstatus.py: 155.9447877407074
test_raise_status_in_before_hook in /home/kaiyaok2/PythonProjects/falcon/tests/test_httpstatus.py: 156.0855007171631
test_raise_status_survives_after_hooks in /home/kaiyaok2/PythonProjects/falcon/tests/test_httpstatus.py: 156.17308831214905
test_raise_status_in_responder in /home/kaiyaok2/PythonProjects/falcon/tests/test_httpstatus.py: 156.25935816764832
test_raise_status_empty_body in /home/kaiyaok2/PythonProjects/falcon/tests/test_httpstatus.py: 156.33280062675476
test_raise_status_in_process_request in /home/kaiyaok2/PythonProjects/falcon/tests/test_httpstatus.py: 156.41602182388306
test_raise_status_in_process_resource in /home/kaiyaok2/PythonProjects/falcon/tests/test_httpstatus.py: 156.51264905929565
test_raise_status_runs_process_response in /home/kaiyaok2/PythonProjects/falcon/tests/test_httpstatus.py: 158.29918813705444
test_resource_with_uri_fields in /home/kaiyaok2/PythonProjects/falcon/tests/test_after_hooks.py: 177.69789099693298
test_wrapped_resource in /home/kaiyaok2/PythonProjects/falcon/tests/test_after_hooks.py: 177.7748577594757
test_wrapped_resource_with_hooks_aware_of_resource in /home/kaiyaok2/PythonProjects/falcon/tests/test_after_hooks.py: 177.85766196250916
test_resource_with_uri_fields in /home/kaiyaok2/PythonProjects/falcon/tests/test_after_hooks.py: 177.93106055259705
test_wrapped_resource in /home/kaiyaok2/PythonProjects/falcon/tests/test_after_hooks.py: 178.01012015342712
test_non_string_status in /home/kaiyaok2/PythonProjects/falcon/tests/test_httpstatus.py: 179.68753504753113
test_non_string_status in /home/kaiyaok2/PythonProjects/falcon/tests/test_httpstatus.py: 179.77074146270752
test_non_string_status in /home/kaiyaok2/PythonProjects/falcon/tests/test_httpstatus.py: 179.8453962802887
test_non_string_status in /home/kaiyaok2/PythonProjects/falcon/tests/test_httpstatus.py: 179.91784071922302
test_non_string_status in /home/kaiyaok2/PythonProjects/falcon/tests/test_httpstatus.py: 179.9992790222168
test_non_string_status in /home/kaiyaok2/PythonProjects/falcon/tests/test_httpstatus.py: 180.0929491519928
test_non_string_status in /home/kaiyaok2/PythonProjects/falcon/tests/test_httpstatus.py: 181.79980206489563
test_non_string_status in /home/kaiyaok2/PythonProjects/falcon/tests/test_httpstatus.py: 181.87875175476074
test_non_string_status in /home/kaiyaok2/PythonProjects/falcon/tests/test_httpstatus.py: 181.96164917945862
test_non_string_status in /home/kaiyaok2/PythonProjects/falcon/tests/test_httpstatus.py: 182.03676748275757
test_non_string_status in /home/kaiyaok2/PythonProjects/falcon/tests/test_httpstatus.py: 182.12169408798218
test_non_string_status in /home/kaiyaok2/PythonProjects/falcon/tests/test_httpstatus.py: 182.20399570465088
test_non_string_status in /home/kaiyaok2/PythonProjects/falcon/tests/test_httpstatus.py: 182.28144550323486
test_non_string_status in /home/kaiyaok2/PythonProjects/falcon/tests/test_httpstatus.py: 182.35721278190613
test_on_options in /home/kaiyaok2/PythonProjects/falcon/tests/test_http_method_routing.py: 209.4853811264038
test_get in /home/kaiyaok2/PythonProjects/falcon/tests/test_http_method_routing.py: 209.56370449066162
test_post_not_allowed in /home/kaiyaok2/PythonProjects/falcon/tests/test_http_method_routing.py: 209.63455724716187
test_methods_not_allowed_simple in /home/kaiyaok2/PythonProjects/falcon/tests/test_http_method_routing.py: 211.3941490650177
test_report in /home/kaiyaok2/PythonProjects/falcon/tests/test_http_method_routing.py: 211.5604486465454
test_method_not_allowed_with_param in /home/kaiyaok2/PythonProjects/falcon/tests/test_http_method_routing.py: 211.66012477874756
test_meta_and_others_disallowed in /home/kaiyaok2/PythonProjects/falcon/tests/test_http_method_routing.py: 211.77529740333557
test_meta_and_others_disallowed in /home/kaiyaok2/PythonProjects/falcon/tests/test_http_method_routing.py: 211.85979437828064
test_put in /home/kaiyaok2/PythonProjects/falcon/tests/test_http_method_routing.py: 211.9300673007965
test_methods_not_allowed_complex in /home/kaiyaok2/PythonProjects/falcon/tests/test_http_method_routing.py: 212.03590655326843
test_default_on_options in /home/kaiyaok2/PythonProjects/falcon/tests/test_http_method_routing.py: 212.10628008842468
test_misc in /home/kaiyaok2/PythonProjects/falcon/tests/test_http_method_routing.py: 212.20114731788635
test_client_simulate_aliases in /home/kaiyaok2/PythonProjects/falcon/tests/test_testing.py: 233.80660128593445
test_client_simulate_aliases in /home/kaiyaok2/PythonProjects/falcon/tests/test_testing.py: 233.84151077270508
test_client_simulate_aliases in /home/kaiyaok2/PythonProjects/falcon/tests/test_testing.py: 233.8691487312317
test_client_simulate_aliases in /home/kaiyaok2/PythonProjects/falcon/tests/test_testing.py: 233.9030876159668
test_client_simulate_aliases in /home/kaiyaok2/PythonProjects/falcon/tests/test_testing.py: 233.93184208869934
test_client_simulate_aliases in /home/kaiyaok2/PythonProjects/falcon/tests/test_testing.py: 233.95592284202576
test_client_simulate_aliases in /home/kaiyaok2/PythonProjects/falcon/tests/test_testing.py: 233.9802439212799
test_client_simulate_aliases in /home/kaiyaok2/PythonProjects/falcon/tests/test_testing.py: 235.5900948047638
test_wrapped_resource_with_hooks_aware_of_resource in /home/kaiyaok2/PythonProjects/falcon/tests/test_before_hooks.py: 236.19351744651794
test_input_validator in /home/kaiyaok2/PythonProjects/falcon/tests/test_before_hooks.py: 236.31135320663452
test_piggybacking_resource_post_item in /home/kaiyaok2/PythonProjects/falcon/tests/test_before_hooks.py: 236.40244030952454
test_input_validator_inherited in /home/kaiyaok2/PythonProjects/falcon/tests/test_before_hooks.py: 236.4879310131073
test_field_validator in /home/kaiyaok2/PythonProjects/falcon/tests/test_before_hooks.py: 236.59472036361694
test_param_validator in /home/kaiyaok2/PythonProjects/falcon/tests/test_before_hooks.py: 236.68568205833435
test_wrapped_resource in /home/kaiyaok2/PythonProjects/falcon/tests/test_before_hooks.py: 236.76998591423035
test_multiple_resource_hooks in /home/kaiyaok2/PythonProjects/falcon/tests/test_before_hooks.py: 236.8493196964264
test_field_validator in /home/kaiyaok2/PythonProjects/falcon/tests/test_before_hooks.py: 238.49305176734924
test_multiple_resource_hooks in /home/kaiyaok2/PythonProjects/falcon/tests/test_before_hooks.py: 238.62904930114746
test_piggybacking_resource_post_and_delete in /home/kaiyaok2/PythonProjects/falcon/tests/test_before_hooks.py: 238.71789622306824
test_field_validator in /home/kaiyaok2/PythonProjects/falcon/tests/test_before_hooks.py: 238.8044183254242
test_int_converter in /home/kaiyaok2/PythonProjects/falcon/tests/test_uri_templates.py: 238.90062856674194
test_converter_custom in /home/kaiyaok2/PythonProjects/falcon/tests/test_uri_templates.py: 238.98320198059082
test_single_trailing_slash in /home/kaiyaok2/PythonProjects/falcon/tests/test_uri_templates.py: 239.05954790115356
test_float_converter_non_finite_allowed in /home/kaiyaok2/PythonProjects/falcon/tests/test_uri_templates.py: 239.14705181121826
test_converter_custom in /home/kaiyaok2/PythonProjects/falcon/tests/test_uri_templates.py: 239.26810598373413
test_float_converter in /home/kaiyaok2/PythonProjects/falcon/tests/test_uri_templates.py: 239.3790352344513
test_float_converter in /home/kaiyaok2/PythonProjects/falcon/tests/test_uri_templates.py: 239.48258066177368
test_uuid_converter in /home/kaiyaok2/PythonProjects/falcon/tests/test_uri_templates.py: 241.30164575576782
test_float_converter in /home/kaiyaok2/PythonProjects/falcon/tests/test_uri_templates.py: 241.39276504516602
test_single_path_segment in /home/kaiyaok2/PythonProjects/falcon/tests/test_uri_templates.py: 241.47907733917236
test_float_converter_non_finite_allowed in /home/kaiyaok2/PythonProjects/falcon/tests/test_uri_templates.py: 241.57174801826477
test_datetime_converter in /home/kaiyaok2/PythonProjects/falcon/tests/test_uri_templates.py: 241.6693823337555
test_float_converter in /home/kaiyaok2/PythonProjects/falcon/tests/test_uri_templates.py: 241.74923253059387
test_float_converter in /home/kaiyaok2/PythonProjects/falcon/tests/test_uri_templates.py: 241.85336351394653
test_multiple in /home/kaiyaok2/PythonProjects/falcon/tests/test_uri_templates.py: 241.95130252838135
test_datetime_converter in /home/kaiyaok2/PythonProjects/falcon/tests/test_uri_templates.py: 242.0526888370514
test_uuid_converter_complex_segment in /home/kaiyaok2/PythonProjects/falcon/tests/test_uri_templates.py: 243.80096864700317
test_no_vars in /home/kaiyaok2/PythonProjects/falcon/tests/test_uri_templates.py: 243.88294196128845
test_root_path in /home/kaiyaok2/PythonProjects/falcon/tests/test_uri_templates.py: 243.95825266838074
test_float_converter in /home/kaiyaok2/PythonProjects/falcon/tests/test_uri_templates.py: 244.05185842514038
test_single in /home/kaiyaok2/PythonProjects/falcon/tests/test_uri_templates.py: 244.13347816467285
test_float_converter in /home/kaiyaok2/PythonProjects/falcon/tests/test_uri_templates.py: 244.21718859672546
test_uuid_converter in /home/kaiyaok2/PythonProjects/falcon/tests/test_uri_templates.py: 244.30265021324158
test_converter_custom in /home/kaiyaok2/PythonProjects/falcon/tests/test_uri_templates.py: 244.38995742797852
test_int_converter_rejections in /home/kaiyaok2/PythonProjects/falcon/tests/test_uri_templates.py: 244.46355962753296
test_float_converter in /home/kaiyaok2/PythonProjects/falcon/tests/test_uri_templates.py: 244.54048013687134
test_uuid_converter in /home/kaiyaok2/PythonProjects/falcon/tests/test_uri_templates.py: 246.2896866798401
test_single in /home/kaiyaok2/PythonProjects/falcon/tests/test_uri_templates.py: 246.3683307170868
test_single in /home/kaiyaok2/PythonProjects/falcon/tests/test_uri_templates.py: 246.4425754547119
test_same_level_complex_var in /home/kaiyaok2/PythonProjects/falcon/tests/test_uri_templates.py: 246.5249879360199
test_int_converter_rejections in /home/kaiyaok2/PythonProjects/falcon/tests/test_uri_templates.py: 246.6006956100464
test_uuid_converter in /home/kaiyaok2/PythonProjects/falcon/tests/test_uri_templates.py: 246.6793429851532
test_int_converter in /home/kaiyaok2/PythonProjects/falcon/tests/test_uri_templates.py: 246.75420498847961
test_adding_suffix_routes in /home/kaiyaok2/PythonProjects/falcon/tests/test_uri_templates.py: 246.8295247554779
test_uuid_converter in /home/kaiyaok2/PythonProjects/falcon/tests/test_uri_templates.py: 246.91465163230896
test_uuid_converter in /home/kaiyaok2/PythonProjects/falcon/tests/test_uri_templates.py: 246.99818778038025
test_datetime_converter in /home/kaiyaok2/PythonProjects/falcon/tests/test_uri_templates.py: 247.08190035820007
test_with_and_without_trailing_slash in /home/kaiyaok2/PythonProjects/falcon/tests/test_uri_templates.py: 248.81972408294678
test_float_converter in /home/kaiyaok2/PythonProjects/falcon/tests/test_uri_templates.py: 248.94784998893738
test_int_converter_rejections in /home/kaiyaok2/PythonProjects/falcon/tests/test_uri_templates.py: 249.06693124771118
test_int_converter in /home/kaiyaok2/PythonProjects/falcon/tests/test_uri_templates.py: 249.1803436279297
test_int_converter in /home/kaiyaok2/PythonProjects/falcon/tests/test_uri_templates.py: 249.28158617019653
test_float_converter in /home/kaiyaok2/PythonProjects/falcon/tests/test_uri_templates.py: 249.36385917663574
test_float_converter_non_finite_disallowed in /home/kaiyaok2/PythonProjects/falcon/tests/test_uri_templates.py: 249.4449017047882
test_datetime_converter in /home/kaiyaok2/PythonProjects/falcon/tests/test_uri_templates.py: 249.52304887771606
test_float_converter in /home/kaiyaok2/PythonProjects/falcon/tests/test_uri_templates.py: 249.60816025733948
test_with_and_without_trailing_slash in /home/kaiyaok2/PythonProjects/falcon/tests/test_uri_templates.py: 249.68793630599976
test_float_converter_non_finite_allowed in /home/kaiyaok2/PythonProjects/falcon/tests/test_uri_templates.py: 251.53016304969788
test_special_chars in /home/kaiyaok2/PythonProjects/falcon/tests/test_uri_templates.py: 251.6104278564453
test_float_converter in /home/kaiyaok2/PythonProjects/falcon/tests/test_uri_templates.py: 251.68390345573425
test_same_level_complex_var in /home/kaiyaok2/PythonProjects/falcon/tests/test_uri_templates.py: 251.76883721351624
