test_hooks in /home/kaiyaok2/PythonProjects/falcon/tests/asgi/test_cythonized_asgi.py: 90.91153526306152
test_jsonchema_validator in /home/kaiyaok2/PythonProjects/falcon/tests/asgi/test_cythonized_asgi.py: 90.98008751869202
test_catch_http_no_route_error in /home/kaiyaok2/PythonProjects/falcon/tests/test_error_handlers.py: 111.46631932258606
test_caught_error_async in /home/kaiyaok2/PythonProjects/falcon/tests/test_error_handlers.py: 111.55848550796509
test_route_precedence_with_id in /home/kaiyaok2/PythonProjects/falcon/tests/test_sinks.py: 122.1429226398468
test_route_precedence_with_both_id in /home/kaiyaok2/PythonProjects/falcon/tests/test_sinks.py: 122.22303223609924
test_with_route in /home/kaiyaok2/PythonProjects/falcon/tests/test_sinks.py: 122.29627823829651
test_route_precedence in /home/kaiyaok2/PythonProjects/falcon/tests/test_sinks.py: 122.37699627876282
test_add_sync_sink_with_wrapping in /home/kaiyaok2/PythonProjects/falcon/tests/test_sinks.py: 122.40610527992249
test_enabled_cors_no_origin in /home/kaiyaok2/PythonProjects/falcon/tests/test_cors_middleware.py: 122.48108720779419
test_enabled_cors_should_add_extra_headers_on_response in /home/kaiyaok2/PythonProjects/falcon/tests/test_cors_middleware.py: 122.5613214969635
test_enabled_cors_handles_preflighting in /home/kaiyaok2/PythonProjects/falcon/tests/test_cors_middleware.py: 124.29764890670776
test_enabled_cors_handles_preflighting_no_headers_in_req in /home/kaiyaok2/PythonProjects/falcon/tests/test_cors_middleware.py: 124.37861013412476
test_enabled_cors_should_accept_all_origins_requests in /home/kaiyaok2/PythonProjects/falcon/tests/test_cors_middleware.py: 124.46724200248718
test_disabled_cors_should_not_add_any_extra_headers in /home/kaiyaok2/PythonProjects/falcon/tests/test_cors_middleware.py: 124.56107425689697
test_expose_headers in /home/kaiyaok2/PythonProjects/falcon/tests/test_cors_middleware.py: 124.64068818092346
test_allow_origin in /home/kaiyaok2/PythonProjects/falcon/tests/test_cors_middleware.py: 124.72104740142822
test_allow_origin in /home/kaiyaok2/PythonProjects/falcon/tests/test_cors_middleware.py: 124.79922914505005
test_allow_origin_allow_credential in /home/kaiyaok2/PythonProjects/falcon/tests/test_cors_middleware.py: 124.88667345046997
test_allow_credential_wildcard in /home/kaiyaok2/PythonProjects/falcon/tests/test_cors_middleware.py: 124.95886826515198
test_expose_headers in /home/kaiyaok2/PythonProjects/falcon/tests/test_cors_middleware.py: 125.02959680557251
test_allow_origin in /home/kaiyaok2/PythonProjects/falcon/tests/test_cors_middleware.py: 125.10673213005066
test_expose_headers in /home/kaiyaok2/PythonProjects/falcon/tests/test_cors_middleware.py: 126.74059391021729
test_allow_credential_existing_origin in /home/kaiyaok2/PythonProjects/falcon/tests/test_cors_middleware.py: 126.82708644866943
test_allow_credential_list_or_str in /home/kaiyaok2/PythonProjects/falcon/tests/test_cors_middleware.py: 126.92789459228516
test_allow_credential_list_or_str in /home/kaiyaok2/PythonProjects/falcon/tests/test_cors_middleware.py: 127.00388884544373
test_routes_only in /home/kaiyaok2/PythonProjects/falcon/tests/test_cmd_inspect_app.py: 127.10344934463501
test_routes_only in /home/kaiyaok2/PythonProjects/falcon/tests/test_cmd_inspect_app.py: 127.1634476184845
test_inspect in /home/kaiyaok2/PythonProjects/falcon/tests/test_cmd_inspect_app.py: 127.22276663780212
test_routes_only in /home/kaiyaok2/PythonProjects/falcon/tests/test_cmd_inspect_app.py: 127.29174208641052
test_inspect in /home/kaiyaok2/PythonProjects/falcon/tests/test_cmd_inspect_app.py: 127.35030436515808
test_inspect in /home/kaiyaok2/PythonProjects/falcon/tests/test_cmd_inspect_app.py: 127.43940687179565
test_inspect in /home/kaiyaok2/PythonProjects/falcon/tests/test_cmd_inspect_app.py: 127.56695461273193
test_routes_only in /home/kaiyaok2/PythonProjects/falcon/tests/test_cmd_inspect_app.py: 127.70300221443176
test_load_app in /home/kaiyaok2/PythonProjects/falcon/tests/test_cmd_inspect_app.py: 127.81644177436829
test_load_app in /home/kaiyaok2/PythonProjects/falcon/tests/test_cmd_inspect_app.py: 127.92230582237244
test_load_app_error in /home/kaiyaok2/PythonProjects/falcon/tests/test_cmd_inspect_app.py: 128.01574444770813
test_load_app_error in /home/kaiyaok2/PythonProjects/falcon/tests/test_cmd_inspect_app.py: 128.0811002254486
test_load_app_error in /home/kaiyaok2/PythonProjects/falcon/tests/test_cmd_inspect_app.py: 128.15237951278687
test_stream_has_private_read in /home/kaiyaok2/PythonProjects/falcon/tests/test_cython.py: 157.6324372291565
test_imported_from_c_modules in /home/kaiyaok2/PythonProjects/falcon/tests/test_cython.py: 157.63923239707947
test_json_err_no_handler in /home/kaiyaok2/PythonProjects/falcon/tests/test_media_handlers.py: 159.72856664657593
test_json_err_no_handler in /home/kaiyaok2/PythonProjects/falcon/tests/test_media_handlers.py: 159.80865716934204
test_unsupported_response_content_type in /home/kaiyaok2/PythonProjects/falcon/tests/test_response_body.py: 160.03539443016052
test_response_body_rendition_error in /home/kaiyaok2/PythonProjects/falcon/tests/test_response_body.py: 160.1014003753662
test_content_length_set_on_head_with_no_body in /home/kaiyaok2/PythonProjects/falcon/tests/test_response_body.py: 160.16597938537598
test_map_http_methods in /home/kaiyaok2/PythonProjects/falcon/tests/test_http_custom_method_routing.py: 162.19757342338562
test_foo in /home/kaiyaok2/PythonProjects/falcon/tests/test_http_custom_method_routing.py: 162.2828209400177
test_bar in /home/kaiyaok2/PythonProjects/falcon/tests/test_http_custom_method_routing.py: 162.37228631973267
test_405_without_body_with_extra_headers in /home/kaiyaok2/PythonProjects/falcon/tests/test_httperror.py: 163.1441056728363
test_serialize_no_json_media_handler in /home/kaiyaok2/PythonProjects/falcon/tests/test_httperror.py: 163.25564908981323
test_custom_serializer_no_representation in /home/kaiyaok2/PythonProjects/falcon/tests/test_httperror.py: 163.36770749092102
test_414_with_description in /home/kaiyaok2/PythonProjects/falcon/tests/test_httperror.py: 163.4667067527771
test_title_default_message_if_none in /home/kaiyaok2/PythonProjects/falcon/tests/test_httperror.py: 163.59409618377686
test_epic_fail_json in /home/kaiyaok2/PythonProjects/falcon/tests/test_httperror.py: 163.7540202140808
test_invalid_param in /home/kaiyaok2/PythonProjects/falcon/tests/test_httperror.py: 165.6190423965454
test_epic_fail_xml in /home/kaiyaok2/PythonProjects/falcon/tests/test_httperror.py: 165.74057459831238
test_temporary_413_integer_retry_after in /home/kaiyaok2/PythonProjects/falcon/tests/test_httperror.py: 165.8584840297699
test_title_default_message_if_none in /home/kaiyaok2/PythonProjects/falcon/tests/test_httperror.py: 165.97607254981995
test_401 in /home/kaiyaok2/PythonProjects/falcon/tests/test_httperror.py: 166.08421635627747
test_missing_header in /home/kaiyaok2/PythonProjects/falcon/tests/test_httperror.py: 166.17562580108643
test_temporary_413_datetime_retry_after in /home/kaiyaok2/PythonProjects/falcon/tests/test_httperror.py: 166.2713212966919
test_custom_error_serializer_optional_representation in /home/kaiyaok2/PythonProjects/falcon/tests/test_httperror.py: 166.3764271736145
test_custom_error_serializer_optional_representation in /home/kaiyaok2/PythonProjects/falcon/tests/test_httperror.py: 168.13262844085693
test_unicode_json in /home/kaiyaok2/PythonProjects/falcon/tests/test_httperror.py: 168.24723482131958
test_410_with_body in /home/kaiyaok2/PythonProjects/falcon/tests/test_httperror.py: 168.3631227016449
test_405_without_body in /home/kaiyaok2/PythonProjects/falcon/tests/test_httperror.py: 168.4580798149109
test_404_with_body in /home/kaiyaok2/PythonProjects/falcon/tests/test_httperror.py: 168.58348488807678
test_invalid_header in /home/kaiyaok2/PythonProjects/falcon/tests/test_httperror.py: 168.69713926315308
test_epic_fail_xml in /home/kaiyaok2/PythonProjects/falcon/tests/test_httperror.py: 168.81489300727844
test_414 in /home/kaiyaok2/PythonProjects/falcon/tests/test_httperror.py: 168.907235622406
test_429 in /home/kaiyaok2/PythonProjects/falcon/tests/test_httperror.py: 170.73231506347656
test_413 in /home/kaiyaok2/PythonProjects/falcon/tests/test_httperror.py: 170.8280177116394
test_414_with_title in /home/kaiyaok2/PythonProjects/falcon/tests/test_httperror.py: 170.94090294837952
test_misc in /home/kaiyaok2/PythonProjects/falcon/tests/test_httperror.py: 171.05646395683289
test_411 in /home/kaiyaok2/PythonProjects/falcon/tests/test_httperror.py: 171.15853714942932
test_forbidden in /home/kaiyaok2/PythonProjects/falcon/tests/test_httperror.py: 171.25822591781616
test_503_datetime_retry_after in /home/kaiyaok2/PythonProjects/falcon/tests/test_httperror.py: 171.35143518447876
test_no_description_json in /home/kaiyaok2/PythonProjects/falcon/tests/test_httperror.py: 171.4510817527771
test_405_without_body_with_extra_headers_double_check in /home/kaiyaok2/PythonProjects/falcon/tests/test_httperror.py: 173.21889066696167
test_forbidden in /home/kaiyaok2/PythonProjects/falcon/tests/test_httperror.py: 173.33494448661804
test_title_default_message_if_none in /home/kaiyaok2/PythonProjects/falcon/tests/test_httperror.py: 173.45427083969116
test_forbidden in /home/kaiyaok2/PythonProjects/falcon/tests/test_httperror.py: 173.59827780723572
test_custom_error_serializer_optional_representation in /home/kaiyaok2/PythonProjects/falcon/tests/test_httperror.py: 173.73630833625793
test_unicode_xml in /home/kaiyaok2/PythonProjects/falcon/tests/test_httperror.py: 173.92955589294434
test_404_without_body in /home/kaiyaok2/PythonProjects/falcon/tests/test_httperror.py: 174.10766077041626
test_custom_error_serializer in /home/kaiyaok2/PythonProjects/falcon/tests/test_httperror.py: 174.22241973876953
test_base_class in /home/kaiyaok2/PythonProjects/falcon/tests/test_httperror.py: 176.1769139766693
test_title_default_message_if_none in /home/kaiyaok2/PythonProjects/falcon/tests/test_httperror.py: 176.33509302139282
test_epic_fail_xml in /home/kaiyaok2/PythonProjects/falcon/tests/test_httperror.py: 176.4537386894226
test_410_without_body in /home/kaiyaok2/PythonProjects/falcon/tests/test_httperror.py: 176.57097125053406
test_missing_param in /home/kaiyaok2/PythonProjects/falcon/tests/test_httperror.py: 176.68089723587036
test_429_no_retry_after in /home/kaiyaok2/PythonProjects/falcon/tests/test_httperror.py: 176.8308629989624
test_414_with_custom_kwargs in /home/kaiyaok2/PythonProjects/falcon/tests/test_httperror.py: 176.95709466934204
test_epic_fail_xml in /home/kaiyaok2/PythonProjects/falcon/tests/test_httperror.py: 177.06966876983643
test_custom_error_serializer_optional_representation in /home/kaiyaok2/PythonProjects/falcon/tests/test_httperror.py: 178.89653873443604
test_405_with_body in /home/kaiyaok2/PythonProjects/falcon/tests/test_httperror.py: 179.01048612594604
test_no_description_xml in /home/kaiyaok2/PythonProjects/falcon/tests/test_httperror.py: 179.10991406440735
test_client_does_not_accept_anything in /home/kaiyaok2/PythonProjects/falcon/tests/test_httperror.py: 179.23670411109924
test_serialize_error_uses_media_handler in /home/kaiyaok2/PythonProjects/falcon/tests/test_httperror.py: 179.33680415153503
test_429_datetime in /home/kaiyaok2/PythonProjects/falcon/tests/test_httperror.py: 179.44536566734314
test_client_does_not_accept_json_or_xml in /home/kaiyaok2/PythonProjects/falcon/tests/test_httperror.py: 179.5751669406891
test_416 in /home/kaiyaok2/PythonProjects/falcon/tests/test_httperror.py: 179.67730164527893
test_title_default_message_if_none in /home/kaiyaok2/PythonProjects/falcon/tests/test_httperror.py: 181.3972725868225
test_title_default_message_if_none in /home/kaiyaok2/PythonProjects/falcon/tests/test_httperror.py: 181.49608397483826
test_503_integer_retry_after in /home/kaiyaok2/PythonProjects/falcon/tests/test_httperror.py: 181.59832310676575
test_generate_trans_id_with_request in /home/kaiyaok2/PythonProjects/falcon/tests/test_middleware.py: 185.39512491226196
test_dont_need_params_in_signature in /home/kaiyaok2/PythonProjects/falcon/tests/test_middleware.py: 185.48785495758057
test_api_initialization_with_cors_enabled_and_middleware_param in /home/kaiyaok2/PythonProjects/falcon/tests/test_middleware.py: 185.6017758846283
test_api_initialization_with_cors_enabled_and_middleware_param in /home/kaiyaok2/PythonProjects/falcon/tests/test_middleware.py: 185.69284653663635
test_api_initialization_with_cors_enabled_and_middleware_param in /home/kaiyaok2/PythonProjects/falcon/tests/test_middleware.py: 185.76550316810608
test_api_initialization_with_cors_enabled_and_middleware_param in /home/kaiyaok2/PythonProjects/falcon/tests/test_middleware.py: 187.7111177444458
test_can_access_resource_params in /home/kaiyaok2/PythonProjects/falcon/tests/test_middleware.py: 187.81243658065796
test_can_access_resource_params in /home/kaiyaok2/PythonProjects/falcon/tests/test_middleware.py: 187.90963339805603
test_error_composed_before_resp_middleware_called in /home/kaiyaok2/PythonProjects/falcon/tests/test_middleware.py: 187.9925537109375
test_http_status_raised_from_error_handler in /home/kaiyaok2/PythonProjects/falcon/tests/test_middleware.py: 188.07107162475586
test_outer_mw_with_ex_handler_throw_exception in /home/kaiyaok2/PythonProjects/falcon/tests/test_middleware.py: 188.15249156951904
test_generate_trans_id_and_time_with_request in /home/kaiyaok2/PythonProjects/falcon/tests/test_middleware.py: 188.23934268951416
test_multiple_response_mw_throw_exception in /home/kaiyaok2/PythonProjects/falcon/tests/test_middleware.py: 188.31962990760803
test_order_mw_executed_when_exception_in_resp in /home/kaiyaok2/PythonProjects/falcon/tests/test_middleware.py: 188.40603613853455
test_order_mw_executed_when_exception_in_req in /home/kaiyaok2/PythonProjects/falcon/tests/test_middleware.py: 188.48499083518982
test_generate_trans_id_and_time_with_request in /home/kaiyaok2/PythonProjects/falcon/tests/test_middleware.py: 188.56679582595825
test_legacy_middleware_called_with_correct_args in /home/kaiyaok2/PythonProjects/falcon/tests/test_middleware.py: 190.39024186134338
test_independent_middleware_execution_order in /home/kaiyaok2/PythonProjects/falcon/tests/test_middleware.py: 190.47237944602966
test_order_independent_mw_executed_when_exception_in_req in /home/kaiyaok2/PythonProjects/falcon/tests/test_middleware.py: 190.55111694335938
test_inner_mw_with_ex_handler_throw_exception in /home/kaiyaok2/PythonProjects/falcon/tests/test_middleware.py: 190.62906885147095
test_middleware_execution_order in /home/kaiyaok2/PythonProjects/falcon/tests/test_middleware.py: 190.7073256969452
test_inner_mw_throw_exception_while_processing_resp in /home/kaiyaok2/PythonProjects/falcon/tests/test_middleware.py: 190.79191064834595
test_order_independent_mw_executed_when_exception_in_resp in /home/kaiyaok2/PythonProjects/falcon/tests/test_middleware.py: 190.86895942687988
test_inner_mw_throw_exception in /home/kaiyaok2/PythonProjects/falcon/tests/test_middleware.py: 190.95150542259216
test_order_independent_mw_executed_when_exception_in_rsrc in /home/kaiyaok2/PythonProjects/falcon/tests/test_middleware.py: 191.029150724411
test_order_mw_executed_when_exception_in_rsrc in /home/kaiyaok2/PythonProjects/falcon/tests/test_middleware.py: 191.1088809967041
test_log_get_request in /home/kaiyaok2/PythonProjects/falcon/tests/test_middleware.py: 191.21156525611877
test_response_middleware_raises_exception in /home/kaiyaok2/PythonProjects/falcon/tests/test_middleware.py: 193.0084638595581
test_log_get_request in /home/kaiyaok2/PythonProjects/falcon/tests/test_middleware.py: 193.10397720336914
test_skip_process_resource in /home/kaiyaok2/PythonProjects/falcon/tests/test_middleware.py: 193.19605660438538
test_base_path_is_removed_before_routing in /home/kaiyaok2/PythonProjects/falcon/tests/test_middleware.py: 193.2754681110382
test_process_request_cached in /home/kaiyaok2/PythonProjects/falcon/tests/test_middleware.py: 193.36993837356567
test_process_request_cached in /home/kaiyaok2/PythonProjects/falcon/tests/test_middleware.py: 193.45573043823242
test_process_request_not_cached in /home/kaiyaok2/PythonProjects/falcon/tests/test_middleware.py: 193.54344749450684
test_process_resource_cached in /home/kaiyaok2/PythonProjects/falcon/tests/test_middleware.py: 193.62724661827087
test_process_resource_cached in /home/kaiyaok2/PythonProjects/falcon/tests/test_middleware.py: 195.45058512687683
