test_hooks in /home/kaiyaok2/PythonProjects/falcon/tests/asgi/test_cythonized_asgi.py: 2.9953184127807617
test_jsonchema_validator in /home/kaiyaok2/PythonProjects/falcon/tests/asgi/test_cythonized_asgi.py: 3.0872886180877686
test_http_methods_body_expected in /home/kaiyaok2/PythonProjects/falcon/tests/test_query_params.py: 4.471757888793945
test_asgi_raises_error in /home/kaiyaok2/PythonProjects/falcon/tests/test_query_params.py: 4.587504625320435
test_http_methods_body_not_expected in /home/kaiyaok2/PythonProjects/falcon/tests/test_query_params.py: 4.704800605773926
test_empty_body in /home/kaiyaok2/PythonProjects/falcon/tests/test_query_params.py: 4.807201623916626
test_explicitly_disable_auto_parse in /home/kaiyaok2/PythonProjects/falcon/tests/test_query_params.py: 4.913564920425415
test_empty_body_no_content_length in /home/kaiyaok2/PythonProjects/falcon/tests/test_query_params.py: 5.047640085220337
test_http_methods_body_expected in /home/kaiyaok2/PythonProjects/falcon/tests/test_query_params.py: 5.15903639793396
test_http_methods_body_not_expected in /home/kaiyaok2/PythonProjects/falcon/tests/test_query_params.py: 6.633270740509033
test_http_methods_body_expected in /home/kaiyaok2/PythonProjects/falcon/tests/test_query_params.py: 6.734516382217407
test_http_methods_body_expected in /home/kaiyaok2/PythonProjects/falcon/tests/test_query_params.py: 6.837548732757568
test_non_ascii in /home/kaiyaok2/PythonProjects/falcon/tests/test_query_params.py: 6.943741083145142
test_http_methods_body_expected in /home/kaiyaok2/PythonProjects/falcon/tests/test_query_params.py: 7.04512095451355
test_get_datetime_store in /home/kaiyaok2/PythonProjects/falcon/tests/test_query_params.py: 7.149163007736206
test_blank in /home/kaiyaok2/PythonProjects/falcon/tests/test_query_params.py: 8.475302457809448
test_float_neg in /home/kaiyaok2/PythonProjects/falcon/tests/test_query_params.py: 8.612859964370728
test_option_auto_parse_qs_csv_multiple_fields_true in /home/kaiyaok2/PythonProjects/falcon/tests/test_query_params.py: 8.783733606338501
test_get_param_as_json_handler_json in /home/kaiyaok2/PythonProjects/falcon/tests/test_query_params.py: 8.918077230453491
test_option_auto_parse_qs_csv_multiple_fields_true in /home/kaiyaok2/PythonProjects/falcon/tests/test_query_params.py: 9.042427778244019
test_option_auto_parse_qs_csv_multiple_fields_true in /home/kaiyaok2/PythonProjects/falcon/tests/test_query_params.py: 9.149163722991943
test_blank in /home/kaiyaok2/PythonProjects/falcon/tests/test_query_params.py: 9.260686159133911
test_bad_percentage in /home/kaiyaok2/PythonProjects/falcon/tests/test_query_params.py: 10.63624095916748
test_float_neg in /home/kaiyaok2/PythonProjects/falcon/tests/test_query_params.py: 10.756692886352539
test_none in /home/kaiyaok2/PythonProjects/falcon/tests/test_query_params.py: 10.863915205001831
test_required in /home/kaiyaok2/PythonProjects/falcon/tests/test_query_params.py: 10.969387292861938
test_param_property in /home/kaiyaok2/PythonProjects/falcon/tests/test_query_params.py: 11.080982685089111
test_option_auto_parse_qs_csv_multiple_fields_true in /home/kaiyaok2/PythonProjects/falcon/tests/test_query_params.py: 11.196149110794067
test_get_datetime_missing_param in /home/kaiyaok2/PythonProjects/falcon/tests/test_query_params.py: 12.637547016143799
test_option_auto_parse_qs_csv_simple_true in /home/kaiyaok2/PythonProjects/falcon/tests/test_query_params.py: 12.744412899017334
test_option_auto_parse_qs_csv_multiple_fields_true in /home/kaiyaok2/PythonProjects/falcon/tests/test_query_params.py: 12.856454849243164
test_multiple_keys_as_int in /home/kaiyaok2/PythonProjects/falcon/tests/test_query_params.py: 12.964698314666748
test_get_date_missing_param in /home/kaiyaok2/PythonProjects/falcon/tests/test_query_params.py: 13.070042610168457
test_int_neg in /home/kaiyaok2/PythonProjects/falcon/tests/test_query_params.py: 13.187914848327637
test_option_auto_parse_qs_csv_multiple_fields_true in /home/kaiyaok2/PythonProjects/falcon/tests/test_query_params.py: 14.466131210327148
test_float in /home/kaiyaok2/PythonProjects/falcon/tests/test_query_params.py: 14.577935695648193
test_int in /home/kaiyaok2/PythonProjects/falcon/tests/test_query_params.py: 14.708587884902954
test_multiple_form_keys_as_list in /home/kaiyaok2/PythonProjects/falcon/tests/test_query_params.py: 14.834662437438965
test_get_date_invalid in /home/kaiyaok2/PythonProjects/falcon/tests/test_query_params.py: 14.985875844955444
test_bad_percentage in /home/kaiyaok2/PythonProjects/falcon/tests/test_query_params.py: 15.12130618095398
test_option_auto_parse_qs_csv_complex_false in /home/kaiyaok2/PythonProjects/falcon/tests/test_query_params.py: 15.23675799369812
test_get_dict_missing_param in /home/kaiyaok2/PythonProjects/falcon/tests/test_query_params.py: 16.54037046432495
test_list_type_blank in /home/kaiyaok2/PythonProjects/falcon/tests/test_query_params.py: 16.661635160446167
test_option_auto_parse_qs_csv_multiple_fields_true in /home/kaiyaok2/PythonProjects/falcon/tests/test_query_params.py: 16.763826847076416
test_get_datetime_valid in /home/kaiyaok2/PythonProjects/falcon/tests/test_query_params.py: 16.873220205307007
test_list_type in /home/kaiyaok2/PythonProjects/falcon/tests/test_query_params.py: 16.972572565078735
test_get_datetime_invalid in /home/kaiyaok2/PythonProjects/falcon/tests/test_query_params.py: 17.07346796989441
test_option_auto_parse_qs_csv_multiple_fields_true in /home/kaiyaok2/PythonProjects/falcon/tests/test_query_params.py: 18.40373969078064
test_get_param_as_json_no_handler_json in /home/kaiyaok2/PythonProjects/falcon/tests/test_query_params.py: 18.511276483535767
test_get_dict_missing_param in /home/kaiyaok2/PythonProjects/falcon/tests/test_query_params.py: 18.6227445602417
test_option_auto_parse_qs_csv_multiple_fields_true in /home/kaiyaok2/PythonProjects/falcon/tests/test_query_params.py: 18.741196632385254
test_option_auto_parse_qs_csv_multiple_fields_true in /home/kaiyaok2/PythonProjects/falcon/tests/test_query_params.py: 18.877642393112183
test_boolean_blank in /home/kaiyaok2/PythonProjects/falcon/tests/test_query_params.py: 19.02545714378357
test_required in /home/kaiyaok2/PythonProjects/falcon/tests/test_query_params.py: 19.154432773590088
test_option_auto_parse_qs_csv_multiple_fields_true in /home/kaiyaok2/PythonProjects/falcon/tests/test_query_params.py: 20.452523231506348
test_default in /home/kaiyaok2/PythonProjects/falcon/tests/test_query_params.py: 20.58607029914856
test_get_dict_store in /home/kaiyaok2/PythonProjects/falcon/tests/test_query_params.py: 20.68506360054016
test_list_type in /home/kaiyaok2/PythonProjects/falcon/tests/test_query_params.py: 20.78332829475403
test_required in /home/kaiyaok2/PythonProjects/falcon/tests/test_query_params.py: 20.893310070037842
test_get_date_valid_with_format in /home/kaiyaok2/PythonProjects/falcon/tests/test_query_params.py: 21.027846336364746
test_param_property in /home/kaiyaok2/PythonProjects/falcon/tests/test_query_params.py: 22.379679679870605
test_simple in /home/kaiyaok2/PythonProjects/falcon/tests/test_query_params.py: 22.498815059661865
test_required in /home/kaiyaok2/PythonProjects/falcon/tests/test_query_params.py: 22.63306498527527
test_has_param in /home/kaiyaok2/PythonProjects/falcon/tests/test_query_params.py: 22.744475841522217
test_required in /home/kaiyaok2/PythonProjects/falcon/tests/test_query_params.py: 22.858371019363403
test_allowed_names in /home/kaiyaok2/PythonProjects/falcon/tests/test_query_params.py: 22.973845958709717
test_float in /home/kaiyaok2/PythonProjects/falcon/tests/test_query_params.py: 24.368841409683228
test_required in /home/kaiyaok2/PythonProjects/falcon/tests/test_query_params.py: 24.488889455795288
test_required in /home/kaiyaok2/PythonProjects/falcon/tests/test_query_params.py: 24.591026782989502
test_get_dict_store in /home/kaiyaok2/PythonProjects/falcon/tests/test_query_params.py: 24.714213848114014
test_required in /home/kaiyaok2/PythonProjects/falcon/tests/test_query_params.py: 24.826884031295776
test_get_date_valid_with_format in /home/kaiyaok2/PythonProjects/falcon/tests/test_query_params.py: 24.95826268196106
test_get_datetime_valid_with_format in /home/kaiyaok2/PythonProjects/falcon/tests/test_query_params.py: 26.4099280834198
test_get_dict_invalid in /home/kaiyaok2/PythonProjects/falcon/tests/test_query_params.py: 26.543511152267456
test_int in /home/kaiyaok2/PythonProjects/falcon/tests/test_query_params.py: 26.664653539657593
test_option_auto_parse_qs_csv_multiple_fields_true in /home/kaiyaok2/PythonProjects/falcon/tests/test_query_params.py: 26.797569274902344
test_get_datetime_valid_with_format in /home/kaiyaok2/PythonProjects/falcon/tests/test_query_params.py: 26.913177967071533
test_option_auto_parse_qs_csv_multiple_fields_true in /home/kaiyaok2/PythonProjects/falcon/tests/test_query_params.py: 27.018558263778687
test_option_auto_parse_qs_csv_multiple_fields_true in /home/kaiyaok2/PythonProjects/falcon/tests/test_query_params.py: 27.12167453765869
test_boolean in /home/kaiyaok2/PythonProjects/falcon/tests/test_query_params.py: 28.43020486831665
test_option_auto_parse_qs_csv_simple_true in /home/kaiyaok2/PythonProjects/falcon/tests/test_query_params.py: 28.54229474067688
test_option_auto_parse_qs_csv_simple_false in /home/kaiyaok2/PythonProjects/falcon/tests/test_query_params.py: 28.66201877593994
test_percent_encoded in /home/kaiyaok2/PythonProjects/falcon/tests/test_query_params.py: 28.792194366455078
test_simple in /home/kaiyaok2/PythonProjects/falcon/tests/test_query_params.py: 28.968361139297485
test_required in /home/kaiyaok2/PythonProjects/falcon/tests/test_query_params.py: 30.304471492767334
test_required in /home/kaiyaok2/PythonProjects/falcon/tests/test_query_params.py: 30.43329119682312
test_default_auto_parse_csv_behaviour in /home/kaiyaok2/PythonProjects/falcon/tests/test_query_params.py: 30.55927538871765
test_get_date_invalid in /home/kaiyaok2/PythonProjects/falcon/tests/test_query_params.py: 30.662224531173706
test_multiple_form_keys in /home/kaiyaok2/PythonProjects/falcon/tests/test_query_params.py: 30.780616998672485
test_get_datetime_valid in /home/kaiyaok2/PythonProjects/falcon/tests/test_query_params.py: 30.885691165924072
test_required in /home/kaiyaok2/PythonProjects/falcon/tests/test_query_params.py: 30.992201566696167
test_option_auto_parse_qs_csv_multiple_fields_true in /home/kaiyaok2/PythonProjects/falcon/tests/test_query_params.py: 31.09855365753174
test_list_transformer in /home/kaiyaok2/PythonProjects/falcon/tests/test_query_params.py: 32.43139314651489
test_get_datetime_invalid in /home/kaiyaok2/PythonProjects/falcon/tests/test_query_params.py: 32.56188249588013
test_multiple_keys_as_float in /home/kaiyaok2/PythonProjects/falcon/tests/test_query_params.py: 32.74550485610962
test_get_datetime_store in /home/kaiyaok2/PythonProjects/falcon/tests/test_query_params.py: 32.87167763710022
test_get_dict_valid in /home/kaiyaok2/PythonProjects/falcon/tests/test_query_params.py: 33.000590085983276
test_boolean in /home/kaiyaok2/PythonProjects/falcon/tests/test_query_params.py: 33.10974431037903
test_option_auto_parse_qs_csv_multiple_fields_false in /home/kaiyaok2/PythonProjects/falcon/tests/test_query_params.py: 34.429593563079834
test_list_transformer in /home/kaiyaok2/PythonProjects/falcon/tests/test_query_params.py: 34.55681109428406
test_uuid in /home/kaiyaok2/PythonProjects/falcon/tests/test_query_params.py: 34.66134524345398
test_get_date_store in /home/kaiyaok2/PythonProjects/falcon/tests/test_query_params.py: 34.77249479293823
test_uuid in /home/kaiyaok2/PythonProjects/falcon/tests/test_query_params.py: 34.87812566757202
test_option_auto_parse_qs_csv_multiple_fields_true in /home/kaiyaok2/PythonProjects/falcon/tests/test_query_params.py: 36.354026317596436
test_allowed_names in /home/kaiyaok2/PythonProjects/falcon/tests/test_query_params.py: 36.47605085372925
test_default in /home/kaiyaok2/PythonProjects/falcon/tests/test_query_params.py: 36.5848069190979
test_multiple_keys_as_float in /home/kaiyaok2/PythonProjects/falcon/tests/test_query_params.py: 36.689658403396606
test_default_auto_parse_csv_behaviour in /home/kaiyaok2/PythonProjects/falcon/tests/test_query_params.py: 36.80793046951294
test_option_auto_parse_qs_csv_multiple_fields_true in /home/kaiyaok2/PythonProjects/falcon/tests/test_query_params.py: 36.93166184425354
test_boolean_blank in /home/kaiyaok2/PythonProjects/falcon/tests/test_query_params.py: 38.376240730285645
test_multiple_keys_as_int in /home/kaiyaok2/PythonProjects/falcon/tests/test_query_params.py: 38.504143476486206
test_multiple_form_keys_as_list in /home/kaiyaok2/PythonProjects/falcon/tests/test_query_params.py: 38.6202347278595
test_percent_encoded in /home/kaiyaok2/PythonProjects/falcon/tests/test_query_params.py: 38.75722551345825
test_get_date_store in /home/kaiyaok2/PythonProjects/falcon/tests/test_query_params.py: 38.86736249923706
test_list_type_blank in /home/kaiyaok2/PythonProjects/falcon/tests/test_query_params.py: 38.97325110435486
test_none in /home/kaiyaok2/PythonProjects/falcon/tests/test_query_params.py: 39.08095717430115
test_get_datetime_missing_param in /home/kaiyaok2/PythonProjects/falcon/tests/test_query_params.py: 40.44193124771118
test_int_neg in /home/kaiyaok2/PythonProjects/falcon/tests/test_query_params.py: 40.561747312545776
test_multiple_keys_as_bool in /home/kaiyaok2/PythonProjects/falcon/tests/test_query_params.py: 40.67481350898743
test_option_auto_parse_qs_csv_simple_false in /home/kaiyaok2/PythonProjects/falcon/tests/test_query_params.py: 40.77835249900818
test_required in /home/kaiyaok2/PythonProjects/falcon/tests/test_query_params.py: 40.89337134361267
test_has_param in /home/kaiyaok2/PythonProjects/falcon/tests/test_query_params.py: 41.06068539619446
test_multiple_form_keys in /home/kaiyaok2/PythonProjects/falcon/tests/test_query_params.py: 42.50903916358948
test_get_date_valid in /home/kaiyaok2/PythonProjects/falcon/tests/test_query_params.py: 42.62032389640808
test_get_dict_valid in /home/kaiyaok2/PythonProjects/falcon/tests/test_query_params.py: 42.73198199272156
test_multiple_keys_as_bool in /home/kaiyaok2/PythonProjects/falcon/tests/test_query_params.py: 42.84343504905701
test_option_auto_parse_qs_csv_multiple_fields_false in /home/kaiyaok2/PythonProjects/falcon/tests/test_query_params.py: 42.95652627944946
test_option_auto_parse_qs_csv_complex_false in /home/kaiyaok2/PythonProjects/falcon/tests/test_query_params.py: 43.06202459335327
test_get_date_valid in /home/kaiyaok2/PythonProjects/falcon/tests/test_query_params.py: 44.44003915786743
test_get_date_missing_param in /home/kaiyaok2/PythonProjects/falcon/tests/test_query_params.py: 44.5436007976532
test_get_dict_invalid in /home/kaiyaok2/PythonProjects/falcon/tests/test_query_params.py: 44.647884130477905
test_option_auto_parse_qs_csv_multiple_fields_true in /home/kaiyaok2/PythonProjects/falcon/tests/test_query_params.py: 44.78935980796814
test_dont_auto_parse_by_default in /home/kaiyaok2/PythonProjects/falcon/tests/test_query_params.py: 44.940879583358765
test_redirect_with_headers in /home/kaiyaok2/PythonProjects/falcon/tests/test_redirects.py: 45.3694634437561
test_redirect in /home/kaiyaok2/PythonProjects/falcon/tests/test_redirects.py: 45.44482684135437
test_redirect in /home/kaiyaok2/PythonProjects/falcon/tests/test_redirects.py: 46.800119161605835
test_redirect_with_headers in /home/kaiyaok2/PythonProjects/falcon/tests/test_redirects.py: 46.87026882171631
test_redirect in /home/kaiyaok2/PythonProjects/falcon/tests/test_redirects.py: 46.937260150909424
test_redirect_with_headers in /home/kaiyaok2/PythonProjects/falcon/tests/test_redirects.py: 47.00961136817932
test_redirect in /home/kaiyaok2/PythonProjects/falcon/tests/test_redirects.py: 47.07521963119507
test_redirect in /home/kaiyaok2/PythonProjects/falcon/tests/test_redirects.py: 47.16342520713806
test_redirect_with_headers in /home/kaiyaok2/PythonProjects/falcon/tests/test_redirects.py: 47.2513906955719
test_redirect_with_headers in /home/kaiyaok2/PythonProjects/falcon/tests/test_redirects.py: 47.37992310523987
test_client_simulate_aliases in /home/kaiyaok2/PythonProjects/falcon/tests/test_testing.py: 77.95001149177551
test_client_simulate_aliases in /home/kaiyaok2/PythonProjects/falcon/tests/test_testing.py: 77.9762372970581
test_client_simulate_aliases in /home/kaiyaok2/PythonProjects/falcon/tests/test_testing.py: 78.00270390510559
test_client_simulate_aliases in /home/kaiyaok2/PythonProjects/falcon/tests/test_testing.py: 78.03352308273315
test_client_simulate_aliases in /home/kaiyaok2/PythonProjects/falcon/tests/test_testing.py: 78.06025862693787
test_client_simulate_aliases in /home/kaiyaok2/PythonProjects/falcon/tests/test_testing.py: 78.0848069190979
test_client_simulate_aliases in /home/kaiyaok2/PythonProjects/falcon/tests/test_testing.py: 78.1102180480957
test_client_simulate_aliases in /home/kaiyaok2/PythonProjects/falcon/tests/test_testing.py: 78.1379280090332
test_path_must_start_with_slash in /home/kaiyaok2/PythonProjects/falcon/tests/test_utils.py: 78.25684642791748
test_cached_text_in_result in /home/kaiyaok2/PythonProjects/falcon/tests/test_utils.py: 79.60320043563843
test_simulate_hostname in /home/kaiyaok2/PythonProjects/falcon/tests/test_utils.py: 79.714111328125
test_query_string_in_path in /home/kaiyaok2/PythonProjects/falcon/tests/test_utils.py: 79.8232913017273
test_query_string_no_question in /home/kaiyaok2/PythonProjects/falcon/tests/test_utils.py: 79.94229888916016
test_default_headers in /home/kaiyaok2/PythonProjects/falcon/tests/test_utils.py: 80.05749821662903
test_simulate_remote_addr in /home/kaiyaok2/PythonProjects/falcon/tests/test_utils.py: 81.5869688987732
test_simulate_remote_addr in /home/kaiyaok2/PythonProjects/falcon/tests/test_utils.py: 81.70908498764038
test_simulate_remote_addr in /home/kaiyaok2/PythonProjects/falcon/tests/test_utils.py: 81.82933521270752
test_status in /home/kaiyaok2/PythonProjects/falcon/tests/test_utils.py: 81.94333338737488
test_override_method_with_extras in /home/kaiyaok2/PythonProjects/falcon/tests/test_utils.py: 82.06035041809082
test_default_headers_with_override in /home/kaiyaok2/PythonProjects/falcon/tests/test_utils.py: 82.17988920211792
test_simulate_remote_addr in /home/kaiyaok2/PythonProjects/falcon/tests/test_utils.py: 83.60748624801636
test_simulate_remote_addr in /home/kaiyaok2/PythonProjects/falcon/tests/test_utils.py: 83.72362518310547
test_query_string in /home/kaiyaok2/PythonProjects/falcon/tests/test_utils.py: 83.84856271743774
test_json_err_no_handler in /home/kaiyaok2/PythonProjects/falcon/tests/test_media_handlers.py: 83.96343469619751
test_json_err_no_handler in /home/kaiyaok2/PythonProjects/falcon/tests/test_media_handlers.py: 84.0458493232727
test_override_default_media_type in /home/kaiyaok2/PythonProjects/falcon/tests/test_headers.py: 112.87473106384277
test_declared_content_length_overridden_by_no_body in /home/kaiyaok2/PythonProjects/falcon/tests/test_headers.py: 112.97509145736694
test_request_multiple_header in /home/kaiyaok2/PythonProjects/falcon/tests/test_headers.py: 114.38389277458191
test_append_link_with_title_star in /home/kaiyaok2/PythonProjects/falcon/tests/test_headers.py: 114.51214742660522
test_append_link_with_hreflang in /home/kaiyaok2/PythonProjects/falcon/tests/test_headers.py: 114.64067840576172
test_vary_header in /home/kaiyaok2/PythonProjects/falcon/tests/test_headers.py: 114.74963665008545
test_content_disposition_attachment_header in /home/kaiyaok2/PythonProjects/falcon/tests/test_headers.py: 114.84535789489746
test_vary_header in /home/kaiyaok2/PythonProjects/falcon/tests/test_headers.py: 114.94793057441711
test_unicode_headers_contain_non_ascii in /home/kaiyaok2/PythonProjects/falcon/tests/test_headers.py: 115.04327344894409
test_no_content_type in /home/kaiyaok2/PythonProjects/falcon/tests/test_headers.py: 116.50414824485779
test_append_link_crossorigin in /home/kaiyaok2/PythonProjects/falcon/tests/test_headers.py: 116.63567471504211
test_vary_star in /home/kaiyaok2/PythonProjects/falcon/tests/test_headers.py: 116.73418688774109
test_content_disposition_attachment_header in /home/kaiyaok2/PythonProjects/falcon/tests/test_headers.py: 116.83143615722656
test_content_disposition_attachment_header in /home/kaiyaok2/PythonProjects/falcon/tests/test_headers.py: 116.93183898925781
test_unicode_headers_contain_non_ascii in /home/kaiyaok2/PythonProjects/falcon/tests/test_headers.py: 117.03339695930481
test_declared_content_length_overriden_by_body_length in /home/kaiyaok2/PythonProjects/falcon/tests/test_headers.py: 117.12969207763672
test_content_disposition_attachment_header in /home/kaiyaok2/PythonProjects/falcon/tests/test_headers.py: 118.52358937263489
test_content_length in /home/kaiyaok2/PythonProjects/falcon/tests/test_headers.py: 118.65381145477295
test_no_content_length in /home/kaiyaok2/PythonProjects/falcon/tests/test_headers.py: 118.75420689582825
test_no_content_length in /home/kaiyaok2/PythonProjects/falcon/tests/test_headers.py: 118.8517096042633
test_append_link_crossorigin in /home/kaiyaok2/PythonProjects/falcon/tests/test_headers.py: 118.96778702735901
test_expires_header in /home/kaiyaok2/PythonProjects/falcon/tests/test_headers.py: 119.06717681884766
test_passthrough_request_headers in /home/kaiyaok2/PythonProjects/falcon/tests/test_headers.py: 119.1677041053772
test_no_content_type in /home/kaiyaok2/PythonProjects/falcon/tests/test_headers.py: 119.27908372879028
test_content_disposition_attachment_header in /home/kaiyaok2/PythonProjects/falcon/tests/test_headers.py: 120.72838926315308
test_append_link_with_hreflang_multi in /home/kaiyaok2/PythonProjects/falcon/tests/test_headers.py: 120.86261534690857
test_override_default_media_type_missing_encoding in /home/kaiyaok2/PythonProjects/falcon/tests/test_headers.py: 120.9630389213562
test_append_link_with_link_extension in /home/kaiyaok2/PythonProjects/falcon/tests/test_headers.py: 121.09566879272461
test_content_disposition_inline_header in /home/kaiyaok2/PythonProjects/falcon/tests/test_headers.py: 121.19090723991394
test_content_disposition_inline_header in /home/kaiyaok2/PythonProjects/falcon/tests/test_headers.py: 121.29076552391052
test_unicode_headers_contain_only_ascii in /home/kaiyaok2/PythonProjects/falcon/tests/test_headers.py: 121.39788556098938
test_request_latin1_headers in /home/kaiyaok2/PythonProjects/falcon/tests/test_headers.py: 122.94689178466797
test_content_disposition_attachment_header in /home/kaiyaok2/PythonProjects/falcon/tests/test_headers.py: 123.04584574699402
test_unicode_headers_contain_non_ascii in /home/kaiyaok2/PythonProjects/falcon/tests/test_headers.py: 123.14852738380432
test_response_header_helpers_on_get in /home/kaiyaok2/PythonProjects/falcon/tests/test_headers.py: 123.24637079238892
test_append_link_with_type_hint in /home/kaiyaok2/PythonProjects/falcon/tests/test_headers.py: 123.37959909439087
test_append_link_crossorigin in /home/kaiyaok2/PythonProjects/falcon/tests/test_headers.py: 123.51149940490723
test_required_header in /home/kaiyaok2/PythonProjects/falcon/tests/test_headers.py: 123.61168026924133
test_unset_header in /home/kaiyaok2/PythonProjects/falcon/tests/test_headers.py: 123.71834659576416
test_override_default_media_type in /home/kaiyaok2/PythonProjects/falcon/tests/test_headers.py: 125.14047312736511
test_set_headers_with_custom_class in /home/kaiyaok2/PythonProjects/falcon/tests/test_headers.py: 125.2487473487854
test_declared_content_length_overriden_by_data_length in /home/kaiyaok2/PythonProjects/falcon/tests/test_headers.py: 125.35236859321594
test_response_append_header in /home/kaiyaok2/PythonProjects/falcon/tests/test_headers.py: 125.44392800331116
test_unicode_headers_contain_non_ascii in /home/kaiyaok2/PythonProjects/falcon/tests/test_headers.py: 125.5458595752716
test_content_disposition_attachment_header in /home/kaiyaok2/PythonProjects/falcon/tests/test_headers.py: 125.63874292373657
test_append_link_crossorigin in /home/kaiyaok2/PythonProjects/falcon/tests/test_headers.py: 125.77608752250671
test_content_disposition_attachment_header in /home/kaiyaok2/PythonProjects/falcon/tests/test_headers.py: 127.29944229125977
test_content_type_no_body in /home/kaiyaok2/PythonProjects/falcon/tests/test_headers.py: 127.40455293655396
test_default_media_type in /home/kaiyaok2/PythonProjects/falcon/tests/test_headers.py: 127.52342987060547
test_append_link_single in /home/kaiyaok2/PythonProjects/falcon/tests/test_headers.py: 127.64980840682983
test_append_link_crossorigin in /home/kaiyaok2/PythonProjects/falcon/tests/test_headers.py: 127.79173564910889
test_headers_with_custom_class_not_callable in /home/kaiyaok2/PythonProjects/falcon/tests/test_headers.py: 127.88605833053589
test_append_link_crossorigin in /home/kaiyaok2/PythonProjects/falcon/tests/test_headers.py: 128.01385974884033
test_get_header_as_int in /home/kaiyaok2/PythonProjects/falcon/tests/test_headers.py: 129.50771594047546
test_unicode_location_headers in /home/kaiyaok2/PythonProjects/falcon/tests/test_headers.py: 129.6065857410431
test_declared_content_length_on_head in /home/kaiyaok2/PythonProjects/falcon/tests/test_headers.py: 129.70663714408875
test_custom_content_type in /home/kaiyaok2/PythonProjects/falcon/tests/test_headers.py: 129.82178258895874
test_response_set_and_get_header in /home/kaiyaok2/PythonProjects/falcon/tests/test_headers.py: 129.92131066322327
test_content_disposition_inline_header in /home/kaiyaok2/PythonProjects/falcon/tests/test_headers.py: 130.02352690696716
test_append_link_complex in /home/kaiyaok2/PythonProjects/falcon/tests/test_headers.py: 130.1467308998108
test_append_link_with_title in /home/kaiyaok2/PythonProjects/falcon/tests/test_headers.py: 131.6069140434265
test_headers_as_list in /home/kaiyaok2/PythonProjects/falcon/tests/test_headers.py: 131.77737259864807
test_default_value in /home/kaiyaok2/PythonProjects/falcon/tests/test_headers.py: 131.88727045059204
test_unset_header in /home/kaiyaok2/PythonProjects/falcon/tests/test_headers.py: 131.99596500396729
test_append_link_with_anchor in /home/kaiyaok2/PythonProjects/falcon/tests/test_headers.py: 132.1279582977295
test_append_link_multiple in /home/kaiyaok2/PythonProjects/falcon/tests/test_headers.py: 132.24739027023315
test_response_body_rendition_error in /home/kaiyaok2/PythonProjects/falcon/tests/test_response_body.py: 133.90815329551697
test_unsupported_response_content_type in /home/kaiyaok2/PythonProjects/falcon/tests/test_response_body.py: 135.32020330429077
test_content_length_set_on_head_with_no_body in /home/kaiyaok2/PythonProjects/falcon/tests/test_response_body.py: 135.3972613811493
test_bar in /home/kaiyaok2/PythonProjects/falcon/tests/test_http_custom_method_routing.py: 135.4684157371521
test_foo in /home/kaiyaok2/PythonProjects/falcon/tests/test_http_custom_method_routing.py: 135.54229164123535
test_map_http_methods in /home/kaiyaok2/PythonProjects/falcon/tests/test_http_custom_method_routing.py: 135.6201581954956
test_route_precedence_with_both_id in /home/kaiyaok2/PythonProjects/falcon/tests/test_sinks.py: 135.69915008544922
test_route_precedence_with_id in /home/kaiyaok2/PythonProjects/falcon/tests/test_sinks.py: 135.77294778823853
test_with_route in /home/kaiyaok2/PythonProjects/falcon/tests/test_sinks.py: 135.84298706054688
test_route_precedence in /home/kaiyaok2/PythonProjects/falcon/tests/test_sinks.py: 135.91498351097107
test_add_sync_sink_with_wrapping in /home/kaiyaok2/PythonProjects/falcon/tests/test_sinks.py: 135.94885730743408
test_put in /home/kaiyaok2/PythonProjects/falcon/tests/test_http_method_routing.py: 154.20890426635742
test_on_options in /home/kaiyaok2/PythonProjects/falcon/tests/test_http_method_routing.py: 154.30872130393982
test_method_not_allowed_with_param in /home/kaiyaok2/PythonProjects/falcon/tests/test_http_method_routing.py: 154.389221906662
test_default_on_options in /home/kaiyaok2/PythonProjects/falcon/tests/test_http_method_routing.py: 155.89405584335327
test_post_not_allowed in /home/kaiyaok2/PythonProjects/falcon/tests/test_http_method_routing.py: 155.9710762500763
test_misc in /home/kaiyaok2/PythonProjects/falcon/tests/test_http_method_routing.py: 156.04952239990234
test_get in /home/kaiyaok2/PythonProjects/falcon/tests/test_http_method_routing.py: 156.142680644989
test_meta_and_others_disallowed in /home/kaiyaok2/PythonProjects/falcon/tests/test_http_method_routing.py: 156.22517228126526
test_methods_not_allowed_simple in /home/kaiyaok2/PythonProjects/falcon/tests/test_http_method_routing.py: 156.29934358596802
test_methods_not_allowed_complex in /home/kaiyaok2/PythonProjects/falcon/tests/test_http_method_routing.py: 156.37606382369995
test_report in /home/kaiyaok2/PythonProjects/falcon/tests/test_http_method_routing.py: 156.44989466667175
test_meta_and_others_disallowed in /home/kaiyaok2/PythonProjects/falcon/tests/test_http_method_routing.py: 156.54162049293518
test_load_app in /home/kaiyaok2/PythonProjects/falcon/tests/test_cmd_inspect_app.py: 156.6670925617218
test_load_app_error in /home/kaiyaok2/PythonProjects/falcon/tests/test_cmd_inspect_app.py: 156.74660921096802
test_load_app_error in /home/kaiyaok2/PythonProjects/falcon/tests/test_cmd_inspect_app.py: 156.81439089775085
test_load_app in /home/kaiyaok2/PythonProjects/falcon/tests/test_cmd_inspect_app.py: 156.87046027183533
test_load_app_error in /home/kaiyaok2/PythonProjects/falcon/tests/test_cmd_inspect_app.py: 156.92835211753845
test_inspect in /home/kaiyaok2/PythonProjects/falcon/tests/test_cmd_inspect_app.py: 156.9851417541504
test_routes_only in /home/kaiyaok2/PythonProjects/falcon/tests/test_cmd_inspect_app.py: 157.04257464408875
test_inspect in /home/kaiyaok2/PythonProjects/falcon/tests/test_cmd_inspect_app.py: 157.10850858688354
test_routes_only in /home/kaiyaok2/PythonProjects/falcon/tests/test_cmd_inspect_app.py: 157.1742968559265
test_inspect in /home/kaiyaok2/PythonProjects/falcon/tests/test_cmd_inspect_app.py: 157.2422227859497
test_inspect in /home/kaiyaok2/PythonProjects/falcon/tests/test_cmd_inspect_app.py: 157.3175971508026
test_routes_only in /home/kaiyaok2/PythonProjects/falcon/tests/test_cmd_inspect_app.py: 157.38685369491577
test_routes_only in /home/kaiyaok2/PythonProjects/falcon/tests/test_cmd_inspect_app.py: 157.51954746246338
test_handler_multiple_exception_iterable in /home/kaiyaok2/PythonProjects/falcon/tests/test_error_handlers.py: 157.9556906223297
test_handler_multiple_exception_iterable in /home/kaiyaok2/PythonProjects/falcon/tests/test_error_handlers.py: 159.37851691246033
test_uncaught_error in /home/kaiyaok2/PythonProjects/falcon/tests/test_error_handlers.py: 159.45395636558533
test_invalid_add_exception_handler_input in /home/kaiyaok2/PythonProjects/falcon/tests/test_error_handlers.py: 159.54933643341064
test_uncaught_python_error in /home/kaiyaok2/PythonProjects/falcon/tests/test_error_handlers.py: 159.62030386924744
test_invalid_add_exception_handler_input in /home/kaiyaok2/PythonProjects/falcon/tests/test_error_handlers.py: 159.69250512123108
test_invalid_add_exception_handler_input in /home/kaiyaok2/PythonProjects/falcon/tests/test_error_handlers.py: 159.77032208442688
test_invalid_add_exception_handler_input in /home/kaiyaok2/PythonProjects/falcon/tests/test_error_handlers.py: 159.848566532135
test_uncaught_python_error in /home/kaiyaok2/PythonProjects/falcon/tests/test_error_handlers.py: 159.93226981163025
test_uncaught_python_error in /home/kaiyaok2/PythonProjects/falcon/tests/test_error_handlers.py: 160.02496790885925
test_caught_error in /home/kaiyaok2/PythonProjects/falcon/tests/test_error_handlers.py: 160.09353160858154
test_subclass_error in /home/kaiyaok2/PythonProjects/falcon/tests/test_error_handlers.py: 160.16951727867126
test_error_precedence_subclass in /home/kaiyaok2/PythonProjects/falcon/tests/test_error_handlers.py: 161.6965630054474
test_error_precedence_subclass_order_indifference in /home/kaiyaok2/PythonProjects/falcon/tests/test_error_handlers.py: 161.7784378528595
test_error_precedence_duplicate in /home/kaiyaok2/PythonProjects/falcon/tests/test_error_handlers.py: 161.8598439693451
test_handle_not_defined in /home/kaiyaok2/PythonProjects/falcon/tests/test_error_handlers.py: 161.93451976776123
test_handler_single_exception_iterable in /home/kaiyaok2/PythonProjects/falcon/tests/test_error_handlers.py: 162.02247166633606
test_uncaught_error_else in /home/kaiyaok2/PythonProjects/falcon/tests/test_error_handlers.py: 162.09678888320923
test_converted_error in /home/kaiyaok2/PythonProjects/falcon/tests/test_error_handlers.py: 162.18492984771729
test_data_is_set in /home/kaiyaok2/PythonProjects/falcon/tests/test_error_handlers.py: 162.2813482284546
test_media_is_set in /home/kaiyaok2/PythonProjects/falcon/tests/test_error_handlers.py: 162.3639657497406
test_body_is_set in /home/kaiyaok2/PythonProjects/falcon/tests/test_error_handlers.py: 162.4434814453125
test_media_is_set in /home/kaiyaok2/PythonProjects/falcon/tests/test_error_handlers.py: 162.54029893875122
test_body_is_set in /home/kaiyaok2/PythonProjects/falcon/tests/test_error_handlers.py: 162.6222951412201
test_data_is_set in /home/kaiyaok2/PythonProjects/falcon/tests/test_error_handlers.py: 162.69252490997314
test_custom_error_serializer in /home/kaiyaok2/PythonProjects/falcon/tests/test_httperror.py: 164.33589959144592
test_serialize_error_uses_media_handler in /home/kaiyaok2/PythonProjects/falcon/tests/test_httperror.py: 164.4451470375061
test_414_with_title in /home/kaiyaok2/PythonProjects/falcon/tests/test_httperror.py: 164.53824496269226
test_forbidden in /home/kaiyaok2/PythonProjects/falcon/tests/test_httperror.py: 164.63803935050964
test_temporary_413_integer_retry_after in /home/kaiyaok2/PythonProjects/falcon/tests/test_httperror.py: 164.7301323413849
test_title_default_message_if_none in /home/kaiyaok2/PythonProjects/falcon/tests/test_httperror.py: 164.8276526927948
test_title_default_message_if_none in /home/kaiyaok2/PythonProjects/falcon/tests/test_httperror.py: 164.92867994308472
test_429_datetime in /home/kaiyaok2/PythonProjects/falcon/tests/test_httperror.py: 166.47540950775146
test_405_without_body in /home/kaiyaok2/PythonProjects/falcon/tests/test_httperror.py: 166.6147928237915
test_title_default_message_if_none in /home/kaiyaok2/PythonProjects/falcon/tests/test_httperror.py: 166.72736072540283
test_base_class in /home/kaiyaok2/PythonProjects/falcon/tests/test_httperror.py: 166.81430530548096
test_epic_fail_xml in /home/kaiyaok2/PythonProjects/falcon/tests/test_httperror.py: 166.91298723220825
test_title_default_message_if_none in /home/kaiyaok2/PythonProjects/falcon/tests/test_httperror.py: 167.04304933547974
test_missing_param in /home/kaiyaok2/PythonProjects/falcon/tests/test_httperror.py: 167.1340720653534
test_epic_fail_xml in /home/kaiyaok2/PythonProjects/falcon/tests/test_httperror.py: 167.23308730125427
test_title_default_message_if_none in /home/kaiyaok2/PythonProjects/falcon/tests/test_httperror.py: 168.66980910301208
test_411 in /home/kaiyaok2/PythonProjects/falcon/tests/test_httperror.py: 168.77152585983276
test_401 in /home/kaiyaok2/PythonProjects/falcon/tests/test_httperror.py: 168.93666172027588
test_unicode_xml in /home/kaiyaok2/PythonProjects/falcon/tests/test_httperror.py: 169.05717301368713
test_404_without_body in /home/kaiyaok2/PythonProjects/falcon/tests/test_httperror.py: 169.17032742500305
test_custom_serializer_no_representation in /home/kaiyaok2/PythonProjects/falcon/tests/test_httperror.py: 169.273202419281
test_429_no_retry_after in /home/kaiyaok2/PythonProjects/falcon/tests/test_httperror.py: 169.3614730834961
test_413 in /home/kaiyaok2/PythonProjects/falcon/tests/test_httperror.py: 169.45036602020264
test_temporary_413_datetime_retry_after in /home/kaiyaok2/PythonProjects/falcon/tests/test_httperror.py: 170.90993452072144
test_client_does_not_accept_json_or_xml in /home/kaiyaok2/PythonProjects/falcon/tests/test_httperror.py: 171.0119936466217
test_414_with_description in /home/kaiyaok2/PythonProjects/falcon/tests/test_httperror.py: 171.1193928718567
test_no_description_json in /home/kaiyaok2/PythonProjects/falcon/tests/test_httperror.py: 171.21917867660522
test_503_datetime_retry_after in /home/kaiyaok2/PythonProjects/falcon/tests/test_httperror.py: 171.31954717636108
test_404_with_body in /home/kaiyaok2/PythonProjects/falcon/tests/test_httperror.py: 171.42805981636047
test_416 in /home/kaiyaok2/PythonProjects/falcon/tests/test_httperror.py: 171.52195382118225
test_414 in /home/kaiyaok2/PythonProjects/falcon/tests/test_httperror.py: 171.65775728225708
test_custom_error_serializer_optional_representation in /home/kaiyaok2/PythonProjects/falcon/tests/test_httperror.py: 173.16927814483643
test_client_does_not_accept_anything in /home/kaiyaok2/PythonProjects/falcon/tests/test_httperror.py: 173.27676796913147
test_epic_fail_xml in /home/kaiyaok2/PythonProjects/falcon/tests/test_httperror.py: 173.3797652721405
test_custom_error_serializer_optional_representation in /home/kaiyaok2/PythonProjects/falcon/tests/test_httperror.py: 173.47974038124084
test_misc in /home/kaiyaok2/PythonProjects/falcon/tests/test_httperror.py: 173.5830945968628
test_405_without_body_with_extra_headers in /home/kaiyaok2/PythonProjects/falcon/tests/test_httperror.py: 173.67321920394897
test_forbidden in /home/kaiyaok2/PythonProjects/falcon/tests/test_httperror.py: 173.76615142822266
test_missing_header in /home/kaiyaok2/PythonProjects/falcon/tests/test_httperror.py: 173.88128876686096
test_serialize_no_json_media_handler in /home/kaiyaok2/PythonProjects/falcon/tests/test_httperror.py: 175.31229782104492
test_invalid_header in /home/kaiyaok2/PythonProjects/falcon/tests/test_httperror.py: 175.42478036880493
test_no_description_xml in /home/kaiyaok2/PythonProjects/falcon/tests/test_httperror.py: 175.52964568138123
test_410_with_body in /home/kaiyaok2/PythonProjects/falcon/tests/test_httperror.py: 175.6264464855194
test_414_with_custom_kwargs in /home/kaiyaok2/PythonProjects/falcon/tests/test_httperror.py: 175.7260982990265
test_405_with_body in /home/kaiyaok2/PythonProjects/falcon/tests/test_httperror.py: 175.88725662231445
test_unicode_json in /home/kaiyaok2/PythonProjects/falcon/tests/test_httperror.py: 175.99632120132446
test_custom_error_serializer_optional_representation in /home/kaiyaok2/PythonProjects/falcon/tests/test_httperror.py: 176.10901069641113
test_epic_fail_json in /home/kaiyaok2/PythonProjects/falcon/tests/test_httperror.py: 177.58479285240173
test_410_without_body in /home/kaiyaok2/PythonProjects/falcon/tests/test_httperror.py: 177.67729234695435
test_503_integer_retry_after in /home/kaiyaok2/PythonProjects/falcon/tests/test_httperror.py: 177.76800394058228
test_forbidden in /home/kaiyaok2/PythonProjects/falcon/tests/test_httperror.py: 177.87290501594543
test_invalid_param in /home/kaiyaok2/PythonProjects/falcon/tests/test_httperror.py: 177.97168493270874
test_405_without_body_with_extra_headers_double_check in /home/kaiyaok2/PythonProjects/falcon/tests/test_httperror.py: 178.06483936309814
test_epic_fail_xml in /home/kaiyaok2/PythonProjects/falcon/tests/test_httperror.py: 178.16366934776306
test_429 in /home/kaiyaok2/PythonProjects/falcon/tests/test_httperror.py: 178.27170085906982
test_custom_error_serializer_optional_representation in /home/kaiyaok2/PythonProjects/falcon/tests/test_httperror.py: 179.85942959785461
test_title_default_message_if_none in /home/kaiyaok2/PythonProjects/falcon/tests/test_httperror.py: 179.97120428085327
test_multiple_resource_hooks in /home/kaiyaok2/PythonProjects/falcon/tests/test_before_hooks.py: 231.26112031936646
test_wrapped_resource_with_hooks_aware_of_resource in /home/kaiyaok2/PythonProjects/falcon/tests/test_before_hooks.py: 231.34872150421143
test_field_validator in /home/kaiyaok2/PythonProjects/falcon/tests/test_before_hooks.py: 231.45888924598694
test_piggybacking_resource_post_item in /home/kaiyaok2/PythonProjects/falcon/tests/test_before_hooks.py: 231.56126070022583
test_piggybacking_resource_post_and_delete in /home/kaiyaok2/PythonProjects/falcon/tests/test_before_hooks.py: 231.66365265846252
test_input_validator in /home/kaiyaok2/PythonProjects/falcon/tests/test_before_hooks.py: 231.7398066520691
test_input_validator_inherited in /home/kaiyaok2/PythonProjects/falcon/tests/test_before_hooks.py: 233.30584716796875
test_multiple_resource_hooks in /home/kaiyaok2/PythonProjects/falcon/tests/test_before_hooks.py: 233.41311717033386
test_wrapped_resource in /home/kaiyaok2/PythonProjects/falcon/tests/test_before_hooks.py: 233.50355458259583
test_param_validator in /home/kaiyaok2/PythonProjects/falcon/tests/test_before_hooks.py: 233.59590792655945
test_field_validator in /home/kaiyaok2/PythonProjects/falcon/tests/test_before_hooks.py: 233.68378734588623
test_field_validator in /home/kaiyaok2/PythonProjects/falcon/tests/test_before_hooks.py: 233.79065537452698
test_raise_status_in_responder in /home/kaiyaok2/PythonProjects/falcon/tests/test_httpstatus.py: 235.58951449394226
test_raise_status_survives_after_hooks in /home/kaiyaok2/PythonProjects/falcon/tests/test_httpstatus.py: 235.69085144996643
test_raise_status_runs_after_hooks in /home/kaiyaok2/PythonProjects/falcon/tests/test_httpstatus.py: 235.81896138191223
test_raise_status_empty_body in /home/kaiyaok2/PythonProjects/falcon/tests/test_httpstatus.py: 237.30937910079956
test_raise_status_in_before_hook in /home/kaiyaok2/PythonProjects/falcon/tests/test_httpstatus.py: 237.39852285385132
test_raise_status_in_process_resource in /home/kaiyaok2/PythonProjects/falcon/tests/test_httpstatus.py: 237.4823579788208
test_raise_status_runs_process_response in /home/kaiyaok2/PythonProjects/falcon/tests/test_httpstatus.py: 237.56249284744263
test_raise_status_in_process_request in /home/kaiyaok2/PythonProjects/falcon/tests/test_httpstatus.py: 237.63326454162598
test_body_is_set in /home/kaiyaok2/PythonProjects/falcon/tests/test_httpstatus.py: 237.75448489189148
test_data_is_set in /home/kaiyaok2/PythonProjects/falcon/tests/test_httpstatus.py: 237.86792707443237
test_media_is_set in /home/kaiyaok2/PythonProjects/falcon/tests/test_httpstatus.py: 237.9431643486023
test_api_initialization_with_cors_enabled_and_middleware_param in /home/kaiyaok2/PythonProjects/falcon/tests/test_middleware.py: 238.04578685760498
test_api_initialization_with_cors_enabled_and_middleware_param in /home/kaiyaok2/PythonProjects/falcon/tests/test_middleware.py: 238.12601518630981
test_api_initialization_with_cors_enabled_and_middleware_param in /home/kaiyaok2/PythonProjects/falcon/tests/test_middleware.py: 238.21922612190247
test_api_initialization_with_cors_enabled_and_middleware_param in /home/kaiyaok2/PythonProjects/falcon/tests/test_middleware.py: 239.75050735473633
test_http_status_raised_from_error_handler in /home/kaiyaok2/PythonProjects/falcon/tests/test_middleware.py: 239.83519172668457
test_error_composed_before_resp_middleware_called in /home/kaiyaok2/PythonProjects/falcon/tests/test_middleware.py: 239.9162609577179
test_multiple_response_mw_throw_exception in /home/kaiyaok2/PythonProjects/falcon/tests/test_middleware.py: 239.999431848526
test_order_mw_executed_when_exception_in_req in /home/kaiyaok2/PythonProjects/falcon/tests/test_middleware.py: 240.09001183509827
test_inner_mw_with_ex_handler_throw_exception in /home/kaiyaok2/PythonProjects/falcon/tests/test_middleware.py: 240.17171263694763
test_generate_trans_id_and_time_with_request in /home/kaiyaok2/PythonProjects/falcon/tests/test_middleware.py: 240.25104570388794
test_legacy_middleware_called_with_correct_args in /home/kaiyaok2/PythonProjects/falcon/tests/test_middleware.py: 240.336008310318
test_inner_mw_throw_exception in /home/kaiyaok2/PythonProjects/falcon/tests/test_middleware.py: 240.42478013038635
test_order_mw_executed_when_exception_in_resp in /home/kaiyaok2/PythonProjects/falcon/tests/test_middleware.py: 240.5108904838562
test_order_independent_mw_executed_when_exception_in_req in /home/kaiyaok2/PythonProjects/falcon/tests/test_middleware.py: 240.58544850349426
test_order_independent_mw_executed_when_exception_in_resp in /home/kaiyaok2/PythonProjects/falcon/tests/test_middleware.py: 240.67114877700806
test_order_independent_mw_executed_when_exception_in_rsrc in /home/kaiyaok2/PythonProjects/falcon/tests/test_middleware.py: 242.26282954216003
test_generate_trans_id_and_time_with_request in /home/kaiyaok2/PythonProjects/falcon/tests/test_middleware.py: 242.3774917125702
test_order_mw_executed_when_exception_in_rsrc in /home/kaiyaok2/PythonProjects/falcon/tests/test_middleware.py: 242.49892044067383
test_middleware_execution_order in /home/kaiyaok2/PythonProjects/falcon/tests/test_middleware.py: 242.6261899471283
test_outer_mw_with_ex_handler_throw_exception in /home/kaiyaok2/PythonProjects/falcon/tests/test_middleware.py: 242.75219249725342
test_independent_middleware_execution_order in /home/kaiyaok2/PythonProjects/falcon/tests/test_middleware.py: 242.87642645835876
test_inner_mw_throw_exception_while_processing_resp in /home/kaiyaok2/PythonProjects/falcon/tests/test_middleware.py: 242.99898171424866
test_generate_trans_id_with_request in /home/kaiyaok2/PythonProjects/falcon/tests/test_middleware.py: 243.16088604927063
test_process_request_cached in /home/kaiyaok2/PythonProjects/falcon/tests/test_middleware.py: 244.96886444091797
test_process_resource_cached in /home/kaiyaok2/PythonProjects/falcon/tests/test_middleware.py: 245.0711727142334
test_process_resource_cached in /home/kaiyaok2/PythonProjects/falcon/tests/test_middleware.py: 245.17114400863647
test_process_request_not_cached in /home/kaiyaok2/PythonProjects/falcon/tests/test_middleware.py: 245.27207899093628
test_process_request_cached in /home/kaiyaok2/PythonProjects/falcon/tests/test_middleware.py: 245.35820817947388
test_dont_need_params_in_signature in /home/kaiyaok2/PythonProjects/falcon/tests/test_middleware.py: 245.44370126724243
test_base_path_is_removed_before_routing in /home/kaiyaok2/PythonProjects/falcon/tests/test_middleware.py: 245.5234718322754
test_can_access_resource_params in /home/kaiyaok2/PythonProjects/falcon/tests/test_middleware.py: 245.59885454177856
test_can_access_resource_params in /home/kaiyaok2/PythonProjects/falcon/tests/test_middleware.py: 245.67880082130432
test_log_get_request in /home/kaiyaok2/PythonProjects/falcon/tests/test_middleware.py: 245.7660071849823
test_skip_process_resource in /home/kaiyaok2/PythonProjects/falcon/tests/test_middleware.py: 247.35880422592163
test_log_get_request in /home/kaiyaok2/PythonProjects/falcon/tests/test_middleware.py: 247.45316457748413
test_response_middleware_raises_exception in /home/kaiyaok2/PythonProjects/falcon/tests/test_middleware.py: 247.53532576560974
test_non_string_status in /home/kaiyaok2/PythonProjects/falcon/tests/test_httpstatus.py: 247.61961722373962
test_non_string_status in /home/kaiyaok2/PythonProjects/falcon/tests/test_httpstatus.py: 247.70354199409485
test_non_string_status in /home/kaiyaok2/PythonProjects/falcon/tests/test_httpstatus.py: 247.78111624717712
test_non_string_status in /home/kaiyaok2/PythonProjects/falcon/tests/test_httpstatus.py: 247.86298489570618
test_non_string_status in /home/kaiyaok2/PythonProjects/falcon/tests/test_httpstatus.py: 247.96493530273438
test_non_string_status in /home/kaiyaok2/PythonProjects/falcon/tests/test_httpstatus.py: 248.04421663284302
test_non_string_status in /home/kaiyaok2/PythonProjects/falcon/tests/test_httpstatus.py: 248.12577629089355
test_non_string_status in /home/kaiyaok2/PythonProjects/falcon/tests/test_httpstatus.py: 249.6861641407013
test_non_string_status in /home/kaiyaok2/PythonProjects/falcon/tests/test_httpstatus.py: 249.7666642665863
test_non_string_status in /home/kaiyaok2/PythonProjects/falcon/tests/test_httpstatus.py: 249.84520316123962
test_non_string_status in /home/kaiyaok2/PythonProjects/falcon/tests/test_httpstatus.py: 249.93734192848206
test_non_string_status in /home/kaiyaok2/PythonProjects/falcon/tests/test_httpstatus.py: 250.02053356170654
test_non_string_status in /home/kaiyaok2/PythonProjects/falcon/tests/test_httpstatus.py: 250.10322999954224
test_non_string_status in /home/kaiyaok2/PythonProjects/falcon/tests/test_httpstatus.py: 250.18025994300842
test_imported_from_c_modules in /home/kaiyaok2/PythonProjects/falcon/tests/test_cython.py: 262.97920513153076
test_stream_has_private_read in /home/kaiyaok2/PythonProjects/falcon/tests/test_cython.py: 262.98410177230835
test_catch_http_no_route_error in /home/kaiyaok2/PythonProjects/falcon/tests/test_error_handlers.py: 263.0629835128784
test_caught_error_async in /home/kaiyaok2/PythonProjects/falcon/tests/test_error_handlers.py: 263.15029525756836
test_cookie_expires_naive in /home/kaiyaok2/PythonProjects/falcon/tests/test_cookies.py: 263.23074197769165
test_cookie_expires_aware in /home/kaiyaok2/PythonProjects/falcon/tests/test_cookies.py: 264.7119553089142
test_cookies_setable in /home/kaiyaok2/PythonProjects/falcon/tests/test_cookies.py: 264.81681656837463
test_response_complex_case in /home/kaiyaok2/PythonProjects/falcon/tests/test_cookies.py: 264.89786672592163
test_same_site_empty_string in /home/kaiyaok2/PythonProjects/falcon/tests/test_cookies.py: 264.97846484184265
test_response_disable_secure_globally in /home/kaiyaok2/PythonProjects/falcon/tests/test_cookies.py: 265.0828902721405
test_strict_same_site_value in /home/kaiyaok2/PythonProjects/falcon/tests/test_cookies.py: 265.18131017684937
test_cookie_max_age_float_and_string in /home/kaiyaok2/PythonProjects/falcon/tests/test_cookies.py: 265.2655553817749
test_response_unset_cookie in /home/kaiyaok2/PythonProjects/falcon/tests/test_cookies.py: 265.3460648059845
test_response_base_case in /home/kaiyaok2/PythonProjects/falcon/tests/test_cookies.py: 265.43815183639526
test_none_same_site_value in /home/kaiyaok2/PythonProjects/falcon/tests/test_cookies.py: 265.5245587825775
test_lax_same_site_value in /home/kaiyaok2/PythonProjects/falcon/tests/test_cookies.py: 266.90854120254517
test_unset_cookies_samesite in /home/kaiyaok2/PythonProjects/falcon/tests/test_cookies.py: 266.9952583312988
test_cookie_max_age_float_and_string in /home/kaiyaok2/PythonProjects/falcon/tests/test_cookies.py: 267.07416343688965
test_cookie_timezone in /home/kaiyaok2/PythonProjects/falcon/tests/test_cookies.py: 267.1803300380707
test_unset_cookies in /home/kaiyaok2/PythonProjects/falcon/tests/test_cookies.py: 267.3029396533966
test_static_routes in /home/kaiyaok2/PythonProjects/falcon/tests/test_inspect.py: 269.5936710834503
test_middleware_tree in /home/kaiyaok2/PythonProjects/falcon/tests/test_inspect.py: 269.666472196579
test_app in /home/kaiyaok2/PythonProjects/falcon/tests/test_inspect.py: 269.73407196998596
test_sink in /home/kaiyaok2/PythonProjects/falcon/tests/test_inspect.py: 269.8006601333618
test_error_handler in /home/kaiyaok2/PythonProjects/falcon/tests/test_inspect.py: 269.86182022094727
test_middleware in /home/kaiyaok2/PythonProjects/falcon/tests/test_inspect.py: 269.9248375892639
test_routes in /home/kaiyaok2/PythonProjects/falcon/tests/test_inspect.py: 271.3282518386841
test_float_converter_non_finite_disallowed in /home/kaiyaok2/PythonProjects/falcon/tests/test_uri_templates.py: 271.6175627708435
test_float_converter in /home/kaiyaok2/PythonProjects/falcon/tests/test_uri_templates.py: 271.6967408657074
test_datetime_converter in /home/kaiyaok2/PythonProjects/falcon/tests/test_uri_templates.py: 271.7935447692871
test_float_converter in /home/kaiyaok2/PythonProjects/falcon/tests/test_uri_templates.py: 271.8703236579895
test_uuid_converter in /home/kaiyaok2/PythonProjects/falcon/tests/test_uri_templates.py: 271.9574022293091
test_datetime_converter in /home/kaiyaok2/PythonProjects/falcon/tests/test_uri_templates.py: 272.0363416671753
test_float_converter in /home/kaiyaok2/PythonProjects/falcon/tests/test_uri_templates.py: 272.1149351596832
test_single in /home/kaiyaok2/PythonProjects/falcon/tests/test_uri_templates.py: 272.1954734325409
test_float_converter in /home/kaiyaok2/PythonProjects/falcon/tests/test_uri_templates.py: 272.2827022075653
test_float_converter_non_finite_allowed in /home/kaiyaok2/PythonProjects/falcon/tests/test_uri_templates.py: 273.97760224342346
test_float_converter in /home/kaiyaok2/PythonProjects/falcon/tests/test_uri_templates.py: 274.0619204044342
test_uuid_converter in /home/kaiyaok2/PythonProjects/falcon/tests/test_uri_templates.py: 274.15499925613403
test_datetime_converter in /home/kaiyaok2/PythonProjects/falcon/tests/test_uri_templates.py: 274.23297023773193
test_with_and_without_trailing_slash in /home/kaiyaok2/PythonProjects/falcon/tests/test_uri_templates.py: 274.32011818885803
test_float_converter_non_finite_allowed in /home/kaiyaok2/PythonProjects/falcon/tests/test_uri_templates.py: 274.4048230648041
test_single in /home/kaiyaok2/PythonProjects/falcon/tests/test_uri_templates.py: 274.49505281448364
test_int_converter_rejections in /home/kaiyaok2/PythonProjects/falcon/tests/test_uri_templates.py: 274.58674931526184
test_float_converter in /home/kaiyaok2/PythonProjects/falcon/tests/test_uri_templates.py: 274.6737434864044
test_single in /home/kaiyaok2/PythonProjects/falcon/tests/test_uri_templates.py: 274.8915295600891
test_uuid_converter_complex_segment in /home/kaiyaok2/PythonProjects/falcon/tests/test_uri_templates.py: 276.38831424713135
test_int_converter in /home/kaiyaok2/PythonProjects/falcon/tests/test_uri_templates.py: 276.47444224357605
test_converter_custom in /home/kaiyaok2/PythonProjects/falcon/tests/test_uri_templates.py: 276.5551748275757
test_single_trailing_slash in /home/kaiyaok2/PythonProjects/falcon/tests/test_uri_templates.py: 276.63703298568726
test_float_converter in /home/kaiyaok2/PythonProjects/falcon/tests/test_uri_templates.py: 276.7168529033661
test_float_converter in /home/kaiyaok2/PythonProjects/falcon/tests/test_uri_templates.py: 276.79911732673645
test_datetime_converter in /home/kaiyaok2/PythonProjects/falcon/tests/test_uri_templates.py: 276.8790502548218
test_uuid_converter in /home/kaiyaok2/PythonProjects/falcon/tests/test_uri_templates.py: 276.9626405239105
test_special_chars in /home/kaiyaok2/PythonProjects/falcon/tests/test_uri_templates.py: 277.0453658103943
test_root_path in /home/kaiyaok2/PythonProjects/falcon/tests/test_uri_templates.py: 277.15551686286926
test_uuid_converter in /home/kaiyaok2/PythonProjects/falcon/tests/test_uri_templates.py: 278.6846606731415
test_same_level_complex_var in /home/kaiyaok2/PythonProjects/falcon/tests/test_uri_templates.py: 278.77155923843384
test_int_converter in /home/kaiyaok2/PythonProjects/falcon/tests/test_uri_templates.py: 278.85863614082336
test_converter_custom in /home/kaiyaok2/PythonProjects/falcon/tests/test_uri_templates.py: 278.9340991973877
test_uuid_converter in /home/kaiyaok2/PythonProjects/falcon/tests/test_uri_templates.py: 279.01118445396423
test_same_level_complex_var in /home/kaiyaok2/PythonProjects/falcon/tests/test_uri_templates.py: 279.0867643356323
test_int_converter_rejections in /home/kaiyaok2/PythonProjects/falcon/tests/test_uri_templates.py: 279.1630072593689
test_with_and_without_trailing_slash in /home/kaiyaok2/PythonProjects/falcon/tests/test_uri_templates.py: 279.2393078804016
test_float_converter in /home/kaiyaok2/PythonProjects/falcon/tests/test_uri_templates.py: 279.31663393974304
test_uuid_converter in /home/kaiyaok2/PythonProjects/falcon/tests/test_uri_templates.py: 279.395201921463
test_float_converter in /home/kaiyaok2/PythonProjects/falcon/tests/test_uri_templates.py: 279.4722537994385
test_float_converter_non_finite_allowed in /home/kaiyaok2/PythonProjects/falcon/tests/test_uri_templates.py: 280.9072148799896
test_no_vars in /home/kaiyaok2/PythonProjects/falcon/tests/test_uri_templates.py: 280.9921567440033
test_float_converter in /home/kaiyaok2/PythonProjects/falcon/tests/test_uri_templates.py: 281.0691831111908
test_int_converter_rejections in /home/kaiyaok2/PythonProjects/falcon/tests/test_uri_templates.py: 281.1593425273895
test_int_converter in /home/kaiyaok2/PythonProjects/falcon/tests/test_uri_templates.py: 281.2652645111084
test_float_converter in /home/kaiyaok2/PythonProjects/falcon/tests/test_uri_templates.py: 281.3887062072754
test_adding_suffix_routes in /home/kaiyaok2/PythonProjects/falcon/tests/test_uri_templates.py: 281.5049571990967
test_multiple in /home/kaiyaok2/PythonProjects/falcon/tests/test_uri_templates.py: 281.62398624420166
test_single_path_segment in /home/kaiyaok2/PythonProjects/falcon/tests/test_uri_templates.py: 281.7410771846771
test_int_converter in /home/kaiyaok2/PythonProjects/falcon/tests/test_uri_templates.py: 281.84404611587524
test_converter_custom in /home/kaiyaok2/PythonProjects/falcon/tests/test_uri_templates.py: 283.4044716358185
