test_missing_responder in /home/kaiyaok2/PythonProjects/falcon/tests/asgi/test_asgi_servers.py: 31.28754234313965
test_disconnecting_client_early in /home/kaiyaok2/PythonProjects/falcon/tests/asgi/test_asgi_servers.py: 46.62329077720642
test_close_code_on_unhandled_http_error in /home/kaiyaok2/PythonProjects/falcon/tests/asgi/test_asgi_servers.py: 62.05456781387329
test_type_mismatch in /home/kaiyaok2/PythonProjects/falcon/tests/asgi/test_asgi_servers.py: 77.42332983016968
test_type_mismatch in /home/kaiyaok2/PythonProjects/falcon/tests/asgi/test_asgi_servers.py: 93.0446708202362
test_send_before_accept in /home/kaiyaok2/PythonProjects/falcon/tests/asgi/test_asgi_servers.py: 108.55604791641235
test_rejected in /home/kaiyaok2/PythonProjects/falcon/tests/asgi/test_asgi_servers.py: 123.79087424278259
test_hello in /home/kaiyaok2/PythonProjects/falcon/tests/asgi/test_asgi_servers.py: 139.04056239128113
test_select_subprotocol_known in /home/kaiyaok2/PythonProjects/falcon/tests/asgi/test_asgi_servers.py: 154.46682596206665
test_hello in /home/kaiyaok2/PythonProjects/falcon/tests/asgi/test_asgi_servers.py: 169.7309923171997
test_passing_path_params in /home/kaiyaok2/PythonProjects/falcon/tests/asgi/test_asgi_servers.py: 185.35912251472473
test_hello in /home/kaiyaok2/PythonProjects/falcon/tests/asgi/test_asgi_servers.py: 200.5844132900238
test_recv_before_accept in /home/kaiyaok2/PythonProjects/falcon/tests/asgi/test_asgi_servers.py: 215.739399433136
test_select_subprotocol_unknown in /home/kaiyaok2/PythonProjects/falcon/tests/asgi/test_asgi_servers.py: 230.98115491867065
test_invalid_close_code in /home/kaiyaok2/PythonProjects/falcon/tests/asgi/test_asgi_servers.py: 246.44930982589722
test_type_mismatch in /home/kaiyaok2/PythonProjects/falcon/tests/asgi/test_asgi_servers.py: 261.8615610599518
test_select_subprotocol_known in /home/kaiyaok2/PythonProjects/falcon/tests/asgi/test_asgi_servers.py: 277.28734588623047
test_close_code_on_unhandled_error in /home/kaiyaok2/PythonProjects/falcon/tests/asgi/test_asgi_servers.py: 292.45388174057007
test_rejected in /home/kaiyaok2/PythonProjects/falcon/tests/asgi/test_asgi_servers.py: 307.95576095581055
test_rejected in /home/kaiyaok2/PythonProjects/falcon/tests/asgi/test_asgi_servers.py: 323.38107347488403
test_hello in /home/kaiyaok2/PythonProjects/falcon/tests/asgi/test_asgi_servers.py: 338.78420329093933
test_type_mismatch in /home/kaiyaok2/PythonProjects/falcon/tests/asgi/test_asgi_servers.py: 354.3044328689575
test_rejected in /home/kaiyaok2/PythonProjects/falcon/tests/asgi/test_asgi_servers.py: 369.77921438217163
test_stream_chunked_request in /home/kaiyaok2/PythonProjects/falcon/tests/asgi/test_asgi_servers.py: 385.24414253234863
test_head_405 in /home/kaiyaok2/PythonProjects/falcon/tests/asgi/test_asgi_servers.py: 400.49934244155884
test_post_read_bounded_stream_no_body in /home/kaiyaok2/PythonProjects/falcon/tests/asgi/test_asgi_servers.py: 416.0293300151825
test_get in /home/kaiyaok2/PythonProjects/falcon/tests/asgi/test_asgi_servers.py: 431.6465446949005
test_post_multiple in /home/kaiyaok2/PythonProjects/falcon/tests/asgi/test_asgi_servers.py: 447.1984076499939
test_post_read_bounded_stream in /home/kaiyaok2/PythonProjects/falcon/tests/asgi/test_asgi_servers.py: 462.5691182613373
test_post_invalid_content_length in /home/kaiyaok2/PythonProjects/falcon/tests/asgi/test_asgi_servers.py: 477.9060378074646
test_sse_client_disconnects_early in /home/kaiyaok2/PythonProjects/falcon/tests/asgi/test_asgi_servers.py: 493.4075164794922
test_put in /home/kaiyaok2/PythonProjects/falcon/tests/asgi/test_asgi_servers.py: 508.8214485645294
test_post_multipart_form in /home/kaiyaok2/PythonProjects/falcon/tests/asgi/test_asgi_servers.py: 524.1376280784607
test_sse in /home/kaiyaok2/PythonProjects/falcon/tests/asgi/test_asgi_servers.py: 539.939909696579
test_post_read_bounded_stream_large in /home/kaiyaok2/PythonProjects/falcon/tests/asgi/test_asgi_servers.py: 555.4288766384125
test_post_multipart_form in /home/kaiyaok2/PythonProjects/falcon/tests/test_wsgi_servers.py: 659.4827935695648
test_static_file in /home/kaiyaok2/PythonProjects/falcon/tests/test_wsgi_servers.py: 689.7623362541199
test_static_file in /home/kaiyaok2/PythonProjects/falcon/tests/test_wsgi_servers.py: 719.8877220153809
test_static_file_byte_range in /home/kaiyaok2/PythonProjects/falcon/tests/test_wsgi_servers.py: 750.0823767185211
test_get_deprecated in /home/kaiyaok2/PythonProjects/falcon/tests/test_wsgi_servers.py: 780.5748307704926
test_get in /home/kaiyaok2/PythonProjects/falcon/tests/test_wsgi_servers.py: 810.9441409111023
test_static_file_byte_range in /home/kaiyaok2/PythonProjects/falcon/tests/test_wsgi_servers.py: 841.431661605835
test_static_file_byte_range in /home/kaiyaok2/PythonProjects/falcon/tests/test_wsgi_servers.py: 871.7100245952606
test_get_deprecated in /home/kaiyaok2/PythonProjects/falcon/tests/test_wsgi_servers.py: 902.044102191925
test_post_multipart_form in /home/kaiyaok2/PythonProjects/falcon/tests/test_wsgi_servers.py: 932.3849895000458
test_static_file_byte_range in /home/kaiyaok2/PythonProjects/falcon/tests/test_wsgi_servers.py: 962.7185409069061
test_static_file_byte_range in /home/kaiyaok2/PythonProjects/falcon/tests/test_wsgi_servers.py: 992.9311797618866
test_static_file_byte_range in /home/kaiyaok2/PythonProjects/falcon/tests/test_wsgi_servers.py: 1023.2694346904755
test_static_file_byte_range in /home/kaiyaok2/PythonProjects/falcon/tests/test_wsgi_servers.py: 1053.4435198307037
test_get in /home/kaiyaok2/PythonProjects/falcon/tests/test_wsgi_servers.py: 1083.8540573120117
test_static_file_byte_range in /home/kaiyaok2/PythonProjects/falcon/tests/test_wsgi_servers.py: 1114.2953879833221
test_jsonchema_validator in /home/kaiyaok2/PythonProjects/falcon/tests/asgi/test_cythonized_asgi.py: 1116.7036216259003
test_hooks in /home/kaiyaok2/PythonProjects/falcon/tests/asgi/test_cythonized_asgi.py: 1116.78973031044
test_status in /home/kaiyaok2/PythonProjects/falcon/tests/test_utils.py: 1120.3993961811066
test_simulate_remote_addr in /home/kaiyaok2/PythonProjects/falcon/tests/test_utils.py: 1120.6713185310364
test_query_string in /home/kaiyaok2/PythonProjects/falcon/tests/test_utils.py: 1120.8613801002502
test_query_string_in_path in /home/kaiyaok2/PythonProjects/falcon/tests/test_utils.py: 1121.0453934669495
test_simulate_remote_addr in /home/kaiyaok2/PythonProjects/falcon/tests/test_utils.py: 1121.2197363376617
test_cached_text_in_result in /home/kaiyaok2/PythonProjects/falcon/tests/test_utils.py: 1122.869348526001
test_default_headers in /home/kaiyaok2/PythonProjects/falcon/tests/test_utils.py: 1123.1275730133057
test_query_string_no_question in /home/kaiyaok2/PythonProjects/falcon/tests/test_utils.py: 1123.316376209259
test_override_method_with_extras in /home/kaiyaok2/PythonProjects/falcon/tests/test_utils.py: 1123.4461030960083
test_simulate_remote_addr in /home/kaiyaok2/PythonProjects/falcon/tests/test_utils.py: 1123.6567330360413
test_default_headers_with_override in /home/kaiyaok2/PythonProjects/falcon/tests/test_utils.py: 1125.0838494300842
test_simulate_hostname in /home/kaiyaok2/PythonProjects/falcon/tests/test_utils.py: 1125.2245180606842
test_path_must_start_with_slash in /home/kaiyaok2/PythonProjects/falcon/tests/test_utils.py: 1125.3649892807007
test_simulate_remote_addr in /home/kaiyaok2/PythonProjects/falcon/tests/test_utils.py: 1125.506798505783
test_simulate_remote_addr in /home/kaiyaok2/PythonProjects/falcon/tests/test_utils.py: 1125.6370735168457
test_int_converter_rejections in /home/kaiyaok2/PythonProjects/falcon/tests/test_uri_templates.py: 1126.5213146209717
test_multiple in /home/kaiyaok2/PythonProjects/falcon/tests/test_uri_templates.py: 1128.1277282238007
test_single_trailing_slash in /home/kaiyaok2/PythonProjects/falcon/tests/test_uri_templates.py: 1128.2714912891388
test_float_converter in /home/kaiyaok2/PythonProjects/falcon/tests/test_uri_templates.py: 1128.3814752101898
test_float_converter in /home/kaiyaok2/PythonProjects/falcon/tests/test_uri_templates.py: 1128.4810469150543
test_uuid_converter in /home/kaiyaok2/PythonProjects/falcon/tests/test_uri_templates.py: 1128.5773923397064
test_float_converter_non_finite_allowed in /home/kaiyaok2/PythonProjects/falcon/tests/test_uri_templates.py: 1128.6722157001495
test_float_converter in /home/kaiyaok2/PythonProjects/falcon/tests/test_uri_templates.py: 1128.7666234970093
test_int_converter in /home/kaiyaok2/PythonProjects/falcon/tests/test_uri_templates.py: 1128.875619649887
test_float_converter in /home/kaiyaok2/PythonProjects/falcon/tests/test_uri_templates.py: 1128.9762616157532
test_datetime_converter in /home/kaiyaok2/PythonProjects/falcon/tests/test_uri_templates.py: 1129.0596244335175
test_int_converter in /home/kaiyaok2/PythonProjects/falcon/tests/test_uri_templates.py: 1130.8706302642822
test_float_converter in /home/kaiyaok2/PythonProjects/falcon/tests/test_uri_templates.py: 1130.972924232483
test_single_path_segment in /home/kaiyaok2/PythonProjects/falcon/tests/test_uri_templates.py: 1131.0734131336212
test_no_vars in /home/kaiyaok2/PythonProjects/falcon/tests/test_uri_templates.py: 1131.1729412078857
test_single in /home/kaiyaok2/PythonProjects/falcon/tests/test_uri_templates.py: 1131.2706191539764
test_uuid_converter in /home/kaiyaok2/PythonProjects/falcon/tests/test_uri_templates.py: 1131.3595442771912
test_uuid_converter in /home/kaiyaok2/PythonProjects/falcon/tests/test_uri_templates.py: 1131.4802255630493
test_float_converter_non_finite_allowed in /home/kaiyaok2/PythonProjects/falcon/tests/test_uri_templates.py: 1131.5671548843384
test_with_and_without_trailing_slash in /home/kaiyaok2/PythonProjects/falcon/tests/test_uri_templates.py: 1131.7026290893555
test_uuid_converter in /home/kaiyaok2/PythonProjects/falcon/tests/test_uri_templates.py: 1131.7991137504578
test_uuid_converter_complex_segment in /home/kaiyaok2/PythonProjects/falcon/tests/test_uri_templates.py: 1133.39736866951
test_adding_suffix_routes in /home/kaiyaok2/PythonProjects/falcon/tests/test_uri_templates.py: 1133.4898624420166
test_float_converter in /home/kaiyaok2/PythonProjects/falcon/tests/test_uri_templates.py: 1133.590454339981
test_single in /home/kaiyaok2/PythonProjects/falcon/tests/test_uri_templates.py: 1133.6866931915283
test_single in /home/kaiyaok2/PythonProjects/falcon/tests/test_uri_templates.py: 1133.7766001224518
test_datetime_converter in /home/kaiyaok2/PythonProjects/falcon/tests/test_uri_templates.py: 1133.883152961731
test_uuid_converter in /home/kaiyaok2/PythonProjects/falcon/tests/test_uri_templates.py: 1133.977536201477
test_special_chars in /home/kaiyaok2/PythonProjects/falcon/tests/test_uri_templates.py: 1134.100804567337
test_float_converter in /home/kaiyaok2/PythonProjects/falcon/tests/test_uri_templates.py: 1134.2102451324463
test_datetime_converter in /home/kaiyaok2/PythonProjects/falcon/tests/test_uri_templates.py: 1135.8699157238007
test_float_converter_non_finite_disallowed in /home/kaiyaok2/PythonProjects/falcon/tests/test_uri_templates.py: 1135.9660203456879
test_float_converter in /home/kaiyaok2/PythonProjects/falcon/tests/test_uri_templates.py: 1136.0570030212402
test_converter_custom in /home/kaiyaok2/PythonProjects/falcon/tests/test_uri_templates.py: 1136.1445620059967
test_int_converter in /home/kaiyaok2/PythonProjects/falcon/tests/test_uri_templates.py: 1136.2493176460266
test_float_converter in /home/kaiyaok2/PythonProjects/falcon/tests/test_uri_templates.py: 1136.3492178916931
test_float_converter in /home/kaiyaok2/PythonProjects/falcon/tests/test_uri_templates.py: 1136.434678554535
test_float_converter in /home/kaiyaok2/PythonProjects/falcon/tests/test_uri_templates.py: 1136.5249681472778
test_int_converter_rejections in /home/kaiyaok2/PythonProjects/falcon/tests/test_uri_templates.py: 1136.6178617477417
test_uuid_converter in /home/kaiyaok2/PythonProjects/falcon/tests/test_uri_templates.py: 1136.7140476703644
test_float_converter in /home/kaiyaok2/PythonProjects/falcon/tests/test_uri_templates.py: 1136.8191170692444
test_float_converter_non_finite_allowed in /home/kaiyaok2/PythonProjects/falcon/tests/test_uri_templates.py: 1138.4655528068542
test_int_converter_rejections in /home/kaiyaok2/PythonProjects/falcon/tests/test_uri_templates.py: 1138.5673661231995
test_datetime_converter in /home/kaiyaok2/PythonProjects/falcon/tests/test_uri_templates.py: 1138.6774170398712
test_root_path in /home/kaiyaok2/PythonProjects/falcon/tests/test_uri_templates.py: 1138.7710025310516
test_converter_custom in /home/kaiyaok2/PythonProjects/falcon/tests/test_uri_templates.py: 1138.8661060333252
test_same_level_complex_var in /home/kaiyaok2/PythonProjects/falcon/tests/test_uri_templates.py: 1138.973403930664
test_int_converter in /home/kaiyaok2/PythonProjects/falcon/tests/test_uri_templates.py: 1139.0800349712372
test_converter_custom in /home/kaiyaok2/PythonProjects/falcon/tests/test_uri_templates.py: 1139.1734750270844
test_same_level_complex_var in /home/kaiyaok2/PythonProjects/falcon/tests/test_uri_templates.py: 1140.708123922348
test_with_and_without_trailing_slash in /home/kaiyaok2/PythonProjects/falcon/tests/test_uri_templates.py: 1140.8035144805908
test_stream_has_private_read in /home/kaiyaok2/PythonProjects/falcon/tests/test_cython.py: 1158.237728357315
test_imported_from_c_modules in /home/kaiyaok2/PythonProjects/falcon/tests/test_cython.py: 1158.2514362335205
test_raise_status_in_process_request in /home/kaiyaok2/PythonProjects/falcon/tests/test_httpstatus.py: 1158.5995879173279
test_raise_status_runs_process_response in /home/kaiyaok2/PythonProjects/falcon/tests/test_httpstatus.py: 1158.742436170578
test_raise_status_in_process_resource in /home/kaiyaok2/PythonProjects/falcon/tests/test_httpstatus.py: 1158.8667645454407
test_data_is_set in /home/kaiyaok2/PythonProjects/falcon/tests/test_httpstatus.py: 1158.9931771755219
test_body_is_set in /home/kaiyaok2/PythonProjects/falcon/tests/test_httpstatus.py: 1159.120097875595
test_media_is_set in /home/kaiyaok2/PythonProjects/falcon/tests/test_httpstatus.py: 1159.2327666282654
test_non_string_status in /home/kaiyaok2/PythonProjects/falcon/tests/test_httpstatus.py: 1159.3833491802216
test_non_string_status in /home/kaiyaok2/PythonProjects/falcon/tests/test_httpstatus.py: 1159.5211334228516
test_non_string_status in /home/kaiyaok2/PythonProjects/falcon/tests/test_httpstatus.py: 1159.6432361602783
test_non_string_status in /home/kaiyaok2/PythonProjects/falcon/tests/test_httpstatus.py: 1162.3809370994568
test_non_string_status in /home/kaiyaok2/PythonProjects/falcon/tests/test_httpstatus.py: 1162.5296363830566
test_non_string_status in /home/kaiyaok2/PythonProjects/falcon/tests/test_httpstatus.py: 1162.650069952011
test_non_string_status in /home/kaiyaok2/PythonProjects/falcon/tests/test_httpstatus.py: 1162.756163597107
test_non_string_status in /home/kaiyaok2/PythonProjects/falcon/tests/test_httpstatus.py: 1162.8710112571716
test_non_string_status in /home/kaiyaok2/PythonProjects/falcon/tests/test_httpstatus.py: 1162.9736306667328
test_non_string_status in /home/kaiyaok2/PythonProjects/falcon/tests/test_httpstatus.py: 1163.1330437660217
test_non_string_status in /home/kaiyaok2/PythonProjects/falcon/tests/test_httpstatus.py: 1163.3430502414703
test_non_string_status in /home/kaiyaok2/PythonProjects/falcon/tests/test_httpstatus.py: 1163.5126504898071
test_non_string_status in /home/kaiyaok2/PythonProjects/falcon/tests/test_httpstatus.py: 1163.6793558597565
test_non_string_status in /home/kaiyaok2/PythonProjects/falcon/tests/test_httpstatus.py: 1163.8165531158447
test_raise_status_in_responder in /home/kaiyaok2/PythonProjects/falcon/tests/test_httpstatus.py: 1166.920547246933
test_raise_status_in_before_hook in /home/kaiyaok2/PythonProjects/falcon/tests/test_httpstatus.py: 1167.0841927528381
test_raise_status_runs_after_hooks in /home/kaiyaok2/PythonProjects/falcon/tests/test_httpstatus.py: 1167.2474234104156
test_raise_status_survives_after_hooks in /home/kaiyaok2/PythonProjects/falcon/tests/test_httpstatus.py: 1167.4042766094208
test_raise_status_empty_body in /home/kaiyaok2/PythonProjects/falcon/tests/test_httpstatus.py: 1167.5459110736847
test_expose_headers in /home/kaiyaok2/PythonProjects/falcon/tests/test_cors_middleware.py: 1167.697497367859
test_allow_origin_allow_credential in /home/kaiyaok2/PythonProjects/falcon/tests/test_cors_middleware.py: 1167.8328382968903
test_allow_origin in /home/kaiyaok2/PythonProjects/falcon/tests/test_cors_middleware.py: 1168.053380727768
test_allow_credential_wildcard in /home/kaiyaok2/PythonProjects/falcon/tests/test_cors_middleware.py: 1168.3010883331299
test_allow_credential_existing_origin in /home/kaiyaok2/PythonProjects/falcon/tests/test_cors_middleware.py: 1168.4543442726135
test_expose_headers in /home/kaiyaok2/PythonProjects/falcon/tests/test_cors_middleware.py: 1171.6301853656769
test_allow_credential_list_or_str in /home/kaiyaok2/PythonProjects/falcon/tests/test_cors_middleware.py: 1171.8396301269531
test_allow_origin in /home/kaiyaok2/PythonProjects/falcon/tests/test_cors_middleware.py: 1171.9659972190857
test_allow_origin in /home/kaiyaok2/PythonProjects/falcon/tests/test_cors_middleware.py: 1172.1404056549072
test_allow_credential_list_or_str in /home/kaiyaok2/PythonProjects/falcon/tests/test_cors_middleware.py: 1172.2724006175995
test_expose_headers in /home/kaiyaok2/PythonProjects/falcon/tests/test_cors_middleware.py: 1172.4275751113892
test_enabled_cors_no_origin in /home/kaiyaok2/PythonProjects/falcon/tests/test_cors_middleware.py: 1172.5593214035034
test_enabled_cors_should_add_extra_headers_on_response in /home/kaiyaok2/PythonProjects/falcon/tests/test_cors_middleware.py: 1172.6860201358795
test_disabled_cors_should_not_add_any_extra_headers in /home/kaiyaok2/PythonProjects/falcon/tests/test_cors_middleware.py: 1172.821084022522
test_enabled_cors_handles_preflighting in /home/kaiyaok2/PythonProjects/falcon/tests/test_cors_middleware.py: 1172.9695127010345
test_enabled_cors_should_accept_all_origins_requests in /home/kaiyaok2/PythonProjects/falcon/tests/test_cors_middleware.py: 1173.1040122509003
test_enabled_cors_handles_preflighting_no_headers_in_req in /home/kaiyaok2/PythonProjects/falcon/tests/test_cors_middleware.py: 1173.2682762145996
test_add_sync_sink_with_wrapping in /home/kaiyaok2/PythonProjects/falcon/tests/test_sinks.py: 1173.6094286441803
test_route_precedence_with_id in /home/kaiyaok2/PythonProjects/falcon/tests/test_sinks.py: 1176.7184011936188
test_with_route in /home/kaiyaok2/PythonProjects/falcon/tests/test_sinks.py: 1176.9105896949768
test_route_precedence_with_both_id in /home/kaiyaok2/PythonProjects/falcon/tests/test_sinks.py: 1177.1476185321808
test_route_precedence in /home/kaiyaok2/PythonProjects/falcon/tests/test_sinks.py: 1177.2912864685059
test_put in /home/kaiyaok2/PythonProjects/falcon/tests/test_http_method_routing.py: 1177.455269575119
test_default_on_options in /home/kaiyaok2/PythonProjects/falcon/tests/test_http_method_routing.py: 1177.6271328926086
test_method_not_allowed_with_param in /home/kaiyaok2/PythonProjects/falcon/tests/test_http_method_routing.py: 1177.8025527000427
test_meta_and_others_disallowed in /home/kaiyaok2/PythonProjects/falcon/tests/test_http_method_routing.py: 1177.9287333488464
test_methods_not_allowed_simple in /home/kaiyaok2/PythonProjects/falcon/tests/test_http_method_routing.py: 1178.097440481186
test_on_options in /home/kaiyaok2/PythonProjects/falcon/tests/test_http_method_routing.py: 1178.2341792583466
test_methods_not_allowed_complex in /home/kaiyaok2/PythonProjects/falcon/tests/test_http_method_routing.py: 1181.623419046402
test_report in /home/kaiyaok2/PythonProjects/falcon/tests/test_http_method_routing.py: 1182.042028427124
test_meta_and_others_disallowed in /home/kaiyaok2/PythonProjects/falcon/tests/test_http_method_routing.py: 1182.2263453006744
test_misc in /home/kaiyaok2/PythonProjects/falcon/tests/test_http_method_routing.py: 1182.452368736267
test_post_not_allowed in /home/kaiyaok2/PythonProjects/falcon/tests/test_http_method_routing.py: 1182.6593837738037
test_get in /home/kaiyaok2/PythonProjects/falcon/tests/test_http_method_routing.py: 1182.7959966659546
test_piggybacking_resource_post_and_delete in /home/kaiyaok2/PythonProjects/falcon/tests/test_before_hooks.py: 1182.9373362064362
test_input_validator_inherited in /home/kaiyaok2/PythonProjects/falcon/tests/test_before_hooks.py: 1183.134287595749
test_wrapped_resource in /home/kaiyaok2/PythonProjects/falcon/tests/test_before_hooks.py: 1183.3042349815369
test_field_validator in /home/kaiyaok2/PythonProjects/falcon/tests/test_before_hooks.py: 1183.4788603782654
test_multiple_resource_hooks in /home/kaiyaok2/PythonProjects/falcon/tests/test_before_hooks.py: 1183.6388401985168
test_piggybacking_resource_post_item in /home/kaiyaok2/PythonProjects/falcon/tests/test_before_hooks.py: 1186.3335363864899
test_field_validator in /home/kaiyaok2/PythonProjects/falcon/tests/test_before_hooks.py: 1186.619750738144
test_input_validator in /home/kaiyaok2/PythonProjects/falcon/tests/test_before_hooks.py: 1186.8867330551147
test_field_validator in /home/kaiyaok2/PythonProjects/falcon/tests/test_before_hooks.py: 1187.1827409267426
test_wrapped_resource_with_hooks_aware_of_resource in /home/kaiyaok2/PythonProjects/falcon/tests/test_before_hooks.py: 1187.3806250095367
test_multiple_resource_hooks in /home/kaiyaok2/PythonProjects/falcon/tests/test_before_hooks.py: 1187.534143447876
test_param_validator in /home/kaiyaok2/PythonProjects/falcon/tests/test_before_hooks.py: 1187.693841934204
test_redirect in /home/kaiyaok2/PythonProjects/falcon/tests/test_redirects.py: 1189.1753642559052
test_redirect_with_headers in /home/kaiyaok2/PythonProjects/falcon/tests/test_redirects.py: 1189.3015625476837
test_redirect in /home/kaiyaok2/PythonProjects/falcon/tests/test_redirects.py: 1189.4583778381348
test_redirect in /home/kaiyaok2/PythonProjects/falcon/tests/test_redirects.py: 1192.2762124538422
test_redirect_with_headers in /home/kaiyaok2/PythonProjects/falcon/tests/test_redirects.py: 1192.431715965271
test_redirect_with_headers in /home/kaiyaok2/PythonProjects/falcon/tests/test_redirects.py: 1192.5870912075043
test_redirect_with_headers in /home/kaiyaok2/PythonProjects/falcon/tests/test_redirects.py: 1192.7357714176178
test_redirect in /home/kaiyaok2/PythonProjects/falcon/tests/test_redirects.py: 1192.8974838256836
test_redirect_with_headers in /home/kaiyaok2/PythonProjects/falcon/tests/test_redirects.py: 1193.035809993744
test_redirect in /home/kaiyaok2/PythonProjects/falcon/tests/test_redirects.py: 1193.1764032840729
test_dont_auto_parse_by_default in /home/kaiyaok2/PythonProjects/falcon/tests/test_query_params.py: 1193.5079066753387
test_option_auto_parse_qs_csv_multiple_fields_true in /home/kaiyaok2/PythonProjects/falcon/tests/test_query_params.py: 1193.733271598816
test_list_transformer in /home/kaiyaok2/PythonProjects/falcon/tests/test_query_params.py: 1194.005964756012
test_get_datetime_store in /home/kaiyaok2/PythonProjects/falcon/tests/test_query_params.py: 1197.3708536624908
test_get_date_invalid in /home/kaiyaok2/PythonProjects/falcon/tests/test_query_params.py: 1197.581068277359
test_param_property in /home/kaiyaok2/PythonProjects/falcon/tests/test_query_params.py: 1197.8260724544525
test_option_auto_parse_qs_csv_multiple_fields_true in /home/kaiyaok2/PythonProjects/falcon/tests/test_query_params.py: 1198.1708052158356
test_multiple_keys_as_float in /home/kaiyaok2/PythonProjects/falcon/tests/test_query_params.py: 1198.3461792469025
test_required in /home/kaiyaok2/PythonProjects/falcon/tests/test_query_params.py: 1198.546992778778
test_float in /home/kaiyaok2/PythonProjects/falcon/tests/test_query_params.py: 1198.8136298656464
test_option_auto_parse_qs_csv_simple_false in /home/kaiyaok2/PythonProjects/falcon/tests/test_query_params.py: 1201.4469485282898
test_int in /home/kaiyaok2/PythonProjects/falcon/tests/test_query_params.py: 1201.5924317836761
test_get_date_missing_param in /home/kaiyaok2/PythonProjects/falcon/tests/test_query_params.py: 1201.7644810676575
test_get_date_valid_with_format in /home/kaiyaok2/PythonProjects/falcon/tests/test_query_params.py: 1201.9200510978699
test_option_auto_parse_qs_csv_multiple_fields_true in /home/kaiyaok2/PythonProjects/falcon/tests/test_query_params.py: 1202.0656757354736
test_get_datetime_valid in /home/kaiyaok2/PythonProjects/falcon/tests/test_query_params.py: 1202.2061274051666
test_required in /home/kaiyaok2/PythonProjects/falcon/tests/test_query_params.py: 1202.4073984622955
test_required in /home/kaiyaok2/PythonProjects/falcon/tests/test_query_params.py: 1204.6213965415955
test_param_property in /home/kaiyaok2/PythonProjects/falcon/tests/test_query_params.py: 1204.7422921657562
test_multiple_form_keys_as_list in /home/kaiyaok2/PythonProjects/falcon/tests/test_query_params.py: 1204.8526587486267
test_required in /home/kaiyaok2/PythonProjects/falcon/tests/test_query_params.py: 1204.9706826210022
test_option_auto_parse_qs_csv_complex_false in /home/kaiyaok2/PythonProjects/falcon/tests/test_query_params.py: 1205.1410315036774
test_none in /home/kaiyaok2/PythonProjects/falcon/tests/test_query_params.py: 1205.3245208263397
test_simple in /home/kaiyaok2/PythonProjects/falcon/tests/test_query_params.py: 1205.4867994785309
test_list_type_blank in /home/kaiyaok2/PythonProjects/falcon/tests/test_query_params.py: 1207.3617005348206
test_get_date_valid in /home/kaiyaok2/PythonProjects/falcon/tests/test_query_params.py: 1207.4963309764862
test_get_date_store in /home/kaiyaok2/PythonProjects/falcon/tests/test_query_params.py: 1207.6570518016815
test_float_neg in /home/kaiyaok2/PythonProjects/falcon/tests/test_query_params.py: 1207.809362411499
test_default in /home/kaiyaok2/PythonProjects/falcon/tests/test_query_params.py: 1207.9511768817902
test_option_auto_parse_qs_csv_multiple_fields_true in /home/kaiyaok2/PythonProjects/falcon/tests/test_query_params.py: 1208.1089940071106
test_multiple_form_keys in /home/kaiyaok2/PythonProjects/falcon/tests/test_query_params.py: 1208.24245595932
test_blank in /home/kaiyaok2/PythonProjects/falcon/tests/test_query_params.py: 1210.2207627296448
test_get_datetime_valid in /home/kaiyaok2/PythonProjects/falcon/tests/test_query_params.py: 1210.3555648326874
test_bad_percentage in /home/kaiyaok2/PythonProjects/falcon/tests/test_query_params.py: 1210.51291680336
test_boolean_blank in /home/kaiyaok2/PythonProjects/falcon/tests/test_query_params.py: 1210.7520816326141
test_get_param_as_json_no_handler_json in /home/kaiyaok2/PythonProjects/falcon/tests/test_query_params.py: 1210.9845378398895
test_option_auto_parse_qs_csv_multiple_fields_false in /home/kaiyaok2/PythonProjects/falcon/tests/test_query_params.py: 1211.1626088619232
test_multiple_keys_as_int in /home/kaiyaok2/PythonProjects/falcon/tests/test_query_params.py: 1211.3498890399933
test_get_dict_store in /home/kaiyaok2/PythonProjects/falcon/tests/test_query_params.py: 1213.8443222045898
test_int in /home/kaiyaok2/PythonProjects/falcon/tests/test_query_params.py: 1214.0367586612701
test_get_datetime_missing_param in /home/kaiyaok2/PythonProjects/falcon/tests/test_query_params.py: 1214.2130222320557
test_multiple_form_keys in /home/kaiyaok2/PythonProjects/falcon/tests/test_query_params.py: 1214.342033624649
test_get_datetime_missing_param in /home/kaiyaok2/PythonProjects/falcon/tests/test_query_params.py: 1214.4707131385803
test_required in /home/kaiyaok2/PythonProjects/falcon/tests/test_query_params.py: 1214.6492884159088
test_boolean in /home/kaiyaok2/PythonProjects/falcon/tests/test_query_params.py: 1214.815724849701
test_uuid in /home/kaiyaok2/PythonProjects/falcon/tests/test_query_params.py: 1214.9639298915863
test_option_auto_parse_qs_csv_multiple_fields_true in /home/kaiyaok2/PythonProjects/falcon/tests/test_query_params.py: 1217.1648607254028
test_uuid in /home/kaiyaok2/PythonProjects/falcon/tests/test_query_params.py: 1217.3222386837006
test_default_auto_parse_csv_behaviour in /home/kaiyaok2/PythonProjects/falcon/tests/test_query_params.py: 1217.465588569641
test_default_auto_parse_csv_behaviour in /home/kaiyaok2/PythonProjects/falcon/tests/test_query_params.py: 1217.6237707138062
test_get_dict_missing_param in /home/kaiyaok2/PythonProjects/falcon/tests/test_query_params.py: 1217.7671084403992
test_required in /home/kaiyaok2/PythonProjects/falcon/tests/test_query_params.py: 1217.9224100112915
test_option_auto_parse_qs_csv_multiple_fields_true in /home/kaiyaok2/PythonProjects/falcon/tests/test_query_params.py: 1220.1435794830322
test_blank in /home/kaiyaok2/PythonProjects/falcon/tests/test_query_params.py: 1220.3142795562744
test_multiple_form_keys_as_list in /home/kaiyaok2/PythonProjects/falcon/tests/test_query_params.py: 1220.4310019016266
test_option_auto_parse_qs_csv_multiple_fields_true in /home/kaiyaok2/PythonProjects/falcon/tests/test_query_params.py: 1220.5416486263275
test_simple in /home/kaiyaok2/PythonProjects/falcon/tests/test_query_params.py: 1220.6612617969513
test_float in /home/kaiyaok2/PythonProjects/falcon/tests/test_query_params.py: 1220.793606519699
test_int_neg in /home/kaiyaok2/PythonProjects/falcon/tests/test_query_params.py: 1220.9392030239105
test_required in /home/kaiyaok2/PythonProjects/falcon/tests/test_query_params.py: 1221.088091135025
test_option_auto_parse_qs_csv_multiple_fields_true in /home/kaiyaok2/PythonProjects/falcon/tests/test_query_params.py: 1223.3342308998108
test_percent_encoded in /home/kaiyaok2/PythonProjects/falcon/tests/test_query_params.py: 1223.4575452804565
test_int_neg in /home/kaiyaok2/PythonProjects/falcon/tests/test_query_params.py: 1223.635686159134
test_option_auto_parse_qs_csv_multiple_fields_true in /home/kaiyaok2/PythonProjects/falcon/tests/test_query_params.py: 1223.7520544528961
test_get_datetime_invalid in /home/kaiyaok2/PythonProjects/falcon/tests/test_query_params.py: 1223.9100732803345
test_boolean in /home/kaiyaok2/PythonProjects/falcon/tests/test_query_params.py: 1224.023505449295
test_get_param_as_json_handler_json in /home/kaiyaok2/PythonProjects/falcon/tests/test_query_params.py: 1224.2223806381226
test_none in /home/kaiyaok2/PythonProjects/falcon/tests/test_query_params.py: 1226.708188533783
test_float_neg in /home/kaiyaok2/PythonProjects/falcon/tests/test_query_params.py: 1226.8545181751251
test_multiple_keys_as_float in /home/kaiyaok2/PythonProjects/falcon/tests/test_query_params.py: 1226.9927725791931
test_option_auto_parse_qs_csv_multiple_fields_true in /home/kaiyaok2/PythonProjects/falcon/tests/test_query_params.py: 1227.1214048862457
test_get_datetime_valid_with_format in /home/kaiyaok2/PythonProjects/falcon/tests/test_query_params.py: 1227.2675800323486
test_get_dict_store in /home/kaiyaok2/PythonProjects/falcon/tests/test_query_params.py: 1227.424785375595
test_multiple_keys_as_int in /home/kaiyaok2/PythonProjects/falcon/tests/test_query_params.py: 1227.6337673664093
test_option_auto_parse_qs_csv_simple_true in /home/kaiyaok2/PythonProjects/falcon/tests/test_query_params.py: 1230.6154537200928
test_option_auto_parse_qs_csv_simple_false in /home/kaiyaok2/PythonProjects/falcon/tests/test_query_params.py: 1230.835960149765
test_get_dict_invalid in /home/kaiyaok2/PythonProjects/falcon/tests/test_query_params.py: 1231.0147233009338
test_required in /home/kaiyaok2/PythonProjects/falcon/tests/test_query_params.py: 1231.1596829891205
test_get_dict_invalid in /home/kaiyaok2/PythonProjects/falcon/tests/test_query_params.py: 1231.3147764205933
test_option_auto_parse_qs_csv_multiple_fields_true in /home/kaiyaok2/PythonProjects/falcon/tests/test_query_params.py: 1231.4738643169403
test_list_transformer in /home/kaiyaok2/PythonProjects/falcon/tests/test_query_params.py: 1231.6332650184631
test_default in /home/kaiyaok2/PythonProjects/falcon/tests/test_query_params.py: 1231.8100686073303
test_get_date_store in /home/kaiyaok2/PythonProjects/falcon/tests/test_query_params.py: 1234.0657670497894
test_has_param in /home/kaiyaok2/PythonProjects/falcon/tests/test_query_params.py: 1234.2406811714172
test_allowed_names in /home/kaiyaok2/PythonProjects/falcon/tests/test_query_params.py: 1234.4228055477142
test_get_date_invalid in /home/kaiyaok2/PythonProjects/falcon/tests/test_query_params.py: 1234.5570466518402
test_required in /home/kaiyaok2/PythonProjects/falcon/tests/test_query_params.py: 1234.6822383403778
test_bad_percentage in /home/kaiyaok2/PythonProjects/falcon/tests/test_query_params.py: 1234.8110094070435
test_required in /home/kaiyaok2/PythonProjects/falcon/tests/test_query_params.py: 1234.9419305324554
test_option_auto_parse_qs_csv_simple_true in /home/kaiyaok2/PythonProjects/falcon/tests/test_query_params.py: 1237.5581541061401
test_list_type in /home/kaiyaok2/PythonProjects/falcon/tests/test_query_params.py: 1237.7543177604675
test_required in /home/kaiyaok2/PythonProjects/falcon/tests/test_query_params.py: 1237.9976994991302
test_percent_encoded in /home/kaiyaok2/PythonProjects/falcon/tests/test_query_params.py: 1238.1593084335327
test_option_auto_parse_qs_csv_multiple_fields_true in /home/kaiyaok2/PythonProjects/falcon/tests/test_query_params.py: 1238.3608901500702
test_option_auto_parse_qs_csv_complex_false in /home/kaiyaok2/PythonProjects/falcon/tests/test_query_params.py: 1238.5490958690643
test_get_date_valid in /home/kaiyaok2/PythonProjects/falcon/tests/test_query_params.py: 1238.704925775528
test_list_type_blank in /home/kaiyaok2/PythonProjects/falcon/tests/test_query_params.py: 1241.3534421920776
test_multiple_keys_as_bool in /home/kaiyaok2/PythonProjects/falcon/tests/test_query_params.py: 1241.5119080543518
test_multiple_keys_as_bool in /home/kaiyaok2/PythonProjects/falcon/tests/test_query_params.py: 1241.6588773727417
test_get_dict_missing_param in /home/kaiyaok2/PythonProjects/falcon/tests/test_query_params.py: 1241.779726266861
test_required in /home/kaiyaok2/PythonProjects/falcon/tests/test_query_params.py: 1241.9024806022644
test_option_auto_parse_qs_csv_multiple_fields_true in /home/kaiyaok2/PythonProjects/falcon/tests/test_query_params.py: 1242.050800561905
test_get_dict_valid in /home/kaiyaok2/PythonProjects/falcon/tests/test_query_params.py: 1242.2262415885925
test_boolean_blank in /home/kaiyaok2/PythonProjects/falcon/tests/test_query_params.py: 1244.6671497821808
test_option_auto_parse_qs_csv_multiple_fields_true in /home/kaiyaok2/PythonProjects/falcon/tests/test_query_params.py: 1244.840264081955
test_get_datetime_valid_with_format in /home/kaiyaok2/PythonProjects/falcon/tests/test_query_params.py: 1245.014904975891
test_option_auto_parse_qs_csv_multiple_fields_true in /home/kaiyaok2/PythonProjects/falcon/tests/test_query_params.py: 1245.1743741035461
test_option_auto_parse_qs_csv_multiple_fields_true in /home/kaiyaok2/PythonProjects/falcon/tests/test_query_params.py: 1245.346858739853
test_get_date_valid_with_format in /home/kaiyaok2/PythonProjects/falcon/tests/test_query_params.py: 1245.4942879676819
test_get_date_missing_param in /home/kaiyaok2/PythonProjects/falcon/tests/test_query_params.py: 1245.6673982143402
test_list_type in /home/kaiyaok2/PythonProjects/falcon/tests/test_query_params.py: 1248.4267451763153
test_option_auto_parse_qs_csv_multiple_fields_true in /home/kaiyaok2/PythonProjects/falcon/tests/test_query_params.py: 1248.5792157649994
test_option_auto_parse_qs_csv_multiple_fields_true in /home/kaiyaok2/PythonProjects/falcon/tests/test_query_params.py: 1248.717271566391
test_has_param in /home/kaiyaok2/PythonProjects/falcon/tests/test_query_params.py: 1248.8563284873962
test_option_auto_parse_qs_csv_multiple_fields_false in /home/kaiyaok2/PythonProjects/falcon/tests/test_query_params.py: 1249.047311782837
test_allowed_names in /home/kaiyaok2/PythonProjects/falcon/tests/test_query_params.py: 1249.2368190288544
test_get_datetime_invalid in /home/kaiyaok2/PythonProjects/falcon/tests/test_query_params.py: 1249.4071598052979
test_get_dict_valid in /home/kaiyaok2/PythonProjects/falcon/tests/test_query_params.py: 1251.6189579963684
test_get_datetime_store in /home/kaiyaok2/PythonProjects/falcon/tests/test_query_params.py: 1251.7905626296997
test_http_methods_body_expected in /home/kaiyaok2/PythonProjects/falcon/tests/test_query_params.py: 1251.9819240570068
test_http_methods_body_expected in /home/kaiyaok2/PythonProjects/falcon/tests/test_query_params.py: 1252.15274143219
test_explicitly_disable_auto_parse in /home/kaiyaok2/PythonProjects/falcon/tests/test_query_params.py: 1252.3229179382324
test_http_methods_body_not_expected in /home/kaiyaok2/PythonProjects/falcon/tests/test_query_params.py: 1252.4732348918915
test_non_ascii in /home/kaiyaok2/PythonProjects/falcon/tests/test_query_params.py: 1252.6671285629272
test_http_methods_body_expected in /home/kaiyaok2/PythonProjects/falcon/tests/test_query_params.py: 1255.6760799884796
test_empty_body in /home/kaiyaok2/PythonProjects/falcon/tests/test_query_params.py: 1255.8215658664703
test_http_methods_body_not_expected in /home/kaiyaok2/PythonProjects/falcon/tests/test_query_params.py: 1255.9490671157837
test_http_methods_body_expected in /home/kaiyaok2/PythonProjects/falcon/tests/test_query_params.py: 1256.0810589790344
test_asgi_raises_error in /home/kaiyaok2/PythonProjects/falcon/tests/test_query_params.py: 1256.2035846710205
test_empty_body_no_content_length in /home/kaiyaok2/PythonProjects/falcon/tests/test_query_params.py: 1256.3956139087677
test_http_methods_body_expected in /home/kaiyaok2/PythonProjects/falcon/tests/test_query_params.py: 1256.5261425971985
test_custom_error_serializer_optional_representation in /home/kaiyaok2/PythonProjects/falcon/tests/test_httperror.py: 1258.656625032425
test_custom_error_serializer_optional_representation in /home/kaiyaok2/PythonProjects/falcon/tests/test_httperror.py: 1258.9417078495026
test_414 in /home/kaiyaok2/PythonProjects/falcon/tests/test_httperror.py: 1259.2322940826416
test_404_without_body in /home/kaiyaok2/PythonProjects/falcon/tests/test_httperror.py: 1259.4529345035553
test_invalid_param in /home/kaiyaok2/PythonProjects/falcon/tests/test_httperror.py: 1259.639565229416
test_temporary_413_integer_retry_after in /home/kaiyaok2/PythonProjects/falcon/tests/test_httperror.py: 1259.8026812076569
test_title_default_message_if_none in /home/kaiyaok2/PythonProjects/falcon/tests/test_httperror.py: 1259.962164402008
test_misc in /home/kaiyaok2/PythonProjects/falcon/tests/test_httperror.py: 1260.0989210605621
test_414_with_description in /home/kaiyaok2/PythonProjects/falcon/tests/test_httperror.py: 1261.8465514183044
test_429_datetime in /home/kaiyaok2/PythonProjects/falcon/tests/test_httperror.py: 1261.971267938614
test_serialize_no_json_media_handler in /home/kaiyaok2/PythonProjects/falcon/tests/test_httperror.py: 1262.0787136554718
test_503_datetime_retry_after in /home/kaiyaok2/PythonProjects/falcon/tests/test_httperror.py: 1262.2139689922333
test_forbidden in /home/kaiyaok2/PythonProjects/falcon/tests/test_httperror.py: 1262.3234169483185
test_401 in /home/kaiyaok2/PythonProjects/falcon/tests/test_httperror.py: 1262.4316980838776
test_410_without_body in /home/kaiyaok2/PythonProjects/falcon/tests/test_httperror.py: 1262.5408329963684
test_414_with_title in /home/kaiyaok2/PythonProjects/falcon/tests/test_httperror.py: 1262.6737689971924
test_missing_param in /home/kaiyaok2/PythonProjects/falcon/tests/test_httperror.py: 1265.1493475437164
test_404_with_body in /home/kaiyaok2/PythonProjects/falcon/tests/test_httperror.py: 1265.2628326416016
test_client_does_not_accept_anything in /home/kaiyaok2/PythonProjects/falcon/tests/test_httperror.py: 1265.3900315761566
test_414_with_custom_kwargs in /home/kaiyaok2/PythonProjects/falcon/tests/test_httperror.py: 1265.4983985424042
test_405_without_body_with_extra_headers_double_check in /home/kaiyaok2/PythonProjects/falcon/tests/test_httperror.py: 1265.6059103012085
test_unicode_json in /home/kaiyaok2/PythonProjects/falcon/tests/test_httperror.py: 1265.7118275165558
test_epic_fail_xml in /home/kaiyaok2/PythonProjects/falcon/tests/test_httperror.py: 1265.8424835205078
test_base_class in /home/kaiyaok2/PythonProjects/falcon/tests/test_httperror.py: 1265.9567251205444
test_416 in /home/kaiyaok2/PythonProjects/falcon/tests/test_httperror.py: 1268.3160989284515
test_title_default_message_if_none in /home/kaiyaok2/PythonProjects/falcon/tests/test_httperror.py: 1268.4369633197784
test_custom_error_serializer_optional_representation in /home/kaiyaok2/PythonProjects/falcon/tests/test_httperror.py: 1268.5528635978699
test_no_description_xml in /home/kaiyaok2/PythonProjects/falcon/tests/test_httperror.py: 1268.6752660274506
test_410_with_body in /home/kaiyaok2/PythonProjects/falcon/tests/test_httperror.py: 1268.7814230918884
test_429 in /home/kaiyaok2/PythonProjects/falcon/tests/test_httperror.py: 1268.900741815567
test_411 in /home/kaiyaok2/PythonProjects/falcon/tests/test_httperror.py: 1269.0179810523987
test_epic_fail_json in /home/kaiyaok2/PythonProjects/falcon/tests/test_httperror.py: 1269.1363468170166
test_invalid_header in /home/kaiyaok2/PythonProjects/falcon/tests/test_httperror.py: 1269.254183292389
test_forbidden in /home/kaiyaok2/PythonProjects/falcon/tests/test_httperror.py: 1271.068261384964
test_custom_serializer_no_representation in /home/kaiyaok2/PythonProjects/falcon/tests/test_httperror.py: 1271.1872882843018
test_custom_error_serializer_optional_representation in /home/kaiyaok2/PythonProjects/falcon/tests/test_httperror.py: 1271.302083015442
test_title_default_message_if_none in /home/kaiyaok2/PythonProjects/falcon/tests/test_httperror.py: 1271.4091997146606
test_client_does_not_accept_json_or_xml in /home/kaiyaok2/PythonProjects/falcon/tests/test_httperror.py: 1271.5460324287415
test_429_no_retry_after in /home/kaiyaok2/PythonProjects/falcon/tests/test_httperror.py: 1271.7760298252106
test_temporary_413_datetime_retry_after in /home/kaiyaok2/PythonProjects/falcon/tests/test_httperror.py: 1271.922126531601
test_title_default_message_if_none in /home/kaiyaok2/PythonProjects/falcon/tests/test_httperror.py: 1272.1391813755035
test_serialize_error_uses_media_handler in /home/kaiyaok2/PythonProjects/falcon/tests/test_httperror.py: 1274.3708577156067
test_forbidden in /home/kaiyaok2/PythonProjects/falcon/tests/test_httperror.py: 1274.4943783283234
test_epic_fail_xml in /home/kaiyaok2/PythonProjects/falcon/tests/test_httperror.py: 1274.6047661304474
test_title_default_message_if_none in /home/kaiyaok2/PythonProjects/falcon/tests/test_httperror.py: 1274.7273163795471
test_503_integer_retry_after in /home/kaiyaok2/PythonProjects/falcon/tests/test_httperror.py: 1274.8503749370575
test_missing_header in /home/kaiyaok2/PythonProjects/falcon/tests/test_httperror.py: 1274.9605705738068
test_405_without_body_with_extra_headers in /home/kaiyaok2/PythonProjects/falcon/tests/test_httperror.py: 1275.0634055137634
test_unicode_xml in /home/kaiyaok2/PythonProjects/falcon/tests/test_httperror.py: 1275.18315076828
test_epic_fail_xml in /home/kaiyaok2/PythonProjects/falcon/tests/test_httperror.py: 1277.099838733673
test_no_description_json in /home/kaiyaok2/PythonProjects/falcon/tests/test_httperror.py: 1277.2711713314056
test_405_with_body in /home/kaiyaok2/PythonProjects/falcon/tests/test_httperror.py: 1277.4188644886017
test_epic_fail_xml in /home/kaiyaok2/PythonProjects/falcon/tests/test_httperror.py: 1277.5509068965912
test_custom_error_serializer in /home/kaiyaok2/PythonProjects/falcon/tests/test_httperror.py: 1277.6911301612854
test_413 in /home/kaiyaok2/PythonProjects/falcon/tests/test_httperror.py: 1277.8306665420532
test_405_without_body in /home/kaiyaok2/PythonProjects/falcon/tests/test_httperror.py: 1278.0108642578125
test_title_default_message_if_none in /home/kaiyaok2/PythonProjects/falcon/tests/test_httperror.py: 1278.1608922481537
test_load_app_error in /home/kaiyaok2/PythonProjects/falcon/tests/test_cmd_inspect_app.py: 1279.5943202972412
test_load_app in /home/kaiyaok2/PythonProjects/falcon/tests/test_cmd_inspect_app.py: 1279.7016830444336
test_load_app_error in /home/kaiyaok2/PythonProjects/falcon/tests/test_cmd_inspect_app.py: 1279.8186433315277
test_load_app_error in /home/kaiyaok2/PythonProjects/falcon/tests/test_cmd_inspect_app.py: 1279.9348621368408
test_load_app in /home/kaiyaok2/PythonProjects/falcon/tests/test_cmd_inspect_app.py: 1280.0486755371094
test_routes_only in /home/kaiyaok2/PythonProjects/falcon/tests/test_cmd_inspect_app.py: 1280.162841796875
test_inspect in /home/kaiyaok2/PythonProjects/falcon/tests/test_cmd_inspect_app.py: 1280.274474143982
test_routes_only in /home/kaiyaok2/PythonProjects/falcon/tests/test_cmd_inspect_app.py: 1280.377611875534
test_routes_only in /home/kaiyaok2/PythonProjects/falcon/tests/test_cmd_inspect_app.py: 1280.4556214809418
test_inspect in /home/kaiyaok2/PythonProjects/falcon/tests/test_cmd_inspect_app.py: 1280.528683423996
test_inspect in /home/kaiyaok2/PythonProjects/falcon/tests/test_cmd_inspect_app.py: 1280.6032938957214
test_routes_only in /home/kaiyaok2/PythonProjects/falcon/tests/test_cmd_inspect_app.py: 1280.6720340251923
test_inspect in /home/kaiyaok2/PythonProjects/falcon/tests/test_cmd_inspect_app.py: 1280.7457020282745
test_error_composed_before_resp_middleware_called in /home/kaiyaok2/PythonProjects/falcon/tests/test_middleware.py: 1296.72323179245
test_http_status_raised_from_error_handler in /home/kaiyaok2/PythonProjects/falcon/tests/test_middleware.py: 1296.8687715530396
test_generate_trans_id_with_request in /home/kaiyaok2/PythonProjects/falcon/tests/test_middleware.py: 1298.8876011371613
test_api_initialization_with_cors_enabled_and_middleware_param in /home/kaiyaok2/PythonProjects/falcon/tests/test_middleware.py: 1298.9966633319855
test_api_initialization_with_cors_enabled_and_middleware_param in /home/kaiyaok2/PythonProjects/falcon/tests/test_middleware.py: 1299.094605922699
test_api_initialization_with_cors_enabled_and_middleware_param in /home/kaiyaok2/PythonProjects/falcon/tests/test_middleware.py: 1299.196882724762
test_api_initialization_with_cors_enabled_and_middleware_param in /home/kaiyaok2/PythonProjects/falcon/tests/test_middleware.py: 1299.2958309650421
test_log_get_request in /home/kaiyaok2/PythonProjects/falcon/tests/test_middleware.py: 1299.4060966968536
test_response_middleware_raises_exception in /home/kaiyaok2/PythonProjects/falcon/tests/test_middleware.py: 1299.5052120685577
test_skip_process_resource in /home/kaiyaok2/PythonProjects/falcon/tests/test_middleware.py: 1299.6438002586365
test_log_get_request in /home/kaiyaok2/PythonProjects/falcon/tests/test_middleware.py: 1299.8232769966125
test_can_access_resource_params in /home/kaiyaok2/PythonProjects/falcon/tests/test_middleware.py: 1301.9625437259674
test_can_access_resource_params in /home/kaiyaok2/PythonProjects/falcon/tests/test_middleware.py: 1302.066864490509
test_base_path_is_removed_before_routing in /home/kaiyaok2/PythonProjects/falcon/tests/test_middleware.py: 1302.1693654060364
test_dont_need_params_in_signature in /home/kaiyaok2/PythonProjects/falcon/tests/test_middleware.py: 1302.2734911441803
test_generate_trans_id_and_time_with_request in /home/kaiyaok2/PythonProjects/falcon/tests/test_middleware.py: 1302.3671252727509
test_middleware_execution_order in /home/kaiyaok2/PythonProjects/falcon/tests/test_middleware.py: 1302.4707927703857
test_order_independent_mw_executed_when_exception_in_rsrc in /home/kaiyaok2/PythonProjects/falcon/tests/test_middleware.py: 1302.5718975067139
test_order_mw_executed_when_exception_in_rsrc in /home/kaiyaok2/PythonProjects/falcon/tests/test_middleware.py: 1302.6619486808777
test_order_independent_mw_executed_when_exception_in_resp in /home/kaiyaok2/PythonProjects/falcon/tests/test_middleware.py: 1302.7552602291107
test_outer_mw_with_ex_handler_throw_exception in /home/kaiyaok2/PythonProjects/falcon/tests/test_middleware.py: 1302.8618273735046
test_inner_mw_throw_exception_while_processing_resp in /home/kaiyaok2/PythonProjects/falcon/tests/test_middleware.py: 1302.9848923683167
test_order_mw_executed_when_exception_in_req in /home/kaiyaok2/PythonProjects/falcon/tests/test_middleware.py: 1304.7877213954926
test_order_independent_mw_executed_when_exception_in_req in /home/kaiyaok2/PythonProjects/falcon/tests/test_middleware.py: 1304.939636707306
test_generate_trans_id_and_time_with_request in /home/kaiyaok2/PythonProjects/falcon/tests/test_middleware.py: 1305.0865976810455
test_order_mw_executed_when_exception_in_resp in /home/kaiyaok2/PythonProjects/falcon/tests/test_middleware.py: 1305.2184109687805
test_legacy_middleware_called_with_correct_args in /home/kaiyaok2/PythonProjects/falcon/tests/test_middleware.py: 1305.3466699123383
test_multiple_response_mw_throw_exception in /home/kaiyaok2/PythonProjects/falcon/tests/test_middleware.py: 1305.477296590805
test_independent_middleware_execution_order in /home/kaiyaok2/PythonProjects/falcon/tests/test_middleware.py: 1305.6214509010315
test_inner_mw_with_ex_handler_throw_exception in /home/kaiyaok2/PythonProjects/falcon/tests/test_middleware.py: 1305.7660310268402
test_inner_mw_throw_exception in /home/kaiyaok2/PythonProjects/falcon/tests/test_middleware.py: 1305.8940224647522
test_process_request_cached in /home/kaiyaok2/PythonProjects/falcon/tests/test_middleware.py: 1306.0347476005554
test_process_resource_cached in /home/kaiyaok2/PythonProjects/falcon/tests/test_middleware.py: 1307.739783525467
test_process_resource_cached in /home/kaiyaok2/PythonProjects/falcon/tests/test_middleware.py: 1307.9055309295654
test_process_request_cached in /home/kaiyaok2/PythonProjects/falcon/tests/test_middleware.py: 1308.067927122116
test_process_request_not_cached in /home/kaiyaok2/PythonProjects/falcon/tests/test_middleware.py: 1308.223019361496
