test_static_file_byte_range in /home/kaiyaok2/PythonProjects/falcon/tests/test_wsgi_servers.py: 33.35773777961731
test_get in /home/kaiyaok2/PythonProjects/falcon/tests/test_wsgi_servers.py: 64.09849405288696
test_static_file_byte_range in /home/kaiyaok2/PythonProjects/falcon/tests/test_wsgi_servers.py: 94.63297820091248
test_get in /home/kaiyaok2/PythonProjects/falcon/tests/test_wsgi_servers.py: 125.23693656921387
test_static_file_byte_range in /home/kaiyaok2/PythonProjects/falcon/tests/test_wsgi_servers.py: 155.94630026817322
test_static_file_byte_range in /home/kaiyaok2/PythonProjects/falcon/tests/test_wsgi_servers.py: 186.51996541023254
test_static_file in /home/kaiyaok2/PythonProjects/falcon/tests/test_wsgi_servers.py: 216.86205887794495
test_static_file_byte_range in /home/kaiyaok2/PythonProjects/falcon/tests/test_wsgi_servers.py: 247.27892017364502
test_static_file in /home/kaiyaok2/PythonProjects/falcon/tests/test_wsgi_servers.py: 277.8090298175812
test_post_multipart_form in /home/kaiyaok2/PythonProjects/falcon/tests/test_wsgi_servers.py: 308.32946276664734
test_post_multipart_form in /home/kaiyaok2/PythonProjects/falcon/tests/test_wsgi_servers.py: 338.8632028102875
test_get_deprecated in /home/kaiyaok2/PythonProjects/falcon/tests/test_wsgi_servers.py: 369.397013425827
test_get_deprecated in /home/kaiyaok2/PythonProjects/falcon/tests/test_wsgi_servers.py: 399.8355014324188
test_static_file_byte_range in /home/kaiyaok2/PythonProjects/falcon/tests/test_wsgi_servers.py: 430.71959376335144
test_static_file_byte_range in /home/kaiyaok2/PythonProjects/falcon/tests/test_wsgi_servers.py: 461.37541604042053
test_static_file_byte_range in /home/kaiyaok2/PythonProjects/falcon/tests/test_wsgi_servers.py: 492.222829580307
test_imported_from_c_modules in /home/kaiyaok2/PythonProjects/falcon/tests/test_cython.py: 655.1963610649109
test_stream_has_private_read in /home/kaiyaok2/PythonProjects/falcon/tests/test_cython.py: 655.28440284729
test_inspect in /home/kaiyaok2/PythonProjects/falcon/tests/test_cmd_inspect_app.py: 783.0215790271759
test_routes_only in /home/kaiyaok2/PythonProjects/falcon/tests/test_cmd_inspect_app.py: 784.2106094360352
test_inspect in /home/kaiyaok2/PythonProjects/falcon/tests/test_cmd_inspect_app.py: 785.4396843910217
test_inspect in /home/kaiyaok2/PythonProjects/falcon/tests/test_cmd_inspect_app.py: 786.4187197685242
test_routes_only in /home/kaiyaok2/PythonProjects/falcon/tests/test_cmd_inspect_app.py: 787.4653561115265
test_inspect in /home/kaiyaok2/PythonProjects/falcon/tests/test_cmd_inspect_app.py: 788.8907043933868
test_routes_only in /home/kaiyaok2/PythonProjects/falcon/tests/test_cmd_inspect_app.py: 790.1748468875885
test_routes_only in /home/kaiyaok2/PythonProjects/falcon/tests/test_cmd_inspect_app.py: 791.4704899787903
test_load_app in /home/kaiyaok2/PythonProjects/falcon/tests/test_cmd_inspect_app.py: 792.850465297699
test_load_app_error in /home/kaiyaok2/PythonProjects/falcon/tests/test_cmd_inspect_app.py: 794.2959384918213
test_load_app in /home/kaiyaok2/PythonProjects/falcon/tests/test_cmd_inspect_app.py: 795.2688844203949
test_load_app_error in /home/kaiyaok2/PythonProjects/falcon/tests/test_cmd_inspect_app.py: 796.2181296348572
test_load_app_error in /home/kaiyaok2/PythonProjects/falcon/tests/test_cmd_inspect_app.py: 797.470000743866
test_close_code_on_unhandled_http_error in /home/kaiyaok2/PythonProjects/falcon/tests/asgi/test_asgi_servers.py: 803.0156478881836
test_hello in /home/kaiyaok2/PythonProjects/falcon/tests/asgi/test_asgi_servers.py: 808.4933400154114
test_recv_before_accept in /home/kaiyaok2/PythonProjects/falcon/tests/asgi/test_asgi_servers.py: 819.2198448181152
test_rejected in /home/kaiyaok2/PythonProjects/falcon/tests/asgi/test_asgi_servers.py: 829.7616505622864
test_send_before_accept in /home/kaiyaok2/PythonProjects/falcon/tests/asgi/test_asgi_servers.py: 835.371164560318
test_rejected in /home/kaiyaok2/PythonProjects/falcon/tests/asgi/test_asgi_servers.py: 841.807343006134
test_rejected in /home/kaiyaok2/PythonProjects/falcon/tests/asgi/test_asgi_servers.py: 857.4369902610779
test_select_subprotocol_unknown in /home/kaiyaok2/PythonProjects/falcon/tests/asgi/test_asgi_servers.py: 863.4279160499573
test_close_code_on_unhandled_error in /home/kaiyaok2/PythonProjects/falcon/tests/asgi/test_asgi_servers.py: 868.7848734855652
test_hello in /home/kaiyaok2/PythonProjects/falcon/tests/asgi/test_asgi_servers.py: 884.5908782482147
test_type_mismatch in /home/kaiyaok2/PythonProjects/falcon/tests/asgi/test_asgi_servers.py: 895.1970615386963
test_select_subprotocol_known in /home/kaiyaok2/PythonProjects/falcon/tests/asgi/test_asgi_servers.py: 910.5681653022766
test_missing_responder in /home/kaiyaok2/PythonProjects/falcon/tests/asgi/test_asgi_servers.py: 926.2405443191528
test_invalid_close_code in /home/kaiyaok2/PythonProjects/falcon/tests/asgi/test_asgi_servers.py: 931.9538359642029
test_passing_path_params in /home/kaiyaok2/PythonProjects/falcon/tests/asgi/test_asgi_servers.py: 937.4591631889343
test_rejected in /home/kaiyaok2/PythonProjects/falcon/tests/asgi/test_asgi_servers.py: 956.6379463672638
test_type_mismatch in /home/kaiyaok2/PythonProjects/falcon/tests/asgi/test_asgi_servers.py: 962.0849270820618
test_type_mismatch in /home/kaiyaok2/PythonProjects/falcon/tests/asgi/test_asgi_servers.py: 967.4028615951538
test_disconnecting_client_early in /home/kaiyaok2/PythonProjects/falcon/tests/asgi/test_asgi_servers.py: 972.8679838180542
test_hello in /home/kaiyaok2/PythonProjects/falcon/tests/asgi/test_asgi_servers.py: 988.5035598278046
test_type_mismatch in /home/kaiyaok2/PythonProjects/falcon/tests/asgi/test_asgi_servers.py: 1004.4670324325562
test_select_subprotocol_known in /home/kaiyaok2/PythonProjects/falcon/tests/asgi/test_asgi_servers.py: 1009.8529689311981
test_hello in /home/kaiyaok2/PythonProjects/falcon/tests/asgi/test_asgi_servers.py: 1025.3404331207275
test_sse in /home/kaiyaok2/PythonProjects/falcon/tests/asgi/test_asgi_servers.py: 1030.8188557624817
test_post_read_bounded_stream in /home/kaiyaok2/PythonProjects/falcon/tests/asgi/test_asgi_servers.py: 1046.645601272583
test_get in /home/kaiyaok2/PythonProjects/falcon/tests/asgi/test_asgi_servers.py: 1057.1804873943329
test_post_multiple in /home/kaiyaok2/PythonProjects/falcon/tests/asgi/test_asgi_servers.py: 1072.9031727313995
test_put in /home/kaiyaok2/PythonProjects/falcon/tests/asgi/test_asgi_servers.py: 1088.757090806961
test_stream_chunked_request in /home/kaiyaok2/PythonProjects/falcon/tests/asgi/test_asgi_servers.py: 1099.6555666923523
test_post_read_bounded_stream_no_body in /home/kaiyaok2/PythonProjects/falcon/tests/asgi/test_asgi_servers.py: 1115.2440226078033
test_sse_client_disconnects_early in /home/kaiyaok2/PythonProjects/falcon/tests/asgi/test_asgi_servers.py: 1130.8555557727814
test_post_multipart_form in /home/kaiyaok2/PythonProjects/falcon/tests/asgi/test_asgi_servers.py: 1146.460735797882
test_post_invalid_content_length in /home/kaiyaok2/PythonProjects/falcon/tests/asgi/test_asgi_servers.py: 1152.2077279090881
test_post_read_bounded_stream_large in /home/kaiyaok2/PythonProjects/falcon/tests/asgi/test_asgi_servers.py: 1157.5869431495667
test_head_405 in /home/kaiyaok2/PythonProjects/falcon/tests/asgi/test_asgi_servers.py: 1163.4871697425842
