test_hooks in /home/kaiyaok2/PythonProjects/falcon/tests/asgi/test_cythonized_asgi.py: 44.86970925331116
test_jsonchema_validator in /home/kaiyaok2/PythonProjects/falcon/tests/asgi/test_cythonized_asgi.py: 44.97020125389099
test_redirect_with_headers in /home/kaiyaok2/PythonProjects/falcon/tests/test_redirects.py: 45.244205713272095
test_redirect_with_headers in /home/kaiyaok2/PythonProjects/falcon/tests/test_redirects.py: 47.32487607002258
test_redirect_with_headers in /home/kaiyaok2/PythonProjects/falcon/tests/test_redirects.py: 47.42408013343811
test_redirect_with_headers in /home/kaiyaok2/PythonProjects/falcon/tests/test_redirects.py: 47.52308130264282
test_redirect in /home/kaiyaok2/PythonProjects/falcon/tests/test_redirects.py: 47.62044334411621
test_redirect in /home/kaiyaok2/PythonProjects/falcon/tests/test_redirects.py: 47.74276304244995
test_redirect in /home/kaiyaok2/PythonProjects/falcon/tests/test_redirects.py: 47.83271336555481
test_redirect in /home/kaiyaok2/PythonProjects/falcon/tests/test_redirects.py: 47.95452046394348
test_redirect in /home/kaiyaok2/PythonProjects/falcon/tests/test_redirects.py: 48.08057641983032
test_redirect_with_headers in /home/kaiyaok2/PythonProjects/falcon/tests/test_redirects.py: 48.20373463630676
test_non_string_status in /home/kaiyaok2/PythonProjects/falcon/tests/test_httpstatus.py: 48.30538272857666
test_non_string_status in /home/kaiyaok2/PythonProjects/falcon/tests/test_httpstatus.py: 50.39580059051514
test_non_string_status in /home/kaiyaok2/PythonProjects/falcon/tests/test_httpstatus.py: 50.52241230010986
test_non_string_status in /home/kaiyaok2/PythonProjects/falcon/tests/test_httpstatus.py: 50.628830432891846
test_non_string_status in /home/kaiyaok2/PythonProjects/falcon/tests/test_httpstatus.py: 50.73736524581909
test_non_string_status in /home/kaiyaok2/PythonProjects/falcon/tests/test_httpstatus.py: 50.839555501937866
test_non_string_status in /home/kaiyaok2/PythonProjects/falcon/tests/test_httpstatus.py: 50.94361233711243
test_non_string_status in /home/kaiyaok2/PythonProjects/falcon/tests/test_httpstatus.py: 51.048848152160645
test_non_string_status in /home/kaiyaok2/PythonProjects/falcon/tests/test_httpstatus.py: 51.1491265296936
test_non_string_status in /home/kaiyaok2/PythonProjects/falcon/tests/test_httpstatus.py: 53.30985975265503
test_non_string_status in /home/kaiyaok2/PythonProjects/falcon/tests/test_httpstatus.py: 53.4399516582489
test_non_string_status in /home/kaiyaok2/PythonProjects/falcon/tests/test_httpstatus.py: 53.5435004234314
test_non_string_status in /home/kaiyaok2/PythonProjects/falcon/tests/test_httpstatus.py: 53.67218375205994
test_non_string_status in /home/kaiyaok2/PythonProjects/falcon/tests/test_httpstatus.py: 53.79097604751587
test_wrapped_resource in /home/kaiyaok2/PythonProjects/falcon/tests/test_after_hooks.py: 53.89908409118652
test_wrapped_resource in /home/kaiyaok2/PythonProjects/falcon/tests/test_after_hooks.py: 54.003076791763306
test_resource_with_uri_fields in /home/kaiyaok2/PythonProjects/falcon/tests/test_after_hooks.py: 54.107847690582275
test_resource_with_uri_fields in /home/kaiyaok2/PythonProjects/falcon/tests/test_after_hooks.py: 56.262489557266235
test_wrapped_resource_with_hooks_aware_of_resource in /home/kaiyaok2/PythonProjects/falcon/tests/test_after_hooks.py: 56.38611578941345
test_select_subprotocol_unknown in /home/kaiyaok2/PythonProjects/falcon/tests/asgi/test_asgi_servers.py: 71.83378338813782
test_select_subprotocol_known in /home/kaiyaok2/PythonProjects/falcon/tests/asgi/test_asgi_servers.py: 87.19188809394836
test_rejected in /home/kaiyaok2/PythonProjects/falcon/tests/asgi/test_asgi_servers.py: 102.6431622505188
test_type_mismatch in /home/kaiyaok2/PythonProjects/falcon/tests/asgi/test_asgi_servers.py: 118.08406662940979
test_rejected in /home/kaiyaok2/PythonProjects/falcon/tests/asgi/test_asgi_servers.py: 133.39284253120422
test_hello in /home/kaiyaok2/PythonProjects/falcon/tests/asgi/test_asgi_servers.py: 148.91539025306702
test_recv_before_accept in /home/kaiyaok2/PythonProjects/falcon/tests/asgi/test_asgi_servers.py: 164.2477011680603
test_type_mismatch in /home/kaiyaok2/PythonProjects/falcon/tests/asgi/test_asgi_servers.py: 179.55489778518677
test_rejected in /home/kaiyaok2/PythonProjects/falcon/tests/asgi/test_asgi_servers.py: 194.9513819217682
test_type_mismatch in /home/kaiyaok2/PythonProjects/falcon/tests/asgi/test_asgi_servers.py: 210.45470309257507
test_disconnecting_client_early in /home/kaiyaok2/PythonProjects/falcon/tests/asgi/test_asgi_servers.py: 225.94497299194336
test_close_code_on_unhandled_error in /home/kaiyaok2/PythonProjects/falcon/tests/asgi/test_asgi_servers.py: 241.31484842300415
test_type_mismatch in /home/kaiyaok2/PythonProjects/falcon/tests/asgi/test_asgi_servers.py: 256.81293630599976
test_close_code_on_unhandled_http_error in /home/kaiyaok2/PythonProjects/falcon/tests/asgi/test_asgi_servers.py: 272.30403304100037
test_hello in /home/kaiyaok2/PythonProjects/falcon/tests/asgi/test_asgi_servers.py: 287.77333641052246
test_passing_path_params in /home/kaiyaok2/PythonProjects/falcon/tests/asgi/test_asgi_servers.py: 303.2290349006653
test_send_before_accept in /home/kaiyaok2/PythonProjects/falcon/tests/asgi/test_asgi_servers.py: 318.5357277393341
test_hello in /home/kaiyaok2/PythonProjects/falcon/tests/asgi/test_asgi_servers.py: 333.8678755760193
test_rejected in /home/kaiyaok2/PythonProjects/falcon/tests/asgi/test_asgi_servers.py: 349.1242341995239
test_missing_responder in /home/kaiyaok2/PythonProjects/falcon/tests/asgi/test_asgi_servers.py: 364.397314786911
test_invalid_close_code in /home/kaiyaok2/PythonProjects/falcon/tests/asgi/test_asgi_servers.py: 379.75589060783386
test_hello in /home/kaiyaok2/PythonProjects/falcon/tests/asgi/test_asgi_servers.py: 395.3175311088562
test_select_subprotocol_known in /home/kaiyaok2/PythonProjects/falcon/tests/asgi/test_asgi_servers.py: 410.719357252121
test_post_multiple in /home/kaiyaok2/PythonProjects/falcon/tests/asgi/test_asgi_servers.py: 426.08322262763977
test_post_invalid_content_length in /home/kaiyaok2/PythonProjects/falcon/tests/asgi/test_asgi_servers.py: 441.5226876735687
test_post_read_bounded_stream in /home/kaiyaok2/PythonProjects/falcon/tests/asgi/test_asgi_servers.py: 457.11610102653503
test_head_405 in /home/kaiyaok2/PythonProjects/falcon/tests/asgi/test_asgi_servers.py: 472.8063042163849
test_put in /home/kaiyaok2/PythonProjects/falcon/tests/asgi/test_asgi_servers.py: 488.22346568107605
test_post_read_bounded_stream_no_body in /home/kaiyaok2/PythonProjects/falcon/tests/asgi/test_asgi_servers.py: 503.82604241371155
test_stream_chunked_request in /home/kaiyaok2/PythonProjects/falcon/tests/asgi/test_asgi_servers.py: 519.1541793346405
test_post_multipart_form in /home/kaiyaok2/PythonProjects/falcon/tests/asgi/test_asgi_servers.py: 534.4458336830139
test_post_read_bounded_stream_large in /home/kaiyaok2/PythonProjects/falcon/tests/asgi/test_asgi_servers.py: 549.5935788154602
test_sse_client_disconnects_early in /home/kaiyaok2/PythonProjects/falcon/tests/asgi/test_asgi_servers.py: 565.0121741294861
test_get in /home/kaiyaok2/PythonProjects/falcon/tests/asgi/test_asgi_servers.py: 580.4961621761322
test_sse in /home/kaiyaok2/PythonProjects/falcon/tests/asgi/test_asgi_servers.py: 595.7803254127502
test_response_body_rendition_error in /home/kaiyaok2/PythonProjects/falcon/tests/test_response_body.py: 596.6481988430023
test_content_length_set_on_head_with_no_body in /home/kaiyaok2/PythonProjects/falcon/tests/test_response_body.py: 596.7619411945343
test_unsupported_response_content_type in /home/kaiyaok2/PythonProjects/falcon/tests/test_response_body.py: 596.8590722084045
test_allow_origin in /home/kaiyaok2/PythonProjects/falcon/tests/test_cors_middleware.py: 601.9221847057343
test_allow_origin in /home/kaiyaok2/PythonProjects/falcon/tests/test_cors_middleware.py: 602.1211981773376
test_expose_headers in /home/kaiyaok2/PythonProjects/falcon/tests/test_cors_middleware.py: 602.2397198677063
test_allow_credential_existing_origin in /home/kaiyaok2/PythonProjects/falcon/tests/test_cors_middleware.py: 602.3464949131012
test_allow_origin_allow_credential in /home/kaiyaok2/PythonProjects/falcon/tests/test_cors_middleware.py: 602.4409468173981
test_allow_credential_list_or_str in /home/kaiyaok2/PythonProjects/falcon/tests/test_cors_middleware.py: 602.530163526535
test_allow_origin in /home/kaiyaok2/PythonProjects/falcon/tests/test_cors_middleware.py: 602.6265587806702
test_allow_credential_wildcard in /home/kaiyaok2/PythonProjects/falcon/tests/test_cors_middleware.py: 602.7307162284851
test_allow_credential_list_or_str in /home/kaiyaok2/PythonProjects/falcon/tests/test_cors_middleware.py: 602.8146114349365
test_expose_headers in /home/kaiyaok2/PythonProjects/falcon/tests/test_cors_middleware.py: 602.8984220027924
test_expose_headers in /home/kaiyaok2/PythonProjects/falcon/tests/test_cors_middleware.py: 605.725536108017
test_enabled_cors_should_accept_all_origins_requests in /home/kaiyaok2/PythonProjects/falcon/tests/test_cors_middleware.py: 606.119877576828
test_disabled_cors_should_not_add_any_extra_headers in /home/kaiyaok2/PythonProjects/falcon/tests/test_cors_middleware.py: 606.4557948112488
test_enabled_cors_handles_preflighting_no_headers_in_req in /home/kaiyaok2/PythonProjects/falcon/tests/test_cors_middleware.py: 606.693368434906
test_enabled_cors_should_add_extra_headers_on_response in /home/kaiyaok2/PythonProjects/falcon/tests/test_cors_middleware.py: 606.8273298740387
test_enabled_cors_handles_preflighting in /home/kaiyaok2/PythonProjects/falcon/tests/test_cors_middleware.py: 606.9626474380493
test_enabled_cors_no_origin in /home/kaiyaok2/PythonProjects/falcon/tests/test_cors_middleware.py: 607.1047003269196
test_methods_not_allowed_complex in /home/kaiyaok2/PythonProjects/falcon/tests/test_http_method_routing.py: 607.2639744281769
test_get in /home/kaiyaok2/PythonProjects/falcon/tests/test_http_method_routing.py: 607.400152683258
test_meta_and_others_disallowed in /home/kaiyaok2/PythonProjects/falcon/tests/test_http_method_routing.py: 607.5129046440125
test_default_on_options in /home/kaiyaok2/PythonProjects/falcon/tests/test_http_method_routing.py: 607.6387341022491
test_misc in /home/kaiyaok2/PythonProjects/falcon/tests/test_http_method_routing.py: 609.45627617836
test_meta_and_others_disallowed in /home/kaiyaok2/PythonProjects/falcon/tests/test_http_method_routing.py: 609.5806846618652
test_report in /home/kaiyaok2/PythonProjects/falcon/tests/test_http_method_routing.py: 609.7183997631073
test_on_options in /home/kaiyaok2/PythonProjects/falcon/tests/test_http_method_routing.py: 609.8971629142761
test_method_not_allowed_with_param in /home/kaiyaok2/PythonProjects/falcon/tests/test_http_method_routing.py: 610.0791175365448
test_put in /home/kaiyaok2/PythonProjects/falcon/tests/test_http_method_routing.py: 610.2272348403931
test_methods_not_allowed_simple in /home/kaiyaok2/PythonProjects/falcon/tests/test_http_method_routing.py: 610.4063057899475
test_post_not_allowed in /home/kaiyaok2/PythonProjects/falcon/tests/test_http_method_routing.py: 610.6197865009308
test_boolean_blank in /home/kaiyaok2/PythonProjects/falcon/tests/test_query_params.py: 611.282253742218
test_multiple_form_keys_as_list in /home/kaiyaok2/PythonProjects/falcon/tests/test_query_params.py: 614.4676718711853
test_get_dict_valid in /home/kaiyaok2/PythonProjects/falcon/tests/test_query_params.py: 614.6818215847015
test_required in /home/kaiyaok2/PythonProjects/falcon/tests/test_query_params.py: 614.8921060562134
test_simple in /home/kaiyaok2/PythonProjects/falcon/tests/test_query_params.py: 615.0713093280792
test_list_type in /home/kaiyaok2/PythonProjects/falcon/tests/test_query_params.py: 615.2576909065247
test_none in /home/kaiyaok2/PythonProjects/falcon/tests/test_query_params.py: 615.396208524704
test_option_auto_parse_qs_csv_multiple_fields_true in /home/kaiyaok2/PythonProjects/falcon/tests/test_query_params.py: 617.4099316596985
test_get_datetime_missing_param in /home/kaiyaok2/PythonProjects/falcon/tests/test_query_params.py: 617.5449631214142
test_get_date_invalid in /home/kaiyaok2/PythonProjects/falcon/tests/test_query_params.py: 617.6713328361511
test_float in /home/kaiyaok2/PythonProjects/falcon/tests/test_query_params.py: 617.7862405776978
test_required in /home/kaiyaok2/PythonProjects/falcon/tests/test_query_params.py: 617.9275934696198
test_option_auto_parse_qs_csv_multiple_fields_true in /home/kaiyaok2/PythonProjects/falcon/tests/test_query_params.py: 618.0439910888672
test_required in /home/kaiyaok2/PythonProjects/falcon/tests/test_query_params.py: 618.1839032173157
test_get_dict_invalid in /home/kaiyaok2/PythonProjects/falcon/tests/test_query_params.py: 620.1069390773773
test_option_auto_parse_qs_csv_multiple_fields_true in /home/kaiyaok2/PythonProjects/falcon/tests/test_query_params.py: 620.3187491893768
test_get_datetime_store in /home/kaiyaok2/PythonProjects/falcon/tests/test_query_params.py: 620.6100752353668
test_get_datetime_valid in /home/kaiyaok2/PythonProjects/falcon/tests/test_query_params.py: 620.8772542476654
test_get_datetime_valid in /home/kaiyaok2/PythonProjects/falcon/tests/test_query_params.py: 621.251784324646
test_option_auto_parse_qs_csv_multiple_fields_true in /home/kaiyaok2/PythonProjects/falcon/tests/test_query_params.py: 624.5604493618011
test_get_datetime_missing_param in /home/kaiyaok2/PythonProjects/falcon/tests/test_query_params.py: 624.7175498008728
test_none in /home/kaiyaok2/PythonProjects/falcon/tests/test_query_params.py: 624.8412001132965
test_bad_percentage in /home/kaiyaok2/PythonProjects/falcon/tests/test_query_params.py: 624.9943406581879
test_blank in /home/kaiyaok2/PythonProjects/falcon/tests/test_query_params.py: 625.1121907234192
test_list_transformer in /home/kaiyaok2/PythonProjects/falcon/tests/test_query_params.py: 625.2279460430145
test_option_auto_parse_qs_csv_multiple_fields_true in /home/kaiyaok2/PythonProjects/falcon/tests/test_query_params.py: 627.2037372589111
test_int in /home/kaiyaok2/PythonProjects/falcon/tests/test_query_params.py: 627.420273065567
test_float_neg in /home/kaiyaok2/PythonProjects/falcon/tests/test_query_params.py: 627.5862984657288
test_option_auto_parse_qs_csv_simple_true in /home/kaiyaok2/PythonProjects/falcon/tests/test_query_params.py: 627.7111940383911
test_get_param_as_json_handler_json in /home/kaiyaok2/PythonProjects/falcon/tests/test_query_params.py: 627.8800621032715
test_option_auto_parse_qs_csv_multiple_fields_true in /home/kaiyaok2/PythonProjects/falcon/tests/test_query_params.py: 628.0859088897705
test_required in /home/kaiyaok2/PythonProjects/falcon/tests/test_query_params.py: 628.2955341339111
test_get_dict_missing_param in /home/kaiyaok2/PythonProjects/falcon/tests/test_query_params.py: 630.676275730133
test_multiple_keys_as_bool in /home/kaiyaok2/PythonProjects/falcon/tests/test_query_params.py: 630.814071893692
test_get_dict_valid in /home/kaiyaok2/PythonProjects/falcon/tests/test_query_params.py: 630.992169380188
test_allowed_names in /home/kaiyaok2/PythonProjects/falcon/tests/test_query_params.py: 631.150416135788
test_multiple_form_keys_as_list in /home/kaiyaok2/PythonProjects/falcon/tests/test_query_params.py: 631.3077256679535
test_default_auto_parse_csv_behaviour in /home/kaiyaok2/PythonProjects/falcon/tests/test_query_params.py: 631.4668538570404
test_get_date_missing_param in /home/kaiyaok2/PythonProjects/falcon/tests/test_query_params.py: 631.6265144348145
test_uuid in /home/kaiyaok2/PythonProjects/falcon/tests/test_query_params.py: 634.145975112915
test_option_auto_parse_qs_csv_multiple_fields_true in /home/kaiyaok2/PythonProjects/falcon/tests/test_query_params.py: 634.308828830719
test_uuid in /home/kaiyaok2/PythonProjects/falcon/tests/test_query_params.py: 634.4643604755402
test_option_auto_parse_qs_csv_multiple_fields_false in /home/kaiyaok2/PythonProjects/falcon/tests/test_query_params.py: 634.5931408405304
test_option_auto_parse_qs_csv_multiple_fields_true in /home/kaiyaok2/PythonProjects/falcon/tests/test_query_params.py: 634.6996479034424
test_required in /home/kaiyaok2/PythonProjects/falcon/tests/test_query_params.py: 634.7996609210968
test_get_datetime_valid_with_format in /home/kaiyaok2/PythonProjects/falcon/tests/test_query_params.py: 636.4176058769226
test_list_type_blank in /home/kaiyaok2/PythonProjects/falcon/tests/test_query_params.py: 636.5327117443085
test_option_auto_parse_qs_csv_simple_true in /home/kaiyaok2/PythonProjects/falcon/tests/test_query_params.py: 636.6423151493073
test_get_param_as_json_no_handler_json in /home/kaiyaok2/PythonProjects/falcon/tests/test_query_params.py: 636.7406537532806
test_option_auto_parse_qs_csv_multiple_fields_true in /home/kaiyaok2/PythonProjects/falcon/tests/test_query_params.py: 636.8409581184387
test_float_neg in /home/kaiyaok2/PythonProjects/falcon/tests/test_query_params.py: 636.9411103725433
test_option_auto_parse_qs_csv_multiple_fields_true in /home/kaiyaok2/PythonProjects/falcon/tests/test_query_params.py: 638.90913438797
test_float in /home/kaiyaok2/PythonProjects/falcon/tests/test_query_params.py: 639.0691831111908
test_percent_encoded in /home/kaiyaok2/PythonProjects/falcon/tests/test_query_params.py: 639.267343044281
test_list_type_blank in /home/kaiyaok2/PythonProjects/falcon/tests/test_query_params.py: 639.4607326984406
test_option_auto_parse_qs_csv_multiple_fields_true in /home/kaiyaok2/PythonProjects/falcon/tests/test_query_params.py: 639.649934053421
test_required in /home/kaiyaok2/PythonProjects/falcon/tests/test_query_params.py: 639.8439679145813
test_get_dict_store in /home/kaiyaok2/PythonProjects/falcon/tests/test_query_params.py: 641.9796586036682
test_has_param in /home/kaiyaok2/PythonProjects/falcon/tests/test_query_params.py: 642.1755330562592
test_boolean in /home/kaiyaok2/PythonProjects/falcon/tests/test_query_params.py: 642.3626413345337
test_multiple_form_keys in /home/kaiyaok2/PythonProjects/falcon/tests/test_query_params.py: 642.5259113311768
test_get_datetime_valid_with_format in /home/kaiyaok2/PythonProjects/falcon/tests/test_query_params.py: 642.7201342582703
test_option_auto_parse_qs_csv_multiple_fields_true in /home/kaiyaok2/PythonProjects/falcon/tests/test_query_params.py: 642.8566288948059
test_option_auto_parse_qs_csv_simple_false in /home/kaiyaok2/PythonProjects/falcon/tests/test_query_params.py: 642.9864144325256
test_get_date_valid in /home/kaiyaok2/PythonProjects/falcon/tests/test_query_params.py: 644.9548711776733
test_get_dict_invalid in /home/kaiyaok2/PythonProjects/falcon/tests/test_query_params.py: 645.1284484863281
test_get_date_store in /home/kaiyaok2/PythonProjects/falcon/tests/test_query_params.py: 645.3700470924377
test_multiple_keys_as_bool in /home/kaiyaok2/PythonProjects/falcon/tests/test_query_params.py: 645.5065155029297
test_int_neg in /home/kaiyaok2/PythonProjects/falcon/tests/test_query_params.py: 645.6727612018585
test_default_auto_parse_csv_behaviour in /home/kaiyaok2/PythonProjects/falcon/tests/test_query_params.py: 645.8571286201477
test_multiple_keys_as_float in /home/kaiyaok2/PythonProjects/falcon/tests/test_query_params.py: 648.37682056427
test_bad_percentage in /home/kaiyaok2/PythonProjects/falcon/tests/test_query_params.py: 648.5422830581665
test_list_type in /home/kaiyaok2/PythonProjects/falcon/tests/test_query_params.py: 648.6878657341003
test_boolean in /home/kaiyaok2/PythonProjects/falcon/tests/test_query_params.py: 648.8646211624146
test_get_datetime_store in /home/kaiyaok2/PythonProjects/falcon/tests/test_query_params.py: 648.9950234889984
test_blank in /home/kaiyaok2/PythonProjects/falcon/tests/test_query_params.py: 649.1335074901581
test_get_date_missing_param in /home/kaiyaok2/PythonProjects/falcon/tests/test_query_params.py: 651.1407999992371
test_get_dict_store in /home/kaiyaok2/PythonProjects/falcon/tests/test_query_params.py: 651.3188509941101
test_get_datetime_invalid in /home/kaiyaok2/PythonProjects/falcon/tests/test_query_params.py: 651.4253332614899
test_default in /home/kaiyaok2/PythonProjects/falcon/tests/test_query_params.py: 651.5335969924927
test_default in /home/kaiyaok2/PythonProjects/falcon/tests/test_query_params.py: 651.6455655097961
test_required in /home/kaiyaok2/PythonProjects/falcon/tests/test_query_params.py: 651.7447330951691
test_allowed_names in /home/kaiyaok2/PythonProjects/falcon/tests/test_query_params.py: 651.8505127429962
test_option_auto_parse_qs_csv_multiple_fields_true in /home/kaiyaok2/PythonProjects/falcon/tests/test_query_params.py: 653.5379419326782
test_required in /home/kaiyaok2/PythonProjects/falcon/tests/test_query_params.py: 653.7023439407349
test_option_auto_parse_qs_csv_simple_false in /home/kaiyaok2/PythonProjects/falcon/tests/test_query_params.py: 653.8370909690857
test_option_auto_parse_qs_csv_complex_false in /home/kaiyaok2/PythonProjects/falcon/tests/test_query_params.py: 653.976292848587
test_option_auto_parse_qs_csv_complex_false in /home/kaiyaok2/PythonProjects/falcon/tests/test_query_params.py: 654.1803169250488
test_has_param in /home/kaiyaok2/PythonProjects/falcon/tests/test_query_params.py: 654.4051253795624
test_option_auto_parse_qs_csv_multiple_fields_true in /home/kaiyaok2/PythonProjects/falcon/tests/test_query_params.py: 656.4947426319122
test_multiple_keys_as_int in /home/kaiyaok2/PythonProjects/falcon/tests/test_query_params.py: 656.6582548618317
test_multiple_form_keys in /home/kaiyaok2/PythonProjects/falcon/tests/test_query_params.py: 656.8084561824799
test_get_dict_missing_param in /home/kaiyaok2/PythonProjects/falcon/tests/test_query_params.py: 656.994957447052
test_required in /home/kaiyaok2/PythonProjects/falcon/tests/test_query_params.py: 657.1585509777069
test_option_auto_parse_qs_csv_multiple_fields_true in /home/kaiyaok2/PythonProjects/falcon/tests/test_query_params.py: 659.6461493968964
test_boolean_blank in /home/kaiyaok2/PythonProjects/falcon/tests/test_query_params.py: 659.8694920539856
test_simple in /home/kaiyaok2/PythonProjects/falcon/tests/test_query_params.py: 660.0952959060669
test_option_auto_parse_qs_csv_multiple_fields_true in /home/kaiyaok2/PythonProjects/falcon/tests/test_query_params.py: 660.3557825088501
test_get_date_valid in /home/kaiyaok2/PythonProjects/falcon/tests/test_query_params.py: 660.5979316234589
test_int in /home/kaiyaok2/PythonProjects/falcon/tests/test_query_params.py: 660.7748243808746
test_option_auto_parse_qs_csv_multiple_fields_true in /home/kaiyaok2/PythonProjects/falcon/tests/test_query_params.py: 660.957560300827
test_required in /home/kaiyaok2/PythonProjects/falcon/tests/test_query_params.py: 661.0874354839325
test_percent_encoded in /home/kaiyaok2/PythonProjects/falcon/tests/test_query_params.py: 663.0887897014618
test_option_auto_parse_qs_csv_multiple_fields_true in /home/kaiyaok2/PythonProjects/falcon/tests/test_query_params.py: 663.3930597305298
test_list_transformer in /home/kaiyaok2/PythonProjects/falcon/tests/test_query_params.py: 663.5709290504456
test_option_auto_parse_qs_csv_multiple_fields_false in /home/kaiyaok2/PythonProjects/falcon/tests/test_query_params.py: 663.784738779068
test_param_property in /home/kaiyaok2/PythonProjects/falcon/tests/test_query_params.py: 663.978138923645
test_get_date_invalid in /home/kaiyaok2/PythonProjects/falcon/tests/test_query_params.py: 664.1676099300385
test_multiple_keys_as_int in /home/kaiyaok2/PythonProjects/falcon/tests/test_query_params.py: 666.2798206806183
test_required in /home/kaiyaok2/PythonProjects/falcon/tests/test_query_params.py: 666.4219350814819
test_int_neg in /home/kaiyaok2/PythonProjects/falcon/tests/test_query_params.py: 666.5265836715698
test_param_property in /home/kaiyaok2/PythonProjects/falcon/tests/test_query_params.py: 666.667638540268
test_get_datetime_invalid in /home/kaiyaok2/PythonProjects/falcon/tests/test_query_params.py: 666.8494191169739
test_get_date_valid_with_format in /home/kaiyaok2/PythonProjects/falcon/tests/test_query_params.py: 667.0810418128967
test_get_date_valid_with_format in /home/kaiyaok2/PythonProjects/falcon/tests/test_query_params.py: 669.1740257740021
test_get_date_store in /home/kaiyaok2/PythonProjects/falcon/tests/test_query_params.py: 669.2756428718567
test_required in /home/kaiyaok2/PythonProjects/falcon/tests/test_query_params.py: 669.4093523025513
test_multiple_keys_as_float in /home/kaiyaok2/PythonProjects/falcon/tests/test_query_params.py: 669.5475015640259
test_dont_auto_parse_by_default in /home/kaiyaok2/PythonProjects/falcon/tests/test_query_params.py: 669.6422398090363
test_empty_body_no_content_length in /home/kaiyaok2/PythonProjects/falcon/tests/test_query_params.py: 669.7396714687347
test_http_methods_body_expected in /home/kaiyaok2/PythonProjects/falcon/tests/test_query_params.py: 669.9204897880554
test_non_ascii in /home/kaiyaok2/PythonProjects/falcon/tests/test_query_params.py: 670.0282666683197
test_http_methods_body_expected in /home/kaiyaok2/PythonProjects/falcon/tests/test_query_params.py: 671.7805500030518
test_http_methods_body_expected in /home/kaiyaok2/PythonProjects/falcon/tests/test_query_params.py: 671.8906795978546
test_empty_body in /home/kaiyaok2/PythonProjects/falcon/tests/test_query_params.py: 672.0362195968628
test_http_methods_body_expected in /home/kaiyaok2/PythonProjects/falcon/tests/test_query_params.py: 672.157623052597
test_http_methods_body_not_expected in /home/kaiyaok2/PythonProjects/falcon/tests/test_query_params.py: 672.2578921318054
test_explicitly_disable_auto_parse in /home/kaiyaok2/PythonProjects/falcon/tests/test_query_params.py: 672.360790014267
test_http_methods_body_expected in /home/kaiyaok2/PythonProjects/falcon/tests/test_query_params.py: 674.2192707061768
test_http_methods_body_not_expected in /home/kaiyaok2/PythonProjects/falcon/tests/test_query_params.py: 674.3197598457336
test_asgi_raises_error in /home/kaiyaok2/PythonProjects/falcon/tests/test_query_params.py: 674.4129421710968
test_stream_has_private_read in /home/kaiyaok2/PythonProjects/falcon/tests/test_cython.py: 674.7218823432922
test_imported_from_c_modules in /home/kaiyaok2/PythonProjects/falcon/tests/test_cython.py: 674.7295641899109
test_invalid_add_exception_handler_input in /home/kaiyaok2/PythonProjects/falcon/tests/test_error_handlers.py: 677.3676300048828
test_uncaught_python_error in /home/kaiyaok2/PythonProjects/falcon/tests/test_error_handlers.py: 677.4846901893616
test_handler_multiple_exception_iterable in /home/kaiyaok2/PythonProjects/falcon/tests/test_error_handlers.py: 677.5750026702881
test_error_precedence_subclass in /home/kaiyaok2/PythonProjects/falcon/tests/test_error_handlers.py: 677.6927342414856
test_uncaught_python_error in /home/kaiyaok2/PythonProjects/falcon/tests/test_error_handlers.py: 679.6866478919983
test_invalid_add_exception_handler_input in /home/kaiyaok2/PythonProjects/falcon/tests/test_error_handlers.py: 679.8415536880493
test_uncaught_error in /home/kaiyaok2/PythonProjects/falcon/tests/test_error_handlers.py: 680.0052480697632
test_invalid_add_exception_handler_input in /home/kaiyaok2/PythonProjects/falcon/tests/test_error_handlers.py: 680.1685075759888
test_handle_not_defined in /home/kaiyaok2/PythonProjects/falcon/tests/test_error_handlers.py: 680.3374247550964
test_handler_multiple_exception_iterable in /home/kaiyaok2/PythonProjects/falcon/tests/test_error_handlers.py: 680.4590344429016
test_invalid_add_exception_handler_input in /home/kaiyaok2/PythonProjects/falcon/tests/test_error_handlers.py: 680.5552237033844
test_converted_error in /home/kaiyaok2/PythonProjects/falcon/tests/test_error_handlers.py: 680.6445114612579
test_error_precedence_duplicate in /home/kaiyaok2/PythonProjects/falcon/tests/test_error_handlers.py: 680.7299165725708
test_handler_single_exception_iterable in /home/kaiyaok2/PythonProjects/falcon/tests/test_error_handlers.py: 680.8152170181274
test_uncaught_error_else in /home/kaiyaok2/PythonProjects/falcon/tests/test_error_handlers.py: 680.8965690135956
test_uncaught_python_error in /home/kaiyaok2/PythonProjects/falcon/tests/test_error_handlers.py: 680.9819221496582
test_error_precedence_subclass_order_indifference in /home/kaiyaok2/PythonProjects/falcon/tests/test_error_handlers.py: 681.0822839736938
test_caught_error in /home/kaiyaok2/PythonProjects/falcon/tests/test_error_handlers.py: 683.2042965888977
test_subclass_error in /home/kaiyaok2/PythonProjects/falcon/tests/test_error_handlers.py: 683.3904314041138
test_body_is_set in /home/kaiyaok2/PythonProjects/falcon/tests/test_error_handlers.py: 683.5261418819427
test_data_is_set in /home/kaiyaok2/PythonProjects/falcon/tests/test_error_handlers.py: 683.6290142536163
test_media_is_set in /home/kaiyaok2/PythonProjects/falcon/tests/test_error_handlers.py: 683.7290787696838
test_body_is_set in /home/kaiyaok2/PythonProjects/falcon/tests/test_error_handlers.py: 683.88623046875
test_data_is_set in /home/kaiyaok2/PythonProjects/falcon/tests/test_error_handlers.py: 684.0052182674408
test_media_is_set in /home/kaiyaok2/PythonProjects/falcon/tests/test_error_handlers.py: 684.1221418380737
test_raise_status_empty_body in /home/kaiyaok2/PythonProjects/falcon/tests/test_httpstatus.py: 701.0702173709869
test_raise_status_in_responder in /home/kaiyaok2/PythonProjects/falcon/tests/test_httpstatus.py: 702.9798891544342
test_raise_status_survives_after_hooks in /home/kaiyaok2/PythonProjects/falcon/tests/test_httpstatus.py: 703.0941524505615
test_raise_status_in_before_hook in /home/kaiyaok2/PythonProjects/falcon/tests/test_httpstatus.py: 703.253406047821
test_raise_status_runs_after_hooks in /home/kaiyaok2/PythonProjects/falcon/tests/test_httpstatus.py: 703.357095003128
test_data_is_set in /home/kaiyaok2/PythonProjects/falcon/tests/test_httpstatus.py: 703.5815343856812
test_media_is_set in /home/kaiyaok2/PythonProjects/falcon/tests/test_httpstatus.py: 703.6714992523193
test_body_is_set in /home/kaiyaok2/PythonProjects/falcon/tests/test_httpstatus.py: 703.7600498199463
test_raise_status_in_process_resource in /home/kaiyaok2/PythonProjects/falcon/tests/test_httpstatus.py: 703.8518557548523
test_raise_status_in_process_request in /home/kaiyaok2/PythonProjects/falcon/tests/test_httpstatus.py: 703.9381589889526
test_raise_status_runs_process_response in /home/kaiyaok2/PythonProjects/falcon/tests/test_httpstatus.py: 705.9662117958069
test_append_link_crossorigin in /home/kaiyaok2/PythonProjects/falcon/tests/test_headers.py: 711.0029420852661
test_vary_star in /home/kaiyaok2/PythonProjects/falcon/tests/test_headers.py: 711.2168288230896
test_override_default_media_type in /home/kaiyaok2/PythonProjects/falcon/tests/test_headers.py: 711.3775942325592
test_append_link_crossorigin in /home/kaiyaok2/PythonProjects/falcon/tests/test_headers.py: 711.5327231884003
test_content_length in /home/kaiyaok2/PythonProjects/falcon/tests/test_headers.py: 711.6536335945129
test_unicode_headers_contain_non_ascii in /home/kaiyaok2/PythonProjects/falcon/tests/test_headers.py: 711.7850184440613
test_request_latin1_headers in /home/kaiyaok2/PythonProjects/falcon/tests/test_headers.py: 711.9193210601807
test_append_link_crossorigin in /home/kaiyaok2/PythonProjects/falcon/tests/test_headers.py: 712.1060693264008
test_unicode_headers_contain_only_ascii in /home/kaiyaok2/PythonProjects/falcon/tests/test_headers.py: 714.2427377700806
test_declared_content_length_overridden_by_no_body in /home/kaiyaok2/PythonProjects/falcon/tests/test_headers.py: 714.4561884403229
test_append_link_with_title_star in /home/kaiyaok2/PythonProjects/falcon/tests/test_headers.py: 714.743262052536
test_unset_header in /home/kaiyaok2/PythonProjects/falcon/tests/test_headers.py: 714.964453458786
test_content_disposition_inline_header in /home/kaiyaok2/PythonProjects/falcon/tests/test_headers.py: 715.1441934108734
test_unicode_location_headers in /home/kaiyaok2/PythonProjects/falcon/tests/test_headers.py: 715.4183344841003
test_append_link_with_anchor in /home/kaiyaok2/PythonProjects/falcon/tests/test_headers.py: 715.9281952381134
test_override_default_media_type in /home/kaiyaok2/PythonProjects/falcon/tests/test_headers.py: 716.194363117218
test_append_link_crossorigin in /home/kaiyaok2/PythonProjects/falcon/tests/test_headers.py: 719.0357723236084
test_content_type_no_body in /home/kaiyaok2/PythonProjects/falcon/tests/test_headers.py: 719.1562178134918
test_no_content_length in /home/kaiyaok2/PythonProjects/falcon/tests/test_headers.py: 719.2811987400055
test_no_content_type in /home/kaiyaok2/PythonProjects/falcon/tests/test_headers.py: 719.3919115066528
test_append_link_with_hreflang in /home/kaiyaok2/PythonProjects/falcon/tests/test_headers.py: 719.5728766918182
test_custom_content_type in /home/kaiyaok2/PythonProjects/falcon/tests/test_headers.py: 719.7090878486633
test_append_link_with_hreflang_multi in /home/kaiyaok2/PythonProjects/falcon/tests/test_headers.py: 719.852420091629
test_append_link_complex in /home/kaiyaok2/PythonProjects/falcon/tests/test_headers.py: 719.9950048923492
test_default_value in /home/kaiyaok2/PythonProjects/falcon/tests/test_headers.py: 722.0693619251251
test_append_link_crossorigin in /home/kaiyaok2/PythonProjects/falcon/tests/test_headers.py: 722.2403562068939
test_declared_content_length_on_head in /home/kaiyaok2/PythonProjects/falcon/tests/test_headers.py: 722.4139292240143
test_append_link_with_title in /home/kaiyaok2/PythonProjects/falcon/tests/test_headers.py: 722.5869750976562
test_default_media_type in /home/kaiyaok2/PythonProjects/falcon/tests/test_headers.py: 722.7624354362488
test_response_set_and_get_header in /home/kaiyaok2/PythonProjects/falcon/tests/test_headers.py: 722.9138281345367
test_append_link_multiple in /home/kaiyaok2/PythonProjects/falcon/tests/test_headers.py: 723.0689134597778
test_expires_header in /home/kaiyaok2/PythonProjects/falcon/tests/test_headers.py: 725.226306438446
test_content_disposition_attachment_header in /home/kaiyaok2/PythonProjects/falcon/tests/test_headers.py: 725.3634607791901
test_content_disposition_attachment_header in /home/kaiyaok2/PythonProjects/falcon/tests/test_headers.py: 725.5059151649475
test_content_disposition_attachment_header in /home/kaiyaok2/PythonProjects/falcon/tests/test_headers.py: 725.6363513469696
test_request_multiple_header in /home/kaiyaok2/PythonProjects/falcon/tests/test_headers.py: 725.7541127204895
test_response_header_helpers_on_get in /home/kaiyaok2/PythonProjects/falcon/tests/test_headers.py: 725.945211648941
test_set_headers_with_custom_class in /home/kaiyaok2/PythonProjects/falcon/tests/test_headers.py: 726.0660765171051
test_append_link_with_link_extension in /home/kaiyaok2/PythonProjects/falcon/tests/test_headers.py: 726.205456495285
test_unicode_headers_contain_non_ascii in /home/kaiyaok2/PythonProjects/falcon/tests/test_headers.py: 726.3608102798462
test_response_append_header in /home/kaiyaok2/PythonProjects/falcon/tests/test_headers.py: 728.8543305397034
test_vary_header in /home/kaiyaok2/PythonProjects/falcon/tests/test_headers.py: 729.1923291683197
test_declared_content_length_overriden_by_body_length in /home/kaiyaok2/PythonProjects/falcon/tests/test_headers.py: 729.3196992874146
test_content_disposition_attachment_header in /home/kaiyaok2/PythonProjects/falcon/tests/test_headers.py: 729.4508013725281
test_get_header_as_int in /home/kaiyaok2/PythonProjects/falcon/tests/test_headers.py: 729.5766026973724
test_no_content_length in /home/kaiyaok2/PythonProjects/falcon/tests/test_headers.py: 729.6919326782227
test_vary_header in /home/kaiyaok2/PythonProjects/falcon/tests/test_headers.py: 729.8254454135895
test_declared_content_length_overriden_by_data_length in /home/kaiyaok2/PythonProjects/falcon/tests/test_headers.py: 729.9388723373413
test_append_link_with_type_hint in /home/kaiyaok2/PythonProjects/falcon/tests/test_headers.py: 732.1428229808807
test_content_disposition_inline_header in /home/kaiyaok2/PythonProjects/falcon/tests/test_headers.py: 732.3515746593475
test_no_content_type in /home/kaiyaok2/PythonProjects/falcon/tests/test_headers.py: 732.5497379302979
test_content_disposition_attachment_header in /home/kaiyaok2/PythonProjects/falcon/tests/test_headers.py: 732.6697745323181
test_content_disposition_attachment_header in /home/kaiyaok2/PythonProjects/falcon/tests/test_headers.py: 732.8336503505707
test_headers_as_list in /home/kaiyaok2/PythonProjects/falcon/tests/test_headers.py: 733.0359263420105
test_override_default_media_type_missing_encoding in /home/kaiyaok2/PythonProjects/falcon/tests/test_headers.py: 733.2894740104675
test_unset_header in /home/kaiyaok2/PythonProjects/falcon/tests/test_headers.py: 736.5125396251678
test_append_link_single in /home/kaiyaok2/PythonProjects/falcon/tests/test_headers.py: 736.7587838172913
test_content_disposition_attachment_header in /home/kaiyaok2/PythonProjects/falcon/tests/test_headers.py: 736.905971288681
test_content_disposition_attachment_header in /home/kaiyaok2/PythonProjects/falcon/tests/test_headers.py: 737.1069543361664
test_required_header in /home/kaiyaok2/PythonProjects/falcon/tests/test_headers.py: 737.2529854774475
test_content_disposition_inline_header in /home/kaiyaok2/PythonProjects/falcon/tests/test_headers.py: 737.4159336090088
test_unicode_headers_contain_non_ascii in /home/kaiyaok2/PythonProjects/falcon/tests/test_headers.py: 737.5510497093201
test_unicode_headers_contain_non_ascii in /home/kaiyaok2/PythonProjects/falcon/tests/test_headers.py: 737.6680934429169
test_headers_with_custom_class_not_callable in /home/kaiyaok2/PythonProjects/falcon/tests/test_headers.py: 739.8283445835114
test_append_link_crossorigin in /home/kaiyaok2/PythonProjects/falcon/tests/test_headers.py: 740.0158069133759
test_passthrough_request_headers in /home/kaiyaok2/PythonProjects/falcon/tests/test_headers.py: 740.1496069431305
test_foo in /home/kaiyaok2/PythonProjects/falcon/tests/test_http_custom_method_routing.py: 740.8772988319397
test_map_http_methods in /home/kaiyaok2/PythonProjects/falcon/tests/test_http_custom_method_routing.py: 740.9770760536194
test_bar in /home/kaiyaok2/PythonProjects/falcon/tests/test_http_custom_method_routing.py: 741.0865190029144
test_load_app_error in /home/kaiyaok2/PythonProjects/falcon/tests/test_cmd_inspect_app.py: 743.7621083259583
test_load_app in /home/kaiyaok2/PythonProjects/falcon/tests/test_cmd_inspect_app.py: 743.8780875205994
test_load_app in /home/kaiyaok2/PythonProjects/falcon/tests/test_cmd_inspect_app.py: 744.0894038677216
test_load_app_error in /home/kaiyaok2/PythonProjects/falcon/tests/test_cmd_inspect_app.py: 744.2837738990784
test_load_app_error in /home/kaiyaok2/PythonProjects/falcon/tests/test_cmd_inspect_app.py: 744.4357354640961
test_routes_only in /home/kaiyaok2/PythonProjects/falcon/tests/test_cmd_inspect_app.py: 744.5501863956451
test_inspect in /home/kaiyaok2/PythonProjects/falcon/tests/test_cmd_inspect_app.py: 744.6362459659576
test_routes_only in /home/kaiyaok2/PythonProjects/falcon/tests/test_cmd_inspect_app.py: 744.7203447818756
test_inspect in /home/kaiyaok2/PythonProjects/falcon/tests/test_cmd_inspect_app.py: 744.8631317615509
test_inspect in /home/kaiyaok2/PythonProjects/falcon/tests/test_cmd_inspect_app.py: 744.9434006214142
test_routes_only in /home/kaiyaok2/PythonProjects/falcon/tests/test_cmd_inspect_app.py: 745.024197101593
test_inspect in /home/kaiyaok2/PythonProjects/falcon/tests/test_cmd_inspect_app.py: 745.208339214325
test_routes_only in /home/kaiyaok2/PythonProjects/falcon/tests/test_cmd_inspect_app.py: 745.303209066391
test_get_deprecated in /home/kaiyaok2/PythonProjects/falcon/tests/test_wsgi_servers.py: 776.7383034229279
test_post_multipart_form in /home/kaiyaok2/PythonProjects/falcon/tests/test_wsgi_servers.py: 807.1778490543365
test_static_file_byte_range in /home/kaiyaok2/PythonProjects/falcon/tests/test_wsgi_servers.py: 837.4438960552216
test_static_file_byte_range in /home/kaiyaok2/PythonProjects/falcon/tests/test_wsgi_servers.py: 867.89381980896
test_static_file_byte_range in /home/kaiyaok2/PythonProjects/falcon/tests/test_wsgi_servers.py: 898.296285867691
test_get_deprecated in /home/kaiyaok2/PythonProjects/falcon/tests/test_wsgi_servers.py: 928.6827285289764
test_static_file in /home/kaiyaok2/PythonProjects/falcon/tests/test_wsgi_servers.py: 959.3521809577942
test_get in /home/kaiyaok2/PythonProjects/falcon/tests/test_wsgi_servers.py: 989.8544142246246
test_static_file_byte_range in /home/kaiyaok2/PythonProjects/falcon/tests/test_wsgi_servers.py: 1020.3820304870605
test_static_file_byte_range in /home/kaiyaok2/PythonProjects/falcon/tests/test_wsgi_servers.py: 1050.8073263168335
test_post_multipart_form in /home/kaiyaok2/PythonProjects/falcon/tests/test_wsgi_servers.py: 1081.1790628433228
test_static_file_byte_range in /home/kaiyaok2/PythonProjects/falcon/tests/test_wsgi_servers.py: 1111.551836490631
test_static_file_byte_range in /home/kaiyaok2/PythonProjects/falcon/tests/test_wsgi_servers.py: 1141.7825281620026
test_static_file in /home/kaiyaok2/PythonProjects/falcon/tests/test_wsgi_servers.py: 1172.0607266426086
test_static_file_byte_range in /home/kaiyaok2/PythonProjects/falcon/tests/test_wsgi_servers.py: 1202.2008426189423
test_get in /home/kaiyaok2/PythonProjects/falcon/tests/test_wsgi_servers.py: 1232.5306742191315
test_forbidden in /home/kaiyaok2/PythonProjects/falcon/tests/test_httperror.py: 1232.6850423812866
test_no_description_xml in /home/kaiyaok2/PythonProjects/falcon/tests/test_httperror.py: 1234.925880908966
test_title_default_message_if_none in /home/kaiyaok2/PythonProjects/falcon/tests/test_httperror.py: 1235.0372626781464
test_misc in /home/kaiyaok2/PythonProjects/falcon/tests/test_httperror.py: 1235.1536815166473
test_invalid_header in /home/kaiyaok2/PythonProjects/falcon/tests/test_httperror.py: 1235.4344744682312
test_temporary_413_integer_retry_after in /home/kaiyaok2/PythonProjects/falcon/tests/test_httperror.py: 1235.558718919754
test_custom_serializer_no_representation in /home/kaiyaok2/PythonProjects/falcon/tests/test_httperror.py: 1235.7328279018402
test_custom_error_serializer_optional_representation in /home/kaiyaok2/PythonProjects/falcon/tests/test_httperror.py: 1235.9031438827515
test_no_description_json in /home/kaiyaok2/PythonProjects/falcon/tests/test_httperror.py: 1236.01309800148
test_410_with_body in /home/kaiyaok2/PythonProjects/falcon/tests/test_httperror.py: 1237.6740219593048
test_410_without_body in /home/kaiyaok2/PythonProjects/falcon/tests/test_httperror.py: 1237.7848794460297
test_503_integer_retry_after in /home/kaiyaok2/PythonProjects/falcon/tests/test_httperror.py: 1237.9316568374634
test_forbidden in /home/kaiyaok2/PythonProjects/falcon/tests/test_httperror.py: 1238.0754826068878
test_epic_fail_json in /home/kaiyaok2/PythonProjects/falcon/tests/test_httperror.py: 1238.2158179283142
test_411 in /home/kaiyaok2/PythonProjects/falcon/tests/test_httperror.py: 1238.3604044914246
test_401 in /home/kaiyaok2/PythonProjects/falcon/tests/test_httperror.py: 1238.4879837036133
test_client_does_not_accept_json_or_xml in /home/kaiyaok2/PythonProjects/falcon/tests/test_httperror.py: 1238.6450057029724
test_405_without_body in /home/kaiyaok2/PythonProjects/falcon/tests/test_httperror.py: 1240.8467981815338
test_temporary_413_datetime_retry_after in /home/kaiyaok2/PythonProjects/falcon/tests/test_httperror.py: 1240.9879434108734
test_404_without_body in /home/kaiyaok2/PythonProjects/falcon/tests/test_httperror.py: 1241.1361062526703
test_429 in /home/kaiyaok2/PythonProjects/falcon/tests/test_httperror.py: 1241.356377363205
test_epic_fail_xml in /home/kaiyaok2/PythonProjects/falcon/tests/test_httperror.py: 1241.4735260009766
test_413 in /home/kaiyaok2/PythonProjects/falcon/tests/test_httperror.py: 1241.6031773090363
test_serialize_no_json_media_handler in /home/kaiyaok2/PythonProjects/falcon/tests/test_httperror.py: 1241.7358741760254
test_custom_error_serializer_optional_representation in /home/kaiyaok2/PythonProjects/falcon/tests/test_httperror.py: 1241.8918154239655
test_custom_error_serializer_optional_representation in /home/kaiyaok2/PythonProjects/falcon/tests/test_httperror.py: 1242.0652499198914
test_title_default_message_if_none in /home/kaiyaok2/PythonProjects/falcon/tests/test_httperror.py: 1244.2322392463684
test_414_with_title in /home/kaiyaok2/PythonProjects/falcon/tests/test_httperror.py: 1244.4612832069397
test_base_class in /home/kaiyaok2/PythonProjects/falcon/tests/test_httperror.py: 1244.6441581249237
test_416 in /home/kaiyaok2/PythonProjects/falcon/tests/test_httperror.py: 1244.8061878681183
test_epic_fail_xml in /home/kaiyaok2/PythonProjects/falcon/tests/test_httperror.py: 1244.9405436515808
test_414_with_description in /home/kaiyaok2/PythonProjects/falcon/tests/test_httperror.py: 1245.1384301185608
test_503_datetime_retry_after in /home/kaiyaok2/PythonProjects/falcon/tests/test_httperror.py: 1245.3520221710205
test_client_does_not_accept_anything in /home/kaiyaok2/PythonProjects/falcon/tests/test_httperror.py: 1245.486304283142
test_405_with_body in /home/kaiyaok2/PythonProjects/falcon/tests/test_httperror.py: 1248.3331091403961
test_414 in /home/kaiyaok2/PythonProjects/falcon/tests/test_httperror.py: 1248.484290599823
test_405_without_body_with_extra_headers_double_check in /home/kaiyaok2/PythonProjects/falcon/tests/test_httperror.py: 1248.6270699501038
test_invalid_param in /home/kaiyaok2/PythonProjects/falcon/tests/test_httperror.py: 1248.7529826164246
test_serialize_error_uses_media_handler in /home/kaiyaok2/PythonProjects/falcon/tests/test_httperror.py: 1248.896727323532
test_title_default_message_if_none in /home/kaiyaok2/PythonProjects/falcon/tests/test_httperror.py: 1249.130916595459
test_title_default_message_if_none in /home/kaiyaok2/PythonProjects/falcon/tests/test_httperror.py: 1249.2712304592133
test_429_no_retry_after in /home/kaiyaok2/PythonProjects/falcon/tests/test_httperror.py: 1249.4214050769806
test_title_default_message_if_none in /home/kaiyaok2/PythonProjects/falcon/tests/test_httperror.py: 1251.776347398758
test_epic_fail_xml in /home/kaiyaok2/PythonProjects/falcon/tests/test_httperror.py: 1251.9657979011536
test_custom_error_serializer_optional_representation in /home/kaiyaok2/PythonProjects/falcon/tests/test_httperror.py: 1252.2235779762268
test_414_with_custom_kwargs in /home/kaiyaok2/PythonProjects/falcon/tests/test_httperror.py: 1252.4822318553925
test_missing_param in /home/kaiyaok2/PythonProjects/falcon/tests/test_httperror.py: 1252.7924888134003
test_unicode_json in /home/kaiyaok2/PythonProjects/falcon/tests/test_httperror.py: 1253.0882840156555
test_405_without_body_with_extra_headers in /home/kaiyaok2/PythonProjects/falcon/tests/test_httperror.py: 1253.2360746860504
test_429_datetime in /home/kaiyaok2/PythonProjects/falcon/tests/test_httperror.py: 1253.355878829956
test_missing_header in /home/kaiyaok2/PythonProjects/falcon/tests/test_httperror.py: 1256.2078557014465
test_forbidden in /home/kaiyaok2/PythonProjects/falcon/tests/test_httperror.py: 1256.4905519485474
test_404_with_body in /home/kaiyaok2/PythonProjects/falcon/tests/test_httperror.py: 1256.7885155677795
test_unicode_xml in /home/kaiyaok2/PythonProjects/falcon/tests/test_httperror.py: 1257.0161967277527
test_title_default_message_if_none in /home/kaiyaok2/PythonProjects/falcon/tests/test_httperror.py: 1257.2174534797668
test_epic_fail_xml in /home/kaiyaok2/PythonProjects/falcon/tests/test_httperror.py: 1257.4072008132935
test_custom_error_serializer in /home/kaiyaok2/PythonProjects/falcon/tests/test_httperror.py: 1257.5808296203613
test_route_precedence_with_both_id in /home/kaiyaok2/PythonProjects/falcon/tests/test_sinks.py: 1260.8788690567017
test_route_precedence in /home/kaiyaok2/PythonProjects/falcon/tests/test_sinks.py: 1261.1220066547394
test_route_precedence_with_id in /home/kaiyaok2/PythonProjects/falcon/tests/test_sinks.py: 1265.0578000545502
test_with_route in /home/kaiyaok2/PythonProjects/falcon/tests/test_sinks.py: 1265.341861486435
test_add_sync_sink_with_wrapping in /home/kaiyaok2/PythonProjects/falcon/tests/test_sinks.py: 1265.4511353969574
test_multiple_resource_hooks in /home/kaiyaok2/PythonProjects/falcon/tests/test_before_hooks.py: 1265.7208530902863
test_field_validator in /home/kaiyaok2/PythonProjects/falcon/tests/test_before_hooks.py: 1266.1673727035522
test_wrapped_resource_with_hooks_aware_of_resource in /home/kaiyaok2/PythonProjects/falcon/tests/test_before_hooks.py: 1266.452977180481
test_piggybacking_resource_post_and_delete in /home/kaiyaok2/PythonProjects/falcon/tests/test_before_hooks.py: 1266.7201805114746
test_multiple_resource_hooks in /home/kaiyaok2/PythonProjects/falcon/tests/test_before_hooks.py: 1267.13702917099
test_input_validator in /home/kaiyaok2/PythonProjects/falcon/tests/test_before_hooks.py: 1267.4686098098755
test_field_validator in /home/kaiyaok2/PythonProjects/falcon/tests/test_before_hooks.py: 1267.7202641963959
test_param_validator in /home/kaiyaok2/PythonProjects/falcon/tests/test_before_hooks.py: 1267.8979337215424
test_piggybacking_resource_post_item in /home/kaiyaok2/PythonProjects/falcon/tests/test_before_hooks.py: 1271.0673151016235
test_input_validator_inherited in /home/kaiyaok2/PythonProjects/falcon/tests/test_before_hooks.py: 1271.4459474086761
test_wrapped_resource in /home/kaiyaok2/PythonProjects/falcon/tests/test_before_hooks.py: 1271.7879359722137
test_field_validator in /home/kaiyaok2/PythonProjects/falcon/tests/test_before_hooks.py: 1272.0737266540527
