test_load_app in /home/kaiyaok2/PythonProjects/falcon/tests/test_cmd_inspect_app.py: 35.53069257736206
test_load_app in /home/kaiyaok2/PythonProjects/falcon/tests/test_cmd_inspect_app.py: 35.58896327018738
test_load_app_error in /home/kaiyaok2/PythonProjects/falcon/tests/test_cmd_inspect_app.py: 35.65163207054138
test_load_app_error in /home/kaiyaok2/PythonProjects/falcon/tests/test_cmd_inspect_app.py: 35.716164112091064
test_load_app_error in /home/kaiyaok2/PythonProjects/falcon/tests/test_cmd_inspect_app.py: 35.77188301086426
test_inspect in /home/kaiyaok2/PythonProjects/falcon/tests/test_cmd_inspect_app.py: 35.84580945968628
test_routes_only in /home/kaiyaok2/PythonProjects/falcon/tests/test_cmd_inspect_app.py: 35.91042232513428
test_routes_only in /home/kaiyaok2/PythonProjects/falcon/tests/test_cmd_inspect_app.py: 35.967297077178955
test_inspect in /home/kaiyaok2/PythonProjects/falcon/tests/test_cmd_inspect_app.py: 36.02760410308838
test_inspect in /home/kaiyaok2/PythonProjects/falcon/tests/test_cmd_inspect_app.py: 36.08462142944336
test_routes_only in /home/kaiyaok2/PythonProjects/falcon/tests/test_cmd_inspect_app.py: 36.142207622528076
test_inspect in /home/kaiyaok2/PythonProjects/falcon/tests/test_cmd_inspect_app.py: 36.19915771484375
test_routes_only in /home/kaiyaok2/PythonProjects/falcon/tests/test_cmd_inspect_app.py: 36.261667251586914
test_jsonchema_validator in /home/kaiyaok2/PythonProjects/falcon/tests/asgi/test_cythonized_asgi.py: 58.07273817062378
test_hooks in /home/kaiyaok2/PythonProjects/falcon/tests/asgi/test_cythonized_asgi.py: 58.142911195755005
test_json_err_no_handler in /home/kaiyaok2/PythonProjects/falcon/tests/test_media_handlers.py: 62.30058574676514
test_json_err_no_handler in /home/kaiyaok2/PythonProjects/falcon/tests/test_media_handlers.py: 62.5118625164032
test_field_validator in /home/kaiyaok2/PythonProjects/falcon/tests/test_before_hooks.py: 71.01447343826294
test_wrapped_resource in /home/kaiyaok2/PythonProjects/falcon/tests/test_before_hooks.py: 71.0976357460022
test_multiple_resource_hooks in /home/kaiyaok2/PythonProjects/falcon/tests/test_before_hooks.py: 71.1834819316864
test_field_validator in /home/kaiyaok2/PythonProjects/falcon/tests/test_before_hooks.py: 72.51613235473633
test_multiple_resource_hooks in /home/kaiyaok2/PythonProjects/falcon/tests/test_before_hooks.py: 72.59720492362976
test_field_validator in /home/kaiyaok2/PythonProjects/falcon/tests/test_before_hooks.py: 72.69664883613586
test_piggybacking_resource_post_item in /home/kaiyaok2/PythonProjects/falcon/tests/test_before_hooks.py: 72.78075790405273
test_param_validator in /home/kaiyaok2/PythonProjects/falcon/tests/test_before_hooks.py: 72.86502885818481
test_input_validator_inherited in /home/kaiyaok2/PythonProjects/falcon/tests/test_before_hooks.py: 72.96199679374695
test_input_validator in /home/kaiyaok2/PythonProjects/falcon/tests/test_before_hooks.py: 73.04446244239807
test_piggybacking_resource_post_and_delete in /home/kaiyaok2/PythonProjects/falcon/tests/test_before_hooks.py: 73.17702031135559
test_wrapped_resource_with_hooks_aware_of_resource in /home/kaiyaok2/PythonProjects/falcon/tests/test_before_hooks.py: 73.2547836303711
test_default_headers_with_override in /home/kaiyaok2/PythonProjects/falcon/tests/test_utils.py: 75.68952679634094
test_cached_text_in_result in /home/kaiyaok2/PythonProjects/falcon/tests/test_utils.py: 75.8129894733429
test_default_headers in /home/kaiyaok2/PythonProjects/falcon/tests/test_utils.py: 75.94860601425171
test_path_must_start_with_slash in /home/kaiyaok2/PythonProjects/falcon/tests/test_utils.py: 76.10270261764526
test_simulate_remote_addr in /home/kaiyaok2/PythonProjects/falcon/tests/test_utils.py: 76.35948944091797
test_simulate_remote_addr in /home/kaiyaok2/PythonProjects/falcon/tests/test_utils.py: 77.89407062530518
test_simulate_remote_addr in /home/kaiyaok2/PythonProjects/falcon/tests/test_utils.py: 78.04742813110352
test_simulate_remote_addr in /home/kaiyaok2/PythonProjects/falcon/tests/test_utils.py: 78.174480676651
test_simulate_hostname in /home/kaiyaok2/PythonProjects/falcon/tests/test_utils.py: 78.33265209197998
test_query_string_no_question in /home/kaiyaok2/PythonProjects/falcon/tests/test_utils.py: 78.4964451789856
test_query_string in /home/kaiyaok2/PythonProjects/falcon/tests/test_utils.py: 78.62197065353394
test_override_method_with_extras in /home/kaiyaok2/PythonProjects/falcon/tests/test_utils.py: 78.73806643486023
test_simulate_remote_addr in /home/kaiyaok2/PythonProjects/falcon/tests/test_utils.py: 80.15858125686646
test_status in /home/kaiyaok2/PythonProjects/falcon/tests/test_utils.py: 80.28964614868164
test_query_string_in_path in /home/kaiyaok2/PythonProjects/falcon/tests/test_utils.py: 80.41186928749084
test_missing_param in /home/kaiyaok2/PythonProjects/falcon/tests/test_httperror.py: 88.57268071174622
test_unicode_json in /home/kaiyaok2/PythonProjects/falcon/tests/test_httperror.py: 88.66900110244751
test_invalid_param in /home/kaiyaok2/PythonProjects/falcon/tests/test_httperror.py: 88.75896620750427
test_forbidden in /home/kaiyaok2/PythonProjects/falcon/tests/test_httperror.py: 88.85017824172974
test_416 in /home/kaiyaok2/PythonProjects/falcon/tests/test_httperror.py: 88.95401978492737
test_429 in /home/kaiyaok2/PythonProjects/falcon/tests/test_httperror.py: 90.41891646385193
test_title_default_message_if_none in /home/kaiyaok2/PythonProjects/falcon/tests/test_httperror.py: 90.54828333854675
test_405_without_body_with_extra_headers_double_check in /home/kaiyaok2/PythonProjects/falcon/tests/test_httperror.py: 90.64353537559509
test_503_datetime_retry_after in /home/kaiyaok2/PythonProjects/falcon/tests/test_httperror.py: 90.74411940574646
test_503_integer_retry_after in /home/kaiyaok2/PythonProjects/falcon/tests/test_httperror.py: 90.84453701972961
test_custom_serializer_no_representation in /home/kaiyaok2/PythonProjects/falcon/tests/test_httperror.py: 90.95942449569702
test_client_does_not_accept_json_or_xml in /home/kaiyaok2/PythonProjects/falcon/tests/test_httperror.py: 91.0472321510315
test_405_with_body in /home/kaiyaok2/PythonProjects/falcon/tests/test_httperror.py: 91.1325991153717
test_temporary_413_datetime_retry_after in /home/kaiyaok2/PythonProjects/falcon/tests/test_httperror.py: 92.45863461494446
test_base_class in /home/kaiyaok2/PythonProjects/falcon/tests/test_httperror.py: 92.55302858352661
test_429_no_retry_after in /home/kaiyaok2/PythonProjects/falcon/tests/test_httperror.py: 92.66411781311035
test_411 in /home/kaiyaok2/PythonProjects/falcon/tests/test_httperror.py: 92.76186561584473
test_no_description_json in /home/kaiyaok2/PythonProjects/falcon/tests/test_httperror.py: 92.85975480079651
test_serialize_no_json_media_handler in /home/kaiyaok2/PythonProjects/falcon/tests/test_httperror.py: 92.94991326332092
test_epic_fail_json in /home/kaiyaok2/PythonProjects/falcon/tests/test_httperror.py: 93.05039310455322
test_429_datetime in /home/kaiyaok2/PythonProjects/falcon/tests/test_httperror.py: 94.73754906654358
test_unicode_xml in /home/kaiyaok2/PythonProjects/falcon/tests/test_httperror.py: 94.86393141746521
test_414 in /home/kaiyaok2/PythonProjects/falcon/tests/test_httperror.py: 95.00582599639893
test_title_default_message_if_none in /home/kaiyaok2/PythonProjects/falcon/tests/test_httperror.py: 95.10410618782043
test_epic_fail_xml in /home/kaiyaok2/PythonProjects/falcon/tests/test_httperror.py: 95.2076301574707
test_no_description_xml in /home/kaiyaok2/PythonProjects/falcon/tests/test_httperror.py: 95.32457113265991
test_401 in /home/kaiyaok2/PythonProjects/falcon/tests/test_httperror.py: 95.44351816177368
test_custom_error_serializer_optional_representation in /home/kaiyaok2/PythonProjects/falcon/tests/test_httperror.py: 95.54859113693237
test_404_without_body in /home/kaiyaok2/PythonProjects/falcon/tests/test_httperror.py: 97.14002871513367
test_404_with_body in /home/kaiyaok2/PythonProjects/falcon/tests/test_httperror.py: 97.2684211730957
test_serialize_error_uses_media_handler in /home/kaiyaok2/PythonProjects/falcon/tests/test_httperror.py: 97.39097571372986
test_414_with_description in /home/kaiyaok2/PythonProjects/falcon/tests/test_httperror.py: 97.5007495880127
test_414_with_title in /home/kaiyaok2/PythonProjects/falcon/tests/test_httperror.py: 97.59948563575745
test_missing_header in /home/kaiyaok2/PythonProjects/falcon/tests/test_httperror.py: 97.73818683624268
test_forbidden in /home/kaiyaok2/PythonProjects/falcon/tests/test_httperror.py: 97.85787343978882
test_410_without_body in /home/kaiyaok2/PythonProjects/falcon/tests/test_httperror.py: 97.95422315597534
test_misc in /home/kaiyaok2/PythonProjects/falcon/tests/test_httperror.py: 99.32634162902832
test_405_without_body in /home/kaiyaok2/PythonProjects/falcon/tests/test_httperror.py: 99.45085453987122
test_forbidden in /home/kaiyaok2/PythonProjects/falcon/tests/test_httperror.py: 99.56260323524475
test_invalid_header in /home/kaiyaok2/PythonProjects/falcon/tests/test_httperror.py: 99.66157984733582
test_413 in /home/kaiyaok2/PythonProjects/falcon/tests/test_httperror.py: 99.76342844963074
test_epic_fail_xml in /home/kaiyaok2/PythonProjects/falcon/tests/test_httperror.py: 99.86103820800781
test_custom_error_serializer_optional_representation in /home/kaiyaok2/PythonProjects/falcon/tests/test_httperror.py: 99.96765923500061
test_title_default_message_if_none in /home/kaiyaok2/PythonProjects/falcon/tests/test_httperror.py: 101.32816123962402
test_epic_fail_xml in /home/kaiyaok2/PythonProjects/falcon/tests/test_httperror.py: 101.42233943939209
test_410_with_body in /home/kaiyaok2/PythonProjects/falcon/tests/test_httperror.py: 101.51505947113037
test_title_default_message_if_none in /home/kaiyaok2/PythonProjects/falcon/tests/test_httperror.py: 101.61548399925232
test_title_default_message_if_none in /home/kaiyaok2/PythonProjects/falcon/tests/test_httperror.py: 101.7164306640625
test_temporary_413_integer_retry_after in /home/kaiyaok2/PythonProjects/falcon/tests/test_httperror.py: 101.85779738426208
test_custom_error_serializer_optional_representation in /home/kaiyaok2/PythonProjects/falcon/tests/test_httperror.py: 101.9595627784729
test_client_does_not_accept_anything in /home/kaiyaok2/PythonProjects/falcon/tests/test_httperror.py: 103.33980393409729
test_custom_error_serializer in /home/kaiyaok2/PythonProjects/falcon/tests/test_httperror.py: 103.46195578575134
test_epic_fail_xml in /home/kaiyaok2/PythonProjects/falcon/tests/test_httperror.py: 103.55507826805115
test_title_default_message_if_none in /home/kaiyaok2/PythonProjects/falcon/tests/test_httperror.py: 103.6452054977417
test_405_without_body_with_extra_headers in /home/kaiyaok2/PythonProjects/falcon/tests/test_httperror.py: 103.73592805862427
test_414_with_custom_kwargs in /home/kaiyaok2/PythonProjects/falcon/tests/test_httperror.py: 103.82447981834412
test_custom_error_serializer_optional_representation in /home/kaiyaok2/PythonProjects/falcon/tests/test_httperror.py: 103.91303253173828
test_redirect in /home/kaiyaok2/PythonProjects/falcon/tests/test_redirects.py: 103.97957825660706
test_redirect_with_headers in /home/kaiyaok2/PythonProjects/falcon/tests/test_redirects.py: 105.53738451004028
test_redirect_with_headers in /home/kaiyaok2/PythonProjects/falcon/tests/test_redirects.py: 105.65477466583252
test_redirect_with_headers in /home/kaiyaok2/PythonProjects/falcon/tests/test_redirects.py: 105.74120092391968
test_redirect in /home/kaiyaok2/PythonProjects/falcon/tests/test_redirects.py: 105.82187080383301
test_redirect in /home/kaiyaok2/PythonProjects/falcon/tests/test_redirects.py: 105.8912501335144
test_redirect_with_headers in /home/kaiyaok2/PythonProjects/falcon/tests/test_redirects.py: 105.97721219062805
test_redirect in /home/kaiyaok2/PythonProjects/falcon/tests/test_redirects.py: 106.05533647537231
test_redirect in /home/kaiyaok2/PythonProjects/falcon/tests/test_redirects.py: 106.13651180267334
test_redirect_with_headers in /home/kaiyaok2/PythonProjects/falcon/tests/test_redirects.py: 106.2194299697876
test_content_length_set_on_head_with_no_body in /home/kaiyaok2/PythonProjects/falcon/tests/test_response_body.py: 107.76157331466675
test_response_body_rendition_error in /home/kaiyaok2/PythonProjects/falcon/tests/test_response_body.py: 107.84338879585266
test_unsupported_response_content_type in /home/kaiyaok2/PythonProjects/falcon/tests/test_response_body.py: 109.30970764160156
test_with_route in /home/kaiyaok2/PythonProjects/falcon/tests/test_sinks.py: 109.42084693908691
test_route_precedence in /home/kaiyaok2/PythonProjects/falcon/tests/test_sinks.py: 109.50677537918091
test_route_precedence_with_both_id in /home/kaiyaok2/PythonProjects/falcon/tests/test_sinks.py: 109.61868381500244
test_route_precedence_with_id in /home/kaiyaok2/PythonProjects/falcon/tests/test_sinks.py: 109.71229672431946
test_add_sync_sink_with_wrapping in /home/kaiyaok2/PythonProjects/falcon/tests/test_sinks.py: 109.76991009712219
test_client_simulate_aliases in /home/kaiyaok2/PythonProjects/falcon/tests/test_testing.py: 109.81286358833313
test_client_simulate_aliases in /home/kaiyaok2/PythonProjects/falcon/tests/test_testing.py: 109.8398232460022
test_client_simulate_aliases in /home/kaiyaok2/PythonProjects/falcon/tests/test_testing.py: 109.88935375213623
test_client_simulate_aliases in /home/kaiyaok2/PythonProjects/falcon/tests/test_testing.py: 109.91426634788513
test_client_simulate_aliases in /home/kaiyaok2/PythonProjects/falcon/tests/test_testing.py: 109.93908739089966
test_client_simulate_aliases in /home/kaiyaok2/PythonProjects/falcon/tests/test_testing.py: 109.97637510299683
test_client_simulate_aliases in /home/kaiyaok2/PythonProjects/falcon/tests/test_testing.py: 110.01773691177368
test_client_simulate_aliases in /home/kaiyaok2/PythonProjects/falcon/tests/test_testing.py: 110.11268210411072
test_middleware_tree in /home/kaiyaok2/PythonProjects/falcon/tests/test_inspect.py: 125.18856120109558
test_app in /home/kaiyaok2/PythonProjects/falcon/tests/test_inspect.py: 125.26690030097961
test_routes in /home/kaiyaok2/PythonProjects/falcon/tests/test_inspect.py: 125.35241842269897
test_sink in /home/kaiyaok2/PythonProjects/falcon/tests/test_inspect.py: 125.42897868156433
test_middleware in /home/kaiyaok2/PythonProjects/falcon/tests/test_inspect.py: 126.7983570098877
test_static_routes in /home/kaiyaok2/PythonProjects/falcon/tests/test_inspect.py: 126.88731455802917
test_error_handler in /home/kaiyaok2/PythonProjects/falcon/tests/test_inspect.py: 126.9496660232544
test_allow_credential_list_or_str in /home/kaiyaok2/PythonProjects/falcon/tests/test_cors_middleware.py: 127.03201246261597
test_expose_headers in /home/kaiyaok2/PythonProjects/falcon/tests/test_cors_middleware.py: 127.11806392669678
test_allow_origin in /home/kaiyaok2/PythonProjects/falcon/tests/test_cors_middleware.py: 127.19544625282288
test_allow_credential_existing_origin in /home/kaiyaok2/PythonProjects/falcon/tests/test_cors_middleware.py: 127.26908564567566
test_allow_credential_list_or_str in /home/kaiyaok2/PythonProjects/falcon/tests/test_cors_middleware.py: 127.35755515098572
test_allow_origin_allow_credential in /home/kaiyaok2/PythonProjects/falcon/tests/test_cors_middleware.py: 127.43090343475342
test_allow_origin in /home/kaiyaok2/PythonProjects/falcon/tests/test_cors_middleware.py: 127.50124764442444
test_expose_headers in /home/kaiyaok2/PythonProjects/falcon/tests/test_cors_middleware.py: 127.58504366874695
test_allow_origin in /home/kaiyaok2/PythonProjects/falcon/tests/test_cors_middleware.py: 129.26549291610718
test_allow_credential_wildcard in /home/kaiyaok2/PythonProjects/falcon/tests/test_cors_middleware.py: 129.36927008628845
test_expose_headers in /home/kaiyaok2/PythonProjects/falcon/tests/test_cors_middleware.py: 129.46664452552795
test_disabled_cors_should_not_add_any_extra_headers in /home/kaiyaok2/PythonProjects/falcon/tests/test_cors_middleware.py: 129.5560839176178
test_enabled_cors_should_accept_all_origins_requests in /home/kaiyaok2/PythonProjects/falcon/tests/test_cors_middleware.py: 129.63692474365234
test_enabled_cors_no_origin in /home/kaiyaok2/PythonProjects/falcon/tests/test_cors_middleware.py: 129.73135232925415
test_enabled_cors_handles_preflighting_no_headers_in_req in /home/kaiyaok2/PythonProjects/falcon/tests/test_cors_middleware.py: 129.81287789344788
test_enabled_cors_should_add_extra_headers_on_response in /home/kaiyaok2/PythonProjects/falcon/tests/test_cors_middleware.py: 129.9080286026001
test_enabled_cors_handles_preflighting in /home/kaiyaok2/PythonProjects/falcon/tests/test_cors_middleware.py: 129.98132467269897
test_wrapped_resource in /home/kaiyaok2/PythonProjects/falcon/tests/test_after_hooks.py: 142.86218237876892
test_wrapped_resource in /home/kaiyaok2/PythonProjects/falcon/tests/test_after_hooks.py: 142.99209260940552
test_resource_with_uri_fields in /home/kaiyaok2/PythonProjects/falcon/tests/test_after_hooks.py: 143.10169219970703
test_resource_with_uri_fields in /home/kaiyaok2/PythonProjects/falcon/tests/test_after_hooks.py: 144.60799980163574
test_wrapped_resource_with_hooks_aware_of_resource in /home/kaiyaok2/PythonProjects/falcon/tests/test_after_hooks.py: 144.71950721740723
test_imported_from_c_modules in /home/kaiyaok2/PythonProjects/falcon/tests/test_cython.py: 144.7346270084381
test_stream_has_private_read in /home/kaiyaok2/PythonProjects/falcon/tests/test_cython.py: 144.73990964889526
test_response_disable_secure_globally in /home/kaiyaok2/PythonProjects/falcon/tests/test_cookies.py: 144.84724688529968
test_cookie_timezone in /home/kaiyaok2/PythonProjects/falcon/tests/test_cookies.py: 144.93257451057434
test_same_site_empty_string in /home/kaiyaok2/PythonProjects/falcon/tests/test_cookies.py: 145.01130080223083
test_response_complex_case in /home/kaiyaok2/PythonProjects/falcon/tests/test_cookies.py: 145.0972340106964
test_cookie_expires_aware in /home/kaiyaok2/PythonProjects/falcon/tests/test_cookies.py: 145.1790578365326
test_strict_same_site_value in /home/kaiyaok2/PythonProjects/falcon/tests/test_cookies.py: 145.2658667564392
test_unset_cookies_samesite in /home/kaiyaok2/PythonProjects/falcon/tests/test_cookies.py: 145.3533329963684
test_cookie_expires_naive in /home/kaiyaok2/PythonProjects/falcon/tests/test_cookies.py: 145.46022486686707
test_response_unset_cookie in /home/kaiyaok2/PythonProjects/falcon/tests/test_cookies.py: 146.87758588790894
test_lax_same_site_value in /home/kaiyaok2/PythonProjects/falcon/tests/test_cookies.py: 146.96997117996216
test_none_same_site_value in /home/kaiyaok2/PythonProjects/falcon/tests/test_cookies.py: 147.0534098148346
test_unset_cookies in /home/kaiyaok2/PythonProjects/falcon/tests/test_cookies.py: 147.14167070388794
test_response_base_case in /home/kaiyaok2/PythonProjects/falcon/tests/test_cookies.py: 147.25104808807373
test_cookies_setable in /home/kaiyaok2/PythonProjects/falcon/tests/test_cookies.py: 147.35972142219543
test_cookie_max_age_float_and_string in /home/kaiyaok2/PythonProjects/falcon/tests/test_cookies.py: 147.44248414039612
test_cookie_max_age_float_and_string in /home/kaiyaok2/PythonProjects/falcon/tests/test_cookies.py: 147.51881647109985
test_declared_content_length_on_head in /home/kaiyaok2/PythonProjects/falcon/tests/test_headers.py: 148.91552352905273
test_response_set_and_get_header in /home/kaiyaok2/PythonProjects/falcon/tests/test_headers.py: 149.0506465435028
test_content_disposition_attachment_header in /home/kaiyaok2/PythonProjects/falcon/tests/test_headers.py: 149.15945076942444
test_request_latin1_headers in /home/kaiyaok2/PythonProjects/falcon/tests/test_headers.py: 149.27312874794006
test_append_link_crossorigin in /home/kaiyaok2/PythonProjects/falcon/tests/test_headers.py: 149.40265154838562
test_unicode_headers_contain_non_ascii in /home/kaiyaok2/PythonProjects/falcon/tests/test_headers.py: 149.54801392555237
test_expires_header in /home/kaiyaok2/PythonProjects/falcon/tests/test_headers.py: 149.68345046043396
test_set_headers_with_custom_class in /home/kaiyaok2/PythonProjects/falcon/tests/test_headers.py: 149.8060441017151
test_unicode_headers_contain_non_ascii in /home/kaiyaok2/PythonProjects/falcon/tests/test_headers.py: 151.32924485206604
test_unset_header in /home/kaiyaok2/PythonProjects/falcon/tests/test_headers.py: 151.4377360343933
test_append_link_with_title in /home/kaiyaok2/PythonProjects/falcon/tests/test_headers.py: 151.58651614189148
test_no_content_type in /home/kaiyaok2/PythonProjects/falcon/tests/test_headers.py: 151.69608998298645
test_append_link_crossorigin in /home/kaiyaok2/PythonProjects/falcon/tests/test_headers.py: 151.8691041469574
test_content_disposition_attachment_header in /home/kaiyaok2/PythonProjects/falcon/tests/test_headers.py: 151.98658895492554
test_append_link_with_anchor in /home/kaiyaok2/PythonProjects/falcon/tests/test_headers.py: 152.13137125968933
test_content_disposition_attachment_header in /home/kaiyaok2/PythonProjects/falcon/tests/test_headers.py: 152.2318160533905
test_declared_content_length_overriden_by_data_length in /home/kaiyaok2/PythonProjects/falcon/tests/test_headers.py: 153.86480832099915
test_vary_header in /home/kaiyaok2/PythonProjects/falcon/tests/test_headers.py: 153.9920129776001
test_content_disposition_attachment_header in /home/kaiyaok2/PythonProjects/falcon/tests/test_headers.py: 154.0895926952362
test_content_disposition_attachment_header in /home/kaiyaok2/PythonProjects/falcon/tests/test_headers.py: 154.19502973556519
test_no_content_type in /home/kaiyaok2/PythonProjects/falcon/tests/test_headers.py: 154.30149507522583
test_content_disposition_attachment_header in /home/kaiyaok2/PythonProjects/falcon/tests/test_headers.py: 154.4257287979126
test_declared_content_length_overridden_by_no_body in /home/kaiyaok2/PythonProjects/falcon/tests/test_headers.py: 154.52928709983826
test_append_link_with_type_hint in /home/kaiyaok2/PythonProjects/falcon/tests/test_headers.py: 156.00410175323486
test_override_default_media_type in /home/kaiyaok2/PythonProjects/falcon/tests/test_headers.py: 156.10612297058105
test_declared_content_length_overriden_by_body_length in /home/kaiyaok2/PythonProjects/falcon/tests/test_headers.py: 156.24802541732788
test_request_multiple_header in /home/kaiyaok2/PythonProjects/falcon/tests/test_headers.py: 156.34792351722717
test_vary_header in /home/kaiyaok2/PythonProjects/falcon/tests/test_headers.py: 156.48145174980164
test_vary_star in /home/kaiyaok2/PythonProjects/falcon/tests/test_headers.py: 156.58071660995483
test_no_content_length in /home/kaiyaok2/PythonProjects/falcon/tests/test_headers.py: 156.69752550125122
test_content_disposition_attachment_header in /home/kaiyaok2/PythonProjects/falcon/tests/test_headers.py: 156.8107042312622
test_append_link_crossorigin in /home/kaiyaok2/PythonProjects/falcon/tests/test_headers.py: 158.3311951160431
test_append_link_multiple in /home/kaiyaok2/PythonProjects/falcon/tests/test_headers.py: 158.46712493896484
test_default_media_type in /home/kaiyaok2/PythonProjects/falcon/tests/test_headers.py: 158.57353019714355
test_override_default_media_type in /home/kaiyaok2/PythonProjects/falcon/tests/test_headers.py: 158.6862292289734
test_unset_header in /home/kaiyaok2/PythonProjects/falcon/tests/test_headers.py: 158.78424954414368
test_headers_with_custom_class_not_callable in /home/kaiyaok2/PythonProjects/falcon/tests/test_headers.py: 158.88134098052979
test_passthrough_request_headers in /home/kaiyaok2/PythonProjects/falcon/tests/test_headers.py: 158.97412395477295
test_response_header_helpers_on_get in /home/kaiyaok2/PythonProjects/falcon/tests/test_headers.py: 160.4332013130188
test_append_link_with_hreflang_multi in /home/kaiyaok2/PythonProjects/falcon/tests/test_headers.py: 160.55394053459167
test_append_link_crossorigin in /home/kaiyaok2/PythonProjects/falcon/tests/test_headers.py: 160.70802426338196
test_unicode_headers_contain_non_ascii in /home/kaiyaok2/PythonProjects/falcon/tests/test_headers.py: 160.8060326576233
test_no_content_length in /home/kaiyaok2/PythonProjects/falcon/tests/test_headers.py: 160.90872478485107
test_content_length in /home/kaiyaok2/PythonProjects/falcon/tests/test_headers.py: 161.01418113708496
test_append_link_complex in /home/kaiyaok2/PythonProjects/falcon/tests/test_headers.py: 161.14005756378174
test_content_disposition_inline_header in /home/kaiyaok2/PythonProjects/falcon/tests/test_headers.py: 162.96314787864685
test_required_header in /home/kaiyaok2/PythonProjects/falcon/tests/test_headers.py: 163.09871625900269
test_override_default_media_type_missing_encoding in /home/kaiyaok2/PythonProjects/falcon/tests/test_headers.py: 163.1967315673828
test_content_disposition_inline_header in /home/kaiyaok2/PythonProjects/falcon/tests/test_headers.py: 163.3030960559845
test_default_value in /home/kaiyaok2/PythonProjects/falcon/tests/test_headers.py: 163.41074395179749
test_response_append_header in /home/kaiyaok2/PythonProjects/falcon/tests/test_headers.py: 163.5241723060608
test_unicode_headers_contain_non_ascii in /home/kaiyaok2/PythonProjects/falcon/tests/test_headers.py: 163.65124893188477
test_append_link_with_title_star in /home/kaiyaok2/PythonProjects/falcon/tests/test_headers.py: 163.80233764648438
test_append_link_with_hreflang in /home/kaiyaok2/PythonProjects/falcon/tests/test_headers.py: 165.38343834877014
test_content_disposition_inline_header in /home/kaiyaok2/PythonProjects/falcon/tests/test_headers.py: 165.49823474884033
test_append_link_with_link_extension in /home/kaiyaok2/PythonProjects/falcon/tests/test_headers.py: 165.62375044822693
test_unicode_location_headers in /home/kaiyaok2/PythonProjects/falcon/tests/test_headers.py: 165.71964168548584
test_headers_as_list in /home/kaiyaok2/PythonProjects/falcon/tests/test_headers.py: 165.81386137008667
test_unicode_headers_contain_only_ascii in /home/kaiyaok2/PythonProjects/falcon/tests/test_headers.py: 165.9113166332245
test_get_header_as_int in /home/kaiyaok2/PythonProjects/falcon/tests/test_headers.py: 166.02162384986877
test_custom_content_type in /home/kaiyaok2/PythonProjects/falcon/tests/test_headers.py: 166.12936401367188
test_content_type_no_body in /home/kaiyaok2/PythonProjects/falcon/tests/test_headers.py: 167.6122007369995
test_append_link_crossorigin in /home/kaiyaok2/PythonProjects/falcon/tests/test_headers.py: 167.74397230148315
test_content_disposition_attachment_header in /home/kaiyaok2/PythonProjects/falcon/tests/test_headers.py: 167.84146904945374
test_append_link_crossorigin in /home/kaiyaok2/PythonProjects/falcon/tests/test_headers.py: 167.9591281414032
test_append_link_single in /home/kaiyaok2/PythonProjects/falcon/tests/test_headers.py: 168.08765196800232
test_get in /home/kaiyaok2/PythonProjects/falcon/tests/test_http_method_routing.py: 199.20861196517944
test_default_on_options in /home/kaiyaok2/PythonProjects/falcon/tests/test_http_method_routing.py: 199.3064410686493
test_post_not_allowed in /home/kaiyaok2/PythonProjects/falcon/tests/test_http_method_routing.py: 199.45888924598694
test_on_options in /home/kaiyaok2/PythonProjects/falcon/tests/test_http_method_routing.py: 199.5828080177307
test_methods_not_allowed_simple in /home/kaiyaok2/PythonProjects/falcon/tests/test_http_method_routing.py: 201.01434350013733
test_meta_and_others_disallowed in /home/kaiyaok2/PythonProjects/falcon/tests/test_http_method_routing.py: 201.0978684425354
test_meta_and_others_disallowed in /home/kaiyaok2/PythonProjects/falcon/tests/test_http_method_routing.py: 201.17994713783264
test_methods_not_allowed_complex in /home/kaiyaok2/PythonProjects/falcon/tests/test_http_method_routing.py: 201.26095032691956
test_report in /home/kaiyaok2/PythonProjects/falcon/tests/test_http_method_routing.py: 201.33244276046753
test_misc in /home/kaiyaok2/PythonProjects/falcon/tests/test_http_method_routing.py: 201.4251058101654
test_put in /home/kaiyaok2/PythonProjects/falcon/tests/test_http_method_routing.py: 201.4989149570465
test_method_not_allowed_with_param in /home/kaiyaok2/PythonProjects/falcon/tests/test_http_method_routing.py: 201.57197833061218
test_non_string_status in /home/kaiyaok2/PythonProjects/falcon/tests/test_httpstatus.py: 217.5986921787262
test_non_string_status in /home/kaiyaok2/PythonProjects/falcon/tests/test_httpstatus.py: 217.67566204071045
test_non_string_status in /home/kaiyaok2/PythonProjects/falcon/tests/test_httpstatus.py: 217.76995301246643
test_body_is_set in /home/kaiyaok2/PythonProjects/falcon/tests/test_httpstatus.py: 217.85823774337769
test_non_string_status in /home/kaiyaok2/PythonProjects/falcon/tests/test_httpstatus.py: 217.9391691684723
test_non_string_status in /home/kaiyaok2/PythonProjects/falcon/tests/test_httpstatus.py: 218.02239561080933
test_non_string_status in /home/kaiyaok2/PythonProjects/falcon/tests/test_httpstatus.py: 218.12271070480347
test_non_string_status in /home/kaiyaok2/PythonProjects/falcon/tests/test_httpstatus.py: 218.2813048362732
test_non_string_status in /home/kaiyaok2/PythonProjects/falcon/tests/test_httpstatus.py: 218.38993501663208
test_non_string_status in /home/kaiyaok2/PythonProjects/falcon/tests/test_httpstatus.py: 218.4765179157257
test_non_string_status in /home/kaiyaok2/PythonProjects/falcon/tests/test_httpstatus.py: 219.97309756278992
test_data_is_set in /home/kaiyaok2/PythonProjects/falcon/tests/test_httpstatus.py: 220.051171541214
test_media_is_set in /home/kaiyaok2/PythonProjects/falcon/tests/test_httpstatus.py: 220.13028740882874
test_non_string_status in /home/kaiyaok2/PythonProjects/falcon/tests/test_httpstatus.py: 220.2224383354187
test_non_string_status in /home/kaiyaok2/PythonProjects/falcon/tests/test_httpstatus.py: 220.30515909194946
test_non_string_status in /home/kaiyaok2/PythonProjects/falcon/tests/test_httpstatus.py: 220.39470291137695
test_non_string_status in /home/kaiyaok2/PythonProjects/falcon/tests/test_httpstatus.py: 220.48483777046204
test_raise_status_in_before_hook in /home/kaiyaok2/PythonProjects/falcon/tests/test_httpstatus.py: 220.57983088493347
test_raise_status_empty_body in /home/kaiyaok2/PythonProjects/falcon/tests/test_httpstatus.py: 220.65516543388367
test_raise_status_in_responder in /home/kaiyaok2/PythonProjects/falcon/tests/test_httpstatus.py: 220.7265703678131
test_raise_status_runs_after_hooks in /home/kaiyaok2/PythonProjects/falcon/tests/test_httpstatus.py: 220.80063104629517
test_raise_status_survives_after_hooks in /home/kaiyaok2/PythonProjects/falcon/tests/test_httpstatus.py: 222.3038535118103
test_raise_status_in_process_request in /home/kaiyaok2/PythonProjects/falcon/tests/test_httpstatus.py: 222.40523386001587
test_raise_status_in_process_resource in /home/kaiyaok2/PythonProjects/falcon/tests/test_httpstatus.py: 222.48125910758972
test_raise_status_runs_process_response in /home/kaiyaok2/PythonProjects/falcon/tests/test_httpstatus.py: 222.55338191986084
