test_imported_from_c_modules in /home/kaiyaok2/PythonProjects/falcon/tests/test_cython.py: 83.06661009788513
test_stream_has_private_read in /home/kaiyaok2/PythonProjects/falcon/tests/test_cython.py: 83.07176923751831
test_jsonchema_validator in /home/kaiyaok2/PythonProjects/falcon/tests/asgi/test_cythonized_asgi.py: 147.81291556358337
test_hooks in /home/kaiyaok2/PythonProjects/falcon/tests/asgi/test_cythonized_asgi.py: 147.90108036994934
test_error_handler in /home/kaiyaok2/PythonProjects/falcon/tests/test_inspect.py: 148.66951870918274
test_middleware_tree in /home/kaiyaok2/PythonProjects/falcon/tests/test_inspect.py: 148.77265334129333
test_app in /home/kaiyaok2/PythonProjects/falcon/tests/test_inspect.py: 148.84493708610535
test_routes in /home/kaiyaok2/PythonProjects/falcon/tests/test_inspect.py: 150.75981068611145
test_sink in /home/kaiyaok2/PythonProjects/falcon/tests/test_inspect.py: 150.87293434143066
test_middleware in /home/kaiyaok2/PythonProjects/falcon/tests/test_inspect.py: 150.96113204956055
test_static_routes in /home/kaiyaok2/PythonProjects/falcon/tests/test_inspect.py: 151.05687546730042
test_load_app in /home/kaiyaok2/PythonProjects/falcon/tests/test_cmd_inspect_app.py: 152.55004119873047
test_load_app_error in /home/kaiyaok2/PythonProjects/falcon/tests/test_cmd_inspect_app.py: 152.64084553718567
test_load_app_error in /home/kaiyaok2/PythonProjects/falcon/tests/test_cmd_inspect_app.py: 152.71851682662964
test_load_app_error in /home/kaiyaok2/PythonProjects/falcon/tests/test_cmd_inspect_app.py: 152.80517578125
test_load_app in /home/kaiyaok2/PythonProjects/falcon/tests/test_cmd_inspect_app.py: 152.88438153266907
test_inspect in /home/kaiyaok2/PythonProjects/falcon/tests/test_cmd_inspect_app.py: 152.9790985584259
test_inspect in /home/kaiyaok2/PythonProjects/falcon/tests/test_cmd_inspect_app.py: 153.0542356967926
test_routes_only in /home/kaiyaok2/PythonProjects/falcon/tests/test_cmd_inspect_app.py: 153.13320755958557
test_routes_only in /home/kaiyaok2/PythonProjects/falcon/tests/test_cmd_inspect_app.py: 153.21083521842957
test_routes_only in /home/kaiyaok2/PythonProjects/falcon/tests/test_cmd_inspect_app.py: 153.3006796836853
test_routes_only in /home/kaiyaok2/PythonProjects/falcon/tests/test_cmd_inspect_app.py: 153.38207507133484
test_inspect in /home/kaiyaok2/PythonProjects/falcon/tests/test_cmd_inspect_app.py: 153.46336340904236
test_inspect in /home/kaiyaok2/PythonProjects/falcon/tests/test_cmd_inspect_app.py: 153.5390043258667
test_disabled_cors_should_not_add_any_extra_headers in /home/kaiyaok2/PythonProjects/falcon/tests/test_cors_middleware.py: 153.64708948135376
test_enabled_cors_should_add_extra_headers_on_response in /home/kaiyaok2/PythonProjects/falcon/tests/test_cors_middleware.py: 153.73155808448792
test_enabled_cors_handles_preflighting in /home/kaiyaok2/PythonProjects/falcon/tests/test_cors_middleware.py: 153.83062100410461
test_enabled_cors_handles_preflighting_no_headers_in_req in /home/kaiyaok2/PythonProjects/falcon/tests/test_cors_middleware.py: 153.90972423553467
test_enabled_cors_no_origin in /home/kaiyaok2/PythonProjects/falcon/tests/test_cors_middleware.py: 153.9980092048645
test_enabled_cors_should_accept_all_origins_requests in /home/kaiyaok2/PythonProjects/falcon/tests/test_cors_middleware.py: 154.0888168811798
test_allow_credential_existing_origin in /home/kaiyaok2/PythonProjects/falcon/tests/test_cors_middleware.py: 154.16442584991455
test_allow_credential_wildcard in /home/kaiyaok2/PythonProjects/falcon/tests/test_cors_middleware.py: 156.11881232261658
test_expose_headers in /home/kaiyaok2/PythonProjects/falcon/tests/test_cors_middleware.py: 156.2056760787964
test_expose_headers in /home/kaiyaok2/PythonProjects/falcon/tests/test_cors_middleware.py: 156.31422019004822
test_allow_origin in /home/kaiyaok2/PythonProjects/falcon/tests/test_cors_middleware.py: 156.4050521850586
test_allow_origin in /home/kaiyaok2/PythonProjects/falcon/tests/test_cors_middleware.py: 156.48590850830078
test_allow_credential_list_or_str in /home/kaiyaok2/PythonProjects/falcon/tests/test_cors_middleware.py: 156.58175659179688
test_allow_credential_list_or_str in /home/kaiyaok2/PythonProjects/falcon/tests/test_cors_middleware.py: 156.68906426429749
test_allow_origin_allow_credential in /home/kaiyaok2/PythonProjects/falcon/tests/test_cors_middleware.py: 156.777414560318
test_expose_headers in /home/kaiyaok2/PythonProjects/falcon/tests/test_cors_middleware.py: 156.8629162311554
test_allow_origin in /home/kaiyaok2/PythonProjects/falcon/tests/test_cors_middleware.py: 156.9523732662201
test_multiple_resource_hooks in /home/kaiyaok2/PythonProjects/falcon/tests/test_before_hooks.py: 157.09634256362915
test_param_validator in /home/kaiyaok2/PythonProjects/falcon/tests/test_before_hooks.py: 159.04843831062317
test_wrapped_resource_with_hooks_aware_of_resource in /home/kaiyaok2/PythonProjects/falcon/tests/test_before_hooks.py: 159.14388871192932
test_piggybacking_resource_post_item in /home/kaiyaok2/PythonProjects/falcon/tests/test_before_hooks.py: 159.24182152748108
test_input_validator_inherited in /home/kaiyaok2/PythonProjects/falcon/tests/test_before_hooks.py: 159.33553624153137
test_input_validator in /home/kaiyaok2/PythonProjects/falcon/tests/test_before_hooks.py: 159.4265866279602
test_multiple_resource_hooks in /home/kaiyaok2/PythonProjects/falcon/tests/test_before_hooks.py: 159.62262964248657
test_field_validator in /home/kaiyaok2/PythonProjects/falcon/tests/test_before_hooks.py: 159.72386288642883
test_field_validator in /home/kaiyaok2/PythonProjects/falcon/tests/test_before_hooks.py: 159.83336353302002
test_field_validator in /home/kaiyaok2/PythonProjects/falcon/tests/test_before_hooks.py: 159.91915225982666
test_piggybacking_resource_post_and_delete in /home/kaiyaok2/PythonProjects/falcon/tests/test_before_hooks.py: 161.86129069328308
test_wrapped_resource in /home/kaiyaok2/PythonProjects/falcon/tests/test_before_hooks.py: 161.95416474342346
test_override_method_with_extras in /home/kaiyaok2/PythonProjects/falcon/tests/test_utils.py: 162.63524842262268
test_simulate_remote_addr in /home/kaiyaok2/PythonProjects/falcon/tests/test_utils.py: 162.76199984550476
test_query_string in /home/kaiyaok2/PythonProjects/falcon/tests/test_utils.py: 162.96312475204468
test_simulate_remote_addr in /home/kaiyaok2/PythonProjects/falcon/tests/test_utils.py: 163.16322708129883
test_default_headers in /home/kaiyaok2/PythonProjects/falcon/tests/test_utils.py: 165.2083034515381
test_simulate_remote_addr in /home/kaiyaok2/PythonProjects/falcon/tests/test_utils.py: 165.36592364311218
test_status in /home/kaiyaok2/PythonProjects/falcon/tests/test_utils.py: 165.63538026809692
test_query_string_in_path in /home/kaiyaok2/PythonProjects/falcon/tests/test_utils.py: 165.89588141441345
test_simulate_hostname in /home/kaiyaok2/PythonProjects/falcon/tests/test_utils.py: 166.03432726860046
test_cached_text_in_result in /home/kaiyaok2/PythonProjects/falcon/tests/test_utils.py: 166.1853907108307
test_simulate_remote_addr in /home/kaiyaok2/PythonProjects/falcon/tests/test_utils.py: 166.3622133731842
test_path_must_start_with_slash in /home/kaiyaok2/PythonProjects/falcon/tests/test_utils.py: 168.40004873275757
test_query_string_no_question in /home/kaiyaok2/PythonProjects/falcon/tests/test_utils.py: 168.55364966392517
test_simulate_remote_addr in /home/kaiyaok2/PythonProjects/falcon/tests/test_utils.py: 168.70027470588684
test_default_headers_with_override in /home/kaiyaok2/PythonProjects/falcon/tests/test_utils.py: 168.8421859741211
test_uuid_converter in /home/kaiyaok2/PythonProjects/falcon/tests/test_uri_templates.py: 169.15530681610107
test_float_converter in /home/kaiyaok2/PythonProjects/falcon/tests/test_uri_templates.py: 169.2474398612976
test_float_converter in /home/kaiyaok2/PythonProjects/falcon/tests/test_uri_templates.py: 169.34126687049866
test_datetime_converter in /home/kaiyaok2/PythonProjects/falcon/tests/test_uri_templates.py: 171.30650806427002
test_uuid_converter in /home/kaiyaok2/PythonProjects/falcon/tests/test_uri_templates.py: 171.43436980247498
test_special_chars in /home/kaiyaok2/PythonProjects/falcon/tests/test_uri_templates.py: 171.52351117134094
test_float_converter in /home/kaiyaok2/PythonProjects/falcon/tests/test_uri_templates.py: 171.6151044368744
test_uuid_converter in /home/kaiyaok2/PythonProjects/falcon/tests/test_uri_templates.py: 171.74362969398499
test_single_trailing_slash in /home/kaiyaok2/PythonProjects/falcon/tests/test_uri_templates.py: 171.85551691055298
test_no_vars in /home/kaiyaok2/PythonProjects/falcon/tests/test_uri_templates.py: 171.94444036483765
test_float_converter in /home/kaiyaok2/PythonProjects/falcon/tests/test_uri_templates.py: 172.06113719940186
test_single in /home/kaiyaok2/PythonProjects/falcon/tests/test_uri_templates.py: 172.1542022228241
test_single_path_segment in /home/kaiyaok2/PythonProjects/falcon/tests/test_uri_templates.py: 172.26253533363342
test_datetime_converter in /home/kaiyaok2/PythonProjects/falcon/tests/test_uri_templates.py: 174.25057315826416
test_float_converter in /home/kaiyaok2/PythonProjects/falcon/tests/test_uri_templates.py: 174.3688154220581
test_int_converter_rejections in /home/kaiyaok2/PythonProjects/falcon/tests/test_uri_templates.py: 174.4723253250122
test_int_converter in /home/kaiyaok2/PythonProjects/falcon/tests/test_uri_templates.py: 174.56904816627502
test_float_converter_non_finite_allowed in /home/kaiyaok2/PythonProjects/falcon/tests/test_uri_templates.py: 174.66425108909607
test_converter_custom in /home/kaiyaok2/PythonProjects/falcon/tests/test_uri_templates.py: 174.76650595664978
test_datetime_converter in /home/kaiyaok2/PythonProjects/falcon/tests/test_uri_templates.py: 174.86301374435425
test_float_converter in /home/kaiyaok2/PythonProjects/falcon/tests/test_uri_templates.py: 174.95738792419434
test_converter_custom in /home/kaiyaok2/PythonProjects/falcon/tests/test_uri_templates.py: 175.07633066177368
test_int_converter in /home/kaiyaok2/PythonProjects/falcon/tests/test_uri_templates.py: 175.17051815986633
test_float_converter in /home/kaiyaok2/PythonProjects/falcon/tests/test_uri_templates.py: 177.13939929008484
test_uuid_converter in /home/kaiyaok2/PythonProjects/falcon/tests/test_uri_templates.py: 177.23753428459167
test_root_path in /home/kaiyaok2/PythonProjects/falcon/tests/test_uri_templates.py: 177.35258436203003
test_adding_suffix_routes in /home/kaiyaok2/PythonProjects/falcon/tests/test_uri_templates.py: 177.46203660964966
test_same_level_complex_var in /home/kaiyaok2/PythonProjects/falcon/tests/test_uri_templates.py: 177.56250405311584
test_float_converter in /home/kaiyaok2/PythonProjects/falcon/tests/test_uri_templates.py: 177.69709587097168
test_float_converter in /home/kaiyaok2/PythonProjects/falcon/tests/test_uri_templates.py: 177.8028838634491
test_single in /home/kaiyaok2/PythonProjects/falcon/tests/test_uri_templates.py: 177.90472292900085
test_same_level_complex_var in /home/kaiyaok2/PythonProjects/falcon/tests/test_uri_templates.py: 178.0047116279602
test_int_converter_rejections in /home/kaiyaok2/PythonProjects/falcon/tests/test_uri_templates.py: 178.108140707016
test_uuid_converter_complex_segment in /home/kaiyaok2/PythonProjects/falcon/tests/test_uri_templates.py: 180.10686254501343
test_with_and_without_trailing_slash in /home/kaiyaok2/PythonProjects/falcon/tests/test_uri_templates.py: 180.20423555374146
test_float_converter in /home/kaiyaok2/PythonProjects/falcon/tests/test_uri_templates.py: 180.28905200958252
test_float_converter_non_finite_disallowed in /home/kaiyaok2/PythonProjects/falcon/tests/test_uri_templates.py: 180.3711211681366
test_float_converter in /home/kaiyaok2/PythonProjects/falcon/tests/test_uri_templates.py: 180.45703959465027
test_float_converter in /home/kaiyaok2/PythonProjects/falcon/tests/test_uri_templates.py: 180.54113721847534
test_int_converter in /home/kaiyaok2/PythonProjects/falcon/tests/test_uri_templates.py: 180.6247227191925
test_converter_custom in /home/kaiyaok2/PythonProjects/falcon/tests/test_uri_templates.py: 180.7006287574768
test_single in /home/kaiyaok2/PythonProjects/falcon/tests/test_uri_templates.py: 180.78410601615906
test_multiple in /home/kaiyaok2/PythonProjects/falcon/tests/test_uri_templates.py: 180.93442106246948
test_int_converter_rejections in /home/kaiyaok2/PythonProjects/falcon/tests/test_uri_templates.py: 182.85244178771973
test_float_converter_non_finite_allowed in /home/kaiyaok2/PythonProjects/falcon/tests/test_uri_templates.py: 182.97781419754028
test_float_converter_non_finite_allowed in /home/kaiyaok2/PythonProjects/falcon/tests/test_uri_templates.py: 183.08998727798462
test_with_and_without_trailing_slash in /home/kaiyaok2/PythonProjects/falcon/tests/test_uri_templates.py: 183.18455815315247
test_uuid_converter in /home/kaiyaok2/PythonProjects/falcon/tests/test_uri_templates.py: 183.27838468551636
test_datetime_converter in /home/kaiyaok2/PythonProjects/falcon/tests/test_uri_templates.py: 183.37840127944946
test_int_converter in /home/kaiyaok2/PythonProjects/falcon/tests/test_uri_templates.py: 183.46435713768005
test_uuid_converter in /home/kaiyaok2/PythonProjects/falcon/tests/test_uri_templates.py: 183.5672643184662
test_methods_not_allowed_complex in /home/kaiyaok2/PythonProjects/falcon/tests/test_http_method_routing.py: 183.69618701934814
test_put in /home/kaiyaok2/PythonProjects/falcon/tests/test_http_method_routing.py: 183.82125854492188
test_meta_and_others_disallowed in /home/kaiyaok2/PythonProjects/falcon/tests/test_http_method_routing.py: 183.90237545967102
test_default_on_options in /home/kaiyaok2/PythonProjects/falcon/tests/test_http_method_routing.py: 185.91099452972412
test_meta_and_others_disallowed in /home/kaiyaok2/PythonProjects/falcon/tests/test_http_method_routing.py: 185.98780155181885
test_methods_not_allowed_simple in /home/kaiyaok2/PythonProjects/falcon/tests/test_http_method_routing.py: 186.06890845298767
test_misc in /home/kaiyaok2/PythonProjects/falcon/tests/test_http_method_routing.py: 186.17533254623413
test_method_not_allowed_with_param in /home/kaiyaok2/PythonProjects/falcon/tests/test_http_method_routing.py: 186.2537522315979
test_post_not_allowed in /home/kaiyaok2/PythonProjects/falcon/tests/test_http_method_routing.py: 186.33423137664795
test_on_options in /home/kaiyaok2/PythonProjects/falcon/tests/test_http_method_routing.py: 186.4476683139801
test_get in /home/kaiyaok2/PythonProjects/falcon/tests/test_http_method_routing.py: 186.53143000602722
test_report in /home/kaiyaok2/PythonProjects/falcon/tests/test_http_method_routing.py: 186.6234745979309
