test_post_read_bounded_stream_large in /home/kaiyaok2/PythonProjects/falcon/tests/asgi/test_asgi_servers.py: 56.83593463897705
test_post_read_bounded_stream_no_body in /home/kaiyaok2/PythonProjects/falcon/tests/asgi/test_asgi_servers.py: 72.3157262802124
test_post_multiple in /home/kaiyaok2/PythonProjects/falcon/tests/asgi/test_asgi_servers.py: 87.7631561756134
test_sse in /home/kaiyaok2/PythonProjects/falcon/tests/asgi/test_asgi_servers.py: 103.17319107055664
test_head_405 in /home/kaiyaok2/PythonProjects/falcon/tests/asgi/test_asgi_servers.py: 118.45322465896606
test_post_invalid_content_length in /home/kaiyaok2/PythonProjects/falcon/tests/asgi/test_asgi_servers.py: 133.85887742042542
test_sse_client_disconnects_early in /home/kaiyaok2/PythonProjects/falcon/tests/asgi/test_asgi_servers.py: 149.40707993507385
test_stream_chunked_request in /home/kaiyaok2/PythonProjects/falcon/tests/asgi/test_asgi_servers.py: 164.7535228729248
test_get in /home/kaiyaok2/PythonProjects/falcon/tests/asgi/test_asgi_servers.py: 180.31461930274963
test_post_read_bounded_stream in /home/kaiyaok2/PythonProjects/falcon/tests/asgi/test_asgi_servers.py: 195.74166750907898
test_post_multipart_form in /home/kaiyaok2/PythonProjects/falcon/tests/asgi/test_asgi_servers.py: 211.27779984474182
test_put in /home/kaiyaok2/PythonProjects/falcon/tests/asgi/test_asgi_servers.py: 226.68929934501648
test_hello in /home/kaiyaok2/PythonProjects/falcon/tests/asgi/test_asgi_servers.py: 242.10672664642334
test_send_before_accept in /home/kaiyaok2/PythonProjects/falcon/tests/asgi/test_asgi_servers.py: 257.6038737297058
test_disconnecting_client_early in /home/kaiyaok2/PythonProjects/falcon/tests/asgi/test_asgi_servers.py: 272.9211118221283
test_close_code_on_unhandled_http_error in /home/kaiyaok2/PythonProjects/falcon/tests/asgi/test_asgi_servers.py: 288.1683666706085
test_missing_responder in /home/kaiyaok2/PythonProjects/falcon/tests/asgi/test_asgi_servers.py: 303.48985290527344
test_rejected in /home/kaiyaok2/PythonProjects/falcon/tests/asgi/test_asgi_servers.py: 318.84239315986633
test_close_code_on_unhandled_error in /home/kaiyaok2/PythonProjects/falcon/tests/asgi/test_asgi_servers.py: 334.22977447509766
test_type_mismatch in /home/kaiyaok2/PythonProjects/falcon/tests/asgi/test_asgi_servers.py: 349.6304066181183
test_recv_before_accept in /home/kaiyaok2/PythonProjects/falcon/tests/asgi/test_asgi_servers.py: 365.0303170681
test_select_subprotocol_unknown in /home/kaiyaok2/PythonProjects/falcon/tests/asgi/test_asgi_servers.py: 380.47075366973877
test_select_subprotocol_known in /home/kaiyaok2/PythonProjects/falcon/tests/asgi/test_asgi_servers.py: 397.50362944602966
test_type_mismatch in /home/kaiyaok2/PythonProjects/falcon/tests/asgi/test_asgi_servers.py: 413.0654764175415
test_rejected in /home/kaiyaok2/PythonProjects/falcon/tests/asgi/test_asgi_servers.py: 428.4582073688507
test_type_mismatch in /home/kaiyaok2/PythonProjects/falcon/tests/asgi/test_asgi_servers.py: 443.97920513153076
test_hello in /home/kaiyaok2/PythonProjects/falcon/tests/asgi/test_asgi_servers.py: 459.52227902412415
test_hello in /home/kaiyaok2/PythonProjects/falcon/tests/asgi/test_asgi_servers.py: 474.8773193359375
test_select_subprotocol_known in /home/kaiyaok2/PythonProjects/falcon/tests/asgi/test_asgi_servers.py: 490.3702735900879
test_hello in /home/kaiyaok2/PythonProjects/falcon/tests/asgi/test_asgi_servers.py: 505.88919281959534
test_rejected in /home/kaiyaok2/PythonProjects/falcon/tests/asgi/test_asgi_servers.py: 521.1594130992889
test_rejected in /home/kaiyaok2/PythonProjects/falcon/tests/asgi/test_asgi_servers.py: 536.4479217529297
test_passing_path_params in /home/kaiyaok2/PythonProjects/falcon/tests/asgi/test_asgi_servers.py: 551.856285572052
test_type_mismatch in /home/kaiyaok2/PythonProjects/falcon/tests/asgi/test_asgi_servers.py: 566.9886476993561
test_invalid_close_code in /home/kaiyaok2/PythonProjects/falcon/tests/asgi/test_asgi_servers.py: 582.4129033088684
test_imported_from_c_modules in /home/kaiyaok2/PythonProjects/falcon/tests/test_cython.py: 629.7756862640381
test_stream_has_private_read in /home/kaiyaok2/PythonProjects/falcon/tests/test_cython.py: 629.7807538509369
test_hooks in /home/kaiyaok2/PythonProjects/falcon/tests/asgi/test_cythonized_asgi.py: 632.2007322311401
test_jsonchema_validator in /home/kaiyaok2/PythonProjects/falcon/tests/asgi/test_cythonized_asgi.py: 632.5466983318329
test_middleware_tree in /home/kaiyaok2/PythonProjects/falcon/tests/test_inspect.py: 632.9616017341614
test_routes in /home/kaiyaok2/PythonProjects/falcon/tests/test_inspect.py: 633.3093922138214
test_error_handler in /home/kaiyaok2/PythonProjects/falcon/tests/test_inspect.py: 633.6429152488708
test_sink in /home/kaiyaok2/PythonProjects/falcon/tests/test_inspect.py: 633.8588607311249
test_app in /home/kaiyaok2/PythonProjects/falcon/tests/test_inspect.py: 636.2156612873077
test_middleware in /home/kaiyaok2/PythonProjects/falcon/tests/test_inspect.py: 636.3325748443604
test_static_routes in /home/kaiyaok2/PythonProjects/falcon/tests/test_inspect.py: 636.5073895454407
test_methods_not_allowed_complex in /home/kaiyaok2/PythonProjects/falcon/tests/test_http_method_routing.py: 637.963526725769
test_method_not_allowed_with_param in /home/kaiyaok2/PythonProjects/falcon/tests/test_http_method_routing.py: 638.0392746925354
test_cookie_timezone in /home/kaiyaok2/PythonProjects/falcon/tests/test_cookies.py: 645.7719397544861
test_cookies_setable in /home/kaiyaok2/PythonProjects/falcon/tests/test_cookies.py: 645.873165845871
test_response_complex_case in /home/kaiyaok2/PythonProjects/falcon/tests/test_cookies.py: 645.9520182609558
test_cookie_expires_naive in /home/kaiyaok2/PythonProjects/falcon/tests/test_cookies.py: 646.0307576656342
test_cookie_max_age_float_and_string in /home/kaiyaok2/PythonProjects/falcon/tests/test_cookies.py: 647.3793382644653
test_unset_cookies in /home/kaiyaok2/PythonProjects/falcon/tests/test_cookies.py: 647.5052454471588
test_same_site_empty_string in /home/kaiyaok2/PythonProjects/falcon/tests/test_cookies.py: 647.6444630622864
test_strict_same_site_value in /home/kaiyaok2/PythonProjects/falcon/tests/test_cookies.py: 647.7312002182007
test_cookie_max_age_float_and_string in /home/kaiyaok2/PythonProjects/falcon/tests/test_cookies.py: 647.8242418766022
test_none_same_site_value in /home/kaiyaok2/PythonProjects/falcon/tests/test_cookies.py: 647.9091904163361
test_response_unset_cookie in /home/kaiyaok2/PythonProjects/falcon/tests/test_cookies.py: 648.0145165920258
test_lax_same_site_value in /home/kaiyaok2/PythonProjects/falcon/tests/test_cookies.py: 648.1038637161255
test_response_base_case in /home/kaiyaok2/PythonProjects/falcon/tests/test_cookies.py: 648.2665333747864
test_response_disable_secure_globally in /home/kaiyaok2/PythonProjects/falcon/tests/test_cookies.py: 648.426732301712
test_cookie_expires_aware in /home/kaiyaok2/PythonProjects/falcon/tests/test_cookies.py: 648.5402908325195
test_data_is_set in /home/kaiyaok2/PythonProjects/falcon/tests/test_httpstatus.py: 651.6715273857117
test_body_is_set in /home/kaiyaok2/PythonProjects/falcon/tests/test_httpstatus.py: 651.7623109817505
test_media_is_set in /home/kaiyaok2/PythonProjects/falcon/tests/test_httpstatus.py: 651.8731534481049
test_raise_status_in_process_resource in /home/kaiyaok2/PythonProjects/falcon/tests/test_httpstatus.py: 651.9726326465607
test_raise_status_in_process_request in /home/kaiyaok2/PythonProjects/falcon/tests/test_httpstatus.py: 652.0558729171753
test_raise_status_runs_process_response in /home/kaiyaok2/PythonProjects/falcon/tests/test_httpstatus.py: 652.1289846897125
test_raise_status_runs_after_hooks in /home/kaiyaok2/PythonProjects/falcon/tests/test_httpstatus.py: 652.2074751853943
test_raise_status_in_before_hook in /home/kaiyaok2/PythonProjects/falcon/tests/test_httpstatus.py: 653.5530061721802
test_raise_status_survives_after_hooks in /home/kaiyaok2/PythonProjects/falcon/tests/test_httpstatus.py: 653.6297829151154
test_raise_status_empty_body in /home/kaiyaok2/PythonProjects/falcon/tests/test_httpstatus.py: 653.7236874103546
test_raise_status_in_responder in /home/kaiyaok2/PythonProjects/falcon/tests/test_httpstatus.py: 653.7968876361847
test_post_multipart_form in /home/kaiyaok2/PythonProjects/falcon/tests/test_wsgi_servers.py: 684.3752317428589
test_static_file in /home/kaiyaok2/PythonProjects/falcon/tests/test_wsgi_servers.py: 714.7923798561096
test_static_file_byte_range in /home/kaiyaok2/PythonProjects/falcon/tests/test_wsgi_servers.py: 745.1600081920624
test_static_file_byte_range in /home/kaiyaok2/PythonProjects/falcon/tests/test_wsgi_servers.py: 775.4334995746613
test_static_file_byte_range in /home/kaiyaok2/PythonProjects/falcon/tests/test_wsgi_servers.py: 805.8038370609283
test_static_file_byte_range in /home/kaiyaok2/PythonProjects/falcon/tests/test_wsgi_servers.py: 836.1010627746582
test_static_file_byte_range in /home/kaiyaok2/PythonProjects/falcon/tests/test_wsgi_servers.py: 866.4637792110443
test_get_deprecated in /home/kaiyaok2/PythonProjects/falcon/tests/test_wsgi_servers.py: 896.6635007858276
test_post_multipart_form in /home/kaiyaok2/PythonProjects/falcon/tests/test_wsgi_servers.py: 927.0706095695496
test_get_deprecated in /home/kaiyaok2/PythonProjects/falcon/tests/test_wsgi_servers.py: 957.4653389453888
test_get in /home/kaiyaok2/PythonProjects/falcon/tests/test_wsgi_servers.py: 987.7007241249084
test_get in /home/kaiyaok2/PythonProjects/falcon/tests/test_wsgi_servers.py: 1017.9711511135101
test_static_file_byte_range in /home/kaiyaok2/PythonProjects/falcon/tests/test_wsgi_servers.py: 1048.2345230579376
test_static_file_byte_range in /home/kaiyaok2/PythonProjects/falcon/tests/test_wsgi_servers.py: 1078.4474103450775
test_static_file in /home/kaiyaok2/PythonProjects/falcon/tests/test_wsgi_servers.py: 1108.7334394454956
test_static_file_byte_range in /home/kaiyaok2/PythonProjects/falcon/tests/test_wsgi_servers.py: 1139.3366928100586
test_content_length_set_on_head_with_no_body in /home/kaiyaok2/PythonProjects/falcon/tests/test_response_body.py: 1139.546944618225
test_response_body_rendition_error in /home/kaiyaok2/PythonProjects/falcon/tests/test_response_body.py: 1139.6884818077087
test_unsupported_response_content_type in /home/kaiyaok2/PythonProjects/falcon/tests/test_response_body.py: 1139.8267390727997
test_headers_with_custom_class_not_callable in /home/kaiyaok2/PythonProjects/falcon/tests/test_headers.py: 1149.3012206554413
test_declared_content_length_overriden_by_data_length in /home/kaiyaok2/PythonProjects/falcon/tests/test_headers.py: 1149.4360280036926
test_declared_content_length_overridden_by_no_body in /home/kaiyaok2/PythonProjects/falcon/tests/test_headers.py: 1149.5566763877869
test_unicode_headers_contain_non_ascii in /home/kaiyaok2/PythonProjects/falcon/tests/test_headers.py: 1149.7162313461304
test_content_disposition_inline_header in /home/kaiyaok2/PythonProjects/falcon/tests/test_headers.py: 1149.8550672531128
test_required_header in /home/kaiyaok2/PythonProjects/falcon/tests/test_headers.py: 1149.9906554222107
test_vary_header in /home/kaiyaok2/PythonProjects/falcon/tests/test_headers.py: 1152.0297470092773
test_no_content_type in /home/kaiyaok2/PythonProjects/falcon/tests/test_headers.py: 1152.1753613948822
test_unicode_headers_contain_non_ascii in /home/kaiyaok2/PythonProjects/falcon/tests/test_headers.py: 1152.314841747284
test_content_type_no_body in /home/kaiyaok2/PythonProjects/falcon/tests/test_headers.py: 1152.4339458942413
test_response_append_header in /home/kaiyaok2/PythonProjects/falcon/tests/test_headers.py: 1152.6166956424713
test_append_link_with_hreflang in /home/kaiyaok2/PythonProjects/falcon/tests/test_headers.py: 1152.9083919525146
test_unicode_location_headers in /home/kaiyaok2/PythonProjects/falcon/tests/test_headers.py: 1153.0897731781006
test_override_default_media_type_missing_encoding in /home/kaiyaok2/PythonProjects/falcon/tests/test_headers.py: 1155.7553451061249
test_content_disposition_attachment_header in /home/kaiyaok2/PythonProjects/falcon/tests/test_headers.py: 1155.999745607376
test_append_link_with_link_extension in /home/kaiyaok2/PythonProjects/falcon/tests/test_headers.py: 1156.4011425971985
test_content_disposition_attachment_header in /home/kaiyaok2/PythonProjects/falcon/tests/test_headers.py: 1156.611668586731
test_append_link_crossorigin in /home/kaiyaok2/PythonProjects/falcon/tests/test_headers.py: 1156.7940428256989
test_content_length in /home/kaiyaok2/PythonProjects/falcon/tests/test_headers.py: 1156.9107007980347
test_response_set_and_get_header in /home/kaiyaok2/PythonProjects/falcon/tests/test_headers.py: 1157.0418996810913
test_no_content_type in /home/kaiyaok2/PythonProjects/falcon/tests/test_headers.py: 1158.4721884727478
test_custom_content_type in /home/kaiyaok2/PythonProjects/falcon/tests/test_headers.py: 1158.5857484340668
test_append_link_with_type_hint in /home/kaiyaok2/PythonProjects/falcon/tests/test_headers.py: 1158.7268607616425
test_content_disposition_attachment_header in /home/kaiyaok2/PythonProjects/falcon/tests/test_headers.py: 1158.8405377864838
test_no_content_length in /home/kaiyaok2/PythonProjects/falcon/tests/test_headers.py: 1158.9557783603668
test_unset_header in /home/kaiyaok2/PythonProjects/falcon/tests/test_headers.py: 1159.0712203979492
test_append_link_with_anchor in /home/kaiyaok2/PythonProjects/falcon/tests/test_headers.py: 1159.2020337581635
test_append_link_crossorigin in /home/kaiyaok2/PythonProjects/falcon/tests/test_headers.py: 1159.3453409671783
test_default_value in /home/kaiyaok2/PythonProjects/falcon/tests/test_headers.py: 1159.4572803974152
test_content_disposition_attachment_header in /home/kaiyaok2/PythonProjects/falcon/tests/test_headers.py: 1161.0085139274597
test_append_link_multiple in /home/kaiyaok2/PythonProjects/falcon/tests/test_headers.py: 1161.1522493362427
test_unset_header in /home/kaiyaok2/PythonProjects/falcon/tests/test_headers.py: 1161.2578494548798
test_override_default_media_type in /home/kaiyaok2/PythonProjects/falcon/tests/test_headers.py: 1161.3624618053436
test_declared_content_length_overriden_by_body_length in /home/kaiyaok2/PythonProjects/falcon/tests/test_headers.py: 1161.4733185768127
test_unicode_headers_contain_non_ascii in /home/kaiyaok2/PythonProjects/falcon/tests/test_headers.py: 1161.5876548290253
test_vary_header in /home/kaiyaok2/PythonProjects/falcon/tests/test_headers.py: 1161.7086098194122
test_request_multiple_header in /home/kaiyaok2/PythonProjects/falcon/tests/test_headers.py: 1161.8189544677734
test_content_disposition_attachment_header in /home/kaiyaok2/PythonProjects/falcon/tests/test_headers.py: 1163.3995571136475
test_append_link_with_title_star in /home/kaiyaok2/PythonProjects/falcon/tests/test_headers.py: 1163.545845746994
test_passthrough_request_headers in /home/kaiyaok2/PythonProjects/falcon/tests/test_headers.py: 1163.6591730117798
test_unicode_headers_contain_non_ascii in /home/kaiyaok2/PythonProjects/falcon/tests/test_headers.py: 1163.789014339447
test_append_link_crossorigin in /home/kaiyaok2/PythonProjects/falcon/tests/test_headers.py: 1163.9449434280396
test_append_link_complex in /home/kaiyaok2/PythonProjects/falcon/tests/test_headers.py: 1164.087120771408
test_content_disposition_attachment_header in /home/kaiyaok2/PythonProjects/falcon/tests/test_headers.py: 1164.1932320594788
test_headers_as_list in /home/kaiyaok2/PythonProjects/falcon/tests/test_headers.py: 1165.7660114765167
test_set_headers_with_custom_class in /home/kaiyaok2/PythonProjects/falcon/tests/test_headers.py: 1165.8765506744385
test_content_disposition_attachment_header in /home/kaiyaok2/PythonProjects/falcon/tests/test_headers.py: 1165.9878027439117
test_request_latin1_headers in /home/kaiyaok2/PythonProjects/falcon/tests/test_headers.py: 1166.097941160202
test_expires_header in /home/kaiyaok2/PythonProjects/falcon/tests/test_headers.py: 1166.2042453289032
test_vary_star in /home/kaiyaok2/PythonProjects/falcon/tests/test_headers.py: 1166.3100867271423
test_append_link_crossorigin in /home/kaiyaok2/PythonProjects/falcon/tests/test_headers.py: 1166.4474234580994
test_content_disposition_inline_header in /home/kaiyaok2/PythonProjects/falcon/tests/test_headers.py: 1166.5572347640991
test_response_header_helpers_on_get in /home/kaiyaok2/PythonProjects/falcon/tests/test_headers.py: 1168.1441326141357
test_get_header_as_int in /home/kaiyaok2/PythonProjects/falcon/tests/test_headers.py: 1168.2562363147736
test_unicode_headers_contain_only_ascii in /home/kaiyaok2/PythonProjects/falcon/tests/test_headers.py: 1168.3678250312805
test_no_content_length in /home/kaiyaok2/PythonProjects/falcon/tests/test_headers.py: 1168.46541929245
test_append_link_crossorigin in /home/kaiyaok2/PythonProjects/falcon/tests/test_headers.py: 1168.5869388580322
test_content_disposition_inline_header in /home/kaiyaok2/PythonProjects/falcon/tests/test_headers.py: 1168.679063796997
test_append_link_with_hreflang_multi in /home/kaiyaok2/PythonProjects/falcon/tests/test_headers.py: 1168.7968091964722
test_content_disposition_attachment_header in /home/kaiyaok2/PythonProjects/falcon/tests/test_headers.py: 1168.8889844417572
test_default_media_type in /home/kaiyaok2/PythonProjects/falcon/tests/test_headers.py: 1170.500658750534
test_declared_content_length_on_head in /home/kaiyaok2/PythonProjects/falcon/tests/test_headers.py: 1170.6422340869904
test_override_default_media_type in /home/kaiyaok2/PythonProjects/falcon/tests/test_headers.py: 1170.756941318512
test_append_link_single in /home/kaiyaok2/PythonProjects/falcon/tests/test_headers.py: 1170.9549207687378
test_append_link_with_title in /home/kaiyaok2/PythonProjects/falcon/tests/test_headers.py: 1171.2128746509552
test_append_link_crossorigin in /home/kaiyaok2/PythonProjects/falcon/tests/test_headers.py: 1171.4889166355133
test_client_simulate_aliases in /home/kaiyaok2/PythonProjects/falcon/tests/test_testing.py: 1171.5634365081787
test_client_simulate_aliases in /home/kaiyaok2/PythonProjects/falcon/tests/test_testing.py: 1171.6214916706085
test_client_simulate_aliases in /home/kaiyaok2/PythonProjects/falcon/tests/test_testing.py: 1171.6699907779694
test_client_simulate_aliases in /home/kaiyaok2/PythonProjects/falcon/tests/test_testing.py: 1171.7175402641296
test_client_simulate_aliases in /home/kaiyaok2/PythonProjects/falcon/tests/test_testing.py: 1171.762902021408
test_client_simulate_aliases in /home/kaiyaok2/PythonProjects/falcon/tests/test_testing.py: 1171.8098158836365
test_client_simulate_aliases in /home/kaiyaok2/PythonProjects/falcon/tests/test_testing.py: 1171.8525605201721
test_client_simulate_aliases in /home/kaiyaok2/PythonProjects/falcon/tests/test_testing.py: 1171.8913459777832
test_map_http_methods in /home/kaiyaok2/PythonProjects/falcon/tests/test_http_custom_method_routing.py: 1172.07280087471
test_bar in /home/kaiyaok2/PythonProjects/falcon/tests/test_http_custom_method_routing.py: 1172.2605483531952
test_foo in /home/kaiyaok2/PythonProjects/falcon/tests/test_http_custom_method_routing.py: 1174.3208708763123
test_load_app_error in /home/kaiyaok2/PythonProjects/falcon/tests/test_cmd_inspect_app.py: 1175.2355694770813
test_load_app_error in /home/kaiyaok2/PythonProjects/falcon/tests/test_cmd_inspect_app.py: 1175.3473131656647
test_load_app in /home/kaiyaok2/PythonProjects/falcon/tests/test_cmd_inspect_app.py: 1175.4768931865692
test_load_app in /home/kaiyaok2/PythonProjects/falcon/tests/test_cmd_inspect_app.py: 1175.6290295124054
test_load_app_error in /home/kaiyaok2/PythonProjects/falcon/tests/test_cmd_inspect_app.py: 1175.760425567627
test_inspect in /home/kaiyaok2/PythonProjects/falcon/tests/test_cmd_inspect_app.py: 1175.8912930488586
test_routes_only in /home/kaiyaok2/PythonProjects/falcon/tests/test_cmd_inspect_app.py: 1176.0720648765564
test_routes_only in /home/kaiyaok2/PythonProjects/falcon/tests/test_cmd_inspect_app.py: 1176.18008351326
test_inspect in /home/kaiyaok2/PythonProjects/falcon/tests/test_cmd_inspect_app.py: 1176.2867996692657
test_inspect in /home/kaiyaok2/PythonProjects/falcon/tests/test_cmd_inspect_app.py: 1176.3803157806396
test_routes_only in /home/kaiyaok2/PythonProjects/falcon/tests/test_cmd_inspect_app.py: 1176.478613615036
test_routes_only in /home/kaiyaok2/PythonProjects/falcon/tests/test_cmd_inspect_app.py: 1176.6346819400787
test_inspect in /home/kaiyaok2/PythonProjects/falcon/tests/test_cmd_inspect_app.py: 1176.8058261871338
test_unset_cookies_samesite in /home/kaiyaok2/PythonProjects/falcon/tests/test_cookies.py: 1176.9588248729706
