test_imported_from_c_modules in /home/kaiyaok2/PythonProjects/falcon/tests/test_cython.py: 85.49771451950073
test_stream_has_private_read in /home/kaiyaok2/PythonProjects/falcon/tests/test_cython.py: 85.5629403591156
test_get in /home/kaiyaok2/PythonProjects/falcon/tests/test_wsgi_servers.py: 202.28069138526917
test_post_multipart_form in /home/kaiyaok2/PythonProjects/falcon/tests/test_wsgi_servers.py: 233.03873538970947
test_static_file_byte_range in /home/kaiyaok2/PythonProjects/falcon/tests/test_wsgi_servers.py: 263.97560238838196
test_static_file in /home/kaiyaok2/PythonProjects/falcon/tests/test_wsgi_servers.py: 294.7030289173126
test_static_file in /home/kaiyaok2/PythonProjects/falcon/tests/test_wsgi_servers.py: 325.7762179374695
test_static_file_byte_range in /home/kaiyaok2/PythonProjects/falcon/tests/test_wsgi_servers.py: 356.61456513404846
test_static_file_byte_range in /home/kaiyaok2/PythonProjects/falcon/tests/test_wsgi_servers.py: 387.02496218681335
test_get in /home/kaiyaok2/PythonProjects/falcon/tests/test_wsgi_servers.py: 417.8295969963074
test_static_file_byte_range in /home/kaiyaok2/PythonProjects/falcon/tests/test_wsgi_servers.py: 448.35986733436584
test_static_file_byte_range in /home/kaiyaok2/PythonProjects/falcon/tests/test_wsgi_servers.py: 479.16815638542175
test_static_file_byte_range in /home/kaiyaok2/PythonProjects/falcon/tests/test_wsgi_servers.py: 509.9490065574646
test_get_deprecated in /home/kaiyaok2/PythonProjects/falcon/tests/test_wsgi_servers.py: 540.4437911510468
test_static_file_byte_range in /home/kaiyaok2/PythonProjects/falcon/tests/test_wsgi_servers.py: 571.4236304759979
test_get_deprecated in /home/kaiyaok2/PythonProjects/falcon/tests/test_wsgi_servers.py: 602.4831929206848
test_static_file_byte_range in /home/kaiyaok2/PythonProjects/falcon/tests/test_wsgi_servers.py: 633.2610731124878
test_post_multipart_form in /home/kaiyaok2/PythonProjects/falcon/tests/test_wsgi_servers.py: 664.0602765083313
test_jsonchema_validator in /home/kaiyaok2/PythonProjects/falcon/tests/asgi/test_cythonized_asgi.py: 676.9460096359253
test_hooks in /home/kaiyaok2/PythonProjects/falcon/tests/asgi/test_cythonized_asgi.py: 677.6346278190613
test_load_app_error in /home/kaiyaok2/PythonProjects/falcon/tests/test_cmd_inspect_app.py: 679.0364463329315
test_load_app in /home/kaiyaok2/PythonProjects/falcon/tests/test_cmd_inspect_app.py: 680.6841998100281
test_load_app_error in /home/kaiyaok2/PythonProjects/falcon/tests/test_cmd_inspect_app.py: 680.9402165412903
test_load_app_error in /home/kaiyaok2/PythonProjects/falcon/tests/test_cmd_inspect_app.py: 681.2284450531006
test_load_app in /home/kaiyaok2/PythonProjects/falcon/tests/test_cmd_inspect_app.py: 681.5471580028534
test_routes_only in /home/kaiyaok2/PythonProjects/falcon/tests/test_cmd_inspect_app.py: 682.5022106170654
test_routes_only in /home/kaiyaok2/PythonProjects/falcon/tests/test_cmd_inspect_app.py: 683.6330804824829
test_inspect in /home/kaiyaok2/PythonProjects/falcon/tests/test_cmd_inspect_app.py: 684.6552603244781
test_inspect in /home/kaiyaok2/PythonProjects/falcon/tests/test_cmd_inspect_app.py: 685.7187821865082
test_routes_only in /home/kaiyaok2/PythonProjects/falcon/tests/test_cmd_inspect_app.py: 686.7715110778809
test_routes_only in /home/kaiyaok2/PythonProjects/falcon/tests/test_cmd_inspect_app.py: 687.820695400238
test_inspect in /home/kaiyaok2/PythonProjects/falcon/tests/test_cmd_inspect_app.py: 690.3852167129517
test_inspect in /home/kaiyaok2/PythonProjects/falcon/tests/test_cmd_inspect_app.py: 690.9957385063171
test_methods_not_allowed_complex in /home/kaiyaok2/PythonProjects/falcon/tests/test_http_method_routing.py: 707.6662380695343
test_on_options in /home/kaiyaok2/PythonProjects/falcon/tests/test_http_method_routing.py: 708.4597225189209
test_post_not_allowed in /home/kaiyaok2/PythonProjects/falcon/tests/test_http_method_routing.py: 709.3487920761108
test_method_not_allowed_with_param in /home/kaiyaok2/PythonProjects/falcon/tests/test_http_method_routing.py: 709.9549331665039
test_misc in /home/kaiyaok2/PythonProjects/falcon/tests/test_http_method_routing.py: 712.4663486480713
test_meta_and_others_disallowed in /home/kaiyaok2/PythonProjects/falcon/tests/test_http_method_routing.py: 718.5517132282257
test_meta_and_others_disallowed in /home/kaiyaok2/PythonProjects/falcon/tests/test_http_method_routing.py: 719.6822509765625
test_put in /home/kaiyaok2/PythonProjects/falcon/tests/test_http_method_routing.py: 721.509274482727
test_report in /home/kaiyaok2/PythonProjects/falcon/tests/test_http_method_routing.py: 721.8581240177155
test_get in /home/kaiyaok2/PythonProjects/falcon/tests/test_http_method_routing.py: 722.3415513038635
test_default_on_options in /home/kaiyaok2/PythonProjects/falcon/tests/test_http_method_routing.py: 723.1281881332397
test_methods_not_allowed_simple in /home/kaiyaok2/PythonProjects/falcon/tests/test_http_method_routing.py: 724.0854167938232
test_add_sync_sink_with_wrapping in /home/kaiyaok2/PythonProjects/falcon/tests/test_sinks.py: 724.564145565033
test_route_precedence_with_id in /home/kaiyaok2/PythonProjects/falcon/tests/test_sinks.py: 725.3562006950378
test_route_precedence in /home/kaiyaok2/PythonProjects/falcon/tests/test_sinks.py: 726.3436343669891
test_route_precedence_with_both_id in /home/kaiyaok2/PythonProjects/falcon/tests/test_sinks.py: 727.3091886043549
test_with_route in /home/kaiyaok2/PythonProjects/falcon/tests/test_sinks.py: 728.7966196537018
test_http_methods_body_expected in /home/kaiyaok2/PythonProjects/falcon/tests/test_query_params.py: 739.8158149719238
test_http_methods_body_expected in /home/kaiyaok2/PythonProjects/falcon/tests/test_query_params.py: 740.9161972999573
test_http_methods_body_expected in /home/kaiyaok2/PythonProjects/falcon/tests/test_query_params.py: 741.953928232193
test_http_methods_body_not_expected in /home/kaiyaok2/PythonProjects/falcon/tests/test_query_params.py: 742.9139623641968
test_http_methods_body_expected in /home/kaiyaok2/PythonProjects/falcon/tests/test_query_params.py: 743.8005447387695
test_explicitly_disable_auto_parse in /home/kaiyaok2/PythonProjects/falcon/tests/test_query_params.py: 744.5181882381439
test_asgi_raises_error in /home/kaiyaok2/PythonProjects/falcon/tests/test_query_params.py: 746.8298406600952
test_empty_body in /home/kaiyaok2/PythonProjects/falcon/tests/test_query_params.py: 756.7668147087097
test_empty_body_no_content_length in /home/kaiyaok2/PythonProjects/falcon/tests/test_query_params.py: 758.4067652225494
test_non_ascii in /home/kaiyaok2/PythonProjects/falcon/tests/test_query_params.py: 759.9645178318024
test_http_methods_body_expected in /home/kaiyaok2/PythonProjects/falcon/tests/test_query_params.py: 761.379008769989
test_http_methods_body_not_expected in /home/kaiyaok2/PythonProjects/falcon/tests/test_query_params.py: 764.29851603508
test_dont_auto_parse_by_default in /home/kaiyaok2/PythonProjects/falcon/tests/test_query_params.py: 764.6907761096954
test_get_dict_invalid in /home/kaiyaok2/PythonProjects/falcon/tests/test_query_params.py: 764.975191116333
test_required in /home/kaiyaok2/PythonProjects/falcon/tests/test_query_params.py: 774.2604470252991
test_option_auto_parse_qs_csv_multiple_fields_true in /home/kaiyaok2/PythonProjects/falcon/tests/test_query_params.py: 774.6134793758392
test_get_date_invalid in /home/kaiyaok2/PythonProjects/falcon/tests/test_query_params.py: 774.8433854579926
test_option_auto_parse_qs_csv_multiple_fields_true in /home/kaiyaok2/PythonProjects/falcon/tests/test_query_params.py: 775.238422870636
test_uuid in /home/kaiyaok2/PythonProjects/falcon/tests/test_query_params.py: 776.7334048748016
test_required in /home/kaiyaok2/PythonProjects/falcon/tests/test_query_params.py: 777.8256149291992
test_required in /home/kaiyaok2/PythonProjects/falcon/tests/test_query_params.py: 778.8803429603577
test_option_auto_parse_qs_csv_multiple_fields_true in /home/kaiyaok2/PythonProjects/falcon/tests/test_query_params.py: 786.7059452533722
test_boolean in /home/kaiyaok2/PythonProjects/falcon/tests/test_query_params.py: 787.7339408397675
test_allowed_names in /home/kaiyaok2/PythonProjects/falcon/tests/test_query_params.py: 788.8862020969391
test_int_neg in /home/kaiyaok2/PythonProjects/falcon/tests/test_query_params.py: 789.8623044490814
test_multiple_keys_as_int in /home/kaiyaok2/PythonProjects/falcon/tests/test_query_params.py: 790.8192265033722
test_option_auto_parse_qs_csv_multiple_fields_true in /home/kaiyaok2/PythonProjects/falcon/tests/test_query_params.py: 791.504983663559
test_boolean_blank in /home/kaiyaok2/PythonProjects/falcon/tests/test_query_params.py: 799.839522600174
test_blank in /home/kaiyaok2/PythonProjects/falcon/tests/test_query_params.py: 800.7211360931396
test_list_type_blank in /home/kaiyaok2/PythonProjects/falcon/tests/test_query_params.py: 803.4375791549683
test_default in /home/kaiyaok2/PythonProjects/falcon/tests/test_query_params.py: 803.9383368492126
test_required in /home/kaiyaok2/PythonProjects/falcon/tests/test_query_params.py: 804.9265620708466
test_get_date_store in /home/kaiyaok2/PythonProjects/falcon/tests/test_query_params.py: 805.9914801120758
test_get_datetime_valid_with_format in /home/kaiyaok2/PythonProjects/falcon/tests/test_query_params.py: 807.1414206027985
test_multiple_keys_as_float in /home/kaiyaok2/PythonProjects/falcon/tests/test_query_params.py: 816.2541551589966
test_get_datetime_valid in /home/kaiyaok2/PythonProjects/falcon/tests/test_query_params.py: 817.931485414505
test_int_neg in /home/kaiyaok2/PythonProjects/falcon/tests/test_query_params.py: 818.7848410606384
test_get_date_missing_param in /home/kaiyaok2/PythonProjects/falcon/tests/test_query_params.py: 820.7277021408081
test_get_date_valid_with_format in /home/kaiyaok2/PythonProjects/falcon/tests/test_query_params.py: 821.5626707077026
test_get_dict_invalid in /home/kaiyaok2/PythonProjects/falcon/tests/test_query_params.py: 821.8085579872131
test_get_datetime_invalid in /home/kaiyaok2/PythonProjects/falcon/tests/test_query_params.py: 822.0798029899597
test_option_auto_parse_qs_csv_multiple_fields_true in /home/kaiyaok2/PythonProjects/falcon/tests/test_query_params.py: 830.6495192050934
test_option_auto_parse_qs_csv_simple_false in /home/kaiyaok2/PythonProjects/falcon/tests/test_query_params.py: 832.0947062969208
test_get_param_as_json_handler_json in /home/kaiyaok2/PythonProjects/falcon/tests/test_query_params.py: 833.6907043457031
test_get_datetime_store in /home/kaiyaok2/PythonProjects/falcon/tests/test_query_params.py: 835.2473547458649
test_get_datetime_store in /home/kaiyaok2/PythonProjects/falcon/tests/test_query_params.py: 836.5351438522339
test_blank in /home/kaiyaok2/PythonProjects/falcon/tests/test_query_params.py: 839.251496553421
test_int in /home/kaiyaok2/PythonProjects/falcon/tests/test_query_params.py: 839.9542248249054
test_get_dict_missing_param in /home/kaiyaok2/PythonProjects/falcon/tests/test_query_params.py: 849.5551648139954
test_none in /home/kaiyaok2/PythonProjects/falcon/tests/test_query_params.py: 850.5593221187592
test_percent_encoded in /home/kaiyaok2/PythonProjects/falcon/tests/test_query_params.py: 851.6219475269318
test_default_auto_parse_csv_behaviour in /home/kaiyaok2/PythonProjects/falcon/tests/test_query_params.py: 852.7358705997467
test_has_param in /home/kaiyaok2/PythonProjects/falcon/tests/test_query_params.py: 853.6913962364197
test_get_datetime_valid in /home/kaiyaok2/PythonProjects/falcon/tests/test_query_params.py: 854.6167707443237
test_get_date_valid in /home/kaiyaok2/PythonProjects/falcon/tests/test_query_params.py: 857.412294626236
test_multiple_form_keys in /home/kaiyaok2/PythonProjects/falcon/tests/test_query_params.py: 863.9590713977814
test_multiple_keys_as_int in /home/kaiyaok2/PythonProjects/falcon/tests/test_query_params.py: 865.7491793632507
test_option_auto_parse_qs_csv_multiple_fields_true in /home/kaiyaok2/PythonProjects/falcon/tests/test_query_params.py: 867.3564920425415
test_multiple_form_keys_as_list in /home/kaiyaok2/PythonProjects/falcon/tests/test_query_params.py: 867.8714053630829
test_required in /home/kaiyaok2/PythonProjects/falcon/tests/test_query_params.py: 869.2569904327393
test_option_auto_parse_qs_csv_complex_false in /home/kaiyaok2/PythonProjects/falcon/tests/test_query_params.py: 870.8107268810272
test_multiple_form_keys_as_list in /home/kaiyaok2/PythonProjects/falcon/tests/test_query_params.py: 880.0656561851501
test_list_type in /home/kaiyaok2/PythonProjects/falcon/tests/test_query_params.py: 881.3743748664856
test_list_type_blank in /home/kaiyaok2/PythonProjects/falcon/tests/test_query_params.py: 882.4807980060577
test_option_auto_parse_qs_csv_multiple_fields_true in /home/kaiyaok2/PythonProjects/falcon/tests/test_query_params.py: 883.4238460063934
test_int in /home/kaiyaok2/PythonProjects/falcon/tests/test_query_params.py: 884.870822429657
test_multiple_keys_as_bool in /home/kaiyaok2/PythonProjects/falcon/tests/test_query_params.py: 886.4168031215668
test_default in /home/kaiyaok2/PythonProjects/falcon/tests/test_query_params.py: 895.0800004005432
test_bad_percentage in /home/kaiyaok2/PythonProjects/falcon/tests/test_query_params.py: 895.4433038234711
test_get_date_store in /home/kaiyaok2/PythonProjects/falcon/tests/test_query_params.py: 895.8763020038605
test_uuid in /home/kaiyaok2/PythonProjects/falcon/tests/test_query_params.py: 897.0607256889343
test_multiple_keys_as_bool in /home/kaiyaok2/PythonProjects/falcon/tests/test_query_params.py: 898.1406939029694
test_option_auto_parse_qs_csv_simple_true in /home/kaiyaok2/PythonProjects/falcon/tests/test_query_params.py: 899.3112354278564
test_option_auto_parse_qs_csv_complex_false in /home/kaiyaok2/PythonProjects/falcon/tests/test_query_params.py: 899.9988234043121
test_option_auto_parse_qs_csv_multiple_fields_true in /home/kaiyaok2/PythonProjects/falcon/tests/test_query_params.py: 902.7010929584503
test_option_auto_parse_qs_csv_simple_false in /home/kaiyaok2/PythonProjects/falcon/tests/test_query_params.py: 908.7311780452728
test_get_datetime_valid_with_format in /home/kaiyaok2/PythonProjects/falcon/tests/test_query_params.py: 910.3747510910034
test_get_date_valid_with_format in /home/kaiyaok2/PythonProjects/falcon/tests/test_query_params.py: 910.5987005233765
test_option_auto_parse_qs_csv_multiple_fields_true in /home/kaiyaok2/PythonProjects/falcon/tests/test_query_params.py: 910.8429610729218
test_allowed_names in /home/kaiyaok2/PythonProjects/falcon/tests/test_query_params.py: 911.9168241024017
test_option_auto_parse_qs_csv_multiple_fields_true in /home/kaiyaok2/PythonProjects/falcon/tests/test_query_params.py: 912.7689440250397
test_option_auto_parse_qs_csv_multiple_fields_true in /home/kaiyaok2/PythonProjects/falcon/tests/test_query_params.py: 913.6906821727753
test_float_neg in /home/kaiyaok2/PythonProjects/falcon/tests/test_query_params.py: 920.8371126651764
test_get_dict_valid in /home/kaiyaok2/PythonProjects/falcon/tests/test_query_params.py: 921.7208685874939
test_option_auto_parse_qs_csv_multiple_fields_true in /home/kaiyaok2/PythonProjects/falcon/tests/test_query_params.py: 922.4942865371704
test_none in /home/kaiyaok2/PythonProjects/falcon/tests/test_query_params.py: 924.7835102081299
test_list_type in /home/kaiyaok2/PythonProjects/falcon/tests/test_query_params.py: 925.2368049621582
test_option_auto_parse_qs_csv_multiple_fields_true in /home/kaiyaok2/PythonProjects/falcon/tests/test_query_params.py: 925.4488091468811
test_get_date_missing_param in /home/kaiyaok2/PythonProjects/falcon/tests/test_query_params.py: 926.0321440696716
test_get_date_invalid in /home/kaiyaok2/PythonProjects/falcon/tests/test_query_params.py: 933.1325163841248
test_get_datetime_missing_param in /home/kaiyaok2/PythonProjects/falcon/tests/test_query_params.py: 933.3194923400879
test_get_datetime_missing_param in /home/kaiyaok2/PythonProjects/falcon/tests/test_query_params.py: 934.1556568145752
test_float in /home/kaiyaok2/PythonProjects/falcon/tests/test_query_params.py: 935.189130783081
test_boolean in /home/kaiyaok2/PythonProjects/falcon/tests/test_query_params.py: 936.0294964313507
test_required in /home/kaiyaok2/PythonProjects/falcon/tests/test_query_params.py: 936.8328838348389
test_required in /home/kaiyaok2/PythonProjects/falcon/tests/test_query_params.py: 943.9286665916443
test_get_dict_store in /home/kaiyaok2/PythonProjects/falcon/tests/test_query_params.py: 944.8021852970123
test_option_auto_parse_qs_csv_multiple_fields_false in /home/kaiyaok2/PythonProjects/falcon/tests/test_query_params.py: 945.4175670146942
test_required in /home/kaiyaok2/PythonProjects/falcon/tests/test_query_params.py: 947.7564582824707
test_float in /home/kaiyaok2/PythonProjects/falcon/tests/test_query_params.py: 948.041928768158
test_option_auto_parse_qs_csv_multiple_fields_true in /home/kaiyaok2/PythonProjects/falcon/tests/test_query_params.py: 948.6143665313721
test_option_auto_parse_qs_csv_multiple_fields_true in /home/kaiyaok2/PythonProjects/falcon/tests/test_query_params.py: 949.4180414676666
test_get_dict_missing_param in /home/kaiyaok2/PythonProjects/falcon/tests/test_query_params.py: 950.2335195541382
test_bad_percentage in /home/kaiyaok2/PythonProjects/falcon/tests/test_query_params.py: 956.5031402111053
test_percent_encoded in /home/kaiyaok2/PythonProjects/falcon/tests/test_query_params.py: 957.4281206130981
test_list_transformer in /home/kaiyaok2/PythonProjects/falcon/tests/test_query_params.py: 958.3141930103302
test_get_param_as_json_no_handler_json in /home/kaiyaok2/PythonProjects/falcon/tests/test_query_params.py: 958.8975081443787
test_get_dict_store in /home/kaiyaok2/PythonProjects/falcon/tests/test_query_params.py: 961.1848859786987
test_get_datetime_invalid in /home/kaiyaok2/PythonProjects/falcon/tests/test_query_params.py: 961.5303218364716
test_param_property in /home/kaiyaok2/PythonProjects/falcon/tests/test_query_params.py: 968.5998232364655
test_has_param in /home/kaiyaok2/PythonProjects/falcon/tests/test_query_params.py: 968.8692667484283
test_boolean_blank in /home/kaiyaok2/PythonProjects/falcon/tests/test_query_params.py: 969.4208235740662
test_option_auto_parse_qs_csv_multiple_fields_true in /home/kaiyaok2/PythonProjects/falcon/tests/test_query_params.py: 970.3383870124817
test_simple in /home/kaiyaok2/PythonProjects/falcon/tests/test_query_params.py: 971.093430519104
test_float_neg in /home/kaiyaok2/PythonProjects/falcon/tests/test_query_params.py: 971.9154298305511
test_option_auto_parse_qs_csv_simple_true in /home/kaiyaok2/PythonProjects/falcon/tests/test_query_params.py: 972.8850300312042
test_option_auto_parse_qs_csv_multiple_fields_false in /home/kaiyaok2/PythonProjects/falcon/tests/test_query_params.py: 979.9328846931458
test_required in /home/kaiyaok2/PythonProjects/falcon/tests/test_query_params.py: 980.6544053554535
test_required in /home/kaiyaok2/PythonProjects/falcon/tests/test_query_params.py: 983.0871732234955
test_default_auto_parse_csv_behaviour in /home/kaiyaok2/PythonProjects/falcon/tests/test_query_params.py: 983.2454721927643
test_simple in /home/kaiyaok2/PythonProjects/falcon/tests/test_query_params.py: 983.3890488147736
test_param_property in /home/kaiyaok2/PythonProjects/falcon/tests/test_query_params.py: 984.2630598545074
test_multiple_keys_as_float in /home/kaiyaok2/PythonProjects/falcon/tests/test_query_params.py: 985.0790410041809
test_multiple_form_keys in /home/kaiyaok2/PythonProjects/falcon/tests/test_query_params.py: 991.9490005970001
test_get_dict_valid in /home/kaiyaok2/PythonProjects/falcon/tests/test_query_params.py: 992.9224979877472
test_required in /home/kaiyaok2/PythonProjects/falcon/tests/test_query_params.py: 993.8274857997894
test_required in /home/kaiyaok2/PythonProjects/falcon/tests/test_query_params.py: 994.3693218231201
test_option_auto_parse_qs_csv_multiple_fields_true in /home/kaiyaok2/PythonProjects/falcon/tests/test_query_params.py: 996.7392032146454
test_get_date_valid in /home/kaiyaok2/PythonProjects/falcon/tests/test_query_params.py: 996.9152686595917
test_option_auto_parse_qs_csv_multiple_fields_true in /home/kaiyaok2/PythonProjects/falcon/tests/test_query_params.py: 997.5051815509796
test_list_transformer in /home/kaiyaok2/PythonProjects/falcon/tests/test_query_params.py: 1003.9585897922516
test_with_and_without_trailing_slash in /home/kaiyaok2/PythonProjects/falcon/tests/test_uri_templates.py: 1004.6066164970398
test_int_converter_rejections in /home/kaiyaok2/PythonProjects/falcon/tests/test_uri_templates.py: 1005.2407581806183
test_root_path in /home/kaiyaok2/PythonProjects/falcon/tests/test_uri_templates.py: 1005.8316833972931
test_same_level_complex_var in /home/kaiyaok2/PythonProjects/falcon/tests/test_uri_templates.py: 1006.4511513710022
test_float_converter in /home/kaiyaok2/PythonProjects/falcon/tests/test_uri_templates.py: 1007.0787017345428
test_float_converter in /home/kaiyaok2/PythonProjects/falcon/tests/test_uri_templates.py: 1007.5696806907654
test_uuid_converter in /home/kaiyaok2/PythonProjects/falcon/tests/test_uri_templates.py: 1008.4183232784271
test_float_converter_non_finite_allowed in /home/kaiyaok2/PythonProjects/falcon/tests/test_uri_templates.py: 1010.1181998252869
test_same_level_complex_var in /home/kaiyaok2/PythonProjects/falcon/tests/test_uri_templates.py: 1014.792227268219
test_single_trailing_slash in /home/kaiyaok2/PythonProjects/falcon/tests/test_uri_templates.py: 1016.8095154762268
test_uuid_converter in /home/kaiyaok2/PythonProjects/falcon/tests/test_uri_templates.py: 1017.2525050640106
test_datetime_converter in /home/kaiyaok2/PythonProjects/falcon/tests/test_uri_templates.py: 1017.374760389328
test_float_converter_non_finite_disallowed in /home/kaiyaok2/PythonProjects/falcon/tests/test_uri_templates.py: 1017.5655708312988
test_datetime_converter in /home/kaiyaok2/PythonProjects/falcon/tests/test_uri_templates.py: 1018.223531961441
test_with_and_without_trailing_slash in /home/kaiyaok2/PythonProjects/falcon/tests/test_uri_templates.py: 1018.8437073230743
test_int_converter in /home/kaiyaok2/PythonProjects/falcon/tests/test_uri_templates.py: 1019.4569709300995
test_single in /home/kaiyaok2/PythonProjects/falcon/tests/test_uri_templates.py: 1020.079187631607
test_uuid_converter in /home/kaiyaok2/PythonProjects/falcon/tests/test_uri_templates.py: 1026.9941074848175
test_single in /home/kaiyaok2/PythonProjects/falcon/tests/test_uri_templates.py: 1027.7628951072693
test_single in /home/kaiyaok2/PythonProjects/falcon/tests/test_uri_templates.py: 1028.4465537071228
test_int_converter_rejections in /home/kaiyaok2/PythonProjects/falcon/tests/test_uri_templates.py: 1028.9451925754547
test_uuid_converter in /home/kaiyaok2/PythonProjects/falcon/tests/test_uri_templates.py: 1031.1099662780762
test_datetime_converter in /home/kaiyaok2/PythonProjects/falcon/tests/test_uri_templates.py: 1031.3915665149689
test_float_converter in /home/kaiyaok2/PythonProjects/falcon/tests/test_uri_templates.py: 1031.512422800064
test_float_converter_non_finite_allowed in /home/kaiyaok2/PythonProjects/falcon/tests/test_uri_templates.py: 1031.6179101467133
test_no_vars in /home/kaiyaok2/PythonProjects/falcon/tests/test_uri_templates.py: 1032.0720510482788
test_int_converter in /home/kaiyaok2/PythonProjects/falcon/tests/test_uri_templates.py: 1032.7525746822357
test_float_converter_non_finite_allowed in /home/kaiyaok2/PythonProjects/falcon/tests/test_uri_templates.py: 1039.5372006893158
test_converter_custom in /home/kaiyaok2/PythonProjects/falcon/tests/test_uri_templates.py: 1040.1644015312195
test_float_converter in /home/kaiyaok2/PythonProjects/falcon/tests/test_uri_templates.py: 1040.7306718826294
test_float_converter in /home/kaiyaok2/PythonProjects/falcon/tests/test_uri_templates.py: 1041.3423373699188
test_datetime_converter in /home/kaiyaok2/PythonProjects/falcon/tests/test_uri_templates.py: 1041.9788980484009
test_multiple in /home/kaiyaok2/PythonProjects/falcon/tests/test_uri_templates.py: 1042.523851633072
test_int_converter_rejections in /home/kaiyaok2/PythonProjects/falcon/tests/test_uri_templates.py: 1043.1215119361877
test_float_converter in /home/kaiyaok2/PythonProjects/falcon/tests/test_uri_templates.py: 1045.284824371338
test_float_converter in /home/kaiyaok2/PythonProjects/falcon/tests/test_uri_templates.py: 1045.4523313045502
test_int_converter in /home/kaiyaok2/PythonProjects/falcon/tests/test_uri_templates.py: 1045.5961565971375
test_float_converter in /home/kaiyaok2/PythonProjects/falcon/tests/test_uri_templates.py: 1053.0145065784454
test_float_converter in /home/kaiyaok2/PythonProjects/falcon/tests/test_uri_templates.py: 1053.2355165481567
test_int_converter in /home/kaiyaok2/PythonProjects/falcon/tests/test_uri_templates.py: 1053.367909193039
test_float_converter in /home/kaiyaok2/PythonProjects/falcon/tests/test_uri_templates.py: 1053.4660692214966
test_float_converter in /home/kaiyaok2/PythonProjects/falcon/tests/test_uri_templates.py: 1054.0265772342682
test_converter_custom in /home/kaiyaok2/PythonProjects/falcon/tests/test_uri_templates.py: 1054.7297823429108
test_float_converter in /home/kaiyaok2/PythonProjects/falcon/tests/test_uri_templates.py: 1055.4378049373627
test_converter_custom in /home/kaiyaok2/PythonProjects/falcon/tests/test_uri_templates.py: 1056.1910560131073
test_uuid_converter_complex_segment in /home/kaiyaok2/PythonProjects/falcon/tests/test_uri_templates.py: 1056.8555178642273
test_uuid_converter in /home/kaiyaok2/PythonProjects/falcon/tests/test_uri_templates.py: 1057.3543984889984
test_uuid_converter in /home/kaiyaok2/PythonProjects/falcon/tests/test_uri_templates.py: 1064.7831711769104
test_special_chars in /home/kaiyaok2/PythonProjects/falcon/tests/test_uri_templates.py: 1065.343641757965
test_adding_suffix_routes in /home/kaiyaok2/PythonProjects/falcon/tests/test_uri_templates.py: 1065.8618025779724
test_single_path_segment in /home/kaiyaok2/PythonProjects/falcon/tests/test_uri_templates.py: 1068.219915151596
test_unicode_headers_contain_only_ascii in /home/kaiyaok2/PythonProjects/falcon/tests/test_headers.py: 1222.3250153064728
test_unicode_location_headers in /home/kaiyaok2/PythonProjects/falcon/tests/test_headers.py: 1223.227707862854
test_append_link_crossorigin in /home/kaiyaok2/PythonProjects/falcon/tests/test_headers.py: 1224.3197567462921
test_content_length in /home/kaiyaok2/PythonProjects/falcon/tests/test_headers.py: 1233.120543718338
test_no_content_type in /home/kaiyaok2/PythonProjects/falcon/tests/test_headers.py: 1234.124368429184
test_default_media_type in /home/kaiyaok2/PythonProjects/falcon/tests/test_headers.py: 1235.4863014221191
test_append_link_crossorigin in /home/kaiyaok2/PythonProjects/falcon/tests/test_headers.py: 1237.8798778057098
test_content_disposition_attachment_header in /home/kaiyaok2/PythonProjects/falcon/tests/test_headers.py: 1238.38232755661
test_declared_content_length_overriden_by_data_length in /home/kaiyaok2/PythonProjects/falcon/tests/test_headers.py: 1239.0585691928864
test_content_disposition_attachment_header in /home/kaiyaok2/PythonProjects/falcon/tests/test_headers.py: 1240.037440776825
test_response_set_and_get_header in /home/kaiyaok2/PythonProjects/falcon/tests/test_headers.py: 1249.9320051670074
test_custom_content_type in /home/kaiyaok2/PythonProjects/falcon/tests/test_headers.py: 1250.684418439865
test_append_link_single in /home/kaiyaok2/PythonProjects/falcon/tests/test_headers.py: 1251.9198048114777
test_content_disposition_attachment_header in /home/kaiyaok2/PythonProjects/falcon/tests/test_headers.py: 1252.7786803245544
test_response_header_helpers_on_get in /home/kaiyaok2/PythonProjects/falcon/tests/test_headers.py: 1253.460450410843
test_vary_header in /home/kaiyaok2/PythonProjects/falcon/tests/test_headers.py: 1254.3907146453857
test_content_disposition_inline_header in /home/kaiyaok2/PythonProjects/falcon/tests/test_headers.py: 1255.2060825824738
test_unicode_headers_contain_non_ascii in /home/kaiyaok2/PythonProjects/falcon/tests/test_headers.py: 1256.0521278381348
test_override_default_media_type in /home/kaiyaok2/PythonProjects/falcon/tests/test_headers.py: 1265.002196073532
test_append_link_with_hreflang_multi in /home/kaiyaok2/PythonProjects/falcon/tests/test_headers.py: 1266.2303276062012
test_override_default_media_type_missing_encoding in /home/kaiyaok2/PythonProjects/falcon/tests/test_headers.py: 1267.187638759613
test_vary_header in /home/kaiyaok2/PythonProjects/falcon/tests/test_headers.py: 1268.2551748752594
test_passthrough_request_headers in /home/kaiyaok2/PythonProjects/falcon/tests/test_headers.py: 1269.2632319927216
test_declared_content_length_overridden_by_no_body in /home/kaiyaok2/PythonProjects/falcon/tests/test_headers.py: 1271.545373916626
test_response_append_header in /home/kaiyaok2/PythonProjects/falcon/tests/test_headers.py: 1271.913753271103
test_append_link_crossorigin in /home/kaiyaok2/PythonProjects/falcon/tests/test_headers.py: 1272.7182412147522
test_content_disposition_attachment_header in /home/kaiyaok2/PythonProjects/falcon/tests/test_headers.py: 1281.5032913684845
test_append_link_with_title in /home/kaiyaok2/PythonProjects/falcon/tests/test_headers.py: 1282.0252044200897
test_append_link_with_anchor in /home/kaiyaok2/PythonProjects/falcon/tests/test_headers.py: 1283.5082201957703
test_headers_with_custom_class_not_callable in /home/kaiyaok2/PythonProjects/falcon/tests/test_headers.py: 1284.636507511139
test_content_type_no_body in /home/kaiyaok2/PythonProjects/falcon/tests/test_headers.py: 1285.8194897174835
test_unset_header in /home/kaiyaok2/PythonProjects/falcon/tests/test_headers.py: 1287.0511882305145
test_append_link_multiple in /home/kaiyaok2/PythonProjects/falcon/tests/test_headers.py: 1288.437594652176
test_expires_header in /home/kaiyaok2/PythonProjects/falcon/tests/test_headers.py: 1291.7345035076141
test_override_default_media_type in /home/kaiyaok2/PythonProjects/falcon/tests/test_headers.py: 1300.5582747459412
test_content_disposition_attachment_header in /home/kaiyaok2/PythonProjects/falcon/tests/test_headers.py: 1303.6468529701233
test_append_link_with_title_star in /home/kaiyaok2/PythonProjects/falcon/tests/test_headers.py: 1304.716918706894
test_append_link_with_type_hint in /home/kaiyaok2/PythonProjects/falcon/tests/test_headers.py: 1305.595535516739
test_append_link_crossorigin in /home/kaiyaok2/PythonProjects/falcon/tests/test_headers.py: 1307.1649849414825
test_content_disposition_attachment_header in /home/kaiyaok2/PythonProjects/falcon/tests/test_headers.py: 1308.2964539527893
test_unicode_headers_contain_non_ascii in /home/kaiyaok2/PythonProjects/falcon/tests/test_headers.py: 1309.5046982765198
test_append_link_complex in /home/kaiyaok2/PythonProjects/falcon/tests/test_headers.py: 1318.5259239673615
test_no_content_length in /home/kaiyaok2/PythonProjects/falcon/tests/test_headers.py: 1319.497046470642
test_append_link_with_link_extension in /home/kaiyaok2/PythonProjects/falcon/tests/test_headers.py: 1320.6787023544312
test_request_multiple_header in /home/kaiyaok2/PythonProjects/falcon/tests/test_headers.py: 1321.4126951694489
test_default_value in /home/kaiyaok2/PythonProjects/falcon/tests/test_headers.py: 1322.308611869812
test_append_link_with_hreflang in /home/kaiyaok2/PythonProjects/falcon/tests/test_headers.py: 1325.1145129203796
test_append_link_crossorigin in /home/kaiyaok2/PythonProjects/falcon/tests/test_headers.py: 1325.4698185920715
test_content_disposition_inline_header in /home/kaiyaok2/PythonProjects/falcon/tests/test_headers.py: 1325.721384048462
test_required_header in /home/kaiyaok2/PythonProjects/falcon/tests/test_headers.py: 1334.975396156311
test_set_headers_with_custom_class in /home/kaiyaok2/PythonProjects/falcon/tests/test_headers.py: 1335.339007616043
test_get_header_as_int in /home/kaiyaok2/PythonProjects/falcon/tests/test_headers.py: 1336.1398282051086
test_content_disposition_attachment_header in /home/kaiyaok2/PythonProjects/falcon/tests/test_headers.py: 1337.1379237174988
test_append_link_crossorigin in /home/kaiyaok2/PythonProjects/falcon/tests/test_headers.py: 1338.4158024787903
test_content_disposition_attachment_header in /home/kaiyaok2/PythonProjects/falcon/tests/test_headers.py: 1339.6112177371979
test_request_latin1_headers in /home/kaiyaok2/PythonProjects/falcon/tests/test_headers.py: 1340.5920634269714
test_no_content_type in /home/kaiyaok2/PythonProjects/falcon/tests/test_headers.py: 1341.5917098522186
test_vary_star in /home/kaiyaok2/PythonProjects/falcon/tests/test_headers.py: 1349.6580634117126
test_content_disposition_inline_header in /home/kaiyaok2/PythonProjects/falcon/tests/test_headers.py: 1351.0583047866821
test_unicode_headers_contain_non_ascii in /home/kaiyaok2/PythonProjects/falcon/tests/test_headers.py: 1352.6954054832458
test_no_content_length in /home/kaiyaok2/PythonProjects/falcon/tests/test_headers.py: 1352.8759047985077
test_headers_as_list in /home/kaiyaok2/PythonProjects/falcon/tests/test_headers.py: 1353.1985244750977
test_declared_content_length_on_head in /home/kaiyaok2/PythonProjects/falcon/tests/test_headers.py: 1354.402634382248
test_unset_header in /home/kaiyaok2/PythonProjects/falcon/tests/test_headers.py: 1355.56698346138
test_declared_content_length_overriden_by_body_length in /home/kaiyaok2/PythonProjects/falcon/tests/test_headers.py: 1356.714432477951
test_unicode_headers_contain_non_ascii in /home/kaiyaok2/PythonProjects/falcon/tests/test_headers.py: 1366.711903333664
test_catch_http_no_route_error in /home/kaiyaok2/PythonProjects/falcon/tests/test_error_handlers.py: 1367.7655174732208
test_caught_error_async in /home/kaiyaok2/PythonProjects/falcon/tests/test_error_handlers.py: 1368.7714393138885
test_passing_path_params in /home/kaiyaok2/PythonProjects/falcon/tests/asgi/test_asgi_servers.py: 1375.3010337352753
test_hello in /home/kaiyaok2/PythonProjects/falcon/tests/asgi/test_asgi_servers.py: 1381.2740347385406
test_select_subprotocol_unknown in /home/kaiyaok2/PythonProjects/falcon/tests/asgi/test_asgi_servers.py: 1398.2470664978027
test_close_code_on_unhandled_error in /home/kaiyaok2/PythonProjects/falcon/tests/asgi/test_asgi_servers.py: 1414.3865258693695
test_type_mismatch in /home/kaiyaok2/PythonProjects/falcon/tests/asgi/test_asgi_servers.py: 1430.5667293071747
test_rejected in /home/kaiyaok2/PythonProjects/falcon/tests/asgi/test_asgi_servers.py: 1447.3843545913696
test_hello in /home/kaiyaok2/PythonProjects/falcon/tests/asgi/test_asgi_servers.py: 1458.3522975444794
test_hello in /home/kaiyaok2/PythonProjects/falcon/tests/asgi/test_asgi_servers.py: 1463.701397895813
test_type_mismatch in /home/kaiyaok2/PythonProjects/falcon/tests/asgi/test_asgi_servers.py: 1474.366961479187
test_rejected in /home/kaiyaok2/PythonProjects/falcon/tests/asgi/test_asgi_servers.py: 1480.02743601799
test_recv_before_accept in /home/kaiyaok2/PythonProjects/falcon/tests/asgi/test_asgi_servers.py: 1496.4646043777466
test_close_code_on_unhandled_http_error in /home/kaiyaok2/PythonProjects/falcon/tests/asgi/test_asgi_servers.py: 1512.674029827118
test_rejected in /home/kaiyaok2/PythonProjects/falcon/tests/asgi/test_asgi_servers.py: 1529.273231267929
test_missing_responder in /home/kaiyaok2/PythonProjects/falcon/tests/asgi/test_asgi_servers.py: 1545.4309141635895
test_select_subprotocol_known in /home/kaiyaok2/PythonProjects/falcon/tests/asgi/test_asgi_servers.py: 1562.0331473350525
test_type_mismatch in /home/kaiyaok2/PythonProjects/falcon/tests/asgi/test_asgi_servers.py: 1578.7234230041504
test_disconnecting_client_early in /home/kaiyaok2/PythonProjects/falcon/tests/asgi/test_asgi_servers.py: 1594.7581279277802
test_select_subprotocol_known in /home/kaiyaok2/PythonProjects/falcon/tests/asgi/test_asgi_servers.py: 1611.3804743289948
test_type_mismatch in /home/kaiyaok2/PythonProjects/falcon/tests/asgi/test_asgi_servers.py: 1627.5687041282654
test_rejected in /home/kaiyaok2/PythonProjects/falcon/tests/asgi/test_asgi_servers.py: 1643.862309217453
test_invalid_close_code in /home/kaiyaok2/PythonProjects/falcon/tests/asgi/test_asgi_servers.py: 1654.27059340477
test_send_before_accept in /home/kaiyaok2/PythonProjects/falcon/tests/asgi/test_asgi_servers.py: 1664.6009142398834
test_hello in /home/kaiyaok2/PythonProjects/falcon/tests/asgi/test_asgi_servers.py: 1671.066972732544
test_post_read_bounded_stream_large in /home/kaiyaok2/PythonProjects/falcon/tests/asgi/test_asgi_servers.py: 1687.172171831131
test_post_invalid_content_length in /home/kaiyaok2/PythonProjects/falcon/tests/asgi/test_asgi_servers.py: 1698.1148681640625
test_sse_client_disconnects_early in /home/kaiyaok2/PythonProjects/falcon/tests/asgi/test_asgi_servers.py: 1714.299376487732
test_put in /home/kaiyaok2/PythonProjects/falcon/tests/asgi/test_asgi_servers.py: 1730.909449338913
test_stream_chunked_request in /home/kaiyaok2/PythonProjects/falcon/tests/asgi/test_asgi_servers.py: 1746.5763006210327
test_post_read_bounded_stream_no_body in /home/kaiyaok2/PythonProjects/falcon/tests/asgi/test_asgi_servers.py: 1763.072729587555
test_get in /home/kaiyaok2/PythonProjects/falcon/tests/asgi/test_asgi_servers.py: 1779.580560684204
test_post_multipart_form in /home/kaiyaok2/PythonProjects/falcon/tests/asgi/test_asgi_servers.py: 1795.5941195487976
test_sse in /home/kaiyaok2/PythonProjects/falcon/tests/asgi/test_asgi_servers.py: 1811.658804178238
test_post_read_bounded_stream in /home/kaiyaok2/PythonProjects/falcon/tests/asgi/test_asgi_servers.py: 1827.7505145072937
test_head_405 in /home/kaiyaok2/PythonProjects/falcon/tests/asgi/test_asgi_servers.py: 1844.427987575531
test_post_multiple in /home/kaiyaok2/PythonProjects/falcon/tests/asgi/test_asgi_servers.py: 1860.7368123531342
test_temporary_413_integer_retry_after in /home/kaiyaok2/PythonProjects/falcon/tests/test_httperror.py: 1887.0940163135529
test_invalid_header in /home/kaiyaok2/PythonProjects/falcon/tests/test_httperror.py: 1895.2890520095825
test_404_without_body in /home/kaiyaok2/PythonProjects/falcon/tests/test_httperror.py: 1895.4439249038696
test_404_with_body in /home/kaiyaok2/PythonProjects/falcon/tests/test_httperror.py: 1895.5912992954254
test_429_no_retry_after in /home/kaiyaok2/PythonProjects/falcon/tests/test_httperror.py: 1896.573362827301
test_custom_error_serializer_optional_representation in /home/kaiyaok2/PythonProjects/falcon/tests/test_httperror.py: 1897.3744661808014
test_client_does_not_accept_anything in /home/kaiyaok2/PythonProjects/falcon/tests/test_httperror.py: 1898.3361823558807
test_414_with_title in /home/kaiyaok2/PythonProjects/falcon/tests/test_httperror.py: 1899.349133491516
test_custom_error_serializer_optional_representation in /home/kaiyaok2/PythonProjects/falcon/tests/test_httperror.py: 1900.3621809482574
test_missing_param in /home/kaiyaok2/PythonProjects/falcon/tests/test_httperror.py: 1907.5152969360352
test_epic_fail_xml in /home/kaiyaok2/PythonProjects/falcon/tests/test_httperror.py: 1908.3306412696838
test_414 in /home/kaiyaok2/PythonProjects/falcon/tests/test_httperror.py: 1910.78963804245
test_unicode_json in /home/kaiyaok2/PythonProjects/falcon/tests/test_httperror.py: 1911.121455669403
test_client_does_not_accept_json_or_xml in /home/kaiyaok2/PythonProjects/falcon/tests/test_httperror.py: 1911.476970911026
test_custom_error_serializer_optional_representation in /home/kaiyaok2/PythonProjects/falcon/tests/test_httperror.py: 1911.713797569275
test_epic_fail_xml in /home/kaiyaok2/PythonProjects/falcon/tests/test_httperror.py: 1911.911892414093
test_custom_error_serializer in /home/kaiyaok2/PythonProjects/falcon/tests/test_httperror.py: 1912.4283289909363
test_custom_error_serializer_optional_representation in /home/kaiyaok2/PythonProjects/falcon/tests/test_httperror.py: 1919.9128215312958
test_missing_header in /home/kaiyaok2/PythonProjects/falcon/tests/test_httperror.py: 1920.7404894828796
test_custom_serializer_no_representation in /home/kaiyaok2/PythonProjects/falcon/tests/test_httperror.py: 1921.8562495708466
test_misc in /home/kaiyaok2/PythonProjects/falcon/tests/test_httperror.py: 1922.8306241035461
test_416 in /home/kaiyaok2/PythonProjects/falcon/tests/test_httperror.py: 1923.7839994430542
test_title_default_message_if_none in /home/kaiyaok2/PythonProjects/falcon/tests/test_httperror.py: 1924.5568873882294
test_503_datetime_retry_after in /home/kaiyaok2/PythonProjects/falcon/tests/test_httperror.py: 1927.104920387268
test_414_with_description in /home/kaiyaok2/PythonProjects/falcon/tests/test_httperror.py: 1927.2920546531677
test_invalid_param in /home/kaiyaok2/PythonProjects/falcon/tests/test_httperror.py: 1935.1849303245544
test_title_default_message_if_none in /home/kaiyaok2/PythonProjects/falcon/tests/test_httperror.py: 1935.4251146316528
test_title_default_message_if_none in /home/kaiyaok2/PythonProjects/falcon/tests/test_httperror.py: 1935.657166481018
test_serialize_error_uses_media_handler in /home/kaiyaok2/PythonProjects/falcon/tests/test_httperror.py: 1935.8489322662354
test_epic_fail_xml in /home/kaiyaok2/PythonProjects/falcon/tests/test_httperror.py: 1936.8075115680695
test_413 in /home/kaiyaok2/PythonProjects/falcon/tests/test_httperror.py: 1937.7719004154205
test_forbidden in /home/kaiyaok2/PythonProjects/falcon/tests/test_httperror.py: 1938.6294147968292
test_title_default_message_if_none in /home/kaiyaok2/PythonProjects/falcon/tests/test_httperror.py: 1939.6636559963226
test_405_without_body_with_extra_headers_double_check in /home/kaiyaok2/PythonProjects/falcon/tests/test_httperror.py: 1946.8527030944824
test_401 in /home/kaiyaok2/PythonProjects/falcon/tests/test_httperror.py: 1947.929118156433
test_410_without_body in /home/kaiyaok2/PythonProjects/falcon/tests/test_httperror.py: 1948.6252932548523
test_429 in /home/kaiyaok2/PythonProjects/falcon/tests/test_httperror.py: 1951.0999584197998
test_serialize_no_json_media_handler in /home/kaiyaok2/PythonProjects/falcon/tests/test_httperror.py: 1951.389969110489
test_405_without_body_with_extra_headers in /home/kaiyaok2/PythonProjects/falcon/tests/test_httperror.py: 1951.5815815925598
test_title_default_message_if_none in /home/kaiyaok2/PythonProjects/falcon/tests/test_httperror.py: 1951.8258383274078
test_temporary_413_datetime_retry_after in /home/kaiyaok2/PythonProjects/falcon/tests/test_httperror.py: 1952.8272466659546
test_414_with_custom_kwargs in /home/kaiyaok2/PythonProjects/falcon/tests/test_httperror.py: 1959.8782210350037
test_no_description_json in /home/kaiyaok2/PythonProjects/falcon/tests/test_httperror.py: 1960.623610496521
test_429_datetime in /home/kaiyaok2/PythonProjects/falcon/tests/test_httperror.py: 1961.4256060123444
test_forbidden in /home/kaiyaok2/PythonProjects/falcon/tests/test_httperror.py: 1962.383637189865
test_405_with_body in /home/kaiyaok2/PythonProjects/falcon/tests/test_httperror.py: 1963.7645325660706
test_503_integer_retry_after in /home/kaiyaok2/PythonProjects/falcon/tests/test_httperror.py: 1965.2634844779968
test_base_class in /home/kaiyaok2/PythonProjects/falcon/tests/test_httperror.py: 1965.4351947307587
test_epic_fail_xml in /home/kaiyaok2/PythonProjects/falcon/tests/test_httperror.py: 1965.6142132282257
test_405_without_body in /home/kaiyaok2/PythonProjects/falcon/tests/test_httperror.py: 1972.7463569641113
test_410_with_body in /home/kaiyaok2/PythonProjects/falcon/tests/test_httperror.py: 1973.370994091034
test_no_description_xml in /home/kaiyaok2/PythonProjects/falcon/tests/test_httperror.py: 1974.1042590141296
test_epic_fail_json in /home/kaiyaok2/PythonProjects/falcon/tests/test_httperror.py: 1974.8420174121857
test_title_default_message_if_none in /home/kaiyaok2/PythonProjects/falcon/tests/test_httperror.py: 1975.5603227615356
test_411 in /home/kaiyaok2/PythonProjects/falcon/tests/test_httperror.py: 1976.4099962711334
test_unicode_xml in /home/kaiyaok2/PythonProjects/falcon/tests/test_httperror.py: 1977.5084223747253
test_forbidden in /home/kaiyaok2/PythonProjects/falcon/tests/test_httperror.py: 1978.910406112671
test_static_routes in /home/kaiyaok2/PythonProjects/falcon/tests/test_inspect.py: 1979.0751428604126
test_error_handler in /home/kaiyaok2/PythonProjects/falcon/tests/test_inspect.py: 1986.3600373268127
test_app in /home/kaiyaok2/PythonProjects/falcon/tests/test_inspect.py: 1986.497267961502
test_routes in /home/kaiyaok2/PythonProjects/falcon/tests/test_inspect.py: 1986.6190633773804
test_sink in /home/kaiyaok2/PythonProjects/falcon/tests/test_inspect.py: 1986.742082118988
test_middleware in /home/kaiyaok2/PythonProjects/falcon/tests/test_inspect.py: 1987.307203054428
test_middleware_tree in /home/kaiyaok2/PythonProjects/falcon/tests/test_inspect.py: 1987.8756155967712
test_wrapped_resource_with_hooks_aware_of_resource in /home/kaiyaok2/PythonProjects/falcon/tests/test_after_hooks.py: 1988.495687007904
test_wrapped_resource in /home/kaiyaok2/PythonProjects/falcon/tests/test_after_hooks.py: 1989.113177537918
test_wrapped_resource in /home/kaiyaok2/PythonProjects/falcon/tests/test_after_hooks.py: 1989.7369146347046
test_resource_with_uri_fields in /home/kaiyaok2/PythonProjects/falcon/tests/test_after_hooks.py: 1990.270673274994
test_resource_with_uri_fields in /home/kaiyaok2/PythonProjects/falcon/tests/test_after_hooks.py: 1990.810819387436
test_disabled_cors_should_not_add_any_extra_headers in /home/kaiyaok2/PythonProjects/falcon/tests/test_cors_middleware.py: 1993.168471813202
test_enabled_cors_handles_preflighting in /home/kaiyaok2/PythonProjects/falcon/tests/test_cors_middleware.py: 1998.2279045581818
test_enabled_cors_should_add_extra_headers_on_response in /home/kaiyaok2/PythonProjects/falcon/tests/test_cors_middleware.py: 2000.5946116447449
test_enabled_cors_should_accept_all_origins_requests in /home/kaiyaok2/PythonProjects/falcon/tests/test_cors_middleware.py: 2000.7769627571106
test_enabled_cors_handles_preflighting_no_headers_in_req in /home/kaiyaok2/PythonProjects/falcon/tests/test_cors_middleware.py: 2000.8843681812286
test_enabled_cors_no_origin in /home/kaiyaok2/PythonProjects/falcon/tests/test_cors_middleware.py: 2001.0374312400818
test_allow_credential_existing_origin in /home/kaiyaok2/PythonProjects/falcon/tests/test_cors_middleware.py: 2001.64280295372
test_allow_credential_wildcard in /home/kaiyaok2/PythonProjects/falcon/tests/test_cors_middleware.py: 2002.2260234355927
test_allow_origin_allow_credential in /home/kaiyaok2/PythonProjects/falcon/tests/test_cors_middleware.py: 2002.7955963611603
test_allow_origin in /home/kaiyaok2/PythonProjects/falcon/tests/test_cors_middleware.py: 2003.3686616420746
test_allow_origin in /home/kaiyaok2/PythonProjects/falcon/tests/test_cors_middleware.py: 2003.9483060836792
test_expose_headers in /home/kaiyaok2/PythonProjects/falcon/tests/test_cors_middleware.py: 2004.5260825157166
test_allow_origin in /home/kaiyaok2/PythonProjects/falcon/tests/test_cors_middleware.py: 2011.1393899917603
test_expose_headers in /home/kaiyaok2/PythonProjects/falcon/tests/test_cors_middleware.py: 2011.7070240974426
test_allow_credential_list_or_str in /home/kaiyaok2/PythonProjects/falcon/tests/test_cors_middleware.py: 2012.1324524879456
test_allow_credential_list_or_str in /home/kaiyaok2/PythonProjects/falcon/tests/test_cors_middleware.py: 2014.1417632102966
test_expose_headers in /home/kaiyaok2/PythonProjects/falcon/tests/test_cors_middleware.py: 2014.549525976181
test_cookie_expires_naive in /home/kaiyaok2/PythonProjects/falcon/tests/test_cookies.py: 2015.700973033905
test_unset_cookies_samesite in /home/kaiyaok2/PythonProjects/falcon/tests/test_cookies.py: 2016.392593383789
test_response_disable_secure_globally in /home/kaiyaok2/PythonProjects/falcon/tests/test_cookies.py: 2017.010374546051
test_same_site_empty_string in /home/kaiyaok2/PythonProjects/falcon/tests/test_cookies.py: 2017.6657388210297
test_strict_same_site_value in /home/kaiyaok2/PythonProjects/falcon/tests/test_cookies.py: 2018.2527420520782
test_cookie_max_age_float_and_string in /home/kaiyaok2/PythonProjects/falcon/tests/test_cookies.py: 2025.7917749881744
test_none_same_site_value in /home/kaiyaok2/PythonProjects/falcon/tests/test_cookies.py: 2026.5280723571777
test_cookie_expires_aware in /home/kaiyaok2/PythonProjects/falcon/tests/test_cookies.py: 2029.09273147583
test_response_base_case in /home/kaiyaok2/PythonProjects/falcon/tests/test_cookies.py: 2029.532555103302
test_cookie_max_age_float_and_string in /home/kaiyaok2/PythonProjects/falcon/tests/test_cookies.py: 2029.8459482192993
test_response_unset_cookie in /home/kaiyaok2/PythonProjects/falcon/tests/test_cookies.py: 2030.7752485275269
test_lax_same_site_value in /home/kaiyaok2/PythonProjects/falcon/tests/test_cookies.py: 2031.5348262786865
test_unset_cookies in /home/kaiyaok2/PythonProjects/falcon/tests/test_cookies.py: 2032.3582451343536
test_cookies_setable in /home/kaiyaok2/PythonProjects/falcon/tests/test_cookies.py: 2033.0640759468079
test_cookie_timezone in /home/kaiyaok2/PythonProjects/falcon/tests/test_cookies.py: 2033.8776144981384
test_response_complex_case in /home/kaiyaok2/PythonProjects/falcon/tests/test_cookies.py: 2041.856412410736
