test_imported_from_c_modules in /home/kaiyaok2/PythonProjects/falcon/tests/test_cython.py: 41.80704689025879
test_stream_has_private_read in /home/kaiyaok2/PythonProjects/falcon/tests/test_cython.py: 41.81201648712158
test_inspect in /home/kaiyaok2/PythonProjects/falcon/tests/test_cmd_inspect_app.py: 42.15875434875488
test_routes_only in /home/kaiyaok2/PythonProjects/falcon/tests/test_cmd_inspect_app.py: 42.219626903533936
test_inspect in /home/kaiyaok2/PythonProjects/falcon/tests/test_cmd_inspect_app.py: 42.27891564369202
test_inspect in /home/kaiyaok2/PythonProjects/falcon/tests/test_cmd_inspect_app.py: 42.34144163131714
test_inspect in /home/kaiyaok2/PythonProjects/falcon/tests/test_cmd_inspect_app.py: 42.40088486671448
test_routes_only in /home/kaiyaok2/PythonProjects/falcon/tests/test_cmd_inspect_app.py: 42.46068620681763
test_routes_only in /home/kaiyaok2/PythonProjects/falcon/tests/test_cmd_inspect_app.py: 42.520344257354736
test_routes_only in /home/kaiyaok2/PythonProjects/falcon/tests/test_cmd_inspect_app.py: 42.581395626068115
test_load_app_error in /home/kaiyaok2/PythonProjects/falcon/tests/test_cmd_inspect_app.py: 42.64323353767395
test_load_app_error in /home/kaiyaok2/PythonProjects/falcon/tests/test_cmd_inspect_app.py: 42.71150803565979
test_load_app_error in /home/kaiyaok2/PythonProjects/falcon/tests/test_cmd_inspect_app.py: 42.771512269973755
test_load_app in /home/kaiyaok2/PythonProjects/falcon/tests/test_cmd_inspect_app.py: 42.83214855194092
test_load_app in /home/kaiyaok2/PythonProjects/falcon/tests/test_cmd_inspect_app.py: 42.89004969596863
test_hooks in /home/kaiyaok2/PythonProjects/falcon/tests/asgi/test_cythonized_asgi.py: 42.999840259552
test_jsonchema_validator in /home/kaiyaok2/PythonProjects/falcon/tests/asgi/test_cythonized_asgi.py: 43.118287086486816
test_redirect in /home/kaiyaok2/PythonProjects/falcon/tests/test_redirects.py: 43.79391360282898
test_redirect_with_headers in /home/kaiyaok2/PythonProjects/falcon/tests/test_redirects.py: 43.90997672080994
test_redirect_with_headers in /home/kaiyaok2/PythonProjects/falcon/tests/test_redirects.py: 44.04689002037048
test_redirect in /home/kaiyaok2/PythonProjects/falcon/tests/test_redirects.py: 44.13608384132385
test_redirect_with_headers in /home/kaiyaok2/PythonProjects/falcon/tests/test_redirects.py: 44.20798087120056
test_redirect_with_headers in /home/kaiyaok2/PythonProjects/falcon/tests/test_redirects.py: 44.272571086883545
test_redirect_with_headers in /home/kaiyaok2/PythonProjects/falcon/tests/test_redirects.py: 44.33787703514099
test_redirect in /home/kaiyaok2/PythonProjects/falcon/tests/test_redirects.py: 44.409140825271606
test_redirect in /home/kaiyaok2/PythonProjects/falcon/tests/test_redirects.py: 44.47330284118652
test_redirect in /home/kaiyaok2/PythonProjects/falcon/tests/test_redirects.py: 45.96670722961426
test_append_link_complex in /home/kaiyaok2/PythonProjects/falcon/tests/test_headers.py: 46.53975462913513
test_request_latin1_headers in /home/kaiyaok2/PythonProjects/falcon/tests/test_headers.py: 46.64600729942322
test_content_disposition_inline_header in /home/kaiyaok2/PythonProjects/falcon/tests/test_headers.py: 46.746429443359375
test_override_default_media_type in /home/kaiyaok2/PythonProjects/falcon/tests/test_headers.py: 46.85536503791809
test_no_content_type in /home/kaiyaok2/PythonProjects/falcon/tests/test_headers.py: 46.94883847236633
test_response_set_and_get_header in /home/kaiyaok2/PythonProjects/falcon/tests/test_headers.py: 47.04313063621521
test_unicode_headers_contain_non_ascii in /home/kaiyaok2/PythonProjects/falcon/tests/test_headers.py: 48.545101165771484
test_passthrough_request_headers in /home/kaiyaok2/PythonProjects/falcon/tests/test_headers.py: 48.67799639701843
test_default_value in /home/kaiyaok2/PythonProjects/falcon/tests/test_headers.py: 48.78207039833069
test_set_headers_with_custom_class in /home/kaiyaok2/PythonProjects/falcon/tests/test_headers.py: 48.907114028930664
test_response_append_header in /home/kaiyaok2/PythonProjects/falcon/tests/test_headers.py: 49.018364667892456
test_append_link_crossorigin in /home/kaiyaok2/PythonProjects/falcon/tests/test_headers.py: 49.173670053482056
test_unicode_headers_contain_non_ascii in /home/kaiyaok2/PythonProjects/falcon/tests/test_headers.py: 49.29833221435547
test_append_link_with_title in /home/kaiyaok2/PythonProjects/falcon/tests/test_headers.py: 49.433247566223145
test_declared_content_length_overriden_by_data_length in /home/kaiyaok2/PythonProjects/falcon/tests/test_headers.py: 51.13771462440491
test_expires_header in /home/kaiyaok2/PythonProjects/falcon/tests/test_headers.py: 51.26859760284424
test_append_link_with_link_extension in /home/kaiyaok2/PythonProjects/falcon/tests/test_headers.py: 51.39259576797485
test_custom_content_type in /home/kaiyaok2/PythonProjects/falcon/tests/test_headers.py: 51.52083921432495
test_content_disposition_attachment_header in /home/kaiyaok2/PythonProjects/falcon/tests/test_headers.py: 51.64406633377075
test_vary_header in /home/kaiyaok2/PythonProjects/falcon/tests/test_headers.py: 51.833351850509644
test_content_disposition_attachment_header in /home/kaiyaok2/PythonProjects/falcon/tests/test_headers.py: 52.013015031814575
test_required_header in /home/kaiyaok2/PythonProjects/falcon/tests/test_headers.py: 54.12823271751404
test_vary_star in /home/kaiyaok2/PythonProjects/falcon/tests/test_headers.py: 54.29395914077759
test_declared_content_length_overridden_by_no_body in /home/kaiyaok2/PythonProjects/falcon/tests/test_headers.py: 54.401689767837524
test_override_default_media_type in /home/kaiyaok2/PythonProjects/falcon/tests/test_headers.py: 54.49967932701111
test_vary_header in /home/kaiyaok2/PythonProjects/falcon/tests/test_headers.py: 54.61316704750061
test_headers_with_custom_class_not_callable in /home/kaiyaok2/PythonProjects/falcon/tests/test_headers.py: 54.7362060546875
test_unicode_location_headers in /home/kaiyaok2/PythonProjects/falcon/tests/test_headers.py: 54.83088397979736
test_append_link_multiple in /home/kaiyaok2/PythonProjects/falcon/tests/test_headers.py: 54.94939684867859
test_no_content_type in /home/kaiyaok2/PythonProjects/falcon/tests/test_headers.py: 56.63642477989197
test_content_disposition_attachment_header in /home/kaiyaok2/PythonProjects/falcon/tests/test_headers.py: 56.73750185966492
test_headers_as_list in /home/kaiyaok2/PythonProjects/falcon/tests/test_headers.py: 56.84082007408142
test_content_disposition_attachment_header in /home/kaiyaok2/PythonProjects/falcon/tests/test_headers.py: 56.935940742492676
test_append_link_with_title_star in /home/kaiyaok2/PythonProjects/falcon/tests/test_headers.py: 57.071489572525024
test_append_link_with_anchor in /home/kaiyaok2/PythonProjects/falcon/tests/test_headers.py: 57.21118211746216
test_unset_header in /home/kaiyaok2/PythonProjects/falcon/tests/test_headers.py: 57.30476951599121
test_append_link_with_hreflang in /home/kaiyaok2/PythonProjects/falcon/tests/test_headers.py: 59.00640892982483
test_unset_header in /home/kaiyaok2/PythonProjects/falcon/tests/test_headers.py: 59.15402388572693
test_no_content_length in /home/kaiyaok2/PythonProjects/falcon/tests/test_headers.py: 59.25996518135071
test_unicode_headers_contain_non_ascii in /home/kaiyaok2/PythonProjects/falcon/tests/test_headers.py: 59.35283875465393
test_content_length in /home/kaiyaok2/PythonProjects/falcon/tests/test_headers.py: 59.47375798225403
test_request_multiple_header in /home/kaiyaok2/PythonProjects/falcon/tests/test_headers.py: 59.57260727882385
test_override_default_media_type_missing_encoding in /home/kaiyaok2/PythonProjects/falcon/tests/test_headers.py: 59.68432807922363
test_declared_content_length_on_head in /home/kaiyaok2/PythonProjects/falcon/tests/test_headers.py: 61.93247628211975
test_append_link_single in /home/kaiyaok2/PythonProjects/falcon/tests/test_headers.py: 62.058051347732544
test_append_link_crossorigin in /home/kaiyaok2/PythonProjects/falcon/tests/test_headers.py: 62.17892551422119
test_content_type_no_body in /home/kaiyaok2/PythonProjects/falcon/tests/test_headers.py: 62.27358627319336
test_append_link_crossorigin in /home/kaiyaok2/PythonProjects/falcon/tests/test_headers.py: 62.46702313423157
test_get_header_as_int in /home/kaiyaok2/PythonProjects/falcon/tests/test_headers.py: 62.630966663360596
test_response_header_helpers_on_get in /home/kaiyaok2/PythonProjects/falcon/tests/test_headers.py: 62.76313900947571
test_declared_content_length_overriden_by_body_length in /home/kaiyaok2/PythonProjects/falcon/tests/test_headers.py: 62.87445950508118
test_append_link_with_type_hint in /home/kaiyaok2/PythonProjects/falcon/tests/test_headers.py: 64.42093086242676
test_no_content_length in /home/kaiyaok2/PythonProjects/falcon/tests/test_headers.py: 64.51899003982544
test_content_disposition_attachment_header in /home/kaiyaok2/PythonProjects/falcon/tests/test_headers.py: 64.61151647567749
test_content_disposition_attachment_header in /home/kaiyaok2/PythonProjects/falcon/tests/test_headers.py: 64.7204532623291
test_append_link_crossorigin in /home/kaiyaok2/PythonProjects/falcon/tests/test_headers.py: 64.89975881576538
test_content_disposition_attachment_header in /home/kaiyaok2/PythonProjects/falcon/tests/test_headers.py: 64.99690890312195
test_content_disposition_inline_header in /home/kaiyaok2/PythonProjects/falcon/tests/test_headers.py: 65.11089491844177
test_append_link_crossorigin in /home/kaiyaok2/PythonProjects/falcon/tests/test_headers.py: 65.23878526687622
test_unicode_headers_contain_non_ascii in /home/kaiyaok2/PythonProjects/falcon/tests/test_headers.py: 66.80799412727356
test_default_media_type in /home/kaiyaok2/PythonProjects/falcon/tests/test_headers.py: 66.92890429496765
test_content_disposition_attachment_header in /home/kaiyaok2/PythonProjects/falcon/tests/test_headers.py: 67.03983283042908
test_append_link_crossorigin in /home/kaiyaok2/PythonProjects/falcon/tests/test_headers.py: 67.1644721031189
test_append_link_with_hreflang_multi in /home/kaiyaok2/PythonProjects/falcon/tests/test_headers.py: 67.31633949279785
test_unicode_headers_contain_only_ascii in /home/kaiyaok2/PythonProjects/falcon/tests/test_headers.py: 67.41978073120117
test_content_disposition_inline_header in /home/kaiyaok2/PythonProjects/falcon/tests/test_headers.py: 67.52242588996887
test_cookie_timezone in /home/kaiyaok2/PythonProjects/falcon/tests/test_cookies.py: 69.40192890167236
test_unset_cookies in /home/kaiyaok2/PythonProjects/falcon/tests/test_cookies.py: 69.51099252700806
test_cookie_expires_naive in /home/kaiyaok2/PythonProjects/falcon/tests/test_cookies.py: 69.60822796821594
test_lax_same_site_value in /home/kaiyaok2/PythonProjects/falcon/tests/test_cookies.py: 69.69037795066833
test_strict_same_site_value in /home/kaiyaok2/PythonProjects/falcon/tests/test_cookies.py: 69.78964710235596
test_response_unset_cookie in /home/kaiyaok2/PythonProjects/falcon/tests/test_cookies.py: 70.02037167549133
test_response_complex_case in /home/kaiyaok2/PythonProjects/falcon/tests/test_cookies.py: 70.22048234939575
test_unset_cookies_samesite in /home/kaiyaok2/PythonProjects/falcon/tests/test_cookies.py: 70.41731834411621
test_same_site_empty_string in /home/kaiyaok2/PythonProjects/falcon/tests/test_cookies.py: 70.58285546302795
test_none_same_site_value in /home/kaiyaok2/PythonProjects/falcon/tests/test_cookies.py: 70.75676655769348
test_response_base_case in /home/kaiyaok2/PythonProjects/falcon/tests/test_cookies.py: 73.02391028404236
test_cookie_expires_aware in /home/kaiyaok2/PythonProjects/falcon/tests/test_cookies.py: 73.11154627799988
test_cookies_setable in /home/kaiyaok2/PythonProjects/falcon/tests/test_cookies.py: 73.19898462295532
test_response_disable_secure_globally in /home/kaiyaok2/PythonProjects/falcon/tests/test_cookies.py: 73.2876398563385
test_cookie_max_age_float_and_string in /home/kaiyaok2/PythonProjects/falcon/tests/test_cookies.py: 73.38247919082642
test_cookie_max_age_float_and_string in /home/kaiyaok2/PythonProjects/falcon/tests/test_cookies.py: 73.47049260139465
test_json_err_no_handler in /home/kaiyaok2/PythonProjects/falcon/tests/test_media_handlers.py: 94.28675770759583
test_json_err_no_handler in /home/kaiyaok2/PythonProjects/falcon/tests/test_media_handlers.py: 94.51062536239624
test_non_string_status in /home/kaiyaok2/PythonProjects/falcon/tests/test_httpstatus.py: 94.72032332420349
test_non_string_status in /home/kaiyaok2/PythonProjects/falcon/tests/test_httpstatus.py: 96.4717767238617
test_non_string_status in /home/kaiyaok2/PythonProjects/falcon/tests/test_httpstatus.py: 96.60664081573486
test_non_string_status in /home/kaiyaok2/PythonProjects/falcon/tests/test_httpstatus.py: 96.74081492424011
test_non_string_status in /home/kaiyaok2/PythonProjects/falcon/tests/test_httpstatus.py: 96.91357207298279
test_non_string_status in /home/kaiyaok2/PythonProjects/falcon/tests/test_httpstatus.py: 97.06700277328491
test_non_string_status in /home/kaiyaok2/PythonProjects/falcon/tests/test_httpstatus.py: 97.21259880065918
test_non_string_status in /home/kaiyaok2/PythonProjects/falcon/tests/test_httpstatus.py: 97.36185717582703
test_non_string_status in /home/kaiyaok2/PythonProjects/falcon/tests/test_httpstatus.py: 97.52042818069458
test_non_string_status in /home/kaiyaok2/PythonProjects/falcon/tests/test_httpstatus.py: 97.67986345291138
test_non_string_status in /home/kaiyaok2/PythonProjects/falcon/tests/test_httpstatus.py: 97.82067775726318
test_non_string_status in /home/kaiyaok2/PythonProjects/falcon/tests/test_httpstatus.py: 97.95433259010315
test_non_string_status in /home/kaiyaok2/PythonProjects/falcon/tests/test_httpstatus.py: 98.08725619316101
test_non_string_status in /home/kaiyaok2/PythonProjects/falcon/tests/test_httpstatus.py: 99.90782308578491
test_raise_status_in_process_request in /home/kaiyaok2/PythonProjects/falcon/tests/test_httpstatus.py: 100.07371187210083
test_raise_status_in_process_resource in /home/kaiyaok2/PythonProjects/falcon/tests/test_httpstatus.py: 100.18363738059998
test_raise_status_runs_process_response in /home/kaiyaok2/PythonProjects/falcon/tests/test_httpstatus.py: 100.26343035697937
test_media_is_set in /home/kaiyaok2/PythonProjects/falcon/tests/test_httpstatus.py: 100.34708881378174
test_body_is_set in /home/kaiyaok2/PythonProjects/falcon/tests/test_httpstatus.py: 100.42627692222595
test_data_is_set in /home/kaiyaok2/PythonProjects/falcon/tests/test_httpstatus.py: 100.5070812702179
test_raise_status_survives_after_hooks in /home/kaiyaok2/PythonProjects/falcon/tests/test_httpstatus.py: 100.60210108757019
test_raise_status_empty_body in /home/kaiyaok2/PythonProjects/falcon/tests/test_httpstatus.py: 100.68036460876465
test_raise_status_runs_after_hooks in /home/kaiyaok2/PythonProjects/falcon/tests/test_httpstatus.py: 100.76385164260864
test_raise_status_in_before_hook in /home/kaiyaok2/PythonProjects/falcon/tests/test_httpstatus.py: 100.85231351852417
test_raise_status_in_responder in /home/kaiyaok2/PythonProjects/falcon/tests/test_httpstatus.py: 100.9450933933258
test_epic_fail_xml in /home/kaiyaok2/PythonProjects/falcon/tests/test_httperror.py: 152.54721593856812
test_forbidden in /home/kaiyaok2/PythonProjects/falcon/tests/test_httperror.py: 152.6812994480133
test_410_with_body in /home/kaiyaok2/PythonProjects/falcon/tests/test_httperror.py: 152.7914276123047
test_custom_error_serializer_optional_representation in /home/kaiyaok2/PythonProjects/falcon/tests/test_httperror.py: 152.91176843643188
test_404_with_body in /home/kaiyaok2/PythonProjects/falcon/tests/test_httperror.py: 153.0322766304016
test_client_does_not_accept_anything in /home/kaiyaok2/PythonProjects/falcon/tests/test_httperror.py: 153.14726519584656
test_serialize_no_json_media_handler in /home/kaiyaok2/PythonProjects/falcon/tests/test_httperror.py: 153.2991030216217
test_invalid_param in /home/kaiyaok2/PythonProjects/falcon/tests/test_httperror.py: 155.06339073181152
test_405_with_body in /home/kaiyaok2/PythonProjects/falcon/tests/test_httperror.py: 155.19198751449585
test_414 in /home/kaiyaok2/PythonProjects/falcon/tests/test_httperror.py: 155.33216667175293
test_unicode_xml in /home/kaiyaok2/PythonProjects/falcon/tests/test_httperror.py: 155.46325254440308
test_414_with_description in /home/kaiyaok2/PythonProjects/falcon/tests/test_httperror.py: 155.57856965065002
test_missing_param in /home/kaiyaok2/PythonProjects/falcon/tests/test_httperror.py: 155.71089100837708
test_custom_error_serializer_optional_representation in /home/kaiyaok2/PythonProjects/falcon/tests/test_httperror.py: 155.84509563446045
test_411 in /home/kaiyaok2/PythonProjects/falcon/tests/test_httperror.py: 155.96400904655457
test_title_default_message_if_none in /home/kaiyaok2/PythonProjects/falcon/tests/test_httperror.py: 157.7188527584076
test_413 in /home/kaiyaok2/PythonProjects/falcon/tests/test_httperror.py: 157.8354995250702
test_custom_error_serializer_optional_representation in /home/kaiyaok2/PythonProjects/falcon/tests/test_httperror.py: 157.9556064605713
test_title_default_message_if_none in /home/kaiyaok2/PythonProjects/falcon/tests/test_httperror.py: 158.07246375083923
test_epic_fail_xml in /home/kaiyaok2/PythonProjects/falcon/tests/test_httperror.py: 158.19233202934265
test_missing_header in /home/kaiyaok2/PythonProjects/falcon/tests/test_httperror.py: 158.324285030365
test_base_class in /home/kaiyaok2/PythonProjects/falcon/tests/test_httperror.py: 158.45481538772583
test_no_description_xml in /home/kaiyaok2/PythonProjects/falcon/tests/test_httperror.py: 158.58790183067322
test_414_with_custom_kwargs in /home/kaiyaok2/PythonProjects/falcon/tests/test_httperror.py: 160.7893898487091
test_429_datetime in /home/kaiyaok2/PythonProjects/falcon/tests/test_httperror.py: 160.97592306137085
test_client_does_not_accept_json_or_xml in /home/kaiyaok2/PythonProjects/falcon/tests/test_httperror.py: 161.20136404037476
test_405_without_body_with_extra_headers in /home/kaiyaok2/PythonProjects/falcon/tests/test_httperror.py: 161.34720134735107
test_503_integer_retry_after in /home/kaiyaok2/PythonProjects/falcon/tests/test_httperror.py: 161.48025822639465
test_misc in /home/kaiyaok2/PythonProjects/falcon/tests/test_httperror.py: 161.60195207595825
test_title_default_message_if_none in /home/kaiyaok2/PythonProjects/falcon/tests/test_httperror.py: 161.71797132492065
test_404_without_body in /home/kaiyaok2/PythonProjects/falcon/tests/test_httperror.py: 163.46644520759583
test_epic_fail_xml in /home/kaiyaok2/PythonProjects/falcon/tests/test_httperror.py: 163.58562803268433
test_no_description_json in /home/kaiyaok2/PythonProjects/falcon/tests/test_httperror.py: 163.72379755973816
test_410_without_body in /home/kaiyaok2/PythonProjects/falcon/tests/test_httperror.py: 163.82980036735535
test_429_no_retry_after in /home/kaiyaok2/PythonProjects/falcon/tests/test_httperror.py: 163.95931243896484
test_invalid_header in /home/kaiyaok2/PythonProjects/falcon/tests/test_httperror.py: 164.06350946426392
test_429 in /home/kaiyaok2/PythonProjects/falcon/tests/test_httperror.py: 164.1706371307373
test_title_default_message_if_none in /home/kaiyaok2/PythonProjects/falcon/tests/test_httperror.py: 164.30089402198792
test_forbidden in /home/kaiyaok2/PythonProjects/falcon/tests/test_httperror.py: 166.0408718585968
test_416 in /home/kaiyaok2/PythonProjects/falcon/tests/test_httperror.py: 166.15686988830566
test_401 in /home/kaiyaok2/PythonProjects/falcon/tests/test_httperror.py: 166.27685165405273
test_414_with_title in /home/kaiyaok2/PythonProjects/falcon/tests/test_httperror.py: 166.40383315086365
test_custom_error_serializer in /home/kaiyaok2/PythonProjects/falcon/tests/test_httperror.py: 166.52052068710327
test_title_default_message_if_none in /home/kaiyaok2/PythonProjects/falcon/tests/test_httperror.py: 166.63638472557068
test_title_default_message_if_none in /home/kaiyaok2/PythonProjects/falcon/tests/test_httperror.py: 166.77531909942627
test_temporary_413_datetime_retry_after in /home/kaiyaok2/PythonProjects/falcon/tests/test_httperror.py: 166.89318680763245
test_405_without_body in /home/kaiyaok2/PythonProjects/falcon/tests/test_httperror.py: 168.67633175849915
test_custom_error_serializer_optional_representation in /home/kaiyaok2/PythonProjects/falcon/tests/test_httperror.py: 168.79385042190552
test_custom_serializer_no_representation in /home/kaiyaok2/PythonProjects/falcon/tests/test_httperror.py: 168.9131214618683
test_epic_fail_xml in /home/kaiyaok2/PythonProjects/falcon/tests/test_httperror.py: 169.0172529220581
test_epic_fail_json in /home/kaiyaok2/PythonProjects/falcon/tests/test_httperror.py: 169.20923471450806
test_forbidden in /home/kaiyaok2/PythonProjects/falcon/tests/test_httperror.py: 169.34055590629578
test_temporary_413_integer_retry_after in /home/kaiyaok2/PythonProjects/falcon/tests/test_httperror.py: 169.51015758514404
test_unicode_json in /home/kaiyaok2/PythonProjects/falcon/tests/test_httperror.py: 169.72186517715454
test_serialize_error_uses_media_handler in /home/kaiyaok2/PythonProjects/falcon/tests/test_httperror.py: 172.0055215358734
test_405_without_body_with_extra_headers_double_check in /home/kaiyaok2/PythonProjects/falcon/tests/test_httperror.py: 172.13172507286072
test_503_datetime_retry_after in /home/kaiyaok2/PythonProjects/falcon/tests/test_httperror.py: 172.25245094299316
test_skip_process_resource in /home/kaiyaok2/PythonProjects/falcon/tests/test_middleware.py: 172.3916733264923
test_log_get_request in /home/kaiyaok2/PythonProjects/falcon/tests/test_middleware.py: 172.52185440063477
test_log_get_request in /home/kaiyaok2/PythonProjects/falcon/tests/test_middleware.py: 172.6314013004303
test_response_middleware_raises_exception in /home/kaiyaok2/PythonProjects/falcon/tests/test_middleware.py: 172.73820757865906
test_http_status_raised_from_error_handler in /home/kaiyaok2/PythonProjects/falcon/tests/test_middleware.py: 172.85163497924805
test_error_composed_before_resp_middleware_called in /home/kaiyaok2/PythonProjects/falcon/tests/test_middleware.py: 172.9511423110962
test_generate_trans_id_and_time_with_request in /home/kaiyaok2/PythonProjects/falcon/tests/test_middleware.py: 174.70785784721375
test_order_independent_mw_executed_when_exception_in_resp in /home/kaiyaok2/PythonProjects/falcon/tests/test_middleware.py: 174.81358766555786
test_legacy_middleware_called_with_correct_args in /home/kaiyaok2/PythonProjects/falcon/tests/test_middleware.py: 174.91177892684937
test_order_independent_mw_executed_when_exception_in_req in /home/kaiyaok2/PythonProjects/falcon/tests/test_middleware.py: 175.01513695716858
test_order_mw_executed_when_exception_in_rsrc in /home/kaiyaok2/PythonProjects/falcon/tests/test_middleware.py: 175.12275290489197
test_outer_mw_with_ex_handler_throw_exception in /home/kaiyaok2/PythonProjects/falcon/tests/test_middleware.py: 175.24586248397827
test_order_independent_mw_executed_when_exception_in_rsrc in /home/kaiyaok2/PythonProjects/falcon/tests/test_middleware.py: 175.33962869644165
test_independent_middleware_execution_order in /home/kaiyaok2/PythonProjects/falcon/tests/test_middleware.py: 175.43712258338928
test_inner_mw_throw_exception in /home/kaiyaok2/PythonProjects/falcon/tests/test_middleware.py: 175.52910208702087
test_order_mw_executed_when_exception_in_resp in /home/kaiyaok2/PythonProjects/falcon/tests/test_middleware.py: 175.6376645565033
test_generate_trans_id_and_time_with_request in /home/kaiyaok2/PythonProjects/falcon/tests/test_middleware.py: 175.73790764808655
test_inner_mw_with_ex_handler_throw_exception in /home/kaiyaok2/PythonProjects/falcon/tests/test_middleware.py: 177.50631952285767
test_multiple_response_mw_throw_exception in /home/kaiyaok2/PythonProjects/falcon/tests/test_middleware.py: 177.60137796401978
test_middleware_execution_order in /home/kaiyaok2/PythonProjects/falcon/tests/test_middleware.py: 177.72283673286438
test_inner_mw_throw_exception_while_processing_resp in /home/kaiyaok2/PythonProjects/falcon/tests/test_middleware.py: 177.82987093925476
test_order_mw_executed_when_exception_in_req in /home/kaiyaok2/PythonProjects/falcon/tests/test_middleware.py: 177.94589066505432
test_process_resource_cached in /home/kaiyaok2/PythonProjects/falcon/tests/test_middleware.py: 178.10542583465576
test_process_request_cached in /home/kaiyaok2/PythonProjects/falcon/tests/test_middleware.py: 178.31317043304443
test_process_request_not_cached in /home/kaiyaok2/PythonProjects/falcon/tests/test_middleware.py: 178.47432446479797
test_process_request_cached in /home/kaiyaok2/PythonProjects/falcon/tests/test_middleware.py: 178.6628019809723
test_process_resource_cached in /home/kaiyaok2/PythonProjects/falcon/tests/test_middleware.py: 178.82388067245483
test_base_path_is_removed_before_routing in /home/kaiyaok2/PythonProjects/falcon/tests/test_middleware.py: 180.83476853370667
test_api_initialization_with_cors_enabled_and_middleware_param in /home/kaiyaok2/PythonProjects/falcon/tests/test_middleware.py: 180.94765782356262
test_api_initialization_with_cors_enabled_and_middleware_param in /home/kaiyaok2/PythonProjects/falcon/tests/test_middleware.py: 181.04596972465515
test_api_initialization_with_cors_enabled_and_middleware_param in /home/kaiyaok2/PythonProjects/falcon/tests/test_middleware.py: 181.13847374916077
test_api_initialization_with_cors_enabled_and_middleware_param in /home/kaiyaok2/PythonProjects/falcon/tests/test_middleware.py: 181.2421338558197
test_generate_trans_id_with_request in /home/kaiyaok2/PythonProjects/falcon/tests/test_middleware.py: 181.37713360786438
test_can_access_resource_params in /home/kaiyaok2/PythonProjects/falcon/tests/test_middleware.py: 181.4678750038147
test_can_access_resource_params in /home/kaiyaok2/PythonProjects/falcon/tests/test_middleware.py: 181.5775249004364
test_dont_need_params_in_signature in /home/kaiyaok2/PythonProjects/falcon/tests/test_middleware.py: 181.68063354492188
test_enabled_cors_no_origin in /home/kaiyaok2/PythonProjects/falcon/tests/test_cors_middleware.py: 181.94193863868713
test_enabled_cors_should_add_extra_headers_on_response in /home/kaiyaok2/PythonProjects/falcon/tests/test_cors_middleware.py: 182.02487993240356
test_disabled_cors_should_not_add_any_extra_headers in /home/kaiyaok2/PythonProjects/falcon/tests/test_cors_middleware.py: 183.76326036453247
test_enabled_cors_should_accept_all_origins_requests in /home/kaiyaok2/PythonProjects/falcon/tests/test_cors_middleware.py: 183.85704565048218
test_enabled_cors_handles_preflighting_no_headers_in_req in /home/kaiyaok2/PythonProjects/falcon/tests/test_cors_middleware.py: 183.99203062057495
test_enabled_cors_handles_preflighting in /home/kaiyaok2/PythonProjects/falcon/tests/test_cors_middleware.py: 184.08998489379883
test_expose_headers in /home/kaiyaok2/PythonProjects/falcon/tests/test_cors_middleware.py: 184.1794319152832
test_allow_origin in /home/kaiyaok2/PythonProjects/falcon/tests/test_cors_middleware.py: 184.2860655784607
test_allow_credential_list_or_str in /home/kaiyaok2/PythonProjects/falcon/tests/test_cors_middleware.py: 184.39729857444763
test_expose_headers in /home/kaiyaok2/PythonProjects/falcon/tests/test_cors_middleware.py: 184.48025226593018
test_expose_headers in /home/kaiyaok2/PythonProjects/falcon/tests/test_cors_middleware.py: 184.566570520401
test_allow_origin in /home/kaiyaok2/PythonProjects/falcon/tests/test_cors_middleware.py: 186.3287079334259
test_allow_origin_allow_credential in /home/kaiyaok2/PythonProjects/falcon/tests/test_cors_middleware.py: 186.423686504364
test_allow_credential_list_or_str in /home/kaiyaok2/PythonProjects/falcon/tests/test_cors_middleware.py: 186.52211666107178
test_allow_credential_existing_origin in /home/kaiyaok2/PythonProjects/falcon/tests/test_cors_middleware.py: 186.61911582946777
test_allow_credential_wildcard in /home/kaiyaok2/PythonProjects/falcon/tests/test_cors_middleware.py: 186.71314096450806
test_allow_origin in /home/kaiyaok2/PythonProjects/falcon/tests/test_cors_middleware.py: 186.80966520309448
test_middleware in /home/kaiyaok2/PythonProjects/falcon/tests/test_inspect.py: 188.5295479297638
test_routes in /home/kaiyaok2/PythonProjects/falcon/tests/test_inspect.py: 188.65783619880676
test_sink in /home/kaiyaok2/PythonProjects/falcon/tests/test_inspect.py: 188.75636053085327
test_app in /home/kaiyaok2/PythonProjects/falcon/tests/test_inspect.py: 188.84995818138123
test_static_routes in /home/kaiyaok2/PythonProjects/falcon/tests/test_inspect.py: 188.96869659423828
test_middleware_tree in /home/kaiyaok2/PythonProjects/falcon/tests/test_inspect.py: 190.71946549415588
test_error_handler in /home/kaiyaok2/PythonProjects/falcon/tests/test_inspect.py: 190.80305695533752
test_data_is_set in /home/kaiyaok2/PythonProjects/falcon/tests/test_error_handlers.py: 201.8115165233612
test_body_is_set in /home/kaiyaok2/PythonProjects/falcon/tests/test_error_handlers.py: 201.9028537273407
test_media_is_set in /home/kaiyaok2/PythonProjects/falcon/tests/test_error_handlers.py: 201.9915270805359
test_caught_error in /home/kaiyaok2/PythonProjects/falcon/tests/test_error_handlers.py: 202.11141061782837
test_subclass_error in /home/kaiyaok2/PythonProjects/falcon/tests/test_error_handlers.py: 202.22529530525208
test_handler_single_exception_iterable in /home/kaiyaok2/PythonProjects/falcon/tests/test_error_handlers.py: 202.32284569740295
test_invalid_add_exception_handler_input in /home/kaiyaok2/PythonProjects/falcon/tests/test_error_handlers.py: 202.43238401412964
test_error_precedence_subclass in /home/kaiyaok2/PythonProjects/falcon/tests/test_error_handlers.py: 202.52698135375977
test_invalid_add_exception_handler_input in /home/kaiyaok2/PythonProjects/falcon/tests/test_error_handlers.py: 204.28979921340942
test_uncaught_python_error in /home/kaiyaok2/PythonProjects/falcon/tests/test_error_handlers.py: 204.3794333934784
test_uncaught_python_error in /home/kaiyaok2/PythonProjects/falcon/tests/test_error_handlers.py: 204.48278212547302
test_converted_error in /home/kaiyaok2/PythonProjects/falcon/tests/test_error_handlers.py: 204.57912135124207
test_invalid_add_exception_handler_input in /home/kaiyaok2/PythonProjects/falcon/tests/test_error_handlers.py: 204.66286063194275
test_caught_error_async in /home/kaiyaok2/PythonProjects/falcon/tests/test_error_handlers.py: 204.75834727287292
test_invalid_add_exception_handler_input in /home/kaiyaok2/PythonProjects/falcon/tests/test_error_handlers.py: 204.85709023475647
test_uncaught_error in /home/kaiyaok2/PythonProjects/falcon/tests/test_error_handlers.py: 204.95159935951233
test_uncaught_error_else in /home/kaiyaok2/PythonProjects/falcon/tests/test_error_handlers.py: 205.0564513206482
test_handle_not_defined in /home/kaiyaok2/PythonProjects/falcon/tests/test_error_handlers.py: 205.1438810825348
test_handler_multiple_exception_iterable in /home/kaiyaok2/PythonProjects/falcon/tests/test_error_handlers.py: 205.23773670196533
test_uncaught_python_error in /home/kaiyaok2/PythonProjects/falcon/tests/test_error_handlers.py: 207.72405433654785
test_error_precedence_duplicate in /home/kaiyaok2/PythonProjects/falcon/tests/test_error_handlers.py: 207.81250095367432
test_catch_http_no_route_error in /home/kaiyaok2/PythonProjects/falcon/tests/test_error_handlers.py: 207.90513157844543
test_error_precedence_subclass_order_indifference in /home/kaiyaok2/PythonProjects/falcon/tests/test_error_handlers.py: 208.01027178764343
test_handler_multiple_exception_iterable in /home/kaiyaok2/PythonProjects/falcon/tests/test_error_handlers.py: 208.0980248451233
test_media_is_set in /home/kaiyaok2/PythonProjects/falcon/tests/test_error_handlers.py: 208.1963095664978
test_data_is_set in /home/kaiyaok2/PythonProjects/falcon/tests/test_error_handlers.py: 208.28742456436157
test_body_is_set in /home/kaiyaok2/PythonProjects/falcon/tests/test_error_handlers.py: 208.3837263584137
test_float_converter in /home/kaiyaok2/PythonProjects/falcon/tests/test_uri_templates.py: 241.0942575931549
test_float_converter_non_finite_allowed in /home/kaiyaok2/PythonProjects/falcon/tests/test_uri_templates.py: 241.2020263671875
test_single_trailing_slash in /home/kaiyaok2/PythonProjects/falcon/tests/test_uri_templates.py: 241.30840015411377
test_converter_custom in /home/kaiyaok2/PythonProjects/falcon/tests/test_uri_templates.py: 243.40851163864136
test_single in /home/kaiyaok2/PythonProjects/falcon/tests/test_uri_templates.py: 243.50240087509155
test_single in /home/kaiyaok2/PythonProjects/falcon/tests/test_uri_templates.py: 243.60542011260986
test_uuid_converter in /home/kaiyaok2/PythonProjects/falcon/tests/test_uri_templates.py: 243.69567489624023
test_no_vars in /home/kaiyaok2/PythonProjects/falcon/tests/test_uri_templates.py: 243.7997670173645
test_datetime_converter in /home/kaiyaok2/PythonProjects/falcon/tests/test_uri_templates.py: 243.90003156661987
test_with_and_without_trailing_slash in /home/kaiyaok2/PythonProjects/falcon/tests/test_uri_templates.py: 244.00390219688416
test_multiple in /home/kaiyaok2/PythonProjects/falcon/tests/test_uri_templates.py: 244.09238862991333
test_int_converter in /home/kaiyaok2/PythonProjects/falcon/tests/test_uri_templates.py: 244.1940529346466
test_float_converter in /home/kaiyaok2/PythonProjects/falcon/tests/test_uri_templates.py: 244.30033159255981
test_int_converter in /home/kaiyaok2/PythonProjects/falcon/tests/test_uri_templates.py: 245.93640041351318
test_float_converter in /home/kaiyaok2/PythonProjects/falcon/tests/test_uri_templates.py: 246.05982494354248
test_same_level_complex_var in /home/kaiyaok2/PythonProjects/falcon/tests/test_uri_templates.py: 246.14315032958984
test_float_converter in /home/kaiyaok2/PythonProjects/falcon/tests/test_uri_templates.py: 246.2296323776245
test_int_converter in /home/kaiyaok2/PythonProjects/falcon/tests/test_uri_templates.py: 246.32474303245544
test_uuid_converter in /home/kaiyaok2/PythonProjects/falcon/tests/test_uri_templates.py: 246.43516945838928
test_float_converter in /home/kaiyaok2/PythonProjects/falcon/tests/test_uri_templates.py: 246.55607104301453
test_float_converter in /home/kaiyaok2/PythonProjects/falcon/tests/test_uri_templates.py: 246.64914178848267
test_adding_suffix_routes in /home/kaiyaok2/PythonProjects/falcon/tests/test_uri_templates.py: 246.74972224235535
test_float_converter in /home/kaiyaok2/PythonProjects/falcon/tests/test_uri_templates.py: 248.54537177085876
test_uuid_converter in /home/kaiyaok2/PythonProjects/falcon/tests/test_uri_templates.py: 248.63680458068848
test_uuid_converter in /home/kaiyaok2/PythonProjects/falcon/tests/test_uri_templates.py: 248.71529626846313
test_converter_custom in /home/kaiyaok2/PythonProjects/falcon/tests/test_uri_templates.py: 248.79361987113953
test_float_converter_non_finite_allowed in /home/kaiyaok2/PythonProjects/falcon/tests/test_uri_templates.py: 248.87965869903564
test_int_converter in /home/kaiyaok2/PythonProjects/falcon/tests/test_uri_templates.py: 248.96195244789124
test_float_converter in /home/kaiyaok2/PythonProjects/falcon/tests/test_uri_templates.py: 249.05035400390625
test_datetime_converter in /home/kaiyaok2/PythonProjects/falcon/tests/test_uri_templates.py: 249.15343117713928
test_single in /home/kaiyaok2/PythonProjects/falcon/tests/test_uri_templates.py: 249.23669457435608
test_float_converter in /home/kaiyaok2/PythonProjects/falcon/tests/test_uri_templates.py: 249.3424859046936
test_with_and_without_trailing_slash in /home/kaiyaok2/PythonProjects/falcon/tests/test_uri_templates.py: 251.14486074447632
test_uuid_converter in /home/kaiyaok2/PythonProjects/falcon/tests/test_uri_templates.py: 251.2834312915802
test_single_path_segment in /home/kaiyaok2/PythonProjects/falcon/tests/test_uri_templates.py: 251.42688870429993
test_root_path in /home/kaiyaok2/PythonProjects/falcon/tests/test_uri_templates.py: 251.52176189422607
test_datetime_converter in /home/kaiyaok2/PythonProjects/falcon/tests/test_uri_templates.py: 251.621333360672
test_float_converter in /home/kaiyaok2/PythonProjects/falcon/tests/test_uri_templates.py: 251.70521450042725
test_converter_custom in /home/kaiyaok2/PythonProjects/falcon/tests/test_uri_templates.py: 251.78981232643127
test_float_converter in /home/kaiyaok2/PythonProjects/falcon/tests/test_uri_templates.py: 251.87066316604614
test_datetime_converter in /home/kaiyaok2/PythonProjects/falcon/tests/test_uri_templates.py: 251.96517944335938
test_int_converter_rejections in /home/kaiyaok2/PythonProjects/falcon/tests/test_uri_templates.py: 252.067636013031
test_float_converter_non_finite_disallowed in /home/kaiyaok2/PythonProjects/falcon/tests/test_uri_templates.py: 253.75210857391357
test_same_level_complex_var in /home/kaiyaok2/PythonProjects/falcon/tests/test_uri_templates.py: 253.83695268630981
test_uuid_converter in /home/kaiyaok2/PythonProjects/falcon/tests/test_uri_templates.py: 253.94721150398254
test_special_chars in /home/kaiyaok2/PythonProjects/falcon/tests/test_uri_templates.py: 254.05462646484375
test_int_converter_rejections in /home/kaiyaok2/PythonProjects/falcon/tests/test_uri_templates.py: 254.14957284927368
test_uuid_converter_complex_segment in /home/kaiyaok2/PythonProjects/falcon/tests/test_uri_templates.py: 254.25115323066711
test_float_converter in /home/kaiyaok2/PythonProjects/falcon/tests/test_uri_templates.py: 254.35576009750366
test_float_converter_non_finite_allowed in /home/kaiyaok2/PythonProjects/falcon/tests/test_uri_templates.py: 254.4473807811737
test_int_converter_rejections in /home/kaiyaok2/PythonProjects/falcon/tests/test_uri_templates.py: 254.55907559394836
test_method_not_allowed_with_param in /home/kaiyaok2/PythonProjects/falcon/tests/test_http_method_routing.py: 256.7167603969574
test_on_options in /home/kaiyaok2/PythonProjects/falcon/tests/test_http_method_routing.py: 256.8074607849121
test_report in /home/kaiyaok2/PythonProjects/falcon/tests/test_http_method_routing.py: 256.8913805484772
test_meta_and_others_disallowed in /home/kaiyaok2/PythonProjects/falcon/tests/test_http_method_routing.py: 257.00557494163513
test_put in /home/kaiyaok2/PythonProjects/falcon/tests/test_http_method_routing.py: 257.0969440937042
test_misc in /home/kaiyaok2/PythonProjects/falcon/tests/test_http_method_routing.py: 257.1959321498871
test_methods_not_allowed_complex in /home/kaiyaok2/PythonProjects/falcon/tests/test_http_method_routing.py: 257.28609561920166
test_meta_and_others_disallowed in /home/kaiyaok2/PythonProjects/falcon/tests/test_http_method_routing.py: 257.3643271923065
test_default_on_options in /home/kaiyaok2/PythonProjects/falcon/tests/test_http_method_routing.py: 257.44211888313293
test_post_not_allowed in /home/kaiyaok2/PythonProjects/falcon/tests/test_http_method_routing.py: 257.54658937454224
test_get in /home/kaiyaok2/PythonProjects/falcon/tests/test_http_method_routing.py: 257.6373951435089
test_methods_not_allowed_simple in /home/kaiyaok2/PythonProjects/falcon/tests/test_http_method_routing.py: 257.7534945011139
test_client_simulate_aliases in /home/kaiyaok2/PythonProjects/falcon/tests/test_testing.py: 257.9022388458252
test_client_simulate_aliases in /home/kaiyaok2/PythonProjects/falcon/tests/test_testing.py: 257.94266390800476
test_client_simulate_aliases in /home/kaiyaok2/PythonProjects/falcon/tests/test_testing.py: 257.98214769363403
test_client_simulate_aliases in /home/kaiyaok2/PythonProjects/falcon/tests/test_testing.py: 258.0477669239044
test_client_simulate_aliases in /home/kaiyaok2/PythonProjects/falcon/tests/test_testing.py: 259.6082057952881
test_client_simulate_aliases in /home/kaiyaok2/PythonProjects/falcon/tests/test_testing.py: 259.67126846313477
test_client_simulate_aliases in /home/kaiyaok2/PythonProjects/falcon/tests/test_testing.py: 259.71136689186096
test_client_simulate_aliases in /home/kaiyaok2/PythonProjects/falcon/tests/test_testing.py: 259.7573781013489
test_default_headers_with_override in /home/kaiyaok2/PythonProjects/falcon/tests/test_utils.py: 262.1643581390381
test_simulate_hostname in /home/kaiyaok2/PythonProjects/falcon/tests/test_utils.py: 262.30132031440735
test_simulate_remote_addr in /home/kaiyaok2/PythonProjects/falcon/tests/test_utils.py: 262.43682527542114
test_simulate_remote_addr in /home/kaiyaok2/PythonProjects/falcon/tests/test_utils.py: 262.60620045661926
test_query_string_no_question in /home/kaiyaok2/PythonProjects/falcon/tests/test_utils.py: 264.46417260169983
test_cached_text_in_result in /home/kaiyaok2/PythonProjects/falcon/tests/test_utils.py: 264.60851526260376
test_path_must_start_with_slash in /home/kaiyaok2/PythonProjects/falcon/tests/test_utils.py: 264.82373881340027
test_simulate_remote_addr in /home/kaiyaok2/PythonProjects/falcon/tests/test_utils.py: 264.9790515899658
test_default_headers in /home/kaiyaok2/PythonProjects/falcon/tests/test_utils.py: 265.18048882484436
test_query_string_in_path in /home/kaiyaok2/PythonProjects/falcon/tests/test_utils.py: 265.3559675216675
test_simulate_remote_addr in /home/kaiyaok2/PythonProjects/falcon/tests/test_utils.py: 267.21609139442444
test_override_method_with_extras in /home/kaiyaok2/PythonProjects/falcon/tests/test_utils.py: 267.40189599990845
test_simulate_remote_addr in /home/kaiyaok2/PythonProjects/falcon/tests/test_utils.py: 267.5360336303711
test_query_string in /home/kaiyaok2/PythonProjects/falcon/tests/test_utils.py: 267.7250814437866
test_status in /home/kaiyaok2/PythonProjects/falcon/tests/test_utils.py: 268.0824248790741
test_wrapped_resource in /home/kaiyaok2/PythonProjects/falcon/tests/test_after_hooks.py: 268.2116377353668
test_wrapped_resource_with_hooks_aware_of_resource in /home/kaiyaok2/PythonProjects/falcon/tests/test_after_hooks.py: 268.32926201820374
test_resource_with_uri_fields in /home/kaiyaok2/PythonProjects/falcon/tests/test_after_hooks.py: 268.4425082206726
test_wrapped_resource in /home/kaiyaok2/PythonProjects/falcon/tests/test_after_hooks.py: 268.5416808128357
test_resource_with_uri_fields in /home/kaiyaok2/PythonProjects/falcon/tests/test_after_hooks.py: 270.36084270477295
