test_jsonchema_validator in /home/kaiyaok2/PythonProjects/falcon/tests/asgi/test_cythonized_asgi.py: 21.782608032226562
test_hooks in /home/kaiyaok2/PythonProjects/falcon/tests/asgi/test_cythonized_asgi.py: 22.077796936035156
test_json_err_no_handler in /home/kaiyaok2/PythonProjects/falcon/tests/test_media_handlers.py: 22.820751905441284
test_json_err_no_handler in /home/kaiyaok2/PythonProjects/falcon/tests/test_media_handlers.py: 32.040107011795044
test_post_read_bounded_stream in /home/kaiyaok2/PythonProjects/falcon/tests/asgi/test_asgi_servers.py: 76.01978778839111
test_post_read_bounded_stream_no_body in /home/kaiyaok2/PythonProjects/falcon/tests/asgi/test_asgi_servers.py: 91.44358038902283
test_post_invalid_content_length in /home/kaiyaok2/PythonProjects/falcon/tests/asgi/test_asgi_servers.py: 106.94774508476257
test_post_multipart_form in /home/kaiyaok2/PythonProjects/falcon/tests/asgi/test_asgi_servers.py: 122.74275517463684
test_sse in /home/kaiyaok2/PythonProjects/falcon/tests/asgi/test_asgi_servers.py: 138.72615933418274
test_post_read_bounded_stream_large in /home/kaiyaok2/PythonProjects/falcon/tests/asgi/test_asgi_servers.py: 155.012713432312
test_get in /home/kaiyaok2/PythonProjects/falcon/tests/asgi/test_asgi_servers.py: 171.1759114265442
test_stream_chunked_request in /home/kaiyaok2/PythonProjects/falcon/tests/asgi/test_asgi_servers.py: 187.1186544895172
test_head_405 in /home/kaiyaok2/PythonProjects/falcon/tests/asgi/test_asgi_servers.py: 202.5541489124298
test_put in /home/kaiyaok2/PythonProjects/falcon/tests/asgi/test_asgi_servers.py: 218.05388855934143
test_post_multiple in /home/kaiyaok2/PythonProjects/falcon/tests/asgi/test_asgi_servers.py: 233.426504611969
test_sse_client_disconnects_early in /home/kaiyaok2/PythonProjects/falcon/tests/asgi/test_asgi_servers.py: 249.06445026397705
test_select_subprotocol_known in /home/kaiyaok2/PythonProjects/falcon/tests/asgi/test_asgi_servers.py: 264.8966977596283
test_select_subprotocol_known in /home/kaiyaok2/PythonProjects/falcon/tests/asgi/test_asgi_servers.py: 275.23706793785095
test_disconnecting_client_early in /home/kaiyaok2/PythonProjects/falcon/tests/asgi/test_asgi_servers.py: 281.0184383392334
test_select_subprotocol_unknown in /home/kaiyaok2/PythonProjects/falcon/tests/asgi/test_asgi_servers.py: 296.5222737789154
test_close_code_on_unhandled_error in /home/kaiyaok2/PythonProjects/falcon/tests/asgi/test_asgi_servers.py: 312.171010017395
test_close_code_on_unhandled_http_error in /home/kaiyaok2/PythonProjects/falcon/tests/asgi/test_asgi_servers.py: 327.6745488643646
test_rejected in /home/kaiyaok2/PythonProjects/falcon/tests/asgi/test_asgi_servers.py: 343.24302530288696
test_type_mismatch in /home/kaiyaok2/PythonProjects/falcon/tests/asgi/test_asgi_servers.py: 358.73982858657837
test_invalid_close_code in /home/kaiyaok2/PythonProjects/falcon/tests/asgi/test_asgi_servers.py: 374.5464417934418
test_hello in /home/kaiyaok2/PythonProjects/falcon/tests/asgi/test_asgi_servers.py: 390.35126757621765
test_passing_path_params in /home/kaiyaok2/PythonProjects/falcon/tests/asgi/test_asgi_servers.py: 395.99356842041016
test_hello in /home/kaiyaok2/PythonProjects/falcon/tests/asgi/test_asgi_servers.py: 411.7169351577759
test_type_mismatch in /home/kaiyaok2/PythonProjects/falcon/tests/asgi/test_asgi_servers.py: 427.20475029945374
test_rejected in /home/kaiyaok2/PythonProjects/falcon/tests/asgi/test_asgi_servers.py: 443.1256172657013
test_recv_before_accept in /home/kaiyaok2/PythonProjects/falcon/tests/asgi/test_asgi_servers.py: 459.0134103298187
test_type_mismatch in /home/kaiyaok2/PythonProjects/falcon/tests/asgi/test_asgi_servers.py: 475.05772948265076
test_hello in /home/kaiyaok2/PythonProjects/falcon/tests/asgi/test_asgi_servers.py: 480.7865719795227
test_type_mismatch in /home/kaiyaok2/PythonProjects/falcon/tests/asgi/test_asgi_servers.py: 496.27261328697205
test_missing_responder in /home/kaiyaok2/PythonProjects/falcon/tests/asgi/test_asgi_servers.py: 506.6940529346466
test_send_before_accept in /home/kaiyaok2/PythonProjects/falcon/tests/asgi/test_asgi_servers.py: 522.6026847362518
test_rejected in /home/kaiyaok2/PythonProjects/falcon/tests/asgi/test_asgi_servers.py: 538.3257143497467
test_hello in /home/kaiyaok2/PythonProjects/falcon/tests/asgi/test_asgi_servers.py: 548.806339263916
test_rejected in /home/kaiyaok2/PythonProjects/falcon/tests/asgi/test_asgi_servers.py: 564.732150554657
test_load_app_error in /home/kaiyaok2/PythonProjects/falcon/tests/test_cmd_inspect_app.py: 565.7820544242859
test_load_app in /home/kaiyaok2/PythonProjects/falcon/tests/test_cmd_inspect_app.py: 566.6185352802277
test_load_app_error in /home/kaiyaok2/PythonProjects/falcon/tests/test_cmd_inspect_app.py: 567.3037264347076
test_load_app in /home/kaiyaok2/PythonProjects/falcon/tests/test_cmd_inspect_app.py: 567.9259977340698
test_load_app_error in /home/kaiyaok2/PythonProjects/falcon/tests/test_cmd_inspect_app.py: 569.8645672798157
test_routes_only in /home/kaiyaok2/PythonProjects/falcon/tests/test_cmd_inspect_app.py: 570.5200979709625
test_inspect in /home/kaiyaok2/PythonProjects/falcon/tests/test_cmd_inspect_app.py: 570.7257454395294
test_routes_only in /home/kaiyaok2/PythonProjects/falcon/tests/test_cmd_inspect_app.py: 570.8645350933075
test_inspect in /home/kaiyaok2/PythonProjects/falcon/tests/test_cmd_inspect_app.py: 571.2723941802979
test_inspect in /home/kaiyaok2/PythonProjects/falcon/tests/test_cmd_inspect_app.py: 572.0086488723755
test_inspect in /home/kaiyaok2/PythonProjects/falcon/tests/test_cmd_inspect_app.py: 572.7233140468597
test_routes_only in /home/kaiyaok2/PythonProjects/falcon/tests/test_cmd_inspect_app.py: 573.4339752197266
test_single in /home/kaiyaok2/PythonProjects/falcon/tests/test_uri_templates.py: 574.1760339736938
test_int_converter_rejections in /home/kaiyaok2/PythonProjects/falcon/tests/test_uri_templates.py: 580.9464862346649
test_datetime_converter in /home/kaiyaok2/PythonProjects/falcon/tests/test_uri_templates.py: 581.6810231208801
test_float_converter in /home/kaiyaok2/PythonProjects/falcon/tests/test_uri_templates.py: 582.3850638866425
test_uuid_converter in /home/kaiyaok2/PythonProjects/falcon/tests/test_uri_templates.py: 582.9156455993652
test_single in /home/kaiyaok2/PythonProjects/falcon/tests/test_uri_templates.py: 583.508463382721
test_uuid_converter in /home/kaiyaok2/PythonProjects/falcon/tests/test_uri_templates.py: 585.6913726329803
test_single in /home/kaiyaok2/PythonProjects/falcon/tests/test_uri_templates.py: 586.150377035141
test_float_converter_non_finite_allowed in /home/kaiyaok2/PythonProjects/falcon/tests/test_uri_templates.py: 586.3148427009583
test_datetime_converter in /home/kaiyaok2/PythonProjects/falcon/tests/test_uri_templates.py: 586.4646878242493
test_no_vars in /home/kaiyaok2/PythonProjects/falcon/tests/test_uri_templates.py: 594.1985573768616
test_uuid_converter_complex_segment in /home/kaiyaok2/PythonProjects/falcon/tests/test_uri_templates.py: 594.4342830181122
test_datetime_converter in /home/kaiyaok2/PythonProjects/falcon/tests/test_uri_templates.py: 594.5605330467224
test_float_converter in /home/kaiyaok2/PythonProjects/falcon/tests/test_uri_templates.py: 594.6811392307281
test_converter_custom in /home/kaiyaok2/PythonProjects/falcon/tests/test_uri_templates.py: 595.408141374588
test_int_converter_rejections in /home/kaiyaok2/PythonProjects/falcon/tests/test_uri_templates.py: 596.191487789154
test_uuid_converter in /home/kaiyaok2/PythonProjects/falcon/tests/test_uri_templates.py: 596.9596557617188
test_float_converter_non_finite_disallowed in /home/kaiyaok2/PythonProjects/falcon/tests/test_uri_templates.py: 597.6920335292816
test_int_converter in /home/kaiyaok2/PythonProjects/falcon/tests/test_uri_templates.py: 598.3597166538239
test_converter_custom in /home/kaiyaok2/PythonProjects/falcon/tests/test_uri_templates.py: 604.9096527099609
test_converter_custom in /home/kaiyaok2/PythonProjects/falcon/tests/test_uri_templates.py: 605.560427904129
test_int_converter in /home/kaiyaok2/PythonProjects/falcon/tests/test_uri_templates.py: 606.2108891010284
test_float_converter in /home/kaiyaok2/PythonProjects/falcon/tests/test_uri_templates.py: 606.7615625858307
test_int_converter in /home/kaiyaok2/PythonProjects/falcon/tests/test_uri_templates.py: 609.153814792633
test_float_converter in /home/kaiyaok2/PythonProjects/falcon/tests/test_uri_templates.py: 609.3578372001648
test_float_converter in /home/kaiyaok2/PythonProjects/falcon/tests/test_uri_templates.py: 609.5051774978638
test_float_converter in /home/kaiyaok2/PythonProjects/falcon/tests/test_uri_templates.py: 609.647118806839
test_float_converter in /home/kaiyaok2/PythonProjects/falcon/tests/test_uri_templates.py: 609.7870316505432
test_single_trailing_slash in /home/kaiyaok2/PythonProjects/falcon/tests/test_uri_templates.py: 617.0261943340302
test_single_path_segment in /home/kaiyaok2/PythonProjects/falcon/tests/test_uri_templates.py: 617.4678823947906
test_same_level_complex_var in /home/kaiyaok2/PythonProjects/falcon/tests/test_uri_templates.py: 617.6039535999298
test_float_converter in /home/kaiyaok2/PythonProjects/falcon/tests/test_uri_templates.py: 617.7233421802521
test_float_converter in /home/kaiyaok2/PythonProjects/falcon/tests/test_uri_templates.py: 618.1258716583252
test_uuid_converter in /home/kaiyaok2/PythonProjects/falcon/tests/test_uri_templates.py: 618.7129163742065
test_float_converter_non_finite_allowed in /home/kaiyaok2/PythonProjects/falcon/tests/test_uri_templates.py: 619.2572999000549
test_float_converter in /home/kaiyaok2/PythonProjects/falcon/tests/test_uri_templates.py: 619.8468685150146
test_float_converter in /home/kaiyaok2/PythonProjects/falcon/tests/test_uri_templates.py: 620.4569933414459
test_multiple in /home/kaiyaok2/PythonProjects/falcon/tests/test_uri_templates.py: 626.6522207260132
test_int_converter in /home/kaiyaok2/PythonProjects/falcon/tests/test_uri_templates.py: 627.3222000598907
test_datetime_converter in /home/kaiyaok2/PythonProjects/falcon/tests/test_uri_templates.py: 627.9688718318939
test_same_level_complex_var in /home/kaiyaok2/PythonProjects/falcon/tests/test_uri_templates.py: 628.6145310401917
test_misc in /home/kaiyaok2/PythonProjects/falcon/tests/test_httperror.py: 636.4446535110474
test_custom_error_serializer in /home/kaiyaok2/PythonProjects/falcon/tests/test_httperror.py: 637.2275459766388
test_bar in /home/kaiyaok2/PythonProjects/falcon/tests/test_http_custom_method_routing.py: 643.6421685218811
test_map_http_methods in /home/kaiyaok2/PythonProjects/falcon/tests/test_http_custom_method_routing.py: 644.2539672851562
test_foo in /home/kaiyaok2/PythonProjects/falcon/tests/test_http_custom_method_routing.py: 650.9413290023804
test_method_not_allowed_with_param in /home/kaiyaok2/PythonProjects/falcon/tests/test_http_method_routing.py: 652.4478416442871
test_add_sync_sink_with_wrapping in /home/kaiyaok2/PythonProjects/falcon/tests/test_sinks.py: 652.999570608139
test_route_precedence_with_id in /home/kaiyaok2/PythonProjects/falcon/tests/test_sinks.py: 653.5208072662354
test_with_route in /home/kaiyaok2/PythonProjects/falcon/tests/test_sinks.py: 655.7779552936554
test_route_precedence_with_both_id in /home/kaiyaok2/PythonProjects/falcon/tests/test_sinks.py: 655.982029914856
test_route_precedence in /home/kaiyaok2/PythonProjects/falcon/tests/test_sinks.py: 656.118825674057
test_catch_http_no_route_error in /home/kaiyaok2/PythonProjects/falcon/tests/test_error_handlers.py: 656.3804068565369
test_caught_error_async in /home/kaiyaok2/PythonProjects/falcon/tests/test_error_handlers.py: 657.047600030899
test_non_string_status in /home/kaiyaok2/PythonProjects/falcon/tests/test_httpstatus.py: 657.7672207355499
test_non_string_status in /home/kaiyaok2/PythonProjects/falcon/tests/test_httpstatus.py: 658.4369263648987
test_non_string_status in /home/kaiyaok2/PythonProjects/falcon/tests/test_httpstatus.py: 659.1042704582214
test_non_string_status in /home/kaiyaok2/PythonProjects/falcon/tests/test_httpstatus.py: 665.7266788482666
test_non_string_status in /home/kaiyaok2/PythonProjects/falcon/tests/test_httpstatus.py: 666.3802545070648
test_non_string_status in /home/kaiyaok2/PythonProjects/falcon/tests/test_httpstatus.py: 666.9794325828552
test_non_string_status in /home/kaiyaok2/PythonProjects/falcon/tests/test_httpstatus.py: 667.541526556015
test_non_string_status in /home/kaiyaok2/PythonProjects/falcon/tests/test_httpstatus.py: 668.0551602840424
test_non_string_status in /home/kaiyaok2/PythonProjects/falcon/tests/test_httpstatus.py: 668.4495997428894
test_non_string_status in /home/kaiyaok2/PythonProjects/falcon/tests/test_httpstatus.py: 669.4497373104095
test_non_string_status in /home/kaiyaok2/PythonProjects/falcon/tests/test_httpstatus.py: 671.036826133728
test_non_string_status in /home/kaiyaok2/PythonProjects/falcon/tests/test_httpstatus.py: 671.3021593093872
test_non_string_status in /home/kaiyaok2/PythonProjects/falcon/tests/test_httpstatus.py: 671.4209649562836
test_cookie_expires_aware in /home/kaiyaok2/PythonProjects/falcon/tests/test_cookies.py: 671.5365931987762
test_unset_cookies in /home/kaiyaok2/PythonProjects/falcon/tests/test_cookies.py: 679.02463555336
test_cookie_timezone in /home/kaiyaok2/PythonProjects/falcon/tests/test_cookies.py: 679.2317914962769
test_response_base_case in /home/kaiyaok2/PythonProjects/falcon/tests/test_cookies.py: 679.4251530170441
test_cookie_max_age_float_and_string in /home/kaiyaok2/PythonProjects/falcon/tests/test_cookies.py: 679.596869468689
test_response_unset_cookie in /home/kaiyaok2/PythonProjects/falcon/tests/test_cookies.py: 680.2234094142914
test_cookie_max_age_float_and_string in /home/kaiyaok2/PythonProjects/falcon/tests/test_cookies.py: 680.8798167705536
test_unset_cookies_samesite in /home/kaiyaok2/PythonProjects/falcon/tests/test_cookies.py: 681.641711473465
test_response_complex_case in /home/kaiyaok2/PythonProjects/falcon/tests/test_cookies.py: 682.3248853683472
test_none_same_site_value in /home/kaiyaok2/PythonProjects/falcon/tests/test_cookies.py: 683.1708154678345
test_same_site_empty_string in /home/kaiyaok2/PythonProjects/falcon/tests/test_cookies.py: 690.187130689621
test_response_disable_secure_globally in /home/kaiyaok2/PythonProjects/falcon/tests/test_cookies.py: 690.8127238750458
test_cookie_expires_naive in /home/kaiyaok2/PythonProjects/falcon/tests/test_cookies.py: 691.3760669231415
test_strict_same_site_value in /home/kaiyaok2/PythonProjects/falcon/tests/test_cookies.py: 692.185647726059
test_cookies_setable in /home/kaiyaok2/PythonProjects/falcon/tests/test_cookies.py: 694.0296113491058
test_lax_same_site_value in /home/kaiyaok2/PythonProjects/falcon/tests/test_cookies.py: 694.2256639003754
test_non_string_status in /home/kaiyaok2/PythonProjects/falcon/tests/test_httpstatus.py: 698.8106060028076
test_enabled_cors_should_accept_all_origins_requests in /home/kaiyaok2/PythonProjects/falcon/tests/test_cors_middleware.py: 729.5201859474182
test_disabled_cors_should_not_add_any_extra_headers in /home/kaiyaok2/PythonProjects/falcon/tests/test_cors_middleware.py: 730.1044473648071
test_enabled_cors_no_origin in /home/kaiyaok2/PythonProjects/falcon/tests/test_cors_middleware.py: 737.3706159591675
test_enabled_cors_handles_preflighting in /home/kaiyaok2/PythonProjects/falcon/tests/test_cors_middleware.py: 737.9612572193146
test_enabled_cors_handles_preflighting_no_headers_in_req in /home/kaiyaok2/PythonProjects/falcon/tests/test_cors_middleware.py: 738.5443127155304
test_enabled_cors_should_add_extra_headers_on_response in /home/kaiyaok2/PythonProjects/falcon/tests/test_cors_middleware.py: 740.5627865791321
test_allow_origin in /home/kaiyaok2/PythonProjects/falcon/tests/test_cors_middleware.py: 741.0507807731628
test_allow_credential_existing_origin in /home/kaiyaok2/PythonProjects/falcon/tests/test_cors_middleware.py: 741.1840343475342
test_allow_origin in /home/kaiyaok2/PythonProjects/falcon/tests/test_cors_middleware.py: 741.301061630249
test_expose_headers in /home/kaiyaok2/PythonProjects/falcon/tests/test_cors_middleware.py: 741.4122004508972
test_allow_origin_allow_credential in /home/kaiyaok2/PythonProjects/falcon/tests/test_cors_middleware.py: 741.6785109043121
test_expose_headers in /home/kaiyaok2/PythonProjects/falcon/tests/test_cors_middleware.py: 749.3523576259613
test_allow_credential_wildcard in /home/kaiyaok2/PythonProjects/falcon/tests/test_cors_middleware.py: 749.4855265617371
test_expose_headers in /home/kaiyaok2/PythonProjects/falcon/tests/test_cors_middleware.py: 749.6294462680817
test_wrapped_resource in /home/kaiyaok2/PythonProjects/falcon/tests/test_after_hooks.py: 750.0551328659058
test_client_simulate_aliases in /home/kaiyaok2/PythonProjects/falcon/tests/test_testing.py: 753.0185053348541
test_client_simulate_aliases in /home/kaiyaok2/PythonProjects/falcon/tests/test_testing.py: 753.1969044208527
test_client_simulate_aliases in /home/kaiyaok2/PythonProjects/falcon/tests/test_testing.py: 753.4650259017944
test_client_simulate_aliases in /home/kaiyaok2/PythonProjects/falcon/tests/test_testing.py: 753.5711436271667
test_client_simulate_aliases in /home/kaiyaok2/PythonProjects/falcon/tests/test_testing.py: 755.0189218521118
test_client_simulate_aliases in /home/kaiyaok2/PythonProjects/falcon/tests/test_testing.py: 755.6092646121979
test_client_simulate_aliases in /home/kaiyaok2/PythonProjects/falcon/tests/test_testing.py: 755.6688482761383
test_middleware in /home/kaiyaok2/PythonProjects/falcon/tests/test_inspect.py: 755.8823199272156
test_redirect in /home/kaiyaok2/PythonProjects/falcon/tests/test_redirects.py: 759.2513082027435
test_redirect in /home/kaiyaok2/PythonProjects/falcon/tests/test_redirects.py: 760.652859210968
test_append_link_with_type_hint in /home/kaiyaok2/PythonProjects/falcon/tests/test_headers.py: 761.8934094905853
test_content_disposition_inline_header in /home/kaiyaok2/PythonProjects/falcon/tests/test_headers.py: 770.1193687915802
test_content_disposition_attachment_header in /home/kaiyaok2/PythonProjects/falcon/tests/test_headers.py: 771.050639629364
test_declared_content_length_on_head in /home/kaiyaok2/PythonProjects/falcon/tests/test_headers.py: 771.8509857654572
test_response_set_and_get_header in /home/kaiyaok2/PythonProjects/falcon/tests/test_headers.py: 772.5764675140381
test_default_value in /home/kaiyaok2/PythonProjects/falcon/tests/test_headers.py: 773.2975749969482
test_headers_with_custom_class_not_callable in /home/kaiyaok2/PythonProjects/falcon/tests/test_headers.py: 775.6358835697174
test_content_disposition_inline_header in /home/kaiyaok2/PythonProjects/falcon/tests/test_headers.py: 775.9362931251526
test_append_link_with_link_extension in /home/kaiyaok2/PythonProjects/falcon/tests/test_headers.py: 776.1192238330841
test_stream_has_private_read in /home/kaiyaok2/PythonProjects/falcon/tests/test_cython.py: 776.1287152767181
test_imported_from_c_modules in /home/kaiyaok2/PythonProjects/falcon/tests/test_cython.py: 776.1387264728546
test_response_body_rendition_error in /home/kaiyaok2/PythonProjects/falcon/tests/test_response_body.py: 783.9982497692108
test_content_length_set_on_head_with_no_body in /home/kaiyaok2/PythonProjects/falcon/tests/test_response_body.py: 784.1731081008911
test_unsupported_response_content_type in /home/kaiyaok2/PythonProjects/falcon/tests/test_response_body.py: 784.3436543941498
test_client_simulate_aliases in /home/kaiyaok2/PythonProjects/falcon/tests/test_testing.py: 801.7826707363129
test_explicitly_disable_auto_parse in /home/kaiyaok2/PythonProjects/falcon/tests/test_query_params.py: 802.8971269130707
test_asgi_raises_error in /home/kaiyaok2/PythonProjects/falcon/tests/test_query_params.py: 803.9724025726318
test_empty_body_no_content_length in /home/kaiyaok2/PythonProjects/falcon/tests/test_query_params.py: 804.7870881557465
test_http_methods_body_expected in /home/kaiyaok2/PythonProjects/falcon/tests/test_query_params.py: 807.4699733257294
test_empty_body in /home/kaiyaok2/PythonProjects/falcon/tests/test_query_params.py: 807.7969388961792
test_http_methods_body_expected in /home/kaiyaok2/PythonProjects/falcon/tests/test_query_params.py: 807.9738347530365
test_http_methods_body_expected in /home/kaiyaok2/PythonProjects/falcon/tests/test_query_params.py: 815.7785384654999
test_non_ascii in /home/kaiyaok2/PythonProjects/falcon/tests/test_query_params.py: 815.9677994251251
test_http_methods_body_expected in /home/kaiyaok2/PythonProjects/falcon/tests/test_query_params.py: 816.4678075313568
test_http_methods_body_not_expected in /home/kaiyaok2/PythonProjects/falcon/tests/test_query_params.py: 817.3097589015961
test_http_methods_body_not_expected in /home/kaiyaok2/PythonProjects/falcon/tests/test_query_params.py: 818.1010341644287
test_http_methods_body_expected in /home/kaiyaok2/PythonProjects/falcon/tests/test_query_params.py: 818.8636083602905
test_get_param_as_json_handler_json in /home/kaiyaok2/PythonProjects/falcon/tests/test_query_params.py: 819.6842539310455
test_int_neg in /home/kaiyaok2/PythonProjects/falcon/tests/test_query_params.py: 820.5328433513641
test_required in /home/kaiyaok2/PythonProjects/falcon/tests/test_query_params.py: 827.384327173233
test_get_datetime_valid_with_format in /home/kaiyaok2/PythonProjects/falcon/tests/test_query_params.py: 828.145651102066
test_get_datetime_valid_with_format in /home/kaiyaok2/PythonProjects/falcon/tests/test_query_params.py: 828.7668919563293
test_option_auto_parse_qs_csv_multiple_fields_true in /home/kaiyaok2/PythonProjects/falcon/tests/test_query_params.py: 831.2096445560455
test_blank in /home/kaiyaok2/PythonProjects/falcon/tests/test_query_params.py: 831.6712889671326
test_uuid in /home/kaiyaok2/PythonProjects/falcon/tests/test_query_params.py: 832.3849954605103
test_get_datetime_invalid in /home/kaiyaok2/PythonProjects/falcon/tests/test_query_params.py: 833.2458310127258
test_default_auto_parse_csv_behaviour in /home/kaiyaok2/PythonProjects/falcon/tests/test_query_params.py: 840.7918467521667
test_option_auto_parse_qs_csv_multiple_fields_true in /home/kaiyaok2/PythonProjects/falcon/tests/test_query_params.py: 841.683513879776
test_int in /home/kaiyaok2/PythonProjects/falcon/tests/test_query_params.py: 842.7747385501862
test_multiple_form_keys_as_list in /home/kaiyaok2/PythonProjects/falcon/tests/test_query_params.py: 843.605085849762
test_param_property in /home/kaiyaok2/PythonProjects/falcon/tests/test_query_params.py: 844.3894112110138
test_boolean_blank in /home/kaiyaok2/PythonProjects/falcon/tests/test_query_params.py: 846.8700487613678
test_default in /home/kaiyaok2/PythonProjects/falcon/tests/test_query_params.py: 853.2724723815918
test_boolean_blank in /home/kaiyaok2/PythonProjects/falcon/tests/test_query_params.py: 854.845410823822
test_required in /home/kaiyaok2/PythonProjects/falcon/tests/test_query_params.py: 855.0260798931122
test_required in /home/kaiyaok2/PythonProjects/falcon/tests/test_query_params.py: 855.1822233200073
test_list_transformer in /home/kaiyaok2/PythonProjects/falcon/tests/test_query_params.py: 856.0399219989777
test_multiple_form_keys in /home/kaiyaok2/PythonProjects/falcon/tests/test_query_params.py: 856.8554072380066
test_option_auto_parse_qs_csv_multiple_fields_false in /home/kaiyaok2/PythonProjects/falcon/tests/test_query_params.py: 857.8179972171783
test_option_auto_parse_qs_csv_complex_false in /home/kaiyaok2/PythonProjects/falcon/tests/test_query_params.py: 865.0345611572266
test_get_dict_invalid in /home/kaiyaok2/PythonProjects/falcon/tests/test_query_params.py: 866.1463420391083
test_option_auto_parse_qs_csv_simple_true in /home/kaiyaok2/PythonProjects/falcon/tests/test_query_params.py: 866.7691750526428
test_multiple_keys_as_bool in /home/kaiyaok2/PythonProjects/falcon/tests/test_query_params.py: 869.3098838329315
test_required in /home/kaiyaok2/PythonProjects/falcon/tests/test_query_params.py: 869.7566754817963
test_option_auto_parse_qs_csv_multiple_fields_true in /home/kaiyaok2/PythonProjects/falcon/tests/test_query_params.py: 870.235358953476
test_option_auto_parse_qs_csv_multiple_fields_true in /home/kaiyaok2/PythonProjects/falcon/tests/test_query_params.py: 871.1953265666962
test_bad_percentage in /home/kaiyaok2/PythonProjects/falcon/tests/test_query_params.py: 878.1645925045013
test_get_date_valid_with_format in /home/kaiyaok2/PythonProjects/falcon/tests/test_query_params.py: 878.9900851249695
test_get_date_store in /home/kaiyaok2/PythonProjects/falcon/tests/test_query_params.py: 879.7980337142944
test_option_auto_parse_qs_csv_multiple_fields_true in /home/kaiyaok2/PythonProjects/falcon/tests/test_query_params.py: 880.5748488903046
test_get_dict_store in /home/kaiyaok2/PythonProjects/falcon/tests/test_query_params.py: 881.2013902664185
test_get_date_store in /home/kaiyaok2/PythonProjects/falcon/tests/test_query_params.py: 882.282329082489
test_list_type_blank in /home/kaiyaok2/PythonProjects/falcon/tests/test_query_params.py: 884.1266837120056
test_multiple_keys_as_bool in /home/kaiyaok2/PythonProjects/falcon/tests/test_query_params.py: 891.6533749103546
test_boolean in /home/kaiyaok2/PythonProjects/falcon/tests/test_query_params.py: 891.940042257309
test_option_auto_parse_qs_csv_multiple_fields_true in /home/kaiyaok2/PythonProjects/falcon/tests/test_query_params.py: 892.2057797908783
test_option_auto_parse_qs_csv_multiple_fields_true in /home/kaiyaok2/PythonProjects/falcon/tests/test_query_params.py: 892.8766846656799
test_multiple_keys_as_int in /home/kaiyaok2/PythonProjects/falcon/tests/test_query_params.py: 893.9392549991608
test_uuid in /home/kaiyaok2/PythonProjects/falcon/tests/test_query_params.py: 894.8960452079773
test_option_auto_parse_qs_csv_complex_false in /home/kaiyaok2/PythonProjects/falcon/tests/test_query_params.py: 895.8693015575409
test_bad_percentage in /home/kaiyaok2/PythonProjects/falcon/tests/test_query_params.py: 903.7028670310974
test_required in /home/kaiyaok2/PythonProjects/falcon/tests/test_query_params.py: 904.521183013916
test_required in /home/kaiyaok2/PythonProjects/falcon/tests/test_query_params.py: 906.3805305957794
test_get_param_as_json_no_handler_json in /home/kaiyaok2/PythonProjects/falcon/tests/test_query_params.py: 907.880220413208
test_required in /home/kaiyaok2/PythonProjects/falcon/tests/test_query_params.py: 908.0954747200012
test_none in /home/kaiyaok2/PythonProjects/falcon/tests/test_query_params.py: 908.301061630249
test_blank in /home/kaiyaok2/PythonProjects/falcon/tests/test_query_params.py: 916.9002940654755
test_get_datetime_valid in /home/kaiyaok2/PythonProjects/falcon/tests/test_query_params.py: 917.1984136104584
test_has_param in /home/kaiyaok2/PythonProjects/falcon/tests/test_query_params.py: 917.5184276103973
test_default in /home/kaiyaok2/PythonProjects/falcon/tests/test_query_params.py: 918.449569940567
test_option_auto_parse_qs_csv_multiple_fields_true in /home/kaiyaok2/PythonProjects/falcon/tests/test_query_params.py: 919.3626146316528
test_option_auto_parse_qs_csv_multiple_fields_true in /home/kaiyaok2/PythonProjects/falcon/tests/test_query_params.py: 920.4613909721375
test_get_dict_invalid in /home/kaiyaok2/PythonProjects/falcon/tests/test_query_params.py: 921.5372543334961
test_get_date_missing_param in /home/kaiyaok2/PythonProjects/falcon/tests/test_query_params.py: 922.527731180191
test_option_auto_parse_qs_csv_multiple_fields_true in /home/kaiyaok2/PythonProjects/falcon/tests/test_query_params.py: 930.0852189064026
test_int_neg in /home/kaiyaok2/PythonProjects/falcon/tests/test_query_params.py: 930.9640457630157
test_get_datetime_valid in /home/kaiyaok2/PythonProjects/falcon/tests/test_query_params.py: 932.9295811653137
test_allowed_names in /home/kaiyaok2/PythonProjects/falcon/tests/test_query_params.py: 933.7145426273346
test_multiple_keys_as_float in /home/kaiyaok2/PythonProjects/falcon/tests/test_query_params.py: 933.8854384422302
test_get_date_valid in /home/kaiyaok2/PythonProjects/falcon/tests/test_query_params.py: 934.400407075882
test_required in /home/kaiyaok2/PythonProjects/falcon/tests/test_query_params.py: 942.5704717636108
test_required in /home/kaiyaok2/PythonProjects/falcon/tests/test_query_params.py: 942.9276008605957
test_list_transformer in /home/kaiyaok2/PythonProjects/falcon/tests/test_query_params.py: 943.4672751426697
test_get_datetime_store in /home/kaiyaok2/PythonProjects/falcon/tests/test_query_params.py: 944.5992150306702
test_option_auto_parse_qs_csv_simple_true in /home/kaiyaok2/PythonProjects/falcon/tests/test_query_params.py: 945.594485282898
test_option_auto_parse_qs_csv_multiple_fields_true in /home/kaiyaok2/PythonProjects/falcon/tests/test_query_params.py: 946.6386742591858
test_get_dict_missing_param in /home/kaiyaok2/PythonProjects/falcon/tests/test_query_params.py: 947.4632551670074
test_option_auto_parse_qs_csv_multiple_fields_true in /home/kaiyaok2/PythonProjects/falcon/tests/test_query_params.py: 955.0703608989716
test_multiple_form_keys_as_list in /home/kaiyaok2/PythonProjects/falcon/tests/test_query_params.py: 955.8144342899323
test_option_auto_parse_qs_csv_multiple_fields_true in /home/kaiyaok2/PythonProjects/falcon/tests/test_query_params.py: 958.3060238361359
test_param_property in /home/kaiyaok2/PythonProjects/falcon/tests/test_query_params.py: 958.7474851608276
test_get_date_valid_with_format in /home/kaiyaok2/PythonProjects/falcon/tests/test_query_params.py: 959.4363431930542
test_boolean in /home/kaiyaok2/PythonProjects/falcon/tests/test_query_params.py: 960.6631064414978
test_list_type_blank in /home/kaiyaok2/PythonProjects/falcon/tests/test_query_params.py: 961.504275560379
test_multiple_keys_as_float in /home/kaiyaok2/PythonProjects/falcon/tests/test_query_params.py: 969.2581796646118
test_get_dict_missing_param in /home/kaiyaok2/PythonProjects/falcon/tests/test_query_params.py: 970.2619998455048
test_option_auto_parse_qs_csv_multiple_fields_true in /home/kaiyaok2/PythonProjects/falcon/tests/test_query_params.py: 971.1416170597076
test_percent_encoded in /home/kaiyaok2/PythonProjects/falcon/tests/test_query_params.py: 971.9886529445648
test_list_type in /home/kaiyaok2/PythonProjects/falcon/tests/test_query_params.py: 974.2798693180084
test_option_auto_parse_qs_csv_multiple_fields_true in /home/kaiyaok2/PythonProjects/falcon/tests/test_query_params.py: 975.3765840530396
test_option_auto_parse_qs_csv_simple_false in /home/kaiyaok2/PythonProjects/falcon/tests/test_query_params.py: 976.1580228805542
test_get_datetime_missing_param in /home/kaiyaok2/PythonProjects/falcon/tests/test_query_params.py: 977.2138669490814
test_get_date_invalid in /home/kaiyaok2/PythonProjects/falcon/tests/test_query_params.py: 984.5615665912628
test_multiple_keys_as_int in /home/kaiyaok2/PythonProjects/falcon/tests/test_query_params.py: 985.6437561511993
test_get_datetime_invalid in /home/kaiyaok2/PythonProjects/falcon/tests/test_query_params.py: 986.7312352657318
test_required in /home/kaiyaok2/PythonProjects/falcon/tests/test_query_params.py: 987.6612567901611
test_get_dict_valid in /home/kaiyaok2/PythonProjects/falcon/tests/test_query_params.py: 989.8750467300415
test_multiple_form_keys in /home/kaiyaok2/PythonProjects/falcon/tests/test_query_params.py: 990.5248129367828
test_has_param in /home/kaiyaok2/PythonProjects/falcon/tests/test_query_params.py: 998.3726305961609
test_get_date_invalid in /home/kaiyaok2/PythonProjects/falcon/tests/test_query_params.py: 998.5913569927216
test_option_auto_parse_qs_csv_multiple_fields_true in /home/kaiyaok2/PythonProjects/falcon/tests/test_query_params.py: 998.8498237133026
test_default_auto_parse_csv_behaviour in /home/kaiyaok2/PythonProjects/falcon/tests/test_query_params.py: 999.4024178981781
test_required in /home/kaiyaok2/PythonProjects/falcon/tests/test_query_params.py: 1000.3892560005188
test_float in /home/kaiyaok2/PythonProjects/falcon/tests/test_query_params.py: 1001.3960914611816
test_allowed_names in /home/kaiyaok2/PythonProjects/falcon/tests/test_query_params.py: 1009.4234557151794
test_float in /home/kaiyaok2/PythonProjects/falcon/tests/test_query_params.py: 1010.4407348632812
test_float_neg in /home/kaiyaok2/PythonProjects/falcon/tests/test_query_params.py: 1011.4646348953247
test_get_date_missing_param in /home/kaiyaok2/PythonProjects/falcon/tests/test_query_params.py: 1012.4138386249542
test_option_auto_parse_qs_csv_multiple_fields_false in /home/kaiyaok2/PythonProjects/falcon/tests/test_query_params.py: 1014.8374099731445
test_get_dict_valid in /home/kaiyaok2/PythonProjects/falcon/tests/test_query_params.py: 1015.1704893112183
test_percent_encoded in /home/kaiyaok2/PythonProjects/falcon/tests/test_query_params.py: 1015.8839423656464
test_simple in /home/kaiyaok2/PythonProjects/falcon/tests/test_query_params.py: 1024.2319190502167
test_option_auto_parse_qs_csv_multiple_fields_true in /home/kaiyaok2/PythonProjects/falcon/tests/test_query_params.py: 1025.3031582832336
test_none in /home/kaiyaok2/PythonProjects/falcon/tests/test_query_params.py: 1026.521516084671
test_get_dict_store in /home/kaiyaok2/PythonProjects/falcon/tests/test_query_params.py: 1027.6459019184113
test_required in /home/kaiyaok2/PythonProjects/falcon/tests/test_query_params.py: 1028.5820579528809
test_list_type in /home/kaiyaok2/PythonProjects/falcon/tests/test_query_params.py: 1029.7193508148193
test_get_date_valid in /home/kaiyaok2/PythonProjects/falcon/tests/test_query_params.py: 1031.9503910541534
test_get_datetime_store in /home/kaiyaok2/PythonProjects/falcon/tests/test_query_params.py: 1038.3796138763428
test_int in /home/kaiyaok2/PythonProjects/falcon/tests/test_query_params.py: 1040.2183072566986
test_float_neg in /home/kaiyaok2/PythonProjects/falcon/tests/test_query_params.py: 1040.478432893753
test_option_auto_parse_qs_csv_multiple_fields_true in /home/kaiyaok2/PythonProjects/falcon/tests/test_query_params.py: 1040.9825937747955
test_get_datetime_missing_param in /home/kaiyaok2/PythonProjects/falcon/tests/test_query_params.py: 1041.8535540103912
test_option_auto_parse_qs_csv_simple_false in /home/kaiyaok2/PythonProjects/falcon/tests/test_query_params.py: 1042.807070016861
test_simple in /home/kaiyaok2/PythonProjects/falcon/tests/test_query_params.py: 1050.6478118896484
test_dont_auto_parse_by_default in /home/kaiyaok2/PythonProjects/falcon/tests/test_query_params.py: 1051.6719043254852
test_body_is_set in /home/kaiyaok2/PythonProjects/falcon/tests/test_httpstatus.py: 1058.5216057300568
test_simulate_remote_addr in /home/kaiyaok2/PythonProjects/falcon/tests/test_utils.py: 1127.623910188675
test_process_resource_cached in /home/kaiyaok2/PythonProjects/falcon/tests/test_middleware.py: 1131.22909617424
test_process_resource_cached in /home/kaiyaok2/PythonProjects/falcon/tests/test_middleware.py: 1132.0723180770874
test_process_request_not_cached in /home/kaiyaok2/PythonProjects/falcon/tests/test_middleware.py: 1132.891559123993
test_process_request_cached in /home/kaiyaok2/PythonProjects/falcon/tests/test_middleware.py: 1134.218269586563
test_process_request_cached in /home/kaiyaok2/PythonProjects/falcon/tests/test_middleware.py: 1135.7546253204346
test_http_status_raised_from_error_handler in /home/kaiyaok2/PythonProjects/falcon/tests/test_middleware.py: 1135.9600157737732
test_error_composed_before_resp_middleware_called in /home/kaiyaok2/PythonProjects/falcon/tests/test_middleware.py: 1143.5709173679352
test_generate_trans_id_with_request in /home/kaiyaok2/PythonProjects/falcon/tests/test_middleware.py: 1143.7622156143188
test_log_get_request in /home/kaiyaok2/PythonProjects/falcon/tests/test_middleware.py: 1144.2667334079742
test_log_get_request in /home/kaiyaok2/PythonProjects/falcon/tests/test_middleware.py: 1145.201018333435
test_response_middleware_raises_exception in /home/kaiyaok2/PythonProjects/falcon/tests/test_middleware.py: 1145.8959045410156
test_skip_process_resource in /home/kaiyaok2/PythonProjects/falcon/tests/test_middleware.py: 1146.6735799312592
test_base_path_is_removed_before_routing in /home/kaiyaok2/PythonProjects/falcon/tests/test_middleware.py: 1147.4507956504822
test_middleware_execution_order in /home/kaiyaok2/PythonProjects/falcon/tests/test_middleware.py: 1148.2008292675018
test_inner_mw_throw_exception in /home/kaiyaok2/PythonProjects/falcon/tests/test_middleware.py: 1150.6390221118927
test_order_independent_mw_executed_when_exception_in_resp in /home/kaiyaok2/PythonProjects/falcon/tests/test_middleware.py: 1150.8599891662598
test_order_mw_executed_when_exception_in_resp in /home/kaiyaok2/PythonProjects/falcon/tests/test_middleware.py: 1156.8597750663757
test_order_mw_executed_when_exception_in_rsrc in /home/kaiyaok2/PythonProjects/falcon/tests/test_middleware.py: 1158.7285656929016
test_generate_trans_id_and_time_with_request in /home/kaiyaok2/PythonProjects/falcon/tests/test_middleware.py: 1159.0190324783325
test_generate_trans_id_and_time_with_request in /home/kaiyaok2/PythonProjects/falcon/tests/test_middleware.py: 1159.3669509887695
test_inner_mw_throw_exception_while_processing_resp in /home/kaiyaok2/PythonProjects/falcon/tests/test_middleware.py: 1160.0889837741852
test_independent_middleware_execution_order in /home/kaiyaok2/PythonProjects/falcon/tests/test_middleware.py: 1160.7623760700226
test_order_independent_mw_executed_when_exception_in_req in /home/kaiyaok2/PythonProjects/falcon/tests/test_middleware.py: 1161.50865316391
test_multiple_response_mw_throw_exception in /home/kaiyaok2/PythonProjects/falcon/tests/test_middleware.py: 1162.2499086856842
test_order_independent_mw_executed_when_exception_in_rsrc in /home/kaiyaok2/PythonProjects/falcon/tests/test_middleware.py: 1162.9789741039276
test_inner_mw_with_ex_handler_throw_exception in /home/kaiyaok2/PythonProjects/falcon/tests/test_middleware.py: 1163.5356435775757
test_outer_mw_with_ex_handler_throw_exception in /home/kaiyaok2/PythonProjects/falcon/tests/test_middleware.py: 1171.0360927581787
test_order_mw_executed_when_exception_in_req in /home/kaiyaok2/PythonProjects/falcon/tests/test_middleware.py: 1171.807729959488
test_legacy_middleware_called_with_correct_args in /home/kaiyaok2/PythonProjects/falcon/tests/test_middleware.py: 1173.744170665741
test_dont_need_params_in_signature in /home/kaiyaok2/PythonProjects/falcon/tests/test_middleware.py: 1174.0028388500214
test_can_access_resource_params in /home/kaiyaok2/PythonProjects/falcon/tests/test_middleware.py: 1174.1487197875977
test_can_access_resource_params in /home/kaiyaok2/PythonProjects/falcon/tests/test_middleware.py: 1174.2851376533508
test_api_initialization_with_cors_enabled_and_middleware_param in /home/kaiyaok2/PythonProjects/falcon/tests/test_middleware.py: 1174.8451521396637
test_api_initialization_with_cors_enabled_and_middleware_param in /home/kaiyaok2/PythonProjects/falcon/tests/test_middleware.py: 1175.6246507167816
test_api_initialization_with_cors_enabled_and_middleware_param in /home/kaiyaok2/PythonProjects/falcon/tests/test_middleware.py: 1176.3554496765137
test_api_initialization_with_cors_enabled_and_middleware_param in /home/kaiyaok2/PythonProjects/falcon/tests/test_middleware.py: 1177.1970663070679
test_float_converter in /home/kaiyaok2/PythonProjects/falcon/tests/test_uri_templates.py: 1191.7317895889282
test_content_type_no_body in /home/kaiyaok2/PythonProjects/falcon/tests/test_headers.py: 1194.875827550888
test_append_link_with_hreflang_multi in /home/kaiyaok2/PythonProjects/falcon/tests/test_headers.py: 1196.099310874939
test_content_disposition_inline_header in /home/kaiyaok2/PythonProjects/falcon/tests/test_headers.py: 1196.8851718902588
test_set_headers_with_custom_class in /home/kaiyaok2/PythonProjects/falcon/tests/test_headers.py: 1197.5848972797394
test_append_link_with_hreflang in /home/kaiyaok2/PythonProjects/falcon/tests/test_headers.py: 1199.8850667476654
test_request_multiple_header in /home/kaiyaok2/PythonProjects/falcon/tests/test_headers.py: 1200.0544304847717
test_get_header_as_int in /home/kaiyaok2/PythonProjects/falcon/tests/test_headers.py: 1200.2058391571045
test_append_link_with_title_star in /home/kaiyaok2/PythonProjects/falcon/tests/test_headers.py: 1207.8864159584045
test_content_disposition_attachment_header in /home/kaiyaok2/PythonProjects/falcon/tests/test_headers.py: 1208.6462514400482
test_declared_content_length_overriden_by_body_length in /home/kaiyaok2/PythonProjects/falcon/tests/test_headers.py: 1209.5020923614502
test_no_content_type in /home/kaiyaok2/PythonProjects/falcon/tests/test_headers.py: 1210.2954742908478
test_unicode_headers_contain_non_ascii in /home/kaiyaok2/PythonProjects/falcon/tests/test_headers.py: 1211.0713238716125
test_append_link_crossorigin in /home/kaiyaok2/PythonProjects/falcon/tests/test_headers.py: 1212.0250189304352
test_content_disposition_attachment_header in /home/kaiyaok2/PythonProjects/falcon/tests/test_headers.py: 1214.5239040851593
test_vary_header in /home/kaiyaok2/PythonProjects/falcon/tests/test_headers.py: 1214.7823414802551
test_declared_content_length_overridden_by_no_body in /home/kaiyaok2/PythonProjects/falcon/tests/test_headers.py: 1222.7019922733307
test_override_default_media_type_missing_encoding in /home/kaiyaok2/PythonProjects/falcon/tests/test_headers.py: 1222.8935747146606
test_append_link_complex in /home/kaiyaok2/PythonProjects/falcon/tests/test_headers.py: 1224.1918971538544
test_append_link_crossorigin in /home/kaiyaok2/PythonProjects/falcon/tests/test_headers.py: 1225.3416118621826
test_declared_content_length_overriden_by_data_length in /home/kaiyaok2/PythonProjects/falcon/tests/test_headers.py: 1226.1534004211426
test_unicode_headers_contain_non_ascii in /home/kaiyaok2/PythonProjects/falcon/tests/test_headers.py: 1226.8463702201843
test_unset_header in /home/kaiyaok2/PythonProjects/falcon/tests/test_headers.py: 1229.2836518287659
test_append_link_multiple in /home/kaiyaok2/PythonProjects/falcon/tests/test_headers.py: 1229.634765625
test_append_link_crossorigin in /home/kaiyaok2/PythonProjects/falcon/tests/test_headers.py: 1237.6470966339111
test_response_header_helpers_on_get in /home/kaiyaok2/PythonProjects/falcon/tests/test_headers.py: 1238.229903459549
test_default_media_type in /home/kaiyaok2/PythonProjects/falcon/tests/test_headers.py: 1239.3510897159576
test_append_link_with_title in /home/kaiyaok2/PythonProjects/falcon/tests/test_headers.py: 1240.3979692459106
test_content_disposition_attachment_header in /home/kaiyaok2/PythonProjects/falcon/tests/test_headers.py: 1241.167732477188
test_no_content_type in /home/kaiyaok2/PythonProjects/falcon/tests/test_headers.py: 1241.918779373169
test_headers_as_list in /home/kaiyaok2/PythonProjects/falcon/tests/test_headers.py: 1244.4444127082825
test_required_header in /home/kaiyaok2/PythonProjects/falcon/tests/test_headers.py: 1244.7466938495636
test_append_link_with_anchor in /home/kaiyaok2/PythonProjects/falcon/tests/test_headers.py: 1252.7139706611633
test_content_disposition_attachment_header in /home/kaiyaok2/PythonProjects/falcon/tests/test_headers.py: 1252.9822974205017
test_override_default_media_type in /home/kaiyaok2/PythonProjects/falcon/tests/test_headers.py: 1253.8013274669647
test_passthrough_request_headers in /home/kaiyaok2/PythonProjects/falcon/tests/test_headers.py: 1254.9220938682556
test_append_link_crossorigin in /home/kaiyaok2/PythonProjects/falcon/tests/test_headers.py: 1256.0909695625305
test_content_disposition_attachment_header in /home/kaiyaok2/PythonProjects/falcon/tests/test_headers.py: 1256.9503087997437
test_response_append_header in /home/kaiyaok2/PythonProjects/falcon/tests/test_headers.py: 1257.6141891479492
test_unset_header in /home/kaiyaok2/PythonProjects/falcon/tests/test_headers.py: 1265.7872114181519
test_content_disposition_attachment_header in /home/kaiyaok2/PythonProjects/falcon/tests/test_headers.py: 1266.3501229286194
test_expires_header in /home/kaiyaok2/PythonProjects/falcon/tests/test_headers.py: 1268.9233040809631
test_request_latin1_headers in /home/kaiyaok2/PythonProjects/falcon/tests/test_headers.py: 1269.2509446144104
test_no_content_length in /home/kaiyaok2/PythonProjects/falcon/tests/test_headers.py: 1269.4070053100586
test_content_disposition_attachment_header in /home/kaiyaok2/PythonProjects/falcon/tests/test_headers.py: 1270.0085051059723
test_append_link_single in /home/kaiyaok2/PythonProjects/falcon/tests/test_headers.py: 1271.087647676468
test_append_link_crossorigin in /home/kaiyaok2/PythonProjects/falcon/tests/test_headers.py: 1272.1670985221863
test_unicode_location_headers in /home/kaiyaok2/PythonProjects/falcon/tests/test_headers.py: 1279.9317407608032
test_unicode_headers_contain_only_ascii in /home/kaiyaok2/PythonProjects/falcon/tests/test_headers.py: 1280.786244392395
test_unicode_headers_contain_non_ascii in /home/kaiyaok2/PythonProjects/falcon/tests/test_headers.py: 1281.4096331596375
test_vary_star in /home/kaiyaok2/PythonProjects/falcon/tests/test_headers.py: 1283.8799393177032
test_custom_content_type in /home/kaiyaok2/PythonProjects/falcon/tests/test_headers.py: 1284.144091129303
test_override_default_media_type in /home/kaiyaok2/PythonProjects/falcon/tests/test_headers.py: 1284.3463962078094
test_content_length in /home/kaiyaok2/PythonProjects/falcon/tests/test_headers.py: 1285.1502003669739
test_vary_header in /home/kaiyaok2/PythonProjects/falcon/tests/test_headers.py: 1286.1304018497467
test_append_link_crossorigin in /home/kaiyaok2/PythonProjects/falcon/tests/test_headers.py: 1293.6842217445374
test_unicode_headers_contain_non_ascii in /home/kaiyaok2/PythonProjects/falcon/tests/test_headers.py: 1294.511693239212
test_no_content_length in /home/kaiyaok2/PythonProjects/falcon/tests/test_headers.py: 1295.324641942978
test_routes_only in /home/kaiyaok2/PythonProjects/falcon/tests/test_cmd_inspect_app.py: 1306.6794044971466
test_static_file_byte_range in /home/kaiyaok2/PythonProjects/falcon/tests/test_wsgi_servers.py: 1337.7830791473389
test_static_file_byte_range in /home/kaiyaok2/PythonProjects/falcon/tests/test_wsgi_servers.py: 1368.1690583229065
test_static_file_byte_range in /home/kaiyaok2/PythonProjects/falcon/tests/test_wsgi_servers.py: 1399.10364985466
test_get_deprecated in /home/kaiyaok2/PythonProjects/falcon/tests/test_wsgi_servers.py: 1429.7884352207184
test_post_multipart_form in /home/kaiyaok2/PythonProjects/falcon/tests/test_wsgi_servers.py: 1460.5151760578156
test_static_file_byte_range in /home/kaiyaok2/PythonProjects/falcon/tests/test_wsgi_servers.py: 1491.6124792099
test_static_file_byte_range in /home/kaiyaok2/PythonProjects/falcon/tests/test_wsgi_servers.py: 1522.8251299858093
test_post_multipart_form in /home/kaiyaok2/PythonProjects/falcon/tests/test_wsgi_servers.py: 1554.0243792533875
test_static_file_byte_range in /home/kaiyaok2/PythonProjects/falcon/tests/test_wsgi_servers.py: 1584.8502187728882
test_get in /home/kaiyaok2/PythonProjects/falcon/tests/test_wsgi_servers.py: 1616.0267803668976
test_static_file in /home/kaiyaok2/PythonProjects/falcon/tests/test_wsgi_servers.py: 1646.6246514320374
test_static_file_byte_range in /home/kaiyaok2/PythonProjects/falcon/tests/test_wsgi_servers.py: 1677.7172598838806
test_get_deprecated in /home/kaiyaok2/PythonProjects/falcon/tests/test_wsgi_servers.py: 1708.6306233406067
test_static_file_byte_range in /home/kaiyaok2/PythonProjects/falcon/tests/test_wsgi_servers.py: 1739.7922224998474
test_get in /home/kaiyaok2/PythonProjects/falcon/tests/test_wsgi_servers.py: 1770.7308521270752
test_static_file in /home/kaiyaok2/PythonProjects/falcon/tests/test_wsgi_servers.py: 1801.6893513202667
test_multiple_resource_hooks in /home/kaiyaok2/PythonProjects/falcon/tests/test_before_hooks.py: 1805.3939282894135
test_field_validator in /home/kaiyaok2/PythonProjects/falcon/tests/test_before_hooks.py: 1805.5913875102997
test_input_validator in /home/kaiyaok2/PythonProjects/falcon/tests/test_before_hooks.py: 1806.070058107376
test_param_validator in /home/kaiyaok2/PythonProjects/falcon/tests/test_before_hooks.py: 1806.8297264575958
test_piggybacking_resource_post_item in /home/kaiyaok2/PythonProjects/falcon/tests/test_before_hooks.py: 1807.5768973827362
test_multiple_resource_hooks in /home/kaiyaok2/PythonProjects/falcon/tests/test_before_hooks.py: 1808.3896543979645
test_piggybacking_resource_post_and_delete in /home/kaiyaok2/PythonProjects/falcon/tests/test_before_hooks.py: 1817.727725982666
test_field_validator in /home/kaiyaok2/PythonProjects/falcon/tests/test_before_hooks.py: 1818.6397995948792
test_field_validator in /home/kaiyaok2/PythonProjects/falcon/tests/test_before_hooks.py: 1819.351359128952
test_simulate_remote_addr in /home/kaiyaok2/PythonProjects/falcon/tests/test_utils.py: 1822.3486876487732
test_default_headers_with_override in /home/kaiyaok2/PythonProjects/falcon/tests/test_utils.py: 1822.6728377342224
test_path_must_start_with_slash in /home/kaiyaok2/PythonProjects/falcon/tests/test_utils.py: 1823.2840571403503
test_query_string in /home/kaiyaok2/PythonProjects/falcon/tests/test_utils.py: 1824.309811592102
test_simulate_remote_addr in /home/kaiyaok2/PythonProjects/falcon/tests/test_utils.py: 1832.4440321922302
test_simulate_hostname in /home/kaiyaok2/PythonProjects/falcon/tests/test_utils.py: 1833.5885617733002
test_cached_text_in_result in /home/kaiyaok2/PythonProjects/falcon/tests/test_utils.py: 1834.7202942371368
test_override_method_with_extras in /home/kaiyaok2/PythonProjects/falcon/tests/test_utils.py: 1835.8664824962616
test_simulate_remote_addr in /home/kaiyaok2/PythonProjects/falcon/tests/test_utils.py: 1836.9547498226166
test_query_string_in_path in /home/kaiyaok2/PythonProjects/falcon/tests/test_utils.py: 1839.507478237152
test_status in /home/kaiyaok2/PythonProjects/falcon/tests/test_utils.py: 1839.9853718280792
test_query_string_no_question in /home/kaiyaok2/PythonProjects/falcon/tests/test_utils.py: 1850.0702414512634
test_simulate_remote_addr in /home/kaiyaok2/PythonProjects/falcon/tests/test_utils.py: 1850.5741515159607
test_default_headers in /home/kaiyaok2/PythonProjects/falcon/tests/test_utils.py: 1851.0003428459167
test_uuid_converter in /home/kaiyaok2/PythonProjects/falcon/tests/test_uri_templates.py: 1851.6402564048767
test_uuid_converter in /home/kaiyaok2/PythonProjects/falcon/tests/test_uri_templates.py: 1852.4089813232422
test_int_converter_rejections in /home/kaiyaok2/PythonProjects/falcon/tests/test_uri_templates.py: 1853.0549862384796
test_with_and_without_trailing_slash in /home/kaiyaok2/PythonProjects/falcon/tests/test_uri_templates.py: 1853.8734230995178
test_float_converter_non_finite_allowed in /home/kaiyaok2/PythonProjects/falcon/tests/test_uri_templates.py: 1854.6475038528442
test_special_chars in /home/kaiyaok2/PythonProjects/falcon/tests/test_uri_templates.py: 1862.2717542648315
test_with_and_without_trailing_slash in /home/kaiyaok2/PythonProjects/falcon/tests/test_uri_templates.py: 1863.0262205600739
test_adding_suffix_routes in /home/kaiyaok2/PythonProjects/falcon/tests/test_uri_templates.py: 1863.7807960510254
test_root_path in /home/kaiyaok2/PythonProjects/falcon/tests/test_uri_templates.py: 1864.5905089378357
test_resource_with_uri_fields in /home/kaiyaok2/PythonProjects/falcon/tests/test_after_hooks.py: 2039.5842316150665
test_wrapped_resource in /home/kaiyaok2/PythonProjects/falcon/tests/test_after_hooks.py: 2039.8266761302948
test_resource_with_uri_fields in /home/kaiyaok2/PythonProjects/falcon/tests/test_after_hooks.py: 2040.000018119812
test_wrapped_resource_with_hooks_aware_of_resource in /home/kaiyaok2/PythonProjects/falcon/tests/test_after_hooks.py: 2040.2834100723267
test_on_options in /home/kaiyaok2/PythonProjects/falcon/tests/test_http_method_routing.py: 2041.8163692951202
test_meta_and_others_disallowed in /home/kaiyaok2/PythonProjects/falcon/tests/test_http_method_routing.py: 2049.9983174800873
test_misc in /home/kaiyaok2/PythonProjects/falcon/tests/test_http_method_routing.py: 2050.818587064743
test_meta_and_others_disallowed in /home/kaiyaok2/PythonProjects/falcon/tests/test_http_method_routing.py: 2051.6110253334045
test_methods_not_allowed_complex in /home/kaiyaok2/PythonProjects/falcon/tests/test_http_method_routing.py: 2052.369172334671
test_report in /home/kaiyaok2/PythonProjects/falcon/tests/test_http_method_routing.py: 2054.013067007065
test_put in /home/kaiyaok2/PythonProjects/falcon/tests/test_http_method_routing.py: 2054.9960584640503
test_methods_not_allowed_simple in /home/kaiyaok2/PythonProjects/falcon/tests/test_http_method_routing.py: 2055.244230031967
test_post_not_allowed in /home/kaiyaok2/PythonProjects/falcon/tests/test_http_method_routing.py: 2055.4856283664703
test_get in /home/kaiyaok2/PythonProjects/falcon/tests/test_http_method_routing.py: 2055.6750009059906
test_default_on_options in /home/kaiyaok2/PythonProjects/falcon/tests/test_http_method_routing.py: 2056.3322899341583
test_raise_status_in_process_request in /home/kaiyaok2/PythonProjects/falcon/tests/test_httpstatus.py: 2060.4050409793854
test_raise_status_in_process_resource in /home/kaiyaok2/PythonProjects/falcon/tests/test_httpstatus.py: 2060.624631881714
test_raise_status_runs_process_response in /home/kaiyaok2/PythonProjects/falcon/tests/test_httpstatus.py: 2069.395839214325
test_raise_status_survives_after_hooks in /home/kaiyaok2/PythonProjects/falcon/tests/test_httpstatus.py: 2069.6575050354004
test_raise_status_runs_after_hooks in /home/kaiyaok2/PythonProjects/falcon/tests/test_httpstatus.py: 2070.3051991462708
test_raise_status_in_responder in /home/kaiyaok2/PythonProjects/falcon/tests/test_httpstatus.py: 2071.075986623764
test_raise_status_empty_body in /home/kaiyaok2/PythonProjects/falcon/tests/test_httpstatus.py: 2071.797815799713
test_data_is_set in /home/kaiyaok2/PythonProjects/falcon/tests/test_httpstatus.py: 2073.3436090946198
test_media_is_set in /home/kaiyaok2/PythonProjects/falcon/tests/test_httpstatus.py: 2073.9128799438477
test_raise_status_in_before_hook in /home/kaiyaok2/PythonProjects/falcon/tests/test_httpstatus.py: 2076.6228878498077
test_redirect_with_headers in /home/kaiyaok2/PythonProjects/falcon/tests/test_redirects.py: 2078.843113899231
test_redirect in /home/kaiyaok2/PythonProjects/falcon/tests/test_redirects.py: 2079.7693469524384
test_redirect_with_headers in /home/kaiyaok2/PythonProjects/falcon/tests/test_redirects.py: 2080.492270231247
test_redirect in /home/kaiyaok2/PythonProjects/falcon/tests/test_redirects.py: 2090.275208234787
test_redirect_with_headers in /home/kaiyaok2/PythonProjects/falcon/tests/test_redirects.py: 2090.948405265808
test_redirect in /home/kaiyaok2/PythonProjects/falcon/tests/test_redirects.py: 2093.454531431198
test_redirect_with_headers in /home/kaiyaok2/PythonProjects/falcon/tests/test_redirects.py: 2093.9509751796722
test_redirect_with_headers in /home/kaiyaok2/PythonProjects/falcon/tests/test_redirects.py: 2094.1834774017334
