test_imported_from_c_modules in /home/kaiyaok2/PythonProjects/falcon/tests/test_cython.py: 6.898075819015503
test_stream_has_private_read in /home/kaiyaok2/PythonProjects/falcon/tests/test_cython.py: 6.903172016143799
test_load_app_error in /home/kaiyaok2/PythonProjects/falcon/tests/test_cmd_inspect_app.py: 7.057347774505615
test_load_app in /home/kaiyaok2/PythonProjects/falcon/tests/test_cmd_inspect_app.py: 7.134462118148804
test_load_app_error in /home/kaiyaok2/PythonProjects/falcon/tests/test_cmd_inspect_app.py: 7.2159507274627686
test_load_app in /home/kaiyaok2/PythonProjects/falcon/tests/test_cmd_inspect_app.py: 7.2875823974609375
test_load_app_error in /home/kaiyaok2/PythonProjects/falcon/tests/test_cmd_inspect_app.py: 7.360302925109863
test_inspect in /home/kaiyaok2/PythonProjects/falcon/tests/test_cmd_inspect_app.py: 7.4440248012542725
test_routes_only in /home/kaiyaok2/PythonProjects/falcon/tests/test_cmd_inspect_app.py: 7.512826919555664
test_inspect in /home/kaiyaok2/PythonProjects/falcon/tests/test_cmd_inspect_app.py: 7.5758562088012695
test_routes_only in /home/kaiyaok2/PythonProjects/falcon/tests/test_cmd_inspect_app.py: 7.649263381958008
test_routes_only in /home/kaiyaok2/PythonProjects/falcon/tests/test_cmd_inspect_app.py: 7.716634035110474
test_inspect in /home/kaiyaok2/PythonProjects/falcon/tests/test_cmd_inspect_app.py: 7.785433053970337
test_inspect in /home/kaiyaok2/PythonProjects/falcon/tests/test_cmd_inspect_app.py: 7.848938226699829
test_routes_only in /home/kaiyaok2/PythonProjects/falcon/tests/test_cmd_inspect_app.py: 7.9163782596588135
test_hooks in /home/kaiyaok2/PythonProjects/falcon/tests/asgi/test_cythonized_asgi.py: 104.83192825317383
test_jsonchema_validator in /home/kaiyaok2/PythonProjects/falcon/tests/asgi/test_cythonized_asgi.py: 104.93110632896423
test_media_is_set in /home/kaiyaok2/PythonProjects/falcon/tests/test_error_handlers.py: 105.50012850761414
test_data_is_set in /home/kaiyaok2/PythonProjects/falcon/tests/test_error_handlers.py: 105.61635494232178
test_body_is_set in /home/kaiyaok2/PythonProjects/falcon/tests/test_error_handlers.py: 107.30940341949463
test_handler_multiple_exception_iterable in /home/kaiyaok2/PythonProjects/falcon/tests/test_error_handlers.py: 107.41627717018127
test_handler_single_exception_iterable in /home/kaiyaok2/PythonProjects/falcon/tests/test_error_handlers.py: 107.51317548751831
test_uncaught_error in /home/kaiyaok2/PythonProjects/falcon/tests/test_error_handlers.py: 107.60479736328125
test_invalid_add_exception_handler_input in /home/kaiyaok2/PythonProjects/falcon/tests/test_error_handlers.py: 107.68739485740662
test_invalid_add_exception_handler_input in /home/kaiyaok2/PythonProjects/falcon/tests/test_error_handlers.py: 107.78923654556274
test_caught_error_async in /home/kaiyaok2/PythonProjects/falcon/tests/test_error_handlers.py: 107.87115240097046
test_catch_http_no_route_error in /home/kaiyaok2/PythonProjects/falcon/tests/test_error_handlers.py: 107.94931268692017
test_invalid_add_exception_handler_input in /home/kaiyaok2/PythonProjects/falcon/tests/test_error_handlers.py: 108.04723191261292
test_uncaught_error_else in /home/kaiyaok2/PythonProjects/falcon/tests/test_error_handlers.py: 108.1374363899231
test_error_precedence_subclass_order_indifference in /home/kaiyaok2/PythonProjects/falcon/tests/test_error_handlers.py: 108.2226665019989
test_subclass_error in /home/kaiyaok2/PythonProjects/falcon/tests/test_error_handlers.py: 109.86612272262573
test_handle_not_defined in /home/kaiyaok2/PythonProjects/falcon/tests/test_error_handlers.py: 109.95641922950745
test_converted_error in /home/kaiyaok2/PythonProjects/falcon/tests/test_error_handlers.py: 110.03700065612793
test_error_precedence_subclass in /home/kaiyaok2/PythonProjects/falcon/tests/test_error_handlers.py: 110.11375093460083
test_uncaught_python_error in /home/kaiyaok2/PythonProjects/falcon/tests/test_error_handlers.py: 110.18904232978821
test_handler_multiple_exception_iterable in /home/kaiyaok2/PythonProjects/falcon/tests/test_error_handlers.py: 110.27696514129639
test_error_precedence_duplicate in /home/kaiyaok2/PythonProjects/falcon/tests/test_error_handlers.py: 110.3625750541687
test_uncaught_python_error in /home/kaiyaok2/PythonProjects/falcon/tests/test_error_handlers.py: 110.44447636604309
test_caught_error in /home/kaiyaok2/PythonProjects/falcon/tests/test_error_handlers.py: 110.53198027610779
test_invalid_add_exception_handler_input in /home/kaiyaok2/PythonProjects/falcon/tests/test_error_handlers.py: 110.61174011230469
test_uncaught_python_error in /home/kaiyaok2/PythonProjects/falcon/tests/test_error_handlers.py: 112.43011379241943
test_media_is_set in /home/kaiyaok2/PythonProjects/falcon/tests/test_error_handlers.py: 112.72179698944092
test_body_is_set in /home/kaiyaok2/PythonProjects/falcon/tests/test_error_handlers.py: 112.85836148262024
test_data_is_set in /home/kaiyaok2/PythonProjects/falcon/tests/test_error_handlers.py: 112.97502446174622
test_body_is_set in /home/kaiyaok2/PythonProjects/falcon/tests/test_httpstatus.py: 113.15697145462036
test_non_string_status in /home/kaiyaok2/PythonProjects/falcon/tests/test_httpstatus.py: 113.26178121566772
test_non_string_status in /home/kaiyaok2/PythonProjects/falcon/tests/test_httpstatus.py: 113.35378551483154
test_non_string_status in /home/kaiyaok2/PythonProjects/falcon/tests/test_httpstatus.py: 113.4568657875061
test_non_string_status in /home/kaiyaok2/PythonProjects/falcon/tests/test_httpstatus.py: 113.57771873474121
test_non_string_status in /home/kaiyaok2/PythonProjects/falcon/tests/test_httpstatus.py: 113.67896556854248
test_non_string_status in /home/kaiyaok2/PythonProjects/falcon/tests/test_httpstatus.py: 113.7645571231842
test_non_string_status in /home/kaiyaok2/PythonProjects/falcon/tests/test_httpstatus.py: 115.55851340293884
test_non_string_status in /home/kaiyaok2/PythonProjects/falcon/tests/test_httpstatus.py: 115.65564727783203
test_non_string_status in /home/kaiyaok2/PythonProjects/falcon/tests/test_httpstatus.py: 115.74802684783936
test_non_string_status in /home/kaiyaok2/PythonProjects/falcon/tests/test_httpstatus.py: 115.82397174835205
test_non_string_status in /home/kaiyaok2/PythonProjects/falcon/tests/test_httpstatus.py: 115.92037105560303
test_data_is_set in /home/kaiyaok2/PythonProjects/falcon/tests/test_httpstatus.py: 116.07009673118591
test_non_string_status in /home/kaiyaok2/PythonProjects/falcon/tests/test_httpstatus.py: 116.19879627227783
test_non_string_status in /home/kaiyaok2/PythonProjects/falcon/tests/test_httpstatus.py: 116.33266973495483
test_non_string_status in /home/kaiyaok2/PythonProjects/falcon/tests/test_httpstatus.py: 116.44413137435913
test_media_is_set in /home/kaiyaok2/PythonProjects/falcon/tests/test_httpstatus.py: 116.5391480922699
test_raise_status_in_before_hook in /home/kaiyaok2/PythonProjects/falcon/tests/test_httpstatus.py: 116.63467907905579
test_raise_status_empty_body in /home/kaiyaok2/PythonProjects/falcon/tests/test_httpstatus.py: 118.28699707984924
test_raise_status_in_responder in /home/kaiyaok2/PythonProjects/falcon/tests/test_httpstatus.py: 118.3707709312439
test_raise_status_survives_after_hooks in /home/kaiyaok2/PythonProjects/falcon/tests/test_httpstatus.py: 118.44870448112488
test_raise_status_runs_after_hooks in /home/kaiyaok2/PythonProjects/falcon/tests/test_httpstatus.py: 118.52444863319397
test_raise_status_in_process_resource in /home/kaiyaok2/PythonProjects/falcon/tests/test_httpstatus.py: 118.603271484375
test_raise_status_runs_process_response in /home/kaiyaok2/PythonProjects/falcon/tests/test_httpstatus.py: 118.68655920028687
test_raise_status_in_process_request in /home/kaiyaok2/PythonProjects/falcon/tests/test_httpstatus.py: 118.77695727348328
test_default_on_options in /home/kaiyaok2/PythonProjects/falcon/tests/test_http_method_routing.py: 124.17488956451416
test_post_not_allowed in /home/kaiyaok2/PythonProjects/falcon/tests/test_http_method_routing.py: 124.31495976448059
test_meta_and_others_disallowed in /home/kaiyaok2/PythonProjects/falcon/tests/test_http_method_routing.py: 124.42749094963074
test_methods_not_allowed_simple in /home/kaiyaok2/PythonProjects/falcon/tests/test_http_method_routing.py: 124.53540229797363
test_on_options in /home/kaiyaok2/PythonProjects/falcon/tests/test_http_method_routing.py: 124.6345705986023
test_meta_and_others_disallowed in /home/kaiyaok2/PythonProjects/falcon/tests/test_http_method_routing.py: 126.33930969238281
test_misc in /home/kaiyaok2/PythonProjects/falcon/tests/test_http_method_routing.py: 126.42048716545105
test_report in /home/kaiyaok2/PythonProjects/falcon/tests/test_http_method_routing.py: 126.51635408401489
test_get in /home/kaiyaok2/PythonProjects/falcon/tests/test_http_method_routing.py: 126.6190402507782
test_method_not_allowed_with_param in /home/kaiyaok2/PythonProjects/falcon/tests/test_http_method_routing.py: 126.71235203742981
test_put in /home/kaiyaok2/PythonProjects/falcon/tests/test_http_method_routing.py: 126.81977820396423
test_methods_not_allowed_complex in /home/kaiyaok2/PythonProjects/falcon/tests/test_http_method_routing.py: 126.9068055152893
test_cookie_expires_aware in /home/kaiyaok2/PythonProjects/falcon/tests/test_cookies.py: 127.08735489845276
test_cookies_setable in /home/kaiyaok2/PythonProjects/falcon/tests/test_cookies.py: 127.18852710723877
test_response_complex_case in /home/kaiyaok2/PythonProjects/falcon/tests/test_cookies.py: 127.29182839393616
test_response_disable_secure_globally in /home/kaiyaok2/PythonProjects/falcon/tests/test_cookies.py: 127.39785289764404
test_none_same_site_value in /home/kaiyaok2/PythonProjects/falcon/tests/test_cookies.py: 128.9948709011078
test_unset_cookies_samesite in /home/kaiyaok2/PythonProjects/falcon/tests/test_cookies.py: 129.0853397846222
test_cookie_timezone in /home/kaiyaok2/PythonProjects/falcon/tests/test_cookies.py: 129.19542002677917
test_cookie_expires_naive in /home/kaiyaok2/PythonProjects/falcon/tests/test_cookies.py: 129.28764033317566
test_cookie_max_age_float_and_string in /home/kaiyaok2/PythonProjects/falcon/tests/test_cookies.py: 129.40271067619324
test_unset_cookies in /home/kaiyaok2/PythonProjects/falcon/tests/test_cookies.py: 129.52861714363098
test_cookie_max_age_float_and_string in /home/kaiyaok2/PythonProjects/falcon/tests/test_cookies.py: 129.6530601978302
test_strict_same_site_value in /home/kaiyaok2/PythonProjects/falcon/tests/test_cookies.py: 129.75619196891785
test_lax_same_site_value in /home/kaiyaok2/PythonProjects/falcon/tests/test_cookies.py: 129.85855984687805
test_same_site_empty_string in /home/kaiyaok2/PythonProjects/falcon/tests/test_cookies.py: 131.42892003059387
test_response_base_case in /home/kaiyaok2/PythonProjects/falcon/tests/test_cookies.py: 131.52366089820862
test_response_unset_cookie in /home/kaiyaok2/PythonProjects/falcon/tests/test_cookies.py: 131.60788440704346
test_unsupported_response_content_type in /home/kaiyaok2/PythonProjects/falcon/tests/test_response_body.py: 131.68458604812622
test_content_length_set_on_head_with_no_body in /home/kaiyaok2/PythonProjects/falcon/tests/test_response_body.py: 131.77854084968567
test_response_body_rendition_error in /home/kaiyaok2/PythonProjects/falcon/tests/test_response_body.py: 131.86046981811523
test_epic_fail_json in /home/kaiyaok2/PythonProjects/falcon/tests/test_httperror.py: 145.04421377182007
test_forbidden in /home/kaiyaok2/PythonProjects/falcon/tests/test_httperror.py: 145.19967317581177
test_429_datetime in /home/kaiyaok2/PythonProjects/falcon/tests/test_httperror.py: 146.9972140789032
test_414_with_description in /home/kaiyaok2/PythonProjects/falcon/tests/test_httperror.py: 147.1509928703308
test_serialize_error_uses_media_handler in /home/kaiyaok2/PythonProjects/falcon/tests/test_httperror.py: 147.28971338272095
test_title_default_message_if_none in /home/kaiyaok2/PythonProjects/falcon/tests/test_httperror.py: 147.41623187065125
test_temporary_413_datetime_retry_after in /home/kaiyaok2/PythonProjects/falcon/tests/test_httperror.py: 147.53717350959778
test_forbidden in /home/kaiyaok2/PythonProjects/falcon/tests/test_httperror.py: 147.63966298103333
test_forbidden in /home/kaiyaok2/PythonProjects/falcon/tests/test_httperror.py: 147.75599765777588
test_epic_fail_xml in /home/kaiyaok2/PythonProjects/falcon/tests/test_httperror.py: 147.85401034355164
test_503_datetime_retry_after in /home/kaiyaok2/PythonProjects/falcon/tests/test_httperror.py: 150.20423364639282
test_no_description_json in /home/kaiyaok2/PythonProjects/falcon/tests/test_httperror.py: 150.36588191986084
test_416 in /home/kaiyaok2/PythonProjects/falcon/tests/test_httperror.py: 150.46714973449707
test_misc in /home/kaiyaok2/PythonProjects/falcon/tests/test_httperror.py: 150.58090686798096
test_404_with_body in /home/kaiyaok2/PythonProjects/falcon/tests/test_httperror.py: 150.67884421348572
test_429_no_retry_after in /home/kaiyaok2/PythonProjects/falcon/tests/test_httperror.py: 150.7716293334961
test_custom_error_serializer_optional_representation in /home/kaiyaok2/PythonProjects/falcon/tests/test_httperror.py: 150.922705411911
test_invalid_param in /home/kaiyaok2/PythonProjects/falcon/tests/test_httperror.py: 151.04582142829895
test_custom_serializer_no_representation in /home/kaiyaok2/PythonProjects/falcon/tests/test_httperror.py: 152.70882940292358
test_title_default_message_if_none in /home/kaiyaok2/PythonProjects/falcon/tests/test_httperror.py: 152.81132435798645
test_414_with_title in /home/kaiyaok2/PythonProjects/falcon/tests/test_httperror.py: 152.91428017616272
test_epic_fail_xml in /home/kaiyaok2/PythonProjects/falcon/tests/test_httperror.py: 153.0046582221985
test_custom_error_serializer_optional_representation in /home/kaiyaok2/PythonProjects/falcon/tests/test_httperror.py: 153.1031322479248
test_410_without_body in /home/kaiyaok2/PythonProjects/falcon/tests/test_httperror.py: 153.19781184196472
test_custom_error_serializer_optional_representation in /home/kaiyaok2/PythonProjects/falcon/tests/test_httperror.py: 153.30325484275818
test_title_default_message_if_none in /home/kaiyaok2/PythonProjects/falcon/tests/test_httperror.py: 153.41516733169556
test_base_class in /home/kaiyaok2/PythonProjects/falcon/tests/test_httperror.py: 155.37174105644226
test_413 in /home/kaiyaok2/PythonProjects/falcon/tests/test_httperror.py: 155.47278547286987
test_temporary_413_integer_retry_after in /home/kaiyaok2/PythonProjects/falcon/tests/test_httperror.py: 155.59087109565735
test_411 in /home/kaiyaok2/PythonProjects/falcon/tests/test_httperror.py: 155.7182159423828
test_405_without_body_with_extra_headers in /home/kaiyaok2/PythonProjects/falcon/tests/test_httperror.py: 155.8519368171692
test_401 in /home/kaiyaok2/PythonProjects/falcon/tests/test_httperror.py: 155.9645357131958
test_title_default_message_if_none in /home/kaiyaok2/PythonProjects/falcon/tests/test_httperror.py: 156.08415055274963
test_404_without_body in /home/kaiyaok2/PythonProjects/falcon/tests/test_httperror.py: 156.18467235565186
test_serialize_no_json_media_handler in /home/kaiyaok2/PythonProjects/falcon/tests/test_httperror.py: 158.4208152294159
test_epic_fail_xml in /home/kaiyaok2/PythonProjects/falcon/tests/test_httperror.py: 158.61083698272705
test_client_does_not_accept_json_or_xml in /home/kaiyaok2/PythonProjects/falcon/tests/test_httperror.py: 158.78794050216675
test_414 in /home/kaiyaok2/PythonProjects/falcon/tests/test_httperror.py: 158.98182082176208
test_no_description_xml in /home/kaiyaok2/PythonProjects/falcon/tests/test_httperror.py: 159.10736393928528
test_unicode_json in /home/kaiyaok2/PythonProjects/falcon/tests/test_httperror.py: 159.21652126312256
test_unicode_xml in /home/kaiyaok2/PythonProjects/falcon/tests/test_httperror.py: 159.35014390945435
test_title_default_message_if_none in /home/kaiyaok2/PythonProjects/falcon/tests/test_httperror.py: 159.4633331298828
test_405_without_body_with_extra_headers_double_check in /home/kaiyaok2/PythonProjects/falcon/tests/test_httperror.py: 161.1166582107544
test_405_without_body in /home/kaiyaok2/PythonProjects/falcon/tests/test_httperror.py: 161.24976754188538
test_invalid_header in /home/kaiyaok2/PythonProjects/falcon/tests/test_httperror.py: 161.3497977256775
test_405_with_body in /home/kaiyaok2/PythonProjects/falcon/tests/test_httperror.py: 161.4562120437622
test_title_default_message_if_none in /home/kaiyaok2/PythonProjects/falcon/tests/test_httperror.py: 161.5505177974701
test_429 in /home/kaiyaok2/PythonProjects/falcon/tests/test_httperror.py: 161.66064643859863
test_custom_error_serializer in /home/kaiyaok2/PythonProjects/falcon/tests/test_httperror.py: 161.76899075508118
test_503_integer_retry_after in /home/kaiyaok2/PythonProjects/falcon/tests/test_httperror.py: 161.8711802959442
test_414_with_custom_kwargs in /home/kaiyaok2/PythonProjects/falcon/tests/test_httperror.py: 163.5611605644226
test_missing_header in /home/kaiyaok2/PythonProjects/falcon/tests/test_httperror.py: 163.66127157211304
test_410_with_body in /home/kaiyaok2/PythonProjects/falcon/tests/test_httperror.py: 163.79512929916382
test_client_does_not_accept_anything in /home/kaiyaok2/PythonProjects/falcon/tests/test_httperror.py: 163.89446091651917
test_missing_param in /home/kaiyaok2/PythonProjects/falcon/tests/test_httperror.py: 163.99604153633118
test_custom_error_serializer_optional_representation in /home/kaiyaok2/PythonProjects/falcon/tests/test_httperror.py: 164.1215603351593
test_epic_fail_xml in /home/kaiyaok2/PythonProjects/falcon/tests/test_httperror.py: 164.21739435195923
test_order_independent_mw_executed_when_exception_in_req in /home/kaiyaok2/PythonProjects/falcon/tests/test_middleware.py: 185.1695704460144
test_generate_trans_id_and_time_with_request in /home/kaiyaok2/PythonProjects/falcon/tests/test_middleware.py: 187.79850602149963
test_inner_mw_throw_exception_while_processing_resp in /home/kaiyaok2/PythonProjects/falcon/tests/test_middleware.py: 187.90913915634155
test_order_mw_executed_when_exception_in_resp in /home/kaiyaok2/PythonProjects/falcon/tests/test_middleware.py: 188.00704312324524
test_order_independent_mw_executed_when_exception_in_resp in /home/kaiyaok2/PythonProjects/falcon/tests/test_middleware.py: 188.0897605419159
test_inner_mw_with_ex_handler_throw_exception in /home/kaiyaok2/PythonProjects/falcon/tests/test_middleware.py: 188.20828413963318
test_order_mw_executed_when_exception_in_req in /home/kaiyaok2/PythonProjects/falcon/tests/test_middleware.py: 188.29478335380554
test_legacy_middleware_called_with_correct_args in /home/kaiyaok2/PythonProjects/falcon/tests/test_middleware.py: 188.3884470462799
test_order_independent_mw_executed_when_exception_in_rsrc in /home/kaiyaok2/PythonProjects/falcon/tests/test_middleware.py: 188.499449968338
test_independent_middleware_execution_order in /home/kaiyaok2/PythonProjects/falcon/tests/test_middleware.py: 188.58205008506775
test_order_mw_executed_when_exception_in_rsrc in /home/kaiyaok2/PythonProjects/falcon/tests/test_middleware.py: 188.70800948143005
test_middleware_execution_order in /home/kaiyaok2/PythonProjects/falcon/tests/test_middleware.py: 190.41328167915344
test_multiple_response_mw_throw_exception in /home/kaiyaok2/PythonProjects/falcon/tests/test_middleware.py: 190.50013399124146
test_outer_mw_with_ex_handler_throw_exception in /home/kaiyaok2/PythonProjects/falcon/tests/test_middleware.py: 190.58486819267273
test_generate_trans_id_and_time_with_request in /home/kaiyaok2/PythonProjects/falcon/tests/test_middleware.py: 190.66483807563782
test_inner_mw_throw_exception in /home/kaiyaok2/PythonProjects/falcon/tests/test_middleware.py: 190.79165530204773
test_api_initialization_with_cors_enabled_and_middleware_param in /home/kaiyaok2/PythonProjects/falcon/tests/test_middleware.py: 190.87515687942505
test_api_initialization_with_cors_enabled_and_middleware_param in /home/kaiyaok2/PythonProjects/falcon/tests/test_middleware.py: 190.9668323993683
test_api_initialization_with_cors_enabled_and_middleware_param in /home/kaiyaok2/PythonProjects/falcon/tests/test_middleware.py: 191.0727937221527
test_api_initialization_with_cors_enabled_and_middleware_param in /home/kaiyaok2/PythonProjects/falcon/tests/test_middleware.py: 191.16456079483032
test_generate_trans_id_with_request in /home/kaiyaok2/PythonProjects/falcon/tests/test_middleware.py: 192.93928813934326
test_dont_need_params_in_signature in /home/kaiyaok2/PythonProjects/falcon/tests/test_middleware.py: 193.02981042861938
test_base_path_is_removed_before_routing in /home/kaiyaok2/PythonProjects/falcon/tests/test_middleware.py: 193.11140727996826
test_can_access_resource_params in /home/kaiyaok2/PythonProjects/falcon/tests/test_middleware.py: 193.20631527900696
test_can_access_resource_params in /home/kaiyaok2/PythonProjects/falcon/tests/test_middleware.py: 193.28291773796082
test_log_get_request in /home/kaiyaok2/PythonProjects/falcon/tests/test_middleware.py: 193.38180327415466
test_skip_process_resource in /home/kaiyaok2/PythonProjects/falcon/tests/test_middleware.py: 193.48935341835022
test_log_get_request in /home/kaiyaok2/PythonProjects/falcon/tests/test_middleware.py: 193.58467507362366
test_response_middleware_raises_exception in /home/kaiyaok2/PythonProjects/falcon/tests/test_middleware.py: 193.66750955581665
test_error_composed_before_resp_middleware_called in /home/kaiyaok2/PythonProjects/falcon/tests/test_middleware.py: 193.80722570419312
test_http_status_raised_from_error_handler in /home/kaiyaok2/PythonProjects/falcon/tests/test_middleware.py: 193.89986443519592
test_process_request_cached in /home/kaiyaok2/PythonProjects/falcon/tests/test_middleware.py: 196.41967821121216
test_process_resource_cached in /home/kaiyaok2/PythonProjects/falcon/tests/test_middleware.py: 196.61498141288757
test_process_request_not_cached in /home/kaiyaok2/PythonProjects/falcon/tests/test_middleware.py: 196.74480509757996
test_process_request_cached in /home/kaiyaok2/PythonProjects/falcon/tests/test_middleware.py: 196.85265398025513
test_process_resource_cached in /home/kaiyaok2/PythonProjects/falcon/tests/test_middleware.py: 196.94505381584167
test_unicode_headers_contain_non_ascii in /home/kaiyaok2/PythonProjects/falcon/tests/test_headers.py: 202.94567227363586
test_content_disposition_attachment_header in /home/kaiyaok2/PythonProjects/falcon/tests/test_headers.py: 203.06238436698914
test_append_link_crossorigin in /home/kaiyaok2/PythonProjects/falcon/tests/test_headers.py: 203.21514987945557
test_unicode_headers_contain_non_ascii in /home/kaiyaok2/PythonProjects/falcon/tests/test_headers.py: 203.31559348106384
test_headers_as_list in /home/kaiyaok2/PythonProjects/falcon/tests/test_headers.py: 205.64028692245483
test_vary_header in /home/kaiyaok2/PythonProjects/falcon/tests/test_headers.py: 205.7799789905548
test_declared_content_length_overridden_by_no_body in /home/kaiyaok2/PythonProjects/falcon/tests/test_headers.py: 205.87856769561768
test_no_content_type in /home/kaiyaok2/PythonProjects/falcon/tests/test_headers.py: 205.98828554153442
test_content_type_no_body in /home/kaiyaok2/PythonProjects/falcon/tests/test_headers.py: 206.085387468338
test_content_disposition_attachment_header in /home/kaiyaok2/PythonProjects/falcon/tests/test_headers.py: 206.20664072036743
test_default_media_type in /home/kaiyaok2/PythonProjects/falcon/tests/test_headers.py: 206.37703275680542
test_override_default_media_type in /home/kaiyaok2/PythonProjects/falcon/tests/test_headers.py: 206.56217241287231
test_append_link_single in /home/kaiyaok2/PythonProjects/falcon/tests/test_headers.py: 208.47029781341553
test_append_link_crossorigin in /home/kaiyaok2/PythonProjects/falcon/tests/test_headers.py: 208.67540407180786
test_append_link_crossorigin in /home/kaiyaok2/PythonProjects/falcon/tests/test_headers.py: 208.84695863723755
test_content_disposition_attachment_header in /home/kaiyaok2/PythonProjects/falcon/tests/test_headers.py: 208.98961400985718
test_vary_header in /home/kaiyaok2/PythonProjects/falcon/tests/test_headers.py: 209.11993098258972
test_response_set_and_get_header in /home/kaiyaok2/PythonProjects/falcon/tests/test_headers.py: 209.2416582107544
test_expires_header in /home/kaiyaok2/PythonProjects/falcon/tests/test_headers.py: 209.35350799560547
test_unset_header in /home/kaiyaok2/PythonProjects/falcon/tests/test_headers.py: 209.47802114486694
test_no_content_length in /home/kaiyaok2/PythonProjects/falcon/tests/test_headers.py: 211.18397426605225
test_append_link_with_title in /home/kaiyaok2/PythonProjects/falcon/tests/test_headers.py: 211.31549286842346
test_append_link_crossorigin in /home/kaiyaok2/PythonProjects/falcon/tests/test_headers.py: 211.4536464214325
test_unicode_headers_contain_non_ascii in /home/kaiyaok2/PythonProjects/falcon/tests/test_headers.py: 211.57580709457397
test_response_header_helpers_on_get in /home/kaiyaok2/PythonProjects/falcon/tests/test_headers.py: 211.70431208610535
test_append_link_with_hreflang in /home/kaiyaok2/PythonProjects/falcon/tests/test_headers.py: 211.86029243469238
test_passthrough_request_headers in /home/kaiyaok2/PythonProjects/falcon/tests/test_headers.py: 211.96187949180603
test_append_link_with_type_hint in /home/kaiyaok2/PythonProjects/falcon/tests/test_headers.py: 214.37743473052979
test_headers_with_custom_class_not_callable in /home/kaiyaok2/PythonProjects/falcon/tests/test_headers.py: 214.4989354610443
test_get_header_as_int in /home/kaiyaok2/PythonProjects/falcon/tests/test_headers.py: 214.60847759246826
test_unicode_location_headers in /home/kaiyaok2/PythonProjects/falcon/tests/test_headers.py: 214.70506286621094
test_content_length in /home/kaiyaok2/PythonProjects/falcon/tests/test_headers.py: 214.82406783103943
test_append_link_crossorigin in /home/kaiyaok2/PythonProjects/falcon/tests/test_headers.py: 214.96301817893982
test_content_disposition_attachment_header in /home/kaiyaok2/PythonProjects/falcon/tests/test_headers.py: 215.07512784004211
test_append_link_complex in /home/kaiyaok2/PythonProjects/falcon/tests/test_headers.py: 215.19808435440063
test_vary_star in /home/kaiyaok2/PythonProjects/falcon/tests/test_headers.py: 217.2503592967987
test_declared_content_length_overriden_by_data_length in /home/kaiyaok2/PythonProjects/falcon/tests/test_headers.py: 217.37388014793396
test_request_latin1_headers in /home/kaiyaok2/PythonProjects/falcon/tests/test_headers.py: 217.48728847503662
test_no_content_length in /home/kaiyaok2/PythonProjects/falcon/tests/test_headers.py: 217.6107361316681
test_custom_content_type in /home/kaiyaok2/PythonProjects/falcon/tests/test_headers.py: 217.7318994998932
test_append_link_multiple in /home/kaiyaok2/PythonProjects/falcon/tests/test_headers.py: 217.86535549163818
test_content_disposition_attachment_header in /home/kaiyaok2/PythonProjects/falcon/tests/test_headers.py: 217.97582745552063
test_set_headers_with_custom_class in /home/kaiyaok2/PythonProjects/falcon/tests/test_headers.py: 218.11249709129333
test_no_content_type in /home/kaiyaok2/PythonProjects/falcon/tests/test_headers.py: 220.05547499656677
test_declared_content_length_on_head in /home/kaiyaok2/PythonProjects/falcon/tests/test_headers.py: 220.16538262367249
test_override_default_media_type in /home/kaiyaok2/PythonProjects/falcon/tests/test_headers.py: 220.29113173484802
test_default_value in /home/kaiyaok2/PythonProjects/falcon/tests/test_headers.py: 220.41373491287231
test_content_disposition_attachment_header in /home/kaiyaok2/PythonProjects/falcon/tests/test_headers.py: 220.52497506141663
test_request_multiple_header in /home/kaiyaok2/PythonProjects/falcon/tests/test_headers.py: 220.62238883972168
test_unicode_headers_contain_only_ascii in /home/kaiyaok2/PythonProjects/falcon/tests/test_headers.py: 220.7196762561798
test_append_link_with_anchor in /home/kaiyaok2/PythonProjects/falcon/tests/test_headers.py: 222.4990634918213
test_content_disposition_attachment_header in /home/kaiyaok2/PythonProjects/falcon/tests/test_headers.py: 222.60391545295715
test_unset_header in /home/kaiyaok2/PythonProjects/falcon/tests/test_headers.py: 222.71270775794983
test_append_link_crossorigin in /home/kaiyaok2/PythonProjects/falcon/tests/test_headers.py: 222.94087648391724
test_content_disposition_attachment_header in /home/kaiyaok2/PythonProjects/falcon/tests/test_headers.py: 223.11471557617188
test_append_link_with_link_extension in /home/kaiyaok2/PythonProjects/falcon/tests/test_headers.py: 223.35964393615723
test_content_disposition_inline_header in /home/kaiyaok2/PythonProjects/falcon/tests/test_headers.py: 223.5761730670929
test_append_link_with_hreflang_multi in /home/kaiyaok2/PythonProjects/falcon/tests/test_headers.py: 223.80701303482056
test_override_default_media_type_missing_encoding in /home/kaiyaok2/PythonProjects/falcon/tests/test_headers.py: 225.64084148406982
test_content_disposition_inline_header in /home/kaiyaok2/PythonProjects/falcon/tests/test_headers.py: 225.82077479362488
test_response_append_header in /home/kaiyaok2/PythonProjects/falcon/tests/test_headers.py: 225.94680285453796
test_unicode_headers_contain_non_ascii in /home/kaiyaok2/PythonProjects/falcon/tests/test_headers.py: 226.0663878917694
test_declared_content_length_overriden_by_body_length in /home/kaiyaok2/PythonProjects/falcon/tests/test_headers.py: 226.17546677589417
test_content_disposition_inline_header in /home/kaiyaok2/PythonProjects/falcon/tests/test_headers.py: 226.276047706604
test_required_header in /home/kaiyaok2/PythonProjects/falcon/tests/test_headers.py: 226.37084364891052
test_append_link_with_title_star in /home/kaiyaok2/PythonProjects/falcon/tests/test_headers.py: 226.49087285995483
test_http_methods_body_expected in /home/kaiyaok2/PythonProjects/falcon/tests/test_query_params.py: 228.34699082374573
test_explicitly_disable_auto_parse in /home/kaiyaok2/PythonProjects/falcon/tests/test_query_params.py: 228.46316838264465
test_asgi_raises_error in /home/kaiyaok2/PythonProjects/falcon/tests/test_query_params.py: 228.57905411720276
test_http_methods_body_not_expected in /home/kaiyaok2/PythonProjects/falcon/tests/test_query_params.py: 228.69081115722656
test_http_methods_body_not_expected in /home/kaiyaok2/PythonProjects/falcon/tests/test_query_params.py: 228.82625436782837
test_empty_body in /home/kaiyaok2/PythonProjects/falcon/tests/test_query_params.py: 229.0216383934021
test_http_methods_body_expected in /home/kaiyaok2/PythonProjects/falcon/tests/test_query_params.py: 229.19793605804443
test_empty_body_no_content_length in /home/kaiyaok2/PythonProjects/falcon/tests/test_query_params.py: 231.2988998889923
test_http_methods_body_expected in /home/kaiyaok2/PythonProjects/falcon/tests/test_query_params.py: 231.52976036071777
test_http_methods_body_expected in /home/kaiyaok2/PythonProjects/falcon/tests/test_query_params.py: 231.73505544662476
test_non_ascii in /home/kaiyaok2/PythonProjects/falcon/tests/test_query_params.py: 231.94800853729248
test_http_methods_body_expected in /home/kaiyaok2/PythonProjects/falcon/tests/test_query_params.py: 232.15772318840027
test_dont_auto_parse_by_default in /home/kaiyaok2/PythonProjects/falcon/tests/test_query_params.py: 232.32603931427002
test_blank in /home/kaiyaok2/PythonProjects/falcon/tests/test_query_params.py: 234.1422529220581
test_get_param_as_json_handler_json in /home/kaiyaok2/PythonProjects/falcon/tests/test_query_params.py: 234.26838207244873
test_list_transformer in /home/kaiyaok2/PythonProjects/falcon/tests/test_query_params.py: 234.41219973564148
test_option_auto_parse_qs_csv_multiple_fields_true in /home/kaiyaok2/PythonProjects/falcon/tests/test_query_params.py: 234.54013466835022
test_get_dict_store in /home/kaiyaok2/PythonProjects/falcon/tests/test_query_params.py: 234.654723405838
test_int in /home/kaiyaok2/PythonProjects/falcon/tests/test_query_params.py: 234.7758674621582
test_required in /home/kaiyaok2/PythonProjects/falcon/tests/test_query_params.py: 236.51722693443298
test_multiple_form_keys_as_list in /home/kaiyaok2/PythonProjects/falcon/tests/test_query_params.py: 236.63917922973633
test_get_datetime_missing_param in /home/kaiyaok2/PythonProjects/falcon/tests/test_query_params.py: 236.76412749290466
test_allowed_names in /home/kaiyaok2/PythonProjects/falcon/tests/test_query_params.py: 236.89699816703796
test_get_dict_missing_param in /home/kaiyaok2/PythonProjects/falcon/tests/test_query_params.py: 237.0197892189026
test_float_neg in /home/kaiyaok2/PythonProjects/falcon/tests/test_query_params.py: 237.12989139556885
test_get_datetime_invalid in /home/kaiyaok2/PythonProjects/falcon/tests/test_query_params.py: 237.2480983734131
test_has_param in /home/kaiyaok2/PythonProjects/falcon/tests/test_query_params.py: 237.35375142097473
test_get_dict_valid in /home/kaiyaok2/PythonProjects/falcon/tests/test_query_params.py: 239.07187008857727
test_required in /home/kaiyaok2/PythonProjects/falcon/tests/test_query_params.py: 239.18736124038696
test_option_auto_parse_qs_csv_simple_false in /home/kaiyaok2/PythonProjects/falcon/tests/test_query_params.py: 239.3230860233307
test_list_type in /home/kaiyaok2/PythonProjects/falcon/tests/test_query_params.py: 239.43461084365845
test_get_datetime_store in /home/kaiyaok2/PythonProjects/falcon/tests/test_query_params.py: 239.5859100818634
test_simple in /home/kaiyaok2/PythonProjects/falcon/tests/test_query_params.py: 239.69833946228027
test_multiple_form_keys in /home/kaiyaok2/PythonProjects/falcon/tests/test_query_params.py: 239.82495188713074
test_option_auto_parse_qs_csv_multiple_fields_true in /home/kaiyaok2/PythonProjects/falcon/tests/test_query_params.py: 239.9808189868927
test_get_date_valid in /home/kaiyaok2/PythonProjects/falcon/tests/test_query_params.py: 242.64092135429382
test_multiple_form_keys_as_list in /home/kaiyaok2/PythonProjects/falcon/tests/test_query_params.py: 242.7914264202118
test_default_auto_parse_csv_behaviour in /home/kaiyaok2/PythonProjects/falcon/tests/test_query_params.py: 242.9639494419098
test_boolean_blank in /home/kaiyaok2/PythonProjects/falcon/tests/test_query_params.py: 243.09921383857727
test_required in /home/kaiyaok2/PythonProjects/falcon/tests/test_query_params.py: 243.2338354587555
test_get_datetime_missing_param in /home/kaiyaok2/PythonProjects/falcon/tests/test_query_params.py: 243.353013753891
test_option_auto_parse_qs_csv_simple_false in /home/kaiyaok2/PythonProjects/falcon/tests/test_query_params.py: 245.13265752792358
test_option_auto_parse_qs_csv_simple_true in /home/kaiyaok2/PythonProjects/falcon/tests/test_query_params.py: 245.25682878494263
test_option_auto_parse_qs_csv_multiple_fields_true in /home/kaiyaok2/PythonProjects/falcon/tests/test_query_params.py: 245.36883163452148
test_option_auto_parse_qs_csv_multiple_fields_true in /home/kaiyaok2/PythonProjects/falcon/tests/test_query_params.py: 245.48704075813293
test_option_auto_parse_qs_csv_multiple_fields_false in /home/kaiyaok2/PythonProjects/falcon/tests/test_query_params.py: 245.59254097938538
test_boolean_blank in /home/kaiyaok2/PythonProjects/falcon/tests/test_query_params.py: 245.70552325248718
test_uuid in /home/kaiyaok2/PythonProjects/falcon/tests/test_query_params.py: 245.86254954338074
test_get_dict_store in /home/kaiyaok2/PythonProjects/falcon/tests/test_query_params.py: 245.97187423706055
test_option_auto_parse_qs_csv_multiple_fields_true in /home/kaiyaok2/PythonProjects/falcon/tests/test_query_params.py: 247.72730207443237
test_list_transformer in /home/kaiyaok2/PythonProjects/falcon/tests/test_query_params.py: 247.84410858154297
test_option_auto_parse_qs_csv_multiple_fields_false in /home/kaiyaok2/PythonProjects/falcon/tests/test_query_params.py: 247.9597668647766
test_multiple_keys_as_float in /home/kaiyaok2/PythonProjects/falcon/tests/test_query_params.py: 248.0890097618103
test_get_date_valid_with_format in /home/kaiyaok2/PythonProjects/falcon/tests/test_query_params.py: 248.2045133113861
test_get_date_invalid in /home/kaiyaok2/PythonProjects/falcon/tests/test_query_params.py: 248.3183877468109
test_option_auto_parse_qs_csv_multiple_fields_true in /home/kaiyaok2/PythonProjects/falcon/tests/test_query_params.py: 248.44482493400574
test_multiple_form_keys in /home/kaiyaok2/PythonProjects/falcon/tests/test_query_params.py: 251.01728177070618
test_get_date_store in /home/kaiyaok2/PythonProjects/falcon/tests/test_query_params.py: 251.21711611747742
test_multiple_keys_as_bool in /home/kaiyaok2/PythonProjects/falcon/tests/test_query_params.py: 251.38114643096924
test_required in /home/kaiyaok2/PythonProjects/falcon/tests/test_query_params.py: 251.49830746650696
test_required in /home/kaiyaok2/PythonProjects/falcon/tests/test_query_params.py: 251.62499523162842
test_option_auto_parse_qs_csv_multiple_fields_true in /home/kaiyaok2/PythonProjects/falcon/tests/test_query_params.py: 251.738543510437
test_required in /home/kaiyaok2/PythonProjects/falcon/tests/test_query_params.py: 251.863183259964
test_param_property in /home/kaiyaok2/PythonProjects/falcon/tests/test_query_params.py: 251.97216153144836
test_get_dict_valid in /home/kaiyaok2/PythonProjects/falcon/tests/test_query_params.py: 253.97823524475098
test_param_property in /home/kaiyaok2/PythonProjects/falcon/tests/test_query_params.py: 254.09983444213867
test_default_auto_parse_csv_behaviour in /home/kaiyaok2/PythonProjects/falcon/tests/test_query_params.py: 254.21712589263916
test_get_date_store in /home/kaiyaok2/PythonProjects/falcon/tests/test_query_params.py: 254.35202383995056
test_option_auto_parse_qs_csv_multiple_fields_true in /home/kaiyaok2/PythonProjects/falcon/tests/test_query_params.py: 254.47998714447021
test_percent_encoded in /home/kaiyaok2/PythonProjects/falcon/tests/test_query_params.py: 254.58726358413696
test_get_date_missing_param in /home/kaiyaok2/PythonProjects/falcon/tests/test_query_params.py: 254.7035539150238
test_allowed_names in /home/kaiyaok2/PythonProjects/falcon/tests/test_query_params.py: 256.49448800086975
test_required in /home/kaiyaok2/PythonProjects/falcon/tests/test_query_params.py: 256.64466547966003
test_option_auto_parse_qs_csv_multiple_fields_true in /home/kaiyaok2/PythonProjects/falcon/tests/test_query_params.py: 256.7570297718048
test_option_auto_parse_qs_csv_multiple_fields_true in /home/kaiyaok2/PythonProjects/falcon/tests/test_query_params.py: 256.88832449913025
test_list_type_blank in /home/kaiyaok2/PythonProjects/falcon/tests/test_query_params.py: 257.0049819946289
test_option_auto_parse_qs_csv_multiple_fields_true in /home/kaiyaok2/PythonProjects/falcon/tests/test_query_params.py: 257.12847900390625
test_option_auto_parse_qs_csv_complex_false in /home/kaiyaok2/PythonProjects/falcon/tests/test_query_params.py: 257.2376239299774
test_float_neg in /home/kaiyaok2/PythonProjects/falcon/tests/test_query_params.py: 259.07133054733276
test_none in /home/kaiyaok2/PythonProjects/falcon/tests/test_query_params.py: 259.2370524406433
test_option_auto_parse_qs_csv_multiple_fields_true in /home/kaiyaok2/PythonProjects/falcon/tests/test_query_params.py: 259.36872005462646
test_bad_percentage in /home/kaiyaok2/PythonProjects/falcon/tests/test_query_params.py: 259.4872934818268
test_get_datetime_valid_with_format in /home/kaiyaok2/PythonProjects/falcon/tests/test_query_params.py: 259.6397190093994
test_required in /home/kaiyaok2/PythonProjects/falcon/tests/test_query_params.py: 259.86069202423096
test_get_param_as_json_no_handler_json in /home/kaiyaok2/PythonProjects/falcon/tests/test_query_params.py: 260.08750319480896
test_uuid in /home/kaiyaok2/PythonProjects/falcon/tests/test_query_params.py: 262.20330142974854
test_multiple_keys_as_bool in /home/kaiyaok2/PythonProjects/falcon/tests/test_query_params.py: 262.31317710876465
test_option_auto_parse_qs_csv_multiple_fields_true in /home/kaiyaok2/PythonProjects/falcon/tests/test_query_params.py: 262.4284179210663
test_option_auto_parse_qs_csv_multiple_fields_true in /home/kaiyaok2/PythonProjects/falcon/tests/test_query_params.py: 262.54181122779846
test_required in /home/kaiyaok2/PythonProjects/falcon/tests/test_query_params.py: 262.7248134613037
test_percent_encoded in /home/kaiyaok2/PythonProjects/falcon/tests/test_query_params.py: 262.9153878688812
test_simple in /home/kaiyaok2/PythonProjects/falcon/tests/test_query_params.py: 263.0817804336548
test_multiple_keys_as_int in /home/kaiyaok2/PythonProjects/falcon/tests/test_query_params.py: 263.23766803741455
test_blank in /home/kaiyaok2/PythonProjects/falcon/tests/test_query_params.py: 265.1461102962494
test_list_type in /home/kaiyaok2/PythonProjects/falcon/tests/test_query_params.py: 265.2980556488037
test_default in /home/kaiyaok2/PythonProjects/falcon/tests/test_query_params.py: 265.43147587776184
test_get_dict_invalid in /home/kaiyaok2/PythonProjects/falcon/tests/test_query_params.py: 265.55040168762207
test_required in /home/kaiyaok2/PythonProjects/falcon/tests/test_query_params.py: 265.6770017147064
test_float in /home/kaiyaok2/PythonProjects/falcon/tests/test_query_params.py: 265.8029754161835
test_boolean in /home/kaiyaok2/PythonProjects/falcon/tests/test_query_params.py: 265.908816576004
test_int in /home/kaiyaok2/PythonProjects/falcon/tests/test_query_params.py: 267.68468022346497
test_get_date_missing_param in /home/kaiyaok2/PythonProjects/falcon/tests/test_query_params.py: 267.7923333644867
test_multiple_keys_as_float in /home/kaiyaok2/PythonProjects/falcon/tests/test_query_params.py: 267.8990545272827
test_int_neg in /home/kaiyaok2/PythonProjects/falcon/tests/test_query_params.py: 268.0162615776062
test_get_datetime_invalid in /home/kaiyaok2/PythonProjects/falcon/tests/test_query_params.py: 268.1967260837555
test_get_date_invalid in /home/kaiyaok2/PythonProjects/falcon/tests/test_query_params.py: 268.31231021881104
test_get_datetime_store in /home/kaiyaok2/PythonProjects/falcon/tests/test_query_params.py: 268.44160890579224
test_get_datetime_valid_with_format in /home/kaiyaok2/PythonProjects/falcon/tests/test_query_params.py: 270.8318452835083
test_get_date_valid in /home/kaiyaok2/PythonProjects/falcon/tests/test_query_params.py: 270.98758006095886
test_int_neg in /home/kaiyaok2/PythonProjects/falcon/tests/test_query_params.py: 271.1105704307556
test_required in /home/kaiyaok2/PythonProjects/falcon/tests/test_query_params.py: 271.23403310775757
test_get_datetime_valid in /home/kaiyaok2/PythonProjects/falcon/tests/test_query_params.py: 271.3372826576233
test_option_auto_parse_qs_csv_multiple_fields_true in /home/kaiyaok2/PythonProjects/falcon/tests/test_query_params.py: 271.44208812713623
test_has_param in /home/kaiyaok2/PythonProjects/falcon/tests/test_query_params.py: 271.5471923351288
test_option_auto_parse_qs_csv_simple_true in /home/kaiyaok2/PythonProjects/falcon/tests/test_query_params.py: 273.5645842552185
test_default in /home/kaiyaok2/PythonProjects/falcon/tests/test_query_params.py: 273.6929578781128
test_get_dict_missing_param in /home/kaiyaok2/PythonProjects/falcon/tests/test_query_params.py: 273.81615686416626
test_list_type_blank in /home/kaiyaok2/PythonProjects/falcon/tests/test_query_params.py: 273.9584286212921
test_get_date_valid_with_format in /home/kaiyaok2/PythonProjects/falcon/tests/test_query_params.py: 274.0714371204376
test_option_auto_parse_qs_csv_multiple_fields_true in /home/kaiyaok2/PythonProjects/falcon/tests/test_query_params.py: 274.1872012615204
test_none in /home/kaiyaok2/PythonProjects/falcon/tests/test_query_params.py: 274.33713269233704
test_option_auto_parse_qs_csv_multiple_fields_true in /home/kaiyaok2/PythonProjects/falcon/tests/test_query_params.py: 274.468861579895
test_option_auto_parse_qs_csv_multiple_fields_true in /home/kaiyaok2/PythonProjects/falcon/tests/test_query_params.py: 276.3069064617157
test_required in /home/kaiyaok2/PythonProjects/falcon/tests/test_query_params.py: 276.44641375541687
test_option_auto_parse_qs_csv_complex_false in /home/kaiyaok2/PythonProjects/falcon/tests/test_query_params.py: 276.571302652359
test_get_dict_invalid in /home/kaiyaok2/PythonProjects/falcon/tests/test_query_params.py: 276.68636894226074
test_bad_percentage in /home/kaiyaok2/PythonProjects/falcon/tests/test_query_params.py: 276.826119184494
test_multiple_keys_as_int in /home/kaiyaok2/PythonProjects/falcon/tests/test_query_params.py: 276.9475164413452
test_get_datetime_valid in /home/kaiyaok2/PythonProjects/falcon/tests/test_query_params.py: 277.0600469112396
test_float in /home/kaiyaok2/PythonProjects/falcon/tests/test_query_params.py: 279.40250635147095
test_boolean in /home/kaiyaok2/PythonProjects/falcon/tests/test_query_params.py: 279.5858585834503
test_disabled_cors_should_not_add_any_extra_headers in /home/kaiyaok2/PythonProjects/falcon/tests/test_cors_middleware.py: 279.7111406326294
test_enabled_cors_should_accept_all_origins_requests in /home/kaiyaok2/PythonProjects/falcon/tests/test_cors_middleware.py: 279.7913739681244
test_enabled_cors_should_add_extra_headers_on_response in /home/kaiyaok2/PythonProjects/falcon/tests/test_cors_middleware.py: 279.86819672584534
test_enabled_cors_handles_preflighting in /home/kaiyaok2/PythonProjects/falcon/tests/test_cors_middleware.py: 279.9500501155853
test_enabled_cors_handles_preflighting_no_headers_in_req in /home/kaiyaok2/PythonProjects/falcon/tests/test_cors_middleware.py: 280.03272795677185
test_enabled_cors_no_origin in /home/kaiyaok2/PythonProjects/falcon/tests/test_cors_middleware.py: 280.1120493412018
test_expose_headers in /home/kaiyaok2/PythonProjects/falcon/tests/test_cors_middleware.py: 280.2069251537323
test_allow_origin in /home/kaiyaok2/PythonProjects/falcon/tests/test_cors_middleware.py: 280.2929747104645
test_allow_origin in /home/kaiyaok2/PythonProjects/falcon/tests/test_cors_middleware.py: 280.3814277648926
test_allow_credential_wildcard in /home/kaiyaok2/PythonProjects/falcon/tests/test_cors_middleware.py: 280.4695701599121
test_allow_credential_list_or_str in /home/kaiyaok2/PythonProjects/falcon/tests/test_cors_middleware.py: 282.2798156738281
test_allow_origin in /home/kaiyaok2/PythonProjects/falcon/tests/test_cors_middleware.py: 282.3817620277405
test_allow_credential_list_or_str in /home/kaiyaok2/PythonProjects/falcon/tests/test_cors_middleware.py: 282.46347999572754
test_expose_headers in /home/kaiyaok2/PythonProjects/falcon/tests/test_cors_middleware.py: 282.5382602214813
test_expose_headers in /home/kaiyaok2/PythonProjects/falcon/tests/test_cors_middleware.py: 282.61658000946045
test_allow_origin_allow_credential in /home/kaiyaok2/PythonProjects/falcon/tests/test_cors_middleware.py: 282.6915669441223
test_allow_credential_existing_origin in /home/kaiyaok2/PythonProjects/falcon/tests/test_cors_middleware.py: 282.7729277610779
test_wrapped_resource in /home/kaiyaok2/PythonProjects/falcon/tests/test_after_hooks.py: 285.9867956638336
test_wrapped_resource in /home/kaiyaok2/PythonProjects/falcon/tests/test_after_hooks.py: 286.1399164199829
test_wrapped_resource_with_hooks_aware_of_resource in /home/kaiyaok2/PythonProjects/falcon/tests/test_after_hooks.py: 286.2474777698517
test_resource_with_uri_fields in /home/kaiyaok2/PythonProjects/falcon/tests/test_after_hooks.py: 286.3423914909363
test_resource_with_uri_fields in /home/kaiyaok2/PythonProjects/falcon/tests/test_after_hooks.py: 288.2565915584564
