test_jsonchema_validator in /home/kaiyaok2/PythonProjects/falcon/tests/asgi/test_cythonized_asgi.py: 60.77545142173767
test_hooks in /home/kaiyaok2/PythonProjects/falcon/tests/asgi/test_cythonized_asgi.py: 60.872106075286865
test_add_sync_sink_with_wrapping in /home/kaiyaok2/PythonProjects/falcon/tests/test_sinks.py: 60.92157292366028
test_route_precedence in /home/kaiyaok2/PythonProjects/falcon/tests/test_sinks.py: 61.01981973648071
test_route_precedence_with_both_id in /home/kaiyaok2/PythonProjects/falcon/tests/test_sinks.py: 61.09921383857727
test_route_precedence_with_id in /home/kaiyaok2/PythonProjects/falcon/tests/test_sinks.py: 61.19098782539368
test_with_route in /home/kaiyaok2/PythonProjects/falcon/tests/test_sinks.py: 61.25950598716736
test_invalid_add_exception_handler_input in /home/kaiyaok2/PythonProjects/falcon/tests/test_error_handlers.py: 64.77744913101196
test_error_precedence_subclass in /home/kaiyaok2/PythonProjects/falcon/tests/test_error_handlers.py: 64.89852738380432
test_uncaught_error_else in /home/kaiyaok2/PythonProjects/falcon/tests/test_error_handlers.py: 65.00547981262207
test_uncaught_error in /home/kaiyaok2/PythonProjects/falcon/tests/test_error_handlers.py: 65.08194613456726
test_uncaught_python_error in /home/kaiyaok2/PythonProjects/falcon/tests/test_error_handlers.py: 65.15734934806824
test_caught_error_async in /home/kaiyaok2/PythonProjects/falcon/tests/test_error_handlers.py: 65.2381694316864
test_invalid_add_exception_handler_input in /home/kaiyaok2/PythonProjects/falcon/tests/test_error_handlers.py: 65.32506370544434
test_handle_not_defined in /home/kaiyaok2/PythonProjects/falcon/tests/test_error_handlers.py: 65.42051839828491
test_caught_error in /home/kaiyaok2/PythonProjects/falcon/tests/test_error_handlers.py: 65.52415561676025
test_handler_multiple_exception_iterable in /home/kaiyaok2/PythonProjects/falcon/tests/test_error_handlers.py: 65.61275696754456
test_uncaught_python_error in /home/kaiyaok2/PythonProjects/falcon/tests/test_error_handlers.py: 67.12715744972229
test_catch_http_no_route_error in /home/kaiyaok2/PythonProjects/falcon/tests/test_error_handlers.py: 67.21019577980042
test_error_precedence_subclass_order_indifference in /home/kaiyaok2/PythonProjects/falcon/tests/test_error_handlers.py: 67.32196187973022
test_subclass_error in /home/kaiyaok2/PythonProjects/falcon/tests/test_error_handlers.py: 67.40871024131775
test_invalid_add_exception_handler_input in /home/kaiyaok2/PythonProjects/falcon/tests/test_error_handlers.py: 67.4975073337555
test_converted_error in /home/kaiyaok2/PythonProjects/falcon/tests/test_error_handlers.py: 67.57141637802124
test_invalid_add_exception_handler_input in /home/kaiyaok2/PythonProjects/falcon/tests/test_error_handlers.py: 67.67744159698486
test_error_precedence_duplicate in /home/kaiyaok2/PythonProjects/falcon/tests/test_error_handlers.py: 67.75616073608398
test_handler_multiple_exception_iterable in /home/kaiyaok2/PythonProjects/falcon/tests/test_error_handlers.py: 69.2540500164032
test_uncaught_python_error in /home/kaiyaok2/PythonProjects/falcon/tests/test_error_handlers.py: 69.3419280052185
test_handler_single_exception_iterable in /home/kaiyaok2/PythonProjects/falcon/tests/test_error_handlers.py: 69.41672778129578
test_data_is_set in /home/kaiyaok2/PythonProjects/falcon/tests/test_error_handlers.py: 69.4909942150116
test_media_is_set in /home/kaiyaok2/PythonProjects/falcon/tests/test_error_handlers.py: 69.57705330848694
test_body_is_set in /home/kaiyaok2/PythonProjects/falcon/tests/test_error_handlers.py: 69.68086743354797
test_body_is_set in /home/kaiyaok2/PythonProjects/falcon/tests/test_error_handlers.py: 69.76565623283386
test_media_is_set in /home/kaiyaok2/PythonProjects/falcon/tests/test_error_handlers.py: 69.86654758453369
test_data_is_set in /home/kaiyaok2/PythonProjects/falcon/tests/test_error_handlers.py: 71.35226583480835
test_stream_has_private_read in /home/kaiyaok2/PythonProjects/falcon/tests/test_cython.py: 93.61801314353943
test_imported_from_c_modules in /home/kaiyaok2/PythonProjects/falcon/tests/test_cython.py: 93.62419104576111
test_inspect in /home/kaiyaok2/PythonProjects/falcon/tests/test_cmd_inspect_app.py: 97.2128849029541
test_routes_only in /home/kaiyaok2/PythonProjects/falcon/tests/test_cmd_inspect_app.py: 97.27367067337036
test_routes_only in /home/kaiyaok2/PythonProjects/falcon/tests/test_cmd_inspect_app.py: 97.3380172252655
test_inspect in /home/kaiyaok2/PythonProjects/falcon/tests/test_cmd_inspect_app.py: 97.3960235118866
test_inspect in /home/kaiyaok2/PythonProjects/falcon/tests/test_cmd_inspect_app.py: 97.45404744148254
test_routes_only in /home/kaiyaok2/PythonProjects/falcon/tests/test_cmd_inspect_app.py: 97.51495480537415
test_inspect in /home/kaiyaok2/PythonProjects/falcon/tests/test_cmd_inspect_app.py: 97.57153367996216
test_routes_only in /home/kaiyaok2/PythonProjects/falcon/tests/test_cmd_inspect_app.py: 97.69795727729797
test_load_app_error in /home/kaiyaok2/PythonProjects/falcon/tests/test_cmd_inspect_app.py: 97.8177592754364
test_load_app_error in /home/kaiyaok2/PythonProjects/falcon/tests/test_cmd_inspect_app.py: 97.93528580665588
test_load_app_error in /home/kaiyaok2/PythonProjects/falcon/tests/test_cmd_inspect_app.py: 98.05475902557373
test_load_app in /home/kaiyaok2/PythonProjects/falcon/tests/test_cmd_inspect_app.py: 98.16534519195557
test_load_app in /home/kaiyaok2/PythonProjects/falcon/tests/test_cmd_inspect_app.py: 98.25150609016418
test_redirect_with_headers in /home/kaiyaok2/PythonProjects/falcon/tests/test_redirects.py: 122.45384192466736
test_redirect in /home/kaiyaok2/PythonProjects/falcon/tests/test_redirects.py: 122.54792284965515
test_redirect in /home/kaiyaok2/PythonProjects/falcon/tests/test_redirects.py: 122.68637371063232
test_redirect_with_headers in /home/kaiyaok2/PythonProjects/falcon/tests/test_redirects.py: 122.78413796424866
test_redirect in /home/kaiyaok2/PythonProjects/falcon/tests/test_redirects.py: 122.8926157951355
test_redirect in /home/kaiyaok2/PythonProjects/falcon/tests/test_redirects.py: 122.9943778514862
test_redirect_with_headers in /home/kaiyaok2/PythonProjects/falcon/tests/test_redirects.py: 123.09698605537415
test_redirect_with_headers in /home/kaiyaok2/PythonProjects/falcon/tests/test_redirects.py: 123.2117874622345
test_redirect in /home/kaiyaok2/PythonProjects/falcon/tests/test_redirects.py: 123.3161473274231
test_redirect_with_headers in /home/kaiyaok2/PythonProjects/falcon/tests/test_redirects.py: 123.41115212440491
test_wrapped_resource in /home/kaiyaok2/PythonProjects/falcon/tests/test_before_hooks.py: 127.96429204940796
test_input_validator in /home/kaiyaok2/PythonProjects/falcon/tests/test_before_hooks.py: 128.1394181251526
test_wrapped_resource_with_hooks_aware_of_resource in /home/kaiyaok2/PythonProjects/falcon/tests/test_before_hooks.py: 128.31125855445862
test_field_validator in /home/kaiyaok2/PythonProjects/falcon/tests/test_before_hooks.py: 128.45951747894287
test_param_validator in /home/kaiyaok2/PythonProjects/falcon/tests/test_before_hooks.py: 128.5916302204132
test_piggybacking_resource_post_item in /home/kaiyaok2/PythonProjects/falcon/tests/test_before_hooks.py: 128.73057317733765
test_piggybacking_resource_post_and_delete in /home/kaiyaok2/PythonProjects/falcon/tests/test_before_hooks.py: 128.85760402679443
test_field_validator in /home/kaiyaok2/PythonProjects/falcon/tests/test_before_hooks.py: 129.044771194458
test_multiple_resource_hooks in /home/kaiyaok2/PythonProjects/falcon/tests/test_before_hooks.py: 131.5701768398285
test_field_validator in /home/kaiyaok2/PythonProjects/falcon/tests/test_before_hooks.py: 131.7644031047821
test_multiple_resource_hooks in /home/kaiyaok2/PythonProjects/falcon/tests/test_before_hooks.py: 132.01722264289856
test_input_validator_inherited in /home/kaiyaok2/PythonProjects/falcon/tests/test_before_hooks.py: 132.18780183792114
test_strict_same_site_value in /home/kaiyaok2/PythonProjects/falcon/tests/test_cookies.py: 132.36513662338257
test_cookies_setable in /home/kaiyaok2/PythonProjects/falcon/tests/test_cookies.py: 132.53515648841858
test_cookie_expires_naive in /home/kaiyaok2/PythonProjects/falcon/tests/test_cookies.py: 132.72379207611084
test_response_unset_cookie in /home/kaiyaok2/PythonProjects/falcon/tests/test_cookies.py: 132.86728239059448
test_cookie_max_age_float_and_string in /home/kaiyaok2/PythonProjects/falcon/tests/test_cookies.py: 133.01335954666138
test_response_disable_secure_globally in /home/kaiyaok2/PythonProjects/falcon/tests/test_cookies.py: 135.5030255317688
test_cookie_expires_aware in /home/kaiyaok2/PythonProjects/falcon/tests/test_cookies.py: 135.65542721748352
test_unset_cookies in /home/kaiyaok2/PythonProjects/falcon/tests/test_cookies.py: 135.78176045417786
test_unset_cookies_samesite in /home/kaiyaok2/PythonProjects/falcon/tests/test_cookies.py: 135.92999577522278
test_same_site_empty_string in /home/kaiyaok2/PythonProjects/falcon/tests/test_cookies.py: 136.06661081314087
test_cookie_timezone in /home/kaiyaok2/PythonProjects/falcon/tests/test_cookies.py: 136.23513221740723
test_response_complex_case in /home/kaiyaok2/PythonProjects/falcon/tests/test_cookies.py: 136.41152930259705
test_lax_same_site_value in /home/kaiyaok2/PythonProjects/falcon/tests/test_cookies.py: 136.56116437911987
test_cookie_max_age_float_and_string in /home/kaiyaok2/PythonProjects/falcon/tests/test_cookies.py: 136.68231463432312
test_none_same_site_value in /home/kaiyaok2/PythonProjects/falcon/tests/test_cookies.py: 139.05434250831604
test_response_base_case in /home/kaiyaok2/PythonProjects/falcon/tests/test_cookies.py: 139.26404571533203
test_json_err_no_handler in /home/kaiyaok2/PythonProjects/falcon/tests/test_media_handlers.py: 139.93538761138916
test_json_err_no_handler in /home/kaiyaok2/PythonProjects/falcon/tests/test_media_handlers.py: 140.10676550865173
test_non_string_status in /home/kaiyaok2/PythonProjects/falcon/tests/test_httpstatus.py: 140.3306269645691
test_non_string_status in /home/kaiyaok2/PythonProjects/falcon/tests/test_httpstatus.py: 140.45457434654236
test_non_string_status in /home/kaiyaok2/PythonProjects/falcon/tests/test_httpstatus.py: 140.59229516983032
test_non_string_status in /home/kaiyaok2/PythonProjects/falcon/tests/test_httpstatus.py: 140.74031925201416
test_data_is_set in /home/kaiyaok2/PythonProjects/falcon/tests/test_httpstatus.py: 140.85758662223816
test_non_string_status in /home/kaiyaok2/PythonProjects/falcon/tests/test_httpstatus.py: 140.96570944786072
test_non_string_status in /home/kaiyaok2/PythonProjects/falcon/tests/test_httpstatus.py: 143.38340139389038
test_non_string_status in /home/kaiyaok2/PythonProjects/falcon/tests/test_httpstatus.py: 143.54292154312134
test_media_is_set in /home/kaiyaok2/PythonProjects/falcon/tests/test_httpstatus.py: 143.71774101257324
test_non_string_status in /home/kaiyaok2/PythonProjects/falcon/tests/test_httpstatus.py: 143.85429000854492
test_non_string_status in /home/kaiyaok2/PythonProjects/falcon/tests/test_httpstatus.py: 143.99823355674744
test_non_string_status in /home/kaiyaok2/PythonProjects/falcon/tests/test_httpstatus.py: 144.1535816192627
test_body_is_set in /home/kaiyaok2/PythonProjects/falcon/tests/test_httpstatus.py: 144.28966784477234
test_non_string_status in /home/kaiyaok2/PythonProjects/falcon/tests/test_httpstatus.py: 144.44718027114868
test_non_string_status in /home/kaiyaok2/PythonProjects/falcon/tests/test_httpstatus.py: 144.58391642570496
test_non_string_status in /home/kaiyaok2/PythonProjects/falcon/tests/test_httpstatus.py: 144.71726250648499
test_non_string_status in /home/kaiyaok2/PythonProjects/falcon/tests/test_httpstatus.py: 144.85185956954956
test_raise_status_in_process_resource in /home/kaiyaok2/PythonProjects/falcon/tests/test_httpstatus.py: 144.96854448318481
test_raise_status_in_process_request in /home/kaiyaok2/PythonProjects/falcon/tests/test_httpstatus.py: 145.09177207946777
test_raise_status_runs_process_response in /home/kaiyaok2/PythonProjects/falcon/tests/test_httpstatus.py: 145.22274446487427
test_raise_status_survives_after_hooks in /home/kaiyaok2/PythonProjects/falcon/tests/test_httpstatus.py: 147.664386510849
test_raise_status_in_before_hook in /home/kaiyaok2/PythonProjects/falcon/tests/test_httpstatus.py: 147.82313776016235
test_raise_status_in_responder in /home/kaiyaok2/PythonProjects/falcon/tests/test_httpstatus.py: 147.9619743824005
test_raise_status_empty_body in /home/kaiyaok2/PythonProjects/falcon/tests/test_httpstatus.py: 148.09645557403564
test_raise_status_runs_after_hooks in /home/kaiyaok2/PythonProjects/falcon/tests/test_httpstatus.py: 148.22633028030396
test_content_length_set_on_head_with_no_body in /home/kaiyaok2/PythonProjects/falcon/tests/test_response_body.py: 148.383385181427
test_unsupported_response_content_type in /home/kaiyaok2/PythonProjects/falcon/tests/test_response_body.py: 148.56383967399597
test_response_body_rendition_error in /home/kaiyaok2/PythonProjects/falcon/tests/test_response_body.py: 148.67106986045837
test_http_methods_body_not_expected in /home/kaiyaok2/PythonProjects/falcon/tests/test_query_params.py: 153.8879587650299
test_non_ascii in /home/kaiyaok2/PythonProjects/falcon/tests/test_query_params.py: 154.01860880851746
test_empty_body_no_content_length in /home/kaiyaok2/PythonProjects/falcon/tests/test_query_params.py: 154.14096879959106
test_http_methods_body_expected in /home/kaiyaok2/PythonProjects/falcon/tests/test_query_params.py: 154.29862093925476
test_http_methods_body_expected in /home/kaiyaok2/PythonProjects/falcon/tests/test_query_params.py: 154.41246032714844
test_http_methods_body_expected in /home/kaiyaok2/PythonProjects/falcon/tests/test_query_params.py: 154.51811003684998
test_http_methods_body_not_expected in /home/kaiyaok2/PythonProjects/falcon/tests/test_query_params.py: 154.61902046203613
test_http_methods_body_expected in /home/kaiyaok2/PythonProjects/falcon/tests/test_query_params.py: 156.31318378448486
test_explicitly_disable_auto_parse in /home/kaiyaok2/PythonProjects/falcon/tests/test_query_params.py: 156.4413378238678
test_http_methods_body_expected in /home/kaiyaok2/PythonProjects/falcon/tests/test_query_params.py: 156.55719137191772
test_asgi_raises_error in /home/kaiyaok2/PythonProjects/falcon/tests/test_query_params.py: 156.6640419960022
test_empty_body in /home/kaiyaok2/PythonProjects/falcon/tests/test_query_params.py: 156.78490042686462
test_option_auto_parse_qs_csv_simple_true in /home/kaiyaok2/PythonProjects/falcon/tests/test_query_params.py: 156.92242074012756
test_get_date_valid_with_format in /home/kaiyaok2/PythonProjects/falcon/tests/test_query_params.py: 159.4317512512207
test_get_param_as_json_no_handler_json in /home/kaiyaok2/PythonProjects/falcon/tests/test_query_params.py: 159.62844252586365
test_multiple_keys_as_int in /home/kaiyaok2/PythonProjects/falcon/tests/test_query_params.py: 159.7955768108368
test_list_type in /home/kaiyaok2/PythonProjects/falcon/tests/test_query_params.py: 159.95279002189636
test_get_date_store in /home/kaiyaok2/PythonProjects/falcon/tests/test_query_params.py: 160.09417605400085
test_boolean_blank in /home/kaiyaok2/PythonProjects/falcon/tests/test_query_params.py: 160.2247657775879
test_get_dict_missing_param in /home/kaiyaok2/PythonProjects/falcon/tests/test_query_params.py: 160.3733365535736
test_get_date_missing_param in /home/kaiyaok2/PythonProjects/falcon/tests/test_query_params.py: 162.18702793121338
test_required in /home/kaiyaok2/PythonProjects/falcon/tests/test_query_params.py: 162.32264184951782
test_required in /home/kaiyaok2/PythonProjects/falcon/tests/test_query_params.py: 162.4478805065155
test_get_date_valid_with_format in /home/kaiyaok2/PythonProjects/falcon/tests/test_query_params.py: 162.56801390647888
test_int in /home/kaiyaok2/PythonProjects/falcon/tests/test_query_params.py: 162.6788613796234
test_float_neg in /home/kaiyaok2/PythonProjects/falcon/tests/test_query_params.py: 162.79064536094666
test_int_neg in /home/kaiyaok2/PythonProjects/falcon/tests/test_query_params.py: 164.61090803146362
test_option_auto_parse_qs_csv_multiple_fields_true in /home/kaiyaok2/PythonProjects/falcon/tests/test_query_params.py: 164.73612642288208
test_option_auto_parse_qs_csv_multiple_fields_true in /home/kaiyaok2/PythonProjects/falcon/tests/test_query_params.py: 164.84936356544495
test_required in /home/kaiyaok2/PythonProjects/falcon/tests/test_query_params.py: 164.95271468162537
test_required in /home/kaiyaok2/PythonProjects/falcon/tests/test_query_params.py: 165.0781273841858
test_option_auto_parse_qs_csv_multiple_fields_true in /home/kaiyaok2/PythonProjects/falcon/tests/test_query_params.py: 165.18810033798218
test_get_param_as_json_handler_json in /home/kaiyaok2/PythonProjects/falcon/tests/test_query_params.py: 165.30192184448242
test_get_datetime_valid_with_format in /home/kaiyaok2/PythonProjects/falcon/tests/test_query_params.py: 165.42581629753113
test_get_dict_invalid in /home/kaiyaok2/PythonProjects/falcon/tests/test_query_params.py: 167.15178894996643
test_option_auto_parse_qs_csv_simple_false in /home/kaiyaok2/PythonProjects/falcon/tests/test_query_params.py: 167.25786590576172
test_uuid in /home/kaiyaok2/PythonProjects/falcon/tests/test_query_params.py: 167.38786554336548
test_get_dict_store in /home/kaiyaok2/PythonProjects/falcon/tests/test_query_params.py: 167.5418827533722
test_option_auto_parse_qs_csv_simple_false in /home/kaiyaok2/PythonProjects/falcon/tests/test_query_params.py: 167.70947408676147
test_get_datetime_valid in /home/kaiyaok2/PythonProjects/falcon/tests/test_query_params.py: 167.87632703781128
test_get_datetime_missing_param in /home/kaiyaok2/PythonProjects/falcon/tests/test_query_params.py: 168.06635069847107
test_required in /home/kaiyaok2/PythonProjects/falcon/tests/test_query_params.py: 169.8614366054535
test_multiple_form_keys_as_list in /home/kaiyaok2/PythonProjects/falcon/tests/test_query_params.py: 169.9860851764679
test_multiple_form_keys_as_list in /home/kaiyaok2/PythonProjects/falcon/tests/test_query_params.py: 170.12663102149963
test_has_param in /home/kaiyaok2/PythonProjects/falcon/tests/test_query_params.py: 170.2618284225464
test_get_date_invalid in /home/kaiyaok2/PythonProjects/falcon/tests/test_query_params.py: 170.37533593177795
test_boolean_blank in /home/kaiyaok2/PythonProjects/falcon/tests/test_query_params.py: 170.51413679122925
test_required in /home/kaiyaok2/PythonProjects/falcon/tests/test_query_params.py: 172.76924777030945
test_float_neg in /home/kaiyaok2/PythonProjects/falcon/tests/test_query_params.py: 172.97038316726685
test_required in /home/kaiyaok2/PythonProjects/falcon/tests/test_query_params.py: 173.21066856384277
test_param_property in /home/kaiyaok2/PythonProjects/falcon/tests/test_query_params.py: 173.40621948242188
test_none in /home/kaiyaok2/PythonProjects/falcon/tests/test_query_params.py: 173.56928896903992
test_int_neg in /home/kaiyaok2/PythonProjects/falcon/tests/test_query_params.py: 173.71402525901794
test_get_datetime_store in /home/kaiyaok2/PythonProjects/falcon/tests/test_query_params.py: 173.85440516471863
test_option_auto_parse_qs_csv_multiple_fields_true in /home/kaiyaok2/PythonProjects/falcon/tests/test_query_params.py: 173.96330189704895
test_multiple_form_keys in /home/kaiyaok2/PythonProjects/falcon/tests/test_query_params.py: 175.81119871139526
test_multiple_keys_as_bool in /home/kaiyaok2/PythonProjects/falcon/tests/test_query_params.py: 175.95982217788696
test_option_auto_parse_qs_csv_multiple_fields_false in /home/kaiyaok2/PythonProjects/falcon/tests/test_query_params.py: 176.08780789375305
test_option_auto_parse_qs_csv_multiple_fields_true in /home/kaiyaok2/PythonProjects/falcon/tests/test_query_params.py: 176.19777035713196
test_simple in /home/kaiyaok2/PythonProjects/falcon/tests/test_query_params.py: 176.332049369812
test_option_auto_parse_qs_csv_multiple_fields_true in /home/kaiyaok2/PythonProjects/falcon/tests/test_query_params.py: 176.47816920280457
test_option_auto_parse_qs_csv_multiple_fields_true in /home/kaiyaok2/PythonProjects/falcon/tests/test_query_params.py: 176.6166114807129
test_required in /home/kaiyaok2/PythonProjects/falcon/tests/test_query_params.py: 178.51156520843506
test_option_auto_parse_qs_csv_multiple_fields_true in /home/kaiyaok2/PythonProjects/falcon/tests/test_query_params.py: 178.63962626457214
test_bad_percentage in /home/kaiyaok2/PythonProjects/falcon/tests/test_query_params.py: 178.76728057861328
test_allowed_names in /home/kaiyaok2/PythonProjects/falcon/tests/test_query_params.py: 178.88529992103577
test_list_transformer in /home/kaiyaok2/PythonProjects/falcon/tests/test_query_params.py: 179.00600218772888
test_get_datetime_missing_param in /home/kaiyaok2/PythonProjects/falcon/tests/test_query_params.py: 179.14316272735596
test_blank in /home/kaiyaok2/PythonProjects/falcon/tests/test_query_params.py: 180.93465113639832
test_option_auto_parse_qs_csv_multiple_fields_true in /home/kaiyaok2/PythonProjects/falcon/tests/test_query_params.py: 181.10242366790771
test_param_property in /home/kaiyaok2/PythonProjects/falcon/tests/test_query_params.py: 181.2200129032135
test_get_date_store in /home/kaiyaok2/PythonProjects/falcon/tests/test_query_params.py: 181.33622813224792
test_float in /home/kaiyaok2/PythonProjects/falcon/tests/test_query_params.py: 181.52009797096252
test_get_date_valid in /home/kaiyaok2/PythonProjects/falcon/tests/test_query_params.py: 181.73070883750916
test_has_param in /home/kaiyaok2/PythonProjects/falcon/tests/test_query_params.py: 181.94819903373718
test_get_date_missing_param in /home/kaiyaok2/PythonProjects/falcon/tests/test_query_params.py: 183.95469737052917
test_option_auto_parse_qs_csv_multiple_fields_true in /home/kaiyaok2/PythonProjects/falcon/tests/test_query_params.py: 184.09003591537476
test_percent_encoded in /home/kaiyaok2/PythonProjects/falcon/tests/test_query_params.py: 184.2603256702423
test_multiple_keys_as_float in /home/kaiyaok2/PythonProjects/falcon/tests/test_query_params.py: 184.40382885932922
test_boolean in /home/kaiyaok2/PythonProjects/falcon/tests/test_query_params.py: 184.551828622818
test_default_auto_parse_csv_behaviour in /home/kaiyaok2/PythonProjects/falcon/tests/test_query_params.py: 184.67062377929688
test_allowed_names in /home/kaiyaok2/PythonProjects/falcon/tests/test_query_params.py: 184.84841680526733
test_get_dict_invalid in /home/kaiyaok2/PythonProjects/falcon/tests/test_query_params.py: 187.06282782554626
test_get_datetime_store in /home/kaiyaok2/PythonProjects/falcon/tests/test_query_params.py: 187.27135682106018
test_percent_encoded in /home/kaiyaok2/PythonProjects/falcon/tests/test_query_params.py: 187.48102641105652
test_option_auto_parse_qs_csv_multiple_fields_true in /home/kaiyaok2/PythonProjects/falcon/tests/test_query_params.py: 187.67631936073303
test_default in /home/kaiyaok2/PythonProjects/falcon/tests/test_query_params.py: 187.8298954963684
test_uuid in /home/kaiyaok2/PythonProjects/falcon/tests/test_query_params.py: 187.94924068450928
test_required in /home/kaiyaok2/PythonProjects/falcon/tests/test_query_params.py: 188.08437538146973
test_multiple_keys_as_float in /home/kaiyaok2/PythonProjects/falcon/tests/test_query_params.py: 189.90203738212585
test_multiple_keys_as_bool in /home/kaiyaok2/PythonProjects/falcon/tests/test_query_params.py: 190.0151071548462
test_int in /home/kaiyaok2/PythonProjects/falcon/tests/test_query_params.py: 190.1559820175171
test_option_auto_parse_qs_csv_complex_false in /home/kaiyaok2/PythonProjects/falcon/tests/test_query_params.py: 190.29552507400513
test_bad_percentage in /home/kaiyaok2/PythonProjects/falcon/tests/test_query_params.py: 190.4143249988556
test_get_dict_store in /home/kaiyaok2/PythonProjects/falcon/tests/test_query_params.py: 190.53525280952454
test_option_auto_parse_qs_csv_multiple_fields_true in /home/kaiyaok2/PythonProjects/falcon/tests/test_query_params.py: 190.67608618736267
test_boolean in /home/kaiyaok2/PythonProjects/falcon/tests/test_query_params.py: 192.6921215057373
test_option_auto_parse_qs_csv_multiple_fields_true in /home/kaiyaok2/PythonProjects/falcon/tests/test_query_params.py: 192.86163449287415
test_get_datetime_invalid in /home/kaiyaok2/PythonProjects/falcon/tests/test_query_params.py: 193.02421808242798
test_option_auto_parse_qs_csv_multiple_fields_true in /home/kaiyaok2/PythonProjects/falcon/tests/test_query_params.py: 193.1727819442749
test_default_auto_parse_csv_behaviour in /home/kaiyaok2/PythonProjects/falcon/tests/test_query_params.py: 193.32999920845032
test_float in /home/kaiyaok2/PythonProjects/falcon/tests/test_query_params.py: 193.48652362823486
test_get_dict_missing_param in /home/kaiyaok2/PythonProjects/falcon/tests/test_query_params.py: 193.62216567993164
test_list_type_blank in /home/kaiyaok2/PythonProjects/falcon/tests/test_query_params.py: 195.4463620185852
test_list_type_blank in /home/kaiyaok2/PythonProjects/falcon/tests/test_query_params.py: 195.6492838859558
test_get_datetime_valid in /home/kaiyaok2/PythonProjects/falcon/tests/test_query_params.py: 195.8996181488037
test_get_date_valid in /home/kaiyaok2/PythonProjects/falcon/tests/test_query_params.py: 196.1554970741272
test_get_dict_valid in /home/kaiyaok2/PythonProjects/falcon/tests/test_query_params.py: 196.37340211868286
test_required in /home/kaiyaok2/PythonProjects/falcon/tests/test_query_params.py: 196.59056544303894
test_list_type in /home/kaiyaok2/PythonProjects/falcon/tests/test_query_params.py: 199.25965905189514
test_option_auto_parse_qs_csv_complex_false in /home/kaiyaok2/PythonProjects/falcon/tests/test_query_params.py: 199.46428275108337
test_multiple_form_keys in /home/kaiyaok2/PythonProjects/falcon/tests/test_query_params.py: 199.6690068244934
test_option_auto_parse_qs_csv_simple_true in /home/kaiyaok2/PythonProjects/falcon/tests/test_query_params.py: 199.92249155044556
test_option_auto_parse_qs_csv_multiple_fields_true in /home/kaiyaok2/PythonProjects/falcon/tests/test_query_params.py: 200.14481258392334
test_get_datetime_valid_with_format in /home/kaiyaok2/PythonProjects/falcon/tests/test_query_params.py: 200.3587429523468
test_required in /home/kaiyaok2/PythonProjects/falcon/tests/test_query_params.py: 200.56944632530212
test_get_date_invalid in /home/kaiyaok2/PythonProjects/falcon/tests/test_query_params.py: 203.18947792053223
test_option_auto_parse_qs_csv_multiple_fields_true in /home/kaiyaok2/PythonProjects/falcon/tests/test_query_params.py: 203.3821861743927
test_get_datetime_invalid in /home/kaiyaok2/PythonProjects/falcon/tests/test_query_params.py: 203.57034468650818
test_get_dict_valid in /home/kaiyaok2/PythonProjects/falcon/tests/test_query_params.py: 203.7347435951233
test_option_auto_parse_qs_csv_multiple_fields_false in /home/kaiyaok2/PythonProjects/falcon/tests/test_query_params.py: 203.89094161987305
test_simple in /home/kaiyaok2/PythonProjects/falcon/tests/test_query_params.py: 204.08683371543884
test_required in /home/kaiyaok2/PythonProjects/falcon/tests/test_query_params.py: 204.24927878379822
test_option_auto_parse_qs_csv_multiple_fields_true in /home/kaiyaok2/PythonProjects/falcon/tests/test_query_params.py: 206.09824228286743
test_none in /home/kaiyaok2/PythonProjects/falcon/tests/test_query_params.py: 206.21707201004028
test_option_auto_parse_qs_csv_multiple_fields_true in /home/kaiyaok2/PythonProjects/falcon/tests/test_query_params.py: 206.3526542186737
test_multiple_keys_as_int in /home/kaiyaok2/PythonProjects/falcon/tests/test_query_params.py: 206.48660492897034
test_list_transformer in /home/kaiyaok2/PythonProjects/falcon/tests/test_query_params.py: 206.6118609905243
test_default in /home/kaiyaok2/PythonProjects/falcon/tests/test_query_params.py: 206.77525639533997
test_blank in /home/kaiyaok2/PythonProjects/falcon/tests/test_query_params.py: 207.01321291923523
test_dont_auto_parse_by_default in /home/kaiyaok2/PythonProjects/falcon/tests/test_query_params.py: 209.04320168495178
test_meta_and_others_disallowed in /home/kaiyaok2/PythonProjects/falcon/tests/test_http_method_routing.py: 215.21128249168396
test_default_on_options in /home/kaiyaok2/PythonProjects/falcon/tests/test_http_method_routing.py: 215.2875416278839
test_put in /home/kaiyaok2/PythonProjects/falcon/tests/test_http_method_routing.py: 215.36603045463562
test_misc in /home/kaiyaok2/PythonProjects/falcon/tests/test_http_method_routing.py: 215.55053448677063
test_methods_not_allowed_simple in /home/kaiyaok2/PythonProjects/falcon/tests/test_http_method_routing.py: 217.70293426513672
test_get in /home/kaiyaok2/PythonProjects/falcon/tests/test_http_method_routing.py: 217.82566094398499
test_report in /home/kaiyaok2/PythonProjects/falcon/tests/test_http_method_routing.py: 217.97115230560303
test_on_options in /home/kaiyaok2/PythonProjects/falcon/tests/test_http_method_routing.py: 218.14717745780945
test_method_not_allowed_with_param in /home/kaiyaok2/PythonProjects/falcon/tests/test_http_method_routing.py: 218.24196195602417
test_methods_not_allowed_complex in /home/kaiyaok2/PythonProjects/falcon/tests/test_http_method_routing.py: 218.32156324386597
test_post_not_allowed in /home/kaiyaok2/PythonProjects/falcon/tests/test_http_method_routing.py: 218.40104794502258
test_meta_and_others_disallowed in /home/kaiyaok2/PythonProjects/falcon/tests/test_http_method_routing.py: 218.4763104915619
test_foo in /home/kaiyaok2/PythonProjects/falcon/tests/test_http_custom_method_routing.py: 218.58229994773865
test_bar in /home/kaiyaok2/PythonProjects/falcon/tests/test_http_custom_method_routing.py: 218.70188522338867
test_map_http_methods in /home/kaiyaok2/PythonProjects/falcon/tests/test_http_custom_method_routing.py: 218.82954740524292
test_app in /home/kaiyaok2/PythonProjects/falcon/tests/test_inspect.py: 236.47289443016052
test_middleware in /home/kaiyaok2/PythonProjects/falcon/tests/test_inspect.py: 236.54380822181702
test_routes in /home/kaiyaok2/PythonProjects/falcon/tests/test_inspect.py: 236.64335298538208
test_middleware_tree in /home/kaiyaok2/PythonProjects/falcon/tests/test_inspect.py: 236.76142382621765
test_static_routes in /home/kaiyaok2/PythonProjects/falcon/tests/test_inspect.py: 236.8428816795349
test_sink in /home/kaiyaok2/PythonProjects/falcon/tests/test_inspect.py: 236.94837975502014
test_error_handler in /home/kaiyaok2/PythonProjects/falcon/tests/test_inspect.py: 237.04401850700378
test_simulate_remote_addr in /home/kaiyaok2/PythonProjects/falcon/tests/test_utils.py: 237.86656951904297
test_override_method_with_extras in /home/kaiyaok2/PythonProjects/falcon/tests/test_utils.py: 238.0076141357422
test_query_string_in_path in /home/kaiyaok2/PythonProjects/falcon/tests/test_utils.py: 238.15053272247314
test_simulate_hostname in /home/kaiyaok2/PythonProjects/falcon/tests/test_utils.py: 240.03130841255188
test_simulate_remote_addr in /home/kaiyaok2/PythonProjects/falcon/tests/test_utils.py: 240.21115612983704
test_simulate_remote_addr in /home/kaiyaok2/PythonProjects/falcon/tests/test_utils.py: 240.37322354316711
test_default_headers in /home/kaiyaok2/PythonProjects/falcon/tests/test_utils.py: 240.51320123672485
test_cached_text_in_result in /home/kaiyaok2/PythonProjects/falcon/tests/test_utils.py: 240.73608541488647
test_query_string in /home/kaiyaok2/PythonProjects/falcon/tests/test_utils.py: 240.87195205688477
test_status in /home/kaiyaok2/PythonProjects/falcon/tests/test_utils.py: 242.7692530155182
test_default_headers_with_override in /home/kaiyaok2/PythonProjects/falcon/tests/test_utils.py: 243.04602074623108
test_simulate_remote_addr in /home/kaiyaok2/PythonProjects/falcon/tests/test_utils.py: 243.22708415985107
test_query_string_no_question in /home/kaiyaok2/PythonProjects/falcon/tests/test_utils.py: 243.43245553970337
test_simulate_remote_addr in /home/kaiyaok2/PythonProjects/falcon/tests/test_utils.py: 243.56633186340332
test_path_must_start_with_slash in /home/kaiyaok2/PythonProjects/falcon/tests/test_utils.py: 243.72044396400452
test_enabled_cors_should_add_extra_headers_on_response in /home/kaiyaok2/PythonProjects/falcon/tests/test_cors_middleware.py: 249.3112530708313
test_enabled_cors_handles_preflighting_no_headers_in_req in /home/kaiyaok2/PythonProjects/falcon/tests/test_cors_middleware.py: 249.4040243625641
test_enabled_cors_should_accept_all_origins_requests in /home/kaiyaok2/PythonProjects/falcon/tests/test_cors_middleware.py: 251.36115407943726
test_disabled_cors_should_not_add_any_extra_headers in /home/kaiyaok2/PythonProjects/falcon/tests/test_cors_middleware.py: 251.4442262649536
test_enabled_cors_handles_preflighting in /home/kaiyaok2/PythonProjects/falcon/tests/test_cors_middleware.py: 251.52719044685364
test_enabled_cors_no_origin in /home/kaiyaok2/PythonProjects/falcon/tests/test_cors_middleware.py: 251.65673995018005
test_allow_credential_list_or_str in /home/kaiyaok2/PythonProjects/falcon/tests/test_cors_middleware.py: 251.79519629478455
test_allow_origin in /home/kaiyaok2/PythonProjects/falcon/tests/test_cors_middleware.py: 251.88423919677734
test_allow_credential_list_or_str in /home/kaiyaok2/PythonProjects/falcon/tests/test_cors_middleware.py: 251.96221017837524
test_allow_credential_wildcard in /home/kaiyaok2/PythonProjects/falcon/tests/test_cors_middleware.py: 252.0442123413086
test_expose_headers in /home/kaiyaok2/PythonProjects/falcon/tests/test_cors_middleware.py: 252.14666938781738
test_expose_headers in /home/kaiyaok2/PythonProjects/falcon/tests/test_cors_middleware.py: 252.2615258693695
test_allow_credential_existing_origin in /home/kaiyaok2/PythonProjects/falcon/tests/test_cors_middleware.py: 253.99494743347168
test_allow_origin_allow_credential in /home/kaiyaok2/PythonProjects/falcon/tests/test_cors_middleware.py: 254.0827248096466
test_allow_origin in /home/kaiyaok2/PythonProjects/falcon/tests/test_cors_middleware.py: 254.16727757453918
test_expose_headers in /home/kaiyaok2/PythonProjects/falcon/tests/test_cors_middleware.py: 254.24942660331726
test_allow_origin in /home/kaiyaok2/PythonProjects/falcon/tests/test_cors_middleware.py: 254.3647723197937
test_client_simulate_aliases in /home/kaiyaok2/PythonProjects/falcon/tests/test_testing.py: 262.8256208896637
test_client_simulate_aliases in /home/kaiyaok2/PythonProjects/falcon/tests/test_testing.py: 262.8584175109863
test_client_simulate_aliases in /home/kaiyaok2/PythonProjects/falcon/tests/test_testing.py: 262.89309906959534
test_client_simulate_aliases in /home/kaiyaok2/PythonProjects/falcon/tests/test_testing.py: 262.9442937374115
test_client_simulate_aliases in /home/kaiyaok2/PythonProjects/falcon/tests/test_testing.py: 262.98579478263855
test_client_simulate_aliases in /home/kaiyaok2/PythonProjects/falcon/tests/test_testing.py: 263.04418110847473
test_client_simulate_aliases in /home/kaiyaok2/PythonProjects/falcon/tests/test_testing.py: 263.07363414764404
test_client_simulate_aliases in /home/kaiyaok2/PythonProjects/falcon/tests/test_testing.py: 263.10875415802
test_wrapped_resource in /home/kaiyaok2/PythonProjects/falcon/tests/test_after_hooks.py: 263.27289295196533
test_resource_with_uri_fields in /home/kaiyaok2/PythonProjects/falcon/tests/test_after_hooks.py: 263.3626935482025
test_wrapped_resource_with_hooks_aware_of_resource in /home/kaiyaok2/PythonProjects/falcon/tests/test_after_hooks.py: 263.4690716266632
test_resource_with_uri_fields in /home/kaiyaok2/PythonProjects/falcon/tests/test_after_hooks.py: 263.56284046173096
test_wrapped_resource in /home/kaiyaok2/PythonProjects/falcon/tests/test_after_hooks.py: 263.654189825058
test_single in /home/kaiyaok2/PythonProjects/falcon/tests/test_uri_templates.py: 268.83774423599243
test_same_level_complex_var in /home/kaiyaok2/PythonProjects/falcon/tests/test_uri_templates.py: 268.92537569999695
test_with_and_without_trailing_slash in /home/kaiyaok2/PythonProjects/falcon/tests/test_uri_templates.py: 269.0148723125458
test_with_and_without_trailing_slash in /home/kaiyaok2/PythonProjects/falcon/tests/test_uri_templates.py: 269.10854482650757
test_float_converter in /home/kaiyaok2/PythonProjects/falcon/tests/test_uri_templates.py: 269.2045707702637
test_datetime_converter in /home/kaiyaok2/PythonProjects/falcon/tests/test_uri_templates.py: 269.28638648986816
test_single_trailing_slash in /home/kaiyaok2/PythonProjects/falcon/tests/test_uri_templates.py: 269.3967020511627
test_float_converter in /home/kaiyaok2/PythonProjects/falcon/tests/test_uri_templates.py: 269.5282323360443
test_datetime_converter in /home/kaiyaok2/PythonProjects/falcon/tests/test_uri_templates.py: 269.6240909099579
test_float_converter in /home/kaiyaok2/PythonProjects/falcon/tests/test_uri_templates.py: 269.72793793678284
test_datetime_converter in /home/kaiyaok2/PythonProjects/falcon/tests/test_uri_templates.py: 271.4918189048767
test_same_level_complex_var in /home/kaiyaok2/PythonProjects/falcon/tests/test_uri_templates.py: 271.58356738090515
test_root_path in /home/kaiyaok2/PythonProjects/falcon/tests/test_uri_templates.py: 271.68777084350586
test_single in /home/kaiyaok2/PythonProjects/falcon/tests/test_uri_templates.py: 271.7972264289856
test_int_converter in /home/kaiyaok2/PythonProjects/falcon/tests/test_uri_templates.py: 271.8874583244324
test_int_converter in /home/kaiyaok2/PythonProjects/falcon/tests/test_uri_templates.py: 271.97948813438416
test_float_converter in /home/kaiyaok2/PythonProjects/falcon/tests/test_uri_templates.py: 272.0754225254059
test_uuid_converter in /home/kaiyaok2/PythonProjects/falcon/tests/test_uri_templates.py: 272.1599884033203
test_float_converter_non_finite_allowed in /home/kaiyaok2/PythonProjects/falcon/tests/test_uri_templates.py: 272.2694625854492
test_datetime_converter in /home/kaiyaok2/PythonProjects/falcon/tests/test_uri_templates.py: 272.4035713672638
test_float_converter in /home/kaiyaok2/PythonProjects/falcon/tests/test_uri_templates.py: 274.1460452079773
test_int_converter in /home/kaiyaok2/PythonProjects/falcon/tests/test_uri_templates.py: 274.23341608047485
test_uuid_converter in /home/kaiyaok2/PythonProjects/falcon/tests/test_uri_templates.py: 274.3322100639343
test_uuid_converter in /home/kaiyaok2/PythonProjects/falcon/tests/test_uri_templates.py: 274.42090344429016
test_float_converter_non_finite_allowed in /home/kaiyaok2/PythonProjects/falcon/tests/test_uri_templates.py: 274.51438307762146
test_float_converter_non_finite_allowed in /home/kaiyaok2/PythonProjects/falcon/tests/test_uri_templates.py: 274.6033446788788
test_uuid_converter in /home/kaiyaok2/PythonProjects/falcon/tests/test_uri_templates.py: 274.6829812526703
test_float_converter_non_finite_disallowed in /home/kaiyaok2/PythonProjects/falcon/tests/test_uri_templates.py: 274.79026675224304
test_float_converter in /home/kaiyaok2/PythonProjects/falcon/tests/test_uri_templates.py: 274.8703610897064
test_uuid_converter in /home/kaiyaok2/PythonProjects/falcon/tests/test_uri_templates.py: 274.96086955070496
test_int_converter_rejections in /home/kaiyaok2/PythonProjects/falcon/tests/test_uri_templates.py: 277.0572018623352
test_converter_custom in /home/kaiyaok2/PythonProjects/falcon/tests/test_uri_templates.py: 277.1689202785492
test_float_converter in /home/kaiyaok2/PythonProjects/falcon/tests/test_uri_templates.py: 277.302125453949
test_converter_custom in /home/kaiyaok2/PythonProjects/falcon/tests/test_uri_templates.py: 277.3985815048218
test_no_vars in /home/kaiyaok2/PythonProjects/falcon/tests/test_uri_templates.py: 277.4834101200104
test_int_converter_rejections in /home/kaiyaok2/PythonProjects/falcon/tests/test_uri_templates.py: 277.5820047855377
test_float_converter in /home/kaiyaok2/PythonProjects/falcon/tests/test_uri_templates.py: 277.66841292381287
test_int_converter_rejections in /home/kaiyaok2/PythonProjects/falcon/tests/test_uri_templates.py: 277.7606863975525
test_float_converter in /home/kaiyaok2/PythonProjects/falcon/tests/test_uri_templates.py: 277.8510916233063
test_uuid_converter in /home/kaiyaok2/PythonProjects/falcon/tests/test_uri_templates.py: 277.9379279613495
test_special_chars in /home/kaiyaok2/PythonProjects/falcon/tests/test_uri_templates.py: 278.02287006378174
test_float_converter in /home/kaiyaok2/PythonProjects/falcon/tests/test_uri_templates.py: 279.98526215553284
test_float_converter in /home/kaiyaok2/PythonProjects/falcon/tests/test_uri_templates.py: 280.0896363258362
test_adding_suffix_routes in /home/kaiyaok2/PythonProjects/falcon/tests/test_uri_templates.py: 280.184531211853
test_single in /home/kaiyaok2/PythonProjects/falcon/tests/test_uri_templates.py: 280.29031586647034
test_int_converter in /home/kaiyaok2/PythonProjects/falcon/tests/test_uri_templates.py: 280.4088132381439
test_uuid_converter_complex_segment in /home/kaiyaok2/PythonProjects/falcon/tests/test_uri_templates.py: 280.51123666763306
test_float_converter in /home/kaiyaok2/PythonProjects/falcon/tests/test_uri_templates.py: 280.5932397842407
test_converter_custom in /home/kaiyaok2/PythonProjects/falcon/tests/test_uri_templates.py: 280.6743025779724
test_single_path_segment in /home/kaiyaok2/PythonProjects/falcon/tests/test_uri_templates.py: 280.7583692073822
test_multiple in /home/kaiyaok2/PythonProjects/falcon/tests/test_uri_templates.py: 282.5127069950104
