test_jsonchema_validator in /home/kaiyaok2/PythonProjects/falcon/tests/asgi/test_cythonized_asgi.py: 5.045522928237915
test_hooks in /home/kaiyaok2/PythonProjects/falcon/tests/asgi/test_cythonized_asgi.py: 5.184541463851929
test_unset_cookies_samesite in /home/kaiyaok2/PythonProjects/falcon/tests/test_cookies.py: 5.451261520385742
test_none_same_site_value in /home/kaiyaok2/PythonProjects/falcon/tests/test_cookies.py: 7.576096534729004
test_response_base_case in /home/kaiyaok2/PythonProjects/falcon/tests/test_cookies.py: 7.840513706207275
test_lax_same_site_value in /home/kaiyaok2/PythonProjects/falcon/tests/test_cookies.py: 8.093715906143188
test_cookie_expires_naive in /home/kaiyaok2/PythonProjects/falcon/tests/test_cookies.py: 8.377215385437012
test_strict_same_site_value in /home/kaiyaok2/PythonProjects/falcon/tests/test_cookies.py: 8.645705223083496
test_cookie_max_age_float_and_string in /home/kaiyaok2/PythonProjects/falcon/tests/test_cookies.py: 9.154449462890625
test_cookies_setable in /home/kaiyaok2/PythonProjects/falcon/tests/test_cookies.py: 9.477869987487793
test_response_disable_secure_globally in /home/kaiyaok2/PythonProjects/falcon/tests/test_cookies.py: 9.746735095977783
test_same_site_empty_string in /home/kaiyaok2/PythonProjects/falcon/tests/test_cookies.py: 12.319072008132935
test_unset_cookies in /home/kaiyaok2/PythonProjects/falcon/tests/test_cookies.py: 12.542677402496338
test_response_complex_case in /home/kaiyaok2/PythonProjects/falcon/tests/test_cookies.py: 12.773924350738525
test_cookie_expires_aware in /home/kaiyaok2/PythonProjects/falcon/tests/test_cookies.py: 13.056988000869751
test_response_unset_cookie in /home/kaiyaok2/PythonProjects/falcon/tests/test_cookies.py: 13.327325344085693
test_cookie_timezone in /home/kaiyaok2/PythonProjects/falcon/tests/test_cookies.py: 13.512288093566895
test_cookie_max_age_float_and_string in /home/kaiyaok2/PythonProjects/falcon/tests/test_cookies.py: 13.645378112792969
test_simulate_remote_addr in /home/kaiyaok2/PythonProjects/falcon/tests/test_utils.py: 20.683598518371582
test_override_method_with_extras in /home/kaiyaok2/PythonProjects/falcon/tests/test_utils.py: 23.133787631988525
test_simulate_remote_addr in /home/kaiyaok2/PythonProjects/falcon/tests/test_utils.py: 23.413370370864868
test_simulate_hostname in /home/kaiyaok2/PythonProjects/falcon/tests/test_utils.py: 23.82476496696472
test_simulate_remote_addr in /home/kaiyaok2/PythonProjects/falcon/tests/test_utils.py: 24.335890531539917
test_default_headers_with_override in /home/kaiyaok2/PythonProjects/falcon/tests/test_utils.py: 24.90518546104431
test_path_must_start_with_slash in /home/kaiyaok2/PythonProjects/falcon/tests/test_utils.py: 28.503650903701782
test_default_headers in /home/kaiyaok2/PythonProjects/falcon/tests/test_utils.py: 28.944512844085693
test_simulate_remote_addr in /home/kaiyaok2/PythonProjects/falcon/tests/test_utils.py: 29.251368284225464
test_query_string_no_question in /home/kaiyaok2/PythonProjects/falcon/tests/test_utils.py: 29.578706979751587
test_cached_text_in_result in /home/kaiyaok2/PythonProjects/falcon/tests/test_utils.py: 29.903176069259644
test_status in /home/kaiyaok2/PythonProjects/falcon/tests/test_utils.py: 33.49951505661011
test_simulate_remote_addr in /home/kaiyaok2/PythonProjects/falcon/tests/test_utils.py: 33.943806409835815
test_query_string in /home/kaiyaok2/PythonProjects/falcon/tests/test_utils.py: 34.29108262062073
test_query_string_in_path in /home/kaiyaok2/PythonProjects/falcon/tests/test_utils.py: 34.57981777191162
test_client_simulate_aliases in /home/kaiyaok2/PythonProjects/falcon/tests/test_testing.py: 34.67002534866333
test_client_simulate_aliases in /home/kaiyaok2/PythonProjects/falcon/tests/test_testing.py: 34.763399600982666
test_client_simulate_aliases in /home/kaiyaok2/PythonProjects/falcon/tests/test_testing.py: 34.83328032493591
test_client_simulate_aliases in /home/kaiyaok2/PythonProjects/falcon/tests/test_testing.py: 34.89930319786072
test_client_simulate_aliases in /home/kaiyaok2/PythonProjects/falcon/tests/test_testing.py: 34.97298836708069
test_client_simulate_aliases in /home/kaiyaok2/PythonProjects/falcon/tests/test_testing.py: 35.043994188308716
test_client_simulate_aliases in /home/kaiyaok2/PythonProjects/falcon/tests/test_testing.py: 35.11549496650696
test_client_simulate_aliases in /home/kaiyaok2/PythonProjects/falcon/tests/test_testing.py: 35.185230016708374
test_log_get_request in /home/kaiyaok2/PythonProjects/falcon/tests/test_middleware.py: 35.432875633239746
test_response_middleware_raises_exception in /home/kaiyaok2/PythonProjects/falcon/tests/test_middleware.py: 35.65321183204651
test_skip_process_resource in /home/kaiyaok2/PythonProjects/falcon/tests/test_middleware.py: 38.83185005187988
test_log_get_request in /home/kaiyaok2/PythonProjects/falcon/tests/test_middleware.py: 39.35270118713379
test_error_composed_before_resp_middleware_called in /home/kaiyaok2/PythonProjects/falcon/tests/test_middleware.py: 39.78075170516968
test_http_status_raised_from_error_handler in /home/kaiyaok2/PythonProjects/falcon/tests/test_middleware.py: 40.16008996963501
test_can_access_resource_params in /home/kaiyaok2/PythonProjects/falcon/tests/test_middleware.py: 40.58254384994507
test_can_access_resource_params in /home/kaiyaok2/PythonProjects/falcon/tests/test_middleware.py: 41.04098725318909
test_base_path_is_removed_before_routing in /home/kaiyaok2/PythonProjects/falcon/tests/test_middleware.py: 41.44928956031799
test_dont_need_params_in_signature in /home/kaiyaok2/PythonProjects/falcon/tests/test_middleware.py: 41.654115438461304
test_process_request_cached in /home/kaiyaok2/PythonProjects/falcon/tests/test_middleware.py: 42.01150608062744
test_process_request_cached in /home/kaiyaok2/PythonProjects/falcon/tests/test_middleware.py: 45.50605249404907
test_process_resource_cached in /home/kaiyaok2/PythonProjects/falcon/tests/test_middleware.py: 45.9939169883728
test_process_resource_cached in /home/kaiyaok2/PythonProjects/falcon/tests/test_middleware.py: 46.516549825668335
test_process_request_not_cached in /home/kaiyaok2/PythonProjects/falcon/tests/test_middleware.py: 46.92321848869324
test_generate_trans_id_with_request in /home/kaiyaok2/PythonProjects/falcon/tests/test_middleware.py: 47.13012099266052
test_order_independent_mw_executed_when_exception_in_req in /home/kaiyaok2/PythonProjects/falcon/tests/test_middleware.py: 47.55416774749756
test_order_mw_executed_when_exception_in_rsrc in /home/kaiyaok2/PythonProjects/falcon/tests/test_middleware.py: 48.02853345870972
test_order_mw_executed_when_exception_in_req in /home/kaiyaok2/PythonProjects/falcon/tests/test_middleware.py: 48.54741191864014
test_independent_middleware_execution_order in /home/kaiyaok2/PythonProjects/falcon/tests/test_middleware.py: 52.376320123672485
test_inner_mw_throw_exception_while_processing_resp in /home/kaiyaok2/PythonProjects/falcon/tests/test_middleware.py: 52.74110746383667
test_inner_mw_throw_exception in /home/kaiyaok2/PythonProjects/falcon/tests/test_middleware.py: 53.06013560295105
test_legacy_middleware_called_with_correct_args in /home/kaiyaok2/PythonProjects/falcon/tests/test_middleware.py: 53.327115058898926
test_order_independent_mw_executed_when_exception_in_resp in /home/kaiyaok2/PythonProjects/falcon/tests/test_middleware.py: 53.68428373336792
test_inner_mw_with_ex_handler_throw_exception in /home/kaiyaok2/PythonProjects/falcon/tests/test_middleware.py: 53.92124271392822
test_multiple_response_mw_throw_exception in /home/kaiyaok2/PythonProjects/falcon/tests/test_middleware.py: 54.198291540145874
test_generate_trans_id_and_time_with_request in /home/kaiyaok2/PythonProjects/falcon/tests/test_middleware.py: 54.51533079147339
test_order_mw_executed_when_exception_in_resp in /home/kaiyaok2/PythonProjects/falcon/tests/test_middleware.py: 54.80336856842041
test_generate_trans_id_and_time_with_request in /home/kaiyaok2/PythonProjects/falcon/tests/test_middleware.py: 55.01102542877197
test_middleware_execution_order in /home/kaiyaok2/PythonProjects/falcon/tests/test_middleware.py: 57.71135067939758
test_outer_mw_with_ex_handler_throw_exception in /home/kaiyaok2/PythonProjects/falcon/tests/test_middleware.py: 57.97712731361389
test_order_independent_mw_executed_when_exception_in_rsrc in /home/kaiyaok2/PythonProjects/falcon/tests/test_middleware.py: 58.243661403656006
test_api_initialization_with_cors_enabled_and_middleware_param in /home/kaiyaok2/PythonProjects/falcon/tests/test_middleware.py: 58.61202788352966
test_api_initialization_with_cors_enabled_and_middleware_param in /home/kaiyaok2/PythonProjects/falcon/tests/test_middleware.py: 58.8819215297699
test_api_initialization_with_cors_enabled_and_middleware_param in /home/kaiyaok2/PythonProjects/falcon/tests/test_middleware.py: 59.19605278968811
test_api_initialization_with_cors_enabled_and_middleware_param in /home/kaiyaok2/PythonProjects/falcon/tests/test_middleware.py: 59.49470019340515
test_catch_http_no_route_error in /home/kaiyaok2/PythonProjects/falcon/tests/test_error_handlers.py: 64.02975296974182
test_caught_error_async in /home/kaiyaok2/PythonProjects/falcon/tests/test_error_handlers.py: 64.17257046699524
test_handler_multiple_exception_iterable in /home/kaiyaok2/PythonProjects/falcon/tests/test_error_handlers.py: 64.32084965705872
test_subclass_error in /home/kaiyaok2/PythonProjects/falcon/tests/test_error_handlers.py: 64.4749972820282
test_handler_multiple_exception_iterable in /home/kaiyaok2/PythonProjects/falcon/tests/test_error_handlers.py: 64.66595959663391
test_error_precedence_subclass in /home/kaiyaok2/PythonProjects/falcon/tests/test_error_handlers.py: 65.01658725738525
test_invalid_add_exception_handler_input in /home/kaiyaok2/PythonProjects/falcon/tests/test_error_handlers.py: 65.14973449707031
test_invalid_add_exception_handler_input in /home/kaiyaok2/PythonProjects/falcon/tests/test_error_handlers.py: 65.3327898979187
test_uncaught_error_else in /home/kaiyaok2/PythonProjects/falcon/tests/test_error_handlers.py: 68.40324902534485
test_error_precedence_duplicate in /home/kaiyaok2/PythonProjects/falcon/tests/test_error_handlers.py: 68.68073391914368
test_handler_single_exception_iterable in /home/kaiyaok2/PythonProjects/falcon/tests/test_error_handlers.py: 68.85700988769531
test_uncaught_python_error in /home/kaiyaok2/PythonProjects/falcon/tests/test_error_handlers.py: 69.04374575614929
test_handle_not_defined in /home/kaiyaok2/PythonProjects/falcon/tests/test_error_handlers.py: 69.19277453422546
test_converted_error in /home/kaiyaok2/PythonProjects/falcon/tests/test_error_handlers.py: 69.32577586174011
test_error_precedence_subclass_order_indifference in /home/kaiyaok2/PythonProjects/falcon/tests/test_error_handlers.py: 69.44868564605713
test_caught_error in /home/kaiyaok2/PythonProjects/falcon/tests/test_error_handlers.py: 69.61644887924194
test_uncaught_error in /home/kaiyaok2/PythonProjects/falcon/tests/test_error_handlers.py: 69.82670021057129
test_uncaught_python_error in /home/kaiyaok2/PythonProjects/falcon/tests/test_error_handlers.py: 72.69794011116028
test_uncaught_python_error in /home/kaiyaok2/PythonProjects/falcon/tests/test_error_handlers.py: 72.93227338790894
test_invalid_add_exception_handler_input in /home/kaiyaok2/PythonProjects/falcon/tests/test_error_handlers.py: 73.18430280685425
test_invalid_add_exception_handler_input in /home/kaiyaok2/PythonProjects/falcon/tests/test_error_handlers.py: 73.51291608810425
test_body_is_set in /home/kaiyaok2/PythonProjects/falcon/tests/test_error_handlers.py: 73.70575833320618
test_media_is_set in /home/kaiyaok2/PythonProjects/falcon/tests/test_error_handlers.py: 73.99996638298035
test_data_is_set in /home/kaiyaok2/PythonProjects/falcon/tests/test_error_handlers.py: 74.33901572227478
test_data_is_set in /home/kaiyaok2/PythonProjects/falcon/tests/test_error_handlers.py: 74.6843888759613
test_body_is_set in /home/kaiyaok2/PythonProjects/falcon/tests/test_error_handlers.py: 74.88747835159302
test_media_is_set in /home/kaiyaok2/PythonProjects/falcon/tests/test_error_handlers.py: 78.10944366455078
test_sse in /home/kaiyaok2/PythonProjects/falcon/tests/asgi/test_asgi_servers.py: 93.96451210975647
test_post_multipart_form in /home/kaiyaok2/PythonProjects/falcon/tests/asgi/test_asgi_servers.py: 109.17793345451355
test_head_405 in /home/kaiyaok2/PythonProjects/falcon/tests/asgi/test_asgi_servers.py: 124.73822331428528
test_sse_client_disconnects_early in /home/kaiyaok2/PythonProjects/falcon/tests/asgi/test_asgi_servers.py: 140.2382140159607
test_post_multiple in /home/kaiyaok2/PythonProjects/falcon/tests/asgi/test_asgi_servers.py: 155.7910017967224
test_post_read_bounded_stream_no_body in /home/kaiyaok2/PythonProjects/falcon/tests/asgi/test_asgi_servers.py: 171.06738138198853
test_put in /home/kaiyaok2/PythonProjects/falcon/tests/asgi/test_asgi_servers.py: 186.46405458450317
test_get in /home/kaiyaok2/PythonProjects/falcon/tests/asgi/test_asgi_servers.py: 201.84749841690063
test_stream_chunked_request in /home/kaiyaok2/PythonProjects/falcon/tests/asgi/test_asgi_servers.py: 217.3377537727356
test_post_read_bounded_stream in /home/kaiyaok2/PythonProjects/falcon/tests/asgi/test_asgi_servers.py: 232.90923857688904
test_post_invalid_content_length in /home/kaiyaok2/PythonProjects/falcon/tests/asgi/test_asgi_servers.py: 248.27655577659607
test_post_read_bounded_stream_large in /home/kaiyaok2/PythonProjects/falcon/tests/asgi/test_asgi_servers.py: 263.4788815975189
test_close_code_on_unhandled_error in /home/kaiyaok2/PythonProjects/falcon/tests/asgi/test_asgi_servers.py: 279.0014853477478
test_hello in /home/kaiyaok2/PythonProjects/falcon/tests/asgi/test_asgi_servers.py: 294.3863446712494
test_select_subprotocol_known in /home/kaiyaok2/PythonProjects/falcon/tests/asgi/test_asgi_servers.py: 309.87230134010315
test_close_code_on_unhandled_http_error in /home/kaiyaok2/PythonProjects/falcon/tests/asgi/test_asgi_servers.py: 325.1380877494812
test_rejected in /home/kaiyaok2/PythonProjects/falcon/tests/asgi/test_asgi_servers.py: 340.36369252204895
test_passing_path_params in /home/kaiyaok2/PythonProjects/falcon/tests/asgi/test_asgi_servers.py: 355.934933423996
test_missing_responder in /home/kaiyaok2/PythonProjects/falcon/tests/asgi/test_asgi_servers.py: 371.32444405555725
test_select_subprotocol_known in /home/kaiyaok2/PythonProjects/falcon/tests/asgi/test_asgi_servers.py: 386.806663274765
test_type_mismatch in /home/kaiyaok2/PythonProjects/falcon/tests/asgi/test_asgi_servers.py: 402.08935737609863
test_recv_before_accept in /home/kaiyaok2/PythonProjects/falcon/tests/asgi/test_asgi_servers.py: 417.5538721084595
test_send_before_accept in /home/kaiyaok2/PythonProjects/falcon/tests/asgi/test_asgi_servers.py: 432.9354918003082
test_rejected in /home/kaiyaok2/PythonProjects/falcon/tests/asgi/test_asgi_servers.py: 448.38761043548584
test_select_subprotocol_unknown in /home/kaiyaok2/PythonProjects/falcon/tests/asgi/test_asgi_servers.py: 463.72560954093933
test_hello in /home/kaiyaok2/PythonProjects/falcon/tests/asgi/test_asgi_servers.py: 479.09363555908203
test_rejected in /home/kaiyaok2/PythonProjects/falcon/tests/asgi/test_asgi_servers.py: 494.7656285762787
test_disconnecting_client_early in /home/kaiyaok2/PythonProjects/falcon/tests/asgi/test_asgi_servers.py: 510.30610847473145
test_invalid_close_code in /home/kaiyaok2/PythonProjects/falcon/tests/asgi/test_asgi_servers.py: 525.6728363037109
test_hello in /home/kaiyaok2/PythonProjects/falcon/tests/asgi/test_asgi_servers.py: 541.039439201355
test_rejected in /home/kaiyaok2/PythonProjects/falcon/tests/asgi/test_asgi_servers.py: 556.5427842140198
test_hello in /home/kaiyaok2/PythonProjects/falcon/tests/asgi/test_asgi_servers.py: 571.9236459732056
test_type_mismatch in /home/kaiyaok2/PythonProjects/falcon/tests/asgi/test_asgi_servers.py: 587.3514568805695
test_type_mismatch in /home/kaiyaok2/PythonProjects/falcon/tests/asgi/test_asgi_servers.py: 602.7406957149506
test_type_mismatch in /home/kaiyaok2/PythonProjects/falcon/tests/asgi/test_asgi_servers.py: 617.9137170314789
test_add_sync_sink_with_wrapping in /home/kaiyaok2/PythonProjects/falcon/tests/test_sinks.py: 618.0069782733917
test_route_precedence in /home/kaiyaok2/PythonProjects/falcon/tests/test_sinks.py: 618.1515054702759
test_with_route in /home/kaiyaok2/PythonProjects/falcon/tests/test_sinks.py: 618.300900220871
test_route_precedence_with_id in /home/kaiyaok2/PythonProjects/falcon/tests/test_sinks.py: 618.4690237045288
test_route_precedence_with_both_id in /home/kaiyaok2/PythonProjects/falcon/tests/test_sinks.py: 618.6119496822357
test_custom_error_serializer_optional_representation in /home/kaiyaok2/PythonProjects/falcon/tests/test_httperror.py: 623.2759714126587
test_410_without_body in /home/kaiyaok2/PythonProjects/falcon/tests/test_httperror.py: 623.7734749317169
test_503_integer_retry_after in /home/kaiyaok2/PythonProjects/falcon/tests/test_httperror.py: 624.3226404190063
test_414_with_custom_kwargs in /home/kaiyaok2/PythonProjects/falcon/tests/test_httperror.py: 624.6973683834076
test_404_with_body in /home/kaiyaok2/PythonProjects/falcon/tests/test_httperror.py: 625.3535950183868
test_invalid_header in /home/kaiyaok2/PythonProjects/falcon/tests/test_httperror.py: 625.9528465270996
test_base_class in /home/kaiyaok2/PythonProjects/falcon/tests/test_httperror.py: 626.7154288291931
test_serialize_error_uses_media_handler in /home/kaiyaok2/PythonProjects/falcon/tests/test_httperror.py: 627.3147261142731
test_no_description_json in /home/kaiyaok2/PythonProjects/falcon/tests/test_httperror.py: 631.7089099884033
test_414 in /home/kaiyaok2/PythonProjects/falcon/tests/test_httperror.py: 632.1094756126404
test_forbidden in /home/kaiyaok2/PythonProjects/falcon/tests/test_httperror.py: 632.6311869621277
test_title_default_message_if_none in /home/kaiyaok2/PythonProjects/falcon/tests/test_httperror.py: 633.1415770053864
test_410_with_body in /home/kaiyaok2/PythonProjects/falcon/tests/test_httperror.py: 633.4664599895477
test_epic_fail_json in /home/kaiyaok2/PythonProjects/falcon/tests/test_httperror.py: 633.8202514648438
test_416 in /home/kaiyaok2/PythonProjects/falcon/tests/test_httperror.py: 634.2541136741638
test_custom_error_serializer in /home/kaiyaok2/PythonProjects/falcon/tests/test_httperror.py: 639.1530055999756
test_405_with_body in /home/kaiyaok2/PythonProjects/falcon/tests/test_httperror.py: 639.7202665805817
test_unicode_xml in /home/kaiyaok2/PythonProjects/falcon/tests/test_httperror.py: 640.0309782028198
test_forbidden in /home/kaiyaok2/PythonProjects/falcon/tests/test_httperror.py: 640.5394313335419
test_invalid_param in /home/kaiyaok2/PythonProjects/falcon/tests/test_httperror.py: 641.0497171878815
test_413 in /home/kaiyaok2/PythonProjects/falcon/tests/test_httperror.py: 641.2929759025574
test_429_no_retry_after in /home/kaiyaok2/PythonProjects/falcon/tests/test_httperror.py: 641.8672912120819
test_405_without_body in /home/kaiyaok2/PythonProjects/falcon/tests/test_httperror.py: 642.8158211708069
test_411 in /home/kaiyaok2/PythonProjects/falcon/tests/test_httperror.py: 651.0207226276398
test_client_does_not_accept_anything in /home/kaiyaok2/PythonProjects/falcon/tests/test_httperror.py: 651.3983416557312
test_429 in /home/kaiyaok2/PythonProjects/falcon/tests/test_httperror.py: 651.9288105964661
test_405_without_body_with_extra_headers_double_check in /home/kaiyaok2/PythonProjects/falcon/tests/test_httperror.py: 652.2099087238312
test_epic_fail_xml in /home/kaiyaok2/PythonProjects/falcon/tests/test_httperror.py: 652.4889340400696
test_title_default_message_if_none in /home/kaiyaok2/PythonProjects/falcon/tests/test_httperror.py: 652.8242344856262
test_no_description_xml in /home/kaiyaok2/PythonProjects/falcon/tests/test_httperror.py: 653.3211033344269
test_missing_param in /home/kaiyaok2/PythonProjects/falcon/tests/test_httperror.py: 653.6745929718018
test_missing_header in /home/kaiyaok2/PythonProjects/falcon/tests/test_httperror.py: 658.0284070968628
test_title_default_message_if_none in /home/kaiyaok2/PythonProjects/falcon/tests/test_httperror.py: 658.3581433296204
test_503_datetime_retry_after in /home/kaiyaok2/PythonProjects/falcon/tests/test_httperror.py: 658.5708532333374
test_401 in /home/kaiyaok2/PythonProjects/falcon/tests/test_httperror.py: 658.8155941963196
test_forbidden in /home/kaiyaok2/PythonProjects/falcon/tests/test_httperror.py: 659.0215559005737
test_custom_error_serializer_optional_representation in /home/kaiyaok2/PythonProjects/falcon/tests/test_httperror.py: 659.3224923610687
test_client_does_not_accept_json_or_xml in /home/kaiyaok2/PythonProjects/falcon/tests/test_httperror.py: 659.603845834732
test_misc in /home/kaiyaok2/PythonProjects/falcon/tests/test_httperror.py: 659.9691178798676
test_custom_error_serializer_optional_representation in /home/kaiyaok2/PythonProjects/falcon/tests/test_httperror.py: 663.8565027713776
test_serialize_no_json_media_handler in /home/kaiyaok2/PythonProjects/falcon/tests/test_httperror.py: 664.247740983963
test_title_default_message_if_none in /home/kaiyaok2/PythonProjects/falcon/tests/test_httperror.py: 664.5584576129913
test_custom_error_serializer_optional_representation in /home/kaiyaok2/PythonProjects/falcon/tests/test_httperror.py: 664.939391374588
test_414_with_description in /home/kaiyaok2/PythonProjects/falcon/tests/test_httperror.py: 665.2017705440521
test_temporary_413_integer_retry_after in /home/kaiyaok2/PythonProjects/falcon/tests/test_httperror.py: 665.4116103649139
test_429_datetime in /home/kaiyaok2/PythonProjects/falcon/tests/test_httperror.py: 665.8124828338623
test_unicode_json in /home/kaiyaok2/PythonProjects/falcon/tests/test_httperror.py: 669.6528489589691
test_epic_fail_xml in /home/kaiyaok2/PythonProjects/falcon/tests/test_httperror.py: 670.1663346290588
test_epic_fail_xml in /home/kaiyaok2/PythonProjects/falcon/tests/test_httperror.py: 670.6859092712402
test_title_default_message_if_none in /home/kaiyaok2/PythonProjects/falcon/tests/test_httperror.py: 671.2834875583649
test_title_default_message_if_none in /home/kaiyaok2/PythonProjects/falcon/tests/test_httperror.py: 671.5716633796692
test_epic_fail_xml in /home/kaiyaok2/PythonProjects/falcon/tests/test_httperror.py: 671.8395586013794
test_custom_serializer_no_representation in /home/kaiyaok2/PythonProjects/falcon/tests/test_httperror.py: 672.2367625236511
test_405_without_body_with_extra_headers in /home/kaiyaok2/PythonProjects/falcon/tests/test_httperror.py: 676.0197024345398
test_404_without_body in /home/kaiyaok2/PythonProjects/falcon/tests/test_httperror.py: 676.348295211792
test_414_with_title in /home/kaiyaok2/PythonProjects/falcon/tests/test_httperror.py: 676.6287760734558
test_temporary_413_datetime_retry_after in /home/kaiyaok2/PythonProjects/falcon/tests/test_httperror.py: 676.9366564750671
test_wrapped_resource_with_hooks_aware_of_resource in /home/kaiyaok2/PythonProjects/falcon/tests/test_after_hooks.py: 680.343339920044
test_resource_with_uri_fields in /home/kaiyaok2/PythonProjects/falcon/tests/test_after_hooks.py: 680.5638680458069
test_wrapped_resource in /home/kaiyaok2/PythonProjects/falcon/tests/test_after_hooks.py: 680.7683520317078
test_resource_with_uri_fields in /home/kaiyaok2/PythonProjects/falcon/tests/test_after_hooks.py: 680.9555060863495
test_wrapped_resource in /home/kaiyaok2/PythonProjects/falcon/tests/test_after_hooks.py: 684.5274202823639
test_enabled_cors_handles_preflighting_no_headers_in_req in /home/kaiyaok2/PythonProjects/falcon/tests/test_cors_middleware.py: 684.9670341014862
test_enabled_cors_no_origin in /home/kaiyaok2/PythonProjects/falcon/tests/test_cors_middleware.py: 685.3044250011444
test_disabled_cors_should_not_add_any_extra_headers in /home/kaiyaok2/PythonProjects/falcon/tests/test_cors_middleware.py: 685.6169106960297
test_enabled_cors_handles_preflighting in /home/kaiyaok2/PythonProjects/falcon/tests/test_cors_middleware.py: 685.8612747192383
test_enabled_cors_should_add_extra_headers_on_response in /home/kaiyaok2/PythonProjects/falcon/tests/test_cors_middleware.py: 686.0857200622559
test_enabled_cors_should_accept_all_origins_requests in /home/kaiyaok2/PythonProjects/falcon/tests/test_cors_middleware.py: 686.2875168323517
test_allow_origin in /home/kaiyaok2/PythonProjects/falcon/tests/test_cors_middleware.py: 686.4891457557678
test_expose_headers in /home/kaiyaok2/PythonProjects/falcon/tests/test_cors_middleware.py: 686.6874134540558
test_expose_headers in /home/kaiyaok2/PythonProjects/falcon/tests/test_cors_middleware.py: 686.8471405506134
test_allow_origin in /home/kaiyaok2/PythonProjects/falcon/tests/test_cors_middleware.py: 686.9896814823151
test_allow_origin_allow_credential in /home/kaiyaok2/PythonProjects/falcon/tests/test_cors_middleware.py: 687.1602258682251
test_allow_credential_list_or_str in /home/kaiyaok2/PythonProjects/falcon/tests/test_cors_middleware.py: 690.2016613483429
test_allow_credential_list_or_str in /home/kaiyaok2/PythonProjects/falcon/tests/test_cors_middleware.py: 690.4420239925385
test_allow_credential_existing_origin in /home/kaiyaok2/PythonProjects/falcon/tests/test_cors_middleware.py: 690.6573765277863
test_expose_headers in /home/kaiyaok2/PythonProjects/falcon/tests/test_cors_middleware.py: 690.8654220104218
test_allow_origin in /home/kaiyaok2/PythonProjects/falcon/tests/test_cors_middleware.py: 691.0516262054443
test_allow_credential_wildcard in /home/kaiyaok2/PythonProjects/falcon/tests/test_cors_middleware.py: 691.2430648803711
test_headers_as_list in /home/kaiyaok2/PythonProjects/falcon/tests/test_headers.py: 708.9752788543701
test_append_link_with_title in /home/kaiyaok2/PythonProjects/falcon/tests/test_headers.py: 709.3157925605774
test_request_latin1_headers in /home/kaiyaok2/PythonProjects/falcon/tests/test_headers.py: 712.9248769283295
test_append_link_complex in /home/kaiyaok2/PythonProjects/falcon/tests/test_headers.py: 713.3542878627777
test_content_disposition_inline_header in /home/kaiyaok2/PythonProjects/falcon/tests/test_headers.py: 713.9072332382202
test_no_content_type in /home/kaiyaok2/PythonProjects/falcon/tests/test_headers.py: 714.6902251243591
test_append_link_with_link_extension in /home/kaiyaok2/PythonProjects/falcon/tests/test_headers.py: 715.3691842556
test_content_disposition_attachment_header in /home/kaiyaok2/PythonProjects/falcon/tests/test_headers.py: 715.7055604457855
test_unicode_headers_contain_non_ascii in /home/kaiyaok2/PythonProjects/falcon/tests/test_headers.py: 716.0267426967621
test_content_disposition_attachment_header in /home/kaiyaok2/PythonProjects/falcon/tests/test_headers.py: 719.7154502868652
test_response_set_and_get_header in /home/kaiyaok2/PythonProjects/falcon/tests/test_headers.py: 720.0575349330902
test_get_header_as_int in /home/kaiyaok2/PythonProjects/falcon/tests/test_headers.py: 720.3323118686676
test_content_disposition_attachment_header in /home/kaiyaok2/PythonProjects/falcon/tests/test_headers.py: 720.5096883773804
test_content_disposition_attachment_header in /home/kaiyaok2/PythonProjects/falcon/tests/test_headers.py: 720.804046869278
test_content_disposition_attachment_header in /home/kaiyaok2/PythonProjects/falcon/tests/test_headers.py: 721.1067452430725
test_append_link_crossorigin in /home/kaiyaok2/PythonProjects/falcon/tests/test_headers.py: 721.2836651802063
test_declared_content_length_overriden_by_body_length in /home/kaiyaok2/PythonProjects/falcon/tests/test_headers.py: 721.4269745349884
test_vary_header in /home/kaiyaok2/PythonProjects/falcon/tests/test_headers.py: 725.1534671783447
test_request_multiple_header in /home/kaiyaok2/PythonProjects/falcon/tests/test_headers.py: 725.3590905666351
test_append_link_with_hreflang in /home/kaiyaok2/PythonProjects/falcon/tests/test_headers.py: 725.667533159256
test_append_link_with_title_star in /home/kaiyaok2/PythonProjects/falcon/tests/test_headers.py: 726.1913423538208
test_append_link_with_anchor in /home/kaiyaok2/PythonProjects/falcon/tests/test_headers.py: 726.5792462825775
test_append_link_multiple in /home/kaiyaok2/PythonProjects/falcon/tests/test_headers.py: 726.7416775226593
test_append_link_crossorigin in /home/kaiyaok2/PythonProjects/falcon/tests/test_headers.py: 727.076278924942
test_override_default_media_type in /home/kaiyaok2/PythonProjects/falcon/tests/test_headers.py: 727.4316256046295
test_default_media_type in /home/kaiyaok2/PythonProjects/falcon/tests/test_headers.py: 730.1825561523438
test_headers_with_custom_class_not_callable in /home/kaiyaok2/PythonProjects/falcon/tests/test_headers.py: 730.3684797286987
test_passthrough_request_headers in /home/kaiyaok2/PythonProjects/falcon/tests/test_headers.py: 730.5590255260468
test_unicode_headers_contain_non_ascii in /home/kaiyaok2/PythonProjects/falcon/tests/test_headers.py: 730.7501528263092
test_content_disposition_inline_header in /home/kaiyaok2/PythonProjects/falcon/tests/test_headers.py: 730.9314033985138
test_vary_star in /home/kaiyaok2/PythonProjects/falcon/tests/test_headers.py: 731.1822376251221
test_content_type_no_body in /home/kaiyaok2/PythonProjects/falcon/tests/test_headers.py: 731.4587931632996
test_content_disposition_inline_header in /home/kaiyaok2/PythonProjects/falcon/tests/test_headers.py: 734.8668215274811
test_append_link_single in /home/kaiyaok2/PythonProjects/falcon/tests/test_headers.py: 735.1148197650909
test_append_link_with_type_hint in /home/kaiyaok2/PythonProjects/falcon/tests/test_headers.py: 735.3797929286957
test_vary_header in /home/kaiyaok2/PythonProjects/falcon/tests/test_headers.py: 735.6928761005402
test_append_link_crossorigin in /home/kaiyaok2/PythonProjects/falcon/tests/test_headers.py: 735.9616029262543
test_append_link_crossorigin in /home/kaiyaok2/PythonProjects/falcon/tests/test_headers.py: 736.230101108551
test_content_disposition_attachment_header in /home/kaiyaok2/PythonProjects/falcon/tests/test_headers.py: 736.5029430389404
test_default_value in /home/kaiyaok2/PythonProjects/falcon/tests/test_headers.py: 736.7444622516632
test_response_append_header in /home/kaiyaok2/PythonProjects/falcon/tests/test_headers.py: 740.299932718277
test_declared_content_length_overridden_by_no_body in /home/kaiyaok2/PythonProjects/falcon/tests/test_headers.py: 740.496237039566
test_response_header_helpers_on_get in /home/kaiyaok2/PythonProjects/falcon/tests/test_headers.py: 740.7939264774323
test_no_content_type in /home/kaiyaok2/PythonProjects/falcon/tests/test_headers.py: 741.0443947315216
test_content_disposition_attachment_header in /home/kaiyaok2/PythonProjects/falcon/tests/test_headers.py: 741.2359437942505
test_set_headers_with_custom_class in /home/kaiyaok2/PythonProjects/falcon/tests/test_headers.py: 741.4399797916412
test_unicode_location_headers in /home/kaiyaok2/PythonProjects/falcon/tests/test_headers.py: 741.6587142944336
test_declared_content_length_on_head in /home/kaiyaok2/PythonProjects/falcon/tests/test_headers.py: 745.3105359077454
test_append_link_with_hreflang_multi in /home/kaiyaok2/PythonProjects/falcon/tests/test_headers.py: 745.7018091678619
test_no_content_length in /home/kaiyaok2/PythonProjects/falcon/tests/test_headers.py: 746.0848150253296
test_unset_header in /home/kaiyaok2/PythonProjects/falcon/tests/test_headers.py: 746.5108153820038
test_append_link_crossorigin in /home/kaiyaok2/PythonProjects/falcon/tests/test_headers.py: 746.9291658401489
test_custom_content_type in /home/kaiyaok2/PythonProjects/falcon/tests/test_headers.py: 747.2801654338837
test_override_default_media_type in /home/kaiyaok2/PythonProjects/falcon/tests/test_headers.py: 747.628191947937
test_append_link_crossorigin in /home/kaiyaok2/PythonProjects/falcon/tests/test_headers.py: 748.0223197937012
test_unset_header in /home/kaiyaok2/PythonProjects/falcon/tests/test_headers.py: 751.9133698940277
test_content_disposition_attachment_header in /home/kaiyaok2/PythonProjects/falcon/tests/test_headers.py: 752.2245762348175
test_required_header in /home/kaiyaok2/PythonProjects/falcon/tests/test_headers.py: 752.3994028568268
test_content_length in /home/kaiyaok2/PythonProjects/falcon/tests/test_headers.py: 752.6156723499298
test_declared_content_length_overriden_by_data_length in /home/kaiyaok2/PythonProjects/falcon/tests/test_headers.py: 752.8532900810242
test_expires_header in /home/kaiyaok2/PythonProjects/falcon/tests/test_headers.py: 753.0662627220154
test_no_content_length in /home/kaiyaok2/PythonProjects/falcon/tests/test_headers.py: 753.239804983139
test_override_default_media_type_missing_encoding in /home/kaiyaok2/PythonProjects/falcon/tests/test_headers.py: 756.1588566303253
test_unicode_headers_contain_non_ascii in /home/kaiyaok2/PythonProjects/falcon/tests/test_headers.py: 756.4012577533722
test_unicode_headers_contain_only_ascii in /home/kaiyaok2/PythonProjects/falcon/tests/test_headers.py: 756.65278673172
test_unicode_headers_contain_non_ascii in /home/kaiyaok2/PythonProjects/falcon/tests/test_headers.py: 756.9305655956268
test_meta_and_others_disallowed in /home/kaiyaok2/PythonProjects/falcon/tests/test_http_method_routing.py: 757.6810672283173
test_get in /home/kaiyaok2/PythonProjects/falcon/tests/test_http_method_routing.py: 757.8528943061829
test_report in /home/kaiyaok2/PythonProjects/falcon/tests/test_http_method_routing.py: 757.9948704242706
test_default_on_options in /home/kaiyaok2/PythonProjects/falcon/tests/test_http_method_routing.py: 758.133383512497
test_methods_not_allowed_simple in /home/kaiyaok2/PythonProjects/falcon/tests/test_http_method_routing.py: 760.6805167198181
test_post_not_allowed in /home/kaiyaok2/PythonProjects/falcon/tests/test_http_method_routing.py: 760.8585031032562
test_on_options in /home/kaiyaok2/PythonProjects/falcon/tests/test_http_method_routing.py: 761.0258433818817
test_meta_and_others_disallowed in /home/kaiyaok2/PythonProjects/falcon/tests/test_http_method_routing.py: 761.2576775550842
test_misc in /home/kaiyaok2/PythonProjects/falcon/tests/test_http_method_routing.py: 761.4336218833923
test_methods_not_allowed_complex in /home/kaiyaok2/PythonProjects/falcon/tests/test_http_method_routing.py: 761.6492874622345
test_put in /home/kaiyaok2/PythonProjects/falcon/tests/test_http_method_routing.py: 761.9311158657074
test_method_not_allowed_with_param in /home/kaiyaok2/PythonProjects/falcon/tests/test_http_method_routing.py: 762.1520524024963
test_error_handler in /home/kaiyaok2/PythonProjects/falcon/tests/test_inspect.py: 763.1419622898102
test_middleware_tree in /home/kaiyaok2/PythonProjects/falcon/tests/test_inspect.py: 763.2772397994995
test_middleware in /home/kaiyaok2/PythonProjects/falcon/tests/test_inspect.py: 763.4813876152039
test_app in /home/kaiyaok2/PythonProjects/falcon/tests/test_inspect.py: 763.6655237674713
test_routes in /home/kaiyaok2/PythonProjects/falcon/tests/test_inspect.py: 768.2451121807098
test_sink in /home/kaiyaok2/PythonProjects/falcon/tests/test_inspect.py: 768.6686170101166
test_static_routes in /home/kaiyaok2/PythonProjects/falcon/tests/test_inspect.py: 769.0972068309784
test_post_multipart_form in /home/kaiyaok2/PythonProjects/falcon/tests/test_wsgi_servers.py: 807.2646293640137
test_static_file_byte_range in /home/kaiyaok2/PythonProjects/falcon/tests/test_wsgi_servers.py: 837.6691317558289
test_static_file_byte_range in /home/kaiyaok2/PythonProjects/falcon/tests/test_wsgi_servers.py: 868.1692016124725
test_post_multipart_form in /home/kaiyaok2/PythonProjects/falcon/tests/test_wsgi_servers.py: 898.5746200084686
test_static_file_byte_range in /home/kaiyaok2/PythonProjects/falcon/tests/test_wsgi_servers.py: 929.2237241268158
test_static_file_byte_range in /home/kaiyaok2/PythonProjects/falcon/tests/test_wsgi_servers.py: 959.9060280323029
test_static_file_byte_range in /home/kaiyaok2/PythonProjects/falcon/tests/test_wsgi_servers.py: 990.2884550094604
test_get in /home/kaiyaok2/PythonProjects/falcon/tests/test_wsgi_servers.py: 1020.7174248695374
test_static_file_byte_range in /home/kaiyaok2/PythonProjects/falcon/tests/test_wsgi_servers.py: 1051.1800434589386
test_static_file in /home/kaiyaok2/PythonProjects/falcon/tests/test_wsgi_servers.py: 1081.4458663463593
test_get_deprecated in /home/kaiyaok2/PythonProjects/falcon/tests/test_wsgi_servers.py: 1111.961483001709
test_static_file_byte_range in /home/kaiyaok2/PythonProjects/falcon/tests/test_wsgi_servers.py: 1142.4527218341827
test_get_deprecated in /home/kaiyaok2/PythonProjects/falcon/tests/test_wsgi_servers.py: 1172.716299533844
test_get in /home/kaiyaok2/PythonProjects/falcon/tests/test_wsgi_servers.py: 1203.1660063266754
test_static_file_byte_range in /home/kaiyaok2/PythonProjects/falcon/tests/test_wsgi_servers.py: 1233.6237020492554
test_static_file in /home/kaiyaok2/PythonProjects/falcon/tests/test_wsgi_servers.py: 1263.9009721279144
test_adding_suffix_routes in /home/kaiyaok2/PythonProjects/falcon/tests/test_uri_templates.py: 1284.399668931961
test_datetime_converter in /home/kaiyaok2/PythonProjects/falcon/tests/test_uri_templates.py: 1284.7936799526215
test_float_converter in /home/kaiyaok2/PythonProjects/falcon/tests/test_uri_templates.py: 1285.1032207012177
test_same_level_complex_var in /home/kaiyaok2/PythonProjects/falcon/tests/test_uri_templates.py: 1285.3686950206757
test_float_converter_non_finite_allowed in /home/kaiyaok2/PythonProjects/falcon/tests/test_uri_templates.py: 1285.7934181690216
test_int_converter in /home/kaiyaok2/PythonProjects/falcon/tests/test_uri_templates.py: 1290.2965469360352
test_uuid_converter in /home/kaiyaok2/PythonProjects/falcon/tests/test_uri_templates.py: 1290.542397260666
test_converter_custom in /home/kaiyaok2/PythonProjects/falcon/tests/test_uri_templates.py: 1290.776935338974
test_uuid_converter in /home/kaiyaok2/PythonProjects/falcon/tests/test_uri_templates.py: 1291.0232524871826
test_float_converter_non_finite_disallowed in /home/kaiyaok2/PythonProjects/falcon/tests/test_uri_templates.py: 1291.2713782787323
test_single in /home/kaiyaok2/PythonProjects/falcon/tests/test_uri_templates.py: 1291.52494597435
test_int_converter in /home/kaiyaok2/PythonProjects/falcon/tests/test_uri_templates.py: 1291.732764005661
test_special_chars in /home/kaiyaok2/PythonProjects/falcon/tests/test_uri_templates.py: 1291.9372999668121
test_with_and_without_trailing_slash in /home/kaiyaok2/PythonProjects/falcon/tests/test_uri_templates.py: 1292.2022426128387
test_same_level_complex_var in /home/kaiyaok2/PythonProjects/falcon/tests/test_uri_templates.py: 1295.481121301651
test_float_converter in /home/kaiyaok2/PythonProjects/falcon/tests/test_uri_templates.py: 1295.7186751365662
test_float_converter in /home/kaiyaok2/PythonProjects/falcon/tests/test_uri_templates.py: 1295.9247291088104
test_no_vars in /home/kaiyaok2/PythonProjects/falcon/tests/test_uri_templates.py: 1296.1385440826416
test_datetime_converter in /home/kaiyaok2/PythonProjects/falcon/tests/test_uri_templates.py: 1296.3819317817688
test_float_converter_non_finite_allowed in /home/kaiyaok2/PythonProjects/falcon/tests/test_uri_templates.py: 1296.6067209243774
test_float_converter in /home/kaiyaok2/PythonProjects/falcon/tests/test_uri_templates.py: 1296.822060585022
test_float_converter in /home/kaiyaok2/PythonProjects/falcon/tests/test_uri_templates.py: 1297.0625576972961
test_converter_custom in /home/kaiyaok2/PythonProjects/falcon/tests/test_uri_templates.py: 1297.3006038665771
test_float_converter in /home/kaiyaok2/PythonProjects/falcon/tests/test_uri_templates.py: 1297.5210757255554
test_single_path_segment in /home/kaiyaok2/PythonProjects/falcon/tests/test_uri_templates.py: 1300.3017115592957
test_datetime_converter in /home/kaiyaok2/PythonProjects/falcon/tests/test_uri_templates.py: 1300.5398857593536
test_int_converter_rejections in /home/kaiyaok2/PythonProjects/falcon/tests/test_uri_templates.py: 1300.7406408786774
test_int_converter in /home/kaiyaok2/PythonProjects/falcon/tests/test_uri_templates.py: 1300.9331393241882
test_with_and_without_trailing_slash in /home/kaiyaok2/PythonProjects/falcon/tests/test_uri_templates.py: 1301.207401752472
test_float_converter in /home/kaiyaok2/PythonProjects/falcon/tests/test_uri_templates.py: 1301.4307599067688
test_uuid_converter in /home/kaiyaok2/PythonProjects/falcon/tests/test_uri_templates.py: 1301.6624388694763
test_float_converter_non_finite_allowed in /home/kaiyaok2/PythonProjects/falcon/tests/test_uri_templates.py: 1301.8505177497864
test_single in /home/kaiyaok2/PythonProjects/falcon/tests/test_uri_templates.py: 1302.0431537628174
test_uuid_converter in /home/kaiyaok2/PythonProjects/falcon/tests/test_uri_templates.py: 1302.2264716625214
test_uuid_converter in /home/kaiyaok2/PythonProjects/falcon/tests/test_uri_templates.py: 1305.0638461112976
test_int_converter in /home/kaiyaok2/PythonProjects/falcon/tests/test_uri_templates.py: 1305.3771858215332
test_uuid_converter in /home/kaiyaok2/PythonProjects/falcon/tests/test_uri_templates.py: 1305.6840660572052
test_int_converter_rejections in /home/kaiyaok2/PythonProjects/falcon/tests/test_uri_templates.py: 1305.9907538890839
test_float_converter in /home/kaiyaok2/PythonProjects/falcon/tests/test_uri_templates.py: 1306.2400119304657
test_int_converter_rejections in /home/kaiyaok2/PythonProjects/falcon/tests/test_uri_templates.py: 1306.4442596435547
test_float_converter in /home/kaiyaok2/PythonProjects/falcon/tests/test_uri_templates.py: 1306.6186645030975
test_single in /home/kaiyaok2/PythonProjects/falcon/tests/test_uri_templates.py: 1306.9472267627716
test_float_converter in /home/kaiyaok2/PythonProjects/falcon/tests/test_uri_templates.py: 1307.1164226531982
test_converter_custom in /home/kaiyaok2/PythonProjects/falcon/tests/test_uri_templates.py: 1307.344280719757
test_float_converter in /home/kaiyaok2/PythonProjects/falcon/tests/test_uri_templates.py: 1310.242019891739
test_float_converter in /home/kaiyaok2/PythonProjects/falcon/tests/test_uri_templates.py: 1310.435673713684
test_uuid_converter_complex_segment in /home/kaiyaok2/PythonProjects/falcon/tests/test_uri_templates.py: 1310.588611125946
test_datetime_converter in /home/kaiyaok2/PythonProjects/falcon/tests/test_uri_templates.py: 1310.7590243816376
test_multiple in /home/kaiyaok2/PythonProjects/falcon/tests/test_uri_templates.py: 1310.9339447021484
test_root_path in /home/kaiyaok2/PythonProjects/falcon/tests/test_uri_templates.py: 1311.087022781372
test_single_trailing_slash in /home/kaiyaok2/PythonProjects/falcon/tests/test_uri_templates.py: 1311.2492802143097
test_get_dict_valid in /home/kaiyaok2/PythonProjects/falcon/tests/test_query_params.py: 1311.4801125526428
test_option_auto_parse_qs_csv_multiple_fields_true in /home/kaiyaok2/PythonProjects/falcon/tests/test_query_params.py: 1311.6883578300476
test_blank in /home/kaiyaok2/PythonProjects/falcon/tests/test_query_params.py: 1311.9422273635864
test_required in /home/kaiyaok2/PythonProjects/falcon/tests/test_query_params.py: 1314.887125492096
test_option_auto_parse_qs_csv_simple_false in /home/kaiyaok2/PythonProjects/falcon/tests/test_query_params.py: 1315.1411786079407
test_required in /home/kaiyaok2/PythonProjects/falcon/tests/test_query_params.py: 1315.3955292701721
test_int_neg in /home/kaiyaok2/PythonProjects/falcon/tests/test_query_params.py: 1315.735059261322
test_has_param in /home/kaiyaok2/PythonProjects/falcon/tests/test_query_params.py: 1316.002269744873
test_default_auto_parse_csv_behaviour in /home/kaiyaok2/PythonProjects/falcon/tests/test_query_params.py: 1316.3562800884247
test_int in /home/kaiyaok2/PythonProjects/falcon/tests/test_query_params.py: 1316.72043800354
test_float_neg in /home/kaiyaok2/PythonProjects/falcon/tests/test_query_params.py: 1319.8754239082336
test_get_date_missing_param in /home/kaiyaok2/PythonProjects/falcon/tests/test_query_params.py: 1320.1913874149323
test_get_date_valid in /home/kaiyaok2/PythonProjects/falcon/tests/test_query_params.py: 1320.5331437587738
test_get_date_missing_param in /home/kaiyaok2/PythonProjects/falcon/tests/test_query_params.py: 1320.8204944133759
test_option_auto_parse_qs_csv_multiple_fields_true in /home/kaiyaok2/PythonProjects/falcon/tests/test_query_params.py: 1321.050339460373
test_param_property in /home/kaiyaok2/PythonProjects/falcon/tests/test_query_params.py: 1321.352688550949
test_get_datetime_valid in /home/kaiyaok2/PythonProjects/falcon/tests/test_query_params.py: 1321.6051189899445
test_get_date_valid in /home/kaiyaok2/PythonProjects/falcon/tests/test_query_params.py: 1325.812310218811
test_get_datetime_missing_param in /home/kaiyaok2/PythonProjects/falcon/tests/test_query_params.py: 1326.3974668979645
test_list_transformer in /home/kaiyaok2/PythonProjects/falcon/tests/test_query_params.py: 1327.0154478549957
test_blank in /home/kaiyaok2/PythonProjects/falcon/tests/test_query_params.py: 1327.54354763031
test_option_auto_parse_qs_csv_multiple_fields_true in /home/kaiyaok2/PythonProjects/falcon/tests/test_query_params.py: 1327.990779876709
test_float_neg in /home/kaiyaok2/PythonProjects/falcon/tests/test_query_params.py: 1328.2290675640106
test_required in /home/kaiyaok2/PythonProjects/falcon/tests/test_query_params.py: 1328.5924139022827
test_get_dict_store in /home/kaiyaok2/PythonProjects/falcon/tests/test_query_params.py: 1332.2401762008667
test_multiple_keys_as_float in /home/kaiyaok2/PythonProjects/falcon/tests/test_query_params.py: 1332.638807296753
test_get_dict_missing_param in /home/kaiyaok2/PythonProjects/falcon/tests/test_query_params.py: 1333.0919172763824
test_required in /home/kaiyaok2/PythonProjects/falcon/tests/test_query_params.py: 1333.4494342803955
test_option_auto_parse_qs_csv_simple_false in /home/kaiyaok2/PythonProjects/falcon/tests/test_query_params.py: 1333.798790693283
test_required in /home/kaiyaok2/PythonProjects/falcon/tests/test_query_params.py: 1334.0935316085815
test_get_datetime_valid_with_format in /home/kaiyaok2/PythonProjects/falcon/tests/test_query_params.py: 1334.4370157718658
test_option_auto_parse_qs_csv_multiple_fields_true in /home/kaiyaok2/PythonProjects/falcon/tests/test_query_params.py: 1338.1620914936066
test_list_type in /home/kaiyaok2/PythonProjects/falcon/tests/test_query_params.py: 1338.525191783905
test_float in /home/kaiyaok2/PythonProjects/falcon/tests/test_query_params.py: 1339.0139241218567
test_multiple_keys_as_bool in /home/kaiyaok2/PythonProjects/falcon/tests/test_query_params.py: 1339.3621883392334
test_list_type in /home/kaiyaok2/PythonProjects/falcon/tests/test_query_params.py: 1339.7138359546661
test_get_datetime_store in /home/kaiyaok2/PythonProjects/falcon/tests/test_query_params.py: 1340.0472259521484
test_get_datetime_valid_with_format in /home/kaiyaok2/PythonProjects/falcon/tests/test_query_params.py: 1340.4767181873322
test_option_auto_parse_qs_csv_complex_false in /home/kaiyaok2/PythonProjects/falcon/tests/test_query_params.py: 1343.6839332580566
test_option_auto_parse_qs_csv_simple_true in /home/kaiyaok2/PythonProjects/falcon/tests/test_query_params.py: 1344.0310153961182
test_multiple_form_keys in /home/kaiyaok2/PythonProjects/falcon/tests/test_query_params.py: 1344.5575895309448
test_option_auto_parse_qs_csv_multiple_fields_true in /home/kaiyaok2/PythonProjects/falcon/tests/test_query_params.py: 1345.191700220108
test_get_datetime_missing_param in /home/kaiyaok2/PythonProjects/falcon/tests/test_query_params.py: 1345.8111608028412
test_required in /home/kaiyaok2/PythonProjects/falcon/tests/test_query_params.py: 1346.3568942546844
test_option_auto_parse_qs_csv_complex_false in /home/kaiyaok2/PythonProjects/falcon/tests/test_query_params.py: 1346.726160287857
test_option_auto_parse_qs_csv_multiple_fields_true in /home/kaiyaok2/PythonProjects/falcon/tests/test_query_params.py: 1347.2136521339417
test_allowed_names in /home/kaiyaok2/PythonProjects/falcon/tests/test_query_params.py: 1350.4922680854797
test_option_auto_parse_qs_csv_multiple_fields_true in /home/kaiyaok2/PythonProjects/falcon/tests/test_query_params.py: 1351.1359961032867
test_get_datetime_valid in /home/kaiyaok2/PythonProjects/falcon/tests/test_query_params.py: 1351.6013128757477
test_multiple_keys_as_float in /home/kaiyaok2/PythonProjects/falcon/tests/test_query_params.py: 1352.1667425632477
test_get_date_valid_with_format in /home/kaiyaok2/PythonProjects/falcon/tests/test_query_params.py: 1352.7188758850098
test_none in /home/kaiyaok2/PythonProjects/falcon/tests/test_query_params.py: 1353.1993708610535
test_option_auto_parse_qs_csv_multiple_fields_false in /home/kaiyaok2/PythonProjects/falcon/tests/test_query_params.py: 1356.6619045734406
test_get_date_valid_with_format in /home/kaiyaok2/PythonProjects/falcon/tests/test_query_params.py: 1357.3365185260773
test_get_date_invalid in /home/kaiyaok2/PythonProjects/falcon/tests/test_query_params.py: 1358.0180578231812
test_list_type_blank in /home/kaiyaok2/PythonProjects/falcon/tests/test_query_params.py: 1358.6210260391235
test_get_date_store in /home/kaiyaok2/PythonProjects/falcon/tests/test_query_params.py: 1359.3846938610077
test_int_neg in /home/kaiyaok2/PythonProjects/falcon/tests/test_query_params.py: 1360.1004803180695
test_allowed_names in /home/kaiyaok2/PythonProjects/falcon/tests/test_query_params.py: 1360.4100770950317
test_default in /home/kaiyaok2/PythonProjects/falcon/tests/test_query_params.py: 1360.7495942115784
test_multiple_keys_as_bool in /home/kaiyaok2/PythonProjects/falcon/tests/test_query_params.py: 1363.8599388599396
test_default_auto_parse_csv_behaviour in /home/kaiyaok2/PythonProjects/falcon/tests/test_query_params.py: 1364.2813394069672
test_simple in /home/kaiyaok2/PythonProjects/falcon/tests/test_query_params.py: 1364.885722875595
test_uuid in /home/kaiyaok2/PythonProjects/falcon/tests/test_query_params.py: 1365.3412072658539
test_get_dict_missing_param in /home/kaiyaok2/PythonProjects/falcon/tests/test_query_params.py: 1365.6910009384155
test_multiple_form_keys_as_list in /home/kaiyaok2/PythonProjects/falcon/tests/test_query_params.py: 1366.0208599567413
test_get_param_as_json_no_handler_json in /home/kaiyaok2/PythonProjects/falcon/tests/test_query_params.py: 1366.4679198265076
test_bad_percentage in /home/kaiyaok2/PythonProjects/falcon/tests/test_query_params.py: 1371.143047094345
test_required in /home/kaiyaok2/PythonProjects/falcon/tests/test_query_params.py: 1371.7899680137634
test_option_auto_parse_qs_csv_multiple_fields_true in /home/kaiyaok2/PythonProjects/falcon/tests/test_query_params.py: 1372.3742129802704
test_required in /home/kaiyaok2/PythonProjects/falcon/tests/test_query_params.py: 1372.9504163265228
test_param_property in /home/kaiyaok2/PythonProjects/falcon/tests/test_query_params.py: 1373.3921806812286
test_get_dict_store in /home/kaiyaok2/PythonProjects/falcon/tests/test_query_params.py: 1373.7336156368256
test_option_auto_parse_qs_csv_multiple_fields_true in /home/kaiyaok2/PythonProjects/falcon/tests/test_query_params.py: 1374.249344587326
test_get_date_invalid in /home/kaiyaok2/PythonProjects/falcon/tests/test_query_params.py: 1374.6810994148254
test_get_dict_invalid in /home/kaiyaok2/PythonProjects/falcon/tests/test_query_params.py: 1379.3243169784546
test_option_auto_parse_qs_csv_multiple_fields_true in /home/kaiyaok2/PythonProjects/falcon/tests/test_query_params.py: 1379.9547708034515
test_required in /home/kaiyaok2/PythonProjects/falcon/tests/test_query_params.py: 1380.4546675682068
test_get_param_as_json_handler_json in /home/kaiyaok2/PythonProjects/falcon/tests/test_query_params.py: 1380.9111754894257
test_multiple_form_keys_as_list in /home/kaiyaok2/PythonProjects/falcon/tests/test_query_params.py: 1381.3876869678497
test_multiple_form_keys in /home/kaiyaok2/PythonProjects/falcon/tests/test_query_params.py: 1382.073163509369
test_option_auto_parse_qs_csv_multiple_fields_true in /home/kaiyaok2/PythonProjects/falcon/tests/test_query_params.py: 1383.1980986595154
test_option_auto_parse_qs_csv_multiple_fields_true in /home/kaiyaok2/PythonProjects/falcon/tests/test_query_params.py: 1387.346152305603
test_percent_encoded in /home/kaiyaok2/PythonProjects/falcon/tests/test_query_params.py: 1387.6571609973907
test_boolean_blank in /home/kaiyaok2/PythonProjects/falcon/tests/test_query_params.py: 1387.9852225780487
test_option_auto_parse_qs_csv_multiple_fields_true in /home/kaiyaok2/PythonProjects/falcon/tests/test_query_params.py: 1388.4600131511688
test_boolean in /home/kaiyaok2/PythonProjects/falcon/tests/test_query_params.py: 1389.0028414726257
test_option_auto_parse_qs_csv_multiple_fields_true in /home/kaiyaok2/PythonProjects/falcon/tests/test_query_params.py: 1389.7061021327972
test_get_dict_invalid in /home/kaiyaok2/PythonProjects/falcon/tests/test_query_params.py: 1390.3253464698792
test_float in /home/kaiyaok2/PythonProjects/falcon/tests/test_query_params.py: 1394.5223276615143
test_bad_percentage in /home/kaiyaok2/PythonProjects/falcon/tests/test_query_params.py: 1395.5068669319153
test_list_type_blank in /home/kaiyaok2/PythonProjects/falcon/tests/test_query_params.py: 1396.4693772792816
test_required in /home/kaiyaok2/PythonProjects/falcon/tests/test_query_params.py: 1397.2959246635437
test_required in /home/kaiyaok2/PythonProjects/falcon/tests/test_query_params.py: 1398.0255944728851
test_multiple_keys_as_int in /home/kaiyaok2/PythonProjects/falcon/tests/test_query_params.py: 1398.6364486217499
test_has_param in /home/kaiyaok2/PythonProjects/falcon/tests/test_query_params.py: 1399.1188275814056
test_required in /home/kaiyaok2/PythonProjects/falcon/tests/test_query_params.py: 1403.4313378334045
test_option_auto_parse_qs_csv_multiple_fields_true in /home/kaiyaok2/PythonProjects/falcon/tests/test_query_params.py: 1404.192348241806
test_boolean_blank in /home/kaiyaok2/PythonProjects/falcon/tests/test_query_params.py: 1404.6236596107483
test_none in /home/kaiyaok2/PythonProjects/falcon/tests/test_query_params.py: 1405.212887763977
test_get_date_store in /home/kaiyaok2/PythonProjects/falcon/tests/test_query_params.py: 1405.7753806114197
test_list_transformer in /home/kaiyaok2/PythonProjects/falcon/tests/test_query_params.py: 1406.3318293094635
test_option_auto_parse_qs_csv_multiple_fields_false in /home/kaiyaok2/PythonProjects/falcon/tests/test_query_params.py: 1407.045238494873
test_get_datetime_invalid in /home/kaiyaok2/PythonProjects/falcon/tests/test_query_params.py: 1410.1885838508606
test_option_auto_parse_qs_csv_multiple_fields_true in /home/kaiyaok2/PythonProjects/falcon/tests/test_query_params.py: 1410.569750547409
test_option_auto_parse_qs_csv_simple_true in /home/kaiyaok2/PythonProjects/falcon/tests/test_query_params.py: 1410.926927804947
test_boolean in /home/kaiyaok2/PythonProjects/falcon/tests/test_query_params.py: 1411.260523557663
test_int in /home/kaiyaok2/PythonProjects/falcon/tests/test_query_params.py: 1411.6694362163544
test_percent_encoded in /home/kaiyaok2/PythonProjects/falcon/tests/test_query_params.py: 1412.0591382980347
test_uuid in /home/kaiyaok2/PythonProjects/falcon/tests/test_query_params.py: 1412.4640231132507
test_get_datetime_store in /home/kaiyaok2/PythonProjects/falcon/tests/test_query_params.py: 1416.2909314632416
test_get_dict_valid in /home/kaiyaok2/PythonProjects/falcon/tests/test_query_params.py: 1416.8110852241516
test_get_datetime_invalid in /home/kaiyaok2/PythonProjects/falcon/tests/test_query_params.py: 1417.3201661109924
test_option_auto_parse_qs_csv_multiple_fields_true in /home/kaiyaok2/PythonProjects/falcon/tests/test_query_params.py: 1417.7486727237701
test_multiple_keys_as_int in /home/kaiyaok2/PythonProjects/falcon/tests/test_query_params.py: 1418.093978881836
test_default in /home/kaiyaok2/PythonProjects/falcon/tests/test_query_params.py: 1418.423523902893
test_option_auto_parse_qs_csv_multiple_fields_true in /home/kaiyaok2/PythonProjects/falcon/tests/test_query_params.py: 1418.854284286499
test_simple in /home/kaiyaok2/PythonProjects/falcon/tests/test_query_params.py: 1423.4247002601624
test_dont_auto_parse_by_default in /home/kaiyaok2/PythonProjects/falcon/tests/test_query_params.py: 1424.368982553482
test_http_methods_body_expected in /home/kaiyaok2/PythonProjects/falcon/tests/test_query_params.py: 1425.5656464099884
test_http_methods_body_not_expected in /home/kaiyaok2/PythonProjects/falcon/tests/test_query_params.py: 1426.8211348056793
test_empty_body in /home/kaiyaok2/PythonProjects/falcon/tests/test_query_params.py: 1427.6542580127716
test_http_methods_body_not_expected in /home/kaiyaok2/PythonProjects/falcon/tests/test_query_params.py: 1428.1630136966705
test_empty_body_no_content_length in /home/kaiyaok2/PythonProjects/falcon/tests/test_query_params.py: 1428.623253583908
test_http_methods_body_expected in /home/kaiyaok2/PythonProjects/falcon/tests/test_query_params.py: 1432.581876039505
test_http_methods_body_expected in /home/kaiyaok2/PythonProjects/falcon/tests/test_query_params.py: 1433.1115021705627
test_explicitly_disable_auto_parse in /home/kaiyaok2/PythonProjects/falcon/tests/test_query_params.py: 1433.6268899440765
test_http_methods_body_expected in /home/kaiyaok2/PythonProjects/falcon/tests/test_query_params.py: 1434.0929036140442
test_asgi_raises_error in /home/kaiyaok2/PythonProjects/falcon/tests/test_query_params.py: 1434.4694306850433
test_http_methods_body_expected in /home/kaiyaok2/PythonProjects/falcon/tests/test_query_params.py: 1434.8733847141266
test_non_ascii in /home/kaiyaok2/PythonProjects/falcon/tests/test_query_params.py: 1435.5924723148346
test_imported_from_c_modules in /home/kaiyaok2/PythonProjects/falcon/tests/test_cython.py: 1517.1183898448944
test_stream_has_private_read in /home/kaiyaok2/PythonProjects/falcon/tests/test_cython.py: 1517.1528313159943
test_routes_only in /home/kaiyaok2/PythonProjects/falcon/tests/test_cmd_inspect_app.py: 1517.5968034267426
test_inspect in /home/kaiyaok2/PythonProjects/falcon/tests/test_cmd_inspect_app.py: 1517.7192385196686
test_inspect in /home/kaiyaok2/PythonProjects/falcon/tests/test_cmd_inspect_app.py: 1517.814248085022
test_inspect in /home/kaiyaok2/PythonProjects/falcon/tests/test_cmd_inspect_app.py: 1517.9480948448181
test_routes_only in /home/kaiyaok2/PythonProjects/falcon/tests/test_cmd_inspect_app.py: 1518.0881736278534
test_routes_only in /home/kaiyaok2/PythonProjects/falcon/tests/test_cmd_inspect_app.py: 1518.2091076374054
test_inspect in /home/kaiyaok2/PythonProjects/falcon/tests/test_cmd_inspect_app.py: 1518.374115228653
test_routes_only in /home/kaiyaok2/PythonProjects/falcon/tests/test_cmd_inspect_app.py: 1518.5505151748657
test_load_app_error in /home/kaiyaok2/PythonProjects/falcon/tests/test_cmd_inspect_app.py: 1518.7075612545013
test_load_app_error in /home/kaiyaok2/PythonProjects/falcon/tests/test_cmd_inspect_app.py: 1518.9265675544739
test_load_app in /home/kaiyaok2/PythonProjects/falcon/tests/test_cmd_inspect_app.py: 1519.1819260120392
test_load_app_error in /home/kaiyaok2/PythonProjects/falcon/tests/test_cmd_inspect_app.py: 1519.5025594234467
test_load_app in /home/kaiyaok2/PythonProjects/falcon/tests/test_cmd_inspect_app.py: 1519.9464235305786
test_json_err_no_handler in /home/kaiyaok2/PythonProjects/falcon/tests/test_media_handlers.py: 1520.260148525238
test_json_err_no_handler in /home/kaiyaok2/PythonProjects/falcon/tests/test_media_handlers.py: 1520.4655213356018
test_redirect_with_headers in /home/kaiyaok2/PythonProjects/falcon/tests/test_redirects.py: 1520.7799286842346
test_redirect_with_headers in /home/kaiyaok2/PythonProjects/falcon/tests/test_redirects.py: 1521.069747209549
test_redirect_with_headers in /home/kaiyaok2/PythonProjects/falcon/tests/test_redirects.py: 1521.3421821594238
test_redirect_with_headers in /home/kaiyaok2/PythonProjects/falcon/tests/test_redirects.py: 1521.5747067928314
test_redirect in /home/kaiyaok2/PythonProjects/falcon/tests/test_redirects.py: 1521.6755440235138
test_redirect in /home/kaiyaok2/PythonProjects/falcon/tests/test_redirects.py: 1521.7980847358704
test_redirect_with_headers in /home/kaiyaok2/PythonProjects/falcon/tests/test_redirects.py: 1521.950873374939
test_redirect in /home/kaiyaok2/PythonProjects/falcon/tests/test_redirects.py: 1522.096405506134
test_redirect in /home/kaiyaok2/PythonProjects/falcon/tests/test_redirects.py: 1525.7108891010284
test_redirect in /home/kaiyaok2/PythonProjects/falcon/tests/test_redirects.py: 1526.1568937301636
test_media_is_set in /home/kaiyaok2/PythonProjects/falcon/tests/test_httpstatus.py: 1561.8260164260864
test_body_is_set in /home/kaiyaok2/PythonProjects/falcon/tests/test_httpstatus.py: 1562.0764870643616
test_data_is_set in /home/kaiyaok2/PythonProjects/falcon/tests/test_httpstatus.py: 1562.2630999088287
test_raise_status_in_responder in /home/kaiyaok2/PythonProjects/falcon/tests/test_httpstatus.py: 1562.4742395877838
test_raise_status_in_before_hook in /home/kaiyaok2/PythonProjects/falcon/tests/test_httpstatus.py: 1562.6034557819366
test_raise_status_survives_after_hooks in /home/kaiyaok2/PythonProjects/falcon/tests/test_httpstatus.py: 1562.724502325058
test_raise_status_runs_after_hooks in /home/kaiyaok2/PythonProjects/falcon/tests/test_httpstatus.py: 1562.8657939434052
test_raise_status_empty_body in /home/kaiyaok2/PythonProjects/falcon/tests/test_httpstatus.py: 1563.2216329574585
test_raise_status_in_process_request in /home/kaiyaok2/PythonProjects/falcon/tests/test_httpstatus.py: 1563.5845203399658
test_raise_status_runs_process_response in /home/kaiyaok2/PythonProjects/falcon/tests/test_httpstatus.py: 1563.9073622226715
test_raise_status_in_process_resource in /home/kaiyaok2/PythonProjects/falcon/tests/test_httpstatus.py: 1564.1243042945862
test_non_string_status in /home/kaiyaok2/PythonProjects/falcon/tests/test_httpstatus.py: 1568.8693406581879
test_non_string_status in /home/kaiyaok2/PythonProjects/falcon/tests/test_httpstatus.py: 1569.2388145923615
test_non_string_status in /home/kaiyaok2/PythonProjects/falcon/tests/test_httpstatus.py: 1569.429519891739
test_non_string_status in /home/kaiyaok2/PythonProjects/falcon/tests/test_httpstatus.py: 1569.7027354240417
test_non_string_status in /home/kaiyaok2/PythonProjects/falcon/tests/test_httpstatus.py: 1569.9254052639008
test_non_string_status in /home/kaiyaok2/PythonProjects/falcon/tests/test_httpstatus.py: 1570.174855709076
test_non_string_status in /home/kaiyaok2/PythonProjects/falcon/tests/test_httpstatus.py: 1570.4223511219025
test_non_string_status in /home/kaiyaok2/PythonProjects/falcon/tests/test_httpstatus.py: 1570.615072965622
test_non_string_status in /home/kaiyaok2/PythonProjects/falcon/tests/test_httpstatus.py: 1570.7776794433594
test_non_string_status in /home/kaiyaok2/PythonProjects/falcon/tests/test_httpstatus.py: 1573.7408602237701
test_non_string_status in /home/kaiyaok2/PythonProjects/falcon/tests/test_httpstatus.py: 1573.9904506206512
test_non_string_status in /home/kaiyaok2/PythonProjects/falcon/tests/test_httpstatus.py: 1574.2059745788574
test_non_string_status in /home/kaiyaok2/PythonProjects/falcon/tests/test_httpstatus.py: 1574.3637084960938
test_non_string_status in /home/kaiyaok2/PythonProjects/falcon/tests/test_httpstatus.py: 1574.5823185443878
test_bar in /home/kaiyaok2/PythonProjects/falcon/tests/test_http_custom_method_routing.py: 1575.333086013794
test_foo in /home/kaiyaok2/PythonProjects/falcon/tests/test_http_custom_method_routing.py: 1575.5467569828033
test_map_http_methods in /home/kaiyaok2/PythonProjects/falcon/tests/test_http_custom_method_routing.py: 1575.7907891273499
test_piggybacking_resource_post_item in /home/kaiyaok2/PythonProjects/falcon/tests/test_before_hooks.py: 1575.994277715683
test_field_validator in /home/kaiyaok2/PythonProjects/falcon/tests/test_before_hooks.py: 1576.2105360031128
test_piggybacking_resource_post_and_delete in /home/kaiyaok2/PythonProjects/falcon/tests/test_before_hooks.py: 1576.4284484386444
test_input_validator_inherited in /home/kaiyaok2/PythonProjects/falcon/tests/test_before_hooks.py: 1576.7794079780579
test_wrapped_resource_with_hooks_aware_of_resource in /home/kaiyaok2/PythonProjects/falcon/tests/test_before_hooks.py: 1579.810474872589
test_field_validator in /home/kaiyaok2/PythonProjects/falcon/tests/test_before_hooks.py: 1580.1557989120483
test_input_validator in /home/kaiyaok2/PythonProjects/falcon/tests/test_before_hooks.py: 1580.4254295825958
test_field_validator in /home/kaiyaok2/PythonProjects/falcon/tests/test_before_hooks.py: 1580.6584932804108
test_wrapped_resource in /home/kaiyaok2/PythonProjects/falcon/tests/test_before_hooks.py: 1580.9244985580444
test_param_validator in /home/kaiyaok2/PythonProjects/falcon/tests/test_before_hooks.py: 1581.2463383674622
test_multiple_resource_hooks in /home/kaiyaok2/PythonProjects/falcon/tests/test_before_hooks.py: 1581.601343870163
test_multiple_resource_hooks in /home/kaiyaok2/PythonProjects/falcon/tests/test_before_hooks.py: 1581.9245891571045
test_response_body_rendition_error in /home/kaiyaok2/PythonProjects/falcon/tests/test_response_body.py: 1582.3271615505219
test_content_length_set_on_head_with_no_body in /home/kaiyaok2/PythonProjects/falcon/tests/test_response_body.py: 1582.5464458465576
test_unsupported_response_content_type in /home/kaiyaok2/PythonProjects/falcon/tests/test_response_body.py: 1582.812831878662
