test_stream_has_private_read in /home/kaiyaok2/PythonProjects/falcon/tests/test_cython.py: 13.001304149627686
test_imported_from_c_modules in /home/kaiyaok2/PythonProjects/falcon/tests/test_cython.py: 13.009163618087769
test_jsonchema_validator in /home/kaiyaok2/PythonProjects/falcon/tests/asgi/test_cythonized_asgi.py: 52.84063982963562
test_hooks in /home/kaiyaok2/PythonProjects/falcon/tests/asgi/test_cythonized_asgi.py: 53.063992977142334
test_allow_credential_existing_origin in /home/kaiyaok2/PythonProjects/falcon/tests/test_cors_middleware.py: 53.43489098548889
test_allow_credential_wildcard in /home/kaiyaok2/PythonProjects/falcon/tests/test_cors_middleware.py: 53.70895004272461
test_expose_headers in /home/kaiyaok2/PythonProjects/falcon/tests/test_cors_middleware.py: 53.93076491355896
test_allow_credential_list_or_str in /home/kaiyaok2/PythonProjects/falcon/tests/test_cors_middleware.py: 54.14960289001465
test_allow_credential_list_or_str in /home/kaiyaok2/PythonProjects/falcon/tests/test_cors_middleware.py: 54.36931037902832
test_allow_origin in /home/kaiyaok2/PythonProjects/falcon/tests/test_cors_middleware.py: 54.5693302154541
test_expose_headers in /home/kaiyaok2/PythonProjects/falcon/tests/test_cors_middleware.py: 54.81506609916687
test_allow_origin in /home/kaiyaok2/PythonProjects/falcon/tests/test_cors_middleware.py: 55.04836654663086
test_allow_origin_allow_credential in /home/kaiyaok2/PythonProjects/falcon/tests/test_cors_middleware.py: 55.2889347076416
test_allow_origin in /home/kaiyaok2/PythonProjects/falcon/tests/test_cors_middleware.py: 55.49004936218262
test_expose_headers in /home/kaiyaok2/PythonProjects/falcon/tests/test_cors_middleware.py: 58.500895261764526
test_enabled_cors_handles_preflighting in /home/kaiyaok2/PythonProjects/falcon/tests/test_cors_middleware.py: 58.73720932006836
test_enabled_cors_should_add_extra_headers_on_response in /home/kaiyaok2/PythonProjects/falcon/tests/test_cors_middleware.py: 58.94813060760498
test_enabled_cors_handles_preflighting_no_headers_in_req in /home/kaiyaok2/PythonProjects/falcon/tests/test_cors_middleware.py: 59.17328715324402
test_disabled_cors_should_not_add_any_extra_headers in /home/kaiyaok2/PythonProjects/falcon/tests/test_cors_middleware.py: 59.36632943153381
test_enabled_cors_no_origin in /home/kaiyaok2/PythonProjects/falcon/tests/test_cors_middleware.py: 59.557905197143555
test_enabled_cors_should_accept_all_origins_requests in /home/kaiyaok2/PythonProjects/falcon/tests/test_cors_middleware.py: 59.815781116485596
test_strict_same_site_value in /home/kaiyaok2/PythonProjects/falcon/tests/test_cookies.py: 60.07729983329773
test_cookie_max_age_float_and_string in /home/kaiyaok2/PythonProjects/falcon/tests/test_cookies.py: 60.2239990234375
test_cookie_max_age_float_and_string in /home/kaiyaok2/PythonProjects/falcon/tests/test_cookies.py: 60.43187737464905
test_cookie_timezone in /home/kaiyaok2/PythonProjects/falcon/tests/test_cookies.py: 63.264073848724365
test_lax_same_site_value in /home/kaiyaok2/PythonProjects/falcon/tests/test_cookies.py: 63.65758228302002
test_unset_cookies_samesite in /home/kaiyaok2/PythonProjects/falcon/tests/test_cookies.py: 64.14088749885559
test_cookie_expires_aware in /home/kaiyaok2/PythonProjects/falcon/tests/test_cookies.py: 64.38629245758057
test_unset_cookies in /home/kaiyaok2/PythonProjects/falcon/tests/test_cookies.py: 64.61109781265259
test_cookies_setable in /home/kaiyaok2/PythonProjects/falcon/tests/test_cookies.py: 64.83247113227844
test_cookie_expires_naive in /home/kaiyaok2/PythonProjects/falcon/tests/test_cookies.py: 65.1372561454773
test_same_site_empty_string in /home/kaiyaok2/PythonProjects/falcon/tests/test_cookies.py: 65.64993858337402
test_response_base_case in /home/kaiyaok2/PythonProjects/falcon/tests/test_cookies.py: 69.94093704223633
test_response_unset_cookie in /home/kaiyaok2/PythonProjects/falcon/tests/test_cookies.py: 70.32433795928955
test_none_same_site_value in /home/kaiyaok2/PythonProjects/falcon/tests/test_cookies.py: 70.72718906402588
test_response_disable_secure_globally in /home/kaiyaok2/PythonProjects/falcon/tests/test_cookies.py: 71.24448299407959
test_response_complex_case in /home/kaiyaok2/PythonProjects/falcon/tests/test_cookies.py: 71.45200419425964
test_static_file in /home/kaiyaok2/PythonProjects/falcon/tests/test_wsgi_servers.py: 169.08795642852783
test_get in /home/kaiyaok2/PythonProjects/falcon/tests/test_wsgi_servers.py: 199.49980688095093
test_post_multipart_form in /home/kaiyaok2/PythonProjects/falcon/tests/test_wsgi_servers.py: 229.9664466381073
test_get_deprecated in /home/kaiyaok2/PythonProjects/falcon/tests/test_wsgi_servers.py: 260.1939375400543
test_static_file_byte_range in /home/kaiyaok2/PythonProjects/falcon/tests/test_wsgi_servers.py: 290.53014945983887
test_get in /home/kaiyaok2/PythonProjects/falcon/tests/test_wsgi_servers.py: 320.9564447402954
test_static_file_byte_range in /home/kaiyaok2/PythonProjects/falcon/tests/test_wsgi_servers.py: 351.4065124988556
test_static_file_byte_range in /home/kaiyaok2/PythonProjects/falcon/tests/test_wsgi_servers.py: 381.6475534439087
test_static_file_byte_range in /home/kaiyaok2/PythonProjects/falcon/tests/test_wsgi_servers.py: 412.22416281700134
test_static_file_byte_range in /home/kaiyaok2/PythonProjects/falcon/tests/test_wsgi_servers.py: 442.6124596595764
test_post_multipart_form in /home/kaiyaok2/PythonProjects/falcon/tests/test_wsgi_servers.py: 473.0315041542053
test_static_file_byte_range in /home/kaiyaok2/PythonProjects/falcon/tests/test_wsgi_servers.py: 503.35404205322266
test_static_file in /home/kaiyaok2/PythonProjects/falcon/tests/test_wsgi_servers.py: 533.8078525066376
test_get_deprecated in /home/kaiyaok2/PythonProjects/falcon/tests/test_wsgi_servers.py: 564.1565637588501
test_static_file_byte_range in /home/kaiyaok2/PythonProjects/falcon/tests/test_wsgi_servers.py: 594.3280928134918
test_static_file_byte_range in /home/kaiyaok2/PythonProjects/falcon/tests/test_wsgi_servers.py: 624.8909480571747
test_with_and_without_trailing_slash in /home/kaiyaok2/PythonProjects/falcon/tests/test_uri_templates.py: 625.2703809738159
test_misc in /home/kaiyaok2/PythonProjects/falcon/tests/test_http_method_routing.py: 625.5779702663422
test_on_options in /home/kaiyaok2/PythonProjects/falcon/tests/test_http_method_routing.py: 625.831841468811
test_report in /home/kaiyaok2/PythonProjects/falcon/tests/test_http_method_routing.py: 626.1164345741272
test_default_on_options in /home/kaiyaok2/PythonProjects/falcon/tests/test_http_method_routing.py: 629.5694077014923
test_put in /home/kaiyaok2/PythonProjects/falcon/tests/test_http_method_routing.py: 629.8027496337891
test_meta_and_others_disallowed in /home/kaiyaok2/PythonProjects/falcon/tests/test_http_method_routing.py: 629.9825448989868
test_methods_not_allowed_simple in /home/kaiyaok2/PythonProjects/falcon/tests/test_http_method_routing.py: 630.1159722805023
test_meta_and_others_disallowed in /home/kaiyaok2/PythonProjects/falcon/tests/test_http_method_routing.py: 630.2788126468658
test_get in /home/kaiyaok2/PythonProjects/falcon/tests/test_http_method_routing.py: 630.5636737346649
test_post_not_allowed in /home/kaiyaok2/PythonProjects/falcon/tests/test_http_method_routing.py: 630.9064548015594
test_post_read_bounded_stream_large in /home/kaiyaok2/PythonProjects/falcon/tests/asgi/test_asgi_servers.py: 650.4444100856781
test_put in /home/kaiyaok2/PythonProjects/falcon/tests/asgi/test_asgi_servers.py: 665.8228721618652
test_post_multipart_form in /home/kaiyaok2/PythonProjects/falcon/tests/asgi/test_asgi_servers.py: 681.3427352905273
test_stream_chunked_request in /home/kaiyaok2/PythonProjects/falcon/tests/asgi/test_asgi_servers.py: 696.6360166072845
test_post_multiple in /home/kaiyaok2/PythonProjects/falcon/tests/asgi/test_asgi_servers.py: 711.9010200500488
test_post_invalid_content_length in /home/kaiyaok2/PythonProjects/falcon/tests/asgi/test_asgi_servers.py: 727.3663380146027
test_sse in /home/kaiyaok2/PythonProjects/falcon/tests/asgi/test_asgi_servers.py: 742.4662647247314
test_post_read_bounded_stream in /home/kaiyaok2/PythonProjects/falcon/tests/asgi/test_asgi_servers.py: 757.9151284694672
test_post_read_bounded_stream_no_body in /home/kaiyaok2/PythonProjects/falcon/tests/asgi/test_asgi_servers.py: 773.5422120094299
test_sse_client_disconnects_early in /home/kaiyaok2/PythonProjects/falcon/tests/asgi/test_asgi_servers.py: 788.8991475105286
test_get in /home/kaiyaok2/PythonProjects/falcon/tests/asgi/test_asgi_servers.py: 804.3472163677216
test_head_405 in /home/kaiyaok2/PythonProjects/falcon/tests/asgi/test_asgi_servers.py: 819.753680229187
test_hello in /home/kaiyaok2/PythonProjects/falcon/tests/asgi/test_asgi_servers.py: 835.1987254619598
test_hello in /home/kaiyaok2/PythonProjects/falcon/tests/asgi/test_asgi_servers.py: 850.5779039859772
test_type_mismatch in /home/kaiyaok2/PythonProjects/falcon/tests/asgi/test_asgi_servers.py: 865.9467222690582
test_recv_before_accept in /home/kaiyaok2/PythonProjects/falcon/tests/asgi/test_asgi_servers.py: 881.530298948288
test_select_subprotocol_known in /home/kaiyaok2/PythonProjects/falcon/tests/asgi/test_asgi_servers.py: 897.0452961921692
test_rejected in /home/kaiyaok2/PythonProjects/falcon/tests/asgi/test_asgi_servers.py: 912.5661215782166
test_hello in /home/kaiyaok2/PythonProjects/falcon/tests/asgi/test_asgi_servers.py: 927.9946863651276
test_type_mismatch in /home/kaiyaok2/PythonProjects/falcon/tests/asgi/test_asgi_servers.py: 943.4338357448578
test_disconnecting_client_early in /home/kaiyaok2/PythonProjects/falcon/tests/asgi/test_asgi_servers.py: 958.8641936779022
test_hello in /home/kaiyaok2/PythonProjects/falcon/tests/asgi/test_asgi_servers.py: 974.4256389141083
test_close_code_on_unhandled_error in /home/kaiyaok2/PythonProjects/falcon/tests/asgi/test_asgi_servers.py: 989.8658909797668
test_rejected in /home/kaiyaok2/PythonProjects/falcon/tests/asgi/test_asgi_servers.py: 1005.7708857059479
test_select_subprotocol_known in /home/kaiyaok2/PythonProjects/falcon/tests/asgi/test_asgi_servers.py: 1021.4002187252045
test_type_mismatch in /home/kaiyaok2/PythonProjects/falcon/tests/asgi/test_asgi_servers.py: 1036.6390726566315
test_rejected in /home/kaiyaok2/PythonProjects/falcon/tests/asgi/test_asgi_servers.py: 1052.0533788204193
test_rejected in /home/kaiyaok2/PythonProjects/falcon/tests/asgi/test_asgi_servers.py: 1067.4517378807068
test_select_subprotocol_unknown in /home/kaiyaok2/PythonProjects/falcon/tests/asgi/test_asgi_servers.py: 1082.9677045345306
test_missing_responder in /home/kaiyaok2/PythonProjects/falcon/tests/asgi/test_asgi_servers.py: 1098.4814970493317
test_type_mismatch in /home/kaiyaok2/PythonProjects/falcon/tests/asgi/test_asgi_servers.py: 1113.823837518692
test_passing_path_params in /home/kaiyaok2/PythonProjects/falcon/tests/asgi/test_asgi_servers.py: 1129.3035809993744
test_invalid_close_code in /home/kaiyaok2/PythonProjects/falcon/tests/asgi/test_asgi_servers.py: 1144.86620926857
test_send_before_accept in /home/kaiyaok2/PythonProjects/falcon/tests/asgi/test_asgi_servers.py: 1160.3616693019867
test_close_code_on_unhandled_http_error in /home/kaiyaok2/PythonProjects/falcon/tests/asgi/test_asgi_servers.py: 1175.589144706726
test_catch_http_no_route_error in /home/kaiyaok2/PythonProjects/falcon/tests/test_error_handlers.py: 1175.7100615501404
test_caught_error_async in /home/kaiyaok2/PythonProjects/falcon/tests/test_error_handlers.py: 1175.8266816139221
test_middleware_tree in /home/kaiyaok2/PythonProjects/falcon/tests/test_inspect.py: 1176.3003540039062
test_error_handler in /home/kaiyaok2/PythonProjects/falcon/tests/test_inspect.py: 1176.4601709842682
test_middleware in /home/kaiyaok2/PythonProjects/falcon/tests/test_inspect.py: 1176.5913624763489
test_routes in /home/kaiyaok2/PythonProjects/falcon/tests/test_inspect.py: 1176.7436175346375
test_sink in /home/kaiyaok2/PythonProjects/falcon/tests/test_inspect.py: 1176.8871762752533
test_static_routes in /home/kaiyaok2/PythonProjects/falcon/tests/test_inspect.py: 1177.0286388397217
test_app in /home/kaiyaok2/PythonProjects/falcon/tests/test_inspect.py: 1177.146001815796
test_wrapped_resource in /home/kaiyaok2/PythonProjects/falcon/tests/test_after_hooks.py: 1181.3684530258179
test_wrapped_resource in /home/kaiyaok2/PythonProjects/falcon/tests/test_after_hooks.py: 1181.494413137436
test_resource_with_uri_fields in /home/kaiyaok2/PythonProjects/falcon/tests/test_after_hooks.py: 1181.623782157898
test_wrapped_resource_with_hooks_aware_of_resource in /home/kaiyaok2/PythonProjects/falcon/tests/test_after_hooks.py: 1181.739075422287
test_resource_with_uri_fields in /home/kaiyaok2/PythonProjects/falcon/tests/test_after_hooks.py: 1181.8694655895233
test_map_http_methods in /home/kaiyaok2/PythonProjects/falcon/tests/test_http_custom_method_routing.py: 1186.7180714607239
test_bar in /home/kaiyaok2/PythonProjects/falcon/tests/test_http_custom_method_routing.py: 1186.9726083278656
test_foo in /home/kaiyaok2/PythonProjects/falcon/tests/test_http_custom_method_routing.py: 1187.1657934188843
test_default_headers in /home/kaiyaok2/PythonProjects/falcon/tests/test_utils.py: 1188.221388578415
test_default_headers_with_override in /home/kaiyaok2/PythonProjects/falcon/tests/test_utils.py: 1191.4512050151825
test_simulate_remote_addr in /home/kaiyaok2/PythonProjects/falcon/tests/test_utils.py: 1191.8625209331512
test_query_string_no_question in /home/kaiyaok2/PythonProjects/falcon/tests/test_utils.py: 1192.3326303958893
test_cached_text_in_result in /home/kaiyaok2/PythonProjects/falcon/tests/test_utils.py: 1192.7248227596283
test_simulate_remote_addr in /home/kaiyaok2/PythonProjects/falcon/tests/test_utils.py: 1193.0931358337402
test_path_must_start_with_slash in /home/kaiyaok2/PythonProjects/falcon/tests/test_utils.py: 1193.3538181781769
test_simulate_hostname in /home/kaiyaok2/PythonProjects/falcon/tests/test_utils.py: 1196.6645135879517
test_simulate_remote_addr in /home/kaiyaok2/PythonProjects/falcon/tests/test_utils.py: 1197.0023760795593
test_simulate_remote_addr in /home/kaiyaok2/PythonProjects/falcon/tests/test_utils.py: 1197.2452630996704
test_override_method_with_extras in /home/kaiyaok2/PythonProjects/falcon/tests/test_utils.py: 1197.5453124046326
test_query_string_in_path in /home/kaiyaok2/PythonProjects/falcon/tests/test_utils.py: 1197.9005703926086
test_simulate_remote_addr in /home/kaiyaok2/PythonProjects/falcon/tests/test_utils.py: 1198.292007446289
test_status in /home/kaiyaok2/PythonProjects/falcon/tests/test_utils.py: 1198.6766459941864
test_query_string in /home/kaiyaok2/PythonProjects/falcon/tests/test_utils.py: 1201.6089251041412
test_datetime_converter in /home/kaiyaok2/PythonProjects/falcon/tests/test_uri_templates.py: 1205.049295425415
test_special_chars in /home/kaiyaok2/PythonProjects/falcon/tests/test_uri_templates.py: 1205.4435305595398
test_float_converter in /home/kaiyaok2/PythonProjects/falcon/tests/test_uri_templates.py: 1205.7758769989014
test_float_converter_non_finite_allowed in /home/kaiyaok2/PythonProjects/falcon/tests/test_uri_templates.py: 1206.0330753326416
test_same_level_complex_var in /home/kaiyaok2/PythonProjects/falcon/tests/test_uri_templates.py: 1206.325520992279
test_uuid_converter in /home/kaiyaok2/PythonProjects/falcon/tests/test_uri_templates.py: 1206.5876395702362
test_uuid_converter in /home/kaiyaok2/PythonProjects/falcon/tests/test_uri_templates.py: 1206.875335931778
test_float_converter_non_finite_disallowed in /home/kaiyaok2/PythonProjects/falcon/tests/test_uri_templates.py: 1207.1753051280975
test_single_path_segment in /home/kaiyaok2/PythonProjects/falcon/tests/test_uri_templates.py: 1207.4712524414062
test_uuid_converter in /home/kaiyaok2/PythonProjects/falcon/tests/test_uri_templates.py: 1210.5293757915497
test_root_path in /home/kaiyaok2/PythonProjects/falcon/tests/test_uri_templates.py: 1210.7934076786041
test_float_converter in /home/kaiyaok2/PythonProjects/falcon/tests/test_uri_templates.py: 1211.1041414737701
test_float_converter in /home/kaiyaok2/PythonProjects/falcon/tests/test_uri_templates.py: 1211.43381857872
test_single in /home/kaiyaok2/PythonProjects/falcon/tests/test_uri_templates.py: 1211.6205925941467
test_int_converter in /home/kaiyaok2/PythonProjects/falcon/tests/test_uri_templates.py: 1211.8172416687012
test_adding_suffix_routes in /home/kaiyaok2/PythonProjects/falcon/tests/test_uri_templates.py: 1211.9756298065186
test_uuid_converter in /home/kaiyaok2/PythonProjects/falcon/tests/test_uri_templates.py: 1212.1998453140259
test_float_converter in /home/kaiyaok2/PythonProjects/falcon/tests/test_uri_templates.py: 1212.5106928348541
test_int_converter in /home/kaiyaok2/PythonProjects/falcon/tests/test_uri_templates.py: 1215.957130432129
test_int_converter_rejections in /home/kaiyaok2/PythonProjects/falcon/tests/test_uri_templates.py: 1216.2442705631256
test_int_converter_rejections in /home/kaiyaok2/PythonProjects/falcon/tests/test_uri_templates.py: 1216.5162825584412
test_int_converter in /home/kaiyaok2/PythonProjects/falcon/tests/test_uri_templates.py: 1216.8115773200989
test_with_and_without_trailing_slash in /home/kaiyaok2/PythonProjects/falcon/tests/test_uri_templates.py: 1217.145072221756
test_multiple in /home/kaiyaok2/PythonProjects/falcon/tests/test_uri_templates.py: 1217.451432466507
test_float_converter in /home/kaiyaok2/PythonProjects/falcon/tests/test_uri_templates.py: 1217.7407433986664
test_float_converter_non_finite_allowed in /home/kaiyaok2/PythonProjects/falcon/tests/test_uri_templates.py: 1218.0077769756317
test_float_converter in /home/kaiyaok2/PythonProjects/falcon/tests/test_uri_templates.py: 1218.3328983783722
test_converter_custom in /home/kaiyaok2/PythonProjects/falcon/tests/test_uri_templates.py: 1218.6217346191406
test_datetime_converter in /home/kaiyaok2/PythonProjects/falcon/tests/test_uri_templates.py: 1222.3057053089142
test_uuid_converter_complex_segment in /home/kaiyaok2/PythonProjects/falcon/tests/test_uri_templates.py: 1222.6032342910767
test_single in /home/kaiyaok2/PythonProjects/falcon/tests/test_uri_templates.py: 1222.833874464035
test_float_converter in /home/kaiyaok2/PythonProjects/falcon/tests/test_uri_templates.py: 1223.0842554569244
test_datetime_converter in /home/kaiyaok2/PythonProjects/falcon/tests/test_uri_templates.py: 1223.2932014465332
test_datetime_converter in /home/kaiyaok2/PythonProjects/falcon/tests/test_uri_templates.py: 1223.4756164550781
test_same_level_complex_var in /home/kaiyaok2/PythonProjects/falcon/tests/test_uri_templates.py: 1223.6296093463898
test_single in /home/kaiyaok2/PythonProjects/falcon/tests/test_uri_templates.py: 1223.7827544212341
test_float_converter in /home/kaiyaok2/PythonProjects/falcon/tests/test_uri_templates.py: 1223.9478685855865
test_float_converter_non_finite_allowed in /home/kaiyaok2/PythonProjects/falcon/tests/test_uri_templates.py: 1224.103663444519
test_converter_custom in /home/kaiyaok2/PythonProjects/falcon/tests/test_uri_templates.py: 1227.232031583786
test_float_converter in /home/kaiyaok2/PythonProjects/falcon/tests/test_uri_templates.py: 1227.520589351654
test_int_converter_rejections in /home/kaiyaok2/PythonProjects/falcon/tests/test_uri_templates.py: 1227.7938117980957
test_float_converter in /home/kaiyaok2/PythonProjects/falcon/tests/test_uri_templates.py: 1227.9977238178253
test_uuid_converter in /home/kaiyaok2/PythonProjects/falcon/tests/test_uri_templates.py: 1228.1856167316437
test_float_converter in /home/kaiyaok2/PythonProjects/falcon/tests/test_uri_templates.py: 1228.36092710495
test_int_converter in /home/kaiyaok2/PythonProjects/falcon/tests/test_uri_templates.py: 1228.5402607917786
test_uuid_converter in /home/kaiyaok2/PythonProjects/falcon/tests/test_uri_templates.py: 1228.7248690128326
test_single_trailing_slash in /home/kaiyaok2/PythonProjects/falcon/tests/test_uri_templates.py: 1228.928416967392
test_float_converter in /home/kaiyaok2/PythonProjects/falcon/tests/test_uri_templates.py: 1229.1356673240662
test_converter_custom in /home/kaiyaok2/PythonProjects/falcon/tests/test_uri_templates.py: 1233.2786676883698
test_no_vars in /home/kaiyaok2/PythonProjects/falcon/tests/test_uri_templates.py: 1233.773924589157
test_redirect in /home/kaiyaok2/PythonProjects/falcon/tests/test_redirects.py: 1234.350170135498
test_redirect_with_headers in /home/kaiyaok2/PythonProjects/falcon/tests/test_redirects.py: 1234.7835853099823
test_redirect in /home/kaiyaok2/PythonProjects/falcon/tests/test_redirects.py: 1235.2444875240326
test_redirect_with_headers in /home/kaiyaok2/PythonProjects/falcon/tests/test_redirects.py: 1235.5869119167328
test_redirect_with_headers in /home/kaiyaok2/PythonProjects/falcon/tests/test_redirects.py: 1235.9136776924133
test_redirect_with_headers in /home/kaiyaok2/PythonProjects/falcon/tests/test_redirects.py: 1236.3697290420532
test_redirect_with_headers in /home/kaiyaok2/PythonProjects/falcon/tests/test_redirects.py: 1236.5734145641327
test_redirect in /home/kaiyaok2/PythonProjects/falcon/tests/test_redirects.py: 1236.8046457767487
test_redirect in /home/kaiyaok2/PythonProjects/falcon/tests/test_redirects.py: 1237.0447866916656
test_redirect in /home/kaiyaok2/PythonProjects/falcon/tests/test_redirects.py: 1237.3501753807068
test_piggybacking_resource_post_and_delete in /home/kaiyaok2/PythonProjects/falcon/tests/test_before_hooks.py: 1241.5825672149658
test_http_methods_body_expected in /home/kaiyaok2/PythonProjects/falcon/tests/test_query_params.py: 1252.213014125824
test_asgi_raises_error in /home/kaiyaok2/PythonProjects/falcon/tests/test_query_params.py: 1252.8312151432037
test_http_methods_body_not_expected in /home/kaiyaok2/PythonProjects/falcon/tests/test_query_params.py: 1253.2717258930206
test_empty_body in /home/kaiyaok2/PythonProjects/falcon/tests/test_query_params.py: 1253.763344526291
test_non_ascii in /home/kaiyaok2/PythonProjects/falcon/tests/test_query_params.py: 1254.232270002365
test_http_methods_body_expected in /home/kaiyaok2/PythonProjects/falcon/tests/test_query_params.py: 1254.7453753948212
test_http_methods_body_expected in /home/kaiyaok2/PythonProjects/falcon/tests/test_query_params.py: 1255.2129430770874
test_http_methods_body_expected in /home/kaiyaok2/PythonProjects/falcon/tests/test_query_params.py: 1255.4484641551971
test_http_methods_body_not_expected in /home/kaiyaok2/PythonProjects/falcon/tests/test_query_params.py: 1258.4885461330414
test_explicitly_disable_auto_parse in /home/kaiyaok2/PythonProjects/falcon/tests/test_query_params.py: 1258.744990825653
test_empty_body_no_content_length in /home/kaiyaok2/PythonProjects/falcon/tests/test_query_params.py: 1258.9724247455597
test_http_methods_body_expected in /home/kaiyaok2/PythonProjects/falcon/tests/test_query_params.py: 1259.2630951404572
test_get_date_valid_with_format in /home/kaiyaok2/PythonProjects/falcon/tests/test_query_params.py: 1259.4765026569366
test_param_property in /home/kaiyaok2/PythonProjects/falcon/tests/test_query_params.py: 1259.9541256427765
test_allowed_names in /home/kaiyaok2/PythonProjects/falcon/tests/test_query_params.py: 1260.3038902282715
test_option_auto_parse_qs_csv_multiple_fields_true in /home/kaiyaok2/PythonProjects/falcon/tests/test_query_params.py: 1264.0021698474884
test_int_neg in /home/kaiyaok2/PythonProjects/falcon/tests/test_query_params.py: 1264.3224959373474
test_multiple_keys_as_int in /home/kaiyaok2/PythonProjects/falcon/tests/test_query_params.py: 1264.6575078964233
test_option_auto_parse_qs_csv_simple_false in /home/kaiyaok2/PythonProjects/falcon/tests/test_query_params.py: 1264.8998353481293
test_get_dict_store in /home/kaiyaok2/PythonProjects/falcon/tests/test_query_params.py: 1265.2079055309296
test_get_datetime_store in /home/kaiyaok2/PythonProjects/falcon/tests/test_query_params.py: 1265.4914062023163
test_get_datetime_valid_with_format in /home/kaiyaok2/PythonProjects/falcon/tests/test_query_params.py: 1265.8026797771454
test_percent_encoded in /home/kaiyaok2/PythonProjects/falcon/tests/test_query_params.py: 1268.9972281455994
test_param_property in /home/kaiyaok2/PythonProjects/falcon/tests/test_query_params.py: 1269.2180635929108
test_get_datetime_valid_with_format in /home/kaiyaok2/PythonProjects/falcon/tests/test_query_params.py: 1269.4533290863037
test_get_datetime_store in /home/kaiyaok2/PythonProjects/falcon/tests/test_query_params.py: 1269.6717920303345
test_percent_encoded in /home/kaiyaok2/PythonProjects/falcon/tests/test_query_params.py: 1269.9553053379059
test_required in /home/kaiyaok2/PythonProjects/falcon/tests/test_query_params.py: 1270.1818857192993
test_required in /home/kaiyaok2/PythonProjects/falcon/tests/test_query_params.py: 1273.3300151824951
test_default in /home/kaiyaok2/PythonProjects/falcon/tests/test_query_params.py: 1273.5458328723907
test_option_auto_parse_qs_csv_multiple_fields_true in /home/kaiyaok2/PythonProjects/falcon/tests/test_query_params.py: 1273.7545762062073
test_option_auto_parse_qs_csv_multiple_fields_true in /home/kaiyaok2/PythonProjects/falcon/tests/test_query_params.py: 1273.950959444046
test_float_neg in /home/kaiyaok2/PythonProjects/falcon/tests/test_query_params.py: 1274.159809589386
test_option_auto_parse_qs_csv_multiple_fields_true in /home/kaiyaok2/PythonProjects/falcon/tests/test_query_params.py: 1274.3703262805939
test_option_auto_parse_qs_csv_simple_false in /home/kaiyaok2/PythonProjects/falcon/tests/test_query_params.py: 1274.650452375412
test_option_auto_parse_qs_csv_multiple_fields_true in /home/kaiyaok2/PythonProjects/falcon/tests/test_query_params.py: 1274.8603439331055
test_option_auto_parse_qs_csv_multiple_fields_false in /home/kaiyaok2/PythonProjects/falcon/tests/test_query_params.py: 1277.8565957546234
test_option_auto_parse_qs_csv_multiple_fields_true in /home/kaiyaok2/PythonProjects/falcon/tests/test_query_params.py: 1278.152328491211
test_get_datetime_missing_param in /home/kaiyaok2/PythonProjects/falcon/tests/test_query_params.py: 1278.3854522705078
test_float_neg in /home/kaiyaok2/PythonProjects/falcon/tests/test_query_params.py: 1278.7324261665344
test_required in /home/kaiyaok2/PythonProjects/falcon/tests/test_query_params.py: 1278.9716699123383
test_option_auto_parse_qs_csv_multiple_fields_true in /home/kaiyaok2/PythonProjects/falcon/tests/test_query_params.py: 1279.203016281128
test_get_date_store in /home/kaiyaok2/PythonProjects/falcon/tests/test_query_params.py: 1279.4212400913239
test_boolean in /home/kaiyaok2/PythonProjects/falcon/tests/test_query_params.py: 1282.409954547882
test_option_auto_parse_qs_csv_multiple_fields_true in /home/kaiyaok2/PythonProjects/falcon/tests/test_query_params.py: 1282.8133671283722
test_option_auto_parse_qs_csv_multiple_fields_true in /home/kaiyaok2/PythonProjects/falcon/tests/test_query_params.py: 1283.0917110443115
test_required in /home/kaiyaok2/PythonProjects/falcon/tests/test_query_params.py: 1283.424198627472
test_get_date_store in /home/kaiyaok2/PythonProjects/falcon/tests/test_query_params.py: 1283.739999294281
test_required in /home/kaiyaok2/PythonProjects/falcon/tests/test_query_params.py: 1284.0072886943817
test_allowed_names in /home/kaiyaok2/PythonProjects/falcon/tests/test_query_params.py: 1284.341147661209
test_boolean_blank in /home/kaiyaok2/PythonProjects/falcon/tests/test_query_params.py: 1287.2463269233704
test_get_param_as_json_handler_json in /home/kaiyaok2/PythonProjects/falcon/tests/test_query_params.py: 1287.4762253761292
test_get_date_valid_with_format in /home/kaiyaok2/PythonProjects/falcon/tests/test_query_params.py: 1287.8316888809204
test_list_type in /home/kaiyaok2/PythonProjects/falcon/tests/test_query_params.py: 1288.2127232551575
test_required in /home/kaiyaok2/PythonProjects/falcon/tests/test_query_params.py: 1288.3525350093842
test_get_date_invalid in /home/kaiyaok2/PythonProjects/falcon/tests/test_query_params.py: 1288.494913816452
test_option_auto_parse_qs_csv_multiple_fields_true in /home/kaiyaok2/PythonProjects/falcon/tests/test_query_params.py: 1288.6606948375702
test_simple in /home/kaiyaok2/PythonProjects/falcon/tests/test_query_params.py: 1288.8876597881317
test_default in /home/kaiyaok2/PythonProjects/falcon/tests/test_query_params.py: 1291.7586863040924
test_list_type in /home/kaiyaok2/PythonProjects/falcon/tests/test_query_params.py: 1292.0443148612976
test_get_dict_missing_param in /home/kaiyaok2/PythonProjects/falcon/tests/test_query_params.py: 1292.3746626377106
test_default_auto_parse_csv_behaviour in /home/kaiyaok2/PythonProjects/falcon/tests/test_query_params.py: 1292.6704723834991
test_int in /home/kaiyaok2/PythonProjects/falcon/tests/test_query_params.py: 1292.854234457016
test_get_datetime_invalid in /home/kaiyaok2/PythonProjects/falcon/tests/test_query_params.py: 1293.0052568912506
test_boolean in /home/kaiyaok2/PythonProjects/falcon/tests/test_query_params.py: 1295.7141270637512
test_option_auto_parse_qs_csv_multiple_fields_true in /home/kaiyaok2/PythonProjects/falcon/tests/test_query_params.py: 1295.9832005500793
test_has_param in /home/kaiyaok2/PythonProjects/falcon/tests/test_query_params.py: 1296.3181099891663
test_get_datetime_valid in /home/kaiyaok2/PythonProjects/falcon/tests/test_query_params.py: 1296.5566909313202
test_list_transformer in /home/kaiyaok2/PythonProjects/falcon/tests/test_query_params.py: 1296.8039963245392
test_get_date_missing_param in /home/kaiyaok2/PythonProjects/falcon/tests/test_query_params.py: 1297.0414679050446
test_multiple_keys_as_bool in /home/kaiyaok2/PythonProjects/falcon/tests/test_query_params.py: 1297.284292936325
test_get_datetime_valid in /home/kaiyaok2/PythonProjects/falcon/tests/test_query_params.py: 1300.176428079605
test_required in /home/kaiyaok2/PythonProjects/falcon/tests/test_query_params.py: 1300.528918504715
test_get_date_valid in /home/kaiyaok2/PythonProjects/falcon/tests/test_query_params.py: 1300.9884662628174
test_get_dict_valid in /home/kaiyaok2/PythonProjects/falcon/tests/test_query_params.py: 1301.375661611557
test_get_datetime_invalid in /home/kaiyaok2/PythonProjects/falcon/tests/test_query_params.py: 1301.764503479004
test_option_auto_parse_qs_csv_multiple_fields_true in /home/kaiyaok2/PythonProjects/falcon/tests/test_query_params.py: 1302.1750977039337
test_bad_percentage in /home/kaiyaok2/PythonProjects/falcon/tests/test_query_params.py: 1302.3803243637085
test_int_neg in /home/kaiyaok2/PythonProjects/falcon/tests/test_query_params.py: 1304.6671032905579
test_list_type_blank in /home/kaiyaok2/PythonProjects/falcon/tests/test_query_params.py: 1304.93643116951
test_get_param_as_json_no_handler_json in /home/kaiyaok2/PythonProjects/falcon/tests/test_query_params.py: 1305.1665363311768
test_blank in /home/kaiyaok2/PythonProjects/falcon/tests/test_query_params.py: 1305.4473142623901
test_blank in /home/kaiyaok2/PythonProjects/falcon/tests/test_query_params.py: 1305.6731495857239
test_multiple_form_keys in /home/kaiyaok2/PythonProjects/falcon/tests/test_query_params.py: 1305.9085626602173
test_required in /home/kaiyaok2/PythonProjects/falcon/tests/test_query_params.py: 1306.1510393619537
test_option_auto_parse_qs_csv_multiple_fields_true in /home/kaiyaok2/PythonProjects/falcon/tests/test_query_params.py: 1308.8254747390747
test_get_dict_missing_param in /home/kaiyaok2/PythonProjects/falcon/tests/test_query_params.py: 1309.0672914981842
test_option_auto_parse_qs_csv_multiple_fields_true in /home/kaiyaok2/PythonProjects/falcon/tests/test_query_params.py: 1309.3247284889221
test_multiple_keys_as_bool in /home/kaiyaok2/PythonProjects/falcon/tests/test_query_params.py: 1309.6524078845978
test_option_auto_parse_qs_csv_multiple_fields_false in /home/kaiyaok2/PythonProjects/falcon/tests/test_query_params.py: 1309.9728837013245
test_get_datetime_missing_param in /home/kaiyaok2/PythonProjects/falcon/tests/test_query_params.py: 1310.3143882751465
test_required in /home/kaiyaok2/PythonProjects/falcon/tests/test_query_params.py: 1310.6285841464996
test_get_date_valid in /home/kaiyaok2/PythonProjects/falcon/tests/test_query_params.py: 1311.0349380970001
test_required in /home/kaiyaok2/PythonProjects/falcon/tests/test_query_params.py: 1314.2005982398987
test_multiple_keys_as_int in /home/kaiyaok2/PythonProjects/falcon/tests/test_query_params.py: 1314.4706671237946
test_float in /home/kaiyaok2/PythonProjects/falcon/tests/test_query_params.py: 1314.844310283661
test_option_auto_parse_qs_csv_simple_true in /home/kaiyaok2/PythonProjects/falcon/tests/test_query_params.py: 1315.2034137248993
test_bad_percentage in /home/kaiyaok2/PythonProjects/falcon/tests/test_query_params.py: 1315.4050381183624
test_multiple_form_keys_as_list in /home/kaiyaok2/PythonProjects/falcon/tests/test_query_params.py: 1315.5425071716309
test_option_auto_parse_qs_csv_complex_false in /home/kaiyaok2/PythonProjects/falcon/tests/test_query_params.py: 1315.68874001503
test_get_dict_invalid in /home/kaiyaok2/PythonProjects/falcon/tests/test_query_params.py: 1318.3424408435822
test_uuid in /home/kaiyaok2/PythonProjects/falcon/tests/test_query_params.py: 1318.5999088287354
test_boolean_blank in /home/kaiyaok2/PythonProjects/falcon/tests/test_query_params.py: 1318.807210445404
test_default_auto_parse_csv_behaviour in /home/kaiyaok2/PythonProjects/falcon/tests/test_query_params.py: 1319.041990995407
test_int in /home/kaiyaok2/PythonProjects/falcon/tests/test_query_params.py: 1319.2795095443726
test_get_dict_store in /home/kaiyaok2/PythonProjects/falcon/tests/test_query_params.py: 1319.5227391719818
test_multiple_keys_as_float in /home/kaiyaok2/PythonProjects/falcon/tests/test_query_params.py: 1319.675669670105
test_get_date_invalid in /home/kaiyaok2/PythonProjects/falcon/tests/test_query_params.py: 1322.251816034317
test_get_dict_valid in /home/kaiyaok2/PythonProjects/falcon/tests/test_query_params.py: 1322.5792360305786
test_option_auto_parse_qs_csv_multiple_fields_true in /home/kaiyaok2/PythonProjects/falcon/tests/test_query_params.py: 1322.915299654007
test_list_type_blank in /home/kaiyaok2/PythonProjects/falcon/tests/test_query_params.py: 1323.3080775737762
test_float in /home/kaiyaok2/PythonProjects/falcon/tests/test_query_params.py: 1323.7836291790009
test_none in /home/kaiyaok2/PythonProjects/falcon/tests/test_query_params.py: 1324.2180330753326
test_list_transformer in /home/kaiyaok2/PythonProjects/falcon/tests/test_query_params.py: 1324.563517332077
test_multiple_keys_as_float in /home/kaiyaok2/PythonProjects/falcon/tests/test_query_params.py: 1327.761801481247
test_option_auto_parse_qs_csv_complex_false in /home/kaiyaok2/PythonProjects/falcon/tests/test_query_params.py: 1328.045970439911
test_required in /home/kaiyaok2/PythonProjects/falcon/tests/test_query_params.py: 1328.386236667633
test_get_date_missing_param in /home/kaiyaok2/PythonProjects/falcon/tests/test_query_params.py: 1328.6744899749756
test_required in /home/kaiyaok2/PythonProjects/falcon/tests/test_query_params.py: 1328.9544599056244
test_option_auto_parse_qs_csv_multiple_fields_true in /home/kaiyaok2/PythonProjects/falcon/tests/test_query_params.py: 1329.2482056617737
test_get_dict_invalid in /home/kaiyaok2/PythonProjects/falcon/tests/test_query_params.py: 1329.5469977855682
test_none in /home/kaiyaok2/PythonProjects/falcon/tests/test_query_params.py: 1332.7758250236511
test_has_param in /home/kaiyaok2/PythonProjects/falcon/tests/test_query_params.py: 1332.9576580524445
test_multiple_form_keys_as_list in /home/kaiyaok2/PythonProjects/falcon/tests/test_query_params.py: 1333.1260876655579
test_option_auto_parse_qs_csv_simple_true in /home/kaiyaok2/PythonProjects/falcon/tests/test_query_params.py: 1333.330307483673
test_uuid in /home/kaiyaok2/PythonProjects/falcon/tests/test_query_params.py: 1333.5369889736176
test_option_auto_parse_qs_csv_multiple_fields_true in /home/kaiyaok2/PythonProjects/falcon/tests/test_query_params.py: 1333.7593445777893
test_multiple_form_keys in /home/kaiyaok2/PythonProjects/falcon/tests/test_query_params.py: 1333.943550825119
test_simple in /home/kaiyaok2/PythonProjects/falcon/tests/test_query_params.py: 1334.2804727554321
test_option_auto_parse_qs_csv_multiple_fields_true in /home/kaiyaok2/PythonProjects/falcon/tests/test_query_params.py: 1334.6014380455017
test_dont_auto_parse_by_default in /home/kaiyaok2/PythonProjects/falcon/tests/test_query_params.py: 1337.0413224697113
test_inspect in /home/kaiyaok2/PythonProjects/falcon/tests/test_cmd_inspect_app.py: 1337.2952542304993
test_routes_only in /home/kaiyaok2/PythonProjects/falcon/tests/test_cmd_inspect_app.py: 1337.4826173782349
test_routes_only in /home/kaiyaok2/PythonProjects/falcon/tests/test_cmd_inspect_app.py: 1337.7081325054169
test_inspect in /home/kaiyaok2/PythonProjects/falcon/tests/test_cmd_inspect_app.py: 1337.9165420532227
test_routes_only in /home/kaiyaok2/PythonProjects/falcon/tests/test_cmd_inspect_app.py: 1338.1266441345215
test_inspect in /home/kaiyaok2/PythonProjects/falcon/tests/test_cmd_inspect_app.py: 1338.2985491752625
test_routes_only in /home/kaiyaok2/PythonProjects/falcon/tests/test_cmd_inspect_app.py: 1338.468415260315
test_inspect in /home/kaiyaok2/PythonProjects/falcon/tests/test_cmd_inspect_app.py: 1338.6798989772797
test_load_app_error in /home/kaiyaok2/PythonProjects/falcon/tests/test_cmd_inspect_app.py: 1339.0076277256012
test_load_app_error in /home/kaiyaok2/PythonProjects/falcon/tests/test_cmd_inspect_app.py: 1339.2599847316742
test_load_app in /home/kaiyaok2/PythonProjects/falcon/tests/test_cmd_inspect_app.py: 1339.498027563095
test_load_app in /home/kaiyaok2/PythonProjects/falcon/tests/test_cmd_inspect_app.py: 1339.7511959075928
test_load_app_error in /home/kaiyaok2/PythonProjects/falcon/tests/test_cmd_inspect_app.py: 1339.9511225223541
test_multiple_resource_hooks in /home/kaiyaok2/PythonProjects/falcon/tests/test_before_hooks.py: 1340.8948969841003
test_wrapped_resource in /home/kaiyaok2/PythonProjects/falcon/tests/test_before_hooks.py: 1341.1323087215424
test_field_validator in /home/kaiyaok2/PythonProjects/falcon/tests/test_before_hooks.py: 1341.3006355762482
test_input_validator in /home/kaiyaok2/PythonProjects/falcon/tests/test_before_hooks.py: 1341.46599984169
test_field_validator in /home/kaiyaok2/PythonProjects/falcon/tests/test_before_hooks.py: 1341.6515216827393
test_param_validator in /home/kaiyaok2/PythonProjects/falcon/tests/test_before_hooks.py: 1344.4013516902924
test_field_validator in /home/kaiyaok2/PythonProjects/falcon/tests/test_before_hooks.py: 1344.659752368927
test_wrapped_resource_with_hooks_aware_of_resource in /home/kaiyaok2/PythonProjects/falcon/tests/test_before_hooks.py: 1345.0021080970764
test_input_validator_inherited in /home/kaiyaok2/PythonProjects/falcon/tests/test_before_hooks.py: 1345.338944196701
test_piggybacking_resource_post_item in /home/kaiyaok2/PythonProjects/falcon/tests/test_before_hooks.py: 1345.6683897972107
test_multiple_resource_hooks in /home/kaiyaok2/PythonProjects/falcon/tests/test_before_hooks.py: 1345.9127140045166
