test_load_app in /home/kaiyaok2/PythonProjects/falcon/tests/test_cmd_inspect_app.py: 46.812063694000244
test_load_app_error in /home/kaiyaok2/PythonProjects/falcon/tests/test_cmd_inspect_app.py: 46.877765417099
test_load_app_error in /home/kaiyaok2/PythonProjects/falcon/tests/test_cmd_inspect_app.py: 46.94352960586548
test_load_app_error in /home/kaiyaok2/PythonProjects/falcon/tests/test_cmd_inspect_app.py: 47.008461236953735
test_load_app in /home/kaiyaok2/PythonProjects/falcon/tests/test_cmd_inspect_app.py: 47.082425355911255
test_inspect in /home/kaiyaok2/PythonProjects/falcon/tests/test_cmd_inspect_app.py: 47.155532360076904
test_inspect in /home/kaiyaok2/PythonProjects/falcon/tests/test_cmd_inspect_app.py: 47.2309250831604
test_routes_only in /home/kaiyaok2/PythonProjects/falcon/tests/test_cmd_inspect_app.py: 47.30547213554382
test_routes_only in /home/kaiyaok2/PythonProjects/falcon/tests/test_cmd_inspect_app.py: 47.445098876953125
test_inspect in /home/kaiyaok2/PythonProjects/falcon/tests/test_cmd_inspect_app.py: 47.52928805351257
test_inspect in /home/kaiyaok2/PythonProjects/falcon/tests/test_cmd_inspect_app.py: 47.60763764381409
test_routes_only in /home/kaiyaok2/PythonProjects/falcon/tests/test_cmd_inspect_app.py: 47.68948197364807
test_routes_only in /home/kaiyaok2/PythonProjects/falcon/tests/test_cmd_inspect_app.py: 47.76301956176758
test_jsonchema_validator in /home/kaiyaok2/PythonProjects/falcon/tests/asgi/test_cythonized_asgi.py: 138.29751873016357
test_hooks in /home/kaiyaok2/PythonProjects/falcon/tests/asgi/test_cythonized_asgi.py: 138.37019562721252
test_redirect_with_headers in /home/kaiyaok2/PythonProjects/falcon/tests/test_redirects.py: 138.45045042037964
test_redirect_with_headers in /home/kaiyaok2/PythonProjects/falcon/tests/test_redirects.py: 138.51848363876343
test_redirect in /home/kaiyaok2/PythonProjects/falcon/tests/test_redirects.py: 138.58801317214966
test_redirect_with_headers in /home/kaiyaok2/PythonProjects/falcon/tests/test_redirects.py: 140.09158730506897
test_redirect_with_headers in /home/kaiyaok2/PythonProjects/falcon/tests/test_redirects.py: 140.2364399433136
test_redirect_with_headers in /home/kaiyaok2/PythonProjects/falcon/tests/test_redirects.py: 140.31506967544556
test_redirect in /home/kaiyaok2/PythonProjects/falcon/tests/test_redirects.py: 140.41209149360657
test_redirect in /home/kaiyaok2/PythonProjects/falcon/tests/test_redirects.py: 140.49498200416565
test_redirect in /home/kaiyaok2/PythonProjects/falcon/tests/test_redirects.py: 140.5615861415863
test_redirect in /home/kaiyaok2/PythonProjects/falcon/tests/test_redirects.py: 140.6449432373047
test_imported_from_c_modules in /home/kaiyaok2/PythonProjects/falcon/tests/test_cython.py: 140.65169620513916
test_stream_has_private_read in /home/kaiyaok2/PythonProjects/falcon/tests/test_cython.py: 140.65652871131897
test_simulate_remote_addr in /home/kaiyaok2/PythonProjects/falcon/tests/test_utils.py: 141.7119698524475
test_simulate_remote_addr in /home/kaiyaok2/PythonProjects/falcon/tests/test_utils.py: 141.83835124969482
test_query_string_in_path in /home/kaiyaok2/PythonProjects/falcon/tests/test_utils.py: 143.4650375843048
test_query_string_no_question in /home/kaiyaok2/PythonProjects/falcon/tests/test_utils.py: 143.59642028808594
test_default_headers_with_override in /home/kaiyaok2/PythonProjects/falcon/tests/test_utils.py: 143.7715916633606
test_override_method_with_extras in /home/kaiyaok2/PythonProjects/falcon/tests/test_utils.py: 143.9036979675293
test_status in /home/kaiyaok2/PythonProjects/falcon/tests/test_utils.py: 144.07571268081665
test_path_must_start_with_slash in /home/kaiyaok2/PythonProjects/falcon/tests/test_utils.py: 144.1831533908844
test_simulate_remote_addr in /home/kaiyaok2/PythonProjects/falcon/tests/test_utils.py: 145.84530568122864
test_simulate_remote_addr in /home/kaiyaok2/PythonProjects/falcon/tests/test_utils.py: 145.98547792434692
test_simulate_hostname in /home/kaiyaok2/PythonProjects/falcon/tests/test_utils.py: 146.12272095680237
test_cached_text_in_result in /home/kaiyaok2/PythonProjects/falcon/tests/test_utils.py: 146.26591205596924
test_default_headers in /home/kaiyaok2/PythonProjects/falcon/tests/test_utils.py: 146.41339564323425
test_query_string in /home/kaiyaok2/PythonProjects/falcon/tests/test_utils.py: 146.60335397720337
test_simulate_remote_addr in /home/kaiyaok2/PythonProjects/falcon/tests/test_utils.py: 148.30756044387817
test_field_validator in /home/kaiyaok2/PythonProjects/falcon/tests/test_before_hooks.py: 148.7671377658844
test_piggybacking_resource_post_item in /home/kaiyaok2/PythonProjects/falcon/tests/test_before_hooks.py: 148.87474513053894
test_field_validator in /home/kaiyaok2/PythonProjects/falcon/tests/test_before_hooks.py: 148.98576641082764
test_piggybacking_resource_post_and_delete in /home/kaiyaok2/PythonProjects/falcon/tests/test_before_hooks.py: 149.06561970710754
test_multiple_resource_hooks in /home/kaiyaok2/PythonProjects/falcon/tests/test_before_hooks.py: 149.17198586463928
test_wrapped_resource in /home/kaiyaok2/PythonProjects/falcon/tests/test_before_hooks.py: 149.27244091033936
test_param_validator in /home/kaiyaok2/PythonProjects/falcon/tests/test_before_hooks.py: 149.3575005531311
test_input_validator in /home/kaiyaok2/PythonProjects/falcon/tests/test_before_hooks.py: 149.47061324119568
test_input_validator_inherited in /home/kaiyaok2/PythonProjects/falcon/tests/test_before_hooks.py: 149.564959526062
test_multiple_resource_hooks in /home/kaiyaok2/PythonProjects/falcon/tests/test_before_hooks.py: 151.0828833580017
test_field_validator in /home/kaiyaok2/PythonProjects/falcon/tests/test_before_hooks.py: 151.19291234016418
test_wrapped_resource_with_hooks_aware_of_resource in /home/kaiyaok2/PythonProjects/falcon/tests/test_before_hooks.py: 151.30172276496887
test_uncaught_error_else in /home/kaiyaok2/PythonProjects/falcon/tests/test_error_handlers.py: 169.1836485862732
test_uncaught_python_error in /home/kaiyaok2/PythonProjects/falcon/tests/test_error_handlers.py: 169.31411123275757
test_invalid_add_exception_handler_input in /home/kaiyaok2/PythonProjects/falcon/tests/test_error_handlers.py: 169.42837381362915
test_converted_error in /home/kaiyaok2/PythonProjects/falcon/tests/test_error_handlers.py: 169.53521180152893
test_handle_not_defined in /home/kaiyaok2/PythonProjects/falcon/tests/test_error_handlers.py: 171.2536268234253
test_handler_single_exception_iterable in /home/kaiyaok2/PythonProjects/falcon/tests/test_error_handlers.py: 171.34698724746704
test_error_precedence_duplicate in /home/kaiyaok2/PythonProjects/falcon/tests/test_error_handlers.py: 171.42154622077942
test_handler_multiple_exception_iterable in /home/kaiyaok2/PythonProjects/falcon/tests/test_error_handlers.py: 171.49731731414795
test_caught_error in /home/kaiyaok2/PythonProjects/falcon/tests/test_error_handlers.py: 171.59324622154236
test_uncaught_python_error in /home/kaiyaok2/PythonProjects/falcon/tests/test_error_handlers.py: 171.67068076133728
test_invalid_add_exception_handler_input in /home/kaiyaok2/PythonProjects/falcon/tests/test_error_handlers.py: 171.7418520450592
test_invalid_add_exception_handler_input in /home/kaiyaok2/PythonProjects/falcon/tests/test_error_handlers.py: 171.8314347267151
test_error_precedence_subclass_order_indifference in /home/kaiyaok2/PythonProjects/falcon/tests/test_error_handlers.py: 171.90209245681763
test_handler_multiple_exception_iterable in /home/kaiyaok2/PythonProjects/falcon/tests/test_error_handlers.py: 173.36303544044495
test_catch_http_no_route_error in /home/kaiyaok2/PythonProjects/falcon/tests/test_error_handlers.py: 173.44950199127197
test_subclass_error in /home/kaiyaok2/PythonProjects/falcon/tests/test_error_handlers.py: 173.52385449409485
test_uncaught_error in /home/kaiyaok2/PythonProjects/falcon/tests/test_error_handlers.py: 173.59538674354553
test_invalid_add_exception_handler_input in /home/kaiyaok2/PythonProjects/falcon/tests/test_error_handlers.py: 173.67815732955933
test_uncaught_python_error in /home/kaiyaok2/PythonProjects/falcon/tests/test_error_handlers.py: 173.75474882125854
test_error_precedence_subclass in /home/kaiyaok2/PythonProjects/falcon/tests/test_error_handlers.py: 173.82806158065796
test_caught_error_async in /home/kaiyaok2/PythonProjects/falcon/tests/test_error_handlers.py: 173.9146568775177
test_data_is_set in /home/kaiyaok2/PythonProjects/falcon/tests/test_error_handlers.py: 174.0103588104248
test_body_is_set in /home/kaiyaok2/PythonProjects/falcon/tests/test_error_handlers.py: 174.08868217468262
test_media_is_set in /home/kaiyaok2/PythonProjects/falcon/tests/test_error_handlers.py: 174.16875576972961
test_body_is_set in /home/kaiyaok2/PythonProjects/falcon/tests/test_error_handlers.py: 175.7724027633667
test_media_is_set in /home/kaiyaok2/PythonProjects/falcon/tests/test_error_handlers.py: 175.91055512428284
test_data_is_set in /home/kaiyaok2/PythonProjects/falcon/tests/test_error_handlers.py: 176.01761150360107
