test_imported_from_c_modules in /home/kaiyaok2/PythonProjects/falcon/tests/test_cython.py: 139.36719822883606
test_stream_has_private_read in /home/kaiyaok2/PythonProjects/falcon/tests/test_cython.py: 139.3755099773407
test_jsonchema_validator in /home/kaiyaok2/PythonProjects/falcon/tests/asgi/test_cythonized_asgi.py: 163.99052667617798
test_hooks in /home/kaiyaok2/PythonProjects/falcon/tests/asgi/test_cythonized_asgi.py: 164.61089825630188
test_cookie_expires_aware in /home/kaiyaok2/PythonProjects/falcon/tests/test_cookies.py: 182.96381640434265
test_strict_same_site_value in /home/kaiyaok2/PythonProjects/falcon/tests/test_cookies.py: 183.08571863174438
test_lax_same_site_value in /home/kaiyaok2/PythonProjects/falcon/tests/test_cookies.py: 183.18497920036316
test_unset_cookies in /home/kaiyaok2/PythonProjects/falcon/tests/test_cookies.py: 183.27402353286743
test_response_complex_case in /home/kaiyaok2/PythonProjects/falcon/tests/test_cookies.py: 183.3614947795868
test_none_same_site_value in /home/kaiyaok2/PythonProjects/falcon/tests/test_cookies.py: 183.44940757751465
test_cookie_timezone in /home/kaiyaok2/PythonProjects/falcon/tests/test_cookies.py: 183.52579593658447
test_cookie_expires_naive in /home/kaiyaok2/PythonProjects/falcon/tests/test_cookies.py: 185.49646472930908
test_cookies_setable in /home/kaiyaok2/PythonProjects/falcon/tests/test_cookies.py: 185.60538744926453
test_response_unset_cookie in /home/kaiyaok2/PythonProjects/falcon/tests/test_cookies.py: 185.72358083724976
test_cookie_max_age_float_and_string in /home/kaiyaok2/PythonProjects/falcon/tests/test_cookies.py: 185.8376660346985
test_same_site_empty_string in /home/kaiyaok2/PythonProjects/falcon/tests/test_cookies.py: 185.94586873054504
test_unset_cookies_samesite in /home/kaiyaok2/PythonProjects/falcon/tests/test_cookies.py: 186.0468611717224
test_cookie_max_age_float_and_string in /home/kaiyaok2/PythonProjects/falcon/tests/test_cookies.py: 186.17821788787842
test_response_base_case in /home/kaiyaok2/PythonProjects/falcon/tests/test_cookies.py: 186.2853877544403
test_response_disable_secure_globally in /home/kaiyaok2/PythonProjects/falcon/tests/test_cookies.py: 186.3995921611786
test_base_path_is_removed_before_routing in /home/kaiyaok2/PythonProjects/falcon/tests/test_middleware.py: 188.60650753974915
test_dont_need_params_in_signature in /home/kaiyaok2/PythonProjects/falcon/tests/test_middleware.py: 188.7335286140442
test_multiple_response_mw_throw_exception in /home/kaiyaok2/PythonProjects/falcon/tests/test_middleware.py: 188.83884477615356
test_order_independent_mw_executed_when_exception_in_req in /home/kaiyaok2/PythonProjects/falcon/tests/test_middleware.py: 188.92405724525452
test_order_mw_executed_when_exception_in_resp in /home/kaiyaok2/PythonProjects/falcon/tests/test_middleware.py: 189.00799918174744
test_outer_mw_with_ex_handler_throw_exception in /home/kaiyaok2/PythonProjects/falcon/tests/test_middleware.py: 189.09978723526
test_order_independent_mw_executed_when_exception_in_rsrc in /home/kaiyaok2/PythonProjects/falcon/tests/test_middleware.py: 189.18215537071228
test_inner_mw_with_ex_handler_throw_exception in /home/kaiyaok2/PythonProjects/falcon/tests/test_middleware.py: 189.27198791503906
test_order_independent_mw_executed_when_exception_in_resp in /home/kaiyaok2/PythonProjects/falcon/tests/test_middleware.py: 189.37035942077637
test_generate_trans_id_and_time_with_request in /home/kaiyaok2/PythonProjects/falcon/tests/test_middleware.py: 189.47084379196167
test_order_mw_executed_when_exception_in_rsrc in /home/kaiyaok2/PythonProjects/falcon/tests/test_middleware.py: 189.55425667762756
test_inner_mw_throw_exception in /home/kaiyaok2/PythonProjects/falcon/tests/test_middleware.py: 191.1446714401245
test_legacy_middleware_called_with_correct_args in /home/kaiyaok2/PythonProjects/falcon/tests/test_middleware.py: 191.24565267562866
test_order_mw_executed_when_exception_in_req in /home/kaiyaok2/PythonProjects/falcon/tests/test_middleware.py: 191.34691190719604
test_generate_trans_id_and_time_with_request in /home/kaiyaok2/PythonProjects/falcon/tests/test_middleware.py: 191.4503972530365
test_middleware_execution_order in /home/kaiyaok2/PythonProjects/falcon/tests/test_middleware.py: 191.58397388458252
test_inner_mw_throw_exception_while_processing_resp in /home/kaiyaok2/PythonProjects/falcon/tests/test_middleware.py: 191.67902874946594
test_independent_middleware_execution_order in /home/kaiyaok2/PythonProjects/falcon/tests/test_middleware.py: 191.7696475982666
test_process_request_cached in /home/kaiyaok2/PythonProjects/falcon/tests/test_middleware.py: 191.8839123249054
test_process_request_not_cached in /home/kaiyaok2/PythonProjects/falcon/tests/test_middleware.py: 191.98529267311096
test_process_request_cached in /home/kaiyaok2/PythonProjects/falcon/tests/test_middleware.py: 192.1037540435791
test_process_resource_cached in /home/kaiyaok2/PythonProjects/falcon/tests/test_middleware.py: 192.2099289894104
test_process_resource_cached in /home/kaiyaok2/PythonProjects/falcon/tests/test_middleware.py: 193.79317235946655
test_generate_trans_id_with_request in /home/kaiyaok2/PythonProjects/falcon/tests/test_middleware.py: 193.90565252304077
test_http_status_raised_from_error_handler in /home/kaiyaok2/PythonProjects/falcon/tests/test_middleware.py: 193.99628567695618
test_error_composed_before_resp_middleware_called in /home/kaiyaok2/PythonProjects/falcon/tests/test_middleware.py: 194.08008074760437
test_can_access_resource_params in /home/kaiyaok2/PythonProjects/falcon/tests/test_middleware.py: 194.210444688797
test_can_access_resource_params in /home/kaiyaok2/PythonProjects/falcon/tests/test_middleware.py: 194.30834460258484
test_log_get_request in /home/kaiyaok2/PythonProjects/falcon/tests/test_middleware.py: 194.43559575080872
test_log_get_request in /home/kaiyaok2/PythonProjects/falcon/tests/test_middleware.py: 194.5501024723053
test_skip_process_resource in /home/kaiyaok2/PythonProjects/falcon/tests/test_middleware.py: 194.67146563529968
test_response_middleware_raises_exception in /home/kaiyaok2/PythonProjects/falcon/tests/test_middleware.py: 194.76134181022644
test_api_initialization_with_cors_enabled_and_middleware_param in /home/kaiyaok2/PythonProjects/falcon/tests/test_middleware.py: 194.85090017318726
test_api_initialization_with_cors_enabled_and_middleware_param in /home/kaiyaok2/PythonProjects/falcon/tests/test_middleware.py: 196.42381477355957
test_api_initialization_with_cors_enabled_and_middleware_param in /home/kaiyaok2/PythonProjects/falcon/tests/test_middleware.py: 196.558917760849
test_api_initialization_with_cors_enabled_and_middleware_param in /home/kaiyaok2/PythonProjects/falcon/tests/test_middleware.py: 196.6580934524536
test_misc in /home/kaiyaok2/PythonProjects/falcon/tests/test_http_method_routing.py: 196.76873469352722
test_report in /home/kaiyaok2/PythonProjects/falcon/tests/test_http_method_routing.py: 196.89235734939575
test_post_not_allowed in /home/kaiyaok2/PythonProjects/falcon/tests/test_http_method_routing.py: 196.97683477401733
test_put in /home/kaiyaok2/PythonProjects/falcon/tests/test_http_method_routing.py: 197.06249165534973
test_on_options in /home/kaiyaok2/PythonProjects/falcon/tests/test_http_method_routing.py: 197.14346075057983
test_methods_not_allowed_complex in /home/kaiyaok2/PythonProjects/falcon/tests/test_http_method_routing.py: 197.23883056640625
test_methods_not_allowed_simple in /home/kaiyaok2/PythonProjects/falcon/tests/test_http_method_routing.py: 197.32925629615784
test_meta_and_others_disallowed in /home/kaiyaok2/PythonProjects/falcon/tests/test_http_method_routing.py: 197.4046287536621
test_meta_and_others_disallowed in /home/kaiyaok2/PythonProjects/falcon/tests/test_http_method_routing.py: 197.4859118461609
test_default_on_options in /home/kaiyaok2/PythonProjects/falcon/tests/test_http_method_routing.py: 199.0566635131836
test_method_not_allowed_with_param in /home/kaiyaok2/PythonProjects/falcon/tests/test_http_method_routing.py: 199.1780424118042
test_get in /home/kaiyaok2/PythonProjects/falcon/tests/test_http_method_routing.py: 199.27516055107117
test_response_set_and_get_header in /home/kaiyaok2/PythonProjects/falcon/tests/test_headers.py: 199.4216980934143
test_declared_content_length_overriden_by_body_length in /home/kaiyaok2/PythonProjects/falcon/tests/test_headers.py: 199.54386472702026
test_override_default_media_type in /home/kaiyaok2/PythonProjects/falcon/tests/test_headers.py: 199.66316294670105
test_declared_content_length_on_head in /home/kaiyaok2/PythonProjects/falcon/tests/test_headers.py: 199.84905242919922
test_unset_header in /home/kaiyaok2/PythonProjects/falcon/tests/test_headers.py: 200.0304274559021
test_unicode_headers_contain_non_ascii in /home/kaiyaok2/PythonProjects/falcon/tests/test_headers.py: 200.15033102035522
test_content_disposition_attachment_header in /home/kaiyaok2/PythonProjects/falcon/tests/test_headers.py: 201.9858682155609
test_append_link_crossorigin in /home/kaiyaok2/PythonProjects/falcon/tests/test_headers.py: 202.22861003875732
test_content_length in /home/kaiyaok2/PythonProjects/falcon/tests/test_headers.py: 202.45368933677673
test_set_headers_with_custom_class in /home/kaiyaok2/PythonProjects/falcon/tests/test_headers.py: 202.64450001716614
test_unicode_location_headers in /home/kaiyaok2/PythonProjects/falcon/tests/test_headers.py: 202.8062982559204
test_headers_as_list in /home/kaiyaok2/PythonProjects/falcon/tests/test_headers.py: 202.96567583084106
test_required_header in /home/kaiyaok2/PythonProjects/falcon/tests/test_headers.py: 203.14090538024902
test_append_link_with_hreflang in /home/kaiyaok2/PythonProjects/falcon/tests/test_headers.py: 204.93499302864075
test_content_disposition_attachment_header in /home/kaiyaok2/PythonProjects/falcon/tests/test_headers.py: 205.05768465995789
test_response_append_header in /home/kaiyaok2/PythonProjects/falcon/tests/test_headers.py: 205.16960644721985
test_vary_star in /home/kaiyaok2/PythonProjects/falcon/tests/test_headers.py: 205.289879322052
test_expires_header in /home/kaiyaok2/PythonProjects/falcon/tests/test_headers.py: 205.40295314788818
test_request_latin1_headers in /home/kaiyaok2/PythonProjects/falcon/tests/test_headers.py: 205.5215039253235
test_unicode_headers_contain_non_ascii in /home/kaiyaok2/PythonProjects/falcon/tests/test_headers.py: 205.62217354774475
test_content_disposition_attachment_header in /home/kaiyaok2/PythonProjects/falcon/tests/test_headers.py: 205.71479034423828
test_append_link_crossorigin in /home/kaiyaok2/PythonProjects/falcon/tests/test_headers.py: 207.45269918441772
test_append_link_with_title in /home/kaiyaok2/PythonProjects/falcon/tests/test_headers.py: 207.6129231452942
test_response_header_helpers_on_get in /home/kaiyaok2/PythonProjects/falcon/tests/test_headers.py: 207.7525074481964
test_unicode_headers_contain_non_ascii in /home/kaiyaok2/PythonProjects/falcon/tests/test_headers.py: 207.85709834098816
test_append_link_with_anchor in /home/kaiyaok2/PythonProjects/falcon/tests/test_headers.py: 207.99539041519165
test_content_disposition_attachment_header in /home/kaiyaok2/PythonProjects/falcon/tests/test_headers.py: 208.1139304637909
test_append_link_crossorigin in /home/kaiyaok2/PythonProjects/falcon/tests/test_headers.py: 208.23285460472107
test_unicode_headers_contain_non_ascii in /home/kaiyaok2/PythonProjects/falcon/tests/test_headers.py: 208.3297700881958
test_passthrough_request_headers in /home/kaiyaok2/PythonProjects/falcon/tests/test_headers.py: 210.04605269432068
test_headers_with_custom_class_not_callable in /home/kaiyaok2/PythonProjects/falcon/tests/test_headers.py: 210.17912101745605
test_append_link_complex in /home/kaiyaok2/PythonProjects/falcon/tests/test_headers.py: 210.33998346328735
test_content_disposition_attachment_header in /home/kaiyaok2/PythonProjects/falcon/tests/test_headers.py: 210.44636344909668
test_content_type_no_body in /home/kaiyaok2/PythonProjects/falcon/tests/test_headers.py: 210.5573124885559
test_override_default_media_type in /home/kaiyaok2/PythonProjects/falcon/tests/test_headers.py: 210.6717562675476
test_content_disposition_attachment_header in /home/kaiyaok2/PythonProjects/falcon/tests/test_headers.py: 210.76453709602356
test_append_link_single in /home/kaiyaok2/PythonProjects/falcon/tests/test_headers.py: 210.8906536102295
test_request_multiple_header in /home/kaiyaok2/PythonProjects/falcon/tests/test_headers.py: 212.9053931236267
test_append_link_with_link_extension in /home/kaiyaok2/PythonProjects/falcon/tests/test_headers.py: 213.12161803245544
test_content_disposition_attachment_header in /home/kaiyaok2/PythonProjects/falcon/tests/test_headers.py: 213.31530475616455
test_unset_header in /home/kaiyaok2/PythonProjects/falcon/tests/test_headers.py: 213.48089289665222
test_no_content_type in /home/kaiyaok2/PythonProjects/falcon/tests/test_headers.py: 213.69515657424927
test_no_content_type in /home/kaiyaok2/PythonProjects/falcon/tests/test_headers.py: 213.83292603492737
test_append_link_multiple in /home/kaiyaok2/PythonProjects/falcon/tests/test_headers.py: 213.98045778274536
test_content_disposition_inline_header in /home/kaiyaok2/PythonProjects/falcon/tests/test_headers.py: 214.09713649749756
test_append_link_crossorigin in /home/kaiyaok2/PythonProjects/falcon/tests/test_headers.py: 215.75347065925598
test_no_content_length in /home/kaiyaok2/PythonProjects/falcon/tests/test_headers.py: 215.8621175289154
test_content_disposition_attachment_header in /home/kaiyaok2/PythonProjects/falcon/tests/test_headers.py: 215.99615001678467
test_content_disposition_inline_header in /home/kaiyaok2/PythonProjects/falcon/tests/test_headers.py: 216.10407209396362
test_declared_content_length_overridden_by_no_body in /home/kaiyaok2/PythonProjects/falcon/tests/test_headers.py: 216.20743370056152
test_vary_header in /home/kaiyaok2/PythonProjects/falcon/tests/test_headers.py: 216.35833477973938
test_append_link_crossorigin in /home/kaiyaok2/PythonProjects/falcon/tests/test_headers.py: 216.49557423591614
test_default_value in /home/kaiyaok2/PythonProjects/falcon/tests/test_headers.py: 216.63857698440552
test_content_disposition_inline_header in /home/kaiyaok2/PythonProjects/falcon/tests/test_headers.py: 218.27500796318054
test_get_header_as_int in /home/kaiyaok2/PythonProjects/falcon/tests/test_headers.py: 218.38960433006287
test_vary_header in /home/kaiyaok2/PythonProjects/falcon/tests/test_headers.py: 218.53113532066345
test_override_default_media_type_missing_encoding in /home/kaiyaok2/PythonProjects/falcon/tests/test_headers.py: 218.63598251342773
test_no_content_length in /home/kaiyaok2/PythonProjects/falcon/tests/test_headers.py: 218.78146505355835
test_append_link_with_type_hint in /home/kaiyaok2/PythonProjects/falcon/tests/test_headers.py: 218.90974020957947
test_append_link_with_title_star in /home/kaiyaok2/PythonProjects/falcon/tests/test_headers.py: 219.04052543640137
test_declared_content_length_overriden_by_data_length in /home/kaiyaok2/PythonProjects/falcon/tests/test_headers.py: 219.16568756103516
test_custom_content_type in /home/kaiyaok2/PythonProjects/falcon/tests/test_headers.py: 220.82240438461304
test_append_link_crossorigin in /home/kaiyaok2/PythonProjects/falcon/tests/test_headers.py: 220.9799039363861
test_append_link_with_hreflang_multi in /home/kaiyaok2/PythonProjects/falcon/tests/test_headers.py: 221.10357356071472
test_default_media_type in /home/kaiyaok2/PythonProjects/falcon/tests/test_headers.py: 221.21688389778137
test_unicode_headers_contain_only_ascii in /home/kaiyaok2/PythonProjects/falcon/tests/test_headers.py: 221.3706669807434
test_enabled_cors_handles_preflighting_no_headers_in_req in /home/kaiyaok2/PythonProjects/falcon/tests/test_cors_middleware.py: 221.49075841903687
test_enabled_cors_no_origin in /home/kaiyaok2/PythonProjects/falcon/tests/test_cors_middleware.py: 221.57745456695557
test_disabled_cors_should_not_add_any_extra_headers in /home/kaiyaok2/PythonProjects/falcon/tests/test_cors_middleware.py: 221.64983582496643
test_enabled_cors_should_add_extra_headers_on_response in /home/kaiyaok2/PythonProjects/falcon/tests/test_cors_middleware.py: 221.7346155643463
test_enabled_cors_should_accept_all_origins_requests in /home/kaiyaok2/PythonProjects/falcon/tests/test_cors_middleware.py: 224.10528755187988
test_enabled_cors_handles_preflighting in /home/kaiyaok2/PythonProjects/falcon/tests/test_cors_middleware.py: 224.17960739135742
test_expose_headers in /home/kaiyaok2/PythonProjects/falcon/tests/test_cors_middleware.py: 224.31732869148254
test_allow_credential_wildcard in /home/kaiyaok2/PythonProjects/falcon/tests/test_cors_middleware.py: 224.41044902801514
test_expose_headers in /home/kaiyaok2/PythonProjects/falcon/tests/test_cors_middleware.py: 224.50127935409546
test_allow_origin in /home/kaiyaok2/PythonProjects/falcon/tests/test_cors_middleware.py: 224.59916877746582
test_allow_origin in /home/kaiyaok2/PythonProjects/falcon/tests/test_cors_middleware.py: 224.67767214775085
test_allow_credential_list_or_str in /home/kaiyaok2/PythonProjects/falcon/tests/test_cors_middleware.py: 224.75139832496643
test_allow_origin_allow_credential in /home/kaiyaok2/PythonProjects/falcon/tests/test_cors_middleware.py: 224.85741424560547
test_allow_origin in /home/kaiyaok2/PythonProjects/falcon/tests/test_cors_middleware.py: 224.93627166748047
test_allow_credential_existing_origin in /home/kaiyaok2/PythonProjects/falcon/tests/test_cors_middleware.py: 226.51203632354736
test_allow_credential_list_or_str in /home/kaiyaok2/PythonProjects/falcon/tests/test_cors_middleware.py: 226.588805437088
test_expose_headers in /home/kaiyaok2/PythonProjects/falcon/tests/test_cors_middleware.py: 226.69563126564026
test_inspect in /home/kaiyaok2/PythonProjects/falcon/tests/test_cmd_inspect_app.py: 226.92963767051697
test_routes_only in /home/kaiyaok2/PythonProjects/falcon/tests/test_cmd_inspect_app.py: 227.00113987922668
test_routes_only in /home/kaiyaok2/PythonProjects/falcon/tests/test_cmd_inspect_app.py: 227.06618309020996
test_inspect in /home/kaiyaok2/PythonProjects/falcon/tests/test_cmd_inspect_app.py: 227.12935137748718
test_routes_only in /home/kaiyaok2/PythonProjects/falcon/tests/test_cmd_inspect_app.py: 227.18932843208313
test_inspect in /home/kaiyaok2/PythonProjects/falcon/tests/test_cmd_inspect_app.py: 227.24954771995544
test_routes_only in /home/kaiyaok2/PythonProjects/falcon/tests/test_cmd_inspect_app.py: 227.30920696258545
test_inspect in /home/kaiyaok2/PythonProjects/falcon/tests/test_cmd_inspect_app.py: 227.37143731117249
test_load_app_error in /home/kaiyaok2/PythonProjects/falcon/tests/test_cmd_inspect_app.py: 227.44318890571594
test_load_app_error in /home/kaiyaok2/PythonProjects/falcon/tests/test_cmd_inspect_app.py: 227.5030951499939
test_load_app_error in /home/kaiyaok2/PythonProjects/falcon/tests/test_cmd_inspect_app.py: 227.58145689964294
test_load_app in /home/kaiyaok2/PythonProjects/falcon/tests/test_cmd_inspect_app.py: 227.65525150299072
test_load_app in /home/kaiyaok2/PythonProjects/falcon/tests/test_cmd_inspect_app.py: 227.73751401901245
test_unsupported_response_content_type in /home/kaiyaok2/PythonProjects/falcon/tests/test_response_body.py: 227.83724546432495
test_content_length_set_on_head_with_no_body in /home/kaiyaok2/PythonProjects/falcon/tests/test_response_body.py: 227.92133927345276
test_response_body_rendition_error in /home/kaiyaok2/PythonProjects/falcon/tests/test_response_body.py: 228.0138931274414
