test_hooks in /home/kaiyaok2/PythonProjects/falcon/tests/asgi/test_cythonized_asgi.py: 3.4219493865966797
test_jsonchema_validator in /home/kaiyaok2/PythonProjects/falcon/tests/asgi/test_cythonized_asgi.py: 3.5243046283721924
test_redirect_with_headers in /home/kaiyaok2/PythonProjects/falcon/tests/test_redirects.py: 9.67789340019226
test_redirect_with_headers in /home/kaiyaok2/PythonProjects/falcon/tests/test_redirects.py: 9.816694974899292
test_redirect in /home/kaiyaok2/PythonProjects/falcon/tests/test_redirects.py: 10.010148286819458
test_redirect in /home/kaiyaok2/PythonProjects/falcon/tests/test_redirects.py: 10.290804624557495
test_redirect in /home/kaiyaok2/PythonProjects/falcon/tests/test_redirects.py: 10.510297298431396
test_redirect_with_headers in /home/kaiyaok2/PythonProjects/falcon/tests/test_redirects.py: 10.699296474456787
test_redirect in /home/kaiyaok2/PythonProjects/falcon/tests/test_redirects.py: 10.795387268066406
test_redirect_with_headers in /home/kaiyaok2/PythonProjects/falcon/tests/test_redirects.py: 10.908721685409546
test_redirect_with_headers in /home/kaiyaok2/PythonProjects/falcon/tests/test_redirects.py: 11.003189086914062
test_redirect in /home/kaiyaok2/PythonProjects/falcon/tests/test_redirects.py: 11.122686624526978
test_catch_http_no_route_error in /home/kaiyaok2/PythonProjects/falcon/tests/test_error_handlers.py: 11.240030765533447
test_client_simulate_aliases in /home/kaiyaok2/PythonProjects/falcon/tests/test_testing.py: 12.409308433532715
test_client_simulate_aliases in /home/kaiyaok2/PythonProjects/falcon/tests/test_testing.py: 12.490392684936523
test_client_simulate_aliases in /home/kaiyaok2/PythonProjects/falcon/tests/test_testing.py: 12.560930490493774
test_client_simulate_aliases in /home/kaiyaok2/PythonProjects/falcon/tests/test_testing.py: 14.875890970230103
test_client_simulate_aliases in /home/kaiyaok2/PythonProjects/falcon/tests/test_testing.py: 14.982675313949585
test_client_simulate_aliases in /home/kaiyaok2/PythonProjects/falcon/tests/test_testing.py: 15.083276987075806
test_client_simulate_aliases in /home/kaiyaok2/PythonProjects/falcon/tests/test_testing.py: 15.161572456359863
test_client_simulate_aliases in /home/kaiyaok2/PythonProjects/falcon/tests/test_testing.py: 15.26630973815918
test_response_body_rendition_error in /home/kaiyaok2/PythonProjects/falcon/tests/test_response_body.py: 15.620354652404785
test_content_length_set_on_head_with_no_body in /home/kaiyaok2/PythonProjects/falcon/tests/test_response_body.py: 15.85549521446228
test_unsupported_response_content_type in /home/kaiyaok2/PythonProjects/falcon/tests/test_response_body.py: 16.028433084487915
test_static_file_byte_range in /home/kaiyaok2/PythonProjects/falcon/tests/test_wsgi_servers.py: 46.85596179962158
test_static_file_byte_range in /home/kaiyaok2/PythonProjects/falcon/tests/test_wsgi_servers.py: 77.17173981666565
test_get in /home/kaiyaok2/PythonProjects/falcon/tests/test_wsgi_servers.py: 107.55872535705566
test_static_file_byte_range in /home/kaiyaok2/PythonProjects/falcon/tests/test_wsgi_servers.py: 138.0480875968933
test_get in /home/kaiyaok2/PythonProjects/falcon/tests/test_wsgi_servers.py: 168.5927734375
test_post_multipart_form in /home/kaiyaok2/PythonProjects/falcon/tests/test_wsgi_servers.py: 199.19519448280334
test_get_deprecated in /home/kaiyaok2/PythonProjects/falcon/tests/test_wsgi_servers.py: 229.7756209373474
test_static_file_byte_range in /home/kaiyaok2/PythonProjects/falcon/tests/test_wsgi_servers.py: 260.2466850280762
test_static_file_byte_range in /home/kaiyaok2/PythonProjects/falcon/tests/test_wsgi_servers.py: 290.6535315513611
test_static_file_byte_range in /home/kaiyaok2/PythonProjects/falcon/tests/test_wsgi_servers.py: 321.0525851249695
test_static_file in /home/kaiyaok2/PythonProjects/falcon/tests/test_wsgi_servers.py: 351.64630937576294
test_static_file in /home/kaiyaok2/PythonProjects/falcon/tests/test_wsgi_servers.py: 381.96446442604065
test_get_deprecated in /home/kaiyaok2/PythonProjects/falcon/tests/test_wsgi_servers.py: 412.27794194221497
test_post_multipart_form in /home/kaiyaok2/PythonProjects/falcon/tests/test_wsgi_servers.py: 442.56657338142395
test_static_file_byte_range in /home/kaiyaok2/PythonProjects/falcon/tests/test_wsgi_servers.py: 472.99677658081055
test_static_file_byte_range in /home/kaiyaok2/PythonProjects/falcon/tests/test_wsgi_servers.py: 503.80589962005615
test_cookie_max_age_float_and_string in /home/kaiyaok2/PythonProjects/falcon/tests/test_cookies.py: 504.1918272972107
test_same_site_empty_string in /home/kaiyaok2/PythonProjects/falcon/tests/test_cookies.py: 504.3302843570709
test_cookie_timezone in /home/kaiyaok2/PythonProjects/falcon/tests/test_cookies.py: 504.4593093395233
test_response_disable_secure_globally in /home/kaiyaok2/PythonProjects/falcon/tests/test_cookies.py: 504.7215280532837
test_cookie_expires_naive in /home/kaiyaok2/PythonProjects/falcon/tests/test_cookies.py: 507.24256777763367
test_response_unset_cookie in /home/kaiyaok2/PythonProjects/falcon/tests/test_cookies.py: 507.8982493877411
test_unset_cookies in /home/kaiyaok2/PythonProjects/falcon/tests/test_cookies.py: 508.46278405189514
test_lax_same_site_value in /home/kaiyaok2/PythonProjects/falcon/tests/test_cookies.py: 509.18502378463745
test_response_base_case in /home/kaiyaok2/PythonProjects/falcon/tests/test_cookies.py: 509.7856845855713
test_cookie_max_age_float_and_string in /home/kaiyaok2/PythonProjects/falcon/tests/test_cookies.py: 511.2192656993866
test_none_same_site_value in /home/kaiyaok2/PythonProjects/falcon/tests/test_cookies.py: 511.9379405975342
test_cookie_expires_aware in /home/kaiyaok2/PythonProjects/falcon/tests/test_cookies.py: 512.7109799385071
test_response_complex_case in /home/kaiyaok2/PythonProjects/falcon/tests/test_cookies.py: 520.8825278282166
test_unset_cookies_samesite in /home/kaiyaok2/PythonProjects/falcon/tests/test_cookies.py: 522.4185252189636
test_strict_same_site_value in /home/kaiyaok2/PythonProjects/falcon/tests/test_cookies.py: 523.3950831890106
test_cookies_setable in /home/kaiyaok2/PythonProjects/falcon/tests/test_cookies.py: 524.2303574085236
test_json_err_no_handler in /home/kaiyaok2/PythonProjects/falcon/tests/test_media_handlers.py: 525.0814924240112
test_json_err_no_handler in /home/kaiyaok2/PythonProjects/falcon/tests/test_media_handlers.py: 525.8622388839722
test_get in /home/kaiyaok2/PythonProjects/falcon/tests/test_http_method_routing.py: 544.5433783531189
test_methods_not_allowed_simple in /home/kaiyaok2/PythonProjects/falcon/tests/test_http_method_routing.py: 544.7387607097626
test_default_on_options in /home/kaiyaok2/PythonProjects/falcon/tests/test_http_method_routing.py: 544.9299488067627
test_meta_and_others_disallowed in /home/kaiyaok2/PythonProjects/falcon/tests/test_http_method_routing.py: 545.1074767112732
test_misc in /home/kaiyaok2/PythonProjects/falcon/tests/test_http_method_routing.py: 550.0329630374908
test_report in /home/kaiyaok2/PythonProjects/falcon/tests/test_http_method_routing.py: 550.3400030136108
test_on_options in /home/kaiyaok2/PythonProjects/falcon/tests/test_http_method_routing.py: 550.5102517604828
test_method_not_allowed_with_param in /home/kaiyaok2/PythonProjects/falcon/tests/test_http_method_routing.py: 550.7155463695526
test_methods_not_allowed_complex in /home/kaiyaok2/PythonProjects/falcon/tests/test_http_method_routing.py: 550.9319546222687
test_post_not_allowed in /home/kaiyaok2/PythonProjects/falcon/tests/test_http_method_routing.py: 551.1504259109497
test_meta_and_others_disallowed in /home/kaiyaok2/PythonProjects/falcon/tests/test_http_method_routing.py: 551.3341255187988
test_put in /home/kaiyaok2/PythonProjects/falcon/tests/test_http_method_routing.py: 551.4521882534027
test_post_read_bounded_stream_large in /home/kaiyaok2/PythonProjects/falcon/tests/asgi/test_asgi_servers.py: 567.0599949359894
test_sse_client_disconnects_early in /home/kaiyaok2/PythonProjects/falcon/tests/asgi/test_asgi_servers.py: 582.8544270992279
test_post_multipart_form in /home/kaiyaok2/PythonProjects/falcon/tests/asgi/test_asgi_servers.py: 598.3857243061066
test_get in /home/kaiyaok2/PythonProjects/falcon/tests/asgi/test_asgi_servers.py: 614.0779407024384
test_post_invalid_content_length in /home/kaiyaok2/PythonProjects/falcon/tests/asgi/test_asgi_servers.py: 629.5664613246918
test_stream_chunked_request in /home/kaiyaok2/PythonProjects/falcon/tests/asgi/test_asgi_servers.py: 645.1980381011963
test_sse in /home/kaiyaok2/PythonProjects/falcon/tests/asgi/test_asgi_servers.py: 660.8893899917603
test_head_405 in /home/kaiyaok2/PythonProjects/falcon/tests/asgi/test_asgi_servers.py: 666.3287181854248
test_post_multiple in /home/kaiyaok2/PythonProjects/falcon/tests/asgi/test_asgi_servers.py: 676.9550149440765
test_post_read_bounded_stream_no_body in /home/kaiyaok2/PythonProjects/falcon/tests/asgi/test_asgi_servers.py: 692.7176978588104
test_put in /home/kaiyaok2/PythonProjects/falcon/tests/asgi/test_asgi_servers.py: 708.3898532390594
test_post_read_bounded_stream in /home/kaiyaok2/PythonProjects/falcon/tests/asgi/test_asgi_servers.py: 714.1738359928131
test_passing_path_params in /home/kaiyaok2/PythonProjects/falcon/tests/asgi/test_asgi_servers.py: 729.8274941444397
test_type_mismatch in /home/kaiyaok2/PythonProjects/falcon/tests/asgi/test_asgi_servers.py: 740.5738325119019
test_invalid_close_code in /home/kaiyaok2/PythonProjects/falcon/tests/asgi/test_asgi_servers.py: 756.2377760410309
test_disconnecting_client_early in /home/kaiyaok2/PythonProjects/falcon/tests/asgi/test_asgi_servers.py: 771.8044519424438
test_select_subprotocol_known in /home/kaiyaok2/PythonProjects/falcon/tests/asgi/test_asgi_servers.py: 787.3645443916321
test_type_mismatch in /home/kaiyaok2/PythonProjects/falcon/tests/asgi/test_asgi_servers.py: 802.7298233509064
test_hello in /home/kaiyaok2/PythonProjects/falcon/tests/asgi/test_asgi_servers.py: 818.1034696102142
test_rejected in /home/kaiyaok2/PythonProjects/falcon/tests/asgi/test_asgi_servers.py: 833.6880178451538
test_hello in /home/kaiyaok2/PythonProjects/falcon/tests/asgi/test_asgi_servers.py: 849.0953691005707
test_select_subprotocol_known in /home/kaiyaok2/PythonProjects/falcon/tests/asgi/test_asgi_servers.py: 862.0909943580627
test_hello in /home/kaiyaok2/PythonProjects/falcon/tests/asgi/test_asgi_servers.py: 877.4766380786896
test_rejected in /home/kaiyaok2/PythonProjects/falcon/tests/asgi/test_asgi_servers.py: 892.9540300369263
test_missing_responder in /home/kaiyaok2/PythonProjects/falcon/tests/asgi/test_asgi_servers.py: 908.3670763969421
test_recv_before_accept in /home/kaiyaok2/PythonProjects/falcon/tests/asgi/test_asgi_servers.py: 924.0206537246704
test_select_subprotocol_unknown in /home/kaiyaok2/PythonProjects/falcon/tests/asgi/test_asgi_servers.py: 929.4955489635468
test_rejected in /home/kaiyaok2/PythonProjects/falcon/tests/asgi/test_asgi_servers.py: 939.8104040622711
test_close_code_on_unhandled_error in /home/kaiyaok2/PythonProjects/falcon/tests/asgi/test_asgi_servers.py: 950.4771871566772
test_send_before_accept in /home/kaiyaok2/PythonProjects/falcon/tests/asgi/test_asgi_servers.py: 961.3524703979492
test_hello in /home/kaiyaok2/PythonProjects/falcon/tests/asgi/test_asgi_servers.py: 967.1574773788452
test_type_mismatch in /home/kaiyaok2/PythonProjects/falcon/tests/asgi/test_asgi_servers.py: 983.1613230705261
test_rejected in /home/kaiyaok2/PythonProjects/falcon/tests/asgi/test_asgi_servers.py: 988.8480412960052
test_type_mismatch in /home/kaiyaok2/PythonProjects/falcon/tests/asgi/test_asgi_servers.py: 1004.7158041000366
test_close_code_on_unhandled_http_error in /home/kaiyaok2/PythonProjects/falcon/tests/asgi/test_asgi_servers.py: 1021.0184996128082
test_foo in /home/kaiyaok2/PythonProjects/falcon/tests/test_http_custom_method_routing.py: 1026.6477987766266
test_map_http_methods in /home/kaiyaok2/PythonProjects/falcon/tests/test_http_custom_method_routing.py: 1026.8380162715912
test_bar in /home/kaiyaok2/PythonProjects/falcon/tests/test_http_custom_method_routing.py: 1026.996371269226
test_routes_only in /home/kaiyaok2/PythonProjects/falcon/tests/test_cmd_inspect_app.py: 1027.7013573646545
test_inspect in /home/kaiyaok2/PythonProjects/falcon/tests/test_cmd_inspect_app.py: 1028.4751918315887
test_routes_only in /home/kaiyaok2/PythonProjects/falcon/tests/test_cmd_inspect_app.py: 1029.2724106311798
test_inspect in /home/kaiyaok2/PythonProjects/falcon/tests/test_cmd_inspect_app.py: 1030.0365405082703
test_routes_only in /home/kaiyaok2/PythonProjects/falcon/tests/test_cmd_inspect_app.py: 1030.7570192813873
test_inspect in /home/kaiyaok2/PythonProjects/falcon/tests/test_cmd_inspect_app.py: 1031.3567445278168
test_routes_only in /home/kaiyaok2/PythonProjects/falcon/tests/test_cmd_inspect_app.py: 1032.0800521373749
test_inspect in /home/kaiyaok2/PythonProjects/falcon/tests/test_cmd_inspect_app.py: 1034.3245108127594
test_load_app_error in /home/kaiyaok2/PythonProjects/falcon/tests/test_cmd_inspect_app.py: 1034.548045873642
test_load_app in /home/kaiyaok2/PythonProjects/falcon/tests/test_cmd_inspect_app.py: 1034.7906391620636
test_load_app_error in /home/kaiyaok2/PythonProjects/falcon/tests/test_cmd_inspect_app.py: 1034.979764699936
test_load_app_error in /home/kaiyaok2/PythonProjects/falcon/tests/test_cmd_inspect_app.py: 1035.2258641719818
test_load_app in /home/kaiyaok2/PythonProjects/falcon/tests/test_cmd_inspect_app.py: 1036.0463433265686
test_empty_body_no_content_length in /home/kaiyaok2/PythonProjects/falcon/tests/test_query_params.py: 1193.9308876991272
test_explicitly_disable_auto_parse in /home/kaiyaok2/PythonProjects/falcon/tests/test_query_params.py: 1194.8507969379425
test_http_methods_body_expected in /home/kaiyaok2/PythonProjects/falcon/tests/test_query_params.py: 1202.688631772995
test_non_ascii in /home/kaiyaok2/PythonProjects/falcon/tests/test_query_params.py: 1203.7505507469177
test_http_methods_body_expected in /home/kaiyaok2/PythonProjects/falcon/tests/test_query_params.py: 1204.71311378479
test_empty_body in /home/kaiyaok2/PythonProjects/falcon/tests/test_query_params.py: 1205.6031296253204
test_http_methods_body_expected in /home/kaiyaok2/PythonProjects/falcon/tests/test_query_params.py: 1206.430364370346
test_http_methods_body_not_expected in /home/kaiyaok2/PythonProjects/falcon/tests/test_query_params.py: 1208.0892007350922
test_http_methods_body_expected in /home/kaiyaok2/PythonProjects/falcon/tests/test_query_params.py: 1209.758945465088
test_http_methods_body_expected in /home/kaiyaok2/PythonProjects/falcon/tests/test_query_params.py: 1215.8780632019043
test_http_methods_body_not_expected in /home/kaiyaok2/PythonProjects/falcon/tests/test_query_params.py: 1216.8621401786804
test_multiple_form_keys_as_list in /home/kaiyaok2/PythonProjects/falcon/tests/test_query_params.py: 1219.1319267749786
test_option_auto_parse_qs_csv_multiple_fields_true in /home/kaiyaok2/PythonProjects/falcon/tests/test_query_params.py: 1219.4490456581116
test_required in /home/kaiyaok2/PythonProjects/falcon/tests/test_query_params.py: 1219.6763682365417
test_required in /home/kaiyaok2/PythonProjects/falcon/tests/test_query_params.py: 1220.4658188819885
test_option_auto_parse_qs_csv_multiple_fields_true in /home/kaiyaok2/PythonProjects/falcon/tests/test_query_params.py: 1221.2335031032562
test_default_auto_parse_csv_behaviour in /home/kaiyaok2/PythonProjects/falcon/tests/test_query_params.py: 1230.6204724311829
test_none in /home/kaiyaok2/PythonProjects/falcon/tests/test_query_params.py: 1231.1301672458649
test_get_date_valid in /home/kaiyaok2/PythonProjects/falcon/tests/test_query_params.py: 1231.7602257728577
test_required in /home/kaiyaok2/PythonProjects/falcon/tests/test_query_params.py: 1232.7441186904907
test_multiple_form_keys in /home/kaiyaok2/PythonProjects/falcon/tests/test_query_params.py: 1234.2092208862305
test_get_date_invalid in /home/kaiyaok2/PythonProjects/falcon/tests/test_query_params.py: 1235.9084112644196
test_get_dict_valid in /home/kaiyaok2/PythonProjects/falcon/tests/test_query_params.py: 1237.4071662425995
test_multiple_keys_as_int in /home/kaiyaok2/PythonProjects/falcon/tests/test_query_params.py: 1246.9596951007843
test_get_datetime_missing_param in /home/kaiyaok2/PythonProjects/falcon/tests/test_query_params.py: 1249.4290523529053
test_option_auto_parse_qs_csv_multiple_fields_true in /home/kaiyaok2/PythonProjects/falcon/tests/test_query_params.py: 1249.8905227184296
test_bad_percentage in /home/kaiyaok2/PythonProjects/falcon/tests/test_query_params.py: 1250.0679903030396
test_int_neg in /home/kaiyaok2/PythonProjects/falcon/tests/test_query_params.py: 1251.3356294631958
test_option_auto_parse_qs_csv_multiple_fields_true in /home/kaiyaok2/PythonProjects/falcon/tests/test_query_params.py: 1252.3088204860687
test_list_transformer in /home/kaiyaok2/PythonProjects/falcon/tests/test_query_params.py: 1253.3949139118195
test_option_auto_parse_qs_csv_multiple_fields_true in /home/kaiyaok2/PythonProjects/falcon/tests/test_query_params.py: 1260.139137506485
test_multiple_keys_as_float in /home/kaiyaok2/PythonProjects/falcon/tests/test_query_params.py: 1260.9433009624481
test_option_auto_parse_qs_csv_simple_true in /home/kaiyaok2/PythonProjects/falcon/tests/test_query_params.py: 1263.438479423523
test_required in /home/kaiyaok2/PythonProjects/falcon/tests/test_query_params.py: 1263.7408440113068
test_get_datetime_invalid in /home/kaiyaok2/PythonProjects/falcon/tests/test_query_params.py: 1264.0647258758545
test_blank in /home/kaiyaok2/PythonProjects/falcon/tests/test_query_params.py: 1265.0271422863007
test_option_auto_parse_qs_csv_multiple_fields_false in /home/kaiyaok2/PythonProjects/falcon/tests/test_query_params.py: 1266.0963702201843
test_uuid in /home/kaiyaok2/PythonProjects/falcon/tests/test_query_params.py: 1272.9107728004456
test_float_neg in /home/kaiyaok2/PythonProjects/falcon/tests/test_query_params.py: 1273.8526010513306
test_boolean_blank in /home/kaiyaok2/PythonProjects/falcon/tests/test_query_params.py: 1274.6547219753265
test_option_auto_parse_qs_csv_multiple_fields_true in /home/kaiyaok2/PythonProjects/falcon/tests/test_query_params.py: 1275.8649797439575
test_get_dict_missing_param in /home/kaiyaok2/PythonProjects/falcon/tests/test_query_params.py: 1277.7146186828613
test_required in /home/kaiyaok2/PythonProjects/falcon/tests/test_query_params.py: 1277.9890275001526
test_multiple_keys_as_bool in /home/kaiyaok2/PythonProjects/falcon/tests/test_query_params.py: 1278.9048988819122
test_list_type_blank in /home/kaiyaok2/PythonProjects/falcon/tests/test_query_params.py: 1285.5415987968445
test_option_auto_parse_qs_csv_simple_false in /home/kaiyaok2/PythonProjects/falcon/tests/test_query_params.py: 1286.528846502304
test_default in /home/kaiyaok2/PythonProjects/falcon/tests/test_query_params.py: 1287.555183172226
test_get_datetime_valid in /home/kaiyaok2/PythonProjects/falcon/tests/test_query_params.py: 1288.6236333847046
test_option_auto_parse_qs_csv_complex_false in /home/kaiyaok2/PythonProjects/falcon/tests/test_query_params.py: 1289.6482901573181
test_option_auto_parse_qs_csv_multiple_fields_true in /home/kaiyaok2/PythonProjects/falcon/tests/test_query_params.py: 1291.0145344734192
test_get_dict_store in /home/kaiyaok2/PythonProjects/falcon/tests/test_query_params.py: 1300.1637234687805
test_percent_encoded in /home/kaiyaok2/PythonProjects/falcon/tests/test_query_params.py: 1301.0713188648224
test_get_date_store in /home/kaiyaok2/PythonProjects/falcon/tests/test_query_params.py: 1301.8507118225098
test_get_date_missing_param in /home/kaiyaok2/PythonProjects/falcon/tests/test_query_params.py: 1304.847751379013
test_simple in /home/kaiyaok2/PythonProjects/falcon/tests/test_query_params.py: 1305.51345205307
test_get_date_valid_with_format in /home/kaiyaok2/PythonProjects/falcon/tests/test_query_params.py: 1305.8616571426392
test_option_auto_parse_qs_csv_multiple_fields_true in /home/kaiyaok2/PythonProjects/falcon/tests/test_query_params.py: 1310.8297293186188
test_required in /home/kaiyaok2/PythonProjects/falcon/tests/test_query_params.py: 1311.3863079547882
test_option_auto_parse_qs_csv_multiple_fields_true in /home/kaiyaok2/PythonProjects/falcon/tests/test_query_params.py: 1312.0258536338806
test_has_param in /home/kaiyaok2/PythonProjects/falcon/tests/test_query_params.py: 1312.391164302826
test_get_datetime_store in /home/kaiyaok2/PythonProjects/falcon/tests/test_query_params.py: 1314.8565471172333
test_get_datetime_valid_with_format in /home/kaiyaok2/PythonProjects/falcon/tests/test_query_params.py: 1315.4242391586304
test_get_dict_invalid in /home/kaiyaok2/PythonProjects/falcon/tests/test_query_params.py: 1315.641960144043
test_list_type in /home/kaiyaok2/PythonProjects/falcon/tests/test_query_params.py: 1324.032796382904
test_param_property in /home/kaiyaok2/PythonProjects/falcon/tests/test_query_params.py: 1324.2618970870972
test_float in /home/kaiyaok2/PythonProjects/falcon/tests/test_query_params.py: 1324.504446029663
test_allowed_names in /home/kaiyaok2/PythonProjects/falcon/tests/test_query_params.py: 1325.5365872383118
test_int in /home/kaiyaok2/PythonProjects/falcon/tests/test_query_params.py: 1326.774545431137
test_boolean in /home/kaiyaok2/PythonProjects/falcon/tests/test_query_params.py: 1328.0786521434784
test_imported_from_c_modules in /home/kaiyaok2/PythonProjects/falcon/tests/test_cython.py: 1375.0233778953552
test_stream_has_private_read in /home/kaiyaok2/PythonProjects/falcon/tests/test_cython.py: 1375.082769393921
test_enabled_cors_handles_preflighting_no_headers_in_req in /home/kaiyaok2/PythonProjects/falcon/tests/test_cors_middleware.py: 1417.6150059700012
test_enabled_cors_handles_preflighting in /home/kaiyaok2/PythonProjects/falcon/tests/test_cors_middleware.py: 1418.0373888015747
test_enabled_cors_should_accept_all_origins_requests in /home/kaiyaok2/PythonProjects/falcon/tests/test_cors_middleware.py: 1418.562252521515
test_enabled_cors_no_origin in /home/kaiyaok2/PythonProjects/falcon/tests/test_cors_middleware.py: 1420.793432712555
test_disabled_cors_should_not_add_any_extra_headers in /home/kaiyaok2/PythonProjects/falcon/tests/test_cors_middleware.py: 1421.2066550254822
test_enabled_cors_should_add_extra_headers_on_response in /home/kaiyaok2/PythonProjects/falcon/tests/test_cors_middleware.py: 1421.366693496704
test_allow_credential_wildcard in /home/kaiyaok2/PythonProjects/falcon/tests/test_cors_middleware.py: 1421.543640613556
test_expose_headers in /home/kaiyaok2/PythonProjects/falcon/tests/test_cors_middleware.py: 1421.7402713298798
test_allow_credential_list_or_str in /home/kaiyaok2/PythonProjects/falcon/tests/test_cors_middleware.py: 1421.9353439807892
test_expose_headers in /home/kaiyaok2/PythonProjects/falcon/tests/test_cors_middleware.py: 1422.5343153476715
test_allow_credential_existing_origin in /home/kaiyaok2/PythonProjects/falcon/tests/test_cors_middleware.py: 1430.4278326034546
test_allow_credential_list_or_str in /home/kaiyaok2/PythonProjects/falcon/tests/test_cors_middleware.py: 1430.5593688488007
test_allow_origin_allow_credential in /home/kaiyaok2/PythonProjects/falcon/tests/test_cors_middleware.py: 1430.6821649074554
test_expose_headers in /home/kaiyaok2/PythonProjects/falcon/tests/test_cors_middleware.py: 1431.0793879032135
test_allow_origin in /home/kaiyaok2/PythonProjects/falcon/tests/test_cors_middleware.py: 1431.6882507801056
test_allow_origin in /home/kaiyaok2/PythonProjects/falcon/tests/test_cors_middleware.py: 1432.7883956432343
test_allow_origin in /home/kaiyaok2/PythonProjects/falcon/tests/test_cors_middleware.py: 1433.1619007587433
test_unicode_headers_contain_non_ascii in /home/kaiyaok2/PythonProjects/falcon/tests/test_headers.py: 1433.6658742427826
test_set_headers_with_custom_class in /home/kaiyaok2/PythonProjects/falcon/tests/test_headers.py: 1434.383587360382
test_unset_header in /home/kaiyaok2/PythonProjects/falcon/tests/test_headers.py: 1441.7019562721252
test_declared_content_length_overridden_by_no_body in /home/kaiyaok2/PythonProjects/falcon/tests/test_headers.py: 1442.5537288188934
test_unicode_headers_contain_non_ascii in /home/kaiyaok2/PythonProjects/falcon/tests/test_headers.py: 1443.3408913612366
test_default_value in /home/kaiyaok2/PythonProjects/falcon/tests/test_headers.py: 1444.1784811019897
test_content_disposition_inline_header in /home/kaiyaok2/PythonProjects/falcon/tests/test_headers.py: 1445.0130174160004
test_unset_header in /home/kaiyaok2/PythonProjects/falcon/tests/test_headers.py: 1445.7428941726685
test_append_link_with_type_hint in /home/kaiyaok2/PythonProjects/falcon/tests/test_headers.py: 1448.6092331409454
test_content_disposition_attachment_header in /home/kaiyaok2/PythonProjects/falcon/tests/test_headers.py: 1448.9793283939362
test_append_link_crossorigin in /home/kaiyaok2/PythonProjects/falcon/tests/test_headers.py: 1454.008838891983
test_declared_content_length_overriden_by_data_length in /home/kaiyaok2/PythonProjects/falcon/tests/test_headers.py: 1454.6566524505615
test_content_type_no_body in /home/kaiyaok2/PythonProjects/falcon/tests/test_headers.py: 1455.2978677749634
test_override_default_media_type in /home/kaiyaok2/PythonProjects/falcon/tests/test_headers.py: 1456.21595287323
test_vary_header in /home/kaiyaok2/PythonProjects/falcon/tests/test_headers.py: 1458.8139388561249
test_append_link_crossorigin in /home/kaiyaok2/PythonProjects/falcon/tests/test_headers.py: 1459.1888098716736
test_content_disposition_attachment_header in /home/kaiyaok2/PythonProjects/falcon/tests/test_headers.py: 1459.4408640861511
test_request_multiple_header in /home/kaiyaok2/PythonProjects/falcon/tests/test_headers.py: 1459.9969272613525
test_response_set_and_get_header in /home/kaiyaok2/PythonProjects/falcon/tests/test_headers.py: 1468.388603925705
test_override_default_media_type in /home/kaiyaok2/PythonProjects/falcon/tests/test_headers.py: 1468.6191687583923
test_unicode_headers_contain_non_ascii in /home/kaiyaok2/PythonProjects/falcon/tests/test_headers.py: 1468.9519758224487
test_override_default_media_type_missing_encoding in /home/kaiyaok2/PythonProjects/falcon/tests/test_headers.py: 1469.8291380405426
test_content_disposition_inline_header in /home/kaiyaok2/PythonProjects/falcon/tests/test_headers.py: 1470.4936819076538
test_request_latin1_headers in /home/kaiyaok2/PythonProjects/falcon/tests/test_headers.py: 1471.1051681041718
test_append_link_multiple in /home/kaiyaok2/PythonProjects/falcon/tests/test_headers.py: 1471.8280506134033
test_content_disposition_inline_header in /home/kaiyaok2/PythonProjects/falcon/tests/test_headers.py: 1472.5225071907043
test_append_link_complex in /home/kaiyaok2/PythonProjects/falcon/tests/test_headers.py: 1473.334609746933
test_response_append_header in /home/kaiyaok2/PythonProjects/falcon/tests/test_headers.py: 1480.4383752346039
test_content_disposition_attachment_header in /home/kaiyaok2/PythonProjects/falcon/tests/test_headers.py: 1481.2700226306915
test_no_content_type in /home/kaiyaok2/PythonProjects/falcon/tests/test_headers.py: 1481.918704509735
test_custom_content_type in /home/kaiyaok2/PythonProjects/falcon/tests/test_headers.py: 1482.6646075248718
test_content_disposition_attachment_header in /home/kaiyaok2/PythonProjects/falcon/tests/test_headers.py: 1483.3097412586212
test_append_link_with_title in /home/kaiyaok2/PythonProjects/falcon/tests/test_headers.py: 1486.4139256477356
test_append_link_crossorigin in /home/kaiyaok2/PythonProjects/falcon/tests/test_headers.py: 1486.8616483211517
test_passthrough_request_headers in /home/kaiyaok2/PythonProjects/falcon/tests/test_headers.py: 1492.657446861267
test_no_content_type in /home/kaiyaok2/PythonProjects/falcon/tests/test_headers.py: 1493.3374478816986
test_append_link_with_hreflang_multi in /home/kaiyaok2/PythonProjects/falcon/tests/test_headers.py: 1494.2610039710999
test_content_disposition_attachment_header in /home/kaiyaok2/PythonProjects/falcon/tests/test_headers.py: 1496.9236538410187
test_no_content_length in /home/kaiyaok2/PythonProjects/falcon/tests/test_headers.py: 1497.32785654068
test_required_header in /home/kaiyaok2/PythonProjects/falcon/tests/test_headers.py: 1497.6613590717316
test_append_link_crossorigin in /home/kaiyaok2/PythonProjects/falcon/tests/test_headers.py: 1498.062373161316
test_headers_as_list in /home/kaiyaok2/PythonProjects/falcon/tests/test_headers.py: 1498.822539806366
test_get_header_as_int in /home/kaiyaok2/PythonProjects/falcon/tests/test_headers.py: 1504.2607281208038
test_declared_content_length_on_head in /home/kaiyaok2/PythonProjects/falcon/tests/test_headers.py: 1507.0320463180542
test_headers_with_custom_class_not_callable in /home/kaiyaok2/PythonProjects/falcon/tests/test_headers.py: 1507.3918826580048
test_append_link_with_anchor in /home/kaiyaok2/PythonProjects/falcon/tests/test_headers.py: 1507.7930264472961
test_default_media_type in /home/kaiyaok2/PythonProjects/falcon/tests/test_headers.py: 1508.1180484294891
test_unicode_location_headers in /home/kaiyaok2/PythonProjects/falcon/tests/test_headers.py: 1509.1792225837708
test_content_disposition_attachment_header in /home/kaiyaok2/PythonProjects/falcon/tests/test_headers.py: 1510.1889309883118
test_expires_header in /home/kaiyaok2/PythonProjects/falcon/tests/test_headers.py: 1511.1542527675629
test_unicode_headers_contain_only_ascii in /home/kaiyaok2/PythonProjects/falcon/tests/test_headers.py: 1520.0006844997406
test_response_header_helpers_on_get in /home/kaiyaok2/PythonProjects/falcon/tests/test_headers.py: 1520.494541168213
test_append_link_single in /home/kaiyaok2/PythonProjects/falcon/tests/test_headers.py: 1521.1719529628754
test_content_disposition_attachment_header in /home/kaiyaok2/PythonProjects/falcon/tests/test_headers.py: 1521.6697912216187
test_append_link_with_title_star in /home/kaiyaok2/PythonProjects/falcon/tests/test_headers.py: 1522.5266509056091
test_vary_star in /home/kaiyaok2/PythonProjects/falcon/tests/test_headers.py: 1523.2479383945465
test_append_link_crossorigin in /home/kaiyaok2/PythonProjects/falcon/tests/test_headers.py: 1524.0838332176208
test_declared_content_length_overriden_by_body_length in /home/kaiyaok2/PythonProjects/falcon/tests/test_headers.py: 1532.1765456199646
test_append_link_with_hreflang in /home/kaiyaok2/PythonProjects/falcon/tests/test_headers.py: 1533.3555359840393
test_append_link_with_link_extension in /home/kaiyaok2/PythonProjects/falcon/tests/test_headers.py: 1534.1744647026062
test_content_length in /home/kaiyaok2/PythonProjects/falcon/tests/test_headers.py: 1535.003158569336
test_no_content_length in /home/kaiyaok2/PythonProjects/falcon/tests/test_headers.py: 1535.8366532325745
test_content_disposition_attachment_header in /home/kaiyaok2/PythonProjects/falcon/tests/test_headers.py: 1536.5241622924805
test_vary_header in /home/kaiyaok2/PythonProjects/falcon/tests/test_headers.py: 1538.4302985668182
test_unicode_headers_contain_non_ascii in /home/kaiyaok2/PythonProjects/falcon/tests/test_headers.py: 1539.4160568714142
test_append_link_crossorigin in /home/kaiyaok2/PythonProjects/falcon/tests/test_headers.py: 1544.7764649391174
test_get_datetime_store in /home/kaiyaok2/PythonProjects/falcon/tests/test_query_params.py: 1545.4986362457275
test_multiple_keys_as_float in /home/kaiyaok2/PythonProjects/falcon/tests/test_query_params.py: 1545.9452683925629
test_option_auto_parse_qs_csv_complex_false in /home/kaiyaok2/PythonProjects/falcon/tests/test_query_params.py: 1546.9545571804047
test_option_auto_parse_qs_csv_simple_true in /home/kaiyaok2/PythonProjects/falcon/tests/test_query_params.py: 1549.4791383743286
test_int in /home/kaiyaok2/PythonProjects/falcon/tests/test_query_params.py: 1549.7187931537628
test_get_date_missing_param in /home/kaiyaok2/PythonProjects/falcon/tests/test_query_params.py: 1558.4382536411285
test_float in /home/kaiyaok2/PythonProjects/falcon/tests/test_query_params.py: 1558.8435304164886
test_required in /home/kaiyaok2/PythonProjects/falcon/tests/test_query_params.py: 1559.0868713855743
test_boolean_blank in /home/kaiyaok2/PythonProjects/falcon/tests/test_query_params.py: 1559.2915606498718
test_option_auto_parse_qs_csv_multiple_fields_true in /home/kaiyaok2/PythonProjects/falcon/tests/test_query_params.py: 1560.093201637268
test_option_auto_parse_qs_csv_multiple_fields_true in /home/kaiyaok2/PythonProjects/falcon/tests/test_query_params.py: 1560.8850841522217
test_required in /home/kaiyaok2/PythonProjects/falcon/tests/test_query_params.py: 1566.324878692627
test_get_date_valid_with_format in /home/kaiyaok2/PythonProjects/falcon/tests/test_query_params.py: 1566.5831744670868
test_multiple_keys_as_int in /home/kaiyaok2/PythonProjects/falcon/tests/test_query_params.py: 1566.8675825595856
test_default_auto_parse_csv_behaviour in /home/kaiyaok2/PythonProjects/falcon/tests/test_query_params.py: 1567.2083480358124
test_allowed_names in /home/kaiyaok2/PythonProjects/falcon/tests/test_query_params.py: 1567.568788766861
test_percent_encoded in /home/kaiyaok2/PythonProjects/falcon/tests/test_query_params.py: 1568.1428649425507
test_option_auto_parse_qs_csv_multiple_fields_true in /home/kaiyaok2/PythonProjects/falcon/tests/test_query_params.py: 1575.8088057041168
test_list_type_blank in /home/kaiyaok2/PythonProjects/falcon/tests/test_query_params.py: 1576.529708623886
test_get_datetime_valid_with_format in /home/kaiyaok2/PythonProjects/falcon/tests/test_query_params.py: 1577.3703391551971
test_int_neg in /home/kaiyaok2/PythonProjects/falcon/tests/test_query_params.py: 1578.233891248703
test_option_auto_parse_qs_csv_multiple_fields_true in /home/kaiyaok2/PythonProjects/falcon/tests/test_query_params.py: 1579.2491042613983
test_bad_percentage in /home/kaiyaok2/PythonProjects/falcon/tests/test_query_params.py: 1580.2852313518524
test_option_auto_parse_qs_csv_multiple_fields_true in /home/kaiyaok2/PythonProjects/falcon/tests/test_query_params.py: 1587.7561407089233
test_get_dict_valid in /home/kaiyaok2/PythonProjects/falcon/tests/test_query_params.py: 1588.705126285553
test_option_auto_parse_qs_csv_simple_false in /home/kaiyaok2/PythonProjects/falcon/tests/test_query_params.py: 1589.5099158287048
test_param_property in /home/kaiyaok2/PythonProjects/falcon/tests/test_query_params.py: 1592.085304737091
test_get_datetime_valid in /home/kaiyaok2/PythonProjects/falcon/tests/test_query_params.py: 1592.3861982822418
test_get_dict_invalid in /home/kaiyaok2/PythonProjects/falcon/tests/test_query_params.py: 1592.5663645267487
test_option_auto_parse_qs_csv_multiple_fields_true in /home/kaiyaok2/PythonProjects/falcon/tests/test_query_params.py: 1597.3413999080658
test_required in /home/kaiyaok2/PythonProjects/falcon/tests/test_query_params.py: 1597.8156356811523
test_multiple_keys_as_bool in /home/kaiyaok2/PythonProjects/falcon/tests/test_query_params.py: 1598.3136868476868
test_required in /home/kaiyaok2/PythonProjects/falcon/tests/test_query_params.py: 1600.5933623313904
test_option_auto_parse_qs_csv_multiple_fields_true in /home/kaiyaok2/PythonProjects/falcon/tests/test_query_params.py: 1600.9708275794983
test_required in /home/kaiyaok2/PythonProjects/falcon/tests/test_query_params.py: 1601.1276154518127
test_get_date_invalid in /home/kaiyaok2/PythonProjects/falcon/tests/test_query_params.py: 1601.2997801303864
test_list_type in /home/kaiyaok2/PythonProjects/falcon/tests/test_query_params.py: 1601.8083667755127
test_default in /home/kaiyaok2/PythonProjects/falcon/tests/test_query_params.py: 1610.0620889663696
test_get_date_store in /home/kaiyaok2/PythonProjects/falcon/tests/test_query_params.py: 1610.2397198677063
test_get_datetime_invalid in /home/kaiyaok2/PythonProjects/falcon/tests/test_query_params.py: 1610.9067904949188
test_get_dict_store in /home/kaiyaok2/PythonProjects/falcon/tests/test_query_params.py: 1612.315893650055
test_float_neg in /home/kaiyaok2/PythonProjects/falcon/tests/test_query_params.py: 1613.4554607868195
test_get_datetime_missing_param in /home/kaiyaok2/PythonProjects/falcon/tests/test_query_params.py: 1614.3305854797363
test_option_auto_parse_qs_csv_multiple_fields_true in /home/kaiyaok2/PythonProjects/falcon/tests/test_query_params.py: 1615.8943943977356
test_multiple_form_keys in /home/kaiyaok2/PythonProjects/falcon/tests/test_query_params.py: 1617.7770488262177
test_get_param_as_json_no_handler_json in /home/kaiyaok2/PythonProjects/falcon/tests/test_query_params.py: 1626.0080926418304
test_uuid in /home/kaiyaok2/PythonProjects/falcon/tests/test_query_params.py: 1626.6381888389587
test_get_date_valid in /home/kaiyaok2/PythonProjects/falcon/tests/test_query_params.py: 1626.8313550949097
test_list_transformer in /home/kaiyaok2/PythonProjects/falcon/tests/test_query_params.py: 1627.8131964206696
test_has_param in /home/kaiyaok2/PythonProjects/falcon/tests/test_query_params.py: 1628.8106889724731
test_simple in /home/kaiyaok2/PythonProjects/falcon/tests/test_query_params.py: 1630.1678512096405
test_multiple_form_keys_as_list in /home/kaiyaok2/PythonProjects/falcon/tests/test_query_params.py: 1631.3003556728363
test_none in /home/kaiyaok2/PythonProjects/falcon/tests/test_query_params.py: 1633.2280204296112
test_option_auto_parse_qs_csv_multiple_fields_true in /home/kaiyaok2/PythonProjects/falcon/tests/test_query_params.py: 1643.4881236553192
test_blank in /home/kaiyaok2/PythonProjects/falcon/tests/test_query_params.py: 1644.0589957237244
test_boolean in /home/kaiyaok2/PythonProjects/falcon/tests/test_query_params.py: 1645.0322830677032
test_get_dict_missing_param in /home/kaiyaok2/PythonProjects/falcon/tests/test_query_params.py: 1646.0976622104645
test_option_auto_parse_qs_csv_multiple_fields_false in /home/kaiyaok2/PythonProjects/falcon/tests/test_query_params.py: 1647.1524865627289
test_get_param_as_json_handler_json in /home/kaiyaok2/PythonProjects/falcon/tests/test_query_params.py: 1647.823421239853
test_required in /home/kaiyaok2/PythonProjects/falcon/tests/test_query_params.py: 1648.93994474411
test_dont_auto_parse_by_default in /home/kaiyaok2/PythonProjects/falcon/tests/test_query_params.py: 1650.763674736023
test_asgi_raises_error in /home/kaiyaok2/PythonProjects/falcon/tests/test_query_params.py: 1657.0739765167236
test_wrapped_resource_with_hooks_aware_of_resource in /home/kaiyaok2/PythonProjects/falcon/tests/test_after_hooks.py: 1658.9017057418823
test_resource_with_uri_fields in /home/kaiyaok2/PythonProjects/falcon/tests/test_after_hooks.py: 1659.1510081291199
test_wrapped_resource in /home/kaiyaok2/PythonProjects/falcon/tests/test_after_hooks.py: 1659.4290075302124
test_resource_with_uri_fields in /home/kaiyaok2/PythonProjects/falcon/tests/test_after_hooks.py: 1659.6149032115936
test_wrapped_resource in /home/kaiyaok2/PythonProjects/falcon/tests/test_after_hooks.py: 1659.8571271896362
test_api_initialization_with_cors_enabled_and_middleware_param in /home/kaiyaok2/PythonProjects/falcon/tests/test_middleware.py: 1660.502444267273
test_api_initialization_with_cors_enabled_and_middleware_param in /home/kaiyaok2/PythonProjects/falcon/tests/test_middleware.py: 1661.3212549686432
test_api_initialization_with_cors_enabled_and_middleware_param in /home/kaiyaok2/PythonProjects/falcon/tests/test_middleware.py: 1662.1889567375183
test_api_initialization_with_cors_enabled_and_middleware_param in /home/kaiyaok2/PythonProjects/falcon/tests/test_middleware.py: 1669.1702032089233
test_log_get_request in /home/kaiyaok2/PythonProjects/falcon/tests/test_middleware.py: 1669.4615087509155
test_skip_process_resource in /home/kaiyaok2/PythonProjects/falcon/tests/test_middleware.py: 1670.1688005924225
test_log_get_request in /home/kaiyaok2/PythonProjects/falcon/tests/test_middleware.py: 1671.3913459777832
test_response_middleware_raises_exception in /home/kaiyaok2/PythonProjects/falcon/tests/test_middleware.py: 1672.1872792243958
test_can_access_resource_params in /home/kaiyaok2/PythonProjects/falcon/tests/test_middleware.py: 1672.9729886054993
test_can_access_resource_params in /home/kaiyaok2/PythonProjects/falcon/tests/test_middleware.py: 1673.8009459972382
test_process_request_not_cached in /home/kaiyaok2/PythonProjects/falcon/tests/test_middleware.py: 1674.6482083797455
test_process_request_cached in /home/kaiyaok2/PythonProjects/falcon/tests/test_middleware.py: 1676.0702583789825
test_process_resource_cached in /home/kaiyaok2/PythonProjects/falcon/tests/test_middleware.py: 1677.7065224647522
test_process_resource_cached in /home/kaiyaok2/PythonProjects/falcon/tests/test_middleware.py: 1683.8769342899323
test_process_request_cached in /home/kaiyaok2/PythonProjects/falcon/tests/test_middleware.py: 1684.8798258304596
test_error_composed_before_resp_middleware_called in /home/kaiyaok2/PythonProjects/falcon/tests/test_middleware.py: 1685.787021636963
test_http_status_raised_from_error_handler in /home/kaiyaok2/PythonProjects/falcon/tests/test_middleware.py: 1686.7564368247986
test_base_path_is_removed_before_routing in /home/kaiyaok2/PythonProjects/falcon/tests/test_middleware.py: 1687.5710589885712
test_order_independent_mw_executed_when_exception_in_resp in /home/kaiyaok2/PythonProjects/falcon/tests/test_middleware.py: 1689.4609694480896
test_order_mw_executed_when_exception_in_req in /home/kaiyaok2/PythonProjects/falcon/tests/test_middleware.py: 1690.6243839263916
test_independent_middleware_execution_order in /home/kaiyaok2/PythonProjects/falcon/tests/test_middleware.py: 1690.9690580368042
test_generate_trans_id_and_time_with_request in /home/kaiyaok2/PythonProjects/falcon/tests/test_middleware.py: 1691.2763805389404
test_middleware_execution_order in /home/kaiyaok2/PythonProjects/falcon/tests/test_middleware.py: 1691.5593287944794
test_order_mw_executed_when_exception_in_resp in /home/kaiyaok2/PythonProjects/falcon/tests/test_middleware.py: 1698.6386592388153
test_legacy_middleware_called_with_correct_args in /home/kaiyaok2/PythonProjects/falcon/tests/test_middleware.py: 1699.3923964500427
test_inner_mw_throw_exception in /home/kaiyaok2/PythonProjects/falcon/tests/test_middleware.py: 1700.1497719287872
test_order_independent_mw_executed_when_exception_in_req in /home/kaiyaok2/PythonProjects/falcon/tests/test_middleware.py: 1702.8352172374725
test_inner_mw_with_ex_handler_throw_exception in /home/kaiyaok2/PythonProjects/falcon/tests/test_middleware.py: 1703.2817833423615
test_order_mw_executed_when_exception_in_rsrc in /home/kaiyaok2/PythonProjects/falcon/tests/test_middleware.py: 1703.6067345142365
test_outer_mw_with_ex_handler_throw_exception in /home/kaiyaok2/PythonProjects/falcon/tests/test_middleware.py: 1704.0279619693756
test_generate_trans_id_and_time_with_request in /home/kaiyaok2/PythonProjects/falcon/tests/test_middleware.py: 1704.5863914489746
test_inner_mw_throw_exception_while_processing_resp in /home/kaiyaok2/PythonProjects/falcon/tests/test_middleware.py: 1705.3301558494568
test_order_independent_mw_executed_when_exception_in_rsrc in /home/kaiyaok2/PythonProjects/falcon/tests/test_middleware.py: 1706.225368976593
test_multiple_response_mw_throw_exception in /home/kaiyaok2/PythonProjects/falcon/tests/test_middleware.py: 1707.105476140976
test_generate_trans_id_with_request in /home/kaiyaok2/PythonProjects/falcon/tests/test_middleware.py: 1715.6888797283173
test_dont_need_params_in_signature in /home/kaiyaok2/PythonProjects/falcon/tests/test_middleware.py: 1716.4209611415863
test_414_with_title in /home/kaiyaok2/PythonProjects/falcon/tests/test_httperror.py: 1719.2778327465057
test_forbidden in /home/kaiyaok2/PythonProjects/falcon/tests/test_httperror.py: 1720.159180879593
test_413 in /home/kaiyaok2/PythonProjects/falcon/tests/test_httperror.py: 1721.2171850204468
test_title_default_message_if_none in /home/kaiyaok2/PythonProjects/falcon/tests/test_httperror.py: 1722.163346529007
test_404_without_body in /home/kaiyaok2/PythonProjects/falcon/tests/test_httperror.py: 1722.7818622589111
test_epic_fail_json in /home/kaiyaok2/PythonProjects/falcon/tests/test_httperror.py: 1723.3724265098572
test_414 in /home/kaiyaok2/PythonProjects/falcon/tests/test_httperror.py: 1729.6335866451263
test_405_without_body_with_extra_headers in /home/kaiyaok2/PythonProjects/falcon/tests/test_httperror.py: 1730.5341846942902
test_429 in /home/kaiyaok2/PythonProjects/falcon/tests/test_httperror.py: 1731.4615066051483
test_temporary_413_integer_retry_after in /home/kaiyaok2/PythonProjects/falcon/tests/test_httperror.py: 1732.4630687236786
test_missing_header in /home/kaiyaok2/PythonProjects/falcon/tests/test_httperror.py: 1733.2497532367706
test_epic_fail_xml in /home/kaiyaok2/PythonProjects/falcon/tests/test_httperror.py: 1734.1321742534637
test_410_without_body in /home/kaiyaok2/PythonProjects/falcon/tests/test_httperror.py: 1735.023772239685
test_title_default_message_if_none in /home/kaiyaok2/PythonProjects/falcon/tests/test_httperror.py: 1735.8254508972168
test_missing_param in /home/kaiyaok2/PythonProjects/falcon/tests/test_httperror.py: 1745.2095291614532
test_unicode_json in /home/kaiyaok2/PythonProjects/falcon/tests/test_httperror.py: 1745.5019612312317
test_503_integer_retry_after in /home/kaiyaok2/PythonProjects/falcon/tests/test_httperror.py: 1745.7822921276093
test_429_no_retry_after in /home/kaiyaok2/PythonProjects/falcon/tests/test_httperror.py: 1746.036504983902
test_misc in /home/kaiyaok2/PythonProjects/falcon/tests/test_httperror.py: 1746.2853186130524
test_custom_error_serializer_optional_representation in /home/kaiyaok2/PythonProjects/falcon/tests/test_httperror.py: 1746.5486834049225
test_unicode_xml in /home/kaiyaok2/PythonProjects/falcon/tests/test_httperror.py: 1746.9864618778229
test_title_default_message_if_none in /home/kaiyaok2/PythonProjects/falcon/tests/test_httperror.py: 1747.8897998332977
test_410_with_body in /home/kaiyaok2/PythonProjects/falcon/tests/test_httperror.py: 1755.583791255951
test_no_description_json in /home/kaiyaok2/PythonProjects/falcon/tests/test_httperror.py: 1756.172371149063
test_custom_error_serializer in /home/kaiyaok2/PythonProjects/falcon/tests/test_httperror.py: 1757.1856451034546
test_custom_error_serializer_optional_representation in /home/kaiyaok2/PythonProjects/falcon/tests/test_httperror.py: 1758.1108033657074
test_404_with_body in /home/kaiyaok2/PythonProjects/falcon/tests/test_httperror.py: 1759.0498037338257
test_invalid_param in /home/kaiyaok2/PythonProjects/falcon/tests/test_httperror.py: 1759.8088953495026
test_503_datetime_retry_after in /home/kaiyaok2/PythonProjects/falcon/tests/test_httperror.py: 1760.623768568039
test_no_description_xml in /home/kaiyaok2/PythonProjects/falcon/tests/test_httperror.py: 1763.13063788414
test_custom_error_serializer_optional_representation in /home/kaiyaok2/PythonProjects/falcon/tests/test_httperror.py: 1771.003324508667
test_title_default_message_if_none in /home/kaiyaok2/PythonProjects/falcon/tests/test_httperror.py: 1772.5837507247925
test_client_does_not_accept_json_or_xml in /home/kaiyaok2/PythonProjects/falcon/tests/test_httperror.py: 1772.8543283939362
test_414_with_description in /home/kaiyaok2/PythonProjects/falcon/tests/test_httperror.py: 1773.1890196800232
test_custom_error_serializer_optional_representation in /home/kaiyaok2/PythonProjects/falcon/tests/test_httperror.py: 1773.5750060081482
test_title_default_message_if_none in /home/kaiyaok2/PythonProjects/falcon/tests/test_httperror.py: 1774.554741859436
test_429_datetime in /home/kaiyaok2/PythonProjects/falcon/tests/test_httperror.py: 1775.722329378128
test_401 in /home/kaiyaok2/PythonProjects/falcon/tests/test_httperror.py: 1776.7684962749481
test_serialize_error_uses_media_handler in /home/kaiyaok2/PythonProjects/falcon/tests/test_httperror.py: 1777.687284231186
test_base_class in /home/kaiyaok2/PythonProjects/falcon/tests/test_httperror.py: 1785.9714109897614
test_title_default_message_if_none in /home/kaiyaok2/PythonProjects/falcon/tests/test_httperror.py: 1786.928082227707
test_forbidden in /home/kaiyaok2/PythonProjects/falcon/tests/test_httperror.py: 1787.961653470993
test_client_does_not_accept_anything in /home/kaiyaok2/PythonProjects/falcon/tests/test_httperror.py: 1789.7667787075043
test_custom_serializer_no_representation in /home/kaiyaok2/PythonProjects/falcon/tests/test_httperror.py: 1791.192443370819
test_invalid_header in /home/kaiyaok2/PythonProjects/falcon/tests/test_httperror.py: 1791.504418373108
test_forbidden in /home/kaiyaok2/PythonProjects/falcon/tests/test_httperror.py: 1792.321322441101
test_411 in /home/kaiyaok2/PythonProjects/falcon/tests/test_httperror.py: 1793.171912908554
test_405_with_body in /home/kaiyaok2/PythonProjects/falcon/tests/test_httperror.py: 1801.135597229004
test_405_without_body in /home/kaiyaok2/PythonProjects/falcon/tests/test_httperror.py: 1802.024441242218
test_405_without_body_with_extra_headers_double_check in /home/kaiyaok2/PythonProjects/falcon/tests/test_httperror.py: 1802.9080629348755
test_epic_fail_xml in /home/kaiyaok2/PythonProjects/falcon/tests/test_httperror.py: 1804.1206905841827
test_serialize_no_json_media_handler in /home/kaiyaok2/PythonProjects/falcon/tests/test_httperror.py: 1805.112298965454
test_414_with_custom_kwargs in /home/kaiyaok2/PythonProjects/falcon/tests/test_httperror.py: 1806.090482711792
test_epic_fail_xml in /home/kaiyaok2/PythonProjects/falcon/tests/test_httperror.py: 1807.6214599609375
test_temporary_413_datetime_retry_after in /home/kaiyaok2/PythonProjects/falcon/tests/test_httperror.py: 1809.8053314685822
test_epic_fail_xml in /home/kaiyaok2/PythonProjects/falcon/tests/test_httperror.py: 1818.1187105178833
test_416 in /home/kaiyaok2/PythonProjects/falcon/tests/test_httperror.py: 1819.029130935669
test_data_is_set in /home/kaiyaok2/PythonProjects/falcon/tests/test_error_handlers.py: 1821.8363313674927
test_media_is_set in /home/kaiyaok2/PythonProjects/falcon/tests/test_error_handlers.py: 1822.2657878398895
test_body_is_set in /home/kaiyaok2/PythonProjects/falcon/tests/test_error_handlers.py: 1822.7437436580658
test_uncaught_error_else in /home/kaiyaok2/PythonProjects/falcon/tests/test_error_handlers.py: 1823.542074918747
test_uncaught_python_error in /home/kaiyaok2/PythonProjects/falcon/tests/test_error_handlers.py: 1824.3545920848846
test_invalid_add_exception_handler_input in /home/kaiyaok2/PythonProjects/falcon/tests/test_error_handlers.py: 1825.2092854976654
test_error_precedence_subclass in /home/kaiyaok2/PythonProjects/falcon/tests/test_error_handlers.py: 1826.0979919433594
test_error_precedence_duplicate in /home/kaiyaok2/PythonProjects/falcon/tests/test_error_handlers.py: 1826.9055676460266
test_error_precedence_subclass_order_indifference in /home/kaiyaok2/PythonProjects/falcon/tests/test_error_handlers.py: 1835.8322041034698
test_uncaught_error in /home/kaiyaok2/PythonProjects/falcon/tests/test_error_handlers.py: 1836.7498564720154
test_uncaught_python_error in /home/kaiyaok2/PythonProjects/falcon/tests/test_error_handlers.py: 1837.4699969291687
test_invalid_add_exception_handler_input in /home/kaiyaok2/PythonProjects/falcon/tests/test_error_handlers.py: 1838.180193901062
test_uncaught_python_error in /home/kaiyaok2/PythonProjects/falcon/tests/test_error_handlers.py: 1838.7365317344666
test_subclass_error in /home/kaiyaok2/PythonProjects/falcon/tests/test_error_handlers.py: 1839.1851074695587
test_caught_error in /home/kaiyaok2/PythonProjects/falcon/tests/test_error_handlers.py: 1840.6651561260223
test_handler_multiple_exception_iterable in /home/kaiyaok2/PythonProjects/falcon/tests/test_error_handlers.py: 1841.7275204658508
test_converted_error in /home/kaiyaok2/PythonProjects/falcon/tests/test_error_handlers.py: 1841.8850412368774
test_handle_not_defined in /home/kaiyaok2/PythonProjects/falcon/tests/test_error_handlers.py: 1842.0427539348602
test_handler_multiple_exception_iterable in /home/kaiyaok2/PythonProjects/falcon/tests/test_error_handlers.py: 1851.1918048858643
test_caught_error_async in /home/kaiyaok2/PythonProjects/falcon/tests/test_error_handlers.py: 1851.510006904602
test_invalid_add_exception_handler_input in /home/kaiyaok2/PythonProjects/falcon/tests/test_error_handlers.py: 1851.9248564243317
test_handler_single_exception_iterable in /home/kaiyaok2/PythonProjects/falcon/tests/test_error_handlers.py: 1852.7227268218994
test_invalid_add_exception_handler_input in /home/kaiyaok2/PythonProjects/falcon/tests/test_error_handlers.py: 1853.6608572006226
test_data_is_set in /home/kaiyaok2/PythonProjects/falcon/tests/test_error_handlers.py: 1854.5041375160217
test_media_is_set in /home/kaiyaok2/PythonProjects/falcon/tests/test_error_handlers.py: 1855.245558977127
test_body_is_set in /home/kaiyaok2/PythonProjects/falcon/tests/test_error_handlers.py: 1855.908804178238
test_piggybacking_resource_post_and_delete in /home/kaiyaok2/PythonProjects/falcon/tests/test_before_hooks.py: 1858.778168439865
test_input_validator in /home/kaiyaok2/PythonProjects/falcon/tests/test_before_hooks.py: 1859.286524772644
test_field_validator in /home/kaiyaok2/PythonProjects/falcon/tests/test_before_hooks.py: 1866.6060826778412
test_field_validator in /home/kaiyaok2/PythonProjects/falcon/tests/test_before_hooks.py: 1869.4060754776
test_piggybacking_resource_post_item in /home/kaiyaok2/PythonProjects/falcon/tests/test_before_hooks.py: 1869.8787095546722
test_wrapped_resource_with_hooks_aware_of_resource in /home/kaiyaok2/PythonProjects/falcon/tests/test_before_hooks.py: 1870.1104383468628
test_param_validator in /home/kaiyaok2/PythonProjects/falcon/tests/test_before_hooks.py: 1870.5351901054382
test_multiple_resource_hooks in /home/kaiyaok2/PythonProjects/falcon/tests/test_before_hooks.py: 1871.6026146411896
test_input_validator_inherited in /home/kaiyaok2/PythonProjects/falcon/tests/test_before_hooks.py: 1872.5676808357239
test_field_validator in /home/kaiyaok2/PythonProjects/falcon/tests/test_before_hooks.py: 1873.519855260849
test_wrapped_resource in /home/kaiyaok2/PythonProjects/falcon/tests/test_before_hooks.py: 1874.9259383678436
test_multiple_resource_hooks in /home/kaiyaok2/PythonProjects/falcon/tests/test_before_hooks.py: 1876.4733483791351
test_default_headers in /home/kaiyaok2/PythonProjects/falcon/tests/test_utils.py: 1900.4920177459717
test_simulate_remote_addr in /home/kaiyaok2/PythonProjects/falcon/tests/test_utils.py: 1901.6876316070557
test_simulate_remote_addr in /home/kaiyaok2/PythonProjects/falcon/tests/test_utils.py: 1903.0366082191467
test_query_string_no_question in /home/kaiyaok2/PythonProjects/falcon/tests/test_utils.py: 1904.8562693595886
test_query_string_in_path in /home/kaiyaok2/PythonProjects/falcon/tests/test_utils.py: 1906.615844964981
test_simulate_remote_addr in /home/kaiyaok2/PythonProjects/falcon/tests/test_utils.py: 1907.124297618866
test_simulate_remote_addr in /home/kaiyaok2/PythonProjects/falcon/tests/test_utils.py: 1915.519565820694
test_simulate_remote_addr in /home/kaiyaok2/PythonProjects/falcon/tests/test_utils.py: 1916.5847067832947
test_query_string in /home/kaiyaok2/PythonProjects/falcon/tests/test_utils.py: 1919.4453527927399
test_simulate_hostname in /home/kaiyaok2/PythonProjects/falcon/tests/test_utils.py: 1919.8725910186768
test_status in /home/kaiyaok2/PythonProjects/falcon/tests/test_utils.py: 1920.2557275295258
test_cached_text_in_result in /home/kaiyaok2/PythonProjects/falcon/tests/test_utils.py: 1921.0602221488953
test_override_method_with_extras in /home/kaiyaok2/PythonProjects/falcon/tests/test_utils.py: 1928.7507979869843
test_default_headers_with_override in /home/kaiyaok2/PythonProjects/falcon/tests/test_utils.py: 1931.4705810546875
test_path_must_start_with_slash in /home/kaiyaok2/PythonProjects/falcon/tests/test_utils.py: 1931.7406725883484
test_app in /home/kaiyaok2/PythonProjects/falcon/tests/test_inspect.py: 2037.133591413498
test_sink in /home/kaiyaok2/PythonProjects/falcon/tests/test_inspect.py: 2037.3783683776855
test_static_routes in /home/kaiyaok2/PythonProjects/falcon/tests/test_inspect.py: 2037.805435180664
test_error_handler in /home/kaiyaok2/PythonProjects/falcon/tests/test_inspect.py: 2038.4886479377747
test_middleware in /home/kaiyaok2/PythonProjects/falcon/tests/test_inspect.py: 2039.2169744968414
test_routes in /home/kaiyaok2/PythonProjects/falcon/tests/test_inspect.py: 2039.8707823753357
test_middleware_tree in /home/kaiyaok2/PythonProjects/falcon/tests/test_inspect.py: 2040.5058917999268
