test_imported_from_c_modules in /home/kaiyaok2/PythonProjects/falcon/tests/test_cython.py: 21.84374165534973
test_stream_has_private_read in /home/kaiyaok2/PythonProjects/falcon/tests/test_cython.py: 21.855982065200806
test_post_multipart_form in /home/kaiyaok2/PythonProjects/falcon/tests/test_wsgi_servers.py: 52.26232028007507
test_get in /home/kaiyaok2/PythonProjects/falcon/tests/test_wsgi_servers.py: 82.45998287200928
test_static_file_byte_range in /home/kaiyaok2/PythonProjects/falcon/tests/test_wsgi_servers.py: 112.9934401512146
test_static_file_byte_range in /home/kaiyaok2/PythonProjects/falcon/tests/test_wsgi_servers.py: 143.34602165222168
test_get in /home/kaiyaok2/PythonProjects/falcon/tests/test_wsgi_servers.py: 174.00800824165344
test_get_deprecated in /home/kaiyaok2/PythonProjects/falcon/tests/test_wsgi_servers.py: 204.48150849342346
test_static_file in /home/kaiyaok2/PythonProjects/falcon/tests/test_wsgi_servers.py: 234.9783639907837
test_static_file_byte_range in /home/kaiyaok2/PythonProjects/falcon/tests/test_wsgi_servers.py: 265.72407054901123
test_static_file_byte_range in /home/kaiyaok2/PythonProjects/falcon/tests/test_wsgi_servers.py: 301.3562967777252
test_static_file_byte_range in /home/kaiyaok2/PythonProjects/falcon/tests/test_wsgi_servers.py: 331.8260886669159
test_static_file_byte_range in /home/kaiyaok2/PythonProjects/falcon/tests/test_wsgi_servers.py: 362.2199811935425
test_static_file_byte_range in /home/kaiyaok2/PythonProjects/falcon/tests/test_wsgi_servers.py: 392.49594044685364
test_post_multipart_form in /home/kaiyaok2/PythonProjects/falcon/tests/test_wsgi_servers.py: 423.231064081192
test_static_file in /home/kaiyaok2/PythonProjects/falcon/tests/test_wsgi_servers.py: 453.69243001937866
test_get_deprecated in /home/kaiyaok2/PythonProjects/falcon/tests/test_wsgi_servers.py: 484.0168879032135
test_static_file_byte_range in /home/kaiyaok2/PythonProjects/falcon/tests/test_wsgi_servers.py: 514.3045732975006
test_close_code_on_unhandled_error in /home/kaiyaok2/PythonProjects/falcon/tests/asgi/test_asgi_servers.py: 546.307950258255
test_hello in /home/kaiyaok2/PythonProjects/falcon/tests/asgi/test_asgi_servers.py: 561.9230680465698
test_invalid_close_code in /home/kaiyaok2/PythonProjects/falcon/tests/asgi/test_asgi_servers.py: 577.2889485359192
test_select_subprotocol_unknown in /home/kaiyaok2/PythonProjects/falcon/tests/asgi/test_asgi_servers.py: 592.9487454891205
test_type_mismatch in /home/kaiyaok2/PythonProjects/falcon/tests/asgi/test_asgi_servers.py: 608.5515646934509
test_select_subprotocol_known in /home/kaiyaok2/PythonProjects/falcon/tests/asgi/test_asgi_servers.py: 624.0585355758667
test_rejected in /home/kaiyaok2/PythonProjects/falcon/tests/asgi/test_asgi_servers.py: 639.7268316745758
test_rejected in /home/kaiyaok2/PythonProjects/falcon/tests/asgi/test_asgi_servers.py: 655.3791046142578
test_close_code_on_unhandled_http_error in /home/kaiyaok2/PythonProjects/falcon/tests/asgi/test_asgi_servers.py: 671.1718628406525
test_type_mismatch in /home/kaiyaok2/PythonProjects/falcon/tests/asgi/test_asgi_servers.py: 686.7569098472595
test_hello in /home/kaiyaok2/PythonProjects/falcon/tests/asgi/test_asgi_servers.py: 702.0520353317261
test_rejected in /home/kaiyaok2/PythonProjects/falcon/tests/asgi/test_asgi_servers.py: 717.7814843654633
test_disconnecting_client_early in /home/kaiyaok2/PythonProjects/falcon/tests/asgi/test_asgi_servers.py: 733.4851961135864
test_type_mismatch in /home/kaiyaok2/PythonProjects/falcon/tests/asgi/test_asgi_servers.py: 748.9713199138641
test_passing_path_params in /home/kaiyaok2/PythonProjects/falcon/tests/asgi/test_asgi_servers.py: 764.5516047477722
test_hello in /home/kaiyaok2/PythonProjects/falcon/tests/asgi/test_asgi_servers.py: 780.2182621955872
test_send_before_accept in /home/kaiyaok2/PythonProjects/falcon/tests/asgi/test_asgi_servers.py: 795.6885797977448
test_rejected in /home/kaiyaok2/PythonProjects/falcon/tests/asgi/test_asgi_servers.py: 811.30273604393
test_missing_responder in /home/kaiyaok2/PythonProjects/falcon/tests/asgi/test_asgi_servers.py: 826.4994020462036
test_select_subprotocol_known in /home/kaiyaok2/PythonProjects/falcon/tests/asgi/test_asgi_servers.py: 842.1146926879883
test_hello in /home/kaiyaok2/PythonProjects/falcon/tests/asgi/test_asgi_servers.py: 857.7649302482605
test_type_mismatch in /home/kaiyaok2/PythonProjects/falcon/tests/asgi/test_asgi_servers.py: 873.2075798511505
test_recv_before_accept in /home/kaiyaok2/PythonProjects/falcon/tests/asgi/test_asgi_servers.py: 888.5554075241089
test_post_read_bounded_stream in /home/kaiyaok2/PythonProjects/falcon/tests/asgi/test_asgi_servers.py: 904.1025731563568
test_stream_chunked_request in /home/kaiyaok2/PythonProjects/falcon/tests/asgi/test_asgi_servers.py: 919.8581385612488
test_get in /home/kaiyaok2/PythonProjects/falcon/tests/asgi/test_asgi_servers.py: 935.2739663124084
test_sse in /home/kaiyaok2/PythonProjects/falcon/tests/asgi/test_asgi_servers.py: 950.6753942966461
test_put in /home/kaiyaok2/PythonProjects/falcon/tests/asgi/test_asgi_servers.py: 966.0059912204742
test_post_multipart_form in /home/kaiyaok2/PythonProjects/falcon/tests/asgi/test_asgi_servers.py: 981.6502966880798
test_head_405 in /home/kaiyaok2/PythonProjects/falcon/tests/asgi/test_asgi_servers.py: 996.9847400188446
test_post_read_bounded_stream_large in /home/kaiyaok2/PythonProjects/falcon/tests/asgi/test_asgi_servers.py: 1012.7108681201935
test_post_read_bounded_stream_no_body in /home/kaiyaok2/PythonProjects/falcon/tests/asgi/test_asgi_servers.py: 1028.2887065410614
test_post_invalid_content_length in /home/kaiyaok2/PythonProjects/falcon/tests/asgi/test_asgi_servers.py: 1043.6971461772919
test_post_multiple in /home/kaiyaok2/PythonProjects/falcon/tests/asgi/test_asgi_servers.py: 1059.2572181224823
test_sse_client_disconnects_early in /home/kaiyaok2/PythonProjects/falcon/tests/asgi/test_asgi_servers.py: 1074.7375266551971
test_load_app_error in /home/kaiyaok2/PythonProjects/falcon/tests/test_cmd_inspect_app.py: 1199.5805296897888
test_load_app in /home/kaiyaok2/PythonProjects/falcon/tests/test_cmd_inspect_app.py: 1199.8880956172943
test_load_app_error in /home/kaiyaok2/PythonProjects/falcon/tests/test_cmd_inspect_app.py: 1200.0593013763428
test_load_app_error in /home/kaiyaok2/PythonProjects/falcon/tests/test_cmd_inspect_app.py: 1200.2234711647034
test_load_app in /home/kaiyaok2/PythonProjects/falcon/tests/test_cmd_inspect_app.py: 1200.3595824241638
test_inspect in /home/kaiyaok2/PythonProjects/falcon/tests/test_cmd_inspect_app.py: 1200.506709098816
test_inspect in /home/kaiyaok2/PythonProjects/falcon/tests/test_cmd_inspect_app.py: 1200.6658833026886
test_routes_only in /home/kaiyaok2/PythonProjects/falcon/tests/test_cmd_inspect_app.py: 1200.8304681777954
test_inspect in /home/kaiyaok2/PythonProjects/falcon/tests/test_cmd_inspect_app.py: 1200.9826271533966
test_routes_only in /home/kaiyaok2/PythonProjects/falcon/tests/test_cmd_inspect_app.py: 1201.2065341472626
test_routes_only in /home/kaiyaok2/PythonProjects/falcon/tests/test_cmd_inspect_app.py: 1201.5743458271027
test_inspect in /home/kaiyaok2/PythonProjects/falcon/tests/test_cmd_inspect_app.py: 1201.9408385753632
test_routes_only in /home/kaiyaok2/PythonProjects/falcon/tests/test_cmd_inspect_app.py: 1202.224193572998
test_jsonchema_validator in /home/kaiyaok2/PythonProjects/falcon/tests/asgi/test_cythonized_asgi.py: 1240.9556946754456
test_hooks in /home/kaiyaok2/PythonProjects/falcon/tests/asgi/test_cythonized_asgi.py: 1241.1661322116852
test_temporary_413_integer_retry_after in /home/kaiyaok2/PythonProjects/falcon/tests/test_httperror.py: 1241.5616674423218
test_custom_error_serializer_optional_representation in /home/kaiyaok2/PythonProjects/falcon/tests/test_httperror.py: 1241.911076784134
test_epic_fail_xml in /home/kaiyaok2/PythonProjects/falcon/tests/test_httperror.py: 1242.4098188877106
test_title_default_message_if_none in /home/kaiyaok2/PythonProjects/falcon/tests/test_httperror.py: 1246.2273378372192
test_custom_error_serializer in /home/kaiyaok2/PythonProjects/falcon/tests/test_httperror.py: 1246.6726386547089
test_serialize_no_json_media_handler in /home/kaiyaok2/PythonProjects/falcon/tests/test_httperror.py: 1246.9043941497803
test_title_default_message_if_none in /home/kaiyaok2/PythonProjects/falcon/tests/test_httperror.py: 1247.2781372070312
test_custom_error_serializer_optional_representation in /home/kaiyaok2/PythonProjects/falcon/tests/test_httperror.py: 1247.5625925064087
test_title_default_message_if_none in /home/kaiyaok2/PythonProjects/falcon/tests/test_httperror.py: 1247.7751767635345
test_no_description_json in /home/kaiyaok2/PythonProjects/falcon/tests/test_httperror.py: 1248.018805027008
test_custom_error_serializer_optional_representation in /home/kaiyaok2/PythonProjects/falcon/tests/test_httperror.py: 1248.1955938339233
test_429 in /home/kaiyaok2/PythonProjects/falcon/tests/test_httperror.py: 1251.5134382247925
test_no_description_xml in /home/kaiyaok2/PythonProjects/falcon/tests/test_httperror.py: 1251.8843431472778
test_unicode_xml in /home/kaiyaok2/PythonProjects/falcon/tests/test_httperror.py: 1252.23694729805
test_epic_fail_json in /home/kaiyaok2/PythonProjects/falcon/tests/test_httperror.py: 1252.7235345840454
test_temporary_413_datetime_retry_after in /home/kaiyaok2/PythonProjects/falcon/tests/test_httperror.py: 1253.09921169281
test_title_default_message_if_none in /home/kaiyaok2/PythonProjects/falcon/tests/test_httperror.py: 1253.510780096054
test_epic_fail_xml in /home/kaiyaok2/PythonProjects/falcon/tests/test_httperror.py: 1253.9246377944946
test_missing_header in /home/kaiyaok2/PythonProjects/falcon/tests/test_httperror.py: 1258.2332773208618
test_503_datetime_retry_after in /home/kaiyaok2/PythonProjects/falcon/tests/test_httperror.py: 1258.8975880146027
test_epic_fail_xml in /home/kaiyaok2/PythonProjects/falcon/tests/test_httperror.py: 1259.5135955810547
test_410_with_body in /home/kaiyaok2/PythonProjects/falcon/tests/test_httperror.py: 1260.2078442573547
test_411 in /home/kaiyaok2/PythonProjects/falcon/tests/test_httperror.py: 1260.7249042987823
test_503_integer_retry_after in /home/kaiyaok2/PythonProjects/falcon/tests/test_httperror.py: 1261.446958065033
test_title_default_message_if_none in /home/kaiyaok2/PythonProjects/falcon/tests/test_httperror.py: 1262.0791130065918
test_custom_error_serializer_optional_representation in /home/kaiyaok2/PythonProjects/falcon/tests/test_httperror.py: 1262.7052788734436
test_title_default_message_if_none in /home/kaiyaok2/PythonProjects/falcon/tests/test_httperror.py: 1266.0777189731598
test_416 in /home/kaiyaok2/PythonProjects/falcon/tests/test_httperror.py: 1266.4283912181854
test_client_does_not_accept_json_or_xml in /home/kaiyaok2/PythonProjects/falcon/tests/test_httperror.py: 1266.8026468753815
test_base_class in /home/kaiyaok2/PythonProjects/falcon/tests/test_httperror.py: 1267.1394836902618
test_405_without_body_with_extra_headers in /home/kaiyaok2/PythonProjects/falcon/tests/test_httperror.py: 1267.4433615207672
test_forbidden in /home/kaiyaok2/PythonProjects/falcon/tests/test_httperror.py: 1267.7781736850739
test_401 in /home/kaiyaok2/PythonProjects/falcon/tests/test_httperror.py: 1268.0666489601135
test_404_with_body in /home/kaiyaok2/PythonProjects/falcon/tests/test_httperror.py: 1268.3642156124115
test_405_with_body in /home/kaiyaok2/PythonProjects/falcon/tests/test_httperror.py: 1268.6475291252136
test_forbidden in /home/kaiyaok2/PythonProjects/falcon/tests/test_httperror.py: 1271.5638091564178
test_405_without_body_with_extra_headers_double_check in /home/kaiyaok2/PythonProjects/falcon/tests/test_httperror.py: 1272.0575685501099
test_429_no_retry_after in /home/kaiyaok2/PythonProjects/falcon/tests/test_httperror.py: 1272.3286941051483
test_414_with_description in /home/kaiyaok2/PythonProjects/falcon/tests/test_httperror.py: 1272.5306069850922
test_invalid_param in /home/kaiyaok2/PythonProjects/falcon/tests/test_httperror.py: 1272.6895990371704
test_invalid_header in /home/kaiyaok2/PythonProjects/falcon/tests/test_httperror.py: 1273.060403585434
test_client_does_not_accept_anything in /home/kaiyaok2/PythonProjects/falcon/tests/test_httperror.py: 1273.3903782367706
test_405_without_body in /home/kaiyaok2/PythonProjects/falcon/tests/test_httperror.py: 1276.4293448925018
test_413 in /home/kaiyaok2/PythonProjects/falcon/tests/test_httperror.py: 1276.9371855258942
test_404_without_body in /home/kaiyaok2/PythonProjects/falcon/tests/test_httperror.py: 1277.1231968402863
test_410_without_body in /home/kaiyaok2/PythonProjects/falcon/tests/test_httperror.py: 1277.2751989364624
test_missing_param in /home/kaiyaok2/PythonProjects/falcon/tests/test_httperror.py: 1277.712304353714
test_429_datetime in /home/kaiyaok2/PythonProjects/falcon/tests/test_httperror.py: 1278.0365664958954
test_414_with_custom_kwargs in /home/kaiyaok2/PythonProjects/falcon/tests/test_httperror.py: 1278.3972187042236
test_serialize_error_uses_media_handler in /home/kaiyaok2/PythonProjects/falcon/tests/test_httperror.py: 1278.6071212291718
test_forbidden in /home/kaiyaok2/PythonProjects/falcon/tests/test_httperror.py: 1282.1185991764069
test_414 in /home/kaiyaok2/PythonProjects/falcon/tests/test_httperror.py: 1282.3763904571533
test_unicode_json in /home/kaiyaok2/PythonProjects/falcon/tests/test_httperror.py: 1282.58358168602
test_414_with_title in /home/kaiyaok2/PythonProjects/falcon/tests/test_httperror.py: 1282.8621423244476
test_misc in /home/kaiyaok2/PythonProjects/falcon/tests/test_httperror.py: 1283.0958003997803
test_custom_serializer_no_representation in /home/kaiyaok2/PythonProjects/falcon/tests/test_httperror.py: 1283.3805167675018
test_epic_fail_xml in /home/kaiyaok2/PythonProjects/falcon/tests/test_httperror.py: 1283.6812598705292
test_static_routes in /home/kaiyaok2/PythonProjects/falcon/tests/test_inspect.py: 1318.0668535232544
test_error_handler in /home/kaiyaok2/PythonProjects/falcon/tests/test_inspect.py: 1318.4400744438171
test_middleware in /home/kaiyaok2/PythonProjects/falcon/tests/test_inspect.py: 1319.0241069793701
test_routes in /home/kaiyaok2/PythonProjects/falcon/tests/test_inspect.py: 1319.675758600235
test_sink in /home/kaiyaok2/PythonProjects/falcon/tests/test_inspect.py: 1320.0899732112885
test_response_body_rendition_error in /home/kaiyaok2/PythonProjects/falcon/tests/test_response_body.py: 1331.0564029216766
test_content_length_set_on_head_with_no_body in /home/kaiyaok2/PythonProjects/falcon/tests/test_response_body.py: 1331.629712343216
test_unsupported_response_content_type in /home/kaiyaok2/PythonProjects/falcon/tests/test_response_body.py: 1332.0299968719482
