test_stream_has_private_read in /home/kaiyaok2/PythonProjects/falcon/tests/test_cython.py: 25.518206119537354
test_imported_from_c_modules in /home/kaiyaok2/PythonProjects/falcon/tests/test_cython.py: 25.524407386779785
test_load_app in /home/kaiyaok2/PythonProjects/falcon/tests/test_cmd_inspect_app.py: 92.13758206367493
test_load_app_error in /home/kaiyaok2/PythonProjects/falcon/tests/test_cmd_inspect_app.py: 92.23710536956787
test_load_app in /home/kaiyaok2/PythonProjects/falcon/tests/test_cmd_inspect_app.py: 92.3177490234375
test_load_app_error in /home/kaiyaok2/PythonProjects/falcon/tests/test_cmd_inspect_app.py: 92.39881992340088
test_load_app_error in /home/kaiyaok2/PythonProjects/falcon/tests/test_cmd_inspect_app.py: 92.47533774375916
test_routes_only in /home/kaiyaok2/PythonProjects/falcon/tests/test_cmd_inspect_app.py: 92.56030654907227
test_inspect in /home/kaiyaok2/PythonProjects/falcon/tests/test_cmd_inspect_app.py: 92.63274788856506
test_routes_only in /home/kaiyaok2/PythonProjects/falcon/tests/test_cmd_inspect_app.py: 92.72543001174927
test_routes_only in /home/kaiyaok2/PythonProjects/falcon/tests/test_cmd_inspect_app.py: 92.79686999320984
test_inspect in /home/kaiyaok2/PythonProjects/falcon/tests/test_cmd_inspect_app.py: 92.86301732063293
test_inspect in /home/kaiyaok2/PythonProjects/falcon/tests/test_cmd_inspect_app.py: 92.93941617012024
test_inspect in /home/kaiyaok2/PythonProjects/falcon/tests/test_cmd_inspect_app.py: 93.02554726600647
test_routes_only in /home/kaiyaok2/PythonProjects/falcon/tests/test_cmd_inspect_app.py: 93.1032042503357
test_hooks in /home/kaiyaok2/PythonProjects/falcon/tests/asgi/test_cythonized_asgi.py: 148.14498329162598
test_jsonchema_validator in /home/kaiyaok2/PythonProjects/falcon/tests/asgi/test_cythonized_asgi.py: 148.22318387031555
test_routes in /home/kaiyaok2/PythonProjects/falcon/tests/test_inspect.py: 148.29750323295593
test_middleware_tree in /home/kaiyaok2/PythonProjects/falcon/tests/test_inspect.py: 148.37954139709473
test_middleware in /home/kaiyaok2/PythonProjects/falcon/tests/test_inspect.py: 148.44639015197754
test_static_routes in /home/kaiyaok2/PythonProjects/falcon/tests/test_inspect.py: 148.50892043113708
test_error_handler in /home/kaiyaok2/PythonProjects/falcon/tests/test_inspect.py: 148.56769919395447
test_sink in /home/kaiyaok2/PythonProjects/falcon/tests/test_inspect.py: 148.6291995048523
test_app in /home/kaiyaok2/PythonProjects/falcon/tests/test_inspect.py: 150.2577109336853
test_client_simulate_aliases in /home/kaiyaok2/PythonProjects/falcon/tests/test_testing.py: 158.97941780090332
test_client_simulate_aliases in /home/kaiyaok2/PythonProjects/falcon/tests/test_testing.py: 159.0086727142334
test_client_simulate_aliases in /home/kaiyaok2/PythonProjects/falcon/tests/test_testing.py: 159.03770852088928
test_client_simulate_aliases in /home/kaiyaok2/PythonProjects/falcon/tests/test_testing.py: 159.06512236595154
test_client_simulate_aliases in /home/kaiyaok2/PythonProjects/falcon/tests/test_testing.py: 159.1047797203064
test_client_simulate_aliases in /home/kaiyaok2/PythonProjects/falcon/tests/test_testing.py: 159.1335790157318
test_client_simulate_aliases in /home/kaiyaok2/PythonProjects/falcon/tests/test_testing.py: 159.16698718070984
test_client_simulate_aliases in /home/kaiyaok2/PythonProjects/falcon/tests/test_testing.py: 159.1999807357788
test_content_disposition_inline_header in /home/kaiyaok2/PythonProjects/falcon/tests/test_headers.py: 162.36006426811218
test_content_disposition_attachment_header in /home/kaiyaok2/PythonProjects/falcon/tests/test_headers.py: 164.15345811843872
test_unicode_headers_contain_non_ascii in /home/kaiyaok2/PythonProjects/falcon/tests/test_headers.py: 164.27473616600037
test_declared_content_length_overriden_by_data_length in /home/kaiyaok2/PythonProjects/falcon/tests/test_headers.py: 164.38983583450317
test_passthrough_request_headers in /home/kaiyaok2/PythonProjects/falcon/tests/test_headers.py: 164.49515438079834
test_append_link_crossorigin in /home/kaiyaok2/PythonProjects/falcon/tests/test_headers.py: 164.62929153442383
test_unicode_headers_contain_non_ascii in /home/kaiyaok2/PythonProjects/falcon/tests/test_headers.py: 164.7306432723999
test_append_link_with_title_star in /home/kaiyaok2/PythonProjects/falcon/tests/test_headers.py: 164.86191034317017
test_response_set_and_get_header in /home/kaiyaok2/PythonProjects/falcon/tests/test_headers.py: 164.9701783657074
test_content_disposition_attachment_header in /home/kaiyaok2/PythonProjects/falcon/tests/test_headers.py: 166.790846824646
test_no_content_type in /home/kaiyaok2/PythonProjects/falcon/tests/test_headers.py: 166.92365908622742
test_content_length in /home/kaiyaok2/PythonProjects/falcon/tests/test_headers.py: 167.0316743850708
test_unicode_headers_contain_only_ascii in /home/kaiyaok2/PythonProjects/falcon/tests/test_headers.py: 167.13523387908936
test_append_link_with_link_extension in /home/kaiyaok2/PythonProjects/falcon/tests/test_headers.py: 167.25574469566345
test_content_disposition_attachment_header in /home/kaiyaok2/PythonProjects/falcon/tests/test_headers.py: 167.35655879974365
test_content_disposition_attachment_header in /home/kaiyaok2/PythonProjects/falcon/tests/test_headers.py: 167.45391631126404
test_response_append_header in /home/kaiyaok2/PythonProjects/falcon/tests/test_headers.py: 167.55911445617676
test_content_disposition_attachment_header in /home/kaiyaok2/PythonProjects/falcon/tests/test_headers.py: 169.32385849952698
test_content_disposition_attachment_header in /home/kaiyaok2/PythonProjects/falcon/tests/test_headers.py: 169.43689966201782
test_append_link_crossorigin in /home/kaiyaok2/PythonProjects/falcon/tests/test_headers.py: 169.5647394657135
test_content_disposition_attachment_header in /home/kaiyaok2/PythonProjects/falcon/tests/test_headers.py: 169.67523550987244
test_headers_as_list in /home/kaiyaok2/PythonProjects/falcon/tests/test_headers.py: 169.84389233589172
test_append_link_with_type_hint in /home/kaiyaok2/PythonProjects/falcon/tests/test_headers.py: 170.02877855300903
test_append_link_crossorigin in /home/kaiyaok2/PythonProjects/falcon/tests/test_headers.py: 170.20063614845276
test_unset_header in /home/kaiyaok2/PythonProjects/falcon/tests/test_headers.py: 170.31778621673584
test_vary_header in /home/kaiyaok2/PythonProjects/falcon/tests/test_headers.py: 172.21668577194214
test_unset_header in /home/kaiyaok2/PythonProjects/falcon/tests/test_headers.py: 172.36054039001465
test_append_link_crossorigin in /home/kaiyaok2/PythonProjects/falcon/tests/test_headers.py: 172.5087926387787
test_no_content_type in /home/kaiyaok2/PythonProjects/falcon/tests/test_headers.py: 172.6243817806244
test_append_link_single in /home/kaiyaok2/PythonProjects/falcon/tests/test_headers.py: 172.76364517211914
test_append_link_with_hreflang_multi in /home/kaiyaok2/PythonProjects/falcon/tests/test_headers.py: 172.90367197990417
test_default_value in /home/kaiyaok2/PythonProjects/falcon/tests/test_headers.py: 173.00897598266602
test_declared_content_length_on_head in /home/kaiyaok2/PythonProjects/falcon/tests/test_headers.py: 173.11739349365234
test_request_latin1_headers in /home/kaiyaok2/PythonProjects/falcon/tests/test_headers.py: 174.8955864906311
test_declared_content_length_overridden_by_no_body in /home/kaiyaok2/PythonProjects/falcon/tests/test_headers.py: 175.01095867156982
test_unicode_headers_contain_non_ascii in /home/kaiyaok2/PythonProjects/falcon/tests/test_headers.py: 175.11349749565125
test_append_link_with_anchor in /home/kaiyaok2/PythonProjects/falcon/tests/test_headers.py: 175.26871490478516
test_response_header_helpers_on_get in /home/kaiyaok2/PythonProjects/falcon/tests/test_headers.py: 175.39747738838196
test_no_content_length in /home/kaiyaok2/PythonProjects/falcon/tests/test_headers.py: 175.50483584403992
test_append_link_with_hreflang in /home/kaiyaok2/PythonProjects/falcon/tests/test_headers.py: 175.66588282585144
test_declared_content_length_overriden_by_body_length in /home/kaiyaok2/PythonProjects/falcon/tests/test_headers.py: 175.79653406143188
test_no_content_length in /home/kaiyaok2/PythonProjects/falcon/tests/test_headers.py: 177.5782253742218
test_unicode_headers_contain_non_ascii in /home/kaiyaok2/PythonProjects/falcon/tests/test_headers.py: 177.6836564540863
test_append_link_multiple in /home/kaiyaok2/PythonProjects/falcon/tests/test_headers.py: 177.81802892684937
test_custom_content_type in /home/kaiyaok2/PythonProjects/falcon/tests/test_headers.py: 177.95457077026367
test_override_default_media_type in /home/kaiyaok2/PythonProjects/falcon/tests/test_headers.py: 178.06000781059265
test_override_default_media_type_missing_encoding in /home/kaiyaok2/PythonProjects/falcon/tests/test_headers.py: 178.16753768920898
test_headers_with_custom_class_not_callable in /home/kaiyaok2/PythonProjects/falcon/tests/test_headers.py: 178.26303815841675
test_expires_header in /home/kaiyaok2/PythonProjects/falcon/tests/test_headers.py: 178.37286257743835
test_content_type_no_body in /home/kaiyaok2/PythonProjects/falcon/tests/test_headers.py: 180.55201315879822
test_default_media_type in /home/kaiyaok2/PythonProjects/falcon/tests/test_headers.py: 180.67624831199646
test_append_link_crossorigin in /home/kaiyaok2/PythonProjects/falcon/tests/test_headers.py: 180.82622742652893
test_content_disposition_attachment_header in /home/kaiyaok2/PythonProjects/falcon/tests/test_headers.py: 180.94003319740295
test_vary_header in /home/kaiyaok2/PythonProjects/falcon/tests/test_headers.py: 181.07648944854736
test_append_link_crossorigin in /home/kaiyaok2/PythonProjects/falcon/tests/test_headers.py: 181.22860503196716
test_content_disposition_inline_header in /home/kaiyaok2/PythonProjects/falcon/tests/test_headers.py: 181.36958503723145
test_get_header_as_int in /home/kaiyaok2/PythonProjects/falcon/tests/test_headers.py: 181.47314476966858
test_unicode_location_headers in /home/kaiyaok2/PythonProjects/falcon/tests/test_headers.py: 183.38347053527832
test_vary_star in /home/kaiyaok2/PythonProjects/falcon/tests/test_headers.py: 183.54172563552856
test_set_headers_with_custom_class in /home/kaiyaok2/PythonProjects/falcon/tests/test_headers.py: 183.6530704498291
test_required_header in /home/kaiyaok2/PythonProjects/falcon/tests/test_headers.py: 183.75626516342163
test_request_multiple_header in /home/kaiyaok2/PythonProjects/falcon/tests/test_headers.py: 183.87631607055664
test_content_disposition_inline_header in /home/kaiyaok2/PythonProjects/falcon/tests/test_headers.py: 183.98597311973572
test_append_link_with_title in /home/kaiyaok2/PythonProjects/falcon/tests/test_headers.py: 184.12882208824158
test_override_default_media_type in /home/kaiyaok2/PythonProjects/falcon/tests/test_headers.py: 184.242657661438
test_append_link_complex in /home/kaiyaok2/PythonProjects/falcon/tests/test_headers.py: 186.06923627853394
