test_jsonchema_validator in /home/kaiyaok2/PythonProjects/falcon/tests/asgi/test_cythonized_asgi.py: 37.238885164260864
test_hooks in /home/kaiyaok2/PythonProjects/falcon/tests/asgi/test_cythonized_asgi.py: 37.87264370918274
test_piggybacking_resource_post_and_delete in /home/kaiyaok2/PythonProjects/falcon/tests/test_before_hooks.py: 52.446449279785156
test_client_simulate_aliases in /home/kaiyaok2/PythonProjects/falcon/tests/test_testing.py: 54.30717849731445
test_client_simulate_aliases in /home/kaiyaok2/PythonProjects/falcon/tests/test_testing.py: 54.838733196258545
test_client_simulate_aliases in /home/kaiyaok2/PythonProjects/falcon/tests/test_testing.py: 55.0970983505249
test_client_simulate_aliases in /home/kaiyaok2/PythonProjects/falcon/tests/test_testing.py: 55.407734632492065
test_client_simulate_aliases in /home/kaiyaok2/PythonProjects/falcon/tests/test_testing.py: 55.6767795085907
test_client_simulate_aliases in /home/kaiyaok2/PythonProjects/falcon/tests/test_testing.py: 56.392263650894165
test_client_simulate_aliases in /home/kaiyaok2/PythonProjects/falcon/tests/test_testing.py: 57.668837785720825
test_client_simulate_aliases in /home/kaiyaok2/PythonProjects/falcon/tests/test_testing.py: 57.76207113265991
test_unset_cookies_samesite in /home/kaiyaok2/PythonProjects/falcon/tests/test_cookies.py: 59.07324242591858
test_lax_same_site_value in /home/kaiyaok2/PythonProjects/falcon/tests/test_cookies.py: 59.84058904647827
test_response_complex_case in /home/kaiyaok2/PythonProjects/falcon/tests/test_cookies.py: 60.91645073890686
test_cookie_max_age_float_and_string in /home/kaiyaok2/PythonProjects/falcon/tests/test_cookies.py: 61.933581829071045
test_response_disable_secure_globally in /home/kaiyaok2/PythonProjects/falcon/tests/test_cookies.py: 62.790935039520264
test_methods_not_allowed_complex in /home/kaiyaok2/PythonProjects/falcon/tests/test_http_method_routing.py: 69.93458008766174
test_method_not_allowed_with_param in /home/kaiyaok2/PythonProjects/falcon/tests/test_http_method_routing.py: 70.57409071922302
test_405_without_body_with_extra_headers in /home/kaiyaok2/PythonProjects/falcon/tests/test_httperror.py: 72.8640706539154
test_414 in /home/kaiyaok2/PythonProjects/falcon/tests/test_httperror.py: 74.74444222450256
test_inspect in /home/kaiyaok2/PythonProjects/falcon/tests/test_cmd_inspect_app.py: 76.05101561546326
test_epic_fail_json in /home/kaiyaok2/PythonProjects/falcon/tests/test_httperror.py: 76.94415807723999
test_404_with_body in /home/kaiyaok2/PythonProjects/falcon/tests/test_httperror.py: 77.8960919380188
test_401 in /home/kaiyaok2/PythonProjects/falcon/tests/test_httperror.py: 78.97122573852539
test_503_integer_retry_after in /home/kaiyaok2/PythonProjects/falcon/tests/test_httperror.py: 80.08881831169128
test_405_with_body in /home/kaiyaok2/PythonProjects/falcon/tests/test_httperror.py: 87.7724552154541
test_410_without_body in /home/kaiyaok2/PythonProjects/falcon/tests/test_httperror.py: 88.83364415168762
test_411 in /home/kaiyaok2/PythonProjects/falcon/tests/test_httperror.py: 89.95021510124207
test_serialize_error_uses_media_handler in /home/kaiyaok2/PythonProjects/falcon/tests/test_httperror.py: 91.20267391204834
test_429_datetime in /home/kaiyaok2/PythonProjects/falcon/tests/test_httperror.py: 92.22158622741699
test_unicode_json in /home/kaiyaok2/PythonProjects/falcon/tests/test_httperror.py: 94.2698380947113
test_414_with_custom_kwargs in /home/kaiyaok2/PythonProjects/falcon/tests/test_httperror.py: 95.5695207118988
test_custom_error_serializer_optional_representation in /home/kaiyaok2/PythonProjects/falcon/tests/test_httperror.py: 101.32962107658386
test_report in /home/kaiyaok2/PythonProjects/falcon/tests/test_http_method_routing.py: 101.85151863098145
test_put in /home/kaiyaok2/PythonProjects/falcon/tests/test_http_method_routing.py: 102.95481419563293
test_misc in /home/kaiyaok2/PythonProjects/falcon/tests/test_http_method_routing.py: 104.70822334289551
test_get in /home/kaiyaok2/PythonProjects/falcon/tests/test_http_method_routing.py: 104.92292499542236
test_post_not_allowed in /home/kaiyaok2/PythonProjects/falcon/tests/test_http_method_routing.py: 105.09255719184875
test_meta_and_others_disallowed in /home/kaiyaok2/PythonProjects/falcon/tests/test_http_method_routing.py: 105.37243938446045
test_meta_and_others_disallowed in /home/kaiyaok2/PythonProjects/falcon/tests/test_http_method_routing.py: 106.23954176902771
test_on_options in /home/kaiyaok2/PythonProjects/falcon/tests/test_http_method_routing.py: 114.00158643722534
test_error_handler in /home/kaiyaok2/PythonProjects/falcon/tests/test_inspect.py: 114.44689106941223
test_app in /home/kaiyaok2/PythonProjects/falcon/tests/test_inspect.py: 115.19410872459412
test_middleware_tree in /home/kaiyaok2/PythonProjects/falcon/tests/test_inspect.py: 115.88450884819031
test_sink in /home/kaiyaok2/PythonProjects/falcon/tests/test_inspect.py: 116.49150323867798
test_routes in /home/kaiyaok2/PythonProjects/falcon/tests/test_inspect.py: 117.1391806602478
test_static_routes in /home/kaiyaok2/PythonProjects/falcon/tests/test_inspect.py: 117.63347387313843
test_uncaught_python_error in /home/kaiyaok2/PythonProjects/falcon/tests/test_error_handlers.py: 120.52888774871826
test_uncaught_python_error in /home/kaiyaok2/PythonProjects/falcon/tests/test_error_handlers.py: 120.76474261283875
test_subclass_error in /home/kaiyaok2/PythonProjects/falcon/tests/test_error_handlers.py: 120.92467308044434
test_handler_multiple_exception_iterable in /home/kaiyaok2/PythonProjects/falcon/tests/test_error_handlers.py: 121.05659580230713
test_error_precedence_subclass in /home/kaiyaok2/PythonProjects/falcon/tests/test_error_handlers.py: 129.4591953754425
test_caught_error_async in /home/kaiyaok2/PythonProjects/falcon/tests/test_error_handlers.py: 129.71534490585327
test_uncaught_python_error in /home/kaiyaok2/PythonProjects/falcon/tests/test_error_handlers.py: 129.8875195980072
test_piggybacking_resource_post_item in /home/kaiyaok2/PythonProjects/falcon/tests/test_before_hooks.py: 130.7745931148529
test_field_validator in /home/kaiyaok2/PythonProjects/falcon/tests/test_before_hooks.py: 131.53449034690857
test_wrapped_resource_with_hooks_aware_of_resource in /home/kaiyaok2/PythonProjects/falcon/tests/test_before_hooks.py: 132.2692003250122
test_field_validator in /home/kaiyaok2/PythonProjects/falcon/tests/test_before_hooks.py: 133.09823346138
test_wrapped_resource in /home/kaiyaok2/PythonProjects/falcon/tests/test_before_hooks.py: 133.84909629821777
test_input_validator in /home/kaiyaok2/PythonProjects/falcon/tests/test_before_hooks.py: 134.46849870681763
test_non_string_status in /home/kaiyaok2/PythonProjects/falcon/tests/test_httpstatus.py: 141.59280443191528
test_body_is_set in /home/kaiyaok2/PythonProjects/falcon/tests/test_httpstatus.py: 142.41816639900208
test_non_string_status in /home/kaiyaok2/PythonProjects/falcon/tests/test_httpstatus.py: 142.98757553100586
test_media_is_set in /home/kaiyaok2/PythonProjects/falcon/tests/test_httpstatus.py: 144.02817010879517
test_non_string_status in /home/kaiyaok2/PythonProjects/falcon/tests/test_httpstatus.py: 145.7697308063507
test_non_string_status in /home/kaiyaok2/PythonProjects/falcon/tests/test_httpstatus.py: 146.17185807228088
test_non_string_status in /home/kaiyaok2/PythonProjects/falcon/tests/test_httpstatus.py: 146.32362985610962
test_non_string_status in /home/kaiyaok2/PythonProjects/falcon/tests/test_httpstatus.py: 146.42759466171265
test_non_string_status in /home/kaiyaok2/PythonProjects/falcon/tests/test_httpstatus.py: 147.13549757003784
test_data_is_set in /home/kaiyaok2/PythonProjects/falcon/tests/test_httpstatus.py: 147.87250781059265
test_non_string_status in /home/kaiyaok2/PythonProjects/falcon/tests/test_httpstatus.py: 148.77411794662476
test_non_string_status in /home/kaiyaok2/PythonProjects/falcon/tests/test_httpstatus.py: 149.6242480278015
test_non_string_status in /home/kaiyaok2/PythonProjects/falcon/tests/test_httpstatus.py: 150.497474193573
test_non_string_status in /home/kaiyaok2/PythonProjects/falcon/tests/test_httpstatus.py: 158.1449909210205
test_non_string_status in /home/kaiyaok2/PythonProjects/falcon/tests/test_httpstatus.py: 159.28700852394104
test_non_string_status in /home/kaiyaok2/PythonProjects/falcon/tests/test_httpstatus.py: 160.16004276275635
test_non_string_status in /home/kaiyaok2/PythonProjects/falcon/tests/test_httpstatus.py: 161.04635953903198
test_raise_status_in_before_hook in /home/kaiyaok2/PythonProjects/falcon/tests/test_httpstatus.py: 161.86796045303345
test_raise_status_in_responder in /home/kaiyaok2/PythonProjects/falcon/tests/test_httpstatus.py: 163.7591474056244
test_raise_status_survives_after_hooks in /home/kaiyaok2/PythonProjects/falcon/tests/test_httpstatus.py: 165.01816487312317
test_raise_status_runs_after_hooks in /home/kaiyaok2/PythonProjects/falcon/tests/test_httpstatus.py: 165.2588050365448
test_raise_status_empty_body in /home/kaiyaok2/PythonProjects/falcon/tests/test_httpstatus.py: 165.66857433319092
test_raise_status_in_process_request in /home/kaiyaok2/PythonProjects/falcon/tests/test_httpstatus.py: 165.8720576763153
test_raise_status_in_process_resource in /home/kaiyaok2/PythonProjects/falcon/tests/test_httpstatus.py: 166.49278569221497
test_raise_status_runs_process_response in /home/kaiyaok2/PythonProjects/falcon/tests/test_httpstatus.py: 167.23218250274658
test_add_sync_sink_with_wrapping in /home/kaiyaok2/PythonProjects/falcon/tests/test_sinks.py: 172.6004147529602
test_route_precedence_with_id in /home/kaiyaok2/PythonProjects/falcon/tests/test_sinks.py: 181.65419840812683
test_route_precedence_with_both_id in /home/kaiyaok2/PythonProjects/falcon/tests/test_sinks.py: 182.6416940689087
test_route_precedence in /home/kaiyaok2/PythonProjects/falcon/tests/test_sinks.py: 183.82624626159668
test_with_route in /home/kaiyaok2/PythonProjects/falcon/tests/test_sinks.py: 184.94071221351624
test_json_err_no_handler in /home/kaiyaok2/PythonProjects/falcon/tests/test_media_handlers.py: 197.45469903945923
test_json_err_no_handler in /home/kaiyaok2/PythonProjects/falcon/tests/test_media_handlers.py: 198.79035091400146
test_title_default_message_if_none in /home/kaiyaok2/PythonProjects/falcon/tests/test_httperror.py: 200.2162880897522
test_misc in /home/kaiyaok2/PythonProjects/falcon/tests/test_httperror.py: 200.60926222801208
test_foo in /home/kaiyaok2/PythonProjects/falcon/tests/test_http_custom_method_routing.py: 201.81594681739807
test_bar in /home/kaiyaok2/PythonProjects/falcon/tests/test_http_custom_method_routing.py: 202.2520854473114
test_map_http_methods in /home/kaiyaok2/PythonProjects/falcon/tests/test_http_custom_method_routing.py: 210.4002079963684
test_429 in /home/kaiyaok2/PythonProjects/falcon/tests/test_httperror.py: 210.86100029945374
test_temporary_413_integer_retry_after in /home/kaiyaok2/PythonProjects/falcon/tests/test_httperror.py: 212.09606623649597
test_missing_param in /home/kaiyaok2/PythonProjects/falcon/tests/test_httperror.py: 213.27954173088074
test_no_description_json in /home/kaiyaok2/PythonProjects/falcon/tests/test_httperror.py: 214.43461346626282
test_custom_serializer_no_representation in /home/kaiyaok2/PythonProjects/falcon/tests/test_httperror.py: 215.48539280891418
test_serialize_no_json_media_handler in /home/kaiyaok2/PythonProjects/falcon/tests/test_httperror.py: 218.37601852416992
test_410_with_body in /home/kaiyaok2/PythonProjects/falcon/tests/test_httperror.py: 218.73020815849304
test_title_default_message_if_none in /home/kaiyaok2/PythonProjects/falcon/tests/test_httperror.py: 227.20197772979736
test_epic_fail_xml in /home/kaiyaok2/PythonProjects/falcon/tests/test_httperror.py: 227.55166244506836
test_405_without_body_with_extra_headers_double_check in /home/kaiyaok2/PythonProjects/falcon/tests/test_httperror.py: 227.84915494918823
test_414_with_description in /home/kaiyaok2/PythonProjects/falcon/tests/test_httperror.py: 228.4006311893463
test_414_with_title in /home/kaiyaok2/PythonProjects/falcon/tests/test_httperror.py: 229.37639498710632
test_416 in /home/kaiyaok2/PythonProjects/falcon/tests/test_httperror.py: 230.2361114025116
test_forbidden in /home/kaiyaok2/PythonProjects/falcon/tests/test_httperror.py: 231.0907735824585
test_405_without_body in /home/kaiyaok2/PythonProjects/falcon/tests/test_httperror.py: 238.67197561264038
test_temporary_413_datetime_retry_after in /home/kaiyaok2/PythonProjects/falcon/tests/test_httperror.py: 239.93159675598145
test_epic_fail_xml in /home/kaiyaok2/PythonProjects/falcon/tests/test_httperror.py: 241.02170991897583
test_429_no_retry_after in /home/kaiyaok2/PythonProjects/falcon/tests/test_httperror.py: 241.97659182548523
test_title_default_message_if_none in /home/kaiyaok2/PythonProjects/falcon/tests/test_httperror.py: 244.27733325958252
test_epic_fail_xml in /home/kaiyaok2/PythonProjects/falcon/tests/test_httperror.py: 245.03855872154236
test_413 in /home/kaiyaok2/PythonProjects/falcon/tests/test_httperror.py: 245.3955636024475
test_forbidden in /home/kaiyaok2/PythonProjects/falcon/tests/test_httperror.py: 246.53343844413757
test_custom_error_serializer_optional_representation in /home/kaiyaok2/PythonProjects/falcon/tests/test_httperror.py: 254.50918698310852
test_missing_header in /home/kaiyaok2/PythonProjects/falcon/tests/test_httperror.py: 254.83158493041992
test_title_default_message_if_none in /home/kaiyaok2/PythonProjects/falcon/tests/test_httperror.py: 255.81598591804504
test_title_default_message_if_none in /home/kaiyaok2/PythonProjects/falcon/tests/test_httperror.py: 256.8492612838745
test_epic_fail_xml in /home/kaiyaok2/PythonProjects/falcon/tests/test_httperror.py: 258.0450315475464
test_no_description_xml in /home/kaiyaok2/PythonProjects/falcon/tests/test_httperror.py: 259.2587730884552
test_invalid_header in /home/kaiyaok2/PythonProjects/falcon/tests/test_httperror.py: 261.2966351509094
test_base_class in /home/kaiyaok2/PythonProjects/falcon/tests/test_httperror.py: 268.18977904319763
test_client_does_not_accept_json_or_xml in /home/kaiyaok2/PythonProjects/falcon/tests/test_httperror.py: 270.86325216293335
test_503_datetime_retry_after in /home/kaiyaok2/PythonProjects/falcon/tests/test_httperror.py: 271.1867995262146
test_title_default_message_if_none in /home/kaiyaok2/PythonProjects/falcon/tests/test_httperror.py: 271.59866642951965
test_custom_error_serializer_optional_representation in /home/kaiyaok2/PythonProjects/falcon/tests/test_httperror.py: 272.6758110523224
test_forbidden in /home/kaiyaok2/PythonProjects/falcon/tests/test_httperror.py: 273.7699408531189
test_client_does_not_accept_anything in /home/kaiyaok2/PythonProjects/falcon/tests/test_httperror.py: 274.7536849975586
test_custom_error_serializer_optional_representation in /home/kaiyaok2/PythonProjects/falcon/tests/test_httperror.py: 275.8255262374878
test_unicode_xml in /home/kaiyaok2/PythonProjects/falcon/tests/test_httperror.py: 283.8190231323242
test_invalid_param in /home/kaiyaok2/PythonProjects/falcon/tests/test_httperror.py: 284.8780825138092
test_404_without_body in /home/kaiyaok2/PythonProjects/falcon/tests/test_httperror.py: 286.1799397468567
test_custom_error_serializer in /home/kaiyaok2/PythonProjects/falcon/tests/test_httperror.py: 289.10920214653015
test_input_validator_inherited in /home/kaiyaok2/PythonProjects/falcon/tests/test_before_hooks.py: 291.5853822231293
test_multiple_resource_hooks in /home/kaiyaok2/PythonProjects/falcon/tests/test_before_hooks.py: 294.96288681030273
test_multiple_resource_hooks in /home/kaiyaok2/PythonProjects/falcon/tests/test_before_hooks.py: 295.6098895072937
test_param_validator in /home/kaiyaok2/PythonProjects/falcon/tests/test_before_hooks.py: 295.9873549938202
test_field_validator in /home/kaiyaok2/PythonProjects/falcon/tests/test_before_hooks.py: 304.9994971752167
test_float_converter in /home/kaiyaok2/PythonProjects/falcon/tests/test_uri_templates.py: 306.46537160873413
test_float_converter in /home/kaiyaok2/PythonProjects/falcon/tests/test_uri_templates.py: 307.24466156959534
test_int_converter in /home/kaiyaok2/PythonProjects/falcon/tests/test_uri_templates.py: 308.0032467842102
test_converter_custom in /home/kaiyaok2/PythonProjects/falcon/tests/test_uri_templates.py: 308.8887093067169
test_int_converter in /home/kaiyaok2/PythonProjects/falcon/tests/test_uri_templates.py: 309.5758385658264
test_root_path in /home/kaiyaok2/PythonProjects/falcon/tests/test_uri_templates.py: 315.63965344429016
test_float_converter in /home/kaiyaok2/PythonProjects/falcon/tests/test_uri_templates.py: 316.6732416152954
test_converter_custom in /home/kaiyaok2/PythonProjects/falcon/tests/test_uri_templates.py: 317.3998079299927
test_same_level_complex_var in /home/kaiyaok2/PythonProjects/falcon/tests/test_uri_templates.py: 318.1556098461151
test_float_converter in /home/kaiyaok2/PythonProjects/falcon/tests/test_uri_templates.py: 324.9627113342285
test_float_converter_non_finite_allowed in /home/kaiyaok2/PythonProjects/falcon/tests/test_uri_templates.py: 325.7298138141632
test_single in /home/kaiyaok2/PythonProjects/falcon/tests/test_uri_templates.py: 326.41727781295776
test_converter_custom in /home/kaiyaok2/PythonProjects/falcon/tests/test_uri_templates.py: 326.97517919540405
test_float_converter in /home/kaiyaok2/PythonProjects/falcon/tests/test_uri_templates.py: 329.56571912765503
test_uuid_converter in /home/kaiyaok2/PythonProjects/falcon/tests/test_uri_templates.py: 329.85221886634827
test_uuid_converter in /home/kaiyaok2/PythonProjects/falcon/tests/test_uri_templates.py: 330.13504552841187
test_adding_suffix_routes in /home/kaiyaok2/PythonProjects/falcon/tests/test_uri_templates.py: 330.9315617084503
test_float_converter in /home/kaiyaok2/PythonProjects/falcon/tests/test_uri_templates.py: 338.675363779068
test_multiple in /home/kaiyaok2/PythonProjects/falcon/tests/test_uri_templates.py: 338.92340993881226
test_float_converter in /home/kaiyaok2/PythonProjects/falcon/tests/test_uri_templates.py: 339.4389772415161
test_single in /home/kaiyaok2/PythonProjects/falcon/tests/test_uri_templates.py: 340.5340633392334
test_float_converter_non_finite_allowed in /home/kaiyaok2/PythonProjects/falcon/tests/test_uri_templates.py: 341.37414360046387
test_int_converter_rejections in /home/kaiyaok2/PythonProjects/falcon/tests/test_uri_templates.py: 342.31647276878357
test_single_path_segment in /home/kaiyaok2/PythonProjects/falcon/tests/test_uri_templates.py: 343.01848888397217
test_float_converter in /home/kaiyaok2/PythonProjects/falcon/tests/test_uri_templates.py: 343.7590329647064
test_with_and_without_trailing_slash in /home/kaiyaok2/PythonProjects/falcon/tests/test_uri_templates.py: 345.82592248916626
test_uuid_converter in /home/kaiyaok2/PythonProjects/falcon/tests/test_uri_templates.py: 352.0992851257324
test_datetime_converter in /home/kaiyaok2/PythonProjects/falcon/tests/test_uri_templates.py: 352.8685522079468
test_single in /home/kaiyaok2/PythonProjects/falcon/tests/test_uri_templates.py: 354.1185212135315
test_single_trailing_slash in /home/kaiyaok2/PythonProjects/falcon/tests/test_uri_templates.py: 355.6507499217987
test_float_converter_non_finite_disallowed in /home/kaiyaok2/PythonProjects/falcon/tests/test_uri_templates.py: 355.906765460968
test_int_converter in /home/kaiyaok2/PythonProjects/falcon/tests/test_uri_templates.py: 356.27541041374207
test_same_level_complex_var in /home/kaiyaok2/PythonProjects/falcon/tests/test_uri_templates.py: 357.06079745292664
test_float_converter in /home/kaiyaok2/PythonProjects/falcon/tests/test_uri_templates.py: 357.76110005378723
test_float_converter in /home/kaiyaok2/PythonProjects/falcon/tests/test_uri_templates.py: 358.4264814853668
test_uuid_converter in /home/kaiyaok2/PythonProjects/falcon/tests/test_uri_templates.py: 365.38833832740784
test_special_chars in /home/kaiyaok2/PythonProjects/falcon/tests/test_uri_templates.py: 366.16461730003357
test_uuid_converter in /home/kaiyaok2/PythonProjects/falcon/tests/test_uri_templates.py: 366.9304473400116
test_datetime_converter in /home/kaiyaok2/PythonProjects/falcon/tests/test_uri_templates.py: 367.7954595088959
test_no_vars in /home/kaiyaok2/PythonProjects/falcon/tests/test_uri_templates.py: 368.56432461738586
test_int_converter_rejections in /home/kaiyaok2/PythonProjects/falcon/tests/test_uri_templates.py: 369.2008605003357
test_uuid_converter in /home/kaiyaok2/PythonProjects/falcon/tests/test_uri_templates.py: 369.85174894332886
test_int_converter in /home/kaiyaok2/PythonProjects/falcon/tests/test_uri_templates.py: 372.07602167129517
test_float_converter_non_finite_allowed in /home/kaiyaok2/PythonProjects/falcon/tests/test_uri_templates.py: 372.4641389846802
test_float_converter in /home/kaiyaok2/PythonProjects/falcon/tests/test_uri_templates.py: 380.88822984695435
test_datetime_converter in /home/kaiyaok2/PythonProjects/falcon/tests/test_uri_templates.py: 381.2130711078644
test_int_converter_rejections in /home/kaiyaok2/PythonProjects/falcon/tests/test_uri_templates.py: 381.44623851776123
test_uuid_converter_complex_segment in /home/kaiyaok2/PythonProjects/falcon/tests/test_uri_templates.py: 382.6293737888336
test_with_and_without_trailing_slash in /home/kaiyaok2/PythonProjects/falcon/tests/test_uri_templates.py: 383.50420117378235
test_float_converter in /home/kaiyaok2/PythonProjects/falcon/tests/test_uri_templates.py: 384.51729106903076
test_datetime_converter in /home/kaiyaok2/PythonProjects/falcon/tests/test_uri_templates.py: 385.554723739624
test_imported_from_c_modules in /home/kaiyaok2/PythonProjects/falcon/tests/test_cython.py: 397.3986442089081
test_stream_has_private_read in /home/kaiyaok2/PythonProjects/falcon/tests/test_cython.py: 397.4435477256775
test_simulate_remote_addr in /home/kaiyaok2/PythonProjects/falcon/tests/test_utils.py: 423.30638122558594
test_simulate_remote_addr in /home/kaiyaok2/PythonProjects/falcon/tests/test_utils.py: 424.532586812973
test_status in /home/kaiyaok2/PythonProjects/falcon/tests/test_utils.py: 425.92707443237305
test_query_string in /home/kaiyaok2/PythonProjects/falcon/tests/test_utils.py: 429.36025285720825
test_default_headers in /home/kaiyaok2/PythonProjects/falcon/tests/test_utils.py: 430.2694811820984
test_default_headers_with_override in /home/kaiyaok2/PythonProjects/falcon/tests/test_utils.py: 431.47851037979126
test_query_string_no_question in /home/kaiyaok2/PythonProjects/falcon/tests/test_utils.py: 442.41905784606934
test_path_must_start_with_slash in /home/kaiyaok2/PythonProjects/falcon/tests/test_utils.py: 443.5659260749817
test_cached_text_in_result in /home/kaiyaok2/PythonProjects/falcon/tests/test_utils.py: 444.7069272994995
test_override_method_with_extras in /home/kaiyaok2/PythonProjects/falcon/tests/test_utils.py: 446.51230669021606
test_query_string_in_path in /home/kaiyaok2/PythonProjects/falcon/tests/test_utils.py: 448.34092354774475
test_simulate_hostname in /home/kaiyaok2/PythonProjects/falcon/tests/test_utils.py: 459.7554204463959
test_simulate_remote_addr in /home/kaiyaok2/PythonProjects/falcon/tests/test_utils.py: 461.53614473342896
test_simulate_remote_addr in /home/kaiyaok2/PythonProjects/falcon/tests/test_utils.py: 464.24648094177246
test_enabled_cors_should_accept_all_origins_requests in /home/kaiyaok2/PythonProjects/falcon/tests/test_cors_middleware.py: 499.887597322464
test_disabled_cors_should_not_add_any_extra_headers in /home/kaiyaok2/PythonProjects/falcon/tests/test_cors_middleware.py: 500.3552894592285
test_enabled_cors_handles_preflighting in /home/kaiyaok2/PythonProjects/falcon/tests/test_cors_middleware.py: 500.8140914440155
test_enabled_cors_handles_preflighting_no_headers_in_req in /home/kaiyaok2/PythonProjects/falcon/tests/test_cors_middleware.py: 502.0175004005432
test_enabled_cors_no_origin in /home/kaiyaok2/PythonProjects/falcon/tests/test_cors_middleware.py: 503.20430731773376
test_enabled_cors_should_add_extra_headers_on_response in /home/kaiyaok2/PythonProjects/falcon/tests/test_cors_middleware.py: 512.6523962020874
test_expose_headers in /home/kaiyaok2/PythonProjects/falcon/tests/test_cors_middleware.py: 513.520280122757
test_allow_credential_list_or_str in /home/kaiyaok2/PythonProjects/falcon/tests/test_cors_middleware.py: 514.504828453064
test_allow_credential_existing_origin in /home/kaiyaok2/PythonProjects/falcon/tests/test_cors_middleware.py: 515.7076032161713
test_expose_headers in /home/kaiyaok2/PythonProjects/falcon/tests/test_cors_middleware.py: 516.4601707458496
test_expose_headers in /home/kaiyaok2/PythonProjects/falcon/tests/test_cors_middleware.py: 517.1748366355896
test_allow_origin_allow_credential in /home/kaiyaok2/PythonProjects/falcon/tests/test_cors_middleware.py: 517.9172484874725
test_allow_credential_wildcard in /home/kaiyaok2/PythonProjects/falcon/tests/test_cors_middleware.py: 520.900384426117
test_allow_credential_list_or_str in /home/kaiyaok2/PythonProjects/falcon/tests/test_cors_middleware.py: 521.449547290802
test_allow_origin in /home/kaiyaok2/PythonProjects/falcon/tests/test_cors_middleware.py: 521.9322595596313
test_allow_origin in /home/kaiyaok2/PythonProjects/falcon/tests/test_cors_middleware.py: 522.5356879234314
test_allow_origin in /home/kaiyaok2/PythonProjects/falcon/tests/test_cors_middleware.py: 532.4155485630035
test_response_header_helpers_on_get in /home/kaiyaok2/PythonProjects/falcon/tests/test_headers.py: 537.3353581428528
test_content_type_no_body in /home/kaiyaok2/PythonProjects/falcon/tests/test_headers.py: 539.8886561393738
test_append_link_with_anchor in /home/kaiyaok2/PythonProjects/falcon/tests/test_headers.py: 541.1440415382385
test_append_link_complex in /home/kaiyaok2/PythonProjects/falcon/tests/test_headers.py: 541.5532007217407
test_append_link_with_title in /home/kaiyaok2/PythonProjects/falcon/tests/test_headers.py: 541.8993685245514
test_vary_header in /home/kaiyaok2/PythonProjects/falcon/tests/test_headers.py: 542.6886224746704
test_append_link_with_title_star in /home/kaiyaok2/PythonProjects/falcon/tests/test_headers.py: 554.4387228488922
test_unicode_headers_contain_non_ascii in /home/kaiyaok2/PythonProjects/falcon/tests/test_headers.py: 556.1632161140442
test_unicode_headers_contain_non_ascii in /home/kaiyaok2/PythonProjects/falcon/tests/test_headers.py: 558.283659696579
test_no_content_type in /home/kaiyaok2/PythonProjects/falcon/tests/test_headers.py: 559.4191579818726
test_append_link_with_hreflang in /home/kaiyaok2/PythonProjects/falcon/tests/test_headers.py: 560.014484167099
test_append_link_with_link_extension in /home/kaiyaok2/PythonProjects/falcon/tests/test_headers.py: 560.6159784793854
test_response_set_and_get_header in /home/kaiyaok2/PythonProjects/falcon/tests/test_headers.py: 561.5292348861694
test_declared_content_length_on_head in /home/kaiyaok2/PythonProjects/falcon/tests/test_headers.py: 562.4273796081543
test_append_link_crossorigin in /home/kaiyaok2/PythonProjects/falcon/tests/test_headers.py: 570.6244070529938
test_append_link_crossorigin in /home/kaiyaok2/PythonProjects/falcon/tests/test_headers.py: 571.6096215248108
test_content_disposition_attachment_header in /home/kaiyaok2/PythonProjects/falcon/tests/test_headers.py: 572.5479431152344
test_append_link_with_type_hint in /home/kaiyaok2/PythonProjects/falcon/tests/test_headers.py: 573.8326148986816
test_content_disposition_inline_header in /home/kaiyaok2/PythonProjects/falcon/tests/test_headers.py: 574.972089767456
test_headers_as_list in /home/kaiyaok2/PythonProjects/falcon/tests/test_headers.py: 575.6986694335938
test_append_link_crossorigin in /home/kaiyaok2/PythonProjects/falcon/tests/test_headers.py: 576.7783722877502
test_expires_header in /home/kaiyaok2/PythonProjects/falcon/tests/test_headers.py: 585.7984755039215
test_unset_header in /home/kaiyaok2/PythonProjects/falcon/tests/test_headers.py: 586.8537404537201
test_headers_with_custom_class_not_callable in /home/kaiyaok2/PythonProjects/falcon/tests/test_headers.py: 589.8710441589355
test_unicode_headers_contain_non_ascii in /home/kaiyaok2/PythonProjects/falcon/tests/test_headers.py: 591.2600076198578
test_request_multiple_header in /home/kaiyaok2/PythonProjects/falcon/tests/test_headers.py: 593.8768756389618
test_override_default_media_type_missing_encoding in /home/kaiyaok2/PythonProjects/falcon/tests/test_headers.py: 596.3740131855011
test_default_value in /home/kaiyaok2/PythonProjects/falcon/tests/test_headers.py: 596.9096386432648
test_request_latin1_headers in /home/kaiyaok2/PythonProjects/falcon/tests/test_headers.py: 603.5558948516846
test_no_content_length in /home/kaiyaok2/PythonProjects/falcon/tests/test_headers.py: 605.6999249458313
test_append_link_crossorigin in /home/kaiyaok2/PythonProjects/falcon/tests/test_headers.py: 606.8008615970612
test_unicode_headers_contain_non_ascii in /home/kaiyaok2/PythonProjects/falcon/tests/test_headers.py: 607.2376334667206
test_append_link_single in /home/kaiyaok2/PythonProjects/falcon/tests/test_headers.py: 608.373165845871
test_vary_star in /home/kaiyaok2/PythonProjects/falcon/tests/test_headers.py: 609.693841457367
test_override_default_media_type in /home/kaiyaok2/PythonProjects/falcon/tests/test_headers.py: 610.6140263080597
test_set_headers_with_custom_class in /home/kaiyaok2/PythonProjects/falcon/tests/test_headers.py: 617.8203530311584
test_required_header in /home/kaiyaok2/PythonProjects/falcon/tests/test_headers.py: 618.7918558120728
test_declared_content_length_overridden_by_no_body in /home/kaiyaok2/PythonProjects/falcon/tests/test_headers.py: 619.6872522830963
test_unset_header in /home/kaiyaok2/PythonProjects/falcon/tests/test_headers.py: 620.5932712554932
test_content_length in /home/kaiyaok2/PythonProjects/falcon/tests/test_headers.py: 621.5532598495483
test_content_disposition_attachment_header in /home/kaiyaok2/PythonProjects/falcon/tests/test_headers.py: 622.2557451725006
test_content_disposition_attachment_header in /home/kaiyaok2/PythonProjects/falcon/tests/test_headers.py: 624.6615788936615
test_content_disposition_inline_header in /home/kaiyaok2/PythonProjects/falcon/tests/test_headers.py: 625.4220020771027
test_default_media_type in /home/kaiyaok2/PythonProjects/falcon/tests/test_headers.py: 633.253368139267
test_custom_content_type in /home/kaiyaok2/PythonProjects/falcon/tests/test_headers.py: 635.2310583591461
test_declared_content_length_overriden_by_data_length in /home/kaiyaok2/PythonProjects/falcon/tests/test_headers.py: 635.6378118991852
test_append_link_crossorigin in /home/kaiyaok2/PythonProjects/falcon/tests/test_headers.py: 636.8996603488922
test_declared_content_length_overriden_by_body_length in /home/kaiyaok2/PythonProjects/falcon/tests/test_headers.py: 637.9187033176422
test_unicode_headers_contain_only_ascii in /home/kaiyaok2/PythonProjects/falcon/tests/test_headers.py: 638.8613412380219
test_content_disposition_inline_header in /home/kaiyaok2/PythonProjects/falcon/tests/test_headers.py: 639.8837320804596
test_response_append_header in /home/kaiyaok2/PythonProjects/falcon/tests/test_headers.py: 648.2351560592651
test_append_link_with_hreflang_multi in /home/kaiyaok2/PythonProjects/falcon/tests/test_headers.py: 649.515355348587
test_passthrough_request_headers in /home/kaiyaok2/PythonProjects/falcon/tests/test_headers.py: 651.7077264785767
test_unicode_location_headers in /home/kaiyaok2/PythonProjects/falcon/tests/test_headers.py: 652.9910242557526
test_content_disposition_attachment_header in /home/kaiyaok2/PythonProjects/falcon/tests/test_headers.py: 653.247837305069
test_vary_header in /home/kaiyaok2/PythonProjects/falcon/tests/test_headers.py: 654.1029517650604
test_content_disposition_attachment_header in /home/kaiyaok2/PythonProjects/falcon/tests/test_headers.py: 655.0647032260895
test_get_header_as_int in /home/kaiyaok2/PythonProjects/falcon/tests/test_headers.py: 663.6729140281677
test_no_content_type in /home/kaiyaok2/PythonProjects/falcon/tests/test_headers.py: 664.5810964107513
test_middleware in /home/kaiyaok2/PythonProjects/falcon/tests/test_inspect.py: 707.9744968414307
test_routes_only in /home/kaiyaok2/PythonProjects/falcon/tests/test_cmd_inspect_app.py: 715.5541784763336
test_inspect in /home/kaiyaok2/PythonProjects/falcon/tests/test_cmd_inspect_app.py: 715.8978598117828
test_routes_only in /home/kaiyaok2/PythonProjects/falcon/tests/test_cmd_inspect_app.py: 716.2952103614807
test_inspect in /home/kaiyaok2/PythonProjects/falcon/tests/test_cmd_inspect_app.py: 716.6746609210968
test_routes_only in /home/kaiyaok2/PythonProjects/falcon/tests/test_cmd_inspect_app.py: 717.0565235614777
test_inspect in /home/kaiyaok2/PythonProjects/falcon/tests/test_cmd_inspect_app.py: 717.7471396923065
test_routes_only in /home/kaiyaok2/PythonProjects/falcon/tests/test_cmd_inspect_app.py: 718.4270012378693
test_load_app_error in /home/kaiyaok2/PythonProjects/falcon/tests/test_cmd_inspect_app.py: 718.9767253398895
test_load_app_error in /home/kaiyaok2/PythonProjects/falcon/tests/test_cmd_inspect_app.py: 719.600700378418
test_load_app in /home/kaiyaok2/PythonProjects/falcon/tests/test_cmd_inspect_app.py: 720.2157304286957
test_load_app_error in /home/kaiyaok2/PythonProjects/falcon/tests/test_cmd_inspect_app.py: 720.7903079986572
test_load_app in /home/kaiyaok2/PythonProjects/falcon/tests/test_cmd_inspect_app.py: 733.4076282978058
test_disconnecting_client_early in /home/kaiyaok2/PythonProjects/falcon/tests/asgi/test_asgi_servers.py: 902.1142201423645
test_passing_path_params in /home/kaiyaok2/PythonProjects/falcon/tests/asgi/test_asgi_servers.py: 913.4456744194031
test_select_subprotocol_unknown in /home/kaiyaok2/PythonProjects/falcon/tests/asgi/test_asgi_servers.py: 924.6855895519257
test_send_before_accept in /home/kaiyaok2/PythonProjects/falcon/tests/asgi/test_asgi_servers.py: 940.4576096534729
test_hello in /home/kaiyaok2/PythonProjects/falcon/tests/asgi/test_asgi_servers.py: 946.9659116268158
test_hello in /home/kaiyaok2/PythonProjects/falcon/tests/asgi/test_asgi_servers.py: 958.0506775379181
test_select_subprotocol_known in /home/kaiyaok2/PythonProjects/falcon/tests/asgi/test_asgi_servers.py: 973.759213924408
test_close_code_on_unhandled_error in /home/kaiyaok2/PythonProjects/falcon/tests/asgi/test_asgi_servers.py: 989.1937158107758
test_select_subprotocol_known in /home/kaiyaok2/PythonProjects/falcon/tests/asgi/test_asgi_servers.py: 1004.7417974472046
test_rejected in /home/kaiyaok2/PythonProjects/falcon/tests/asgi/test_asgi_servers.py: 1009.9983036518097
test_rejected in /home/kaiyaok2/PythonProjects/falcon/tests/asgi/test_asgi_servers.py: 1020.6154549121857
test_type_mismatch in /home/kaiyaok2/PythonProjects/falcon/tests/asgi/test_asgi_servers.py: 1026.281099319458
test_type_mismatch in /home/kaiyaok2/PythonProjects/falcon/tests/asgi/test_asgi_servers.py: 1031.6989014148712
test_hello in /home/kaiyaok2/PythonProjects/falcon/tests/asgi/test_asgi_servers.py: 1049.7552654743195
test_invalid_close_code in /home/kaiyaok2/PythonProjects/falcon/tests/asgi/test_asgi_servers.py: 1061.420393705368
test_rejected in /home/kaiyaok2/PythonProjects/falcon/tests/asgi/test_asgi_servers.py: 1077.4192864894867
test_recv_before_accept in /home/kaiyaok2/PythonProjects/falcon/tests/asgi/test_asgi_servers.py: 1082.9037172794342
test_hello in /home/kaiyaok2/PythonProjects/falcon/tests/asgi/test_asgi_servers.py: 1098.5161616802216
test_close_code_on_unhandled_http_error in /home/kaiyaok2/PythonProjects/falcon/tests/asgi/test_asgi_servers.py: 1113.9995322227478
test_missing_responder in /home/kaiyaok2/PythonProjects/falcon/tests/asgi/test_asgi_servers.py: 1129.5024650096893
test_type_mismatch in /home/kaiyaok2/PythonProjects/falcon/tests/asgi/test_asgi_servers.py: 1144.736780166626
test_type_mismatch in /home/kaiyaok2/PythonProjects/falcon/tests/asgi/test_asgi_servers.py: 1160.1061344146729
test_rejected in /home/kaiyaok2/PythonProjects/falcon/tests/asgi/test_asgi_servers.py: 1175.6846628189087
test_head_405 in /home/kaiyaok2/PythonProjects/falcon/tests/asgi/test_asgi_servers.py: 1191.198835849762
test_post_read_bounded_stream in /home/kaiyaok2/PythonProjects/falcon/tests/asgi/test_asgi_servers.py: 1206.813000202179
test_get in /home/kaiyaok2/PythonProjects/falcon/tests/asgi/test_asgi_servers.py: 1222.3609173297882
test_post_multiple in /home/kaiyaok2/PythonProjects/falcon/tests/asgi/test_asgi_servers.py: 1237.7618725299835
test_post_multipart_form in /home/kaiyaok2/PythonProjects/falcon/tests/asgi/test_asgi_servers.py: 1253.2316181659698
test_sse in /home/kaiyaok2/PythonProjects/falcon/tests/asgi/test_asgi_servers.py: 1268.554702758789
test_put in /home/kaiyaok2/PythonProjects/falcon/tests/asgi/test_asgi_servers.py: 1284.2896571159363
test_stream_chunked_request in /home/kaiyaok2/PythonProjects/falcon/tests/asgi/test_asgi_servers.py: 1299.815232038498
test_post_invalid_content_length in /home/kaiyaok2/PythonProjects/falcon/tests/asgi/test_asgi_servers.py: 1315.214521408081
test_sse_client_disconnects_early in /home/kaiyaok2/PythonProjects/falcon/tests/asgi/test_asgi_servers.py: 1330.894445180893
test_post_read_bounded_stream_no_body in /home/kaiyaok2/PythonProjects/falcon/tests/asgi/test_asgi_servers.py: 1346.3104395866394
test_post_read_bounded_stream_large in /home/kaiyaok2/PythonProjects/falcon/tests/asgi/test_asgi_servers.py: 1362.0289015769958
test_cookie_timezone in /home/kaiyaok2/PythonProjects/falcon/tests/test_cookies.py: 1370.9592134952545
test_none_same_site_value in /home/kaiyaok2/PythonProjects/falcon/tests/test_cookies.py: 1371.9679725170135
test_cookie_expires_aware in /home/kaiyaok2/PythonProjects/falcon/tests/test_cookies.py: 1372.5762422084808
test_unset_cookies in /home/kaiyaok2/PythonProjects/falcon/tests/test_cookies.py: 1373.1378173828125
test_cookie_max_age_float_and_string in /home/kaiyaok2/PythonProjects/falcon/tests/test_cookies.py: 1373.6031856536865
test_same_site_empty_string in /home/kaiyaok2/PythonProjects/falcon/tests/test_cookies.py: 1379.87149310112
test_response_unset_cookie in /home/kaiyaok2/PythonProjects/falcon/tests/test_cookies.py: 1380.8156933784485
test_cookie_expires_naive in /home/kaiyaok2/PythonProjects/falcon/tests/test_cookies.py: 1381.9679131507874
test_response_base_case in /home/kaiyaok2/PythonProjects/falcon/tests/test_cookies.py: 1382.6035442352295
test_cookies_setable in /home/kaiyaok2/PythonProjects/falcon/tests/test_cookies.py: 1382.9223608970642
test_strict_same_site_value in /home/kaiyaok2/PythonProjects/falcon/tests/test_cookies.py: 1383.097406387329
test_methods_not_allowed_simple in /home/kaiyaok2/PythonProjects/falcon/tests/test_http_method_routing.py: 1383.4235014915466
test_get_dict_valid in /home/kaiyaok2/PythonProjects/falcon/tests/test_query_params.py: 1383.6615748405457
test_simple in /home/kaiyaok2/PythonProjects/falcon/tests/test_query_params.py: 1383.8580558300018
test_list_transformer in /home/kaiyaok2/PythonProjects/falcon/tests/test_query_params.py: 1387.1902782917023
test_get_date_valid in /home/kaiyaok2/PythonProjects/falcon/tests/test_query_params.py: 1387.5298960208893
test_get_datetime_missing_param in /home/kaiyaok2/PythonProjects/falcon/tests/test_query_params.py: 1387.8776807785034
test_get_dict_invalid in /home/kaiyaok2/PythonProjects/falcon/tests/test_query_params.py: 1388.2759075164795
test_option_auto_parse_qs_csv_multiple_fields_false in /home/kaiyaok2/PythonProjects/falcon/tests/test_query_params.py: 1388.6275207996368
test_get_datetime_valid_with_format in /home/kaiyaok2/PythonProjects/falcon/tests/test_query_params.py: 1388.9379360675812
test_option_auto_parse_qs_csv_simple_true in /home/kaiyaok2/PythonProjects/falcon/tests/test_query_params.py: 1389.2472794055939
test_get_date_valid_with_format in /home/kaiyaok2/PythonProjects/falcon/tests/test_query_params.py: 1393.213700056076
test_option_auto_parse_qs_csv_multiple_fields_true in /home/kaiyaok2/PythonProjects/falcon/tests/test_query_params.py: 1393.867421388626
test_option_auto_parse_qs_csv_multiple_fields_true in /home/kaiyaok2/PythonProjects/falcon/tests/test_query_params.py: 1394.4565136432648
test_float_neg in /home/kaiyaok2/PythonProjects/falcon/tests/test_query_params.py: 1395.1199536323547
test_required in /home/kaiyaok2/PythonProjects/falcon/tests/test_query_params.py: 1395.5679910182953
test_get_param_as_json_no_handler_json in /home/kaiyaok2/PythonProjects/falcon/tests/test_query_params.py: 1396.1484801769257
test_get_date_missing_param in /home/kaiyaok2/PythonProjects/falcon/tests/test_query_params.py: 1400.2322688102722
test_int_neg in /home/kaiyaok2/PythonProjects/falcon/tests/test_query_params.py: 1400.5622582435608
test_get_date_valid in /home/kaiyaok2/PythonProjects/falcon/tests/test_query_params.py: 1400.9539308547974
test_bad_percentage in /home/kaiyaok2/PythonProjects/falcon/tests/test_query_params.py: 1401.3889207839966
test_get_datetime_store in /home/kaiyaok2/PythonProjects/falcon/tests/test_query_params.py: 1401.774055480957
test_int in /home/kaiyaok2/PythonProjects/falcon/tests/test_query_params.py: 1402.1906435489655
test_required in /home/kaiyaok2/PythonProjects/falcon/tests/test_query_params.py: 1402.693077802658
test_option_auto_parse_qs_csv_multiple_fields_true in /home/kaiyaok2/PythonProjects/falcon/tests/test_query_params.py: 1403.180900812149
test_has_param in /home/kaiyaok2/PythonProjects/falcon/tests/test_query_params.py: 1406.4621679782867
test_list_type in /home/kaiyaok2/PythonProjects/falcon/tests/test_query_params.py: 1406.6921346187592
test_multiple_keys_as_float in /home/kaiyaok2/PythonProjects/falcon/tests/test_query_params.py: 1407.0508902072906
test_float_neg in /home/kaiyaok2/PythonProjects/falcon/tests/test_query_params.py: 1407.4221994876862
test_option_auto_parse_qs_csv_multiple_fields_true in /home/kaiyaok2/PythonProjects/falcon/tests/test_query_params.py: 1407.6380596160889
test_required in /home/kaiyaok2/PythonProjects/falcon/tests/test_query_params.py: 1407.8545587062836
test_option_auto_parse_qs_csv_complex_false in /home/kaiyaok2/PythonProjects/falcon/tests/test_query_params.py: 1411.2827105522156
test_allowed_names in /home/kaiyaok2/PythonProjects/falcon/tests/test_query_params.py: 1411.5481238365173
test_option_auto_parse_qs_csv_multiple_fields_true in /home/kaiyaok2/PythonProjects/falcon/tests/test_query_params.py: 1411.8899562358856
test_default_auto_parse_csv_behaviour in /home/kaiyaok2/PythonProjects/falcon/tests/test_query_params.py: 1412.249039888382
test_required in /home/kaiyaok2/PythonProjects/falcon/tests/test_query_params.py: 1412.6147201061249
test_list_type_blank in /home/kaiyaok2/PythonProjects/falcon/tests/test_query_params.py: 1413.0727632045746
test_param_property in /home/kaiyaok2/PythonProjects/falcon/tests/test_query_params.py: 1413.4900786876678
test_float in /home/kaiyaok2/PythonProjects/falcon/tests/test_query_params.py: 1418.266520500183
test_get_date_invalid in /home/kaiyaok2/PythonProjects/falcon/tests/test_query_params.py: 1418.8658413887024
test_option_auto_parse_qs_csv_multiple_fields_true in /home/kaiyaok2/PythonProjects/falcon/tests/test_query_params.py: 1419.5158908367157
test_multiple_form_keys_as_list in /home/kaiyaok2/PythonProjects/falcon/tests/test_query_params.py: 1420.2921786308289
test_option_auto_parse_qs_csv_multiple_fields_true in /home/kaiyaok2/PythonProjects/falcon/tests/test_query_params.py: 1421.013483285904
test_get_dict_store in /home/kaiyaok2/PythonProjects/falcon/tests/test_query_params.py: 1421.5877060890198
test_multiple_keys_as_bool in /home/kaiyaok2/PythonProjects/falcon/tests/test_query_params.py: 1425.6310510635376
test_get_datetime_valid in /home/kaiyaok2/PythonProjects/falcon/tests/test_query_params.py: 1425.832132101059
test_simple in /home/kaiyaok2/PythonProjects/falcon/tests/test_query_params.py: 1426.0351741313934
test_multiple_form_keys in /home/kaiyaok2/PythonProjects/falcon/tests/test_query_params.py: 1426.277370929718
test_required in /home/kaiyaok2/PythonProjects/falcon/tests/test_query_params.py: 1426.5089132785797
test_multiple_keys_as_float in /home/kaiyaok2/PythonProjects/falcon/tests/test_query_params.py: 1426.6995961666107
test_int_neg in /home/kaiyaok2/PythonProjects/falcon/tests/test_query_params.py: 1426.9353759288788
test_multiple_keys_as_bool in /home/kaiyaok2/PythonProjects/falcon/tests/test_query_params.py: 1427.1661581993103
test_required in /home/kaiyaok2/PythonProjects/falcon/tests/test_query_params.py: 1430.0861027240753
test_default_auto_parse_csv_behaviour in /home/kaiyaok2/PythonProjects/falcon/tests/test_query_params.py: 1430.2707262039185
test_option_auto_parse_qs_csv_multiple_fields_true in /home/kaiyaok2/PythonProjects/falcon/tests/test_query_params.py: 1430.4476776123047
test_option_auto_parse_qs_csv_multiple_fields_true in /home/kaiyaok2/PythonProjects/falcon/tests/test_query_params.py: 1430.675565481186
test_blank in /home/kaiyaok2/PythonProjects/falcon/tests/test_query_params.py: 1430.961267232895
test_boolean in /home/kaiyaok2/PythonProjects/falcon/tests/test_query_params.py: 1431.4306638240814
test_multiple_keys_as_int in /home/kaiyaok2/PythonProjects/falcon/tests/test_query_params.py: 1431.802312374115
test_option_auto_parse_qs_csv_multiple_fields_false in /home/kaiyaok2/PythonProjects/falcon/tests/test_query_params.py: 1436.3354761600494
test_multiple_form_keys_as_list in /home/kaiyaok2/PythonProjects/falcon/tests/test_query_params.py: 1437.0181255340576
test_get_datetime_valid_with_format in /home/kaiyaok2/PythonProjects/falcon/tests/test_query_params.py: 1437.778722524643
test_get_datetime_missing_param in /home/kaiyaok2/PythonProjects/falcon/tests/test_query_params.py: 1438.1488173007965
test_option_auto_parse_qs_csv_complex_false in /home/kaiyaok2/PythonProjects/falcon/tests/test_query_params.py: 1438.7313191890717
test_none in /home/kaiyaok2/PythonProjects/falcon/tests/test_query_params.py: 1439.2251288890839
test_default in /home/kaiyaok2/PythonProjects/falcon/tests/test_query_params.py: 1443.4042274951935
test_bad_percentage in /home/kaiyaok2/PythonProjects/falcon/tests/test_query_params.py: 1443.6355476379395
test_int in /home/kaiyaok2/PythonProjects/falcon/tests/test_query_params.py: 1443.8756713867188
test_option_auto_parse_qs_csv_multiple_fields_true in /home/kaiyaok2/PythonProjects/falcon/tests/test_query_params.py: 1444.14590382576
test_option_auto_parse_qs_csv_simple_false in /home/kaiyaok2/PythonProjects/falcon/tests/test_query_params.py: 1444.4063370227814
test_boolean in /home/kaiyaok2/PythonProjects/falcon/tests/test_query_params.py: 1444.6913573741913
test_required in /home/kaiyaok2/PythonProjects/falcon/tests/test_query_params.py: 1444.956289768219
test_get_dict_missing_param in /home/kaiyaok2/PythonProjects/falcon/tests/test_query_params.py: 1450.159912109375
test_required in /home/kaiyaok2/PythonProjects/falcon/tests/test_query_params.py: 1451.0509250164032
test_get_date_missing_param in /home/kaiyaok2/PythonProjects/falcon/tests/test_query_params.py: 1451.8909826278687
test_required in /home/kaiyaok2/PythonProjects/falcon/tests/test_query_params.py: 1453.076764345169
test_get_date_invalid in /home/kaiyaok2/PythonProjects/falcon/tests/test_query_params.py: 1454.1380231380463
test_list_type in /home/kaiyaok2/PythonProjects/falcon/tests/test_query_params.py: 1455.221382856369
test_get_date_store in /home/kaiyaok2/PythonProjects/falcon/tests/test_query_params.py: 1463.1206986904144
test_get_date_store in /home/kaiyaok2/PythonProjects/falcon/tests/test_query_params.py: 1464.1348445415497
test_get_datetime_valid in /home/kaiyaok2/PythonProjects/falcon/tests/test_query_params.py: 1464.8653454780579
test_get_date_valid_with_format in /home/kaiyaok2/PythonProjects/falcon/tests/test_query_params.py: 1465.559320449829
test_required in /home/kaiyaok2/PythonProjects/falcon/tests/test_query_params.py: 1466.42991065979
test_blank in /home/kaiyaok2/PythonProjects/falcon/tests/test_query_params.py: 1467.4320096969604
test_multiple_keys_as_int in /home/kaiyaok2/PythonProjects/falcon/tests/test_query_params.py: 1472.2955334186554
test_get_param_as_json_handler_json in /home/kaiyaok2/PythonProjects/falcon/tests/test_query_params.py: 1472.9558193683624
test_get_dict_store in /home/kaiyaok2/PythonProjects/falcon/tests/test_query_params.py: 1473.9611225128174
test_option_auto_parse_qs_csv_multiple_fields_true in /home/kaiyaok2/PythonProjects/falcon/tests/test_query_params.py: 1474.738165140152
test_option_auto_parse_qs_csv_multiple_fields_true in /home/kaiyaok2/PythonProjects/falcon/tests/test_query_params.py: 1475.298180103302
test_option_auto_parse_qs_csv_multiple_fields_true in /home/kaiyaok2/PythonProjects/falcon/tests/test_query_params.py: 1475.8648619651794
test_list_type_blank in /home/kaiyaok2/PythonProjects/falcon/tests/test_query_params.py: 1481.8403413295746
test_uuid in /home/kaiyaok2/PythonProjects/falcon/tests/test_query_params.py: 1482.455551624298
test_option_auto_parse_qs_csv_multiple_fields_true in /home/kaiyaok2/PythonProjects/falcon/tests/test_query_params.py: 1482.9065787792206
test_uuid in /home/kaiyaok2/PythonProjects/falcon/tests/test_query_params.py: 1483.571227312088
test_default in /home/kaiyaok2/PythonProjects/falcon/tests/test_query_params.py: 1484.0835485458374
test_option_auto_parse_qs_csv_simple_true in /home/kaiyaok2/PythonProjects/falcon/tests/test_query_params.py: 1484.7885177135468
test_option_auto_parse_qs_csv_multiple_fields_true in /home/kaiyaok2/PythonProjects/falcon/tests/test_query_params.py: 1485.4420759677887
test_get_datetime_invalid in /home/kaiyaok2/PythonProjects/falcon/tests/test_query_params.py: 1486.3442170619965
test_get_datetime_invalid in /home/kaiyaok2/PythonProjects/falcon/tests/test_query_params.py: 1492.5375034809113
test_allowed_names in /home/kaiyaok2/PythonProjects/falcon/tests/test_query_params.py: 1493.335807800293
test_required in /home/kaiyaok2/PythonProjects/falcon/tests/test_query_params.py: 1494.3672075271606
test_boolean_blank in /home/kaiyaok2/PythonProjects/falcon/tests/test_query_params.py: 1495.0553476810455
test_param_property in /home/kaiyaok2/PythonProjects/falcon/tests/test_query_params.py: 1495.866349697113
test_option_auto_parse_qs_csv_multiple_fields_true in /home/kaiyaok2/PythonProjects/falcon/tests/test_query_params.py: 1496.552005290985
test_get_dict_valid in /home/kaiyaok2/PythonProjects/falcon/tests/test_query_params.py: 1503.069105386734
test_option_auto_parse_qs_csv_multiple_fields_true in /home/kaiyaok2/PythonProjects/falcon/tests/test_query_params.py: 1503.7171659469604
test_percent_encoded in /home/kaiyaok2/PythonProjects/falcon/tests/test_query_params.py: 1504.3405487537384
test_percent_encoded in /home/kaiyaok2/PythonProjects/falcon/tests/test_query_params.py: 1504.8608021736145
test_option_auto_parse_qs_csv_simple_false in /home/kaiyaok2/PythonProjects/falcon/tests/test_query_params.py: 1505.250702381134
test_get_datetime_store in /home/kaiyaok2/PythonProjects/falcon/tests/test_query_params.py: 1505.6427335739136
test_float in /home/kaiyaok2/PythonProjects/falcon/tests/test_query_params.py: 1515.6675493717194
test_get_dict_missing_param in /home/kaiyaok2/PythonProjects/falcon/tests/test_query_params.py: 1516.774004459381
test_option_auto_parse_qs_csv_multiple_fields_true in /home/kaiyaok2/PythonProjects/falcon/tests/test_query_params.py: 1517.791776895523
test_list_transformer in /home/kaiyaok2/PythonProjects/falcon/tests/test_query_params.py: 1518.6351387500763
test_multiple_form_keys in /home/kaiyaok2/PythonProjects/falcon/tests/test_query_params.py: 1519.3083367347717
test_boolean_blank in /home/kaiyaok2/PythonProjects/falcon/tests/test_query_params.py: 1520.0607469081879
test_required in /home/kaiyaok2/PythonProjects/falcon/tests/test_query_params.py: 1520.8495044708252
test_none in /home/kaiyaok2/PythonProjects/falcon/tests/test_query_params.py: 1521.4783232212067
test_get_dict_invalid in /home/kaiyaok2/PythonProjects/falcon/tests/test_query_params.py: 1525.8248479366302
test_has_param in /home/kaiyaok2/PythonProjects/falcon/tests/test_query_params.py: 1526.5475018024445
test_http_methods_body_not_expected in /home/kaiyaok2/PythonProjects/falcon/tests/test_query_params.py: 1527.7081143856049
test_http_methods_body_expected in /home/kaiyaok2/PythonProjects/falcon/tests/test_query_params.py: 1528.8331694602966
test_http_methods_body_not_expected in /home/kaiyaok2/PythonProjects/falcon/tests/test_query_params.py: 1529.6597068309784
test_explicitly_disable_auto_parse in /home/kaiyaok2/PythonProjects/falcon/tests/test_query_params.py: 1530.3093209266663
test_http_methods_body_expected in /home/kaiyaok2/PythonProjects/falcon/tests/test_query_params.py: 1530.8514330387115
test_empty_body_no_content_length in /home/kaiyaok2/PythonProjects/falcon/tests/test_query_params.py: 1538.1990311145782
test_http_methods_body_expected in /home/kaiyaok2/PythonProjects/falcon/tests/test_query_params.py: 1539.1682977676392
test_asgi_raises_error in /home/kaiyaok2/PythonProjects/falcon/tests/test_query_params.py: 1539.968535900116
test_non_ascii in /home/kaiyaok2/PythonProjects/falcon/tests/test_query_params.py: 1540.4788269996643
test_empty_body in /home/kaiyaok2/PythonProjects/falcon/tests/test_query_params.py: 1540.9677031040192
test_http_methods_body_expected in /home/kaiyaok2/PythonProjects/falcon/tests/test_query_params.py: 1541.3907034397125
test_http_methods_body_expected in /home/kaiyaok2/PythonProjects/falcon/tests/test_query_params.py: 1541.6942563056946
test_dont_auto_parse_by_default in /home/kaiyaok2/PythonProjects/falcon/tests/test_query_params.py: 1545.4297490119934
test_data_is_set in /home/kaiyaok2/PythonProjects/falcon/tests/test_error_handlers.py: 1545.8876066207886
test_body_is_set in /home/kaiyaok2/PythonProjects/falcon/tests/test_error_handlers.py: 1546.2923011779785
test_media_is_set in /home/kaiyaok2/PythonProjects/falcon/tests/test_error_handlers.py: 1546.7937293052673
test_media_is_set in /home/kaiyaok2/PythonProjects/falcon/tests/test_error_handlers.py: 1547.325597524643
test_data_is_set in /home/kaiyaok2/PythonProjects/falcon/tests/test_error_handlers.py: 1547.9208209514618
test_body_is_set in /home/kaiyaok2/PythonProjects/falcon/tests/test_error_handlers.py: 1548.7713332176208
test_catch_http_no_route_error in /home/kaiyaok2/PythonProjects/falcon/tests/test_error_handlers.py: 1549.5361959934235
test_invalid_add_exception_handler_input in /home/kaiyaok2/PythonProjects/falcon/tests/test_error_handlers.py: 1554.4046397209167
test_handler_single_exception_iterable in /home/kaiyaok2/PythonProjects/falcon/tests/test_error_handlers.py: 1555.1129922866821
test_caught_error in /home/kaiyaok2/PythonProjects/falcon/tests/test_error_handlers.py: 1555.782016992569
test_converted_error in /home/kaiyaok2/PythonProjects/falcon/tests/test_error_handlers.py: 1556.419406414032
test_handler_multiple_exception_iterable in /home/kaiyaok2/PythonProjects/falcon/tests/test_error_handlers.py: 1557.0671033859253
test_invalid_add_exception_handler_input in /home/kaiyaok2/PythonProjects/falcon/tests/test_error_handlers.py: 1557.991391658783
test_error_precedence_subclass_order_indifference in /home/kaiyaok2/PythonProjects/falcon/tests/test_error_handlers.py: 1558.713098526001
test_invalid_add_exception_handler_input in /home/kaiyaok2/PythonProjects/falcon/tests/test_error_handlers.py: 1559.2852132320404
test_invalid_add_exception_handler_input in /home/kaiyaok2/PythonProjects/falcon/tests/test_error_handlers.py: 1560.0396447181702
test_handle_not_defined in /home/kaiyaok2/PythonProjects/falcon/tests/test_error_handlers.py: 1569.3704190254211
test_uncaught_error_else in /home/kaiyaok2/PythonProjects/falcon/tests/test_error_handlers.py: 1570.203759431839
test_uncaught_error in /home/kaiyaok2/PythonProjects/falcon/tests/test_error_handlers.py: 1571.1133127212524
test_error_precedence_duplicate in /home/kaiyaok2/PythonProjects/falcon/tests/test_error_handlers.py: 1571.8587000370026
test_static_file_byte_range in /home/kaiyaok2/PythonProjects/falcon/tests/test_wsgi_servers.py: 1605.89390707016
test_static_file in /home/kaiyaok2/PythonProjects/falcon/tests/test_wsgi_servers.py: 1636.2427725791931
test_static_file_byte_range in /home/kaiyaok2/PythonProjects/falcon/tests/test_wsgi_servers.py: 1666.619080066681
test_static_file in /home/kaiyaok2/PythonProjects/falcon/tests/test_wsgi_servers.py: 1696.7447798252106
test_post_multipart_form in /home/kaiyaok2/PythonProjects/falcon/tests/test_wsgi_servers.py: 1727.3699703216553
test_static_file_byte_range in /home/kaiyaok2/PythonProjects/falcon/tests/test_wsgi_servers.py: 1757.73557472229
test_static_file_byte_range in /home/kaiyaok2/PythonProjects/falcon/tests/test_wsgi_servers.py: 1788.0999548435211
test_get_deprecated in /home/kaiyaok2/PythonProjects/falcon/tests/test_wsgi_servers.py: 1818.7514431476593
test_static_file_byte_range in /home/kaiyaok2/PythonProjects/falcon/tests/test_wsgi_servers.py: 1849.3636264801025
test_post_multipart_form in /home/kaiyaok2/PythonProjects/falcon/tests/test_wsgi_servers.py: 1879.7700448036194
test_static_file_byte_range in /home/kaiyaok2/PythonProjects/falcon/tests/test_wsgi_servers.py: 1909.9819767475128
test_static_file_byte_range in /home/kaiyaok2/PythonProjects/falcon/tests/test_wsgi_servers.py: 1940.588062286377
test_get in /home/kaiyaok2/PythonProjects/falcon/tests/test_wsgi_servers.py: 1970.9966633319855
test_static_file_byte_range in /home/kaiyaok2/PythonProjects/falcon/tests/test_wsgi_servers.py: 2001.5113739967346
test_get_deprecated in /home/kaiyaok2/PythonProjects/falcon/tests/test_wsgi_servers.py: 2031.8800945281982
test_get in /home/kaiyaok2/PythonProjects/falcon/tests/test_wsgi_servers.py: 2062.1738793849945
test_content_length_set_on_head_with_no_body in /home/kaiyaok2/PythonProjects/falcon/tests/test_response_body.py: 2062.3081452846527
test_response_body_rendition_error in /home/kaiyaok2/PythonProjects/falcon/tests/test_response_body.py: 2062.444266796112
test_unsupported_response_content_type in /home/kaiyaok2/PythonProjects/falcon/tests/test_response_body.py: 2062.6099622249603
test_api_initialization_with_cors_enabled_and_middleware_param in /home/kaiyaok2/PythonProjects/falcon/tests/test_middleware.py: 2062.8515417575836
test_api_initialization_with_cors_enabled_and_middleware_param in /home/kaiyaok2/PythonProjects/falcon/tests/test_middleware.py: 2063.140222787857
test_api_initialization_with_cors_enabled_and_middleware_param in /home/kaiyaok2/PythonProjects/falcon/tests/test_middleware.py: 2066.169637441635
test_api_initialization_with_cors_enabled_and_middleware_param in /home/kaiyaok2/PythonProjects/falcon/tests/test_middleware.py: 2066.512349128723
test_generate_trans_id_with_request in /home/kaiyaok2/PythonProjects/falcon/tests/test_middleware.py: 2066.9139924049377
test_base_path_is_removed_before_routing in /home/kaiyaok2/PythonProjects/falcon/tests/test_middleware.py: 2067.244593858719
test_process_request_cached in /home/kaiyaok2/PythonProjects/falcon/tests/test_middleware.py: 2067.63556098938
test_process_request_not_cached in /home/kaiyaok2/PythonProjects/falcon/tests/test_middleware.py: 2067.9502408504486
test_process_request_cached in /home/kaiyaok2/PythonProjects/falcon/tests/test_middleware.py: 2068.294622898102
test_process_resource_cached in /home/kaiyaok2/PythonProjects/falcon/tests/test_middleware.py: 2068.686358690262
test_process_resource_cached in /home/kaiyaok2/PythonProjects/falcon/tests/test_middleware.py: 2069.045783519745
test_inner_mw_throw_exception_while_processing_resp in /home/kaiyaok2/PythonProjects/falcon/tests/test_middleware.py: 2069.2808039188385
test_generate_trans_id_and_time_with_request in /home/kaiyaok2/PythonProjects/falcon/tests/test_middleware.py: 2072.628748655319
test_outer_mw_with_ex_handler_throw_exception in /home/kaiyaok2/PythonProjects/falcon/tests/test_middleware.py: 2072.833261013031
test_middleware_execution_order in /home/kaiyaok2/PythonProjects/falcon/tests/test_middleware.py: 2073.1259117126465
test_order_mw_executed_when_exception_in_req in /home/kaiyaok2/PythonProjects/falcon/tests/test_middleware.py: 2073.3813920021057
test_multiple_response_mw_throw_exception in /home/kaiyaok2/PythonProjects/falcon/tests/test_middleware.py: 2073.7370071411133
test_inner_mw_throw_exception in /home/kaiyaok2/PythonProjects/falcon/tests/test_middleware.py: 2074.09579539299
test_order_mw_executed_when_exception_in_resp in /home/kaiyaok2/PythonProjects/falcon/tests/test_middleware.py: 2074.304560661316
test_inner_mw_with_ex_handler_throw_exception in /home/kaiyaok2/PythonProjects/falcon/tests/test_middleware.py: 2074.5668091773987
test_legacy_middleware_called_with_correct_args in /home/kaiyaok2/PythonProjects/falcon/tests/test_middleware.py: 2074.794400215149
test_order_independent_mw_executed_when_exception_in_rsrc in /home/kaiyaok2/PythonProjects/falcon/tests/test_middleware.py: 2075.051768541336
test_independent_middleware_execution_order in /home/kaiyaok2/PythonProjects/falcon/tests/test_middleware.py: 2075.336116552353
test_order_independent_mw_executed_when_exception_in_req in /home/kaiyaok2/PythonProjects/falcon/tests/test_middleware.py: 2078.547363758087
test_order_mw_executed_when_exception_in_rsrc in /home/kaiyaok2/PythonProjects/falcon/tests/test_middleware.py: 2078.895025253296
test_generate_trans_id_and_time_with_request in /home/kaiyaok2/PythonProjects/falcon/tests/test_middleware.py: 2079.2122564315796
test_order_independent_mw_executed_when_exception_in_resp in /home/kaiyaok2/PythonProjects/falcon/tests/test_middleware.py: 2079.8228137493134
test_dont_need_params_in_signature in /home/kaiyaok2/PythonProjects/falcon/tests/test_middleware.py: 2080.3731396198273
test_error_composed_before_resp_middleware_called in /home/kaiyaok2/PythonProjects/falcon/tests/test_middleware.py: 2080.793228626251
test_http_status_raised_from_error_handler in /home/kaiyaok2/PythonProjects/falcon/tests/test_middleware.py: 2081.09148478508
test_log_get_request in /home/kaiyaok2/PythonProjects/falcon/tests/test_middleware.py: 2081.553961277008
test_skip_process_resource in /home/kaiyaok2/PythonProjects/falcon/tests/test_middleware.py: 2081.922761440277
test_response_middleware_raises_exception in /home/kaiyaok2/PythonProjects/falcon/tests/test_middleware.py: 2082.197494506836
test_can_access_resource_params in /home/kaiyaok2/PythonProjects/falcon/tests/test_middleware.py: 2085.329716205597
test_can_access_resource_params in /home/kaiyaok2/PythonProjects/falcon/tests/test_middleware.py: 2085.5808069705963
test_content_disposition_attachment_header in /home/kaiyaok2/PythonProjects/falcon/tests/test_headers.py: 2090.12650346756
test_content_disposition_attachment_header in /home/kaiyaok2/PythonProjects/falcon/tests/test_headers.py: 2090.4551877975464
test_append_link_multiple in /home/kaiyaok2/PythonProjects/falcon/tests/test_headers.py: 2090.8402297496796
test_append_link_crossorigin in /home/kaiyaok2/PythonProjects/falcon/tests/test_headers.py: 2091.119940519333
test_override_default_media_type in /home/kaiyaok2/PythonProjects/falcon/tests/test_headers.py: 2091.6369349956512
test_no_content_length in /home/kaiyaok2/PythonProjects/falcon/tests/test_headers.py: 2095.373633146286
test_content_disposition_attachment_header in /home/kaiyaok2/PythonProjects/falcon/tests/test_headers.py: 2095.658127307892
test_default_on_options in /home/kaiyaok2/PythonProjects/falcon/tests/test_http_method_routing.py: 2098.185280561447
