test_load_app_error in /home/kaiyaok2/PythonProjects/falcon/tests/test_cmd_inspect_app.py: 22.91592764854431
test_load_app_error in /home/kaiyaok2/PythonProjects/falcon/tests/test_cmd_inspect_app.py: 23.00355863571167
test_load_app_error in /home/kaiyaok2/PythonProjects/falcon/tests/test_cmd_inspect_app.py: 23.076470136642456
test_load_app in /home/kaiyaok2/PythonProjects/falcon/tests/test_cmd_inspect_app.py: 23.14400577545166
test_load_app in /home/kaiyaok2/PythonProjects/falcon/tests/test_cmd_inspect_app.py: 23.21323585510254
test_inspect in /home/kaiyaok2/PythonProjects/falcon/tests/test_cmd_inspect_app.py: 23.33008074760437
test_inspect in /home/kaiyaok2/PythonProjects/falcon/tests/test_cmd_inspect_app.py: 23.399003982543945
test_routes_only in /home/kaiyaok2/PythonProjects/falcon/tests/test_cmd_inspect_app.py: 23.467427968978882
test_routes_only in /home/kaiyaok2/PythonProjects/falcon/tests/test_cmd_inspect_app.py: 23.537574291229248
test_routes_only in /home/kaiyaok2/PythonProjects/falcon/tests/test_cmd_inspect_app.py: 23.621975421905518
test_inspect in /home/kaiyaok2/PythonProjects/falcon/tests/test_cmd_inspect_app.py: 23.69210195541382
test_routes_only in /home/kaiyaok2/PythonProjects/falcon/tests/test_cmd_inspect_app.py: 23.764732837677002
test_inspect in /home/kaiyaok2/PythonProjects/falcon/tests/test_cmd_inspect_app.py: 23.835315227508545
test_jsonchema_validator in /home/kaiyaok2/PythonProjects/falcon/tests/asgi/test_cythonized_asgi.py: 32.96000647544861
test_hooks in /home/kaiyaok2/PythonProjects/falcon/tests/asgi/test_cythonized_asgi.py: 33.57431960105896
test_stream_has_private_read in /home/kaiyaok2/PythonProjects/falcon/tests/test_cython.py: 33.59620690345764
test_imported_from_c_modules in /home/kaiyaok2/PythonProjects/falcon/tests/test_cython.py: 33.60239815711975
test_cookie_max_age_float_and_string in /home/kaiyaok2/PythonProjects/falcon/tests/test_cookies.py: 81.88604664802551
test_same_site_empty_string in /home/kaiyaok2/PythonProjects/falcon/tests/test_cookies.py: 81.9826967716217
test_response_base_case in /home/kaiyaok2/PythonProjects/falcon/tests/test_cookies.py: 82.07197380065918
test_lax_same_site_value in /home/kaiyaok2/PythonProjects/falcon/tests/test_cookies.py: 82.16953134536743
test_none_same_site_value in /home/kaiyaok2/PythonProjects/falcon/tests/test_cookies.py: 82.27841901779175
test_cookie_max_age_float_and_string in /home/kaiyaok2/PythonProjects/falcon/tests/test_cookies.py: 82.37096500396729
test_unset_cookies_samesite in /home/kaiyaok2/PythonProjects/falcon/tests/test_cookies.py: 82.47877407073975
test_strict_same_site_value in /home/kaiyaok2/PythonProjects/falcon/tests/test_cookies.py: 84.19904828071594
test_cookie_expires_naive in /home/kaiyaok2/PythonProjects/falcon/tests/test_cookies.py: 84.30868601799011
test_cookie_expires_aware in /home/kaiyaok2/PythonProjects/falcon/tests/test_cookies.py: 84.4141960144043
test_cookies_setable in /home/kaiyaok2/PythonProjects/falcon/tests/test_cookies.py: 84.50027441978455
test_response_complex_case in /home/kaiyaok2/PythonProjects/falcon/tests/test_cookies.py: 84.63541007041931
test_response_disable_secure_globally in /home/kaiyaok2/PythonProjects/falcon/tests/test_cookies.py: 84.74256896972656
test_cookie_timezone in /home/kaiyaok2/PythonProjects/falcon/tests/test_cookies.py: 84.88636922836304
test_response_unset_cookie in /home/kaiyaok2/PythonProjects/falcon/tests/test_cookies.py: 86.63686037063599
test_unset_cookies in /home/kaiyaok2/PythonProjects/falcon/tests/test_cookies.py: 86.73107171058655
test_client_simulate_aliases in /home/kaiyaok2/PythonProjects/falcon/tests/test_testing.py: 86.77560830116272
test_client_simulate_aliases in /home/kaiyaok2/PythonProjects/falcon/tests/test_testing.py: 86.80707240104675
test_client_simulate_aliases in /home/kaiyaok2/PythonProjects/falcon/tests/test_testing.py: 86.8703260421753
test_client_simulate_aliases in /home/kaiyaok2/PythonProjects/falcon/tests/test_testing.py: 86.90338945388794
test_client_simulate_aliases in /home/kaiyaok2/PythonProjects/falcon/tests/test_testing.py: 86.93467497825623
test_client_simulate_aliases in /home/kaiyaok2/PythonProjects/falcon/tests/test_testing.py: 86.98657822608948
test_client_simulate_aliases in /home/kaiyaok2/PythonProjects/falcon/tests/test_testing.py: 87.02854347229004
test_client_simulate_aliases in /home/kaiyaok2/PythonProjects/falcon/tests/test_testing.py: 87.07858920097351
test_body_is_set in /home/kaiyaok2/PythonProjects/falcon/tests/test_error_handlers.py: 136.94663214683533
test_media_is_set in /home/kaiyaok2/PythonProjects/falcon/tests/test_error_handlers.py: 137.0370454788208
test_data_is_set in /home/kaiyaok2/PythonProjects/falcon/tests/test_error_handlers.py: 137.1185028553009
test_data_is_set in /home/kaiyaok2/PythonProjects/falcon/tests/test_error_handlers.py: 138.71522903442383
test_media_is_set in /home/kaiyaok2/PythonProjects/falcon/tests/test_error_handlers.py: 138.79078769683838
test_body_is_set in /home/kaiyaok2/PythonProjects/falcon/tests/test_error_handlers.py: 138.87856578826904
test_uncaught_python_error in /home/kaiyaok2/PythonProjects/falcon/tests/test_error_handlers.py: 138.95054149627686
test_error_precedence_subclass in /home/kaiyaok2/PythonProjects/falcon/tests/test_error_handlers.py: 139.03155827522278
test_handler_multiple_exception_iterable in /home/kaiyaok2/PythonProjects/falcon/tests/test_error_handlers.py: 139.10738277435303
test_handler_single_exception_iterable in /home/kaiyaok2/PythonProjects/falcon/tests/test_error_handlers.py: 139.17816424369812
test_uncaught_python_error in /home/kaiyaok2/PythonProjects/falcon/tests/test_error_handlers.py: 139.2496542930603
test_handler_multiple_exception_iterable in /home/kaiyaok2/PythonProjects/falcon/tests/test_error_handlers.py: 140.83551406860352
test_handle_not_defined in /home/kaiyaok2/PythonProjects/falcon/tests/test_error_handlers.py: 140.9126672744751
test_uncaught_error_else in /home/kaiyaok2/PythonProjects/falcon/tests/test_error_handlers.py: 140.98426818847656
test_caught_error_async in /home/kaiyaok2/PythonProjects/falcon/tests/test_error_handlers.py: 141.0664541721344
test_invalid_add_exception_handler_input in /home/kaiyaok2/PythonProjects/falcon/tests/test_error_handlers.py: 141.16777181625366
test_error_precedence_duplicate in /home/kaiyaok2/PythonProjects/falcon/tests/test_error_handlers.py: 141.24448823928833
test_uncaught_python_error in /home/kaiyaok2/PythonProjects/falcon/tests/test_error_handlers.py: 141.31961488723755
test_caught_error in /home/kaiyaok2/PythonProjects/falcon/tests/test_error_handlers.py: 141.39935302734375
test_error_precedence_subclass_order_indifference in /home/kaiyaok2/PythonProjects/falcon/tests/test_error_handlers.py: 141.47063183784485
test_converted_error in /home/kaiyaok2/PythonProjects/falcon/tests/test_error_handlers.py: 143.50896167755127
test_invalid_add_exception_handler_input in /home/kaiyaok2/PythonProjects/falcon/tests/test_error_handlers.py: 143.6306447982788
test_invalid_add_exception_handler_input in /home/kaiyaok2/PythonProjects/falcon/tests/test_error_handlers.py: 143.75947451591492
test_invalid_add_exception_handler_input in /home/kaiyaok2/PythonProjects/falcon/tests/test_error_handlers.py: 143.87967681884766
test_uncaught_error in /home/kaiyaok2/PythonProjects/falcon/tests/test_error_handlers.py: 144.02466440200806
test_subclass_error in /home/kaiyaok2/PythonProjects/falcon/tests/test_error_handlers.py: 144.13878273963928
test_catch_http_no_route_error in /home/kaiyaok2/PythonProjects/falcon/tests/test_error_handlers.py: 144.2154414653778
test_get_datetime_store in /home/kaiyaok2/PythonProjects/falcon/tests/test_query_params.py: 152.24395871162415
test_int_neg in /home/kaiyaok2/PythonProjects/falcon/tests/test_query_params.py: 154.4822061061859
test_allowed_names in /home/kaiyaok2/PythonProjects/falcon/tests/test_query_params.py: 154.59023761749268
test_get_dict_valid in /home/kaiyaok2/PythonProjects/falcon/tests/test_query_params.py: 154.69507002830505
test_option_auto_parse_qs_csv_multiple_fields_true in /home/kaiyaok2/PythonProjects/falcon/tests/test_query_params.py: 154.8059241771698
test_get_dict_invalid in /home/kaiyaok2/PythonProjects/falcon/tests/test_query_params.py: 154.91403985023499
test_option_auto_parse_qs_csv_multiple_fields_true in /home/kaiyaok2/PythonProjects/falcon/tests/test_query_params.py: 155.0098738670349
test_percent_encoded in /home/kaiyaok2/PythonProjects/falcon/tests/test_query_params.py: 155.11711025238037
test_multiple_keys_as_float in /home/kaiyaok2/PythonProjects/falcon/tests/test_query_params.py: 156.73660564422607
test_int in /home/kaiyaok2/PythonProjects/falcon/tests/test_query_params.py: 156.83681440353394
test_option_auto_parse_qs_csv_multiple_fields_true in /home/kaiyaok2/PythonProjects/falcon/tests/test_query_params.py: 156.9335334300995
test_param_property in /home/kaiyaok2/PythonProjects/falcon/tests/test_query_params.py: 157.03728890419006
test_get_date_store in /home/kaiyaok2/PythonProjects/falcon/tests/test_query_params.py: 157.13759875297546
test_int in /home/kaiyaok2/PythonProjects/falcon/tests/test_query_params.py: 157.2352831363678
test_required in /home/kaiyaok2/PythonProjects/falcon/tests/test_query_params.py: 157.34568190574646
test_required in /home/kaiyaok2/PythonProjects/falcon/tests/test_query_params.py: 158.95565032958984
test_boolean_blank in /home/kaiyaok2/PythonProjects/falcon/tests/test_query_params.py: 159.05613231658936
test_bad_percentage in /home/kaiyaok2/PythonProjects/falcon/tests/test_query_params.py: 159.18145751953125
test_list_type in /home/kaiyaok2/PythonProjects/falcon/tests/test_query_params.py: 159.2933473587036
test_multiple_keys_as_bool in /home/kaiyaok2/PythonProjects/falcon/tests/test_query_params.py: 159.39728450775146
test_multiple_form_keys_as_list in /home/kaiyaok2/PythonProjects/falcon/tests/test_query_params.py: 159.50534510612488
test_get_date_valid in /home/kaiyaok2/PythonProjects/falcon/tests/test_query_params.py: 159.60280585289001
test_float_neg in /home/kaiyaok2/PythonProjects/falcon/tests/test_query_params.py: 161.21928310394287
test_boolean in /home/kaiyaok2/PythonProjects/falcon/tests/test_query_params.py: 161.33048748970032
test_option_auto_parse_qs_csv_multiple_fields_true in /home/kaiyaok2/PythonProjects/falcon/tests/test_query_params.py: 161.4409101009369
test_get_date_valid in /home/kaiyaok2/PythonProjects/falcon/tests/test_query_params.py: 161.53998398780823
test_boolean in /home/kaiyaok2/PythonProjects/falcon/tests/test_query_params.py: 161.63535523414612
test_get_datetime_valid_with_format in /home/kaiyaok2/PythonProjects/falcon/tests/test_query_params.py: 161.73317217826843
test_required in /home/kaiyaok2/PythonProjects/falcon/tests/test_query_params.py: 163.3290979862213
test_required in /home/kaiyaok2/PythonProjects/falcon/tests/test_query_params.py: 163.42588090896606
test_simple in /home/kaiyaok2/PythonProjects/falcon/tests/test_query_params.py: 163.5284616947174
test_multiple_keys_as_bool in /home/kaiyaok2/PythonProjects/falcon/tests/test_query_params.py: 163.6364266872406
test_option_auto_parse_qs_csv_simple_true in /home/kaiyaok2/PythonProjects/falcon/tests/test_query_params.py: 163.73228669166565
test_get_datetime_store in /home/kaiyaok2/PythonProjects/falcon/tests/test_query_params.py: 163.82778143882751
test_blank in /home/kaiyaok2/PythonProjects/falcon/tests/test_query_params.py: 163.93627333641052
test_get_date_missing_param in /home/kaiyaok2/PythonProjects/falcon/tests/test_query_params.py: 164.0429573059082
test_uuid in /home/kaiyaok2/PythonProjects/falcon/tests/test_query_params.py: 165.63036060333252
test_required in /home/kaiyaok2/PythonProjects/falcon/tests/test_query_params.py: 165.73541593551636
test_required in /home/kaiyaok2/PythonProjects/falcon/tests/test_query_params.py: 165.83825826644897
test_option_auto_parse_qs_csv_multiple_fields_true in /home/kaiyaok2/PythonProjects/falcon/tests/test_query_params.py: 165.93611073493958
test_get_date_valid_with_format in /home/kaiyaok2/PythonProjects/falcon/tests/test_query_params.py: 166.0396945476532
test_get_datetime_missing_param in /home/kaiyaok2/PythonProjects/falcon/tests/test_query_params.py: 166.13579559326172
test_bad_percentage in /home/kaiyaok2/PythonProjects/falcon/tests/test_query_params.py: 167.76064729690552
test_float_neg in /home/kaiyaok2/PythonProjects/falcon/tests/test_query_params.py: 167.86097383499146
test_list_transformer in /home/kaiyaok2/PythonProjects/falcon/tests/test_query_params.py: 167.9652259349823
test_option_auto_parse_qs_csv_multiple_fields_true in /home/kaiyaok2/PythonProjects/falcon/tests/test_query_params.py: 168.06903958320618
test_option_auto_parse_qs_csv_multiple_fields_true in /home/kaiyaok2/PythonProjects/falcon/tests/test_query_params.py: 168.1663327217102
test_required in /home/kaiyaok2/PythonProjects/falcon/tests/test_query_params.py: 168.26922297477722
test_option_auto_parse_qs_csv_multiple_fields_true in /home/kaiyaok2/PythonProjects/falcon/tests/test_query_params.py: 169.88977551460266
test_multiple_keys_as_int in /home/kaiyaok2/PythonProjects/falcon/tests/test_query_params.py: 170.04517078399658
test_get_date_store in /home/kaiyaok2/PythonProjects/falcon/tests/test_query_params.py: 170.14240264892578
test_float in /home/kaiyaok2/PythonProjects/falcon/tests/test_query_params.py: 170.2396719455719
test_option_auto_parse_qs_csv_complex_false in /home/kaiyaok2/PythonProjects/falcon/tests/test_query_params.py: 170.33458280563354
test_list_type_blank in /home/kaiyaok2/PythonProjects/falcon/tests/test_query_params.py: 170.43090105056763
test_list_type in /home/kaiyaok2/PythonProjects/falcon/tests/test_query_params.py: 170.52572464942932
test_option_auto_parse_qs_csv_multiple_fields_true in /home/kaiyaok2/PythonProjects/falcon/tests/test_query_params.py: 172.51664447784424
test_uuid in /home/kaiyaok2/PythonProjects/falcon/tests/test_query_params.py: 172.72275066375732
test_multiple_keys_as_float in /home/kaiyaok2/PythonProjects/falcon/tests/test_query_params.py: 172.90986132621765
test_default_auto_parse_csv_behaviour in /home/kaiyaok2/PythonProjects/falcon/tests/test_query_params.py: 173.103435754776
test_get_datetime_invalid in /home/kaiyaok2/PythonProjects/falcon/tests/test_query_params.py: 173.29913020133972
test_required in /home/kaiyaok2/PythonProjects/falcon/tests/test_query_params.py: 173.46692442893982
test_required in /home/kaiyaok2/PythonProjects/falcon/tests/test_query_params.py: 173.60829758644104
test_get_datetime_valid in /home/kaiyaok2/PythonProjects/falcon/tests/test_query_params.py: 173.72377753257751
test_option_auto_parse_qs_csv_multiple_fields_true in /home/kaiyaok2/PythonProjects/falcon/tests/test_query_params.py: 175.37691736221313
test_option_auto_parse_qs_csv_simple_true in /home/kaiyaok2/PythonProjects/falcon/tests/test_query_params.py: 175.49259209632874
test_get_datetime_valid in /home/kaiyaok2/PythonProjects/falcon/tests/test_query_params.py: 175.59845876693726
test_option_auto_parse_qs_csv_complex_false in /home/kaiyaok2/PythonProjects/falcon/tests/test_query_params.py: 175.70825123786926
test_none in /home/kaiyaok2/PythonProjects/falcon/tests/test_query_params.py: 175.81263756752014
test_get_date_invalid in /home/kaiyaok2/PythonProjects/falcon/tests/test_query_params.py: 175.92109656333923
test_get_dict_valid in /home/kaiyaok2/PythonProjects/falcon/tests/test_query_params.py: 177.56466841697693
test_get_datetime_missing_param in /home/kaiyaok2/PythonProjects/falcon/tests/test_query_params.py: 177.66578841209412
test_get_param_as_json_handler_json in /home/kaiyaok2/PythonProjects/falcon/tests/test_query_params.py: 177.76391768455505
test_option_auto_parse_qs_csv_multiple_fields_true in /home/kaiyaok2/PythonProjects/falcon/tests/test_query_params.py: 177.87516808509827
test_option_auto_parse_qs_csv_multiple_fields_true in /home/kaiyaok2/PythonProjects/falcon/tests/test_query_params.py: 177.97332406044006
test_default_auto_parse_csv_behaviour in /home/kaiyaok2/PythonProjects/falcon/tests/test_query_params.py: 178.07030248641968
test_option_auto_parse_qs_csv_multiple_fields_true in /home/kaiyaok2/PythonProjects/falcon/tests/test_query_params.py: 178.1729805469513
test_blank in /home/kaiyaok2/PythonProjects/falcon/tests/test_query_params.py: 179.81683921813965
test_none in /home/kaiyaok2/PythonProjects/falcon/tests/test_query_params.py: 179.92225313186646
test_has_param in /home/kaiyaok2/PythonProjects/falcon/tests/test_query_params.py: 180.01950979232788
test_option_auto_parse_qs_csv_multiple_fields_false in /home/kaiyaok2/PythonProjects/falcon/tests/test_query_params.py: 180.11588335037231
test_get_dict_invalid in /home/kaiyaok2/PythonProjects/falcon/tests/test_query_params.py: 180.2282645702362
test_list_transformer in /home/kaiyaok2/PythonProjects/falcon/tests/test_query_params.py: 180.32967329025269
test_percent_encoded in /home/kaiyaok2/PythonProjects/falcon/tests/test_query_params.py: 180.42677450180054
test_multiple_form_keys in /home/kaiyaok2/PythonProjects/falcon/tests/test_query_params.py: 182.05799889564514
test_allowed_names in /home/kaiyaok2/PythonProjects/falcon/tests/test_query_params.py: 182.1592562198639
test_required in /home/kaiyaok2/PythonProjects/falcon/tests/test_query_params.py: 182.25688314437866
test_param_property in /home/kaiyaok2/PythonProjects/falcon/tests/test_query_params.py: 182.35298871994019
test_has_param in /home/kaiyaok2/PythonProjects/falcon/tests/test_query_params.py: 182.47183871269226
test_option_auto_parse_qs_csv_simple_false in /home/kaiyaok2/PythonProjects/falcon/tests/test_query_params.py: 182.57771468162537
test_option_auto_parse_qs_csv_multiple_fields_true in /home/kaiyaok2/PythonProjects/falcon/tests/test_query_params.py: 182.72126650810242
test_option_auto_parse_qs_csv_multiple_fields_false in /home/kaiyaok2/PythonProjects/falcon/tests/test_query_params.py: 184.8076229095459
test_default in /home/kaiyaok2/PythonProjects/falcon/tests/test_query_params.py: 184.92506003379822
test_get_date_valid_with_format in /home/kaiyaok2/PythonProjects/falcon/tests/test_query_params.py: 185.02700543403625
test_get_param_as_json_no_handler_json in /home/kaiyaok2/PythonProjects/falcon/tests/test_query_params.py: 185.13985443115234
test_multiple_form_keys_as_list in /home/kaiyaok2/PythonProjects/falcon/tests/test_query_params.py: 185.2599160671234
test_get_dict_store in /home/kaiyaok2/PythonProjects/falcon/tests/test_query_params.py: 185.392991065979
test_list_type_blank in /home/kaiyaok2/PythonProjects/falcon/tests/test_query_params.py: 185.50164484977722
test_multiple_form_keys in /home/kaiyaok2/PythonProjects/falcon/tests/test_query_params.py: 187.37806797027588
test_int_neg in /home/kaiyaok2/PythonProjects/falcon/tests/test_query_params.py: 187.522958278656
test_float in /home/kaiyaok2/PythonProjects/falcon/tests/test_query_params.py: 187.66292786598206
test_get_dict_missing_param in /home/kaiyaok2/PythonProjects/falcon/tests/test_query_params.py: 187.79525923728943
test_simple in /home/kaiyaok2/PythonProjects/falcon/tests/test_query_params.py: 187.92774391174316
test_option_auto_parse_qs_csv_multiple_fields_true in /home/kaiyaok2/PythonProjects/falcon/tests/test_query_params.py: 188.06655859947205
test_get_datetime_valid_with_format in /home/kaiyaok2/PythonProjects/falcon/tests/test_query_params.py: 188.19516825675964
test_boolean_blank in /home/kaiyaok2/PythonProjects/falcon/tests/test_query_params.py: 190.24441742897034
test_default in /home/kaiyaok2/PythonProjects/falcon/tests/test_query_params.py: 190.36969137191772
test_required in /home/kaiyaok2/PythonProjects/falcon/tests/test_query_params.py: 190.49928212165833
test_get_datetime_invalid in /home/kaiyaok2/PythonProjects/falcon/tests/test_query_params.py: 190.6093180179596
test_multiple_keys_as_int in /home/kaiyaok2/PythonProjects/falcon/tests/test_query_params.py: 190.7465410232544
test_get_dict_missing_param in /home/kaiyaok2/PythonProjects/falcon/tests/test_query_params.py: 190.8812825679779
test_required in /home/kaiyaok2/PythonProjects/falcon/tests/test_query_params.py: 191.01290225982666
test_get_date_invalid in /home/kaiyaok2/PythonProjects/falcon/tests/test_query_params.py: 193.02590918540955
test_get_dict_store in /home/kaiyaok2/PythonProjects/falcon/tests/test_query_params.py: 193.12681698799133
test_get_date_missing_param in /home/kaiyaok2/PythonProjects/falcon/tests/test_query_params.py: 193.2313859462738
test_option_auto_parse_qs_csv_multiple_fields_true in /home/kaiyaok2/PythonProjects/falcon/tests/test_query_params.py: 193.34675478935242
test_option_auto_parse_qs_csv_multiple_fields_true in /home/kaiyaok2/PythonProjects/falcon/tests/test_query_params.py: 193.4550974369049
test_option_auto_parse_qs_csv_simple_false in /home/kaiyaok2/PythonProjects/falcon/tests/test_query_params.py: 193.56149888038635
test_option_auto_parse_qs_csv_multiple_fields_true in /home/kaiyaok2/PythonProjects/falcon/tests/test_query_params.py: 195.38728666305542
test_dont_auto_parse_by_default in /home/kaiyaok2/PythonProjects/falcon/tests/test_query_params.py: 195.51855731010437
test_http_methods_body_expected in /home/kaiyaok2/PythonProjects/falcon/tests/test_query_params.py: 195.63843035697937
test_http_methods_body_expected in /home/kaiyaok2/PythonProjects/falcon/tests/test_query_params.py: 195.77006268501282
test_explicitly_disable_auto_parse in /home/kaiyaok2/PythonProjects/falcon/tests/test_query_params.py: 195.88403964042664
test_empty_body in /home/kaiyaok2/PythonProjects/falcon/tests/test_query_params.py: 196.04724860191345
test_asgi_raises_error in /home/kaiyaok2/PythonProjects/falcon/tests/test_query_params.py: 196.1857466697693
test_empty_body_no_content_length in /home/kaiyaok2/PythonProjects/falcon/tests/test_query_params.py: 196.28673315048218
test_http_methods_body_expected in /home/kaiyaok2/PythonProjects/falcon/tests/test_query_params.py: 198.0768530368805
test_http_methods_body_expected in /home/kaiyaok2/PythonProjects/falcon/tests/test_query_params.py: 198.20508217811584
test_http_methods_body_expected in /home/kaiyaok2/PythonProjects/falcon/tests/test_query_params.py: 198.3296604156494
test_http_methods_body_not_expected in /home/kaiyaok2/PythonProjects/falcon/tests/test_query_params.py: 198.442232131958
test_non_ascii in /home/kaiyaok2/PythonProjects/falcon/tests/test_query_params.py: 198.57018780708313
test_http_methods_body_not_expected in /home/kaiyaok2/PythonProjects/falcon/tests/test_query_params.py: 198.68082356452942
test_bar in /home/kaiyaok2/PythonProjects/falcon/tests/test_http_custom_method_routing.py: 198.84610247612
test_map_http_methods in /home/kaiyaok2/PythonProjects/falcon/tests/test_http_custom_method_routing.py: 200.72540974617004
test_foo in /home/kaiyaok2/PythonProjects/falcon/tests/test_http_custom_method_routing.py: 200.81680417060852
test_request_multiple_header in /home/kaiyaok2/PythonProjects/falcon/tests/test_headers.py: 200.94988536834717
test_response_append_header in /home/kaiyaok2/PythonProjects/falcon/tests/test_headers.py: 201.0521092414856
test_content_disposition_attachment_header in /home/kaiyaok2/PythonProjects/falcon/tests/test_headers.py: 201.17828702926636
test_vary_star in /home/kaiyaok2/PythonProjects/falcon/tests/test_headers.py: 201.27124404907227
test_set_headers_with_custom_class in /home/kaiyaok2/PythonProjects/falcon/tests/test_headers.py: 201.37572193145752
test_append_link_with_link_extension in /home/kaiyaok2/PythonProjects/falcon/tests/test_headers.py: 201.51661038398743
test_request_latin1_headers in /home/kaiyaok2/PythonProjects/falcon/tests/test_headers.py: 203.4092354774475
test_unset_header in /home/kaiyaok2/PythonProjects/falcon/tests/test_headers.py: 203.51621198654175
test_vary_header in /home/kaiyaok2/PythonProjects/falcon/tests/test_headers.py: 203.6619427204132
test_unicode_headers_contain_non_ascii in /home/kaiyaok2/PythonProjects/falcon/tests/test_headers.py: 203.76913619041443
test_content_disposition_attachment_header in /home/kaiyaok2/PythonProjects/falcon/tests/test_headers.py: 203.87324905395508
test_content_disposition_attachment_header in /home/kaiyaok2/PythonProjects/falcon/tests/test_headers.py: 203.96834468841553
test_append_link_crossorigin in /home/kaiyaok2/PythonProjects/falcon/tests/test_headers.py: 204.09217381477356
test_no_content_length in /home/kaiyaok2/PythonProjects/falcon/tests/test_headers.py: 204.1800615787506
test_append_link_crossorigin in /home/kaiyaok2/PythonProjects/falcon/tests/test_headers.py: 206.0831389427185
test_declared_content_length_overriden_by_data_length in /home/kaiyaok2/PythonProjects/falcon/tests/test_headers.py: 206.19185280799866
test_append_link_crossorigin in /home/kaiyaok2/PythonProjects/falcon/tests/test_headers.py: 206.35005402565002
test_default_media_type in /home/kaiyaok2/PythonProjects/falcon/tests/test_headers.py: 206.46622252464294
test_append_link_crossorigin in /home/kaiyaok2/PythonProjects/falcon/tests/test_headers.py: 206.62155652046204
test_content_disposition_attachment_header in /home/kaiyaok2/PythonProjects/falcon/tests/test_headers.py: 206.73333263397217
test_unicode_headers_contain_non_ascii in /home/kaiyaok2/PythonProjects/falcon/tests/test_headers.py: 206.83580827713013
test_content_disposition_attachment_header in /home/kaiyaok2/PythonProjects/falcon/tests/test_headers.py: 206.96797347068787
test_response_header_helpers_on_get in /home/kaiyaok2/PythonProjects/falcon/tests/test_headers.py: 208.8241286277771
test_unset_header in /home/kaiyaok2/PythonProjects/falcon/tests/test_headers.py: 208.9259684085846
test_no_content_type in /home/kaiyaok2/PythonProjects/falcon/tests/test_headers.py: 209.05313563346863
test_append_link_crossorigin in /home/kaiyaok2/PythonProjects/falcon/tests/test_headers.py: 209.18195748329163
test_unicode_location_headers in /home/kaiyaok2/PythonProjects/falcon/tests/test_headers.py: 209.2720274925232
test_append_link_with_hreflang in /home/kaiyaok2/PythonProjects/falcon/tests/test_headers.py: 209.4171724319458
test_append_link_with_type_hint in /home/kaiyaok2/PythonProjects/falcon/tests/test_headers.py: 209.539724111557
test_append_link_with_hreflang_multi in /home/kaiyaok2/PythonProjects/falcon/tests/test_headers.py: 209.6901912689209
test_append_link_multiple in /home/kaiyaok2/PythonProjects/falcon/tests/test_headers.py: 211.5909276008606
test_headers_with_custom_class_not_callable in /home/kaiyaok2/PythonProjects/falcon/tests/test_headers.py: 211.69106435775757
test_no_content_type in /home/kaiyaok2/PythonProjects/falcon/tests/test_headers.py: 211.78835582733154
test_append_link_crossorigin in /home/kaiyaok2/PythonProjects/falcon/tests/test_headers.py: 211.92710328102112
test_default_value in /home/kaiyaok2/PythonProjects/falcon/tests/test_headers.py: 212.02460646629333
test_expires_header in /home/kaiyaok2/PythonProjects/falcon/tests/test_headers.py: 212.17520570755005
test_response_set_and_get_header in /home/kaiyaok2/PythonProjects/falcon/tests/test_headers.py: 212.27067184448242
test_no_content_length in /home/kaiyaok2/PythonProjects/falcon/tests/test_headers.py: 212.36047077178955
test_content_disposition_attachment_header in /home/kaiyaok2/PythonProjects/falcon/tests/test_headers.py: 214.11640810966492
test_passthrough_request_headers in /home/kaiyaok2/PythonProjects/falcon/tests/test_headers.py: 214.2549934387207
test_headers_as_list in /home/kaiyaok2/PythonProjects/falcon/tests/test_headers.py: 214.35406947135925
test_content_disposition_inline_header in /home/kaiyaok2/PythonProjects/falcon/tests/test_headers.py: 214.453533411026
test_content_disposition_inline_header in /home/kaiyaok2/PythonProjects/falcon/tests/test_headers.py: 214.61308979988098
test_content_disposition_attachment_header in /home/kaiyaok2/PythonProjects/falcon/tests/test_headers.py: 214.7390480041504
test_unicode_headers_contain_non_ascii in /home/kaiyaok2/PythonProjects/falcon/tests/test_headers.py: 214.84542417526245
test_declared_content_length_on_head in /home/kaiyaok2/PythonProjects/falcon/tests/test_headers.py: 216.91362309455872
test_required_header in /home/kaiyaok2/PythonProjects/falcon/tests/test_headers.py: 217.0483536720276
test_content_disposition_attachment_header in /home/kaiyaok2/PythonProjects/falcon/tests/test_headers.py: 217.18490600585938
test_append_link_complex in /home/kaiyaok2/PythonProjects/falcon/tests/test_headers.py: 217.32579684257507
test_append_link_with_anchor in /home/kaiyaok2/PythonProjects/falcon/tests/test_headers.py: 217.45670986175537
test_append_link_single in /home/kaiyaok2/PythonProjects/falcon/tests/test_headers.py: 217.56936717033386
test_declared_content_length_overridden_by_no_body in /home/kaiyaok2/PythonProjects/falcon/tests/test_headers.py: 217.6771538257599
test_unicode_headers_contain_only_ascii in /home/kaiyaok2/PythonProjects/falcon/tests/test_headers.py: 217.8107979297638
test_unicode_headers_contain_non_ascii in /home/kaiyaok2/PythonProjects/falcon/tests/test_headers.py: 220.32830500602722
test_content_type_no_body in /home/kaiyaok2/PythonProjects/falcon/tests/test_headers.py: 220.48520350456238
test_append_link_with_title in /home/kaiyaok2/PythonProjects/falcon/tests/test_headers.py: 220.62382292747498
test_declared_content_length_overriden_by_body_length in /home/kaiyaok2/PythonProjects/falcon/tests/test_headers.py: 220.7181098461151
test_override_default_media_type in /home/kaiyaok2/PythonProjects/falcon/tests/test_headers.py: 220.80861449241638
test_override_default_media_type in /home/kaiyaok2/PythonProjects/falcon/tests/test_headers.py: 220.91248440742493
test_content_disposition_inline_header in /home/kaiyaok2/PythonProjects/falcon/tests/test_headers.py: 221.0082597732544
test_get_header_as_int in /home/kaiyaok2/PythonProjects/falcon/tests/test_headers.py: 222.803875207901
test_content_length in /home/kaiyaok2/PythonProjects/falcon/tests/test_headers.py: 222.91940879821777
test_custom_content_type in /home/kaiyaok2/PythonProjects/falcon/tests/test_headers.py: 223.03647685050964
test_append_link_with_title_star in /home/kaiyaok2/PythonProjects/falcon/tests/test_headers.py: 223.17797207832336
test_vary_header in /home/kaiyaok2/PythonProjects/falcon/tests/test_headers.py: 223.3283975124359
test_override_default_media_type_missing_encoding in /home/kaiyaok2/PythonProjects/falcon/tests/test_headers.py: 223.445157289505
test_legacy_middleware_called_with_correct_args in /home/kaiyaok2/PythonProjects/falcon/tests/test_middleware.py: 225.28893208503723
test_order_mw_executed_when_exception_in_resp in /home/kaiyaok2/PythonProjects/falcon/tests/test_middleware.py: 227.21822047233582
test_order_independent_mw_executed_when_exception_in_resp in /home/kaiyaok2/PythonProjects/falcon/tests/test_middleware.py: 227.30086970329285
test_inner_mw_with_ex_handler_throw_exception in /home/kaiyaok2/PythonProjects/falcon/tests/test_middleware.py: 227.38715267181396
test_generate_trans_id_and_time_with_request in /home/kaiyaok2/PythonProjects/falcon/tests/test_middleware.py: 227.47316122055054
test_order_mw_executed_when_exception_in_req in /home/kaiyaok2/PythonProjects/falcon/tests/test_middleware.py: 227.55497789382935
test_independent_middleware_execution_order in /home/kaiyaok2/PythonProjects/falcon/tests/test_middleware.py: 227.64293599128723
test_inner_mw_throw_exception_while_processing_resp in /home/kaiyaok2/PythonProjects/falcon/tests/test_middleware.py: 227.774395942688
test_middleware_execution_order in /home/kaiyaok2/PythonProjects/falcon/tests/test_middleware.py: 227.86824941635132
test_generate_trans_id_and_time_with_request in /home/kaiyaok2/PythonProjects/falcon/tests/test_middleware.py: 227.95746564865112
test_order_mw_executed_when_exception_in_rsrc in /home/kaiyaok2/PythonProjects/falcon/tests/test_middleware.py: 228.03359651565552
test_inner_mw_throw_exception in /home/kaiyaok2/PythonProjects/falcon/tests/test_middleware.py: 229.86602139472961
test_order_independent_mw_executed_when_exception_in_rsrc in /home/kaiyaok2/PythonProjects/falcon/tests/test_middleware.py: 229.9667453765869
test_multiple_response_mw_throw_exception in /home/kaiyaok2/PythonProjects/falcon/tests/test_middleware.py: 230.0828709602356
test_outer_mw_with_ex_handler_throw_exception in /home/kaiyaok2/PythonProjects/falcon/tests/test_middleware.py: 230.19052624702454
test_order_independent_mw_executed_when_exception_in_req in /home/kaiyaok2/PythonProjects/falcon/tests/test_middleware.py: 230.27844071388245
test_error_composed_before_resp_middleware_called in /home/kaiyaok2/PythonProjects/falcon/tests/test_middleware.py: 230.36712789535522
test_http_status_raised_from_error_handler in /home/kaiyaok2/PythonProjects/falcon/tests/test_middleware.py: 230.4531226158142
test_generate_trans_id_with_request in /home/kaiyaok2/PythonProjects/falcon/tests/test_middleware.py: 230.55271172523499
test_base_path_is_removed_before_routing in /home/kaiyaok2/PythonProjects/falcon/tests/test_middleware.py: 230.64073514938354
test_process_request_cached in /home/kaiyaok2/PythonProjects/falcon/tests/test_middleware.py: 230.75244069099426
test_process_resource_cached in /home/kaiyaok2/PythonProjects/falcon/tests/test_middleware.py: 230.8538694381714
test_process_resource_cached in /home/kaiyaok2/PythonProjects/falcon/tests/test_middleware.py: 232.65056681632996
test_process_request_cached in /home/kaiyaok2/PythonProjects/falcon/tests/test_middleware.py: 232.74004220962524
test_process_request_not_cached in /home/kaiyaok2/PythonProjects/falcon/tests/test_middleware.py: 232.83603620529175
test_skip_process_resource in /home/kaiyaok2/PythonProjects/falcon/tests/test_middleware.py: 232.94742584228516
test_response_middleware_raises_exception in /home/kaiyaok2/PythonProjects/falcon/tests/test_middleware.py: 233.0391571521759
test_log_get_request in /home/kaiyaok2/PythonProjects/falcon/tests/test_middleware.py: 233.12777400016785
test_log_get_request in /home/kaiyaok2/PythonProjects/falcon/tests/test_middleware.py: 233.2143108844757
test_dont_need_params_in_signature in /home/kaiyaok2/PythonProjects/falcon/tests/test_middleware.py: 233.29633235931396
test_api_initialization_with_cors_enabled_and_middleware_param in /home/kaiyaok2/PythonProjects/falcon/tests/test_middleware.py: 233.37970781326294
test_api_initialization_with_cors_enabled_and_middleware_param in /home/kaiyaok2/PythonProjects/falcon/tests/test_middleware.py: 233.46241807937622
test_api_initialization_with_cors_enabled_and_middleware_param in /home/kaiyaok2/PythonProjects/falcon/tests/test_middleware.py: 233.5451579093933
test_api_initialization_with_cors_enabled_and_middleware_param in /home/kaiyaok2/PythonProjects/falcon/tests/test_middleware.py: 235.21574187278748
test_can_access_resource_params in /home/kaiyaok2/PythonProjects/falcon/tests/test_middleware.py: 235.30479216575623
test_can_access_resource_params in /home/kaiyaok2/PythonProjects/falcon/tests/test_middleware.py: 235.38179230690002
test_methods_not_allowed_complex in /home/kaiyaok2/PythonProjects/falcon/tests/test_http_method_routing.py: 235.5970299243927
test_default_on_options in /home/kaiyaok2/PythonProjects/falcon/tests/test_http_method_routing.py: 235.6824107170105
test_on_options in /home/kaiyaok2/PythonProjects/falcon/tests/test_http_method_routing.py: 235.77779245376587
test_put in /home/kaiyaok2/PythonProjects/falcon/tests/test_http_method_routing.py: 235.8861002922058
test_meta_and_others_disallowed in /home/kaiyaok2/PythonProjects/falcon/tests/test_http_method_routing.py: 235.95825743675232
test_methods_not_allowed_simple in /home/kaiyaok2/PythonProjects/falcon/tests/test_http_method_routing.py: 236.02919626235962
test_get in /home/kaiyaok2/PythonProjects/falcon/tests/test_http_method_routing.py: 236.1157648563385
test_post_not_allowed in /home/kaiyaok2/PythonProjects/falcon/tests/test_http_method_routing.py: 236.18745398521423
test_method_not_allowed_with_param in /home/kaiyaok2/PythonProjects/falcon/tests/test_http_method_routing.py: 236.259375333786
test_misc in /home/kaiyaok2/PythonProjects/falcon/tests/test_http_method_routing.py: 237.91096663475037
test_report in /home/kaiyaok2/PythonProjects/falcon/tests/test_http_method_routing.py: 237.98536729812622
test_meta_and_others_disallowed in /home/kaiyaok2/PythonProjects/falcon/tests/test_http_method_routing.py: 238.06685614585876
test_allow_origin in /home/kaiyaok2/PythonProjects/falcon/tests/test_cors_middleware.py: 254.33932542800903
test_expose_headers in /home/kaiyaok2/PythonProjects/falcon/tests/test_cors_middleware.py: 254.4259533882141
test_allow_credential_list_or_str in /home/kaiyaok2/PythonProjects/falcon/tests/test_cors_middleware.py: 254.49984407424927
test_allow_origin in /home/kaiyaok2/PythonProjects/falcon/tests/test_cors_middleware.py: 254.5736107826233
test_allow_credential_wildcard in /home/kaiyaok2/PythonProjects/falcon/tests/test_cors_middleware.py: 254.64490938186646
test_expose_headers in /home/kaiyaok2/PythonProjects/falcon/tests/test_cors_middleware.py: 254.72794580459595
test_allow_credential_existing_origin in /home/kaiyaok2/PythonProjects/falcon/tests/test_cors_middleware.py: 256.4088227748871
test_allow_origin_allow_credential in /home/kaiyaok2/PythonProjects/falcon/tests/test_cors_middleware.py: 256.4854714870453
test_allow_credential_list_or_str in /home/kaiyaok2/PythonProjects/falcon/tests/test_cors_middleware.py: 256.5696244239807
test_expose_headers in /home/kaiyaok2/PythonProjects/falcon/tests/test_cors_middleware.py: 256.66651010513306
test_allow_origin in /home/kaiyaok2/PythonProjects/falcon/tests/test_cors_middleware.py: 256.749463558197
test_enabled_cors_should_add_extra_headers_on_response in /home/kaiyaok2/PythonProjects/falcon/tests/test_cors_middleware.py: 256.8327257633209
test_enabled_cors_handles_preflighting in /home/kaiyaok2/PythonProjects/falcon/tests/test_cors_middleware.py: 256.91014099121094
test_enabled_cors_should_accept_all_origins_requests in /home/kaiyaok2/PythonProjects/falcon/tests/test_cors_middleware.py: 257.0014011859894
test_disabled_cors_should_not_add_any_extra_headers in /home/kaiyaok2/PythonProjects/falcon/tests/test_cors_middleware.py: 257.07279872894287
test_enabled_cors_handles_preflighting_no_headers_in_req in /home/kaiyaok2/PythonProjects/falcon/tests/test_cors_middleware.py: 257.14888620376587
test_enabled_cors_no_origin in /home/kaiyaok2/PythonProjects/falcon/tests/test_cors_middleware.py: 257.21869587898254
test_redirect in /home/kaiyaok2/PythonProjects/falcon/tests/test_redirects.py: 259.0900568962097
test_redirect in /home/kaiyaok2/PythonProjects/falcon/tests/test_redirects.py: 259.1677689552307
test_redirect_with_headers in /home/kaiyaok2/PythonProjects/falcon/tests/test_redirects.py: 259.23533272743225
test_redirect in /home/kaiyaok2/PythonProjects/falcon/tests/test_redirects.py: 259.3151271343231
test_redirect in /home/kaiyaok2/PythonProjects/falcon/tests/test_redirects.py: 259.38205790519714
test_redirect in /home/kaiyaok2/PythonProjects/falcon/tests/test_redirects.py: 259.4595875740051
test_redirect_with_headers in /home/kaiyaok2/PythonProjects/falcon/tests/test_redirects.py: 259.5367736816406
test_redirect_with_headers in /home/kaiyaok2/PythonProjects/falcon/tests/test_redirects.py: 259.60232186317444
test_redirect_with_headers in /home/kaiyaok2/PythonProjects/falcon/tests/test_redirects.py: 259.6703712940216
test_redirect_with_headers in /home/kaiyaok2/PythonProjects/falcon/tests/test_redirects.py: 259.74838376045227
