test_hooks in /home/kaiyaok2/PythonProjects/falcon/tests/asgi/test_cythonized_asgi.py: 0.6119289398193359
test_jsonchema_validator in /home/kaiyaok2/PythonProjects/falcon/tests/asgi/test_cythonized_asgi.py: 1.390934944152832
test_log_get_request in /home/kaiyaok2/PythonProjects/falcon/tests/test_middleware.py: 43.54172110557556
test_response_middleware_raises_exception in /home/kaiyaok2/PythonProjects/falcon/tests/test_middleware.py: 44.11777877807617
test_skip_process_resource in /home/kaiyaok2/PythonProjects/falcon/tests/test_middleware.py: 44.794007301330566
test_log_get_request in /home/kaiyaok2/PythonProjects/falcon/tests/test_middleware.py: 45.46771264076233
test_http_status_raised_from_error_handler in /home/kaiyaok2/PythonProjects/falcon/tests/test_middleware.py: 46.08096766471863
test_error_composed_before_resp_middleware_called in /home/kaiyaok2/PythonProjects/falcon/tests/test_middleware.py: 46.66106820106506
test_api_initialization_with_cors_enabled_and_middleware_param in /home/kaiyaok2/PythonProjects/falcon/tests/test_middleware.py: 47.12321853637695
test_api_initialization_with_cors_enabled_and_middleware_param in /home/kaiyaok2/PythonProjects/falcon/tests/test_middleware.py: 47.842130184173584
test_api_initialization_with_cors_enabled_and_middleware_param in /home/kaiyaok2/PythonProjects/falcon/tests/test_middleware.py: 48.58075499534607
test_api_initialization_with_cors_enabled_and_middleware_param in /home/kaiyaok2/PythonProjects/falcon/tests/test_middleware.py: 54.279139280319214
test_can_access_resource_params in /home/kaiyaok2/PythonProjects/falcon/tests/test_middleware.py: 54.728169202804565
test_can_access_resource_params in /home/kaiyaok2/PythonProjects/falcon/tests/test_middleware.py: 55.240463733673096
test_outer_mw_with_ex_handler_throw_exception in /home/kaiyaok2/PythonProjects/falcon/tests/test_middleware.py: 55.57698845863342
test_generate_trans_id_and_time_with_request in /home/kaiyaok2/PythonProjects/falcon/tests/test_middleware.py: 55.97968864440918
test_order_independent_mw_executed_when_exception_in_req in /home/kaiyaok2/PythonProjects/falcon/tests/test_middleware.py: 56.3164701461792
test_middleware_execution_order in /home/kaiyaok2/PythonProjects/falcon/tests/test_middleware.py: 56.80488991737366
test_generate_trans_id_and_time_with_request in /home/kaiyaok2/PythonProjects/falcon/tests/test_middleware.py: 57.34599757194519
test_order_mw_executed_when_exception_in_req in /home/kaiyaok2/PythonProjects/falcon/tests/test_middleware.py: 57.86359620094299
test_order_mw_executed_when_exception_in_rsrc in /home/kaiyaok2/PythonProjects/falcon/tests/test_middleware.py: 62.54691505432129
test_multiple_response_mw_throw_exception in /home/kaiyaok2/PythonProjects/falcon/tests/test_middleware.py: 63.21843457221985
test_order_independent_mw_executed_when_exception_in_resp in /home/kaiyaok2/PythonProjects/falcon/tests/test_middleware.py: 63.785013914108276
test_inner_mw_throw_exception_while_processing_resp in /home/kaiyaok2/PythonProjects/falcon/tests/test_middleware.py: 64.41669344902039
test_order_mw_executed_when_exception_in_resp in /home/kaiyaok2/PythonProjects/falcon/tests/test_middleware.py: 65.07818078994751
test_independent_middleware_execution_order in /home/kaiyaok2/PythonProjects/falcon/tests/test_middleware.py: 65.67038011550903
test_order_independent_mw_executed_when_exception_in_rsrc in /home/kaiyaok2/PythonProjects/falcon/tests/test_middleware.py: 66.37257075309753
test_inner_mw_throw_exception in /home/kaiyaok2/PythonProjects/falcon/tests/test_middleware.py: 67.03920149803162
test_legacy_middleware_called_with_correct_args in /home/kaiyaok2/PythonProjects/falcon/tests/test_middleware.py: 67.70104455947876
test_inner_mw_with_ex_handler_throw_exception in /home/kaiyaok2/PythonProjects/falcon/tests/test_middleware.py: 68.40896725654602
test_base_path_is_removed_before_routing in /home/kaiyaok2/PythonProjects/falcon/tests/test_middleware.py: 75.64722323417664
test_generate_trans_id_with_request in /home/kaiyaok2/PythonProjects/falcon/tests/test_middleware.py: 76.95202803611755
test_process_resource_cached in /home/kaiyaok2/PythonProjects/falcon/tests/test_middleware.py: 78.20013380050659
test_process_request_cached in /home/kaiyaok2/PythonProjects/falcon/tests/test_middleware.py: 78.87911295890808
test_process_resource_cached in /home/kaiyaok2/PythonProjects/falcon/tests/test_middleware.py: 79.48803734779358
test_process_request_not_cached in /home/kaiyaok2/PythonProjects/falcon/tests/test_middleware.py: 80.03413963317871
test_process_request_cached in /home/kaiyaok2/PythonProjects/falcon/tests/test_middleware.py: 80.62477540969849
test_dont_need_params_in_signature in /home/kaiyaok2/PythonProjects/falcon/tests/test_middleware.py: 81.13254833221436
test_imported_from_c_modules in /home/kaiyaok2/PythonProjects/falcon/tests/test_cython.py: 120.46176600456238
test_stream_has_private_read in /home/kaiyaok2/PythonProjects/falcon/tests/test_cython.py: 120.48087453842163
test_redirect_with_headers in /home/kaiyaok2/PythonProjects/falcon/tests/test_redirects.py: 235.67780113220215
test_redirect_with_headers in /home/kaiyaok2/PythonProjects/falcon/tests/test_redirects.py: 236.10315942764282
test_redirect in /home/kaiyaok2/PythonProjects/falcon/tests/test_redirects.py: 236.74669766426086
test_redirect in /home/kaiyaok2/PythonProjects/falcon/tests/test_redirects.py: 237.40422797203064
test_redirect_with_headers in /home/kaiyaok2/PythonProjects/falcon/tests/test_redirects.py: 238.3894166946411
test_redirect_with_headers in /home/kaiyaok2/PythonProjects/falcon/tests/test_redirects.py: 239.0730903148651
test_redirect in /home/kaiyaok2/PythonProjects/falcon/tests/test_redirects.py: 239.68652296066284
test_redirect in /home/kaiyaok2/PythonProjects/falcon/tests/test_redirects.py: 240.25016021728516
test_redirect_with_headers in /home/kaiyaok2/PythonProjects/falcon/tests/test_redirects.py: 240.85000801086426
test_redirect in /home/kaiyaok2/PythonProjects/falcon/tests/test_redirects.py: 241.36196541786194
test_allow_credential_list_or_str in /home/kaiyaok2/PythonProjects/falcon/tests/test_cors_middleware.py: 241.89791631698608
test_expose_headers in /home/kaiyaok2/PythonProjects/falcon/tests/test_cors_middleware.py: 242.2176480293274
test_allow_credential_wildcard in /home/kaiyaok2/PythonProjects/falcon/tests/test_cors_middleware.py: 245.13907384872437
test_allow_origin in /home/kaiyaok2/PythonProjects/falcon/tests/test_cors_middleware.py: 245.41599369049072
test_allow_origin in /home/kaiyaok2/PythonProjects/falcon/tests/test_cors_middleware.py: 245.79433703422546
test_expose_headers in /home/kaiyaok2/PythonProjects/falcon/tests/test_cors_middleware.py: 246.19646739959717
test_allow_credential_list_or_str in /home/kaiyaok2/PythonProjects/falcon/tests/test_cors_middleware.py: 246.64055919647217
test_allow_credential_existing_origin in /home/kaiyaok2/PythonProjects/falcon/tests/test_cors_middleware.py: 247.34766721725464
test_expose_headers in /home/kaiyaok2/PythonProjects/falcon/tests/test_cors_middleware.py: 248.39479303359985
test_allow_origin in /home/kaiyaok2/PythonProjects/falcon/tests/test_cors_middleware.py: 249.39486122131348
test_allow_origin_allow_credential in /home/kaiyaok2/PythonProjects/falcon/tests/test_cors_middleware.py: 250.5723955631256
test_enabled_cors_should_add_extra_headers_on_response in /home/kaiyaok2/PythonProjects/falcon/tests/test_cors_middleware.py: 258.2557215690613
test_enabled_cors_no_origin in /home/kaiyaok2/PythonProjects/falcon/tests/test_cors_middleware.py: 258.54060077667236
test_enabled_cors_should_accept_all_origins_requests in /home/kaiyaok2/PythonProjects/falcon/tests/test_cors_middleware.py: 258.79213857650757
test_disabled_cors_should_not_add_any_extra_headers in /home/kaiyaok2/PythonProjects/falcon/tests/test_cors_middleware.py: 259.01662945747375
test_enabled_cors_handles_preflighting in /home/kaiyaok2/PythonProjects/falcon/tests/test_cors_middleware.py: 259.2401006221771
test_enabled_cors_handles_preflighting_no_headers_in_req in /home/kaiyaok2/PythonProjects/falcon/tests/test_cors_middleware.py: 259.44386649131775
test_type_mismatch in /home/kaiyaok2/PythonProjects/falcon/tests/asgi/test_asgi_servers.py: 278.6857430934906
test_close_code_on_unhandled_http_error in /home/kaiyaok2/PythonProjects/falcon/tests/asgi/test_asgi_servers.py: 294.24178099632263
test_rejected in /home/kaiyaok2/PythonProjects/falcon/tests/asgi/test_asgi_servers.py: 310.7654550075531
test_rejected in /home/kaiyaok2/PythonProjects/falcon/tests/asgi/test_asgi_servers.py: 326.67675018310547
test_hello in /home/kaiyaok2/PythonProjects/falcon/tests/asgi/test_asgi_servers.py: 342.20305037498474
test_recv_before_accept in /home/kaiyaok2/PythonProjects/falcon/tests/asgi/test_asgi_servers.py: 357.93332409858704
test_missing_responder in /home/kaiyaok2/PythonProjects/falcon/tests/asgi/test_asgi_servers.py: 373.2457711696625
test_select_subprotocol_unknown in /home/kaiyaok2/PythonProjects/falcon/tests/asgi/test_asgi_servers.py: 384.20458912849426
test_rejected in /home/kaiyaok2/PythonProjects/falcon/tests/asgi/test_asgi_servers.py: 399.8936905860901
test_send_before_accept in /home/kaiyaok2/PythonProjects/falcon/tests/asgi/test_asgi_servers.py: 415.7645049095154
test_invalid_close_code in /home/kaiyaok2/PythonProjects/falcon/tests/asgi/test_asgi_servers.py: 431.4364514350891
test_rejected in /home/kaiyaok2/PythonProjects/falcon/tests/asgi/test_asgi_servers.py: 447.84314823150635
test_type_mismatch in /home/kaiyaok2/PythonProjects/falcon/tests/asgi/test_asgi_servers.py: 463.4317362308502
test_type_mismatch in /home/kaiyaok2/PythonProjects/falcon/tests/asgi/test_asgi_servers.py: 479.0204973220825
test_hello in /home/kaiyaok2/PythonProjects/falcon/tests/asgi/test_asgi_servers.py: 494.49876832962036
test_passing_path_params in /home/kaiyaok2/PythonProjects/falcon/tests/asgi/test_asgi_servers.py: 500.10943841934204
test_select_subprotocol_known in /home/kaiyaok2/PythonProjects/falcon/tests/asgi/test_asgi_servers.py: 506.18446493148804
test_hello in /home/kaiyaok2/PythonProjects/falcon/tests/asgi/test_asgi_servers.py: 516.8511850833893
test_select_subprotocol_known in /home/kaiyaok2/PythonProjects/falcon/tests/asgi/test_asgi_servers.py: 522.3376111984253
test_close_code_on_unhandled_error in /home/kaiyaok2/PythonProjects/falcon/tests/asgi/test_asgi_servers.py: 527.8653507232666
test_disconnecting_client_early in /home/kaiyaok2/PythonProjects/falcon/tests/asgi/test_asgi_servers.py: 533.2184898853302
test_type_mismatch in /home/kaiyaok2/PythonProjects/falcon/tests/asgi/test_asgi_servers.py: 549.0332701206207
test_hello in /home/kaiyaok2/PythonProjects/falcon/tests/asgi/test_asgi_servers.py: 564.9707205295563
test_get in /home/kaiyaok2/PythonProjects/falcon/tests/asgi/test_asgi_servers.py: 580.5981492996216
test_stream_chunked_request in /home/kaiyaok2/PythonProjects/falcon/tests/asgi/test_asgi_servers.py: 596.1683149337769
test_post_read_bounded_stream_no_body in /home/kaiyaok2/PythonProjects/falcon/tests/asgi/test_asgi_servers.py: 611.9056341648102
test_put in /home/kaiyaok2/PythonProjects/falcon/tests/asgi/test_asgi_servers.py: 627.2046949863434
test_post_multiple in /home/kaiyaok2/PythonProjects/falcon/tests/asgi/test_asgi_servers.py: 644.815948009491
test_post_read_bounded_stream_large in /home/kaiyaok2/PythonProjects/falcon/tests/asgi/test_asgi_servers.py: 660.3552160263062
test_sse in /home/kaiyaok2/PythonProjects/falcon/tests/asgi/test_asgi_servers.py: 675.8415629863739
test_sse_client_disconnects_early in /home/kaiyaok2/PythonProjects/falcon/tests/asgi/test_asgi_servers.py: 691.1632578372955
test_post_multipart_form in /home/kaiyaok2/PythonProjects/falcon/tests/asgi/test_asgi_servers.py: 706.6804144382477
test_post_invalid_content_length in /home/kaiyaok2/PythonProjects/falcon/tests/asgi/test_asgi_servers.py: 721.9936814308167
test_post_read_bounded_stream in /home/kaiyaok2/PythonProjects/falcon/tests/asgi/test_asgi_servers.py: 737.3948121070862
test_head_405 in /home/kaiyaok2/PythonProjects/falcon/tests/asgi/test_asgi_servers.py: 752.8393054008484
test_field_validator in /home/kaiyaok2/PythonProjects/falcon/tests/test_before_hooks.py: 753.5557773113251
test_field_validator in /home/kaiyaok2/PythonProjects/falcon/tests/test_before_hooks.py: 754.2011475563049
test_input_validator_inherited in /home/kaiyaok2/PythonProjects/falcon/tests/test_before_hooks.py: 754.6026451587677
test_piggybacking_resource_post_item in /home/kaiyaok2/PythonProjects/falcon/tests/test_before_hooks.py: 754.9068524837494
test_param_validator in /home/kaiyaok2/PythonProjects/falcon/tests/test_before_hooks.py: 755.3166818618774
test_wrapped_resource_with_hooks_aware_of_resource in /home/kaiyaok2/PythonProjects/falcon/tests/test_before_hooks.py: 755.8307130336761
test_wrapped_resource in /home/kaiyaok2/PythonProjects/falcon/tests/test_before_hooks.py: 756.4701974391937
test_input_validator in /home/kaiyaok2/PythonProjects/falcon/tests/test_before_hooks.py: 759.940375328064
test_field_validator in /home/kaiyaok2/PythonProjects/falcon/tests/test_before_hooks.py: 760.1641540527344
test_multiple_resource_hooks in /home/kaiyaok2/PythonProjects/falcon/tests/test_before_hooks.py: 760.3993210792542
test_piggybacking_resource_post_and_delete in /home/kaiyaok2/PythonProjects/falcon/tests/test_before_hooks.py: 760.6316914558411
test_multiple_resource_hooks in /home/kaiyaok2/PythonProjects/falcon/tests/test_before_hooks.py: 760.8973133563995
test_cookie_max_age_float_and_string in /home/kaiyaok2/PythonProjects/falcon/tests/test_cookies.py: 765.5875878334045
test_cookie_max_age_float_and_string in /home/kaiyaok2/PythonProjects/falcon/tests/test_cookies.py: 765.9463405609131
test_lax_same_site_value in /home/kaiyaok2/PythonProjects/falcon/tests/test_cookies.py: 766.2789435386658
test_none_same_site_value in /home/kaiyaok2/PythonProjects/falcon/tests/test_cookies.py: 771.2254774570465
test_strict_same_site_value in /home/kaiyaok2/PythonProjects/falcon/tests/test_cookies.py: 771.9149599075317
test_cookie_expires_aware in /home/kaiyaok2/PythonProjects/falcon/tests/test_cookies.py: 772.4255945682526
test_response_base_case in /home/kaiyaok2/PythonProjects/falcon/tests/test_cookies.py: 772.9373364448547
test_unset_cookies in /home/kaiyaok2/PythonProjects/falcon/tests/test_cookies.py: 773.5494599342346
test_cookies_setable in /home/kaiyaok2/PythonProjects/falcon/tests/test_cookies.py: 774.0769271850586
test_response_disable_secure_globally in /home/kaiyaok2/PythonProjects/falcon/tests/test_cookies.py: 774.6154730319977
test_cookie_expires_naive in /home/kaiyaok2/PythonProjects/falcon/tests/test_cookies.py: 775.1379046440125
test_response_unset_cookie in /home/kaiyaok2/PythonProjects/falcon/tests/test_cookies.py: 775.591673374176
test_unset_cookies_samesite in /home/kaiyaok2/PythonProjects/falcon/tests/test_cookies.py: 775.933361530304
test_response_complex_case in /home/kaiyaok2/PythonProjects/falcon/tests/test_cookies.py: 779.8900187015533
test_same_site_empty_string in /home/kaiyaok2/PythonProjects/falcon/tests/test_cookies.py: 780.0832006931305
test_cookie_timezone in /home/kaiyaok2/PythonProjects/falcon/tests/test_cookies.py: 780.2478446960449
test_float_converter in /home/kaiyaok2/PythonProjects/falcon/tests/test_uri_templates.py: 780.7345819473267
test_datetime_converter in /home/kaiyaok2/PythonProjects/falcon/tests/test_uri_templates.py: 781.0471713542938
test_float_converter in /home/kaiyaok2/PythonProjects/falcon/tests/test_uri_templates.py: 781.3219375610352
test_int_converter_rejections in /home/kaiyaok2/PythonProjects/falcon/tests/test_uri_templates.py: 781.6017954349518
test_uuid_converter in /home/kaiyaok2/PythonProjects/falcon/tests/test_uri_templates.py: 781.9314806461334
test_single in /home/kaiyaok2/PythonProjects/falcon/tests/test_uri_templates.py: 782.2960450649261
test_float_converter in /home/kaiyaok2/PythonProjects/falcon/tests/test_uri_templates.py: 782.6721317768097
test_single_trailing_slash in /home/kaiyaok2/PythonProjects/falcon/tests/test_uri_templates.py: 786.3334867954254
test_uuid_converter in /home/kaiyaok2/PythonProjects/falcon/tests/test_uri_templates.py: 786.5104811191559
test_root_path in /home/kaiyaok2/PythonProjects/falcon/tests/test_uri_templates.py: 786.6939077377319
test_float_converter in /home/kaiyaok2/PythonProjects/falcon/tests/test_uri_templates.py: 786.8798065185547
test_float_converter in /home/kaiyaok2/PythonProjects/falcon/tests/test_uri_templates.py: 787.0267038345337
test_float_converter_non_finite_allowed in /home/kaiyaok2/PythonProjects/falcon/tests/test_uri_templates.py: 787.1879630088806
test_uuid_converter in /home/kaiyaok2/PythonProjects/falcon/tests/test_uri_templates.py: 787.3448894023895
test_float_converter in /home/kaiyaok2/PythonProjects/falcon/tests/test_uri_templates.py: 787.5459096431732
test_uuid_converter in /home/kaiyaok2/PythonProjects/falcon/tests/test_uri_templates.py: 787.7197167873383
test_float_converter_non_finite_disallowed in /home/kaiyaok2/PythonProjects/falcon/tests/test_uri_templates.py: 787.8989570140839
test_float_converter in /home/kaiyaok2/PythonProjects/falcon/tests/test_uri_templates.py: 791.8361029624939
test_int_converter in /home/kaiyaok2/PythonProjects/falcon/tests/test_uri_templates.py: 792.1433579921722
test_single in /home/kaiyaok2/PythonProjects/falcon/tests/test_uri_templates.py: 792.4637796878815
test_float_converter in /home/kaiyaok2/PythonProjects/falcon/tests/test_uri_templates.py: 792.8383977413177
test_uuid_converter_complex_segment in /home/kaiyaok2/PythonProjects/falcon/tests/test_uri_templates.py: 793.1552941799164
test_special_chars in /home/kaiyaok2/PythonProjects/falcon/tests/test_uri_templates.py: 793.4648795127869
test_float_converter in /home/kaiyaok2/PythonProjects/falcon/tests/test_uri_templates.py: 793.8808038234711
test_datetime_converter in /home/kaiyaok2/PythonProjects/falcon/tests/test_uri_templates.py: 794.3908514976501
test_uuid_converter in /home/kaiyaok2/PythonProjects/falcon/tests/test_uri_templates.py: 798.5354292392731
test_int_converter in /home/kaiyaok2/PythonProjects/falcon/tests/test_uri_templates.py: 798.9126532077789
test_no_vars in /home/kaiyaok2/PythonProjects/falcon/tests/test_uri_templates.py: 799.3056147098541
test_datetime_converter in /home/kaiyaok2/PythonProjects/falcon/tests/test_uri_templates.py: 799.6351006031036
test_int_converter_rejections in /home/kaiyaok2/PythonProjects/falcon/tests/test_uri_templates.py: 799.9523367881775
test_multiple in /home/kaiyaok2/PythonProjects/falcon/tests/test_uri_templates.py: 800.28524518013
test_int_converter in /home/kaiyaok2/PythonProjects/falcon/tests/test_uri_templates.py: 800.6233179569244
test_same_level_complex_var in /home/kaiyaok2/PythonProjects/falcon/tests/test_uri_templates.py: 800.8760685920715
test_adding_suffix_routes in /home/kaiyaok2/PythonProjects/falcon/tests/test_uri_templates.py: 801.1238729953766
test_converter_custom in /home/kaiyaok2/PythonProjects/falcon/tests/test_uri_templates.py: 801.3619084358215
test_with_and_without_trailing_slash in /home/kaiyaok2/PythonProjects/falcon/tests/test_uri_templates.py: 804.9203174114227
test_int_converter in /home/kaiyaok2/PythonProjects/falcon/tests/test_uri_templates.py: 805.217068195343
test_float_converter_non_finite_allowed in /home/kaiyaok2/PythonProjects/falcon/tests/test_uri_templates.py: 805.4762010574341
test_float_converter in /home/kaiyaok2/PythonProjects/falcon/tests/test_uri_templates.py: 805.709367275238
test_with_and_without_trailing_slash in /home/kaiyaok2/PythonProjects/falcon/tests/test_uri_templates.py: 806.0310409069061
test_single_path_segment in /home/kaiyaok2/PythonProjects/falcon/tests/test_uri_templates.py: 806.3146529197693
test_uuid_converter in /home/kaiyaok2/PythonProjects/falcon/tests/test_uri_templates.py: 806.556282043457
test_float_converter_non_finite_allowed in /home/kaiyaok2/PythonProjects/falcon/tests/test_uri_templates.py: 806.8068161010742
test_datetime_converter in /home/kaiyaok2/PythonProjects/falcon/tests/test_uri_templates.py: 807.0683047771454
test_converter_custom in /home/kaiyaok2/PythonProjects/falcon/tests/test_uri_templates.py: 810.6947219371796
test_float_converter in /home/kaiyaok2/PythonProjects/falcon/tests/test_uri_templates.py: 810.9183804988861
test_float_converter in /home/kaiyaok2/PythonProjects/falcon/tests/test_uri_templates.py: 811.137419462204
test_single in /home/kaiyaok2/PythonProjects/falcon/tests/test_uri_templates.py: 811.4107098579407
test_converter_custom in /home/kaiyaok2/PythonProjects/falcon/tests/test_uri_templates.py: 811.6783685684204
test_int_converter_rejections in /home/kaiyaok2/PythonProjects/falcon/tests/test_uri_templates.py: 811.9357783794403
test_same_level_complex_var in /home/kaiyaok2/PythonProjects/falcon/tests/test_uri_templates.py: 812.2282221317291
test_static_file in /home/kaiyaok2/PythonProjects/falcon/tests/test_wsgi_servers.py: 843.1332552433014
test_static_file_byte_range in /home/kaiyaok2/PythonProjects/falcon/tests/test_wsgi_servers.py: 873.454687833786
test_static_file_byte_range in /home/kaiyaok2/PythonProjects/falcon/tests/test_wsgi_servers.py: 903.7986967563629
test_static_file_byte_range in /home/kaiyaok2/PythonProjects/falcon/tests/test_wsgi_servers.py: 934.3153920173645
test_static_file_byte_range in /home/kaiyaok2/PythonProjects/falcon/tests/test_wsgi_servers.py: 964.7035932540894
test_get in /home/kaiyaok2/PythonProjects/falcon/tests/test_wsgi_servers.py: 994.9535813331604
test_static_file_byte_range in /home/kaiyaok2/PythonProjects/falcon/tests/test_wsgi_servers.py: 1025.3761353492737
test_post_multipart_form in /home/kaiyaok2/PythonProjects/falcon/tests/test_wsgi_servers.py: 1055.7932891845703
test_static_file_byte_range in /home/kaiyaok2/PythonProjects/falcon/tests/test_wsgi_servers.py: 1086.0171012878418
test_get in /home/kaiyaok2/PythonProjects/falcon/tests/test_wsgi_servers.py: 1116.412270307541
test_static_file_byte_range in /home/kaiyaok2/PythonProjects/falcon/tests/test_wsgi_servers.py: 1146.838087797165
test_static_file in /home/kaiyaok2/PythonProjects/falcon/tests/test_wsgi_servers.py: 1177.4298672676086
test_get_deprecated in /home/kaiyaok2/PythonProjects/falcon/tests/test_wsgi_servers.py: 1207.896547794342
test_get_deprecated in /home/kaiyaok2/PythonProjects/falcon/tests/test_wsgi_servers.py: 1238.3595519065857
test_static_file_byte_range in /home/kaiyaok2/PythonProjects/falcon/tests/test_wsgi_servers.py: 1268.8981523513794
test_post_multipart_form in /home/kaiyaok2/PythonProjects/falcon/tests/test_wsgi_servers.py: 1299.5573515892029
test_client_simulate_aliases in /home/kaiyaok2/PythonProjects/falcon/tests/test_testing.py: 1299.7883007526398
test_client_simulate_aliases in /home/kaiyaok2/PythonProjects/falcon/tests/test_testing.py: 1299.8776757717133
test_client_simulate_aliases in /home/kaiyaok2/PythonProjects/falcon/tests/test_testing.py: 1299.9616799354553
test_client_simulate_aliases in /home/kaiyaok2/PythonProjects/falcon/tests/test_testing.py: 1300.0631132125854
test_client_simulate_aliases in /home/kaiyaok2/PythonProjects/falcon/tests/test_testing.py: 1300.1604115962982
test_client_simulate_aliases in /home/kaiyaok2/PythonProjects/falcon/tests/test_testing.py: 1300.4029250144958
test_client_simulate_aliases in /home/kaiyaok2/PythonProjects/falcon/tests/test_testing.py: 1300.5675835609436
test_client_simulate_aliases in /home/kaiyaok2/PythonProjects/falcon/tests/test_testing.py: 1300.6996903419495
test_dont_auto_parse_by_default in /home/kaiyaok2/PythonProjects/falcon/tests/test_query_params.py: 1326.0402398109436
test_http_methods_body_expected in /home/kaiyaok2/PythonProjects/falcon/tests/test_query_params.py: 1326.2942566871643
test_http_methods_body_not_expected in /home/kaiyaok2/PythonProjects/falcon/tests/test_query_params.py: 1326.5950679779053
test_http_methods_body_expected in /home/kaiyaok2/PythonProjects/falcon/tests/test_query_params.py: 1327.0065550804138
test_empty_body_no_content_length in /home/kaiyaok2/PythonProjects/falcon/tests/test_query_params.py: 1327.4689056873322
test_http_methods_body_expected in /home/kaiyaok2/PythonProjects/falcon/tests/test_query_params.py: 1331.9689574241638
test_empty_body in /home/kaiyaok2/PythonProjects/falcon/tests/test_query_params.py: 1332.2324154376984
test_http_methods_body_expected in /home/kaiyaok2/PythonProjects/falcon/tests/test_query_params.py: 1332.4593827724457
test_http_methods_body_not_expected in /home/kaiyaok2/PythonProjects/falcon/tests/test_query_params.py: 1332.6908357143402
test_explicitly_disable_auto_parse in /home/kaiyaok2/PythonProjects/falcon/tests/test_query_params.py: 1332.9249699115753
test_non_ascii in /home/kaiyaok2/PythonProjects/falcon/tests/test_query_params.py: 1333.1546258926392
test_asgi_raises_error in /home/kaiyaok2/PythonProjects/falcon/tests/test_query_params.py: 1333.3883218765259
test_http_methods_body_expected in /home/kaiyaok2/PythonProjects/falcon/tests/test_query_params.py: 1333.7264766693115
test_float in /home/kaiyaok2/PythonProjects/falcon/tests/test_query_params.py: 1337.9448692798615
test_multiple_keys_as_int in /home/kaiyaok2/PythonProjects/falcon/tests/test_query_params.py: 1338.3500702381134
test_multiple_form_keys_as_list in /home/kaiyaok2/PythonProjects/falcon/tests/test_query_params.py: 1338.6283779144287
test_multiple_form_keys in /home/kaiyaok2/PythonProjects/falcon/tests/test_query_params.py: 1338.9116396903992
test_param_property in /home/kaiyaok2/PythonProjects/falcon/tests/test_query_params.py: 1339.2906968593597
test_option_auto_parse_qs_csv_multiple_fields_true in /home/kaiyaok2/PythonProjects/falcon/tests/test_query_params.py: 1339.7656645774841
test_required in /home/kaiyaok2/PythonProjects/falcon/tests/test_query_params.py: 1344.1227419376373
test_default_auto_parse_csv_behaviour in /home/kaiyaok2/PythonProjects/falcon/tests/test_query_params.py: 1344.6316940784454
test_option_auto_parse_qs_csv_multiple_fields_true in /home/kaiyaok2/PythonProjects/falcon/tests/test_query_params.py: 1344.9221391677856
test_get_dict_valid in /home/kaiyaok2/PythonProjects/falcon/tests/test_query_params.py: 1345.4846765995026
test_none in /home/kaiyaok2/PythonProjects/falcon/tests/test_query_params.py: 1346.022696018219
test_allowed_names in /home/kaiyaok2/PythonProjects/falcon/tests/test_query_params.py: 1346.551565170288
test_get_datetime_valid_with_format in /home/kaiyaok2/PythonProjects/falcon/tests/test_query_params.py: 1346.970734834671
test_param_property in /home/kaiyaok2/PythonProjects/falcon/tests/test_query_params.py: 1347.5321681499481
test_required in /home/kaiyaok2/PythonProjects/falcon/tests/test_query_params.py: 1352.9631896018982
test_get_param_as_json_handler_json in /home/kaiyaok2/PythonProjects/falcon/tests/test_query_params.py: 1353.6268117427826
test_option_auto_parse_qs_csv_multiple_fields_true in /home/kaiyaok2/PythonProjects/falcon/tests/test_query_params.py: 1354.1954956054688
test_get_dict_invalid in /home/kaiyaok2/PythonProjects/falcon/tests/test_query_params.py: 1354.866837978363
test_option_auto_parse_qs_csv_multiple_fields_true in /home/kaiyaok2/PythonProjects/falcon/tests/test_query_params.py: 1355.5286874771118
test_get_dict_invalid in /home/kaiyaok2/PythonProjects/falcon/tests/test_query_params.py: 1356.0187015533447
test_option_auto_parse_qs_csv_multiple_fields_true in /home/kaiyaok2/PythonProjects/falcon/tests/test_query_params.py: 1356.5637030601501
test_int in /home/kaiyaok2/PythonProjects/falcon/tests/test_query_params.py: 1357.0688631534576
test_get_dict_missing_param in /home/kaiyaok2/PythonProjects/falcon/tests/test_query_params.py: 1362.4623291492462
test_get_date_missing_param in /home/kaiyaok2/PythonProjects/falcon/tests/test_query_params.py: 1363.3426504135132
test_boolean in /home/kaiyaok2/PythonProjects/falcon/tests/test_query_params.py: 1364.2558171749115
test_default_auto_parse_csv_behaviour in /home/kaiyaok2/PythonProjects/falcon/tests/test_query_params.py: 1365.0385208129883
test_multiple_keys_as_float in /home/kaiyaok2/PythonProjects/falcon/tests/test_query_params.py: 1365.743094444275
test_float_neg in /home/kaiyaok2/PythonProjects/falcon/tests/test_query_params.py: 1366.4294068813324
test_option_auto_parse_qs_csv_multiple_fields_true in /home/kaiyaok2/PythonProjects/falcon/tests/test_query_params.py: 1372.3331246376038
test_option_auto_parse_qs_csv_simple_false in /home/kaiyaok2/PythonProjects/falcon/tests/test_query_params.py: 1373.0330550670624
test_get_date_valid_with_format in /home/kaiyaok2/PythonProjects/falcon/tests/test_query_params.py: 1373.5544619560242
test_boolean_blank in /home/kaiyaok2/PythonProjects/falcon/tests/test_query_params.py: 1374.2217168807983
test_option_auto_parse_qs_csv_multiple_fields_true in /home/kaiyaok2/PythonProjects/falcon/tests/test_query_params.py: 1374.6373269557953
test_option_auto_parse_qs_csv_simple_true in /home/kaiyaok2/PythonProjects/falcon/tests/test_query_params.py: 1374.9980063438416
test_int in /home/kaiyaok2/PythonProjects/falcon/tests/test_query_params.py: 1375.4078052043915
test_list_type_blank in /home/kaiyaok2/PythonProjects/falcon/tests/test_query_params.py: 1378.7453112602234
test_multiple_keys_as_int in /home/kaiyaok2/PythonProjects/falcon/tests/test_query_params.py: 1379.2211117744446
test_option_auto_parse_qs_csv_multiple_fields_true in /home/kaiyaok2/PythonProjects/falcon/tests/test_query_params.py: 1379.7066714763641
test_list_type in /home/kaiyaok2/PythonProjects/falcon/tests/test_query_params.py: 1380.1288659572601
test_get_datetime_missing_param in /home/kaiyaok2/PythonProjects/falcon/tests/test_query_params.py: 1380.6154890060425
test_option_auto_parse_qs_csv_complex_false in /home/kaiyaok2/PythonProjects/falcon/tests/test_query_params.py: 1381.197688817978
test_boolean_blank in /home/kaiyaok2/PythonProjects/falcon/tests/test_query_params.py: 1381.6649775505066
test_get_datetime_valid_with_format in /home/kaiyaok2/PythonProjects/falcon/tests/test_query_params.py: 1387.3202850818634
test_get_date_invalid in /home/kaiyaok2/PythonProjects/falcon/tests/test_query_params.py: 1388.0384323596954
test_bad_percentage in /home/kaiyaok2/PythonProjects/falcon/tests/test_query_params.py: 1388.681313276291
test_has_param in /home/kaiyaok2/PythonProjects/falcon/tests/test_query_params.py: 1389.1098048686981
test_option_auto_parse_qs_csv_multiple_fields_true in /home/kaiyaok2/PythonProjects/falcon/tests/test_query_params.py: 1389.6214096546173
test_get_date_missing_param in /home/kaiyaok2/PythonProjects/falcon/tests/test_query_params.py: 1390.1921164989471
test_required in /home/kaiyaok2/PythonProjects/falcon/tests/test_query_params.py: 1390.8293731212616
test_option_auto_parse_qs_csv_multiple_fields_true in /home/kaiyaok2/PythonProjects/falcon/tests/test_query_params.py: 1395.671876192093
test_get_date_store in /home/kaiyaok2/PythonProjects/falcon/tests/test_query_params.py: 1396.1053149700165
test_percent_encoded in /home/kaiyaok2/PythonProjects/falcon/tests/test_query_params.py: 1396.4939427375793
test_list_type_blank in /home/kaiyaok2/PythonProjects/falcon/tests/test_query_params.py: 1396.853865146637
test_get_date_store in /home/kaiyaok2/PythonProjects/falcon/tests/test_query_params.py: 1397.4864573478699
test_get_date_valid_with_format in /home/kaiyaok2/PythonProjects/falcon/tests/test_query_params.py: 1397.975107908249
test_required in /home/kaiyaok2/PythonProjects/falcon/tests/test_query_params.py: 1398.4581212997437
test_option_auto_parse_qs_csv_multiple_fields_true in /home/kaiyaok2/PythonProjects/falcon/tests/test_query_params.py: 1401.8311607837677
test_multiple_keys_as_bool in /home/kaiyaok2/PythonProjects/falcon/tests/test_query_params.py: 1402.0901486873627
test_none in /home/kaiyaok2/PythonProjects/falcon/tests/test_query_params.py: 1402.3904712200165
test_get_datetime_store in /home/kaiyaok2/PythonProjects/falcon/tests/test_query_params.py: 1402.8282556533813
test_get_datetime_missing_param in /home/kaiyaok2/PythonProjects/falcon/tests/test_query_params.py: 1403.5235931873322
test_uuid in /home/kaiyaok2/PythonProjects/falcon/tests/test_query_params.py: 1404.2708945274353
test_get_param_as_json_no_handler_json in /home/kaiyaok2/PythonProjects/falcon/tests/test_query_params.py: 1410.3016781806946
test_required in /home/kaiyaok2/PythonProjects/falcon/tests/test_query_params.py: 1410.8871836662292
test_required in /home/kaiyaok2/PythonProjects/falcon/tests/test_query_params.py: 1411.740082502365
test_get_datetime_store in /home/kaiyaok2/PythonProjects/falcon/tests/test_query_params.py: 1412.4630963802338
test_list_transformer in /home/kaiyaok2/PythonProjects/falcon/tests/test_query_params.py: 1413.165559053421
test_get_datetime_valid in /home/kaiyaok2/PythonProjects/falcon/tests/test_query_params.py: 1413.9976680278778
test_required in /home/kaiyaok2/PythonProjects/falcon/tests/test_query_params.py: 1414.7337291240692
test_blank in /home/kaiyaok2/PythonProjects/falcon/tests/test_query_params.py: 1419.658124446869
test_required in /home/kaiyaok2/PythonProjects/falcon/tests/test_query_params.py: 1419.8973803520203
test_get_datetime_invalid in /home/kaiyaok2/PythonProjects/falcon/tests/test_query_params.py: 1420.1834943294525
test_bad_percentage in /home/kaiyaok2/PythonProjects/falcon/tests/test_query_params.py: 1420.5681431293488
test_default in /home/kaiyaok2/PythonProjects/falcon/tests/test_query_params.py: 1420.9418714046478
test_get_date_invalid in /home/kaiyaok2/PythonProjects/falcon/tests/test_query_params.py: 1421.5166656970978
test_required in /home/kaiyaok2/PythonProjects/falcon/tests/test_query_params.py: 1422.188311100006
test_option_auto_parse_qs_csv_multiple_fields_true in /home/kaiyaok2/PythonProjects/falcon/tests/test_query_params.py: 1427.7285788059235
test_get_date_valid in /home/kaiyaok2/PythonProjects/falcon/tests/test_query_params.py: 1428.300597190857
test_multiple_keys_as_float in /home/kaiyaok2/PythonProjects/falcon/tests/test_query_params.py: 1428.8957283496857
test_required in /home/kaiyaok2/PythonProjects/falcon/tests/test_query_params.py: 1429.8546810150146
test_blank in /home/kaiyaok2/PythonProjects/falcon/tests/test_query_params.py: 1430.5619223117828
test_get_dict_valid in /home/kaiyaok2/PythonProjects/falcon/tests/test_query_params.py: 1431.2555816173553
test_multiple_form_keys in /home/kaiyaok2/PythonProjects/falcon/tests/test_query_params.py: 1431.997796535492
test_multiple_form_keys_as_list in /home/kaiyaok2/PythonProjects/falcon/tests/test_query_params.py: 1437.958411693573
test_option_auto_parse_qs_csv_multiple_fields_true in /home/kaiyaok2/PythonProjects/falcon/tests/test_query_params.py: 1438.730697631836
test_option_auto_parse_qs_csv_multiple_fields_true in /home/kaiyaok2/PythonProjects/falcon/tests/test_query_params.py: 1439.3005950450897
test_option_auto_parse_qs_csv_multiple_fields_true in /home/kaiyaok2/PythonProjects/falcon/tests/test_query_params.py: 1439.9182786941528
test_get_datetime_invalid in /home/kaiyaok2/PythonProjects/falcon/tests/test_query_params.py: 1440.6885364055634
test_allowed_names in /home/kaiyaok2/PythonProjects/falcon/tests/test_query_params.py: 1441.5047585964203
test_required in /home/kaiyaok2/PythonProjects/falcon/tests/test_query_params.py: 1442.2195627689362
test_option_auto_parse_qs_csv_multiple_fields_true in /home/kaiyaok2/PythonProjects/falcon/tests/test_query_params.py: 1446.2981266975403
test_option_auto_parse_qs_csv_simple_true in /home/kaiyaok2/PythonProjects/falcon/tests/test_query_params.py: 1446.6719806194305
test_required in /home/kaiyaok2/PythonProjects/falcon/tests/test_query_params.py: 1447.0677497386932
test_get_dict_store in /home/kaiyaok2/PythonProjects/falcon/tests/test_query_params.py: 1447.491967201233
test_int_neg in /home/kaiyaok2/PythonProjects/falcon/tests/test_query_params.py: 1447.973394393921
test_simple in /home/kaiyaok2/PythonProjects/falcon/tests/test_query_params.py: 1448.4197602272034
test_option_auto_parse_qs_csv_multiple_fields_true in /home/kaiyaok2/PythonProjects/falcon/tests/test_query_params.py: 1449.1987135410309
test_list_type in /home/kaiyaok2/PythonProjects/falcon/tests/test_query_params.py: 1449.887284040451
test_has_param in /home/kaiyaok2/PythonProjects/falcon/tests/test_query_params.py: 1454.7047555446625
test_boolean in /home/kaiyaok2/PythonProjects/falcon/tests/test_query_params.py: 1454.9485981464386
test_default in /home/kaiyaok2/PythonProjects/falcon/tests/test_query_params.py: 1455.1935186386108
test_option_auto_parse_qs_csv_complex_false in /home/kaiyaok2/PythonProjects/falcon/tests/test_query_params.py: 1455.5921449661255
test_get_date_valid in /home/kaiyaok2/PythonProjects/falcon/tests/test_query_params.py: 1456.122465133667
test_float_neg in /home/kaiyaok2/PythonProjects/falcon/tests/test_query_params.py: 1456.785484790802
test_multiple_keys_as_bool in /home/kaiyaok2/PythonProjects/falcon/tests/test_query_params.py: 1461.7415189743042
test_get_dict_store in /home/kaiyaok2/PythonProjects/falcon/tests/test_query_params.py: 1462.2693014144897
test_percent_encoded in /home/kaiyaok2/PythonProjects/falcon/tests/test_query_params.py: 1462.5860488414764
test_simple in /home/kaiyaok2/PythonProjects/falcon/tests/test_query_params.py: 1463.0593483448029
test_option_auto_parse_qs_csv_simple_false in /home/kaiyaok2/PythonProjects/falcon/tests/test_query_params.py: 1463.5248696804047
test_option_auto_parse_qs_csv_multiple_fields_false in /home/kaiyaok2/PythonProjects/falcon/tests/test_query_params.py: 1463.8817539215088
test_option_auto_parse_qs_csv_multiple_fields_false in /home/kaiyaok2/PythonProjects/falcon/tests/test_query_params.py: 1464.2223410606384
test_float in /home/kaiyaok2/PythonProjects/falcon/tests/test_query_params.py: 1464.5787692070007
test_uuid in /home/kaiyaok2/PythonProjects/falcon/tests/test_query_params.py: 1468.9111907482147
test_option_auto_parse_qs_csv_multiple_fields_true in /home/kaiyaok2/PythonProjects/falcon/tests/test_query_params.py: 1469.3601832389832
test_get_datetime_valid in /home/kaiyaok2/PythonProjects/falcon/tests/test_query_params.py: 1469.8545007705688
test_int_neg in /home/kaiyaok2/PythonProjects/falcon/tests/test_query_params.py: 1470.5324249267578
test_list_transformer in /home/kaiyaok2/PythonProjects/falcon/tests/test_query_params.py: 1471.2722744941711
test_get_dict_missing_param in /home/kaiyaok2/PythonProjects/falcon/tests/test_query_params.py: 1472.1036484241486
test_override_method_with_extras in /home/kaiyaok2/PythonProjects/falcon/tests/test_utils.py: 1473.045482158661
test_simulate_remote_addr in /home/kaiyaok2/PythonProjects/falcon/tests/test_utils.py: 1476.843992471695
test_status in /home/kaiyaok2/PythonProjects/falcon/tests/test_utils.py: 1477.068900346756
test_default_headers_with_override in /home/kaiyaok2/PythonProjects/falcon/tests/test_utils.py: 1477.474720954895
test_default_headers in /home/kaiyaok2/PythonProjects/falcon/tests/test_utils.py: 1478.0066983699799
test_query_string in /home/kaiyaok2/PythonProjects/falcon/tests/test_utils.py: 1478.7319679260254
test_simulate_remote_addr in /home/kaiyaok2/PythonProjects/falcon/tests/test_utils.py: 1479.5131976604462
test_query_string_no_question in /home/kaiyaok2/PythonProjects/falcon/tests/test_utils.py: 1483.7644264698029
test_path_must_start_with_slash in /home/kaiyaok2/PythonProjects/falcon/tests/test_utils.py: 1484.1294836997986
test_simulate_hostname in /home/kaiyaok2/PythonProjects/falcon/tests/test_utils.py: 1484.4448149204254
test_query_string_in_path in /home/kaiyaok2/PythonProjects/falcon/tests/test_utils.py: 1484.7785785198212
test_simulate_remote_addr in /home/kaiyaok2/PythonProjects/falcon/tests/test_utils.py: 1485.0798172950745
test_simulate_remote_addr in /home/kaiyaok2/PythonProjects/falcon/tests/test_utils.py: 1485.3915252685547
test_simulate_remote_addr in /home/kaiyaok2/PythonProjects/falcon/tests/test_utils.py: 1489.5483782291412
test_cached_text_in_result in /home/kaiyaok2/PythonProjects/falcon/tests/test_utils.py: 1489.993824005127
test_append_link_crossorigin in /home/kaiyaok2/PythonProjects/falcon/tests/test_headers.py: 1490.4789025783539
test_content_disposition_attachment_header in /home/kaiyaok2/PythonProjects/falcon/tests/test_headers.py: 1490.7478556632996
test_content_disposition_attachment_header in /home/kaiyaok2/PythonProjects/falcon/tests/test_headers.py: 1491.1289491653442
test_override_default_media_type in /home/kaiyaok2/PythonProjects/falcon/tests/test_headers.py: 1491.4567482471466
test_vary_header in /home/kaiyaok2/PythonProjects/falcon/tests/test_headers.py: 1491.8322141170502
test_unicode_headers_contain_non_ascii in /home/kaiyaok2/PythonProjects/falcon/tests/test_headers.py: 1492.2914788722992
test_unicode_headers_contain_non_ascii in /home/kaiyaok2/PythonProjects/falcon/tests/test_headers.py: 1495.6405169963837
test_content_disposition_inline_header in /home/kaiyaok2/PythonProjects/falcon/tests/test_headers.py: 1496.0698010921478
test_append_link_with_anchor in /home/kaiyaok2/PythonProjects/falcon/tests/test_headers.py: 1496.6032242774963
test_response_append_header in /home/kaiyaok2/PythonProjects/falcon/tests/test_headers.py: 1497.073056936264
test_declared_content_length_overriden_by_data_length in /home/kaiyaok2/PythonProjects/falcon/tests/test_headers.py: 1497.6429295539856
test_append_link_with_hreflang in /home/kaiyaok2/PythonProjects/falcon/tests/test_headers.py: 1498.1286976337433
test_no_content_length in /home/kaiyaok2/PythonProjects/falcon/tests/test_headers.py: 1498.485332250595
test_custom_content_type in /home/kaiyaok2/PythonProjects/falcon/tests/test_headers.py: 1498.8904547691345
test_passthrough_request_headers in /home/kaiyaok2/PythonProjects/falcon/tests/test_headers.py: 1502.478884935379
test_content_disposition_attachment_header in /home/kaiyaok2/PythonProjects/falcon/tests/test_headers.py: 1502.9919085502625
test_set_headers_with_custom_class in /home/kaiyaok2/PythonProjects/falcon/tests/test_headers.py: 1503.3361485004425
test_append_link_with_link_extension in /home/kaiyaok2/PythonProjects/falcon/tests/test_headers.py: 1503.6646010875702
test_vary_header in /home/kaiyaok2/PythonProjects/falcon/tests/test_headers.py: 1503.8784618377686
test_override_default_media_type in /home/kaiyaok2/PythonProjects/falcon/tests/test_headers.py: 1504.2027859687805
test_expires_header in /home/kaiyaok2/PythonProjects/falcon/tests/test_headers.py: 1504.607249736786
test_content_type_no_body in /home/kaiyaok2/PythonProjects/falcon/tests/test_headers.py: 1508.1067371368408
test_content_disposition_attachment_header in /home/kaiyaok2/PythonProjects/falcon/tests/test_headers.py: 1508.4539158344269
test_headers_with_custom_class_not_callable in /home/kaiyaok2/PythonProjects/falcon/tests/test_headers.py: 1508.785681962967
test_append_link_crossorigin in /home/kaiyaok2/PythonProjects/falcon/tests/test_headers.py: 1509.2255880832672
test_declared_content_length_on_head in /home/kaiyaok2/PythonProjects/falcon/tests/test_headers.py: 1509.5150690078735
test_request_multiple_header in /home/kaiyaok2/PythonProjects/falcon/tests/test_headers.py: 1509.8860721588135
test_default_value in /home/kaiyaok2/PythonProjects/falcon/tests/test_headers.py: 1510.3495392799377
test_append_link_single in /home/kaiyaok2/PythonProjects/falcon/tests/test_headers.py: 1510.8827941417694
test_vary_star in /home/kaiyaok2/PythonProjects/falcon/tests/test_headers.py: 1514.7069509029388
test_declared_content_length_overriden_by_body_length in /home/kaiyaok2/PythonProjects/falcon/tests/test_headers.py: 1515.0259308815002
test_append_link_crossorigin in /home/kaiyaok2/PythonProjects/falcon/tests/test_headers.py: 1515.5610527992249
test_response_header_helpers_on_get in /home/kaiyaok2/PythonProjects/falcon/tests/test_headers.py: 1516.023643732071
test_unicode_headers_contain_only_ascii in /home/kaiyaok2/PythonProjects/falcon/tests/test_headers.py: 1516.4958279132843
test_content_disposition_attachment_header in /home/kaiyaok2/PythonProjects/falcon/tests/test_headers.py: 1517.0154690742493
test_append_link_crossorigin in /home/kaiyaok2/PythonProjects/falcon/tests/test_headers.py: 1517.7403419017792
test_default_media_type in /home/kaiyaok2/PythonProjects/falcon/tests/test_headers.py: 1522.214358329773
test_unicode_headers_contain_non_ascii in /home/kaiyaok2/PythonProjects/falcon/tests/test_headers.py: 1522.578971862793
test_content_disposition_attachment_header in /home/kaiyaok2/PythonProjects/falcon/tests/test_headers.py: 1522.8986682891846
test_unset_header in /home/kaiyaok2/PythonProjects/falcon/tests/test_headers.py: 1523.3206033706665
test_no_content_length in /home/kaiyaok2/PythonProjects/falcon/tests/test_headers.py: 1523.6666762828827
test_get_header_as_int in /home/kaiyaok2/PythonProjects/falcon/tests/test_headers.py: 1524.0466787815094
test_no_content_type in /home/kaiyaok2/PythonProjects/falcon/tests/test_headers.py: 1524.5060684680939
test_unicode_location_headers in /home/kaiyaok2/PythonProjects/falcon/tests/test_headers.py: 1528.4618184566498
test_append_link_multiple in /home/kaiyaok2/PythonProjects/falcon/tests/test_headers.py: 1528.83261013031
test_append_link_with_hreflang_multi in /home/kaiyaok2/PythonProjects/falcon/tests/test_headers.py: 1529.249495267868
test_content_disposition_attachment_header in /home/kaiyaok2/PythonProjects/falcon/tests/test_headers.py: 1529.5625624656677
test_request_latin1_headers in /home/kaiyaok2/PythonProjects/falcon/tests/test_headers.py: 1529.8250451087952
test_response_set_and_get_header in /home/kaiyaok2/PythonProjects/falcon/tests/test_headers.py: 1530.1038558483124
test_append_link_complex in /home/kaiyaok2/PythonProjects/falcon/tests/test_headers.py: 1530.4683854579926
test_required_header in /home/kaiyaok2/PythonProjects/falcon/tests/test_headers.py: 1530.808968782425
test_override_default_media_type_missing_encoding in /home/kaiyaok2/PythonProjects/falcon/tests/test_headers.py: 1534.226056098938
test_content_disposition_inline_header in /home/kaiyaok2/PythonProjects/falcon/tests/test_headers.py: 1534.5398631095886
test_unset_header in /home/kaiyaok2/PythonProjects/falcon/tests/test_headers.py: 1534.8412654399872
test_unicode_headers_contain_non_ascii in /home/kaiyaok2/PythonProjects/falcon/tests/test_headers.py: 1535.1430668830872
test_declared_content_length_overridden_by_no_body in /home/kaiyaok2/PythonProjects/falcon/tests/test_headers.py: 1535.3741402626038
test_no_content_type in /home/kaiyaok2/PythonProjects/falcon/tests/test_headers.py: 1535.5655262470245
test_append_link_with_title_star in /home/kaiyaok2/PythonProjects/falcon/tests/test_headers.py: 1535.9349069595337
test_content_disposition_attachment_header in /home/kaiyaok2/PythonProjects/falcon/tests/test_headers.py: 1536.264832019806
test_content_length in /home/kaiyaok2/PythonProjects/falcon/tests/test_headers.py: 1539.7440445423126
test_headers_as_list in /home/kaiyaok2/PythonProjects/falcon/tests/test_headers.py: 1540.0850174427032
test_content_disposition_inline_header in /home/kaiyaok2/PythonProjects/falcon/tests/test_headers.py: 1540.423108100891
test_append_link_with_type_hint in /home/kaiyaok2/PythonProjects/falcon/tests/test_headers.py: 1541.1992115974426
test_append_link_crossorigin in /home/kaiyaok2/PythonProjects/falcon/tests/test_headers.py: 1541.7087574005127
test_append_link_crossorigin in /home/kaiyaok2/PythonProjects/falcon/tests/test_headers.py: 1542.1841204166412
test_append_link_with_title in /home/kaiyaok2/PythonProjects/falcon/tests/test_headers.py: 1542.619290113449
test_404_with_body in /home/kaiyaok2/PythonProjects/falcon/tests/test_httperror.py: 1547.6711604595184
test_title_default_message_if_none in /home/kaiyaok2/PythonProjects/falcon/tests/test_httperror.py: 1547.919382095337
test_405_with_body in /home/kaiyaok2/PythonProjects/falcon/tests/test_httperror.py: 1548.1552636623383
test_custom_error_serializer_optional_representation in /home/kaiyaok2/PythonProjects/falcon/tests/test_httperror.py: 1548.3715953826904
test_title_default_message_if_none in /home/kaiyaok2/PythonProjects/falcon/tests/test_httperror.py: 1548.6401107311249
test_411 in /home/kaiyaok2/PythonProjects/falcon/tests/test_httperror.py: 1548.882584810257
test_custom_serializer_no_representation in /home/kaiyaok2/PythonProjects/falcon/tests/test_httperror.py: 1549.1942727565765
test_temporary_413_datetime_retry_after in /home/kaiyaok2/PythonProjects/falcon/tests/test_httperror.py: 1549.6545116901398
test_429 in /home/kaiyaok2/PythonProjects/falcon/tests/test_httperror.py: 1552.5742061138153
test_epic_fail_json in /home/kaiyaok2/PythonProjects/falcon/tests/test_httperror.py: 1552.8542459011078
test_invalid_header in /home/kaiyaok2/PythonProjects/falcon/tests/test_httperror.py: 1553.1325054168701
test_missing_param in /home/kaiyaok2/PythonProjects/falcon/tests/test_httperror.py: 1553.3133153915405
test_client_does_not_accept_json_or_xml in /home/kaiyaok2/PythonProjects/falcon/tests/test_httperror.py: 1553.6618847846985
test_forbidden in /home/kaiyaok2/PythonProjects/falcon/tests/test_httperror.py: 1554.0908057689667
test_416 in /home/kaiyaok2/PythonProjects/falcon/tests/test_httperror.py: 1554.4821598529816
test_forbidden in /home/kaiyaok2/PythonProjects/falcon/tests/test_httperror.py: 1554.8499479293823
test_serialize_error_uses_media_handler in /home/kaiyaok2/PythonProjects/falcon/tests/test_httperror.py: 1558.1883335113525
test_unicode_xml in /home/kaiyaok2/PythonProjects/falcon/tests/test_httperror.py: 1558.4936275482178
test_410_without_body in /home/kaiyaok2/PythonProjects/falcon/tests/test_httperror.py: 1558.8672440052032
test_forbidden in /home/kaiyaok2/PythonProjects/falcon/tests/test_httperror.py: 1559.1052830219269
test_429_datetime in /home/kaiyaok2/PythonProjects/falcon/tests/test_httperror.py: 1559.3127536773682
test_custom_error_serializer_optional_representation in /home/kaiyaok2/PythonProjects/falcon/tests/test_httperror.py: 1559.5639643669128
test_missing_header in /home/kaiyaok2/PythonProjects/falcon/tests/test_httperror.py: 1559.8326964378357
test_405_without_body in /home/kaiyaok2/PythonProjects/falcon/tests/test_httperror.py: 1560.1786923408508
test_no_description_json in /home/kaiyaok2/PythonProjects/falcon/tests/test_httperror.py: 1560.5183765888214
test_413 in /home/kaiyaok2/PythonProjects/falcon/tests/test_httperror.py: 1564.1119668483734
test_epic_fail_xml in /home/kaiyaok2/PythonProjects/falcon/tests/test_httperror.py: 1564.4975922107697
test_title_default_message_if_none in /home/kaiyaok2/PythonProjects/falcon/tests/test_httperror.py: 1564.9390802383423
test_414_with_title in /home/kaiyaok2/PythonProjects/falcon/tests/test_httperror.py: 1565.385590314865
test_custom_error_serializer in /home/kaiyaok2/PythonProjects/falcon/tests/test_httperror.py: 1565.9510514736176
test_custom_error_serializer_optional_representation in /home/kaiyaok2/PythonProjects/falcon/tests/test_httperror.py: 1566.5081503391266
test_custom_error_serializer_optional_representation in /home/kaiyaok2/PythonProjects/falcon/tests/test_httperror.py: 1567.0299162864685
test_401 in /home/kaiyaok2/PythonProjects/falcon/tests/test_httperror.py: 1571.1411468982697
test_unicode_json in /home/kaiyaok2/PythonProjects/falcon/tests/test_httperror.py: 1571.4337480068207
test_epic_fail_xml in /home/kaiyaok2/PythonProjects/falcon/tests/test_httperror.py: 1571.8417081832886
test_title_default_message_if_none in /home/kaiyaok2/PythonProjects/falcon/tests/test_httperror.py: 1572.1659984588623
test_invalid_param in /home/kaiyaok2/PythonProjects/falcon/tests/test_httperror.py: 1572.5145244598389
test_405_without_body_with_extra_headers_double_check in /home/kaiyaok2/PythonProjects/falcon/tests/test_httperror.py: 1572.909470796585
test_serialize_no_json_media_handler in /home/kaiyaok2/PythonProjects/falcon/tests/test_httperror.py: 1573.3210980892181
test_429_no_retry_after in /home/kaiyaok2/PythonProjects/falcon/tests/test_httperror.py: 1573.7779881954193
test_503_datetime_retry_after in /home/kaiyaok2/PythonProjects/falcon/tests/test_httperror.py: 1574.246998310089
test_410_with_body in /home/kaiyaok2/PythonProjects/falcon/tests/test_httperror.py: 1577.4778771400452
test_414_with_custom_kwargs in /home/kaiyaok2/PythonProjects/falcon/tests/test_httperror.py: 1577.6993067264557
test_client_does_not_accept_anything in /home/kaiyaok2/PythonProjects/falcon/tests/test_httperror.py: 1577.9225015640259
test_epic_fail_xml in /home/kaiyaok2/PythonProjects/falcon/tests/test_httperror.py: 1578.1453733444214
test_title_default_message_if_none in /home/kaiyaok2/PythonProjects/falcon/tests/test_httperror.py: 1578.5026910305023
test_404_without_body in /home/kaiyaok2/PythonProjects/falcon/tests/test_httperror.py: 1578.8793892860413
test_temporary_413_integer_retry_after in /home/kaiyaok2/PythonProjects/falcon/tests/test_httperror.py: 1579.3284103870392
test_405_without_body_with_extra_headers in /home/kaiyaok2/PythonProjects/falcon/tests/test_httperror.py: 1579.8540115356445
test_title_default_message_if_none in /home/kaiyaok2/PythonProjects/falcon/tests/test_httperror.py: 1584.1086597442627
test_base_class in /home/kaiyaok2/PythonProjects/falcon/tests/test_httperror.py: 1584.3893404006958
test_414_with_description in /home/kaiyaok2/PythonProjects/falcon/tests/test_httperror.py: 1584.6590077877045
test_no_description_xml in /home/kaiyaok2/PythonProjects/falcon/tests/test_httperror.py: 1585.1795659065247
test_misc in /home/kaiyaok2/PythonProjects/falcon/tests/test_httperror.py: 1585.6997318267822
test_epic_fail_xml in /home/kaiyaok2/PythonProjects/falcon/tests/test_httperror.py: 1586.2037060260773
test_503_integer_retry_after in /home/kaiyaok2/PythonProjects/falcon/tests/test_httperror.py: 1586.718992471695
test_414 in /home/kaiyaok2/PythonProjects/falcon/tests/test_httperror.py: 1587.0499947071075
test_json_err_no_handler in /home/kaiyaok2/PythonProjects/falcon/tests/test_media_handlers.py: 1591.1980602741241
test_json_err_no_handler in /home/kaiyaok2/PythonProjects/falcon/tests/test_media_handlers.py: 1591.4498133659363
test_resource_with_uri_fields in /home/kaiyaok2/PythonProjects/falcon/tests/test_after_hooks.py: 1594.6853835582733
test_wrapped_resource_with_hooks_aware_of_resource in /home/kaiyaok2/PythonProjects/falcon/tests/test_after_hooks.py: 1595.114500284195
test_wrapped_resource in /home/kaiyaok2/PythonProjects/falcon/tests/test_after_hooks.py: 1595.5537354946136
test_wrapped_resource in /home/kaiyaok2/PythonProjects/falcon/tests/test_after_hooks.py: 1596.0963134765625
test_resource_with_uri_fields in /home/kaiyaok2/PythonProjects/falcon/tests/test_after_hooks.py: 1596.6397502422333
test_middleware in /home/kaiyaok2/PythonProjects/falcon/tests/test_inspect.py: 1597.0947461128235
test_sink in /home/kaiyaok2/PythonProjects/falcon/tests/test_inspect.py: 1597.4764258861542
test_static_routes in /home/kaiyaok2/PythonProjects/falcon/tests/test_inspect.py: 1597.8587234020233
test_error_handler in /home/kaiyaok2/PythonProjects/falcon/tests/test_inspect.py: 1598.139746427536
test_routes in /home/kaiyaok2/PythonProjects/falcon/tests/test_inspect.py: 1598.4276537895203
test_app in /home/kaiyaok2/PythonProjects/falcon/tests/test_inspect.py: 1603.8805134296417
test_middleware_tree in /home/kaiyaok2/PythonProjects/falcon/tests/test_inspect.py: 1604.4309058189392
test_inspect in /home/kaiyaok2/PythonProjects/falcon/tests/test_cmd_inspect_app.py: 1605.19349360466
test_routes_only in /home/kaiyaok2/PythonProjects/falcon/tests/test_cmd_inspect_app.py: 1605.8861310482025
test_inspect in /home/kaiyaok2/PythonProjects/falcon/tests/test_cmd_inspect_app.py: 1606.4860355854034
test_routes_only in /home/kaiyaok2/PythonProjects/falcon/tests/test_cmd_inspect_app.py: 1606.9518315792084
test_routes_only in /home/kaiyaok2/PythonProjects/falcon/tests/test_cmd_inspect_app.py: 1607.57563996315
test_routes_only in /home/kaiyaok2/PythonProjects/falcon/tests/test_cmd_inspect_app.py: 1608.3306839466095
test_inspect in /home/kaiyaok2/PythonProjects/falcon/tests/test_cmd_inspect_app.py: 1609.0552341938019
test_inspect in /home/kaiyaok2/PythonProjects/falcon/tests/test_cmd_inspect_app.py: 1609.7904272079468
test_load_app in /home/kaiyaok2/PythonProjects/falcon/tests/test_cmd_inspect_app.py: 1610.371731042862
test_load_app in /home/kaiyaok2/PythonProjects/falcon/tests/test_cmd_inspect_app.py: 1610.9147849082947
test_load_app_error in /home/kaiyaok2/PythonProjects/falcon/tests/test_cmd_inspect_app.py: 1611.427536725998
test_load_app_error in /home/kaiyaok2/PythonProjects/falcon/tests/test_cmd_inspect_app.py: 1611.8158841133118
test_load_app_error in /home/kaiyaok2/PythonProjects/falcon/tests/test_cmd_inspect_app.py: 1612.2437736988068
test_non_string_status in /home/kaiyaok2/PythonProjects/falcon/tests/test_httpstatus.py: 1612.6727850437164
test_non_string_status in /home/kaiyaok2/PythonProjects/falcon/tests/test_httpstatus.py: 1612.995512008667
test_non_string_status in /home/kaiyaok2/PythonProjects/falcon/tests/test_httpstatus.py: 1613.4221143722534
test_non_string_status in /home/kaiyaok2/PythonProjects/falcon/tests/test_httpstatus.py: 1613.8574635982513
test_non_string_status in /home/kaiyaok2/PythonProjects/falcon/tests/test_httpstatus.py: 1614.207181930542
test_non_string_status in /home/kaiyaok2/PythonProjects/falcon/tests/test_httpstatus.py: 1614.6057152748108
test_non_string_status in /home/kaiyaok2/PythonProjects/falcon/tests/test_httpstatus.py: 1614.930507183075
test_non_string_status in /home/kaiyaok2/PythonProjects/falcon/tests/test_httpstatus.py: 1618.4536201953888
test_non_string_status in /home/kaiyaok2/PythonProjects/falcon/tests/test_httpstatus.py: 1618.7037868499756
test_non_string_status in /home/kaiyaok2/PythonProjects/falcon/tests/test_httpstatus.py: 1618.8679389953613
test_non_string_status in /home/kaiyaok2/PythonProjects/falcon/tests/test_httpstatus.py: 1619.0617845058441
test_non_string_status in /home/kaiyaok2/PythonProjects/falcon/tests/test_httpstatus.py: 1619.2676830291748
test_non_string_status in /home/kaiyaok2/PythonProjects/falcon/tests/test_httpstatus.py: 1619.535943031311
test_non_string_status in /home/kaiyaok2/PythonProjects/falcon/tests/test_httpstatus.py: 1619.98797082901
test_response_body_rendition_error in /home/kaiyaok2/PythonProjects/falcon/tests/test_response_body.py: 1628.2840917110443
test_unsupported_response_content_type in /home/kaiyaok2/PythonProjects/falcon/tests/test_response_body.py: 1628.6303322315216
test_content_length_set_on_head_with_no_body in /home/kaiyaok2/PythonProjects/falcon/tests/test_response_body.py: 1629.0206453800201
test_map_http_methods in /home/kaiyaok2/PythonProjects/falcon/tests/test_http_custom_method_routing.py: 1638.235319852829
test_foo in /home/kaiyaok2/PythonProjects/falcon/tests/test_http_custom_method_routing.py: 1638.4525380134583
test_bar in /home/kaiyaok2/PythonProjects/falcon/tests/test_http_custom_method_routing.py: 1643.1040387153625
test_raise_status_in_before_hook in /home/kaiyaok2/PythonProjects/falcon/tests/test_httpstatus.py: 1643.8640532493591
test_raise_status_survives_after_hooks in /home/kaiyaok2/PythonProjects/falcon/tests/test_httpstatus.py: 1644.0542602539062
test_raise_status_runs_after_hooks in /home/kaiyaok2/PythonProjects/falcon/tests/test_httpstatus.py: 1644.3482506275177
test_raise_status_empty_body in /home/kaiyaok2/PythonProjects/falcon/tests/test_httpstatus.py: 1644.5776102542877
test_raise_status_in_responder in /home/kaiyaok2/PythonProjects/falcon/tests/test_httpstatus.py: 1644.794002532959
test_body_is_set in /home/kaiyaok2/PythonProjects/falcon/tests/test_httpstatus.py: 1645.0317709445953
test_data_is_set in /home/kaiyaok2/PythonProjects/falcon/tests/test_httpstatus.py: 1645.34002327919
test_media_is_set in /home/kaiyaok2/PythonProjects/falcon/tests/test_httpstatus.py: 1645.5790395736694
test_raise_status_in_process_request in /home/kaiyaok2/PythonProjects/falcon/tests/test_httpstatus.py: 1645.8646099567413
test_raise_status_runs_process_response in /home/kaiyaok2/PythonProjects/falcon/tests/test_httpstatus.py: 1646.0766043663025
test_raise_status_in_process_resource in /home/kaiyaok2/PythonProjects/falcon/tests/test_httpstatus.py: 1646.3067681789398
test_default_on_options in /home/kaiyaok2/PythonProjects/falcon/tests/test_http_method_routing.py: 1648.0144701004028
test_get in /home/kaiyaok2/PythonProjects/falcon/tests/test_http_method_routing.py: 1648.3393831253052
test_put in /home/kaiyaok2/PythonProjects/falcon/tests/test_http_method_routing.py: 1652.5525834560394
test_methods_not_allowed_simple in /home/kaiyaok2/PythonProjects/falcon/tests/test_http_method_routing.py: 1652.8168110847473
test_meta_and_others_disallowed in /home/kaiyaok2/PythonProjects/falcon/tests/test_http_method_routing.py: 1653.1988008022308
test_methods_not_allowed_complex in /home/kaiyaok2/PythonProjects/falcon/tests/test_http_method_routing.py: 1653.4533145427704
test_post_not_allowed in /home/kaiyaok2/PythonProjects/falcon/tests/test_http_method_routing.py: 1653.737930059433
test_misc in /home/kaiyaok2/PythonProjects/falcon/tests/test_http_method_routing.py: 1653.9307317733765
test_report in /home/kaiyaok2/PythonProjects/falcon/tests/test_http_method_routing.py: 1654.0933737754822
test_meta_and_others_disallowed in /home/kaiyaok2/PythonProjects/falcon/tests/test_http_method_routing.py: 1654.2821900844574
test_method_not_allowed_with_param in /home/kaiyaok2/PythonProjects/falcon/tests/test_http_method_routing.py: 1654.5309927463531
test_on_options in /home/kaiyaok2/PythonProjects/falcon/tests/test_http_method_routing.py: 1654.8735098838806
test_body_is_set in /home/kaiyaok2/PythonProjects/falcon/tests/test_error_handlers.py: 1655.5476353168488
test_media_is_set in /home/kaiyaok2/PythonProjects/falcon/tests/test_error_handlers.py: 1658.8941986560822
test_data_is_set in /home/kaiyaok2/PythonProjects/falcon/tests/test_error_handlers.py: 1659.2917728424072
test_converted_error in /home/kaiyaok2/PythonProjects/falcon/tests/test_error_handlers.py: 1659.5843405723572
test_uncaught_error in /home/kaiyaok2/PythonProjects/falcon/tests/test_error_handlers.py: 1659.8088705539703
test_invalid_add_exception_handler_input in /home/kaiyaok2/PythonProjects/falcon/tests/test_error_handlers.py: 1660.0646138191223
test_uncaught_python_error in /home/kaiyaok2/PythonProjects/falcon/tests/test_error_handlers.py: 1660.3966746330261
test_invalid_add_exception_handler_input in /home/kaiyaok2/PythonProjects/falcon/tests/test_error_handlers.py: 1660.8128912448883
test_subclass_error in /home/kaiyaok2/PythonProjects/falcon/tests/test_error_handlers.py: 1661.0622899532318
test_handler_multiple_exception_iterable in /home/kaiyaok2/PythonProjects/falcon/tests/test_error_handlers.py: 1661.2627131938934
test_uncaught_python_error in /home/kaiyaok2/PythonProjects/falcon/tests/test_error_handlers.py: 1664.7810089588165
test_handler_single_exception_iterable in /home/kaiyaok2/PythonProjects/falcon/tests/test_error_handlers.py: 1664.9175243377686
test_uncaught_error_else in /home/kaiyaok2/PythonProjects/falcon/tests/test_error_handlers.py: 1665.081220626831
test_error_precedence_subclass in /home/kaiyaok2/PythonProjects/falcon/tests/test_error_handlers.py: 1665.2405180931091
test_error_precedence_subclass_order_indifference in /home/kaiyaok2/PythonProjects/falcon/tests/test_error_handlers.py: 1665.437305688858
test_handler_multiple_exception_iterable in /home/kaiyaok2/PythonProjects/falcon/tests/test_error_handlers.py: 1665.751434803009
test_invalid_add_exception_handler_input in /home/kaiyaok2/PythonProjects/falcon/tests/test_error_handlers.py: 1666.0907397270203
test_handle_not_defined in /home/kaiyaok2/PythonProjects/falcon/tests/test_error_handlers.py: 1666.436113357544
test_uncaught_python_error in /home/kaiyaok2/PythonProjects/falcon/tests/test_error_handlers.py: 1666.8229157924652
test_invalid_add_exception_handler_input in /home/kaiyaok2/PythonProjects/falcon/tests/test_error_handlers.py: 1667.1264221668243
test_error_precedence_duplicate in /home/kaiyaok2/PythonProjects/falcon/tests/test_error_handlers.py: 1671.1595199108124
test_caught_error in /home/kaiyaok2/PythonProjects/falcon/tests/test_error_handlers.py: 1671.702999830246
test_body_is_set in /home/kaiyaok2/PythonProjects/falcon/tests/test_error_handlers.py: 1672.0611021518707
test_media_is_set in /home/kaiyaok2/PythonProjects/falcon/tests/test_error_handlers.py: 1672.5676310062408
test_data_is_set in /home/kaiyaok2/PythonProjects/falcon/tests/test_error_handlers.py: 1673.0006370544434
test_route_precedence in /home/kaiyaok2/PythonProjects/falcon/tests/test_sinks.py: 1673.3515973091125
test_route_precedence_with_id in /home/kaiyaok2/PythonProjects/falcon/tests/test_sinks.py: 1673.633022069931
test_route_precedence_with_both_id in /home/kaiyaok2/PythonProjects/falcon/tests/test_sinks.py: 1673.9778180122375
test_with_route in /home/kaiyaok2/PythonProjects/falcon/tests/test_sinks.py: 1674.3305442333221
test_add_sync_sink_with_wrapping in /home/kaiyaok2/PythonProjects/falcon/tests/test_sinks.py: 1674.4565279483795
test_caught_error_async in /home/kaiyaok2/PythonProjects/falcon/tests/test_error_handlers.py: 1675.2266862392426
test_catch_http_no_route_error in /home/kaiyaok2/PythonProjects/falcon/tests/test_error_handlers.py: 1675.6608481407166
