test_load_app_error in /home/kaiyaok2/PythonProjects/falcon/tests/test_cmd_inspect_app.py: 13.97510814666748
test_load_app in /home/kaiyaok2/PythonProjects/falcon/tests/test_cmd_inspect_app.py: 14.086118936538696
test_load_app_error in /home/kaiyaok2/PythonProjects/falcon/tests/test_cmd_inspect_app.py: 14.21235179901123
test_load_app_error in /home/kaiyaok2/PythonProjects/falcon/tests/test_cmd_inspect_app.py: 14.41414761543274
test_load_app in /home/kaiyaok2/PythonProjects/falcon/tests/test_cmd_inspect_app.py: 14.579931735992432
test_routes_only in /home/kaiyaok2/PythonProjects/falcon/tests/test_cmd_inspect_app.py: 14.717662572860718
test_routes_only in /home/kaiyaok2/PythonProjects/falcon/tests/test_cmd_inspect_app.py: 14.93710994720459
test_inspect in /home/kaiyaok2/PythonProjects/falcon/tests/test_cmd_inspect_app.py: 15.11201024055481
test_routes_only in /home/kaiyaok2/PythonProjects/falcon/tests/test_cmd_inspect_app.py: 15.264069318771362
test_routes_only in /home/kaiyaok2/PythonProjects/falcon/tests/test_cmd_inspect_app.py: 15.388225317001343
test_inspect in /home/kaiyaok2/PythonProjects/falcon/tests/test_cmd_inspect_app.py: 15.506805896759033
test_inspect in /home/kaiyaok2/PythonProjects/falcon/tests/test_cmd_inspect_app.py: 15.621348857879639
test_inspect in /home/kaiyaok2/PythonProjects/falcon/tests/test_cmd_inspect_app.py: 21.45469856262207
test_hooks in /home/kaiyaok2/PythonProjects/falcon/tests/asgi/test_cythonized_asgi.py: 32.03304648399353
test_jsonchema_validator in /home/kaiyaok2/PythonProjects/falcon/tests/asgi/test_cythonized_asgi.py: 32.12841248512268
test_title_default_message_if_none in /home/kaiyaok2/PythonProjects/falcon/tests/test_httperror.py: 32.270262002944946
test_misc in /home/kaiyaok2/PythonProjects/falcon/tests/test_httperror.py: 32.42951464653015
test_non_string_status in /home/kaiyaok2/PythonProjects/falcon/tests/test_httpstatus.py: 32.53103470802307
test_error_precedence_subclass_order_indifference in /home/kaiyaok2/PythonProjects/falcon/tests/test_error_handlers.py: 37.242422103881836
test_handler_multiple_exception_iterable in /home/kaiyaok2/PythonProjects/falcon/tests/test_error_handlers.py: 37.38214349746704
test_handle_not_defined in /home/kaiyaok2/PythonProjects/falcon/tests/test_error_handlers.py: 37.550575733184814
test_error_precedence_duplicate in /home/kaiyaok2/PythonProjects/falcon/tests/test_error_handlers.py: 37.70443272590637
test_invalid_add_exception_handler_input in /home/kaiyaok2/PythonProjects/falcon/tests/test_error_handlers.py: 37.892502546310425
test_caught_error in /home/kaiyaok2/PythonProjects/falcon/tests/test_error_handlers.py: 38.08401322364807
test_invalid_add_exception_handler_input in /home/kaiyaok2/PythonProjects/falcon/tests/test_error_handlers.py: 38.41524004936218
test_uncaught_error_else in /home/kaiyaok2/PythonProjects/falcon/tests/test_error_handlers.py: 38.791510343551636
test_invalid_add_exception_handler_input in /home/kaiyaok2/PythonProjects/falcon/tests/test_error_handlers.py: 39.013049840927124
test_handler_single_exception_iterable in /home/kaiyaok2/PythonProjects/falcon/tests/test_error_handlers.py: 41.30236840248108
test_uncaught_error in /home/kaiyaok2/PythonProjects/falcon/tests/test_error_handlers.py: 41.47526550292969
test_invalid_add_exception_handler_input in /home/kaiyaok2/PythonProjects/falcon/tests/test_error_handlers.py: 41.62951445579529
test_converted_error in /home/kaiyaok2/PythonProjects/falcon/tests/test_error_handlers.py: 41.790242195129395
test_body_is_set in /home/kaiyaok2/PythonProjects/falcon/tests/test_error_handlers.py: 41.93780016899109
test_data_is_set in /home/kaiyaok2/PythonProjects/falcon/tests/test_error_handlers.py: 42.05463790893555
test_media_is_set in /home/kaiyaok2/PythonProjects/falcon/tests/test_error_handlers.py: 42.18547582626343
test_data_is_set in /home/kaiyaok2/PythonProjects/falcon/tests/test_error_handlers.py: 42.357253313064575
test_body_is_set in /home/kaiyaok2/PythonProjects/falcon/tests/test_error_handlers.py: 42.53259253501892
test_media_is_set in /home/kaiyaok2/PythonProjects/falcon/tests/test_error_handlers.py: 44.68912887573242
test_methods_not_allowed_simple in /home/kaiyaok2/PythonProjects/falcon/tests/test_http_method_routing.py: 44.826666593551636
test_dont_auto_parse_by_default in /home/kaiyaok2/PythonProjects/falcon/tests/test_query_params.py: 51.76449227333069
test_get_dict_store in /home/kaiyaok2/PythonProjects/falcon/tests/test_query_params.py: 51.97719073295593
test_list_type in /home/kaiyaok2/PythonProjects/falcon/tests/test_query_params.py: 52.24274158477783
test_get_date_valid in /home/kaiyaok2/PythonProjects/falcon/tests/test_query_params.py: 52.471978425979614
test_option_auto_parse_qs_csv_simple_false in /home/kaiyaok2/PythonProjects/falcon/tests/test_query_params.py: 54.764134645462036
test_option_auto_parse_qs_csv_multiple_fields_true in /home/kaiyaok2/PythonProjects/falcon/tests/test_query_params.py: 55.02502942085266
test_get_date_missing_param in /home/kaiyaok2/PythonProjects/falcon/tests/test_query_params.py: 55.254297971725464
test_required in /home/kaiyaok2/PythonProjects/falcon/tests/test_query_params.py: 55.521000146865845
test_simple in /home/kaiyaok2/PythonProjects/falcon/tests/test_query_params.py: 55.71016263961792
test_required in /home/kaiyaok2/PythonProjects/falcon/tests/test_query_params.py: 55.972288608551025
test_get_date_invalid in /home/kaiyaok2/PythonProjects/falcon/tests/test_query_params.py: 56.19475698471069
test_option_auto_parse_qs_csv_multiple_fields_false in /home/kaiyaok2/PythonProjects/falcon/tests/test_query_params.py: 58.77320647239685
test_option_auto_parse_qs_csv_simple_false in /home/kaiyaok2/PythonProjects/falcon/tests/test_query_params.py: 58.936174392700195
test_percent_encoded in /home/kaiyaok2/PythonProjects/falcon/tests/test_query_params.py: 59.11304450035095
test_multiple_form_keys in /home/kaiyaok2/PythonProjects/falcon/tests/test_query_params.py: 59.49304938316345
test_default in /home/kaiyaok2/PythonProjects/falcon/tests/test_query_params.py: 59.688822507858276
test_option_auto_parse_qs_csv_multiple_fields_true in /home/kaiyaok2/PythonProjects/falcon/tests/test_query_params.py: 59.882893800735474
test_boolean_blank in /home/kaiyaok2/PythonProjects/falcon/tests/test_query_params.py: 60.191598892211914
test_multiple_keys_as_float in /home/kaiyaok2/PythonProjects/falcon/tests/test_query_params.py: 60.48179745674133
test_bad_percentage in /home/kaiyaok2/PythonProjects/falcon/tests/test_query_params.py: 63.94994068145752
test_multiple_keys_as_int in /home/kaiyaok2/PythonProjects/falcon/tests/test_query_params.py: 64.74525284767151
test_has_param in /home/kaiyaok2/PythonProjects/falcon/tests/test_query_params.py: 65.33625268936157
test_get_datetime_store in /home/kaiyaok2/PythonProjects/falcon/tests/test_query_params.py: 65.88591241836548
test_boolean in /home/kaiyaok2/PythonProjects/falcon/tests/test_query_params.py: 66.10927104949951
test_multiple_form_keys_as_list in /home/kaiyaok2/PythonProjects/falcon/tests/test_query_params.py: 66.29615354537964
test_none in /home/kaiyaok2/PythonProjects/falcon/tests/test_query_params.py: 69.21285939216614
test_allowed_names in /home/kaiyaok2/PythonProjects/falcon/tests/test_query_params.py: 69.48639178276062
test_has_param in /home/kaiyaok2/PythonProjects/falcon/tests/test_query_params.py: 69.78678131103516
test_required in /home/kaiyaok2/PythonProjects/falcon/tests/test_query_params.py: 70.17010688781738
test_option_auto_parse_qs_csv_multiple_fields_true in /home/kaiyaok2/PythonProjects/falcon/tests/test_query_params.py: 70.4927887916565
test_float in /home/kaiyaok2/PythonProjects/falcon/tests/test_query_params.py: 70.909743309021
test_boolean in /home/kaiyaok2/PythonProjects/falcon/tests/test_query_params.py: 71.24486899375916
test_get_datetime_missing_param in /home/kaiyaok2/PythonProjects/falcon/tests/test_query_params.py: 71.59664630889893
test_boolean_blank in /home/kaiyaok2/PythonProjects/falcon/tests/test_query_params.py: 75.41296148300171
test_get_date_invalid in /home/kaiyaok2/PythonProjects/falcon/tests/test_query_params.py: 75.72407722473145
test_multiple_keys_as_float in /home/kaiyaok2/PythonProjects/falcon/tests/test_query_params.py: 75.92837429046631
test_int in /home/kaiyaok2/PythonProjects/falcon/tests/test_query_params.py: 76.22201323509216
test_option_auto_parse_qs_csv_multiple_fields_true in /home/kaiyaok2/PythonProjects/falcon/tests/test_query_params.py: 76.47953343391418
test_multiple_form_keys in /home/kaiyaok2/PythonProjects/falcon/tests/test_query_params.py: 76.76270985603333
test_option_auto_parse_qs_csv_multiple_fields_false in /home/kaiyaok2/PythonProjects/falcon/tests/test_query_params.py: 77.02520656585693
test_get_datetime_store in /home/kaiyaok2/PythonProjects/falcon/tests/test_query_params.py: 79.39080619812012
test_float_neg in /home/kaiyaok2/PythonProjects/falcon/tests/test_query_params.py: 79.7746844291687
test_option_auto_parse_qs_csv_multiple_fields_true in /home/kaiyaok2/PythonProjects/falcon/tests/test_query_params.py: 80.19829273223877
test_allowed_names in /home/kaiyaok2/PythonProjects/falcon/tests/test_query_params.py: 80.61010241508484
test_option_auto_parse_qs_csv_multiple_fields_true in /home/kaiyaok2/PythonProjects/falcon/tests/test_query_params.py: 81.02760028839111
test_option_auto_parse_qs_csv_complex_false in /home/kaiyaok2/PythonProjects/falcon/tests/test_query_params.py: 81.47355675697327
test_get_datetime_valid in /home/kaiyaok2/PythonProjects/falcon/tests/test_query_params.py: 81.85349178314209
test_option_auto_parse_qs_csv_complex_false in /home/kaiyaok2/PythonProjects/falcon/tests/test_query_params.py: 84.29436087608337
test_required in /home/kaiyaok2/PythonProjects/falcon/tests/test_query_params.py: 84.47343516349792
test_option_auto_parse_qs_csv_simple_true in /home/kaiyaok2/PythonProjects/falcon/tests/test_query_params.py: 84.66670036315918
test_float_neg in /home/kaiyaok2/PythonProjects/falcon/tests/test_query_params.py: 84.83255290985107
test_option_auto_parse_qs_csv_multiple_fields_true in /home/kaiyaok2/PythonProjects/falcon/tests/test_query_params.py: 85.07583570480347
test_required in /home/kaiyaok2/PythonProjects/falcon/tests/test_query_params.py: 85.2895119190216
test_get_date_store in /home/kaiyaok2/PythonProjects/falcon/tests/test_query_params.py: 85.57602548599243
test_get_date_valid_with_format in /home/kaiyaok2/PythonProjects/falcon/tests/test_query_params.py: 89.06134223937988
test_multiple_form_keys_as_list in /home/kaiyaok2/PythonProjects/falcon/tests/test_query_params.py: 89.5597140789032
test_required in /home/kaiyaok2/PythonProjects/falcon/tests/test_query_params.py: 89.98381018638611
test_uuid in /home/kaiyaok2/PythonProjects/falcon/tests/test_query_params.py: 90.3937828540802
test_get_datetime_missing_param in /home/kaiyaok2/PythonProjects/falcon/tests/test_query_params.py: 90.88774371147156
test_get_date_missing_param in /home/kaiyaok2/PythonProjects/falcon/tests/test_query_params.py: 91.44781517982483
test_required in /home/kaiyaok2/PythonProjects/falcon/tests/test_query_params.py: 91.93751001358032
test_option_auto_parse_qs_csv_multiple_fields_true in /home/kaiyaok2/PythonProjects/falcon/tests/test_query_params.py: 95.67080926895142
test_option_auto_parse_qs_csv_multiple_fields_true in /home/kaiyaok2/PythonProjects/falcon/tests/test_query_params.py: 96.00467276573181
test_blank in /home/kaiyaok2/PythonProjects/falcon/tests/test_query_params.py: 96.41096830368042
test_get_dict_valid in /home/kaiyaok2/PythonProjects/falcon/tests/test_query_params.py: 96.83111572265625
test_get_date_valid_with_format in /home/kaiyaok2/PythonProjects/falcon/tests/test_query_params.py: 97.22553443908691
test_none in /home/kaiyaok2/PythonProjects/falcon/tests/test_query_params.py: 97.63625812530518
test_get_dict_store in /home/kaiyaok2/PythonProjects/falcon/tests/test_query_params.py: 98.02008628845215
test_option_auto_parse_qs_csv_multiple_fields_true in /home/kaiyaok2/PythonProjects/falcon/tests/test_query_params.py: 102.40137481689453
test_get_dict_invalid in /home/kaiyaok2/PythonProjects/falcon/tests/test_query_params.py: 102.68544101715088
test_blank in /home/kaiyaok2/PythonProjects/falcon/tests/test_query_params.py: 103.10447192192078
test_float in /home/kaiyaok2/PythonProjects/falcon/tests/test_query_params.py: 103.45849680900574
test_get_datetime_valid_with_format in /home/kaiyaok2/PythonProjects/falcon/tests/test_query_params.py: 103.75644254684448
test_percent_encoded in /home/kaiyaok2/PythonProjects/falcon/tests/test_query_params.py: 104.25118613243103
test_multiple_keys_as_bool in /home/kaiyaok2/PythonProjects/falcon/tests/test_query_params.py: 105.07612824440002
test_option_auto_parse_qs_csv_multiple_fields_true in /home/kaiyaok2/PythonProjects/falcon/tests/test_query_params.py: 105.44197106361389
test_option_auto_parse_qs_csv_multiple_fields_true in /home/kaiyaok2/PythonProjects/falcon/tests/test_query_params.py: 109.93658757209778
test_required in /home/kaiyaok2/PythonProjects/falcon/tests/test_query_params.py: 110.31458687782288
test_multiple_keys_as_bool in /home/kaiyaok2/PythonProjects/falcon/tests/test_query_params.py: 110.70319437980652
test_option_auto_parse_qs_csv_multiple_fields_true in /home/kaiyaok2/PythonProjects/falcon/tests/test_query_params.py: 111.08533072471619
test_int_neg in /home/kaiyaok2/PythonProjects/falcon/tests/test_query_params.py: 111.60739374160767
test_get_dict_missing_param in /home/kaiyaok2/PythonProjects/falcon/tests/test_query_params.py: 112.05562281608582
test_get_datetime_valid_with_format in /home/kaiyaok2/PythonProjects/falcon/tests/test_query_params.py: 112.58767938613892
test_list_transformer in /home/kaiyaok2/PythonProjects/falcon/tests/test_query_params.py: 117.47197794914246
test_get_datetime_invalid in /home/kaiyaok2/PythonProjects/falcon/tests/test_query_params.py: 118.62549138069153
test_required in /home/kaiyaok2/PythonProjects/falcon/tests/test_query_params.py: 120.46692872047424
test_get_param_as_json_no_handler_json in /home/kaiyaok2/PythonProjects/falcon/tests/test_query_params.py: 121.67718696594238
test_required in /home/kaiyaok2/PythonProjects/falcon/tests/test_query_params.py: 122.8351137638092
test_multiple_keys_as_int in /home/kaiyaok2/PythonProjects/falcon/tests/test_query_params.py: 124.03674221038818
test_get_dict_missing_param in /home/kaiyaok2/PythonProjects/falcon/tests/test_query_params.py: 125.13651275634766
test_default in /home/kaiyaok2/PythonProjects/falcon/tests/test_query_params.py: 133.47231888771057
test_list_transformer in /home/kaiyaok2/PythonProjects/falcon/tests/test_query_params.py: 134.53660655021667
test_list_type_blank in /home/kaiyaok2/PythonProjects/falcon/tests/test_query_params.py: 135.44033312797546
test_simple in /home/kaiyaok2/PythonProjects/falcon/tests/test_query_params.py: 136.56138062477112
test_int in /home/kaiyaok2/PythonProjects/falcon/tests/test_query_params.py: 137.71894884109497
test_get_datetime_valid in /home/kaiyaok2/PythonProjects/falcon/tests/test_query_params.py: 138.6883306503296
test_list_type in /home/kaiyaok2/PythonProjects/falcon/tests/test_query_params.py: 139.75245141983032
test_required in /home/kaiyaok2/PythonProjects/falcon/tests/test_query_params.py: 147.85722017288208
test_required in /home/kaiyaok2/PythonProjects/falcon/tests/test_query_params.py: 148.9275517463684
test_default_auto_parse_csv_behaviour in /home/kaiyaok2/PythonProjects/falcon/tests/test_query_params.py: 150.14309120178223
test_int_neg in /home/kaiyaok2/PythonProjects/falcon/tests/test_query_params.py: 151.40780878067017
test_option_auto_parse_qs_csv_multiple_fields_true in /home/kaiyaok2/PythonProjects/falcon/tests/test_query_params.py: 152.57187056541443
test_option_auto_parse_qs_csv_multiple_fields_true in /home/kaiyaok2/PythonProjects/falcon/tests/test_query_params.py: 153.51845979690552
test_get_dict_invalid in /home/kaiyaok2/PythonProjects/falcon/tests/test_query_params.py: 154.62398028373718
test_default_auto_parse_csv_behaviour in /home/kaiyaok2/PythonProjects/falcon/tests/test_query_params.py: 163.74877071380615
test_uuid in /home/kaiyaok2/PythonProjects/falcon/tests/test_query_params.py: 165.13947343826294
test_param_property in /home/kaiyaok2/PythonProjects/falcon/tests/test_query_params.py: 166.04171872138977
test_option_auto_parse_qs_csv_simple_true in /home/kaiyaok2/PythonProjects/falcon/tests/test_query_params.py: 167.0342893600464
test_list_type_blank in /home/kaiyaok2/PythonProjects/falcon/tests/test_query_params.py: 167.92804217338562
test_get_date_store in /home/kaiyaok2/PythonProjects/falcon/tests/test_query_params.py: 168.5624029636383
test_param_property in /home/kaiyaok2/PythonProjects/falcon/tests/test_query_params.py: 169.25552082061768
test_get_date_valid in /home/kaiyaok2/PythonProjects/falcon/tests/test_query_params.py: 169.94199109077454
test_option_auto_parse_qs_csv_multiple_fields_true in /home/kaiyaok2/PythonProjects/falcon/tests/test_query_params.py: 176.2499794960022
test_get_dict_valid in /home/kaiyaok2/PythonProjects/falcon/tests/test_query_params.py: 177.168288230896
test_option_auto_parse_qs_csv_multiple_fields_true in /home/kaiyaok2/PythonProjects/falcon/tests/test_query_params.py: 178.33506894111633
test_get_datetime_invalid in /home/kaiyaok2/PythonProjects/falcon/tests/test_query_params.py: 179.37943601608276
test_option_auto_parse_qs_csv_multiple_fields_true in /home/kaiyaok2/PythonProjects/falcon/tests/test_query_params.py: 180.32379388809204
test_get_param_as_json_handler_json in /home/kaiyaok2/PythonProjects/falcon/tests/test_query_params.py: 181.2245569229126
test_bad_percentage in /home/kaiyaok2/PythonProjects/falcon/tests/test_query_params.py: 182.1896743774414
test_explicitly_disable_auto_parse in /home/kaiyaok2/PythonProjects/falcon/tests/test_query_params.py: 190.35302591323853
test_non_ascii in /home/kaiyaok2/PythonProjects/falcon/tests/test_query_params.py: 191.44389939308167
test_http_methods_body_expected in /home/kaiyaok2/PythonProjects/falcon/tests/test_query_params.py: 192.41098284721375
test_http_methods_body_expected in /home/kaiyaok2/PythonProjects/falcon/tests/test_query_params.py: 193.47615432739258
test_http_methods_body_not_expected in /home/kaiyaok2/PythonProjects/falcon/tests/test_query_params.py: 194.6239938735962
test_asgi_raises_error in /home/kaiyaok2/PythonProjects/falcon/tests/test_query_params.py: 195.67024493217468
test_http_methods_body_expected in /home/kaiyaok2/PythonProjects/falcon/tests/test_query_params.py: 196.68741989135742
test_http_methods_body_expected in /home/kaiyaok2/PythonProjects/falcon/tests/test_query_params.py: 205.56604099273682
test_http_methods_body_expected in /home/kaiyaok2/PythonProjects/falcon/tests/test_query_params.py: 206.79711604118347
test_empty_body in /home/kaiyaok2/PythonProjects/falcon/tests/test_query_params.py: 207.78818917274475
test_empty_body_no_content_length in /home/kaiyaok2/PythonProjects/falcon/tests/test_query_params.py: 208.62393188476562
test_http_methods_body_not_expected in /home/kaiyaok2/PythonProjects/falcon/tests/test_query_params.py: 209.45194578170776
test_stream_has_private_read in /home/kaiyaok2/PythonProjects/falcon/tests/test_cython.py: 209.49420380592346
test_imported_from_c_modules in /home/kaiyaok2/PythonProjects/falcon/tests/test_cython.py: 209.54060530662537
test_non_string_status in /home/kaiyaok2/PythonProjects/falcon/tests/test_httpstatus.py: 210.7737967967987
test_non_string_status in /home/kaiyaok2/PythonProjects/falcon/tests/test_httpstatus.py: 211.44062185287476
test_non_string_status in /home/kaiyaok2/PythonProjects/falcon/tests/test_httpstatus.py: 212.2549033164978
test_non_string_status in /home/kaiyaok2/PythonProjects/falcon/tests/test_httpstatus.py: 220.1982650756836
test_non_string_status in /home/kaiyaok2/PythonProjects/falcon/tests/test_httpstatus.py: 221.09987688064575
test_non_string_status in /home/kaiyaok2/PythonProjects/falcon/tests/test_httpstatus.py: 221.8903374671936
test_non_string_status in /home/kaiyaok2/PythonProjects/falcon/tests/test_httpstatus.py: 222.60812902450562
test_non_string_status in /home/kaiyaok2/PythonProjects/falcon/tests/test_httpstatus.py: 223.3082947731018
test_non_string_status in /home/kaiyaok2/PythonProjects/falcon/tests/test_httpstatus.py: 223.99321365356445
test_non_string_status in /home/kaiyaok2/PythonProjects/falcon/tests/test_httpstatus.py: 224.64595317840576
test_non_string_status in /home/kaiyaok2/PythonProjects/falcon/tests/test_httpstatus.py: 225.42002058029175
test_non_string_status in /home/kaiyaok2/PythonProjects/falcon/tests/test_httpstatus.py: 226.01066040992737
test_non_string_status in /home/kaiyaok2/PythonProjects/falcon/tests/test_httpstatus.py: 226.575777053833
test_content_disposition_attachment_header in /home/kaiyaok2/PythonProjects/falcon/tests/test_headers.py: 278.81096291542053
test_content_disposition_attachment_header in /home/kaiyaok2/PythonProjects/falcon/tests/test_headers.py: 285.95480012893677
test_unicode_headers_contain_non_ascii in /home/kaiyaok2/PythonProjects/falcon/tests/test_headers.py: 287.1031184196472
test_declared_content_length_overriden_by_data_length in /home/kaiyaok2/PythonProjects/falcon/tests/test_headers.py: 288.1640782356262
test_append_link_with_hreflang in /home/kaiyaok2/PythonProjects/falcon/tests/test_headers.py: 289.4567565917969
test_declared_content_length_on_head in /home/kaiyaok2/PythonProjects/falcon/tests/test_headers.py: 290.5358667373657
test_content_length in /home/kaiyaok2/PythonProjects/falcon/tests/test_headers.py: 291.4849066734314
test_append_link_with_link_extension in /home/kaiyaok2/PythonProjects/falcon/tests/test_headers.py: 292.6942162513733
test_content_disposition_inline_header in /home/kaiyaok2/PythonProjects/falcon/tests/test_headers.py: 293.58666253089905
test_unicode_headers_contain_non_ascii in /home/kaiyaok2/PythonProjects/falcon/tests/test_headers.py: 301.1934654712677
test_response_set_and_get_header in /home/kaiyaok2/PythonProjects/falcon/tests/test_headers.py: 302.0535931587219
test_override_default_media_type in /home/kaiyaok2/PythonProjects/falcon/tests/test_headers.py: 302.9031569957733
test_request_latin1_headers in /home/kaiyaok2/PythonProjects/falcon/tests/test_headers.py: 303.7605097293854
test_no_content_length in /home/kaiyaok2/PythonProjects/falcon/tests/test_headers.py: 304.51017141342163
test_unset_header in /home/kaiyaok2/PythonProjects/falcon/tests/test_headers.py: 305.1819648742676
test_unicode_headers_contain_non_ascii in /home/kaiyaok2/PythonProjects/falcon/tests/test_headers.py: 305.9082200527191
test_set_headers_with_custom_class in /home/kaiyaok2/PythonProjects/falcon/tests/test_headers.py: 312.7673578262329
test_append_link_crossorigin in /home/kaiyaok2/PythonProjects/falcon/tests/test_headers.py: 313.6772711277008
test_append_link_with_anchor in /home/kaiyaok2/PythonProjects/falcon/tests/test_headers.py: 315.02869153022766
test_append_link_complex in /home/kaiyaok2/PythonProjects/falcon/tests/test_headers.py: 315.87844824790955
test_content_disposition_attachment_header in /home/kaiyaok2/PythonProjects/falcon/tests/test_headers.py: 316.6205940246582
test_append_link_with_hreflang_multi in /home/kaiyaok2/PythonProjects/falcon/tests/test_headers.py: 318.07667684555054
test_content_disposition_attachment_header in /home/kaiyaok2/PythonProjects/falcon/tests/test_headers.py: 318.85897183418274
test_default_media_type in /home/kaiyaok2/PythonProjects/falcon/tests/test_headers.py: 319.8209340572357
test_content_disposition_attachment_header in /home/kaiyaok2/PythonProjects/falcon/tests/test_headers.py: 327.8669595718384
test_append_link_with_title_star in /home/kaiyaok2/PythonProjects/falcon/tests/test_headers.py: 329.2132225036621
test_unicode_headers_contain_non_ascii in /home/kaiyaok2/PythonProjects/falcon/tests/test_headers.py: 330.2283070087433
test_content_disposition_attachment_header in /home/kaiyaok2/PythonProjects/falcon/tests/test_headers.py: 331.356737613678
test_content_disposition_attachment_header in /home/kaiyaok2/PythonProjects/falcon/tests/test_headers.py: 332.7160892486572
test_response_append_header in /home/kaiyaok2/PythonProjects/falcon/tests/test_headers.py: 333.4470582008362
test_vary_header in /home/kaiyaok2/PythonProjects/falcon/tests/test_headers.py: 334.4170272350311
test_no_content_type in /home/kaiyaok2/PythonProjects/falcon/tests/test_headers.py: 342.9222402572632
test_get_header_as_int in /home/kaiyaok2/PythonProjects/falcon/tests/test_headers.py: 344.1680452823639
test_unset_header in /home/kaiyaok2/PythonProjects/falcon/tests/test_headers.py: 345.0954694747925
test_append_link_crossorigin in /home/kaiyaok2/PythonProjects/falcon/tests/test_headers.py: 346.33067512512207
test_append_link_crossorigin in /home/kaiyaok2/PythonProjects/falcon/tests/test_headers.py: 347.8268656730652
test_declared_content_length_overriden_by_body_length in /home/kaiyaok2/PythonProjects/falcon/tests/test_headers.py: 348.84475922584534
test_default_value in /home/kaiyaok2/PythonProjects/falcon/tests/test_headers.py: 349.85873794555664
test_request_multiple_header in /home/kaiyaok2/PythonProjects/falcon/tests/test_headers.py: 351.08938550949097
test_passthrough_request_headers in /home/kaiyaok2/PythonProjects/falcon/tests/test_headers.py: 359.86516785621643
test_no_content_length in /home/kaiyaok2/PythonProjects/falcon/tests/test_headers.py: 360.8575789928436
test_vary_header in /home/kaiyaok2/PythonProjects/falcon/tests/test_headers.py: 362.00063395500183
test_append_link_crossorigin in /home/kaiyaok2/PythonProjects/falcon/tests/test_headers.py: 363.10596776008606
test_headers_with_custom_class_not_callable in /home/kaiyaok2/PythonProjects/falcon/tests/test_headers.py: 364.1244237422943
test_required_header in /home/kaiyaok2/PythonProjects/falcon/tests/test_headers.py: 365.3061857223511
test_no_content_type in /home/kaiyaok2/PythonProjects/falcon/tests/test_headers.py: 366.370414018631
test_declared_content_length_overridden_by_no_body in /home/kaiyaok2/PythonProjects/falcon/tests/test_headers.py: 375.5303113460541
test_append_link_crossorigin in /home/kaiyaok2/PythonProjects/falcon/tests/test_headers.py: 376.85762667655945
test_append_link_multiple in /home/kaiyaok2/PythonProjects/falcon/tests/test_headers.py: 378.4312536716461
test_content_disposition_attachment_header in /home/kaiyaok2/PythonProjects/falcon/tests/test_headers.py: 379.3468005657196
test_content_disposition_inline_header in /home/kaiyaok2/PythonProjects/falcon/tests/test_headers.py: 380.3990640640259
test_headers_as_list in /home/kaiyaok2/PythonProjects/falcon/tests/test_headers.py: 381.47853207588196
test_content_type_no_body in /home/kaiyaok2/PythonProjects/falcon/tests/test_headers.py: 382.6770689487457
test_append_link_single in /home/kaiyaok2/PythonProjects/falcon/tests/test_headers.py: 383.87240839004517
test_override_default_media_type in /home/kaiyaok2/PythonProjects/falcon/tests/test_headers.py: 391.9579875469208
test_unicode_headers_contain_only_ascii in /home/kaiyaok2/PythonProjects/falcon/tests/test_headers.py: 392.98244166374207
test_append_link_with_type_hint in /home/kaiyaok2/PythonProjects/falcon/tests/test_headers.py: 394.3252215385437
test_append_link_with_title in /home/kaiyaok2/PythonProjects/falcon/tests/test_headers.py: 395.6227903366089
test_response_header_helpers_on_get in /home/kaiyaok2/PythonProjects/falcon/tests/test_headers.py: 396.7898745536804
test_vary_star in /home/kaiyaok2/PythonProjects/falcon/tests/test_headers.py: 397.7968065738678
test_uuid_converter in /home/kaiyaok2/PythonProjects/falcon/tests/test_uri_templates.py: 398.50828194618225
test_single_trailing_slash in /home/kaiyaok2/PythonProjects/falcon/tests/test_uri_templates.py: 399.2547836303711
test_float_converter in /home/kaiyaok2/PythonProjects/falcon/tests/test_uri_templates.py: 400.1147539615631
test_simulate_remote_addr in /home/kaiyaok2/PythonProjects/falcon/tests/test_utils.py: 409.5665533542633
test_raise_status_in_before_hook in /home/kaiyaok2/PythonProjects/falcon/tests/test_httpstatus.py: 427.8981385231018
test_raise_status_runs_after_hooks in /home/kaiyaok2/PythonProjects/falcon/tests/test_httpstatus.py: 428.87066888809204
test_raise_status_empty_body in /home/kaiyaok2/PythonProjects/falcon/tests/test_httpstatus.py: 429.66256165504456
test_raise_status_survives_after_hooks in /home/kaiyaok2/PythonProjects/falcon/tests/test_httpstatus.py: 430.4511685371399
test_raise_status_in_responder in /home/kaiyaok2/PythonProjects/falcon/tests/test_httpstatus.py: 431.43403577804565
test_media_is_set in /home/kaiyaok2/PythonProjects/falcon/tests/test_httpstatus.py: 432.672824382782
test_body_is_set in /home/kaiyaok2/PythonProjects/falcon/tests/test_httpstatus.py: 433.44083642959595
test_data_is_set in /home/kaiyaok2/PythonProjects/falcon/tests/test_httpstatus.py: 440.5408344268799
test_raise_status_in_process_resource in /home/kaiyaok2/PythonProjects/falcon/tests/test_httpstatus.py: 441.72741508483887
test_raise_status_in_process_request in /home/kaiyaok2/PythonProjects/falcon/tests/test_httpstatus.py: 442.35961413383484
test_raise_status_runs_process_response in /home/kaiyaok2/PythonProjects/falcon/tests/test_httpstatus.py: 443.09067463874817
test_default_on_options in /home/kaiyaok2/PythonProjects/falcon/tests/test_http_method_routing.py: 444.06876850128174
test_client_simulate_aliases in /home/kaiyaok2/PythonProjects/falcon/tests/test_testing.py: 445.7690088748932
test_client_simulate_aliases in /home/kaiyaok2/PythonProjects/falcon/tests/test_testing.py: 445.97933745384216
test_client_simulate_aliases in /home/kaiyaok2/PythonProjects/falcon/tests/test_testing.py: 446.19427037239075
test_client_simulate_aliases in /home/kaiyaok2/PythonProjects/falcon/tests/test_testing.py: 446.44129705429077
test_client_simulate_aliases in /home/kaiyaok2/PythonProjects/falcon/tests/test_testing.py: 446.7144844532013
test_client_simulate_aliases in /home/kaiyaok2/PythonProjects/falcon/tests/test_testing.py: 447.02989435195923
test_client_simulate_aliases in /home/kaiyaok2/PythonProjects/falcon/tests/test_testing.py: 447.2831234931946
test_client_simulate_aliases in /home/kaiyaok2/PythonProjects/falcon/tests/test_testing.py: 447.5130817890167
test_content_length_set_on_head_with_no_body in /home/kaiyaok2/PythonProjects/falcon/tests/test_response_body.py: 448.2424235343933
test_unsupported_response_content_type in /home/kaiyaok2/PythonProjects/falcon/tests/test_response_body.py: 448.76385736465454
test_response_body_rendition_error in /home/kaiyaok2/PythonProjects/falcon/tests/test_response_body.py: 449.44016790390015
test_piggybacking_resource_post_and_delete in /home/kaiyaok2/PythonProjects/falcon/tests/test_before_hooks.py: 460.5492560863495
test_expose_headers in /home/kaiyaok2/PythonProjects/falcon/tests/test_cors_middleware.py: 464.0891695022583
test_expose_headers in /home/kaiyaok2/PythonProjects/falcon/tests/test_cors_middleware.py: 464.5973496437073
test_allow_credential_list_or_str in /home/kaiyaok2/PythonProjects/falcon/tests/test_cors_middleware.py: 465.11450481414795
test_expose_headers in /home/kaiyaok2/PythonProjects/falcon/tests/test_cors_middleware.py: 465.7013809680939
test_allow_credential_existing_origin in /home/kaiyaok2/PythonProjects/falcon/tests/test_cors_middleware.py: 466.41912865638733
test_allow_origin in /home/kaiyaok2/PythonProjects/falcon/tests/test_cors_middleware.py: 467.0808730125427
test_allow_origin_allow_credential in /home/kaiyaok2/PythonProjects/falcon/tests/test_cors_middleware.py: 467.91057324409485
test_allow_origin in /home/kaiyaok2/PythonProjects/falcon/tests/test_cors_middleware.py: 468.73843216896057
test_allow_credential_list_or_str in /home/kaiyaok2/PythonProjects/falcon/tests/test_cors_middleware.py: 469.5171790122986
test_allow_origin in /home/kaiyaok2/PythonProjects/falcon/tests/test_cors_middleware.py: 477.1071126461029
test_enabled_cors_should_add_extra_headers_on_response in /home/kaiyaok2/PythonProjects/falcon/tests/test_cors_middleware.py: 477.95825147628784
test_disabled_cors_should_not_add_any_extra_headers in /home/kaiyaok2/PythonProjects/falcon/tests/test_cors_middleware.py: 478.6907248497009
test_enabled_cors_handles_preflighting in /home/kaiyaok2/PythonProjects/falcon/tests/test_cors_middleware.py: 479.4876356124878
test_enabled_cors_should_accept_all_origins_requests in /home/kaiyaok2/PythonProjects/falcon/tests/test_cors_middleware.py: 480.1399805545807
test_enabled_cors_handles_preflighting_no_headers_in_req in /home/kaiyaok2/PythonProjects/falcon/tests/test_cors_middleware.py: 480.7805380821228
test_enabled_cors_no_origin in /home/kaiyaok2/PythonProjects/falcon/tests/test_cors_middleware.py: 481.54510974884033
test_resource_with_uri_fields in /home/kaiyaok2/PythonProjects/falcon/tests/test_after_hooks.py: 490.10789823532104
test_wrapped_resource in /home/kaiyaok2/PythonProjects/falcon/tests/test_after_hooks.py: 490.8782277107239
test_resource_with_uri_fields in /home/kaiyaok2/PythonProjects/falcon/tests/test_after_hooks.py: 491.6078758239746
test_wrapped_resource_with_hooks_aware_of_resource in /home/kaiyaok2/PythonProjects/falcon/tests/test_after_hooks.py: 492.2917022705078
test_post_read_bounded_stream_large in /home/kaiyaok2/PythonProjects/falcon/tests/asgi/test_asgi_servers.py: 515.7886147499084
test_stream_chunked_request in /home/kaiyaok2/PythonProjects/falcon/tests/asgi/test_asgi_servers.py: 531.4944326877594
test_sse_client_disconnects_early in /home/kaiyaok2/PythonProjects/falcon/tests/asgi/test_asgi_servers.py: 547.3016407489777
test_sse in /home/kaiyaok2/PythonProjects/falcon/tests/asgi/test_asgi_servers.py: 563.1263499259949
test_post_multiple in /home/kaiyaok2/PythonProjects/falcon/tests/asgi/test_asgi_servers.py: 573.6587643623352
test_get in /home/kaiyaok2/PythonProjects/falcon/tests/asgi/test_asgi_servers.py: 589.6772956848145
test_post_read_bounded_stream in /home/kaiyaok2/PythonProjects/falcon/tests/asgi/test_asgi_servers.py: 605.1025159358978
test_head_405 in /home/kaiyaok2/PythonProjects/falcon/tests/asgi/test_asgi_servers.py: 620.7802519798279
test_post_multipart_form in /home/kaiyaok2/PythonProjects/falcon/tests/asgi/test_asgi_servers.py: 636.7921261787415
test_put in /home/kaiyaok2/PythonProjects/falcon/tests/asgi/test_asgi_servers.py: 652.4084186553955
test_post_read_bounded_stream_no_body in /home/kaiyaok2/PythonProjects/falcon/tests/asgi/test_asgi_servers.py: 668.061517238617
test_post_invalid_content_length in /home/kaiyaok2/PythonProjects/falcon/tests/asgi/test_asgi_servers.py: 683.6946668624878
test_select_subprotocol_unknown in /home/kaiyaok2/PythonProjects/falcon/tests/asgi/test_asgi_servers.py: 699.4754648208618
test_passing_path_params in /home/kaiyaok2/PythonProjects/falcon/tests/asgi/test_asgi_servers.py: 705.0827579498291
test_missing_responder in /home/kaiyaok2/PythonProjects/falcon/tests/asgi/test_asgi_servers.py: 720.7252671718597
test_hello in /home/kaiyaok2/PythonProjects/falcon/tests/asgi/test_asgi_servers.py: 731.667938709259
test_send_before_accept in /home/kaiyaok2/PythonProjects/falcon/tests/asgi/test_asgi_servers.py: 747.4145159721375
test_rejected in /home/kaiyaok2/PythonProjects/falcon/tests/asgi/test_asgi_servers.py: 762.9627346992493
test_close_code_on_unhandled_error in /home/kaiyaok2/PythonProjects/falcon/tests/asgi/test_asgi_servers.py: 778.4438207149506
test_type_mismatch in /home/kaiyaok2/PythonProjects/falcon/tests/asgi/test_asgi_servers.py: 793.9882900714874
test_select_subprotocol_known in /home/kaiyaok2/PythonProjects/falcon/tests/asgi/test_asgi_servers.py: 809.6651644706726
test_hello in /home/kaiyaok2/PythonProjects/falcon/tests/asgi/test_asgi_servers.py: 825.436399936676
test_type_mismatch in /home/kaiyaok2/PythonProjects/falcon/tests/asgi/test_asgi_servers.py: 841.3579208850861
test_disconnecting_client_early in /home/kaiyaok2/PythonProjects/falcon/tests/asgi/test_asgi_servers.py: 856.8798716068268
test_hello in /home/kaiyaok2/PythonProjects/falcon/tests/asgi/test_asgi_servers.py: 872.4184746742249
test_hello in /home/kaiyaok2/PythonProjects/falcon/tests/asgi/test_asgi_servers.py: 887.9691667556763
test_rejected in /home/kaiyaok2/PythonProjects/falcon/tests/asgi/test_asgi_servers.py: 903.4446318149567
test_rejected in /home/kaiyaok2/PythonProjects/falcon/tests/asgi/test_asgi_servers.py: 919.0105845928192
test_type_mismatch in /home/kaiyaok2/PythonProjects/falcon/tests/asgi/test_asgi_servers.py: 934.3153882026672
test_rejected in /home/kaiyaok2/PythonProjects/falcon/tests/asgi/test_asgi_servers.py: 949.8330934047699
test_invalid_close_code in /home/kaiyaok2/PythonProjects/falcon/tests/asgi/test_asgi_servers.py: 965.3278119564056
test_close_code_on_unhandled_http_error in /home/kaiyaok2/PythonProjects/falcon/tests/asgi/test_asgi_servers.py: 980.7966153621674
test_type_mismatch in /home/kaiyaok2/PythonProjects/falcon/tests/asgi/test_asgi_servers.py: 996.3603665828705
test_recv_before_accept in /home/kaiyaok2/PythonProjects/falcon/tests/asgi/test_asgi_servers.py: 1011.8380634784698
test_select_subprotocol_known in /home/kaiyaok2/PythonProjects/falcon/tests/asgi/test_asgi_servers.py: 1027.4153411388397
test_foo in /home/kaiyaok2/PythonProjects/falcon/tests/test_http_custom_method_routing.py: 1027.671552181244
test_bar in /home/kaiyaok2/PythonProjects/falcon/tests/test_http_custom_method_routing.py: 1027.880045413971
test_map_http_methods in /home/kaiyaok2/PythonProjects/falcon/tests/test_http_custom_method_routing.py: 1028.0585262775421
test_static_file_byte_range in /home/kaiyaok2/PythonProjects/falcon/tests/test_wsgi_servers.py: 1059.8096849918365
test_static_file_byte_range in /home/kaiyaok2/PythonProjects/falcon/tests/test_wsgi_servers.py: 1090.1581778526306
test_static_file_byte_range in /home/kaiyaok2/PythonProjects/falcon/tests/test_wsgi_servers.py: 1120.575518131256
test_static_file_byte_range in /home/kaiyaok2/PythonProjects/falcon/tests/test_wsgi_servers.py: 1151.047385931015
test_static_file_byte_range in /home/kaiyaok2/PythonProjects/falcon/tests/test_wsgi_servers.py: 1181.436751127243
test_get_deprecated in /home/kaiyaok2/PythonProjects/falcon/tests/test_wsgi_servers.py: 1211.6229259967804
test_get in /home/kaiyaok2/PythonProjects/falcon/tests/test_wsgi_servers.py: 1242.018764257431
test_post_multipart_form in /home/kaiyaok2/PythonProjects/falcon/tests/test_wsgi_servers.py: 1272.5428035259247
test_static_file_byte_range in /home/kaiyaok2/PythonProjects/falcon/tests/test_wsgi_servers.py: 1303.0857877731323
test_post_multipart_form in /home/kaiyaok2/PythonProjects/falcon/tests/test_wsgi_servers.py: 1333.5683550834656
test_static_file in /home/kaiyaok2/PythonProjects/falcon/tests/test_wsgi_servers.py: 1363.9815175533295
test_static_file_byte_range in /home/kaiyaok2/PythonProjects/falcon/tests/test_wsgi_servers.py: 1394.4091804027557
test_static_file in /home/kaiyaok2/PythonProjects/falcon/tests/test_wsgi_servers.py: 1425.0367405414581
test_get_deprecated in /home/kaiyaok2/PythonProjects/falcon/tests/test_wsgi_servers.py: 1455.5500755310059
test_static_file_byte_range in /home/kaiyaok2/PythonProjects/falcon/tests/test_wsgi_servers.py: 1486.0205571651459
test_get in /home/kaiyaok2/PythonProjects/falcon/tests/test_wsgi_servers.py: 1516.5196363925934
test_redirect in /home/kaiyaok2/PythonProjects/falcon/tests/test_redirects.py: 1516.9309906959534
test_redirect_with_headers in /home/kaiyaok2/PythonProjects/falcon/tests/test_redirects.py: 1526.2876424789429
test_redirect_with_headers in /home/kaiyaok2/PythonProjects/falcon/tests/test_redirects.py: 1526.4502122402191
test_redirect_with_headers in /home/kaiyaok2/PythonProjects/falcon/tests/test_redirects.py: 1526.728623867035
test_redirect in /home/kaiyaok2/PythonProjects/falcon/tests/test_redirects.py: 1526.899415254593
test_redirect_with_headers in /home/kaiyaok2/PythonProjects/falcon/tests/test_redirects.py: 1526.9930777549744
test_redirect in /home/kaiyaok2/PythonProjects/falcon/tests/test_redirects.py: 1527.0969426631927
test_redirect in /home/kaiyaok2/PythonProjects/falcon/tests/test_redirects.py: 1527.2156624794006
test_redirect in /home/kaiyaok2/PythonProjects/falcon/tests/test_redirects.py: 1527.3098847866058
test_redirect_with_headers in /home/kaiyaok2/PythonProjects/falcon/tests/test_redirects.py: 1527.5251648426056
test_json_err_no_handler in /home/kaiyaok2/PythonProjects/falcon/tests/test_media_handlers.py: 1529.7608613967896
test_json_err_no_handler in /home/kaiyaok2/PythonProjects/falcon/tests/test_media_handlers.py: 1530.1799290180206
test_405_without_body_with_extra_headers in /home/kaiyaok2/PythonProjects/falcon/tests/test_httperror.py: 1530.7320246696472
test_414 in /home/kaiyaok2/PythonProjects/falcon/tests/test_httperror.py: 1535.3285417556763
test_wrapped_resource in /home/kaiyaok2/PythonProjects/falcon/tests/test_after_hooks.py: 1622.0556495189667
test_epic_fail_json in /home/kaiyaok2/PythonProjects/falcon/tests/test_httperror.py: 1627.8707554340363
test_503_integer_retry_after in /home/kaiyaok2/PythonProjects/falcon/tests/test_httperror.py: 1628.5323934555054
test_404_with_body in /home/kaiyaok2/PythonProjects/falcon/tests/test_httperror.py: 1629.461830854416
test_411 in /home/kaiyaok2/PythonProjects/falcon/tests/test_httperror.py: 1630.1842348575592
test_414_with_custom_kwargs in /home/kaiyaok2/PythonProjects/falcon/tests/test_httperror.py: 1630.9058542251587
test_429_datetime in /home/kaiyaok2/PythonProjects/falcon/tests/test_httperror.py: 1631.9402451515198
test_serialize_error_uses_media_handler in /home/kaiyaok2/PythonProjects/falcon/tests/test_httperror.py: 1632.8624782562256
test_unicode_json in /home/kaiyaok2/PythonProjects/falcon/tests/test_httperror.py: 1638.1098771095276
test_401 in /home/kaiyaok2/PythonProjects/falcon/tests/test_httperror.py: 1638.415411233902
test_custom_error_serializer_optional_representation in /home/kaiyaok2/PythonProjects/falcon/tests/test_httperror.py: 1638.7273211479187
test_410_without_body in /home/kaiyaok2/PythonProjects/falcon/tests/test_httperror.py: 1638.9002830982208
test_405_with_body in /home/kaiyaok2/PythonProjects/falcon/tests/test_httperror.py: 1639.22079372406
test_error_precedence_subclass in /home/kaiyaok2/PythonProjects/falcon/tests/test_error_handlers.py: 1640.5502700805664
test_subclass_error in /home/kaiyaok2/PythonProjects/falcon/tests/test_error_handlers.py: 1640.7412135601044
test_handler_multiple_exception_iterable in /home/kaiyaok2/PythonProjects/falcon/tests/test_error_handlers.py: 1640.9698684215546
test_uncaught_python_error in /home/kaiyaok2/PythonProjects/falcon/tests/test_error_handlers.py: 1641.1703660488129
test_uncaught_python_error in /home/kaiyaok2/PythonProjects/falcon/tests/test_error_handlers.py: 1644.222704410553
test_uncaught_python_error in /home/kaiyaok2/PythonProjects/falcon/tests/test_error_handlers.py: 1644.3902130126953
test_with_route in /home/kaiyaok2/PythonProjects/falcon/tests/test_sinks.py: 1644.6585874557495
test_route_precedence_with_both_id in /home/kaiyaok2/PythonProjects/falcon/tests/test_sinks.py: 1644.8252882957458
test_route_precedence in /home/kaiyaok2/PythonProjects/falcon/tests/test_sinks.py: 1644.9700157642365
test_add_sync_sink_with_wrapping in /home/kaiyaok2/PythonProjects/falcon/tests/test_sinks.py: 1645.0091786384583
test_methods_not_allowed_complex in /home/kaiyaok2/PythonProjects/falcon/tests/test_http_method_routing.py: 1645.3007156848907
test_method_not_allowed_with_param in /home/kaiyaok2/PythonProjects/falcon/tests/test_http_method_routing.py: 1645.7815990447998
test_custom_serializer_no_representation in /home/kaiyaok2/PythonProjects/falcon/tests/test_httperror.py: 1648.010507106781
test_title_default_message_if_none in /home/kaiyaok2/PythonProjects/falcon/tests/test_httperror.py: 1648.6296389102936
test_custom_error_serializer in /home/kaiyaok2/PythonProjects/falcon/tests/test_httperror.py: 1654.2569093704224
test_base_class in /home/kaiyaok2/PythonProjects/falcon/tests/test_httperror.py: 1654.9529867172241
test_429_no_retry_after in /home/kaiyaok2/PythonProjects/falcon/tests/test_httperror.py: 1655.6639490127563
test_413 in /home/kaiyaok2/PythonProjects/falcon/tests/test_httperror.py: 1656.2310154438019
test_custom_error_serializer_optional_representation in /home/kaiyaok2/PythonProjects/falcon/tests/test_httperror.py: 1656.5776631832123
test_epic_fail_xml in /home/kaiyaok2/PythonProjects/falcon/tests/test_httperror.py: 1656.9831080436707
test_temporary_413_integer_retry_after in /home/kaiyaok2/PythonProjects/falcon/tests/test_httperror.py: 1657.5017211437225
test_title_default_message_if_none in /home/kaiyaok2/PythonProjects/falcon/tests/test_httperror.py: 1658.5157554149628
test_forbidden in /home/kaiyaok2/PythonProjects/falcon/tests/test_httperror.py: 1658.9637115001678
test_missing_param in /home/kaiyaok2/PythonProjects/falcon/tests/test_httperror.py: 1663.0192186832428
test_414_with_description in /home/kaiyaok2/PythonProjects/falcon/tests/test_httperror.py: 1663.4344635009766
test_410_with_body in /home/kaiyaok2/PythonProjects/falcon/tests/test_httperror.py: 1664.0820527076721
test_416 in /home/kaiyaok2/PythonProjects/falcon/tests/test_httperror.py: 1664.5784039497375
test_serialize_no_json_media_handler in /home/kaiyaok2/PythonProjects/falcon/tests/test_httperror.py: 1665.0483980178833
test_invalid_header in /home/kaiyaok2/PythonProjects/falcon/tests/test_httperror.py: 1665.584844827652
test_epic_fail_xml in /home/kaiyaok2/PythonProjects/falcon/tests/test_httperror.py: 1666.117526769638
test_forbidden in /home/kaiyaok2/PythonProjects/falcon/tests/test_httperror.py: 1666.4970695972443
test_invalid_param in /home/kaiyaok2/PythonProjects/falcon/tests/test_httperror.py: 1670.600672006607
test_epic_fail_xml in /home/kaiyaok2/PythonProjects/falcon/tests/test_httperror.py: 1670.9193742275238
test_epic_fail_xml in /home/kaiyaok2/PythonProjects/falcon/tests/test_httperror.py: 1671.281610250473
test_custom_error_serializer_optional_representation in /home/kaiyaok2/PythonProjects/falcon/tests/test_httperror.py: 1671.5481605529785
test_title_default_message_if_none in /home/kaiyaok2/PythonProjects/falcon/tests/test_httperror.py: 1671.8575863838196
test_no_description_xml in /home/kaiyaok2/PythonProjects/falcon/tests/test_httperror.py: 1672.1606287956238
test_405_without_body_with_extra_headers_double_check in /home/kaiyaok2/PythonProjects/falcon/tests/test_httperror.py: 1672.4320125579834
test_temporary_413_datetime_retry_after in /home/kaiyaok2/PythonProjects/falcon/tests/test_httperror.py: 1672.7268795967102
test_405_without_body in /home/kaiyaok2/PythonProjects/falcon/tests/test_httperror.py: 1673.1259505748749
test_title_default_message_if_none in /home/kaiyaok2/PythonProjects/falcon/tests/test_httperror.py: 1676.1773388385773
test_no_description_json in /home/kaiyaok2/PythonProjects/falcon/tests/test_httperror.py: 1676.5240194797516
test_client_does_not_accept_json_or_xml in /home/kaiyaok2/PythonProjects/falcon/tests/test_httperror.py: 1676.836190700531
test_404_without_body in /home/kaiyaok2/PythonProjects/falcon/tests/test_httperror.py: 1677.5109884738922
test_429 in /home/kaiyaok2/PythonProjects/falcon/tests/test_httperror.py: 1678.0832960605621
test_414_with_title in /home/kaiyaok2/PythonProjects/falcon/tests/test_httperror.py: 1678.5311861038208
test_forbidden in /home/kaiyaok2/PythonProjects/falcon/tests/test_httperror.py: 1679.1708915233612
test_title_default_message_if_none in /home/kaiyaok2/PythonProjects/falcon/tests/test_httperror.py: 1680.0725548267365
test_unicode_xml in /home/kaiyaok2/PythonProjects/falcon/tests/test_httperror.py: 1685.1820995807648
test_client_does_not_accept_anything in /home/kaiyaok2/PythonProjects/falcon/tests/test_httperror.py: 1685.8857877254486
test_custom_error_serializer_optional_representation in /home/kaiyaok2/PythonProjects/falcon/tests/test_httperror.py: 1686.762719154358
test_503_datetime_retry_after in /home/kaiyaok2/PythonProjects/falcon/tests/test_httperror.py: 1687.577442407608
test_missing_header in /home/kaiyaok2/PythonProjects/falcon/tests/test_httperror.py: 1688.3736877441406
