test_load_app in /home/kaiyaok2/PythonProjects/falcon/tests/test_cmd_inspect_app.py: 11.061939239501953
test_load_app_error in /home/kaiyaok2/PythonProjects/falcon/tests/test_cmd_inspect_app.py: 11.122912406921387
test_load_app_error in /home/kaiyaok2/PythonProjects/falcon/tests/test_cmd_inspect_app.py: 11.178844451904297
test_load_app in /home/kaiyaok2/PythonProjects/falcon/tests/test_cmd_inspect_app.py: 11.239274024963379
test_load_app_error in /home/kaiyaok2/PythonProjects/falcon/tests/test_cmd_inspect_app.py: 11.294182062149048
test_routes_only in /home/kaiyaok2/PythonProjects/falcon/tests/test_cmd_inspect_app.py: 11.388219594955444
test_inspect in /home/kaiyaok2/PythonProjects/falcon/tests/test_cmd_inspect_app.py: 11.44527006149292
test_inspect in /home/kaiyaok2/PythonProjects/falcon/tests/test_cmd_inspect_app.py: 11.501916408538818
test_inspect in /home/kaiyaok2/PythonProjects/falcon/tests/test_cmd_inspect_app.py: 11.557263612747192
test_inspect in /home/kaiyaok2/PythonProjects/falcon/tests/test_cmd_inspect_app.py: 11.613943338394165
test_routes_only in /home/kaiyaok2/PythonProjects/falcon/tests/test_cmd_inspect_app.py: 11.6693754196167
test_routes_only in /home/kaiyaok2/PythonProjects/falcon/tests/test_cmd_inspect_app.py: 11.724808692932129
test_routes_only in /home/kaiyaok2/PythonProjects/falcon/tests/test_cmd_inspect_app.py: 11.784533977508545
test_imported_from_c_modules in /home/kaiyaok2/PythonProjects/falcon/tests/test_cython.py: 14.064232587814331
test_stream_has_private_read in /home/kaiyaok2/PythonProjects/falcon/tests/test_cython.py: 14.069100141525269
test_hooks in /home/kaiyaok2/PythonProjects/falcon/tests/asgi/test_cythonized_asgi.py: 117.18871402740479
test_jsonchema_validator in /home/kaiyaok2/PythonProjects/falcon/tests/asgi/test_cythonized_asgi.py: 117.25671935081482
test_dont_auto_parse_by_default in /home/kaiyaok2/PythonProjects/falcon/tests/test_query_params.py: 118.91833519935608
test_int in /home/kaiyaok2/PythonProjects/falcon/tests/test_query_params.py: 119.02240061759949
test_required in /home/kaiyaok2/PythonProjects/falcon/tests/test_query_params.py: 119.13178253173828
test_multiple_keys_as_float in /home/kaiyaok2/PythonProjects/falcon/tests/test_query_params.py: 119.24510431289673
test_get_dict_valid in /home/kaiyaok2/PythonProjects/falcon/tests/test_query_params.py: 119.37235474586487
test_option_auto_parse_qs_csv_simple_true in /home/kaiyaok2/PythonProjects/falcon/tests/test_query_params.py: 119.47282004356384
test_get_date_valid in /home/kaiyaok2/PythonProjects/falcon/tests/test_query_params.py: 121.11052870750427
test_option_auto_parse_qs_csv_simple_true in /home/kaiyaok2/PythonProjects/falcon/tests/test_query_params.py: 121.21595859527588
test_blank in /home/kaiyaok2/PythonProjects/falcon/tests/test_query_params.py: 121.32755517959595
test_int_neg in /home/kaiyaok2/PythonProjects/falcon/tests/test_query_params.py: 121.43125367164612
test_get_date_missing_param in /home/kaiyaok2/PythonProjects/falcon/tests/test_query_params.py: 121.53438210487366
test_float in /home/kaiyaok2/PythonProjects/falcon/tests/test_query_params.py: 121.63835096359253
test_get_datetime_valid in /home/kaiyaok2/PythonProjects/falcon/tests/test_query_params.py: 123.25676369667053
test_simple in /home/kaiyaok2/PythonProjects/falcon/tests/test_query_params.py: 123.37647938728333
test_get_dict_missing_param in /home/kaiyaok2/PythonProjects/falcon/tests/test_query_params.py: 123.4771773815155
test_option_auto_parse_qs_csv_multiple_fields_true in /home/kaiyaok2/PythonProjects/falcon/tests/test_query_params.py: 123.58375525474548
test_get_datetime_store in /home/kaiyaok2/PythonProjects/falcon/tests/test_query_params.py: 123.68379139900208
test_option_auto_parse_qs_csv_multiple_fields_true in /home/kaiyaok2/PythonProjects/falcon/tests/test_query_params.py: 123.78542685508728
test_get_datetime_invalid in /home/kaiyaok2/PythonProjects/falcon/tests/test_query_params.py: 123.90062427520752
test_percent_encoded in /home/kaiyaok2/PythonProjects/falcon/tests/test_query_params.py: 125.62636256217957
test_multiple_keys_as_int in /home/kaiyaok2/PythonProjects/falcon/tests/test_query_params.py: 125.7385766506195
test_option_auto_parse_qs_csv_simple_false in /home/kaiyaok2/PythonProjects/falcon/tests/test_query_params.py: 125.87560701370239
test_default_auto_parse_csv_behaviour in /home/kaiyaok2/PythonProjects/falcon/tests/test_query_params.py: 126.04992389678955
test_option_auto_parse_qs_csv_multiple_fields_true in /home/kaiyaok2/PythonProjects/falcon/tests/test_query_params.py: 126.19522142410278
test_option_auto_parse_qs_csv_complex_false in /home/kaiyaok2/PythonProjects/falcon/tests/test_query_params.py: 126.31451725959778
test_multiple_keys_as_float in /home/kaiyaok2/PythonProjects/falcon/tests/test_query_params.py: 127.94290804862976
test_list_type in /home/kaiyaok2/PythonProjects/falcon/tests/test_query_params.py: 128.04992938041687
test_option_auto_parse_qs_csv_multiple_fields_true in /home/kaiyaok2/PythonProjects/falcon/tests/test_query_params.py: 128.15883994102478
test_has_param in /home/kaiyaok2/PythonProjects/falcon/tests/test_query_params.py: 128.28745937347412
test_get_date_valid in /home/kaiyaok2/PythonProjects/falcon/tests/test_query_params.py: 128.3871796131134
test_option_auto_parse_qs_csv_multiple_fields_true in /home/kaiyaok2/PythonProjects/falcon/tests/test_query_params.py: 129.9856948852539
test_option_auto_parse_qs_csv_multiple_fields_true in /home/kaiyaok2/PythonProjects/falcon/tests/test_query_params.py: 130.09363913536072
test_allowed_names in /home/kaiyaok2/PythonProjects/falcon/tests/test_query_params.py: 130.20388960838318
test_get_dict_invalid in /home/kaiyaok2/PythonProjects/falcon/tests/test_query_params.py: 130.30481696128845
test_option_auto_parse_qs_csv_multiple_fields_true in /home/kaiyaok2/PythonProjects/falcon/tests/test_query_params.py: 130.4193058013916
test_list_type_blank in /home/kaiyaok2/PythonProjects/falcon/tests/test_query_params.py: 130.52094435691833
test_option_auto_parse_qs_csv_multiple_fields_false in /home/kaiyaok2/PythonProjects/falcon/tests/test_query_params.py: 132.13453769683838
test_multiple_keys_as_int in /home/kaiyaok2/PythonProjects/falcon/tests/test_query_params.py: 132.25222539901733
test_get_datetime_valid_with_format in /home/kaiyaok2/PythonProjects/falcon/tests/test_query_params.py: 132.3541750907898
test_float_neg in /home/kaiyaok2/PythonProjects/falcon/tests/test_query_params.py: 132.4709370136261
test_option_auto_parse_qs_csv_multiple_fields_true in /home/kaiyaok2/PythonProjects/falcon/tests/test_query_params.py: 132.57871913909912
test_allowed_names in /home/kaiyaok2/PythonProjects/falcon/tests/test_query_params.py: 132.6911165714264
test_get_date_invalid in /home/kaiyaok2/PythonProjects/falcon/tests/test_query_params.py: 134.30900597572327
test_boolean in /home/kaiyaok2/PythonProjects/falcon/tests/test_query_params.py: 134.4122200012207
test_required in /home/kaiyaok2/PythonProjects/falcon/tests/test_query_params.py: 134.51221251487732
test_multiple_form_keys_as_list in /home/kaiyaok2/PythonProjects/falcon/tests/test_query_params.py: 134.61928343772888
test_option_auto_parse_qs_csv_multiple_fields_true in /home/kaiyaok2/PythonProjects/falcon/tests/test_query_params.py: 134.72626638412476
test_uuid in /home/kaiyaok2/PythonProjects/falcon/tests/test_query_params.py: 134.84345316886902
test_option_auto_parse_qs_csv_multiple_fields_true in /home/kaiyaok2/PythonProjects/falcon/tests/test_query_params.py: 134.96158409118652
test_none in /home/kaiyaok2/PythonProjects/falcon/tests/test_query_params.py: 135.0606813430786
test_get_dict_valid in /home/kaiyaok2/PythonProjects/falcon/tests/test_query_params.py: 135.15840530395508
test_option_auto_parse_qs_csv_multiple_fields_true in /home/kaiyaok2/PythonProjects/falcon/tests/test_query_params.py: 136.75087690353394
test_required in /home/kaiyaok2/PythonProjects/falcon/tests/test_query_params.py: 136.8607006072998
test_boolean_blank in /home/kaiyaok2/PythonProjects/falcon/tests/test_query_params.py: 136.98194670677185
test_float_neg in /home/kaiyaok2/PythonProjects/falcon/tests/test_query_params.py: 137.08242416381836
test_bad_percentage in /home/kaiyaok2/PythonProjects/falcon/tests/test_query_params.py: 137.19007992744446
test_float in /home/kaiyaok2/PythonProjects/falcon/tests/test_query_params.py: 137.29091358184814
test_required in /home/kaiyaok2/PythonProjects/falcon/tests/test_query_params.py: 137.39656138420105
test_get_datetime_store in /home/kaiyaok2/PythonProjects/falcon/tests/test_query_params.py: 139.0523602962494
test_option_auto_parse_qs_csv_multiple_fields_true in /home/kaiyaok2/PythonProjects/falcon/tests/test_query_params.py: 139.16250920295715
test_blank in /home/kaiyaok2/PythonProjects/falcon/tests/test_query_params.py: 139.27962517738342
test_get_datetime_missing_param in /home/kaiyaok2/PythonProjects/falcon/tests/test_query_params.py: 139.39544367790222
test_multiple_form_keys in /home/kaiyaok2/PythonProjects/falcon/tests/test_query_params.py: 139.4950306415558
test_multiple_form_keys in /home/kaiyaok2/PythonProjects/falcon/tests/test_query_params.py: 139.60431790351868
test_get_dict_invalid in /home/kaiyaok2/PythonProjects/falcon/tests/test_query_params.py: 139.7139186859131
test_get_param_as_json_no_handler_json in /home/kaiyaok2/PythonProjects/falcon/tests/test_query_params.py: 139.81357598304749
test_param_property in /home/kaiyaok2/PythonProjects/falcon/tests/test_query_params.py: 141.4103968143463
test_get_dict_missing_param in /home/kaiyaok2/PythonProjects/falcon/tests/test_query_params.py: 141.52185606956482
test_simple in /home/kaiyaok2/PythonProjects/falcon/tests/test_query_params.py: 141.6322386264801
test_required in /home/kaiyaok2/PythonProjects/falcon/tests/test_query_params.py: 141.73878526687622
test_required in /home/kaiyaok2/PythonProjects/falcon/tests/test_query_params.py: 141.84015083312988
test_required in /home/kaiyaok2/PythonProjects/falcon/tests/test_query_params.py: 141.9543046951294
test_option_auto_parse_qs_csv_simple_false in /home/kaiyaok2/PythonProjects/falcon/tests/test_query_params.py: 142.0551164150238
test_get_param_as_json_handler_json in /home/kaiyaok2/PythonProjects/falcon/tests/test_query_params.py: 143.66896867752075
test_get_date_store in /home/kaiyaok2/PythonProjects/falcon/tests/test_query_params.py: 143.79040503501892
test_option_auto_parse_qs_csv_multiple_fields_true in /home/kaiyaok2/PythonProjects/falcon/tests/test_query_params.py: 143.89156556129456
test_get_datetime_valid in /home/kaiyaok2/PythonProjects/falcon/tests/test_query_params.py: 143.99938654899597
test_list_transformer in /home/kaiyaok2/PythonProjects/falcon/tests/test_query_params.py: 144.10583758354187
test_required in /home/kaiyaok2/PythonProjects/falcon/tests/test_query_params.py: 144.2074909210205
test_multiple_keys_as_bool in /home/kaiyaok2/PythonProjects/falcon/tests/test_query_params.py: 144.31437468528748
test_multiple_keys_as_bool in /home/kaiyaok2/PythonProjects/falcon/tests/test_query_params.py: 145.9376106262207
test_option_auto_parse_qs_csv_multiple_fields_true in /home/kaiyaok2/PythonProjects/falcon/tests/test_query_params.py: 146.0483009815216
test_option_auto_parse_qs_csv_complex_false in /home/kaiyaok2/PythonProjects/falcon/tests/test_query_params.py: 146.1618459224701
test_has_param in /home/kaiyaok2/PythonProjects/falcon/tests/test_query_params.py: 146.26309061050415
test_option_auto_parse_qs_csv_multiple_fields_true in /home/kaiyaok2/PythonProjects/falcon/tests/test_query_params.py: 146.36370182037354
test_multiple_form_keys_as_list in /home/kaiyaok2/PythonProjects/falcon/tests/test_query_params.py: 146.47329378128052
test_boolean_blank in /home/kaiyaok2/PythonProjects/falcon/tests/test_query_params.py: 146.59639143943787
test_none in /home/kaiyaok2/PythonProjects/falcon/tests/test_query_params.py: 148.2249858379364
test_option_auto_parse_qs_csv_multiple_fields_false in /home/kaiyaok2/PythonProjects/falcon/tests/test_query_params.py: 148.34063720703125
test_required in /home/kaiyaok2/PythonProjects/falcon/tests/test_query_params.py: 148.44956064224243
test_int in /home/kaiyaok2/PythonProjects/falcon/tests/test_query_params.py: 148.56608963012695
test_get_datetime_missing_param in /home/kaiyaok2/PythonProjects/falcon/tests/test_query_params.py: 148.6740472316742
test_percent_encoded in /home/kaiyaok2/PythonProjects/falcon/tests/test_query_params.py: 148.78168416023254
test_get_dict_store in /home/kaiyaok2/PythonProjects/falcon/tests/test_query_params.py: 148.9024257659912
test_option_auto_parse_qs_csv_multiple_fields_true in /home/kaiyaok2/PythonProjects/falcon/tests/test_query_params.py: 150.50276041030884
test_option_auto_parse_qs_csv_multiple_fields_true in /home/kaiyaok2/PythonProjects/falcon/tests/test_query_params.py: 150.60563206672668
test_get_date_missing_param in /home/kaiyaok2/PythonProjects/falcon/tests/test_query_params.py: 150.7077136039734
test_param_property in /home/kaiyaok2/PythonProjects/falcon/tests/test_query_params.py: 150.82820892333984
test_default in /home/kaiyaok2/PythonProjects/falcon/tests/test_query_params.py: 150.92968487739563
test_get_datetime_invalid in /home/kaiyaok2/PythonProjects/falcon/tests/test_query_params.py: 151.0374264717102
test_get_date_store in /home/kaiyaok2/PythonProjects/falcon/tests/test_query_params.py: 152.66202759742737
test_bad_percentage in /home/kaiyaok2/PythonProjects/falcon/tests/test_query_params.py: 152.77278017997742
test_get_date_valid_with_format in /home/kaiyaok2/PythonProjects/falcon/tests/test_query_params.py: 152.87952375411987
test_required in /home/kaiyaok2/PythonProjects/falcon/tests/test_query_params.py: 152.9807252883911
test_list_transformer in /home/kaiyaok2/PythonProjects/falcon/tests/test_query_params.py: 153.08741855621338
test_required in /home/kaiyaok2/PythonProjects/falcon/tests/test_query_params.py: 153.19347071647644
test_list_type_blank in /home/kaiyaok2/PythonProjects/falcon/tests/test_query_params.py: 153.2930302619934
test_uuid in /home/kaiyaok2/PythonProjects/falcon/tests/test_query_params.py: 154.90882062911987
test_get_date_valid_with_format in /home/kaiyaok2/PythonProjects/falcon/tests/test_query_params.py: 155.01168966293335
test_get_dict_store in /home/kaiyaok2/PythonProjects/falcon/tests/test_query_params.py: 155.1199290752411
test_list_type in /home/kaiyaok2/PythonProjects/falcon/tests/test_query_params.py: 155.21926593780518
test_get_datetime_valid_with_format in /home/kaiyaok2/PythonProjects/falcon/tests/test_query_params.py: 155.3187518119812
test_get_date_invalid in /home/kaiyaok2/PythonProjects/falcon/tests/test_query_params.py: 155.41913104057312
test_option_auto_parse_qs_csv_multiple_fields_true in /home/kaiyaok2/PythonProjects/falcon/tests/test_query_params.py: 157.04901671409607
test_boolean in /home/kaiyaok2/PythonProjects/falcon/tests/test_query_params.py: 157.15213084220886
test_default in /home/kaiyaok2/PythonProjects/falcon/tests/test_query_params.py: 157.27389669418335
test_required in /home/kaiyaok2/PythonProjects/falcon/tests/test_query_params.py: 157.37549781799316
test_int_neg in /home/kaiyaok2/PythonProjects/falcon/tests/test_query_params.py: 157.47635531425476
test_default_auto_parse_csv_behaviour in /home/kaiyaok2/PythonProjects/falcon/tests/test_query_params.py: 159.10196542739868
test_explicitly_disable_auto_parse in /home/kaiyaok2/PythonProjects/falcon/tests/test_query_params.py: 159.2069594860077
test_http_methods_body_expected in /home/kaiyaok2/PythonProjects/falcon/tests/test_query_params.py: 159.3079731464386
test_non_ascii in /home/kaiyaok2/PythonProjects/falcon/tests/test_query_params.py: 159.41660237312317
test_http_methods_body_expected in /home/kaiyaok2/PythonProjects/falcon/tests/test_query_params.py: 159.5194489955902
test_http_methods_body_expected in /home/kaiyaok2/PythonProjects/falcon/tests/test_query_params.py: 159.62643432617188
test_empty_body in /home/kaiyaok2/PythonProjects/falcon/tests/test_query_params.py: 159.73311376571655
test_asgi_raises_error in /home/kaiyaok2/PythonProjects/falcon/tests/test_query_params.py: 161.34715867042542
test_http_methods_body_not_expected in /home/kaiyaok2/PythonProjects/falcon/tests/test_query_params.py: 161.44921922683716
test_http_methods_body_expected in /home/kaiyaok2/PythonProjects/falcon/tests/test_query_params.py: 161.58218479156494
test_empty_body_no_content_length in /home/kaiyaok2/PythonProjects/falcon/tests/test_query_params.py: 161.68239951133728
test_http_methods_body_expected in /home/kaiyaok2/PythonProjects/falcon/tests/test_query_params.py: 161.78201532363892
test_http_methods_body_not_expected in /home/kaiyaok2/PythonProjects/falcon/tests/test_query_params.py: 161.8890790939331
test_json_err_no_handler in /home/kaiyaok2/PythonProjects/falcon/tests/test_media_handlers.py: 163.73279976844788
test_json_err_no_handler in /home/kaiyaok2/PythonProjects/falcon/tests/test_media_handlers.py: 163.80912446975708
test_route_precedence in /home/kaiyaok2/PythonProjects/falcon/tests/test_sinks.py: 164.28229594230652
test_with_route in /home/kaiyaok2/PythonProjects/falcon/tests/test_sinks.py: 164.3801074028015
test_route_precedence_with_id in /home/kaiyaok2/PythonProjects/falcon/tests/test_sinks.py: 164.44814038276672
test_route_precedence_with_both_id in /home/kaiyaok2/PythonProjects/falcon/tests/test_sinks.py: 164.53357410430908
test_add_sync_sink_with_wrapping in /home/kaiyaok2/PythonProjects/falcon/tests/test_sinks.py: 164.58646202087402
test_redirect_with_headers in /home/kaiyaok2/PythonProjects/falcon/tests/test_redirects.py: 166.7350413799286
test_redirect in /home/kaiyaok2/PythonProjects/falcon/tests/test_redirects.py: 166.8009135723114
test_redirect_with_headers in /home/kaiyaok2/PythonProjects/falcon/tests/test_redirects.py: 168.40902709960938
test_redirect in /home/kaiyaok2/PythonProjects/falcon/tests/test_redirects.py: 168.47795033454895
test_redirect in /home/kaiyaok2/PythonProjects/falcon/tests/test_redirects.py: 168.5447015762329
test_redirect in /home/kaiyaok2/PythonProjects/falcon/tests/test_redirects.py: 168.6229236125946
test_redirect_with_headers in /home/kaiyaok2/PythonProjects/falcon/tests/test_redirects.py: 168.72303175926208
test_redirect in /home/kaiyaok2/PythonProjects/falcon/tests/test_redirects.py: 168.7880036830902
test_redirect_with_headers in /home/kaiyaok2/PythonProjects/falcon/tests/test_redirects.py: 168.85250520706177
test_redirect_with_headers in /home/kaiyaok2/PythonProjects/falcon/tests/test_redirects.py: 168.9178376197815
test_map_http_methods in /home/kaiyaok2/PythonProjects/falcon/tests/test_http_custom_method_routing.py: 171.39356422424316
test_foo in /home/kaiyaok2/PythonProjects/falcon/tests/test_http_custom_method_routing.py: 171.46913146972656
test_bar in /home/kaiyaok2/PythonProjects/falcon/tests/test_http_custom_method_routing.py: 171.54341745376587
test_middleware_tree in /home/kaiyaok2/PythonProjects/falcon/tests/test_inspect.py: 183.4044497013092
test_error_handler in /home/kaiyaok2/PythonProjects/falcon/tests/test_inspect.py: 185.0009970664978
test_routes in /home/kaiyaok2/PythonProjects/falcon/tests/test_inspect.py: 185.06857132911682
test_app in /home/kaiyaok2/PythonProjects/falcon/tests/test_inspect.py: 185.12856149673462
test_sink in /home/kaiyaok2/PythonProjects/falcon/tests/test_inspect.py: 185.24121832847595
test_middleware in /home/kaiyaok2/PythonProjects/falcon/tests/test_inspect.py: 185.2996368408203
test_static_routes in /home/kaiyaok2/PythonProjects/falcon/tests/test_inspect.py: 185.40155339241028
test_http_status_raised_from_error_handler in /home/kaiyaok2/PythonProjects/falcon/tests/test_middleware.py: 185.91874718666077
test_error_composed_before_resp_middleware_called in /home/kaiyaok2/PythonProjects/falcon/tests/test_middleware.py: 185.99786591529846
test_dont_need_params_in_signature in /home/kaiyaok2/PythonProjects/falcon/tests/test_middleware.py: 186.08052802085876
test_generate_trans_id_with_request in /home/kaiyaok2/PythonProjects/falcon/tests/test_middleware.py: 186.17595744132996
test_api_initialization_with_cors_enabled_and_middleware_param in /home/kaiyaok2/PythonProjects/falcon/tests/test_middleware.py: 186.25378227233887
test_api_initialization_with_cors_enabled_and_middleware_param in /home/kaiyaok2/PythonProjects/falcon/tests/test_middleware.py: 187.88965272903442
test_api_initialization_with_cors_enabled_and_middleware_param in /home/kaiyaok2/PythonProjects/falcon/tests/test_middleware.py: 187.99105048179626
test_api_initialization_with_cors_enabled_and_middleware_param in /home/kaiyaok2/PythonProjects/falcon/tests/test_middleware.py: 188.0834755897522
test_base_path_is_removed_before_routing in /home/kaiyaok2/PythonProjects/falcon/tests/test_middleware.py: 188.162335395813
test_skip_process_resource in /home/kaiyaok2/PythonProjects/falcon/tests/test_middleware.py: 188.25525903701782
test_log_get_request in /home/kaiyaok2/PythonProjects/falcon/tests/test_middleware.py: 188.3411853313446
test_log_get_request in /home/kaiyaok2/PythonProjects/falcon/tests/test_middleware.py: 188.4359850883484
test_response_middleware_raises_exception in /home/kaiyaok2/PythonProjects/falcon/tests/test_middleware.py: 188.53213047981262
test_inner_mw_throw_exception_while_processing_resp in /home/kaiyaok2/PythonProjects/falcon/tests/test_middleware.py: 188.6068320274353
test_inner_mw_with_ex_handler_throw_exception in /home/kaiyaok2/PythonProjects/falcon/tests/test_middleware.py: 188.68205571174622
test_outer_mw_with_ex_handler_throw_exception in /home/kaiyaok2/PythonProjects/falcon/tests/test_middleware.py: 190.3209388256073
test_generate_trans_id_and_time_with_request in /home/kaiyaok2/PythonProjects/falcon/tests/test_middleware.py: 190.40303254127502
test_legacy_middleware_called_with_correct_args in /home/kaiyaok2/PythonProjects/falcon/tests/test_middleware.py: 190.48731064796448
test_order_independent_mw_executed_when_exception_in_rsrc in /home/kaiyaok2/PythonProjects/falcon/tests/test_middleware.py: 190.57953524589539
test_order_independent_mw_executed_when_exception_in_req in /home/kaiyaok2/PythonProjects/falcon/tests/test_middleware.py: 190.65540719032288
test_order_independent_mw_executed_when_exception_in_resp in /home/kaiyaok2/PythonProjects/falcon/tests/test_middleware.py: 190.7525737285614
test_order_mw_executed_when_exception_in_rsrc in /home/kaiyaok2/PythonProjects/falcon/tests/test_middleware.py: 190.82819986343384
test_inner_mw_throw_exception in /home/kaiyaok2/PythonProjects/falcon/tests/test_middleware.py: 190.91557574272156
test_order_mw_executed_when_exception_in_resp in /home/kaiyaok2/PythonProjects/falcon/tests/test_middleware.py: 190.99061107635498
test_middleware_execution_order in /home/kaiyaok2/PythonProjects/falcon/tests/test_middleware.py: 191.07062125205994
test_generate_trans_id_and_time_with_request in /home/kaiyaok2/PythonProjects/falcon/tests/test_middleware.py: 191.1571831703186
test_order_mw_executed_when_exception_in_req in /home/kaiyaok2/PythonProjects/falcon/tests/test_middleware.py: 192.79408192634583
test_multiple_response_mw_throw_exception in /home/kaiyaok2/PythonProjects/falcon/tests/test_middleware.py: 192.8736367225647
test_independent_middleware_execution_order in /home/kaiyaok2/PythonProjects/falcon/tests/test_middleware.py: 192.9642448425293
test_can_access_resource_params in /home/kaiyaok2/PythonProjects/falcon/tests/test_middleware.py: 193.04038619995117
test_can_access_resource_params in /home/kaiyaok2/PythonProjects/falcon/tests/test_middleware.py: 193.116112947464
test_process_request_not_cached in /home/kaiyaok2/PythonProjects/falcon/tests/test_middleware.py: 193.21320843696594
test_process_resource_cached in /home/kaiyaok2/PythonProjects/falcon/tests/test_middleware.py: 193.29871916770935
test_process_request_cached in /home/kaiyaok2/PythonProjects/falcon/tests/test_middleware.py: 193.3940200805664
test_process_resource_cached in /home/kaiyaok2/PythonProjects/falcon/tests/test_middleware.py: 193.50142884254456
test_process_request_cached in /home/kaiyaok2/PythonProjects/falcon/tests/test_middleware.py: 193.59416699409485
test_simulate_hostname in /home/kaiyaok2/PythonProjects/falcon/tests/test_utils.py: 196.46275758743286
test_query_string_no_question in /home/kaiyaok2/PythonProjects/falcon/tests/test_utils.py: 196.600745677948
test_default_headers in /home/kaiyaok2/PythonProjects/falcon/tests/test_utils.py: 196.7161943912506
test_query_string_in_path in /home/kaiyaok2/PythonProjects/falcon/tests/test_utils.py: 196.8566541671753
test_override_method_with_extras in /home/kaiyaok2/PythonProjects/falcon/tests/test_utils.py: 197.0470428466797
test_cached_text_in_result in /home/kaiyaok2/PythonProjects/falcon/tests/test_utils.py: 197.15886998176575
test_simulate_remote_addr in /home/kaiyaok2/PythonProjects/falcon/tests/test_utils.py: 198.87445950508118
test_path_must_start_with_slash in /home/kaiyaok2/PythonProjects/falcon/tests/test_utils.py: 198.987322807312
test_simulate_remote_addr in /home/kaiyaok2/PythonProjects/falcon/tests/test_utils.py: 199.11329817771912
test_status in /home/kaiyaok2/PythonProjects/falcon/tests/test_utils.py: 199.2630717754364
test_simulate_remote_addr in /home/kaiyaok2/PythonProjects/falcon/tests/test_utils.py: 199.39720225334167
test_default_headers_with_override in /home/kaiyaok2/PythonProjects/falcon/tests/test_utils.py: 199.51265335083008
test_query_string in /home/kaiyaok2/PythonProjects/falcon/tests/test_utils.py: 199.68192291259766
test_simulate_remote_addr in /home/kaiyaok2/PythonProjects/falcon/tests/test_utils.py: 201.40704488754272
test_simulate_remote_addr in /home/kaiyaok2/PythonProjects/falcon/tests/test_utils.py: 201.51858687400818
