test_jsonchema_validator in /home/kaiyaok2/PythonProjects/falcon/tests/asgi/test_cythonized_asgi.py: 72.00409531593323
test_hooks in /home/kaiyaok2/PythonProjects/falcon/tests/asgi/test_cythonized_asgi.py: 72.07534313201904
test_map_http_methods in /home/kaiyaok2/PythonProjects/falcon/tests/test_http_custom_method_routing.py: 72.15099883079529
test_bar in /home/kaiyaok2/PythonProjects/falcon/tests/test_http_custom_method_routing.py: 72.23223185539246
test_foo in /home/kaiyaok2/PythonProjects/falcon/tests/test_http_custom_method_routing.py: 72.30452036857605
test_data_is_set in /home/kaiyaok2/PythonProjects/falcon/tests/test_error_handlers.py: 73.69143390655518
test_body_is_set in /home/kaiyaok2/PythonProjects/falcon/tests/test_error_handlers.py: 73.77741289138794
test_media_is_set in /home/kaiyaok2/PythonProjects/falcon/tests/test_error_handlers.py: 73.8509931564331
test_invalid_add_exception_handler_input in /home/kaiyaok2/PythonProjects/falcon/tests/test_error_handlers.py: 73.93416047096252
test_error_precedence_subclass_order_indifference in /home/kaiyaok2/PythonProjects/falcon/tests/test_error_handlers.py: 74.00681805610657
test_error_precedence_duplicate in /home/kaiyaok2/PythonProjects/falcon/tests/test_error_handlers.py: 74.08791065216064
test_converted_error in /home/kaiyaok2/PythonProjects/falcon/tests/test_error_handlers.py: 74.16932010650635
test_handler_single_exception_iterable in /home/kaiyaok2/PythonProjects/falcon/tests/test_error_handlers.py: 74.24920749664307
test_invalid_add_exception_handler_input in /home/kaiyaok2/PythonProjects/falcon/tests/test_error_handlers.py: 74.32532286643982
test_invalid_add_exception_handler_input in /home/kaiyaok2/PythonProjects/falcon/tests/test_error_handlers.py: 75.67024540901184
test_subclass_error in /home/kaiyaok2/PythonProjects/falcon/tests/test_error_handlers.py: 75.75178837776184
test_uncaught_python_error in /home/kaiyaok2/PythonProjects/falcon/tests/test_error_handlers.py: 75.82604169845581
test_uncaught_python_error in /home/kaiyaok2/PythonProjects/falcon/tests/test_error_handlers.py: 75.90883445739746
test_uncaught_error_else in /home/kaiyaok2/PythonProjects/falcon/tests/test_error_handlers.py: 75.98761820793152
test_handler_multiple_exception_iterable in /home/kaiyaok2/PythonProjects/falcon/tests/test_error_handlers.py: 76.08095002174377
test_error_precedence_subclass in /home/kaiyaok2/PythonProjects/falcon/tests/test_error_handlers.py: 76.15990400314331
test_handler_multiple_exception_iterable in /home/kaiyaok2/PythonProjects/falcon/tests/test_error_handlers.py: 76.2443175315857
test_invalid_add_exception_handler_input in /home/kaiyaok2/PythonProjects/falcon/tests/test_error_handlers.py: 76.33904504776001
test_caught_error in /home/kaiyaok2/PythonProjects/falcon/tests/test_error_handlers.py: 77.74512219429016
test_handle_not_defined in /home/kaiyaok2/PythonProjects/falcon/tests/test_error_handlers.py: 77.82296967506409
test_uncaught_error in /home/kaiyaok2/PythonProjects/falcon/tests/test_error_handlers.py: 77.94613099098206
test_uncaught_python_error in /home/kaiyaok2/PythonProjects/falcon/tests/test_error_handlers.py: 78.02554368972778
test_body_is_set in /home/kaiyaok2/PythonProjects/falcon/tests/test_error_handlers.py: 78.10425972938538
test_data_is_set in /home/kaiyaok2/PythonProjects/falcon/tests/test_error_handlers.py: 78.1828842163086
test_media_is_set in /home/kaiyaok2/PythonProjects/falcon/tests/test_error_handlers.py: 78.2712972164154
test_converter_custom in /home/kaiyaok2/PythonProjects/falcon/tests/test_uri_templates.py: 79.07919788360596
test_float_converter in /home/kaiyaok2/PythonProjects/falcon/tests/test_uri_templates.py: 79.19301795959473
test_int_converter in /home/kaiyaok2/PythonProjects/falcon/tests/test_uri_templates.py: 79.27419805526733
test_converter_custom in /home/kaiyaok2/PythonProjects/falcon/tests/test_uri_templates.py: 80.7722065448761
test_uuid_converter in /home/kaiyaok2/PythonProjects/falcon/tests/test_uri_templates.py: 80.86346507072449
test_root_path in /home/kaiyaok2/PythonProjects/falcon/tests/test_uri_templates.py: 80.94537949562073
test_single_path_segment in /home/kaiyaok2/PythonProjects/falcon/tests/test_uri_templates.py: 81.03922605514526
test_float_converter in /home/kaiyaok2/PythonProjects/falcon/tests/test_uri_templates.py: 81.12584352493286
test_int_converter in /home/kaiyaok2/PythonProjects/falcon/tests/test_uri_templates.py: 81.21209669113159
test_uuid_converter_complex_segment in /home/kaiyaok2/PythonProjects/falcon/tests/test_uri_templates.py: 81.2952094078064
test_converter_custom in /home/kaiyaok2/PythonProjects/falcon/tests/test_uri_templates.py: 81.38267230987549
test_with_and_without_trailing_slash in /home/kaiyaok2/PythonProjects/falcon/tests/test_uri_templates.py: 81.46490979194641
test_datetime_converter in /home/kaiyaok2/PythonProjects/falcon/tests/test_uri_templates.py: 82.93197274208069
test_float_converter in /home/kaiyaok2/PythonProjects/falcon/tests/test_uri_templates.py: 83.0252525806427
test_float_converter in /home/kaiyaok2/PythonProjects/falcon/tests/test_uri_templates.py: 83.12160611152649
test_with_and_without_trailing_slash in /home/kaiyaok2/PythonProjects/falcon/tests/test_uri_templates.py: 83.20184803009033
test_int_converter_rejections in /home/kaiyaok2/PythonProjects/falcon/tests/test_uri_templates.py: 83.2841796875
test_single_trailing_slash in /home/kaiyaok2/PythonProjects/falcon/tests/test_uri_templates.py: 83.36175751686096
test_datetime_converter in /home/kaiyaok2/PythonProjects/falcon/tests/test_uri_templates.py: 83.44608116149902
test_same_level_complex_var in /home/kaiyaok2/PythonProjects/falcon/tests/test_uri_templates.py: 83.54031491279602
test_float_converter in /home/kaiyaok2/PythonProjects/falcon/tests/test_uri_templates.py: 83.66004514694214
test_float_converter in /home/kaiyaok2/PythonProjects/falcon/tests/test_uri_templates.py: 85.85554766654968
test_datetime_converter in /home/kaiyaok2/PythonProjects/falcon/tests/test_uri_templates.py: 85.945321559906
test_int_converter_rejections in /home/kaiyaok2/PythonProjects/falcon/tests/test_uri_templates.py: 86.03328800201416
test_uuid_converter in /home/kaiyaok2/PythonProjects/falcon/tests/test_uri_templates.py: 86.12266445159912
test_float_converter in /home/kaiyaok2/PythonProjects/falcon/tests/test_uri_templates.py: 86.20585012435913
test_datetime_converter in /home/kaiyaok2/PythonProjects/falcon/tests/test_uri_templates.py: 86.29605531692505
test_multiple in /home/kaiyaok2/PythonProjects/falcon/tests/test_uri_templates.py: 86.37550663948059
test_single in /home/kaiyaok2/PythonProjects/falcon/tests/test_uri_templates.py: 86.46431088447571
test_single in /home/kaiyaok2/PythonProjects/falcon/tests/test_uri_templates.py: 86.55896973609924
test_same_level_complex_var in /home/kaiyaok2/PythonProjects/falcon/tests/test_uri_templates.py: 86.64551329612732
test_uuid_converter in /home/kaiyaok2/PythonProjects/falcon/tests/test_uri_templates.py: 88.14138436317444
test_float_converter_non_finite_disallowed in /home/kaiyaok2/PythonProjects/falcon/tests/test_uri_templates.py: 88.22764301300049
test_float_converter_non_finite_allowed in /home/kaiyaok2/PythonProjects/falcon/tests/test_uri_templates.py: 88.31636428833008
test_int_converter in /home/kaiyaok2/PythonProjects/falcon/tests/test_uri_templates.py: 88.40343642234802
test_float_converter in /home/kaiyaok2/PythonProjects/falcon/tests/test_uri_templates.py: 88.48275923728943
test_no_vars in /home/kaiyaok2/PythonProjects/falcon/tests/test_uri_templates.py: 88.56485414505005
test_float_converter in /home/kaiyaok2/PythonProjects/falcon/tests/test_uri_templates.py: 88.64372277259827
test_float_converter in /home/kaiyaok2/PythonProjects/falcon/tests/test_uri_templates.py: 88.72269010543823
test_float_converter in /home/kaiyaok2/PythonProjects/falcon/tests/test_uri_templates.py: 90.13248634338379
test_adding_suffix_routes in /home/kaiyaok2/PythonProjects/falcon/tests/test_uri_templates.py: 90.21996784210205
test_uuid_converter in /home/kaiyaok2/PythonProjects/falcon/tests/test_uri_templates.py: 90.30369687080383
test_uuid_converter in /home/kaiyaok2/PythonProjects/falcon/tests/test_uri_templates.py: 90.39073443412781
test_single in /home/kaiyaok2/PythonProjects/falcon/tests/test_uri_templates.py: 90.46842575073242
test_special_chars in /home/kaiyaok2/PythonProjects/falcon/tests/test_uri_templates.py: 90.56115746498108
test_float_converter_non_finite_allowed in /home/kaiyaok2/PythonProjects/falcon/tests/test_uri_templates.py: 90.64249086380005
test_int_converter in /home/kaiyaok2/PythonProjects/falcon/tests/test_uri_templates.py: 90.7212815284729
test_float_converter in /home/kaiyaok2/PythonProjects/falcon/tests/test_uri_templates.py: 90.80863380432129
test_int_converter_rejections in /home/kaiyaok2/PythonProjects/falcon/tests/test_uri_templates.py: 90.88733077049255
test_float_converter_non_finite_allowed in /home/kaiyaok2/PythonProjects/falcon/tests/test_uri_templates.py: 92.27902436256409
test_uuid_converter in /home/kaiyaok2/PythonProjects/falcon/tests/test_uri_templates.py: 92.35958409309387
test_wrapped_resource_with_hooks_aware_of_resource in /home/kaiyaok2/PythonProjects/falcon/tests/test_after_hooks.py: 92.44179821014404
test_wrapped_resource in /home/kaiyaok2/PythonProjects/falcon/tests/test_after_hooks.py: 92.5156557559967
test_resource_with_uri_fields in /home/kaiyaok2/PythonProjects/falcon/tests/test_after_hooks.py: 92.59474277496338
test_resource_with_uri_fields in /home/kaiyaok2/PythonProjects/falcon/tests/test_after_hooks.py: 92.6695442199707
test_wrapped_resource in /home/kaiyaok2/PythonProjects/falcon/tests/test_after_hooks.py: 92.74369597434998
test_content_length_set_on_head_with_no_body in /home/kaiyaok2/PythonProjects/falcon/tests/test_response_body.py: 93.43278479576111
test_response_body_rendition_error in /home/kaiyaok2/PythonProjects/falcon/tests/test_response_body.py: 94.83211779594421
test_unsupported_response_content_type in /home/kaiyaok2/PythonProjects/falcon/tests/test_response_body.py: 94.91455221176147
test_allow_credential_existing_origin in /home/kaiyaok2/PythonProjects/falcon/tests/test_cors_middleware.py: 98.46326231956482
test_allow_credential_list_or_str in /home/kaiyaok2/PythonProjects/falcon/tests/test_cors_middleware.py: 98.55896878242493
test_allow_credential_list_or_str in /home/kaiyaok2/PythonProjects/falcon/tests/test_cors_middleware.py: 98.63770127296448
test_expose_headers in /home/kaiyaok2/PythonProjects/falcon/tests/test_cors_middleware.py: 98.72122740745544
test_allow_credential_wildcard in /home/kaiyaok2/PythonProjects/falcon/tests/test_cors_middleware.py: 98.80084228515625
test_allow_origin in /home/kaiyaok2/PythonProjects/falcon/tests/test_cors_middleware.py: 98.87288904190063
test_allow_origin in /home/kaiyaok2/PythonProjects/falcon/tests/test_cors_middleware.py: 98.96385169029236
test_allow_origin_allow_credential in /home/kaiyaok2/PythonProjects/falcon/tests/test_cors_middleware.py: 100.43177151679993
test_expose_headers in /home/kaiyaok2/PythonProjects/falcon/tests/test_cors_middleware.py: 100.51804947853088
test_expose_headers in /home/kaiyaok2/PythonProjects/falcon/tests/test_cors_middleware.py: 100.6126446723938
test_allow_origin in /home/kaiyaok2/PythonProjects/falcon/tests/test_cors_middleware.py: 100.6945972442627
test_disabled_cors_should_not_add_any_extra_headers in /home/kaiyaok2/PythonProjects/falcon/tests/test_cors_middleware.py: 100.77670001983643
test_enabled_cors_handles_preflighting_no_headers_in_req in /home/kaiyaok2/PythonProjects/falcon/tests/test_cors_middleware.py: 100.85961699485779
test_enabled_cors_handles_preflighting in /home/kaiyaok2/PythonProjects/falcon/tests/test_cors_middleware.py: 100.94416499137878
test_enabled_cors_no_origin in /home/kaiyaok2/PythonProjects/falcon/tests/test_cors_middleware.py: 101.02986121177673
test_enabled_cors_should_accept_all_origins_requests in /home/kaiyaok2/PythonProjects/falcon/tests/test_cors_middleware.py: 102.52461791038513
test_enabled_cors_should_add_extra_headers_on_response in /home/kaiyaok2/PythonProjects/falcon/tests/test_cors_middleware.py: 102.59924650192261
test_multiple_resource_hooks in /home/kaiyaok2/PythonProjects/falcon/tests/test_before_hooks.py: 143.1681990623474
test_multiple_resource_hooks in /home/kaiyaok2/PythonProjects/falcon/tests/test_before_hooks.py: 143.25861716270447
test_wrapped_resource in /home/kaiyaok2/PythonProjects/falcon/tests/test_before_hooks.py: 143.3651909828186
test_param_validator in /home/kaiyaok2/PythonProjects/falcon/tests/test_before_hooks.py: 143.46854996681213
test_wrapped_resource_with_hooks_aware_of_resource in /home/kaiyaok2/PythonProjects/falcon/tests/test_before_hooks.py: 143.55486583709717
test_field_validator in /home/kaiyaok2/PythonProjects/falcon/tests/test_before_hooks.py: 145.13861536979675
test_piggybacking_resource_post_and_delete in /home/kaiyaok2/PythonProjects/falcon/tests/test_before_hooks.py: 145.2289433479309
test_input_validator_inherited in /home/kaiyaok2/PythonProjects/falcon/tests/test_before_hooks.py: 145.35619950294495
test_input_validator in /home/kaiyaok2/PythonProjects/falcon/tests/test_before_hooks.py: 145.43884873390198
test_field_validator in /home/kaiyaok2/PythonProjects/falcon/tests/test_before_hooks.py: 145.54543113708496
test_piggybacking_resource_post_item in /home/kaiyaok2/PythonProjects/falcon/tests/test_before_hooks.py: 145.63227653503418
test_field_validator in /home/kaiyaok2/PythonProjects/falcon/tests/test_before_hooks.py: 145.71744465827942
test_query_string_no_question in /home/kaiyaok2/PythonProjects/falcon/tests/test_utils.py: 170.00028085708618
test_query_string_in_path in /home/kaiyaok2/PythonProjects/falcon/tests/test_utils.py: 171.5482075214386
test_simulate_remote_addr in /home/kaiyaok2/PythonProjects/falcon/tests/test_utils.py: 171.6718692779541
test_simulate_remote_addr in /home/kaiyaok2/PythonProjects/falcon/tests/test_utils.py: 171.78374791145325
test_default_headers_with_override in /home/kaiyaok2/PythonProjects/falcon/tests/test_utils.py: 171.90613269805908
test_simulate_hostname in /home/kaiyaok2/PythonProjects/falcon/tests/test_utils.py: 172.0169198513031
test_override_method_with_extras in /home/kaiyaok2/PythonProjects/falcon/tests/test_utils.py: 172.13490080833435
test_path_must_start_with_slash in /home/kaiyaok2/PythonProjects/falcon/tests/test_utils.py: 173.69630670547485
test_status in /home/kaiyaok2/PythonProjects/falcon/tests/test_utils.py: 173.81564784049988
test_query_string in /home/kaiyaok2/PythonProjects/falcon/tests/test_utils.py: 173.92741203308105
test_simulate_remote_addr in /home/kaiyaok2/PythonProjects/falcon/tests/test_utils.py: 174.03704071044922
test_default_headers in /home/kaiyaok2/PythonProjects/falcon/tests/test_utils.py: 174.15694499015808
test_simulate_remote_addr in /home/kaiyaok2/PythonProjects/falcon/tests/test_utils.py: 175.77447390556335
test_cached_text_in_result in /home/kaiyaok2/PythonProjects/falcon/tests/test_utils.py: 175.8882031440735
test_simulate_remote_addr in /home/kaiyaok2/PythonProjects/falcon/tests/test_utils.py: 176.00442910194397
test_stream_has_private_read in /home/kaiyaok2/PythonProjects/falcon/tests/test_cython.py: 176.01039290428162
test_imported_from_c_modules in /home/kaiyaok2/PythonProjects/falcon/tests/test_cython.py: 176.01659774780273
test_data_is_set in /home/kaiyaok2/PythonProjects/falcon/tests/test_httpstatus.py: 179.80700182914734
test_media_is_set in /home/kaiyaok2/PythonProjects/falcon/tests/test_httpstatus.py: 179.8775351047516
test_body_is_set in /home/kaiyaok2/PythonProjects/falcon/tests/test_httpstatus.py: 179.95649456977844
test_raise_status_in_process_resource in /home/kaiyaok2/PythonProjects/falcon/tests/test_httpstatus.py: 180.1009349822998
test_raise_status_runs_process_response in /home/kaiyaok2/PythonProjects/falcon/tests/test_httpstatus.py: 180.20086860656738
test_raise_status_in_process_request in /home/kaiyaok2/PythonProjects/falcon/tests/test_httpstatus.py: 180.30793476104736
test_raise_status_survives_after_hooks in /home/kaiyaok2/PythonProjects/falcon/tests/test_httpstatus.py: 180.4531078338623
test_raise_status_empty_body in /home/kaiyaok2/PythonProjects/falcon/tests/test_httpstatus.py: 180.53202486038208
test_raise_status_in_responder in /home/kaiyaok2/PythonProjects/falcon/tests/test_httpstatus.py: 180.5999014377594
test_raise_status_in_before_hook in /home/kaiyaok2/PythonProjects/falcon/tests/test_httpstatus.py: 180.6723210811615
test_raise_status_runs_after_hooks in /home/kaiyaok2/PythonProjects/falcon/tests/test_httpstatus.py: 180.74890875816345
test_load_app in /home/kaiyaok2/PythonProjects/falcon/tests/test_cmd_inspect_app.py: 180.92945671081543
test_load_app_error in /home/kaiyaok2/PythonProjects/falcon/tests/test_cmd_inspect_app.py: 180.98612761497498
test_load_app_error in /home/kaiyaok2/PythonProjects/falcon/tests/test_cmd_inspect_app.py: 181.05606961250305
test_load_app in /home/kaiyaok2/PythonProjects/falcon/tests/test_cmd_inspect_app.py: 181.1133575439453
test_load_app_error in /home/kaiyaok2/PythonProjects/falcon/tests/test_cmd_inspect_app.py: 181.17084002494812
test_routes_only in /home/kaiyaok2/PythonProjects/falcon/tests/test_cmd_inspect_app.py: 181.24074292182922
test_inspect in /home/kaiyaok2/PythonProjects/falcon/tests/test_cmd_inspect_app.py: 181.3012397289276
test_routes_only in /home/kaiyaok2/PythonProjects/falcon/tests/test_cmd_inspect_app.py: 181.359046459198
test_inspect in /home/kaiyaok2/PythonProjects/falcon/tests/test_cmd_inspect_app.py: 181.41950964927673
test_routes_only in /home/kaiyaok2/PythonProjects/falcon/tests/test_cmd_inspect_app.py: 181.4812216758728
test_routes_only in /home/kaiyaok2/PythonProjects/falcon/tests/test_cmd_inspect_app.py: 181.5384931564331
test_inspect in /home/kaiyaok2/PythonProjects/falcon/tests/test_cmd_inspect_app.py: 181.59919261932373
test_inspect in /home/kaiyaok2/PythonProjects/falcon/tests/test_cmd_inspect_app.py: 181.6635603904724
test_add_sync_sink_with_wrapping in /home/kaiyaok2/PythonProjects/falcon/tests/test_sinks.py: 186.74526596069336
test_route_precedence in /home/kaiyaok2/PythonProjects/falcon/tests/test_sinks.py: 186.83458495140076
test_route_precedence_with_id in /home/kaiyaok2/PythonProjects/falcon/tests/test_sinks.py: 186.90958523750305
test_with_route in /home/kaiyaok2/PythonProjects/falcon/tests/test_sinks.py: 186.98277807235718
test_route_precedence_with_both_id in /home/kaiyaok2/PythonProjects/falcon/tests/test_sinks.py: 187.06192064285278
test_405_without_body in /home/kaiyaok2/PythonProjects/falcon/tests/test_httperror.py: 187.17826867103577
test_custom_error_serializer_optional_representation in /home/kaiyaok2/PythonProjects/falcon/tests/test_httperror.py: 187.2668263912201
test_unicode_xml in /home/kaiyaok2/PythonProjects/falcon/tests/test_httperror.py: 187.36797070503235
test_custom_error_serializer_optional_representation in /home/kaiyaok2/PythonProjects/falcon/tests/test_httperror.py: 187.45740818977356
test_410_without_body in /home/kaiyaok2/PythonProjects/falcon/tests/test_httperror.py: 189.04421639442444
test_client_does_not_accept_anything in /home/kaiyaok2/PythonProjects/falcon/tests/test_httperror.py: 189.16769981384277
test_405_without_body_with_extra_headers_double_check in /home/kaiyaok2/PythonProjects/falcon/tests/test_httperror.py: 189.3223795890808
test_429_datetime in /home/kaiyaok2/PythonProjects/falcon/tests/test_httperror.py: 189.41225600242615
test_epic_fail_xml in /home/kaiyaok2/PythonProjects/falcon/tests/test_httperror.py: 189.53224849700928
test_client_does_not_accept_json_or_xml in /home/kaiyaok2/PythonProjects/falcon/tests/test_httperror.py: 189.64537954330444
test_410_with_body in /home/kaiyaok2/PythonProjects/falcon/tests/test_httperror.py: 189.75703859329224
test_invalid_param in /home/kaiyaok2/PythonProjects/falcon/tests/test_httperror.py: 189.86866283416748
test_503_integer_retry_after in /home/kaiyaok2/PythonProjects/falcon/tests/test_httperror.py: 191.5152244567871
test_405_with_body in /home/kaiyaok2/PythonProjects/falcon/tests/test_httperror.py: 191.6090853214264
test_serialize_error_uses_media_handler in /home/kaiyaok2/PythonProjects/falcon/tests/test_httperror.py: 191.70715165138245
test_no_description_xml in /home/kaiyaok2/PythonProjects/falcon/tests/test_httperror.py: 191.80417394638062
test_411 in /home/kaiyaok2/PythonProjects/falcon/tests/test_httperror.py: 191.90095567703247
test_429_no_retry_after in /home/kaiyaok2/PythonProjects/falcon/tests/test_httperror.py: 192.00591492652893
test_416 in /home/kaiyaok2/PythonProjects/falcon/tests/test_httperror.py: 192.10068702697754
test_custom_serializer_no_representation in /home/kaiyaok2/PythonProjects/falcon/tests/test_httperror.py: 192.19590163230896
test_title_default_message_if_none in /home/kaiyaok2/PythonProjects/falcon/tests/test_httperror.py: 193.8641767501831
test_title_default_message_if_none in /home/kaiyaok2/PythonProjects/falcon/tests/test_httperror.py: 193.961571931839
test_misc in /home/kaiyaok2/PythonProjects/falcon/tests/test_httperror.py: 194.08413076400757
test_unicode_json in /home/kaiyaok2/PythonProjects/falcon/tests/test_httperror.py: 194.17229771614075
test_no_description_json in /home/kaiyaok2/PythonProjects/falcon/tests/test_httperror.py: 194.2612864971161
test_title_default_message_if_none in /home/kaiyaok2/PythonProjects/falcon/tests/test_httperror.py: 194.35220289230347
test_base_class in /home/kaiyaok2/PythonProjects/falcon/tests/test_httperror.py: 194.48296403884888
test_414_with_custom_kwargs in /home/kaiyaok2/PythonProjects/falcon/tests/test_httperror.py: 194.60173988342285
test_forbidden in /home/kaiyaok2/PythonProjects/falcon/tests/test_httperror.py: 196.37253141403198
test_title_default_message_if_none in /home/kaiyaok2/PythonProjects/falcon/tests/test_httperror.py: 196.47865509986877
test_404_without_body in /home/kaiyaok2/PythonProjects/falcon/tests/test_httperror.py: 196.57724714279175
test_invalid_header in /home/kaiyaok2/PythonProjects/falcon/tests/test_httperror.py: 196.69984936714172
test_temporary_413_datetime_retry_after in /home/kaiyaok2/PythonProjects/falcon/tests/test_httperror.py: 196.7981240749359
test_414 in /home/kaiyaok2/PythonProjects/falcon/tests/test_httperror.py: 196.89200711250305
test_title_default_message_if_none in /home/kaiyaok2/PythonProjects/falcon/tests/test_httperror.py: 196.9972653388977
test_forbidden in /home/kaiyaok2/PythonProjects/falcon/tests/test_httperror.py: 197.10805869102478
test_custom_error_serializer_optional_representation in /home/kaiyaok2/PythonProjects/falcon/tests/test_httperror.py: 198.64792370796204
test_custom_error_serializer in /home/kaiyaok2/PythonProjects/falcon/tests/test_httperror.py: 198.8057084083557
test_forbidden in /home/kaiyaok2/PythonProjects/falcon/tests/test_httperror.py: 199.00388360023499
test_epic_fail_json in /home/kaiyaok2/PythonProjects/falcon/tests/test_httperror.py: 199.16992831230164
test_405_without_body_with_extra_headers in /home/kaiyaok2/PythonProjects/falcon/tests/test_httperror.py: 199.33655095100403
test_epic_fail_xml in /home/kaiyaok2/PythonProjects/falcon/tests/test_httperror.py: 199.51505851745605
test_custom_error_serializer_optional_representation in /home/kaiyaok2/PythonProjects/falcon/tests/test_httperror.py: 199.68237018585205
test_epic_fail_xml in /home/kaiyaok2/PythonProjects/falcon/tests/test_httperror.py: 199.8496925830841
test_missing_header in /home/kaiyaok2/PythonProjects/falcon/tests/test_httperror.py: 201.59314942359924
test_413 in /home/kaiyaok2/PythonProjects/falcon/tests/test_httperror.py: 201.71201705932617
test_404_with_body in /home/kaiyaok2/PythonProjects/falcon/tests/test_httperror.py: 201.87719893455505
test_401 in /home/kaiyaok2/PythonProjects/falcon/tests/test_httperror.py: 201.9671721458435
test_temporary_413_integer_retry_after in /home/kaiyaok2/PythonProjects/falcon/tests/test_httperror.py: 202.07418155670166
test_serialize_no_json_media_handler in /home/kaiyaok2/PythonProjects/falcon/tests/test_httperror.py: 202.16317987442017
test_414_with_description in /home/kaiyaok2/PythonProjects/falcon/tests/test_httperror.py: 202.26689386367798
test_missing_param in /home/kaiyaok2/PythonProjects/falcon/tests/test_httperror.py: 203.96832656860352
test_503_datetime_retry_after in /home/kaiyaok2/PythonProjects/falcon/tests/test_httperror.py: 204.06175017356873
test_epic_fail_xml in /home/kaiyaok2/PythonProjects/falcon/tests/test_httperror.py: 204.15443992614746
test_title_default_message_if_none in /home/kaiyaok2/PythonProjects/falcon/tests/test_httperror.py: 204.24358105659485
test_429 in /home/kaiyaok2/PythonProjects/falcon/tests/test_httperror.py: 204.3433530330658
test_414_with_title in /home/kaiyaok2/PythonProjects/falcon/tests/test_httperror.py: 204.43147778511047
test_catch_http_no_route_error in /home/kaiyaok2/PythonProjects/falcon/tests/test_error_handlers.py: 204.51032423973083
test_caught_error_async in /home/kaiyaok2/PythonProjects/falcon/tests/test_error_handlers.py: 204.58518195152283
test_client_simulate_aliases in /home/kaiyaok2/PythonProjects/falcon/tests/test_testing.py: 208.81081366539001
test_client_simulate_aliases in /home/kaiyaok2/PythonProjects/falcon/tests/test_testing.py: 208.83798265457153
test_client_simulate_aliases in /home/kaiyaok2/PythonProjects/falcon/tests/test_testing.py: 208.86255598068237
test_client_simulate_aliases in /home/kaiyaok2/PythonProjects/falcon/tests/test_testing.py: 208.8907175064087
test_client_simulate_aliases in /home/kaiyaok2/PythonProjects/falcon/tests/test_testing.py: 210.34671545028687
test_client_simulate_aliases in /home/kaiyaok2/PythonProjects/falcon/tests/test_testing.py: 210.37672996520996
test_client_simulate_aliases in /home/kaiyaok2/PythonProjects/falcon/tests/test_testing.py: 210.4019317626953
test_client_simulate_aliases in /home/kaiyaok2/PythonProjects/falcon/tests/test_testing.py: 210.4309093952179
test_json_err_no_handler in /home/kaiyaok2/PythonProjects/falcon/tests/test_media_handlers.py: 211.37920928001404
test_json_err_no_handler in /home/kaiyaok2/PythonProjects/falcon/tests/test_media_handlers.py: 211.4554295539856
test_methods_not_allowed_complex in /home/kaiyaok2/PythonProjects/falcon/tests/test_http_method_routing.py: 216.23706436157227
test_meta_and_others_disallowed in /home/kaiyaok2/PythonProjects/falcon/tests/test_http_method_routing.py: 216.31946969032288
test_post_not_allowed in /home/kaiyaok2/PythonProjects/falcon/tests/test_http_method_routing.py: 218.01325869560242
test_on_options in /home/kaiyaok2/PythonProjects/falcon/tests/test_http_method_routing.py: 218.11463570594788
test_meta_and_others_disallowed in /home/kaiyaok2/PythonProjects/falcon/tests/test_http_method_routing.py: 218.21752405166626
test_default_on_options in /home/kaiyaok2/PythonProjects/falcon/tests/test_http_method_routing.py: 218.2954888343811
test_method_not_allowed_with_param in /home/kaiyaok2/PythonProjects/falcon/tests/test_http_method_routing.py: 218.3768744468689
test_put in /home/kaiyaok2/PythonProjects/falcon/tests/test_http_method_routing.py: 218.46411561965942
test_get in /home/kaiyaok2/PythonProjects/falcon/tests/test_http_method_routing.py: 218.55589985847473
test_report in /home/kaiyaok2/PythonProjects/falcon/tests/test_http_method_routing.py: 218.62686395645142
test_methods_not_allowed_simple in /home/kaiyaok2/PythonProjects/falcon/tests/test_http_method_routing.py: 218.69888162612915
test_misc in /home/kaiyaok2/PythonProjects/falcon/tests/test_http_method_routing.py: 218.81576371192932
