test_post_read_bounded_stream_no_body in /home/kaiyaok2/PythonProjects/falcon/tests/asgi/test_asgi_servers.py: 45.084288358688354
test_put in /home/kaiyaok2/PythonProjects/falcon/tests/asgi/test_asgi_servers.py: 60.47186517715454
test_stream_chunked_request in /home/kaiyaok2/PythonProjects/falcon/tests/asgi/test_asgi_servers.py: 75.82275295257568
test_sse_client_disconnects_early in /home/kaiyaok2/PythonProjects/falcon/tests/asgi/test_asgi_servers.py: 91.42096614837646
test_get in /home/kaiyaok2/PythonProjects/falcon/tests/asgi/test_asgi_servers.py: 106.77380347251892
test_post_read_bounded_stream in /home/kaiyaok2/PythonProjects/falcon/tests/asgi/test_asgi_servers.py: 121.84903359413147
test_post_invalid_content_length in /home/kaiyaok2/PythonProjects/falcon/tests/asgi/test_asgi_servers.py: 137.3792245388031
test_post_multipart_form in /home/kaiyaok2/PythonProjects/falcon/tests/asgi/test_asgi_servers.py: 152.77842116355896
test_post_read_bounded_stream_large in /home/kaiyaok2/PythonProjects/falcon/tests/asgi/test_asgi_servers.py: 168.333514213562
test_post_multiple in /home/kaiyaok2/PythonProjects/falcon/tests/asgi/test_asgi_servers.py: 183.87911677360535
test_head_405 in /home/kaiyaok2/PythonProjects/falcon/tests/asgi/test_asgi_servers.py: 199.29964137077332
test_sse in /home/kaiyaok2/PythonProjects/falcon/tests/asgi/test_asgi_servers.py: 214.89707899093628
test_select_subprotocol_unknown in /home/kaiyaok2/PythonProjects/falcon/tests/asgi/test_asgi_servers.py: 230.41155338287354
test_type_mismatch in /home/kaiyaok2/PythonProjects/falcon/tests/asgi/test_asgi_servers.py: 245.72551703453064
test_disconnecting_client_early in /home/kaiyaok2/PythonProjects/falcon/tests/asgi/test_asgi_servers.py: 261.2227110862732
test_rejected in /home/kaiyaok2/PythonProjects/falcon/tests/asgi/test_asgi_servers.py: 276.6901378631592
test_invalid_close_code in /home/kaiyaok2/PythonProjects/falcon/tests/asgi/test_asgi_servers.py: 292.0042793750763
test_hello in /home/kaiyaok2/PythonProjects/falcon/tests/asgi/test_asgi_servers.py: 309.446720123291
test_select_subprotocol_known in /home/kaiyaok2/PythonProjects/falcon/tests/asgi/test_asgi_servers.py: 324.7109034061432
test_passing_path_params in /home/kaiyaok2/PythonProjects/falcon/tests/asgi/test_asgi_servers.py: 340.098664522171
test_select_subprotocol_known in /home/kaiyaok2/PythonProjects/falcon/tests/asgi/test_asgi_servers.py: 355.3548517227173
test_hello in /home/kaiyaok2/PythonProjects/falcon/tests/asgi/test_asgi_servers.py: 370.63200426101685
test_rejected in /home/kaiyaok2/PythonProjects/falcon/tests/asgi/test_asgi_servers.py: 386.04989552497864
test_hello in /home/kaiyaok2/PythonProjects/falcon/tests/asgi/test_asgi_servers.py: 401.71538949012756
test_close_code_on_unhandled_error in /home/kaiyaok2/PythonProjects/falcon/tests/asgi/test_asgi_servers.py: 416.91778326034546
test_hello in /home/kaiyaok2/PythonProjects/falcon/tests/asgi/test_asgi_servers.py: 432.2355432510376
test_close_code_on_unhandled_http_error in /home/kaiyaok2/PythonProjects/falcon/tests/asgi/test_asgi_servers.py: 447.73091220855713
test_type_mismatch in /home/kaiyaok2/PythonProjects/falcon/tests/asgi/test_asgi_servers.py: 463.1435124874115
test_rejected in /home/kaiyaok2/PythonProjects/falcon/tests/asgi/test_asgi_servers.py: 478.86835408210754
test_missing_responder in /home/kaiyaok2/PythonProjects/falcon/tests/asgi/test_asgi_servers.py: 494.2763750553131
test_recv_before_accept in /home/kaiyaok2/PythonProjects/falcon/tests/asgi/test_asgi_servers.py: 509.73812890052795
test_rejected in /home/kaiyaok2/PythonProjects/falcon/tests/asgi/test_asgi_servers.py: 524.965432882309
test_send_before_accept in /home/kaiyaok2/PythonProjects/falcon/tests/asgi/test_asgi_servers.py: 540.3760821819305
test_type_mismatch in /home/kaiyaok2/PythonProjects/falcon/tests/asgi/test_asgi_servers.py: 555.8423478603363
test_type_mismatch in /home/kaiyaok2/PythonProjects/falcon/tests/asgi/test_asgi_servers.py: 571.569783449173
test_static_file_byte_range in /home/kaiyaok2/PythonProjects/falcon/tests/test_wsgi_servers.py: 635.8512482643127
test_static_file in /home/kaiyaok2/PythonProjects/falcon/tests/test_wsgi_servers.py: 666.2185690402985
test_post_multipart_form in /home/kaiyaok2/PythonProjects/falcon/tests/test_wsgi_servers.py: 696.6091260910034
test_static_file_byte_range in /home/kaiyaok2/PythonProjects/falcon/tests/test_wsgi_servers.py: 726.9095976352692
test_get_deprecated in /home/kaiyaok2/PythonProjects/falcon/tests/test_wsgi_servers.py: 757.5699610710144
test_get in /home/kaiyaok2/PythonProjects/falcon/tests/test_wsgi_servers.py: 787.8581895828247
test_static_file_byte_range in /home/kaiyaok2/PythonProjects/falcon/tests/test_wsgi_servers.py: 818.1692700386047
test_static_file_byte_range in /home/kaiyaok2/PythonProjects/falcon/tests/test_wsgi_servers.py: 848.7037785053253
test_post_multipart_form in /home/kaiyaok2/PythonProjects/falcon/tests/test_wsgi_servers.py: 879.1579513549805
test_get in /home/kaiyaok2/PythonProjects/falcon/tests/test_wsgi_servers.py: 909.6570415496826
test_static_file in /home/kaiyaok2/PythonProjects/falcon/tests/test_wsgi_servers.py: 940.0457820892334
test_static_file_byte_range in /home/kaiyaok2/PythonProjects/falcon/tests/test_wsgi_servers.py: 970.4715163707733
test_static_file_byte_range in /home/kaiyaok2/PythonProjects/falcon/tests/test_wsgi_servers.py: 1001.0095791816711
test_static_file_byte_range in /home/kaiyaok2/PythonProjects/falcon/tests/test_wsgi_servers.py: 1031.4516959190369
test_get_deprecated in /home/kaiyaok2/PythonProjects/falcon/tests/test_wsgi_servers.py: 1061.8235168457031
test_static_file_byte_range in /home/kaiyaok2/PythonProjects/falcon/tests/test_wsgi_servers.py: 1092.2251148223877
test_load_app_error in /home/kaiyaok2/PythonProjects/falcon/tests/test_cmd_inspect_app.py: 1172.8923156261444
test_load_app_error in /home/kaiyaok2/PythonProjects/falcon/tests/test_cmd_inspect_app.py: 1173.0152657032013
test_load_app in /home/kaiyaok2/PythonProjects/falcon/tests/test_cmd_inspect_app.py: 1173.1178939342499
test_load_app in /home/kaiyaok2/PythonProjects/falcon/tests/test_cmd_inspect_app.py: 1173.2913053035736
test_load_app_error in /home/kaiyaok2/PythonProjects/falcon/tests/test_cmd_inspect_app.py: 1176.3500373363495
test_inspect in /home/kaiyaok2/PythonProjects/falcon/tests/test_cmd_inspect_app.py: 1176.525829076767
test_inspect in /home/kaiyaok2/PythonProjects/falcon/tests/test_cmd_inspect_app.py: 1176.6849069595337
test_routes_only in /home/kaiyaok2/PythonProjects/falcon/tests/test_cmd_inspect_app.py: 1176.8440351486206
test_inspect in /home/kaiyaok2/PythonProjects/falcon/tests/test_cmd_inspect_app.py: 1176.9888322353363
test_routes_only in /home/kaiyaok2/PythonProjects/falcon/tests/test_cmd_inspect_app.py: 1177.2439930438995
test_inspect in /home/kaiyaok2/PythonProjects/falcon/tests/test_cmd_inspect_app.py: 1177.441210269928
test_routes_only in /home/kaiyaok2/PythonProjects/falcon/tests/test_cmd_inspect_app.py: 1177.7132334709167
test_routes_only in /home/kaiyaok2/PythonProjects/falcon/tests/test_cmd_inspect_app.py: 1178.0578100681305
test_imported_from_c_modules in /home/kaiyaok2/PythonProjects/falcon/tests/test_cython.py: 1225.1679427623749
test_stream_has_private_read in /home/kaiyaok2/PythonProjects/falcon/tests/test_cython.py: 1225.2021396160126
