test_hooks in /home/kaiyaok2/PythonProjects/falcon/tests/asgi/test_cythonized_asgi.py: 1.2097811698913574
test_jsonchema_validator in /home/kaiyaok2/PythonProjects/falcon/tests/asgi/test_cythonized_asgi.py: 1.2801523208618164
test_generate_trans_id_with_request in /home/kaiyaok2/PythonProjects/falcon/tests/test_middleware.py: 2.508373260498047
test_process_resource_cached in /home/kaiyaok2/PythonProjects/falcon/tests/test_middleware.py: 2.601069211959839
test_process_request_cached in /home/kaiyaok2/PythonProjects/falcon/tests/test_middleware.py: 2.686711311340332
test_process_resource_cached in /home/kaiyaok2/PythonProjects/falcon/tests/test_middleware.py: 2.769213914871216
test_process_request_cached in /home/kaiyaok2/PythonProjects/falcon/tests/test_middleware.py: 2.8546857833862305
test_process_request_not_cached in /home/kaiyaok2/PythonProjects/falcon/tests/test_middleware.py: 2.953253984451294
test_base_path_is_removed_before_routing in /home/kaiyaok2/PythonProjects/falcon/tests/test_middleware.py: 3.032296895980835
test_api_initialization_with_cors_enabled_and_middleware_param in /home/kaiyaok2/PythonProjects/falcon/tests/test_middleware.py: 3.109487295150757
test_api_initialization_with_cors_enabled_and_middleware_param in /home/kaiyaok2/PythonProjects/falcon/tests/test_middleware.py: 3.1883304119110107
test_api_initialization_with_cors_enabled_and_middleware_param in /home/kaiyaok2/PythonProjects/falcon/tests/test_middleware.py: 4.395939826965332
test_api_initialization_with_cors_enabled_and_middleware_param in /home/kaiyaok2/PythonProjects/falcon/tests/test_middleware.py: 4.472110986709595
test_dont_need_params_in_signature in /home/kaiyaok2/PythonProjects/falcon/tests/test_middleware.py: 4.5480334758758545
test_can_access_resource_params in /home/kaiyaok2/PythonProjects/falcon/tests/test_middleware.py: 4.630773067474365
test_can_access_resource_params in /home/kaiyaok2/PythonProjects/falcon/tests/test_middleware.py: 4.705005168914795
test_order_mw_executed_when_exception_in_req in /home/kaiyaok2/PythonProjects/falcon/tests/test_middleware.py: 4.7794740200042725
test_independent_middleware_execution_order in /home/kaiyaok2/PythonProjects/falcon/tests/test_middleware.py: 4.852487802505493
test_order_mw_executed_when_exception_in_rsrc in /home/kaiyaok2/PythonProjects/falcon/tests/test_middleware.py: 4.92929220199585
test_outer_mw_with_ex_handler_throw_exception in /home/kaiyaok2/PythonProjects/falcon/tests/test_middleware.py: 5.0019543170928955
test_order_independent_mw_executed_when_exception_in_req in /home/kaiyaok2/PythonProjects/falcon/tests/test_middleware.py: 5.075908184051514
test_inner_mw_throw_exception in /home/kaiyaok2/PythonProjects/falcon/tests/test_middleware.py: 6.392982244491577
test_middleware_execution_order in /home/kaiyaok2/PythonProjects/falcon/tests/test_middleware.py: 6.489157676696777
test_inner_mw_throw_exception_while_processing_resp in /home/kaiyaok2/PythonProjects/falcon/tests/test_middleware.py: 6.586564779281616
test_order_mw_executed_when_exception_in_resp in /home/kaiyaok2/PythonProjects/falcon/tests/test_middleware.py: 6.666600942611694
test_order_independent_mw_executed_when_exception_in_rsrc in /home/kaiyaok2/PythonProjects/falcon/tests/test_middleware.py: 6.744901180267334
test_legacy_middleware_called_with_correct_args in /home/kaiyaok2/PythonProjects/falcon/tests/test_middleware.py: 6.821704864501953
test_inner_mw_with_ex_handler_throw_exception in /home/kaiyaok2/PythonProjects/falcon/tests/test_middleware.py: 6.897545337677002
test_multiple_response_mw_throw_exception in /home/kaiyaok2/PythonProjects/falcon/tests/test_middleware.py: 6.9791953563690186
test_order_independent_mw_executed_when_exception_in_resp in /home/kaiyaok2/PythonProjects/falcon/tests/test_middleware.py: 8.282895565032959
test_generate_trans_id_and_time_with_request in /home/kaiyaok2/PythonProjects/falcon/tests/test_middleware.py: 8.369025230407715
test_generate_trans_id_and_time_with_request in /home/kaiyaok2/PythonProjects/falcon/tests/test_middleware.py: 8.473160982131958
test_log_get_request in /home/kaiyaok2/PythonProjects/falcon/tests/test_middleware.py: 8.589897394180298
test_response_middleware_raises_exception in /home/kaiyaok2/PythonProjects/falcon/tests/test_middleware.py: 8.673099756240845
test_skip_process_resource in /home/kaiyaok2/PythonProjects/falcon/tests/test_middleware.py: 8.778162240982056
test_log_get_request in /home/kaiyaok2/PythonProjects/falcon/tests/test_middleware.py: 8.874409437179565
test_error_composed_before_resp_middleware_called in /home/kaiyaok2/PythonProjects/falcon/tests/test_middleware.py: 8.957751989364624
test_http_status_raised_from_error_handler in /home/kaiyaok2/PythonProjects/falcon/tests/test_middleware.py: 9.03980827331543
test_enabled_cors_handles_preflighting in /home/kaiyaok2/PythonProjects/falcon/tests/test_cors_middleware.py: 10.413550853729248
test_enabled_cors_handles_preflighting_no_headers_in_req in /home/kaiyaok2/PythonProjects/falcon/tests/test_cors_middleware.py: 10.486004114151001
test_enabled_cors_no_origin in /home/kaiyaok2/PythonProjects/falcon/tests/test_cors_middleware.py: 10.560173034667969
test_enabled_cors_should_add_extra_headers_on_response in /home/kaiyaok2/PythonProjects/falcon/tests/test_cors_middleware.py: 10.630722999572754
test_enabled_cors_should_accept_all_origins_requests in /home/kaiyaok2/PythonProjects/falcon/tests/test_cors_middleware.py: 10.705349445343018
test_disabled_cors_should_not_add_any_extra_headers in /home/kaiyaok2/PythonProjects/falcon/tests/test_cors_middleware.py: 10.775657415390015
test_allow_origin in /home/kaiyaok2/PythonProjects/falcon/tests/test_cors_middleware.py: 10.850144386291504
test_allow_origin in /home/kaiyaok2/PythonProjects/falcon/tests/test_cors_middleware.py: 10.958626747131348
test_allow_credential_list_or_str in /home/kaiyaok2/PythonProjects/falcon/tests/test_cors_middleware.py: 11.04041576385498
test_allow_credential_list_or_str in /home/kaiyaok2/PythonProjects/falcon/tests/test_cors_middleware.py: 11.124135971069336
test_expose_headers in /home/kaiyaok2/PythonProjects/falcon/tests/test_cors_middleware.py: 12.336905717849731
test_allow_credential_existing_origin in /home/kaiyaok2/PythonProjects/falcon/tests/test_cors_middleware.py: 12.407910108566284
test_expose_headers in /home/kaiyaok2/PythonProjects/falcon/tests/test_cors_middleware.py: 12.478697538375854
test_allow_origin_allow_credential in /home/kaiyaok2/PythonProjects/falcon/tests/test_cors_middleware.py: 12.55314302444458
test_expose_headers in /home/kaiyaok2/PythonProjects/falcon/tests/test_cors_middleware.py: 12.62330412864685
test_allow_credential_wildcard in /home/kaiyaok2/PythonProjects/falcon/tests/test_cors_middleware.py: 12.704446077346802
test_allow_origin in /home/kaiyaok2/PythonProjects/falcon/tests/test_cors_middleware.py: 12.787715196609497
test_unsupported_response_content_type in /home/kaiyaok2/PythonProjects/falcon/tests/test_response_body.py: 12.909093618392944
test_content_length_set_on_head_with_no_body in /home/kaiyaok2/PythonProjects/falcon/tests/test_response_body.py: 12.973742485046387
test_response_body_rendition_error in /home/kaiyaok2/PythonProjects/falcon/tests/test_response_body.py: 13.044171571731567
test_default_on_options in /home/kaiyaok2/PythonProjects/falcon/tests/test_http_method_routing.py: 13.446516513824463
test_methods_not_allowed_simple in /home/kaiyaok2/PythonProjects/falcon/tests/test_http_method_routing.py: 14.936373472213745
test_misc in /home/kaiyaok2/PythonProjects/falcon/tests/test_http_method_routing.py: 15.018073797225952
test_report in /home/kaiyaok2/PythonProjects/falcon/tests/test_http_method_routing.py: 15.107891321182251
test_meta_and_others_disallowed in /home/kaiyaok2/PythonProjects/falcon/tests/test_http_method_routing.py: 15.185851335525513
test_post_not_allowed in /home/kaiyaok2/PythonProjects/falcon/tests/test_http_method_routing.py: 15.30618405342102
test_methods_not_allowed_complex in /home/kaiyaok2/PythonProjects/falcon/tests/test_http_method_routing.py: 15.430208921432495
test_method_not_allowed_with_param in /home/kaiyaok2/PythonProjects/falcon/tests/test_http_method_routing.py: 15.50614070892334
test_put in /home/kaiyaok2/PythonProjects/falcon/tests/test_http_method_routing.py: 15.586327314376831
test_meta_and_others_disallowed in /home/kaiyaok2/PythonProjects/falcon/tests/test_http_method_routing.py: 15.679239273071289
test_get in /home/kaiyaok2/PythonProjects/falcon/tests/test_http_method_routing.py: 15.755177736282349
test_on_options in /home/kaiyaok2/PythonProjects/falcon/tests/test_http_method_routing.py: 17.047062397003174
test_stream_has_private_read in /home/kaiyaok2/PythonProjects/falcon/tests/test_cython.py: 63.295372009277344
test_imported_from_c_modules in /home/kaiyaok2/PythonProjects/falcon/tests/test_cython.py: 63.30152750015259
test_foo in /home/kaiyaok2/PythonProjects/falcon/tests/test_http_custom_method_routing.py: 64.49904084205627
test_bar in /home/kaiyaok2/PythonProjects/falcon/tests/test_http_custom_method_routing.py: 64.57548666000366
test_map_http_methods in /home/kaiyaok2/PythonProjects/falcon/tests/test_http_custom_method_routing.py: 64.64067029953003
test_media_is_set in /home/kaiyaok2/PythonProjects/falcon/tests/test_error_handlers.py: 64.72163939476013
test_data_is_set in /home/kaiyaok2/PythonProjects/falcon/tests/test_error_handlers.py: 64.79714226722717
test_body_is_set in /home/kaiyaok2/PythonProjects/falcon/tests/test_error_handlers.py: 66.27615261077881
test_handle_not_defined in /home/kaiyaok2/PythonProjects/falcon/tests/test_error_handlers.py: 66.3578941822052
test_invalid_add_exception_handler_input in /home/kaiyaok2/PythonProjects/falcon/tests/test_error_handlers.py: 66.44634199142456
test_converted_error in /home/kaiyaok2/PythonProjects/falcon/tests/test_error_handlers.py: 66.52461624145508
test_uncaught_error in /home/kaiyaok2/PythonProjects/falcon/tests/test_error_handlers.py: 66.60119342803955
test_subclass_error in /home/kaiyaok2/PythonProjects/falcon/tests/test_error_handlers.py: 66.67680931091309
test_error_precedence_subclass_order_indifference in /home/kaiyaok2/PythonProjects/falcon/tests/test_error_handlers.py: 66.77198553085327
test_handler_multiple_exception_iterable in /home/kaiyaok2/PythonProjects/falcon/tests/test_error_handlers.py: 66.86408019065857
test_handler_multiple_exception_iterable in /home/kaiyaok2/PythonProjects/falcon/tests/test_error_handlers.py: 66.93693900108337
test_error_precedence_subclass in /home/kaiyaok2/PythonProjects/falcon/tests/test_error_handlers.py: 68.32617044448853
test_uncaught_python_error in /home/kaiyaok2/PythonProjects/falcon/tests/test_error_handlers.py: 68.42385649681091
test_handler_single_exception_iterable in /home/kaiyaok2/PythonProjects/falcon/tests/test_error_handlers.py: 68.49577331542969
test_caught_error in /home/kaiyaok2/PythonProjects/falcon/tests/test_error_handlers.py: 68.5693998336792
test_uncaught_python_error in /home/kaiyaok2/PythonProjects/falcon/tests/test_error_handlers.py: 68.65104675292969
test_error_precedence_duplicate in /home/kaiyaok2/PythonProjects/falcon/tests/test_error_handlers.py: 68.75701022148132
test_invalid_add_exception_handler_input in /home/kaiyaok2/PythonProjects/falcon/tests/test_error_handlers.py: 68.87698602676392
test_uncaught_error_else in /home/kaiyaok2/PythonProjects/falcon/tests/test_error_handlers.py: 69.02412533760071
test_invalid_add_exception_handler_input in /home/kaiyaok2/PythonProjects/falcon/tests/test_error_handlers.py: 69.12566018104553
test_uncaught_python_error in /home/kaiyaok2/PythonProjects/falcon/tests/test_error_handlers.py: 69.20795726776123
test_invalid_add_exception_handler_input in /home/kaiyaok2/PythonProjects/falcon/tests/test_error_handlers.py: 70.58282470703125
test_body_is_set in /home/kaiyaok2/PythonProjects/falcon/tests/test_error_handlers.py: 70.67201972007751
test_media_is_set in /home/kaiyaok2/PythonProjects/falcon/tests/test_error_handlers.py: 70.74867582321167
test_data_is_set in /home/kaiyaok2/PythonProjects/falcon/tests/test_error_handlers.py: 70.8372004032135
test_caught_error_async in /home/kaiyaok2/PythonProjects/falcon/tests/test_error_handlers.py: 70.91824746131897
test_catch_http_no_route_error in /home/kaiyaok2/PythonProjects/falcon/tests/test_error_handlers.py: 70.98991274833679
test_wrapped_resource in /home/kaiyaok2/PythonProjects/falcon/tests/test_after_hooks.py: 71.07043027877808
test_resource_with_uri_fields in /home/kaiyaok2/PythonProjects/falcon/tests/test_after_hooks.py: 71.13927221298218
test_resource_with_uri_fields in /home/kaiyaok2/PythonProjects/falcon/tests/test_after_hooks.py: 71.2125473022461
test_wrapped_resource in /home/kaiyaok2/PythonProjects/falcon/tests/test_after_hooks.py: 71.28108763694763
test_wrapped_resource_with_hooks_aware_of_resource in /home/kaiyaok2/PythonProjects/falcon/tests/test_after_hooks.py: 71.35205340385437
test_field_validator in /home/kaiyaok2/PythonProjects/falcon/tests/test_before_hooks.py: 72.67544174194336
test_field_validator in /home/kaiyaok2/PythonProjects/falcon/tests/test_before_hooks.py: 72.76642107963562
test_field_validator in /home/kaiyaok2/PythonProjects/falcon/tests/test_before_hooks.py: 72.8465964794159
test_piggybacking_resource_post_and_delete in /home/kaiyaok2/PythonProjects/falcon/tests/test_before_hooks.py: 72.97253203392029
test_param_validator in /home/kaiyaok2/PythonProjects/falcon/tests/test_before_hooks.py: 73.05497288703918
test_piggybacking_resource_post_item in /home/kaiyaok2/PythonProjects/falcon/tests/test_before_hooks.py: 73.12971997261047
test_multiple_resource_hooks in /home/kaiyaok2/PythonProjects/falcon/tests/test_before_hooks.py: 73.20953893661499
test_wrapped_resource_with_hooks_aware_of_resource in /home/kaiyaok2/PythonProjects/falcon/tests/test_before_hooks.py: 73.28727650642395
test_wrapped_resource in /home/kaiyaok2/PythonProjects/falcon/tests/test_before_hooks.py: 73.39035606384277
test_input_validator in /home/kaiyaok2/PythonProjects/falcon/tests/test_before_hooks.py: 73.47061133384705
test_multiple_resource_hooks in /home/kaiyaok2/PythonProjects/falcon/tests/test_before_hooks.py: 74.83796429634094
test_input_validator_inherited in /home/kaiyaok2/PythonProjects/falcon/tests/test_before_hooks.py: 74.94342827796936
test_redirect in /home/kaiyaok2/PythonProjects/falcon/tests/test_redirects.py: 75.0194251537323
test_redirect_with_headers in /home/kaiyaok2/PythonProjects/falcon/tests/test_redirects.py: 75.10650086402893
test_redirect in /home/kaiyaok2/PythonProjects/falcon/tests/test_redirects.py: 75.1690263748169
test_redirect_with_headers in /home/kaiyaok2/PythonProjects/falcon/tests/test_redirects.py: 75.24126935005188
test_redirect_with_headers in /home/kaiyaok2/PythonProjects/falcon/tests/test_redirects.py: 75.30809211730957
test_redirect_with_headers in /home/kaiyaok2/PythonProjects/falcon/tests/test_redirects.py: 75.3743486404419
test_redirect_with_headers in /home/kaiyaok2/PythonProjects/falcon/tests/test_redirects.py: 75.4376573562622
test_redirect in /home/kaiyaok2/PythonProjects/falcon/tests/test_redirects.py: 75.50068235397339
test_redirect in /home/kaiyaok2/PythonProjects/falcon/tests/test_redirects.py: 75.56515288352966
test_redirect in /home/kaiyaok2/PythonProjects/falcon/tests/test_redirects.py: 75.63350892066956
test_int_converter in /home/kaiyaok2/PythonProjects/falcon/tests/test_uri_templates.py: 78.71368765830994
test_float_converter in /home/kaiyaok2/PythonProjects/falcon/tests/test_uri_templates.py: 78.80035328865051
test_float_converter_non_finite_disallowed in /home/kaiyaok2/PythonProjects/falcon/tests/test_uri_templates.py: 78.90016722679138
test_uuid_converter_complex_segment in /home/kaiyaok2/PythonProjects/falcon/tests/test_uri_templates.py: 78.9877519607544
test_datetime_converter in /home/kaiyaok2/PythonProjects/falcon/tests/test_uri_templates.py: 79.07236433029175
test_converter_custom in /home/kaiyaok2/PythonProjects/falcon/tests/test_uri_templates.py: 79.18337845802307
test_single in /home/kaiyaok2/PythonProjects/falcon/tests/test_uri_templates.py: 79.26941633224487
test_multiple in /home/kaiyaok2/PythonProjects/falcon/tests/test_uri_templates.py: 79.35687017440796
test_float_converter in /home/kaiyaok2/PythonProjects/falcon/tests/test_uri_templates.py: 79.43793058395386
test_single_trailing_slash in /home/kaiyaok2/PythonProjects/falcon/tests/test_uri_templates.py: 79.52371573448181
test_uuid_converter in /home/kaiyaok2/PythonProjects/falcon/tests/test_uri_templates.py: 80.85928797721863
test_float_converter_non_finite_allowed in /home/kaiyaok2/PythonProjects/falcon/tests/test_uri_templates.py: 80.93744492530823
test_same_level_complex_var in /home/kaiyaok2/PythonProjects/falcon/tests/test_uri_templates.py: 81.01820254325867
test_datetime_converter in /home/kaiyaok2/PythonProjects/falcon/tests/test_uri_templates.py: 81.09919357299805
test_int_converter_rejections in /home/kaiyaok2/PythonProjects/falcon/tests/test_uri_templates.py: 81.18354988098145
test_float_converter_non_finite_allowed in /home/kaiyaok2/PythonProjects/falcon/tests/test_uri_templates.py: 81.2676088809967
test_float_converter in /home/kaiyaok2/PythonProjects/falcon/tests/test_uri_templates.py: 81.34749674797058
test_float_converter in /home/kaiyaok2/PythonProjects/falcon/tests/test_uri_templates.py: 81.42241859436035
test_single in /home/kaiyaok2/PythonProjects/falcon/tests/test_uri_templates.py: 81.49814939498901
test_int_converter_rejections in /home/kaiyaok2/PythonProjects/falcon/tests/test_uri_templates.py: 81.58358883857727
test_int_converter in /home/kaiyaok2/PythonProjects/falcon/tests/test_uri_templates.py: 83.02736282348633
test_float_converter in /home/kaiyaok2/PythonProjects/falcon/tests/test_uri_templates.py: 83.10314536094666
test_float_converter in /home/kaiyaok2/PythonProjects/falcon/tests/test_uri_templates.py: 83.17880702018738
test_special_chars in /home/kaiyaok2/PythonProjects/falcon/tests/test_uri_templates.py: 83.25273966789246
test_float_converter in /home/kaiyaok2/PythonProjects/falcon/tests/test_uri_templates.py: 83.32533931732178
test_float_converter in /home/kaiyaok2/PythonProjects/falcon/tests/test_uri_templates.py: 83.39922404289246
test_root_path in /home/kaiyaok2/PythonProjects/falcon/tests/test_uri_templates.py: 83.47417950630188
test_float_converter in /home/kaiyaok2/PythonProjects/falcon/tests/test_uri_templates.py: 83.5530755519867
test_datetime_converter in /home/kaiyaok2/PythonProjects/falcon/tests/test_uri_templates.py: 83.62569260597229
test_int_converter in /home/kaiyaok2/PythonProjects/falcon/tests/test_uri_templates.py: 84.93852925300598
test_uuid_converter in /home/kaiyaok2/PythonProjects/falcon/tests/test_uri_templates.py: 85.02297163009644
test_no_vars in /home/kaiyaok2/PythonProjects/falcon/tests/test_uri_templates.py: 85.09895062446594
test_with_and_without_trailing_slash in /home/kaiyaok2/PythonProjects/falcon/tests/test_uri_templates.py: 85.17759656906128
test_datetime_converter in /home/kaiyaok2/PythonProjects/falcon/tests/test_uri_templates.py: 85.25149393081665
test_converter_custom in /home/kaiyaok2/PythonProjects/falcon/tests/test_uri_templates.py: 85.32839131355286
test_single in /home/kaiyaok2/PythonProjects/falcon/tests/test_uri_templates.py: 85.4195647239685
test_adding_suffix_routes in /home/kaiyaok2/PythonProjects/falcon/tests/test_uri_templates.py: 85.53618001937866
test_uuid_converter in /home/kaiyaok2/PythonProjects/falcon/tests/test_uri_templates.py: 85.65159964561462
test_single_path_segment in /home/kaiyaok2/PythonProjects/falcon/tests/test_uri_templates.py: 85.76544713973999
test_float_converter in /home/kaiyaok2/PythonProjects/falcon/tests/test_uri_templates.py: 87.31337428092957
test_float_converter in /home/kaiyaok2/PythonProjects/falcon/tests/test_uri_templates.py: 87.39385533332825
test_int_converter_rejections in /home/kaiyaok2/PythonProjects/falcon/tests/test_uri_templates.py: 87.47469139099121
test_int_converter in /home/kaiyaok2/PythonProjects/falcon/tests/test_uri_templates.py: 87.55667567253113
test_same_level_complex_var in /home/kaiyaok2/PythonProjects/falcon/tests/test_uri_templates.py: 87.63462996482849
test_converter_custom in /home/kaiyaok2/PythonProjects/falcon/tests/test_uri_templates.py: 87.71743726730347
test_float_converter_non_finite_allowed in /home/kaiyaok2/PythonProjects/falcon/tests/test_uri_templates.py: 87.79414415359497
test_with_and_without_trailing_slash in /home/kaiyaok2/PythonProjects/falcon/tests/test_uri_templates.py: 87.87743091583252
test_uuid_converter in /home/kaiyaok2/PythonProjects/falcon/tests/test_uri_templates.py: 87.97609353065491
test_uuid_converter in /home/kaiyaok2/PythonProjects/falcon/tests/test_uri_templates.py: 89.62046837806702
test_uuid_converter in /home/kaiyaok2/PythonProjects/falcon/tests/test_uri_templates.py: 89.70436191558838
test_float_converter in /home/kaiyaok2/PythonProjects/falcon/tests/test_uri_templates.py: 89.78726625442505
test_error_handler in /home/kaiyaok2/PythonProjects/falcon/tests/test_inspect.py: 89.86783909797668
test_middleware in /home/kaiyaok2/PythonProjects/falcon/tests/test_inspect.py: 89.93579339981079
test_routes in /home/kaiyaok2/PythonProjects/falcon/tests/test_inspect.py: 90.00634169578552
test_middleware_tree in /home/kaiyaok2/PythonProjects/falcon/tests/test_inspect.py: 90.08317279815674
test_static_routes in /home/kaiyaok2/PythonProjects/falcon/tests/test_inspect.py: 90.15398859977722
test_sink in /home/kaiyaok2/PythonProjects/falcon/tests/test_inspect.py: 90.21401906013489
test_app in /home/kaiyaok2/PythonProjects/falcon/tests/test_inspect.py: 90.2755138874054
test_non_string_status in /home/kaiyaok2/PythonProjects/falcon/tests/test_httpstatus.py: 90.39699268341064
test_non_string_status in /home/kaiyaok2/PythonProjects/falcon/tests/test_httpstatus.py: 90.473228931427
test_non_string_status in /home/kaiyaok2/PythonProjects/falcon/tests/test_httpstatus.py: 91.80454087257385
test_non_string_status in /home/kaiyaok2/PythonProjects/falcon/tests/test_httpstatus.py: 91.88699769973755
test_non_string_status in /home/kaiyaok2/PythonProjects/falcon/tests/test_httpstatus.py: 91.9679741859436
test_non_string_status in /home/kaiyaok2/PythonProjects/falcon/tests/test_httpstatus.py: 92.05499029159546
test_non_string_status in /home/kaiyaok2/PythonProjects/falcon/tests/test_httpstatus.py: 92.13576555252075
test_non_string_status in /home/kaiyaok2/PythonProjects/falcon/tests/test_httpstatus.py: 92.22894597053528
test_non_string_status in /home/kaiyaok2/PythonProjects/falcon/tests/test_httpstatus.py: 92.30643129348755
test_non_string_status in /home/kaiyaok2/PythonProjects/falcon/tests/test_httpstatus.py: 92.38986825942993
test_non_string_status in /home/kaiyaok2/PythonProjects/falcon/tests/test_httpstatus.py: 92.46276021003723
test_non_string_status in /home/kaiyaok2/PythonProjects/falcon/tests/test_httpstatus.py: 93.81640672683716
test_non_string_status in /home/kaiyaok2/PythonProjects/falcon/tests/test_httpstatus.py: 93.89521527290344
test_non_string_status in /home/kaiyaok2/PythonProjects/falcon/tests/test_httpstatus.py: 93.97186255455017
test_media_is_set in /home/kaiyaok2/PythonProjects/falcon/tests/test_httpstatus.py: 94.25308799743652
test_body_is_set in /home/kaiyaok2/PythonProjects/falcon/tests/test_httpstatus.py: 94.34747385978699
test_data_is_set in /home/kaiyaok2/PythonProjects/falcon/tests/test_httpstatus.py: 94.49111747741699
test_raise_status_in_process_request in /home/kaiyaok2/PythonProjects/falcon/tests/test_httpstatus.py: 94.58151197433472
test_raise_status_in_process_resource in /home/kaiyaok2/PythonProjects/falcon/tests/test_httpstatus.py: 94.65586161613464
test_raise_status_runs_process_response in /home/kaiyaok2/PythonProjects/falcon/tests/test_httpstatus.py: 94.72650003433228
test_raise_status_in_responder in /home/kaiyaok2/PythonProjects/falcon/tests/test_httpstatus.py: 94.80043172836304
test_raise_status_runs_after_hooks in /home/kaiyaok2/PythonProjects/falcon/tests/test_httpstatus.py: 94.8696026802063
test_raise_status_in_before_hook in /home/kaiyaok2/PythonProjects/falcon/tests/test_httpstatus.py: 94.93684124946594
test_raise_status_empty_body in /home/kaiyaok2/PythonProjects/falcon/tests/test_httpstatus.py: 95.01935005187988
test_raise_status_survives_after_hooks in /home/kaiyaok2/PythonProjects/falcon/tests/test_httpstatus.py: 96.30099654197693
test_default_headers_with_override in /home/kaiyaok2/PythonProjects/falcon/tests/test_utils.py: 98.71084403991699
test_simulate_hostname in /home/kaiyaok2/PythonProjects/falcon/tests/test_utils.py: 98.8290286064148
test_status in /home/kaiyaok2/PythonProjects/falcon/tests/test_utils.py: 98.94736790657043
test_path_must_start_with_slash in /home/kaiyaok2/PythonProjects/falcon/tests/test_utils.py: 99.05534386634827
test_default_headers in /home/kaiyaok2/PythonProjects/falcon/tests/test_utils.py: 99.16398048400879
test_simulate_remote_addr in /home/kaiyaok2/PythonProjects/falcon/tests/test_utils.py: 100.5533754825592
test_simulate_remote_addr in /home/kaiyaok2/PythonProjects/falcon/tests/test_utils.py: 100.66953182220459
test_cached_text_in_result in /home/kaiyaok2/PythonProjects/falcon/tests/test_utils.py: 100.7795021533966
test_override_method_with_extras in /home/kaiyaok2/PythonProjects/falcon/tests/test_utils.py: 100.88961005210876
test_query_string_no_question in /home/kaiyaok2/PythonProjects/falcon/tests/test_utils.py: 101.04284119606018
test_simulate_remote_addr in /home/kaiyaok2/PythonProjects/falcon/tests/test_utils.py: 101.156170129776
test_simulate_remote_addr in /home/kaiyaok2/PythonProjects/falcon/tests/test_utils.py: 102.5751678943634
test_simulate_remote_addr in /home/kaiyaok2/PythonProjects/falcon/tests/test_utils.py: 102.68426299095154
test_query_string in /home/kaiyaok2/PythonProjects/falcon/tests/test_utils.py: 102.80194759368896
test_query_string_in_path in /home/kaiyaok2/PythonProjects/falcon/tests/test_utils.py: 102.91880321502686
test_client_simulate_aliases in /home/kaiyaok2/PythonProjects/falcon/tests/test_testing.py: 102.98592758178711
test_client_simulate_aliases in /home/kaiyaok2/PythonProjects/falcon/tests/test_testing.py: 103.01068902015686
test_client_simulate_aliases in /home/kaiyaok2/PythonProjects/falcon/tests/test_testing.py: 103.03483605384827
test_client_simulate_aliases in /home/kaiyaok2/PythonProjects/falcon/tests/test_testing.py: 103.06037497520447
test_client_simulate_aliases in /home/kaiyaok2/PythonProjects/falcon/tests/test_testing.py: 103.08500266075134
test_client_simulate_aliases in /home/kaiyaok2/PythonProjects/falcon/tests/test_testing.py: 103.10976982116699
test_client_simulate_aliases in /home/kaiyaok2/PythonProjects/falcon/tests/test_testing.py: 103.13391542434692
test_client_simulate_aliases in /home/kaiyaok2/PythonProjects/falcon/tests/test_testing.py: 103.16109204292297
test_json_err_no_handler in /home/kaiyaok2/PythonProjects/falcon/tests/test_media_handlers.py: 149.14388275146484
test_json_err_no_handler in /home/kaiyaok2/PythonProjects/falcon/tests/test_media_handlers.py: 149.24998450279236
test_route_precedence_with_id in /home/kaiyaok2/PythonProjects/falcon/tests/test_sinks.py: 209.19172525405884
test_route_precedence in /home/kaiyaok2/PythonProjects/falcon/tests/test_sinks.py: 209.29203867912292
test_route_precedence_with_both_id in /home/kaiyaok2/PythonProjects/falcon/tests/test_sinks.py: 209.39594864845276
test_with_route in /home/kaiyaok2/PythonProjects/falcon/tests/test_sinks.py: 209.47336292266846
test_add_sync_sink_with_wrapping in /home/kaiyaok2/PythonProjects/falcon/tests/test_sinks.py: 209.50815725326538
test_unicode_headers_contain_non_ascii in /home/kaiyaok2/PythonProjects/falcon/tests/test_headers.py: 211.81453204154968
test_append_link_with_title in /home/kaiyaok2/PythonProjects/falcon/tests/test_headers.py: 211.92775344848633
test_unset_header in /home/kaiyaok2/PythonProjects/falcon/tests/test_headers.py: 212.02617931365967
test_response_set_and_get_header in /home/kaiyaok2/PythonProjects/falcon/tests/test_headers.py: 213.8263063430786
test_request_multiple_header in /home/kaiyaok2/PythonProjects/falcon/tests/test_headers.py: 213.93370985984802
test_append_link_crossorigin in /home/kaiyaok2/PythonProjects/falcon/tests/test_headers.py: 214.1261293888092
test_no_content_type in /home/kaiyaok2/PythonProjects/falcon/tests/test_headers.py: 214.25621223449707
test_default_value in /home/kaiyaok2/PythonProjects/falcon/tests/test_headers.py: 214.38950753211975
test_override_default_media_type_missing_encoding in /home/kaiyaok2/PythonProjects/falcon/tests/test_headers.py: 214.55758571624756
test_content_disposition_inline_header in /home/kaiyaok2/PythonProjects/falcon/tests/test_headers.py: 214.7075595855713
test_append_link_complex in /home/kaiyaok2/PythonProjects/falcon/tests/test_headers.py: 214.85409569740295
test_append_link_with_hreflang in /home/kaiyaok2/PythonProjects/falcon/tests/test_headers.py: 216.75046133995056
test_required_header in /home/kaiyaok2/PythonProjects/falcon/tests/test_headers.py: 216.89475274085999
test_content_disposition_attachment_header in /home/kaiyaok2/PythonProjects/falcon/tests/test_headers.py: 217.05201172828674
test_unicode_headers_contain_non_ascii in /home/kaiyaok2/PythonProjects/falcon/tests/test_headers.py: 217.15971207618713
test_vary_header in /home/kaiyaok2/PythonProjects/falcon/tests/test_headers.py: 217.33668065071106
test_append_link_multiple in /home/kaiyaok2/PythonProjects/falcon/tests/test_headers.py: 217.49883723258972
test_headers_with_custom_class_not_callable in /home/kaiyaok2/PythonProjects/falcon/tests/test_headers.py: 217.6281816959381
test_declared_content_length_overriden_by_data_length in /home/kaiyaok2/PythonProjects/falcon/tests/test_headers.py: 219.49898147583008
test_append_link_crossorigin in /home/kaiyaok2/PythonProjects/falcon/tests/test_headers.py: 219.66235852241516
test_unset_header in /home/kaiyaok2/PythonProjects/falcon/tests/test_headers.py: 219.79394388198853
test_append_link_with_title_star in /home/kaiyaok2/PythonProjects/falcon/tests/test_headers.py: 219.9321928024292
test_append_link_crossorigin in /home/kaiyaok2/PythonProjects/falcon/tests/test_headers.py: 220.07350730895996
test_get_header_as_int in /home/kaiyaok2/PythonProjects/falcon/tests/test_headers.py: 220.17391991615295
test_headers_as_list in /home/kaiyaok2/PythonProjects/falcon/tests/test_headers.py: 220.2849898338318
test_append_link_with_type_hint in /home/kaiyaok2/PythonProjects/falcon/tests/test_headers.py: 220.45903849601746
test_unicode_headers_contain_only_ascii in /home/kaiyaok2/PythonProjects/falcon/tests/test_headers.py: 222.40852046012878
test_override_default_media_type in /home/kaiyaok2/PythonProjects/falcon/tests/test_headers.py: 222.5481321811676
test_content_disposition_attachment_header in /home/kaiyaok2/PythonProjects/falcon/tests/test_headers.py: 222.67585968971252
test_append_link_single in /home/kaiyaok2/PythonProjects/falcon/tests/test_headers.py: 222.8596751689911
test_set_headers_with_custom_class in /home/kaiyaok2/PythonProjects/falcon/tests/test_headers.py: 223.00116801261902
test_request_latin1_headers in /home/kaiyaok2/PythonProjects/falcon/tests/test_headers.py: 223.11001300811768
test_response_append_header in /home/kaiyaok2/PythonProjects/falcon/tests/test_headers.py: 223.239266872406
test_append_link_crossorigin in /home/kaiyaok2/PythonProjects/falcon/tests/test_headers.py: 223.43511247634888
test_unicode_headers_contain_non_ascii in /home/kaiyaok2/PythonProjects/falcon/tests/test_headers.py: 225.4669909477234
test_content_disposition_attachment_header in /home/kaiyaok2/PythonProjects/falcon/tests/test_headers.py: 225.5844588279724
test_expires_header in /home/kaiyaok2/PythonProjects/falcon/tests/test_headers.py: 225.73566436767578
test_no_content_length in /home/kaiyaok2/PythonProjects/falcon/tests/test_headers.py: 225.8590669631958
test_append_link_crossorigin in /home/kaiyaok2/PythonProjects/falcon/tests/test_headers.py: 225.9763412475586
test_content_disposition_attachment_header in /home/kaiyaok2/PythonProjects/falcon/tests/test_headers.py: 226.07661843299866
test_vary_star in /home/kaiyaok2/PythonProjects/falcon/tests/test_headers.py: 226.16720604896545
test_vary_header in /home/kaiyaok2/PythonProjects/falcon/tests/test_headers.py: 226.27988147735596
test_content_disposition_inline_header in /home/kaiyaok2/PythonProjects/falcon/tests/test_headers.py: 227.7406930923462
test_override_default_media_type in /home/kaiyaok2/PythonProjects/falcon/tests/test_headers.py: 227.84616684913635
test_content_disposition_attachment_header in /home/kaiyaok2/PythonProjects/falcon/tests/test_headers.py: 227.94340133666992
test_content_disposition_inline_header in /home/kaiyaok2/PythonProjects/falcon/tests/test_headers.py: 228.03407263755798
test_content_type_no_body in /home/kaiyaok2/PythonProjects/falcon/tests/test_headers.py: 228.12650871276855
test_unicode_headers_contain_non_ascii in /home/kaiyaok2/PythonProjects/falcon/tests/test_headers.py: 228.21722626686096
test_append_link_with_anchor in /home/kaiyaok2/PythonProjects/falcon/tests/test_headers.py: 228.33777952194214
test_declared_content_length_on_head in /home/kaiyaok2/PythonProjects/falcon/tests/test_headers.py: 228.43402695655823
test_content_disposition_attachment_header in /home/kaiyaok2/PythonProjects/falcon/tests/test_headers.py: 229.8667311668396
test_no_content_type in /home/kaiyaok2/PythonProjects/falcon/tests/test_headers.py: 229.97116017341614
test_unicode_location_headers in /home/kaiyaok2/PythonProjects/falcon/tests/test_headers.py: 230.06446766853333
test_content_length in /home/kaiyaok2/PythonProjects/falcon/tests/test_headers.py: 230.1667308807373
test_no_content_length in /home/kaiyaok2/PythonProjects/falcon/tests/test_headers.py: 230.26165580749512
test_append_link_with_hreflang_multi in /home/kaiyaok2/PythonProjects/falcon/tests/test_headers.py: 230.39159154891968
test_declared_content_length_overriden_by_body_length in /home/kaiyaok2/PythonProjects/falcon/tests/test_headers.py: 230.49113011360168
test_content_disposition_attachment_header in /home/kaiyaok2/PythonProjects/falcon/tests/test_headers.py: 230.59131288528442
test_response_header_helpers_on_get in /home/kaiyaok2/PythonProjects/falcon/tests/test_headers.py: 232.05425596237183
test_content_disposition_attachment_header in /home/kaiyaok2/PythonProjects/falcon/tests/test_headers.py: 232.14692163467407
test_passthrough_request_headers in /home/kaiyaok2/PythonProjects/falcon/tests/test_headers.py: 232.245507478714
test_default_media_type in /home/kaiyaok2/PythonProjects/falcon/tests/test_headers.py: 232.35592985153198
test_custom_content_type in /home/kaiyaok2/PythonProjects/falcon/tests/test_headers.py: 232.4693899154663
test_declared_content_length_overridden_by_no_body in /home/kaiyaok2/PythonProjects/falcon/tests/test_headers.py: 232.56997179985046
test_append_link_with_link_extension in /home/kaiyaok2/PythonProjects/falcon/tests/test_headers.py: 232.69322776794434
test_append_link_crossorigin in /home/kaiyaok2/PythonProjects/falcon/tests/test_headers.py: 234.1420865058899
test_dont_auto_parse_by_default in /home/kaiyaok2/PythonProjects/falcon/tests/test_query_params.py: 234.35669231414795
test_required in /home/kaiyaok2/PythonProjects/falcon/tests/test_query_params.py: 234.4779577255249
test_int in /home/kaiyaok2/PythonProjects/falcon/tests/test_query_params.py: 234.5774908065796
test_get_date_valid_with_format in /home/kaiyaok2/PythonProjects/falcon/tests/test_query_params.py: 234.6987006664276
test_simple in /home/kaiyaok2/PythonProjects/falcon/tests/test_query_params.py: 234.80345940589905
test_option_auto_parse_qs_csv_multiple_fields_true in /home/kaiyaok2/PythonProjects/falcon/tests/test_query_params.py: 236.25270533561707
test_has_param in /home/kaiyaok2/PythonProjects/falcon/tests/test_query_params.py: 236.37247776985168
test_option_auto_parse_qs_csv_simple_false in /home/kaiyaok2/PythonProjects/falcon/tests/test_query_params.py: 236.4909462928772
test_required in /home/kaiyaok2/PythonProjects/falcon/tests/test_query_params.py: 236.59459352493286
test_allowed_names in /home/kaiyaok2/PythonProjects/falcon/tests/test_query_params.py: 236.70694231987
test_option_auto_parse_qs_csv_multiple_fields_true in /home/kaiyaok2/PythonProjects/falcon/tests/test_query_params.py: 236.82619166374207
test_uuid in /home/kaiyaok2/PythonProjects/falcon/tests/test_query_params.py: 236.92843079566956
test_multiple_form_keys_as_list in /home/kaiyaok2/PythonProjects/falcon/tests/test_query_params.py: 237.04790472984314
test_get_datetime_valid in /home/kaiyaok2/PythonProjects/falcon/tests/test_query_params.py: 238.42397165298462
test_list_transformer in /home/kaiyaok2/PythonProjects/falcon/tests/test_query_params.py: 238.5401155948639
test_none in /home/kaiyaok2/PythonProjects/falcon/tests/test_query_params.py: 238.65238308906555
test_required in /home/kaiyaok2/PythonProjects/falcon/tests/test_query_params.py: 238.77091145515442
test_percent_encoded in /home/kaiyaok2/PythonProjects/falcon/tests/test_query_params.py: 238.87900376319885
test_option_auto_parse_qs_csv_multiple_fields_true in /home/kaiyaok2/PythonProjects/falcon/tests/test_query_params.py: 239.00038146972656
test_required in /home/kaiyaok2/PythonProjects/falcon/tests/test_query_params.py: 239.10279846191406
test_option_auto_parse_qs_csv_multiple_fields_true in /home/kaiyaok2/PythonProjects/falcon/tests/test_query_params.py: 240.5233175754547
test_bad_percentage in /home/kaiyaok2/PythonProjects/falcon/tests/test_query_params.py: 240.625155210495
test_boolean in /home/kaiyaok2/PythonProjects/falcon/tests/test_query_params.py: 240.75779938697815
test_get_dict_store in /home/kaiyaok2/PythonProjects/falcon/tests/test_query_params.py: 240.8599030971527
test_required in /home/kaiyaok2/PythonProjects/falcon/tests/test_query_params.py: 240.97212290763855
test_default in /home/kaiyaok2/PythonProjects/falcon/tests/test_query_params.py: 241.07733702659607
test_float in /home/kaiyaok2/PythonProjects/falcon/tests/test_query_params.py: 241.1824595928192
test_float_neg in /home/kaiyaok2/PythonProjects/falcon/tests/test_query_params.py: 242.64325141906738
test_list_transformer in /home/kaiyaok2/PythonProjects/falcon/tests/test_query_params.py: 242.78666925430298
test_get_datetime_store in /home/kaiyaok2/PythonProjects/falcon/tests/test_query_params.py: 242.88958287239075
test_bad_percentage in /home/kaiyaok2/PythonProjects/falcon/tests/test_query_params.py: 243.00454759597778
test_float in /home/kaiyaok2/PythonProjects/falcon/tests/test_query_params.py: 243.11526465415955
test_required in /home/kaiyaok2/PythonProjects/falcon/tests/test_query_params.py: 243.2315640449524
test_param_property in /home/kaiyaok2/PythonProjects/falcon/tests/test_query_params.py: 243.33846426010132
test_option_auto_parse_qs_csv_multiple_fields_false in /home/kaiyaok2/PythonProjects/falcon/tests/test_query_params.py: 243.4666337966919
test_boolean_blank in /home/kaiyaok2/PythonProjects/falcon/tests/test_query_params.py: 245.14832592010498
test_option_auto_parse_qs_csv_multiple_fields_true in /home/kaiyaok2/PythonProjects/falcon/tests/test_query_params.py: 245.25257992744446
test_blank in /home/kaiyaok2/PythonProjects/falcon/tests/test_query_params.py: 245.35748720169067
test_get_date_valid in /home/kaiyaok2/PythonProjects/falcon/tests/test_query_params.py: 245.46281576156616
test_option_auto_parse_qs_csv_multiple_fields_true in /home/kaiyaok2/PythonProjects/falcon/tests/test_query_params.py: 245.57420587539673
test_get_date_missing_param in /home/kaiyaok2/PythonProjects/falcon/tests/test_query_params.py: 245.68531155586243
test_option_auto_parse_qs_csv_multiple_fields_true in /home/kaiyaok2/PythonProjects/falcon/tests/test_query_params.py: 245.80109095573425
test_get_datetime_valid in /home/kaiyaok2/PythonProjects/falcon/tests/test_query_params.py: 247.28007674217224
test_option_auto_parse_qs_csv_multiple_fields_true in /home/kaiyaok2/PythonProjects/falcon/tests/test_query_params.py: 247.38623070716858
test_option_auto_parse_qs_csv_multiple_fields_true in /home/kaiyaok2/PythonProjects/falcon/tests/test_query_params.py: 247.49756741523743
test_get_datetime_valid_with_format in /home/kaiyaok2/PythonProjects/falcon/tests/test_query_params.py: 247.60449290275574
test_boolean_blank in /home/kaiyaok2/PythonProjects/falcon/tests/test_query_params.py: 247.70929265022278
test_get_dict_valid in /home/kaiyaok2/PythonProjects/falcon/tests/test_query_params.py: 247.84406304359436
test_option_auto_parse_qs_csv_multiple_fields_true in /home/kaiyaok2/PythonProjects/falcon/tests/test_query_params.py: 249.45328378677368
test_none in /home/kaiyaok2/PythonProjects/falcon/tests/test_query_params.py: 249.60211062431335
test_get_param_as_json_no_handler_json in /home/kaiyaok2/PythonProjects/falcon/tests/test_query_params.py: 249.71860074996948
test_option_auto_parse_qs_csv_simple_true in /home/kaiyaok2/PythonProjects/falcon/tests/test_query_params.py: 249.83296847343445
test_boolean in /home/kaiyaok2/PythonProjects/falcon/tests/test_query_params.py: 249.93726515769958
test_multiple_keys_as_float in /home/kaiyaok2/PythonProjects/falcon/tests/test_query_params.py: 250.0492615699768
test_multiple_keys_as_int in /home/kaiyaok2/PythonProjects/falcon/tests/test_query_params.py: 250.17787981033325
test_get_date_valid_with_format in /home/kaiyaok2/PythonProjects/falcon/tests/test_query_params.py: 250.29428839683533
test_option_auto_parse_qs_csv_multiple_fields_true in /home/kaiyaok2/PythonProjects/falcon/tests/test_query_params.py: 251.89570784568787
test_option_auto_parse_qs_csv_multiple_fields_true in /home/kaiyaok2/PythonProjects/falcon/tests/test_query_params.py: 252.08804297447205
test_default in /home/kaiyaok2/PythonProjects/falcon/tests/test_query_params.py: 252.21204590797424
test_get_dict_store in /home/kaiyaok2/PythonProjects/falcon/tests/test_query_params.py: 252.33536458015442
test_get_date_invalid in /home/kaiyaok2/PythonProjects/falcon/tests/test_query_params.py: 252.45464038848877
test_option_auto_parse_qs_csv_multiple_fields_true in /home/kaiyaok2/PythonProjects/falcon/tests/test_query_params.py: 252.55724024772644
test_multiple_keys_as_float in /home/kaiyaok2/PythonProjects/falcon/tests/test_query_params.py: 252.6761646270752
test_default_auto_parse_csv_behaviour in /home/kaiyaok2/PythonProjects/falcon/tests/test_query_params.py: 254.18261814117432
test_get_datetime_store in /home/kaiyaok2/PythonProjects/falcon/tests/test_query_params.py: 254.2881886959076
test_get_date_store in /home/kaiyaok2/PythonProjects/falcon/tests/test_query_params.py: 254.39439129829407
test_option_auto_parse_qs_csv_simple_true in /home/kaiyaok2/PythonProjects/falcon/tests/test_query_params.py: 254.51044631004333
test_get_date_invalid in /home/kaiyaok2/PythonProjects/falcon/tests/test_query_params.py: 254.641841173172
test_list_type_blank in /home/kaiyaok2/PythonProjects/falcon/tests/test_query_params.py: 254.766667842865
test_get_dict_missing_param in /home/kaiyaok2/PythonProjects/falcon/tests/test_query_params.py: 256.30637860298157
test_multiple_keys_as_int in /home/kaiyaok2/PythonProjects/falcon/tests/test_query_params.py: 256.414174079895
test_option_auto_parse_qs_csv_multiple_fields_true in /home/kaiyaok2/PythonProjects/falcon/tests/test_query_params.py: 256.52968740463257
test_option_auto_parse_qs_csv_multiple_fields_true in /home/kaiyaok2/PythonProjects/falcon/tests/test_query_params.py: 256.64379930496216
test_multiple_form_keys in /home/kaiyaok2/PythonProjects/falcon/tests/test_query_params.py: 256.7558560371399
test_multiple_form_keys_as_list in /home/kaiyaok2/PythonProjects/falcon/tests/test_query_params.py: 256.86604714393616
test_uuid in /home/kaiyaok2/PythonProjects/falcon/tests/test_query_params.py: 256.9846692085266
test_get_date_missing_param in /home/kaiyaok2/PythonProjects/falcon/tests/test_query_params.py: 257.1285045146942
test_required in /home/kaiyaok2/PythonProjects/falcon/tests/test_query_params.py: 258.546852350235
test_list_type in /home/kaiyaok2/PythonProjects/falcon/tests/test_query_params.py: 258.646360874176
test_option_auto_parse_qs_csv_simple_false in /home/kaiyaok2/PythonProjects/falcon/tests/test_query_params.py: 258.75548219680786
test_has_param in /home/kaiyaok2/PythonProjects/falcon/tests/test_query_params.py: 258.8602297306061
test_simple in /home/kaiyaok2/PythonProjects/falcon/tests/test_query_params.py: 258.96730375289917
test_get_dict_valid in /home/kaiyaok2/PythonProjects/falcon/tests/test_query_params.py: 259.0818512439728
test_get_datetime_valid_with_format in /home/kaiyaok2/PythonProjects/falcon/tests/test_query_params.py: 259.1769075393677
test_get_dict_invalid in /home/kaiyaok2/PythonProjects/falcon/tests/test_query_params.py: 259.2912423610687
test_required in /home/kaiyaok2/PythonProjects/falcon/tests/test_query_params.py: 260.8126132488251
test_required in /home/kaiyaok2/PythonProjects/falcon/tests/test_query_params.py: 260.9267158508301
test_option_auto_parse_qs_csv_multiple_fields_false in /home/kaiyaok2/PythonProjects/falcon/tests/test_query_params.py: 261.02856492996216
test_option_auto_parse_qs_csv_multiple_fields_true in /home/kaiyaok2/PythonProjects/falcon/tests/test_query_params.py: 261.13171219825745
test_get_datetime_invalid in /home/kaiyaok2/PythonProjects/falcon/tests/test_query_params.py: 261.24565720558167
test_get_date_valid in /home/kaiyaok2/PythonProjects/falcon/tests/test_query_params.py: 261.35703682899475
test_get_param_as_json_handler_json in /home/kaiyaok2/PythonProjects/falcon/tests/test_query_params.py: 261.4607672691345
test_required in /home/kaiyaok2/PythonProjects/falcon/tests/test_query_params.py: 262.9684762954712
test_blank in /home/kaiyaok2/PythonProjects/falcon/tests/test_query_params.py: 263.1010537147522
test_get_dict_missing_param in /home/kaiyaok2/PythonProjects/falcon/tests/test_query_params.py: 263.3011498451233
test_option_auto_parse_qs_csv_multiple_fields_true in /home/kaiyaok2/PythonProjects/falcon/tests/test_query_params.py: 263.45267629623413
test_option_auto_parse_qs_csv_multiple_fields_true in /home/kaiyaok2/PythonProjects/falcon/tests/test_query_params.py: 263.58925676345825
test_param_property in /home/kaiyaok2/PythonProjects/falcon/tests/test_query_params.py: 263.69466495513916
test_get_datetime_missing_param in /home/kaiyaok2/PythonProjects/falcon/tests/test_query_params.py: 263.8136703968048
test_percent_encoded in /home/kaiyaok2/PythonProjects/falcon/tests/test_query_params.py: 263.9144868850708
test_get_datetime_invalid in /home/kaiyaok2/PythonProjects/falcon/tests/test_query_params.py: 265.4385521411896
test_int in /home/kaiyaok2/PythonProjects/falcon/tests/test_query_params.py: 265.5618703365326
test_allowed_names in /home/kaiyaok2/PythonProjects/falcon/tests/test_query_params.py: 265.6962773799896
test_default_auto_parse_csv_behaviour in /home/kaiyaok2/PythonProjects/falcon/tests/test_query_params.py: 265.82939767837524
test_get_datetime_missing_param in /home/kaiyaok2/PythonProjects/falcon/tests/test_query_params.py: 266.00196838378906
test_multiple_form_keys in /home/kaiyaok2/PythonProjects/falcon/tests/test_query_params.py: 266.1102421283722
test_multiple_keys_as_bool in /home/kaiyaok2/PythonProjects/falcon/tests/test_query_params.py: 267.6234202384949
test_float_neg in /home/kaiyaok2/PythonProjects/falcon/tests/test_query_params.py: 267.7312159538269
test_int_neg in /home/kaiyaok2/PythonProjects/falcon/tests/test_query_params.py: 267.85779643058777
test_multiple_keys_as_bool in /home/kaiyaok2/PythonProjects/falcon/tests/test_query_params.py: 267.98516368865967
test_required in /home/kaiyaok2/PythonProjects/falcon/tests/test_query_params.py: 268.10117769241333
test_get_date_store in /home/kaiyaok2/PythonProjects/falcon/tests/test_query_params.py: 268.20364356040955
test_get_dict_invalid in /home/kaiyaok2/PythonProjects/falcon/tests/test_query_params.py: 268.35187220573425
test_option_auto_parse_qs_csv_complex_false in /home/kaiyaok2/PythonProjects/falcon/tests/test_query_params.py: 268.4965672492981
test_list_type_blank in /home/kaiyaok2/PythonProjects/falcon/tests/test_query_params.py: 270.10214352607727
test_required in /home/kaiyaok2/PythonProjects/falcon/tests/test_query_params.py: 270.2098846435547
test_option_auto_parse_qs_csv_complex_false in /home/kaiyaok2/PythonProjects/falcon/tests/test_query_params.py: 270.32592511177063
test_list_type in /home/kaiyaok2/PythonProjects/falcon/tests/test_query_params.py: 270.43447160720825
test_int_neg in /home/kaiyaok2/PythonProjects/falcon/tests/test_query_params.py: 270.54086995124817
test_http_methods_body_expected in /home/kaiyaok2/PythonProjects/falcon/tests/test_query_params.py: 270.6677625179291
test_explicitly_disable_auto_parse in /home/kaiyaok2/PythonProjects/falcon/tests/test_query_params.py: 270.7646527290344
test_empty_body in /home/kaiyaok2/PythonProjects/falcon/tests/test_query_params.py: 272.36087107658386
test_http_methods_body_not_expected in /home/kaiyaok2/PythonProjects/falcon/tests/test_query_params.py: 272.4680116176605
test_http_methods_body_expected in /home/kaiyaok2/PythonProjects/falcon/tests/test_query_params.py: 272.56718826293945
test_http_methods_body_expected in /home/kaiyaok2/PythonProjects/falcon/tests/test_query_params.py: 272.6747624874115
test_http_methods_body_expected in /home/kaiyaok2/PythonProjects/falcon/tests/test_query_params.py: 272.7782289981842
test_http_methods_body_not_expected in /home/kaiyaok2/PythonProjects/falcon/tests/test_query_params.py: 272.88324904441833
test_asgi_raises_error in /home/kaiyaok2/PythonProjects/falcon/tests/test_query_params.py: 272.9961998462677
test_non_ascii in /home/kaiyaok2/PythonProjects/falcon/tests/test_query_params.py: 273.1232421398163
test_empty_body_no_content_length in /home/kaiyaok2/PythonProjects/falcon/tests/test_query_params.py: 274.72969245910645
test_http_methods_body_expected in /home/kaiyaok2/PythonProjects/falcon/tests/test_query_params.py: 274.8491213321686
test_serialize_error_uses_media_handler in /home/kaiyaok2/PythonProjects/falcon/tests/test_httperror.py: 275.32627153396606
test_411 in /home/kaiyaok2/PythonProjects/falcon/tests/test_httperror.py: 275.4260172843933
test_epic_fail_xml in /home/kaiyaok2/PythonProjects/falcon/tests/test_httperror.py: 275.5354392528534
test_forbidden in /home/kaiyaok2/PythonProjects/falcon/tests/test_httperror.py: 275.63111543655396
test_503_datetime_retry_after in /home/kaiyaok2/PythonProjects/falcon/tests/test_httperror.py: 275.73552894592285
test_custom_error_serializer_optional_representation in /home/kaiyaok2/PythonProjects/falcon/tests/test_httperror.py: 275.83067440986633
test_title_default_message_if_none in /home/kaiyaok2/PythonProjects/falcon/tests/test_httperror.py: 277.29679799079895
test_invalid_param in /home/kaiyaok2/PythonProjects/falcon/tests/test_httperror.py: 277.41003942489624
test_base_class in /home/kaiyaok2/PythonProjects/falcon/tests/test_httperror.py: 277.5347034931183
test_custom_error_serializer_optional_representation in /home/kaiyaok2/PythonProjects/falcon/tests/test_httperror.py: 277.64814853668213
test_invalid_header in /home/kaiyaok2/PythonProjects/falcon/tests/test_httperror.py: 277.754567861557
test_429_no_retry_after in /home/kaiyaok2/PythonProjects/falcon/tests/test_httperror.py: 277.8565790653229
test_429 in /home/kaiyaok2/PythonProjects/falcon/tests/test_httperror.py: 277.9512765407562
test_title_default_message_if_none in /home/kaiyaok2/PythonProjects/falcon/tests/test_httperror.py: 278.07661604881287
test_missing_param in /home/kaiyaok2/PythonProjects/falcon/tests/test_httperror.py: 279.53436064720154
test_client_does_not_accept_anything in /home/kaiyaok2/PythonProjects/falcon/tests/test_httperror.py: 279.63061475753784
test_414_with_title in /home/kaiyaok2/PythonProjects/falcon/tests/test_httperror.py: 279.75012588500977
test_416 in /home/kaiyaok2/PythonProjects/falcon/tests/test_httperror.py: 279.8626344203949
test_epic_fail_xml in /home/kaiyaok2/PythonProjects/falcon/tests/test_httperror.py: 279.9601345062256
test_no_description_json in /home/kaiyaok2/PythonProjects/falcon/tests/test_httperror.py: 280.0927941799164
test_forbidden in /home/kaiyaok2/PythonProjects/falcon/tests/test_httperror.py: 280.19217467308044
test_414_with_custom_kwargs in /home/kaiyaok2/PythonProjects/falcon/tests/test_httperror.py: 280.2863278388977
test_410_without_body in /home/kaiyaok2/PythonProjects/falcon/tests/test_httperror.py: 281.91175723075867
test_client_does_not_accept_json_or_xml in /home/kaiyaok2/PythonProjects/falcon/tests/test_httperror.py: 282.0106647014618
test_custom_serializer_no_representation in /home/kaiyaok2/PythonProjects/falcon/tests/test_httperror.py: 282.12052631378174
test_misc in /home/kaiyaok2/PythonProjects/falcon/tests/test_httperror.py: 282.26471400260925
test_epic_fail_xml in /home/kaiyaok2/PythonProjects/falcon/tests/test_httperror.py: 282.36925053596497
test_404_with_body in /home/kaiyaok2/PythonProjects/falcon/tests/test_httperror.py: 282.47619795799255
test_413 in /home/kaiyaok2/PythonProjects/falcon/tests/test_httperror.py: 282.58993911743164
test_405_without_body_with_extra_headers in /home/kaiyaok2/PythonProjects/falcon/tests/test_httperror.py: 282.68853282928467
test_custom_error_serializer_optional_representation in /home/kaiyaok2/PythonProjects/falcon/tests/test_httperror.py: 282.7991774082184
test_no_description_xml in /home/kaiyaok2/PythonProjects/falcon/tests/test_httperror.py: 284.43243885040283
test_429_datetime in /home/kaiyaok2/PythonProjects/falcon/tests/test_httperror.py: 284.52357506752014
test_414_with_description in /home/kaiyaok2/PythonProjects/falcon/tests/test_httperror.py: 284.6320855617523
test_404_without_body in /home/kaiyaok2/PythonProjects/falcon/tests/test_httperror.py: 284.7232663631439
test_unicode_xml in /home/kaiyaok2/PythonProjects/falcon/tests/test_httperror.py: 284.8349850177765
test_title_default_message_if_none in /home/kaiyaok2/PythonProjects/falcon/tests/test_httperror.py: 284.93346762657166
test_414 in /home/kaiyaok2/PythonProjects/falcon/tests/test_httperror.py: 285.052609205246
test_forbidden in /home/kaiyaok2/PythonProjects/falcon/tests/test_httperror.py: 285.1543800830841
test_serialize_no_json_media_handler in /home/kaiyaok2/PythonProjects/falcon/tests/test_httperror.py: 286.7860734462738
test_405_with_body in /home/kaiyaok2/PythonProjects/falcon/tests/test_httperror.py: 286.9080398082733
test_epic_fail_json in /home/kaiyaok2/PythonProjects/falcon/tests/test_httperror.py: 287.04299306869507
test_custom_error_serializer in /home/kaiyaok2/PythonProjects/falcon/tests/test_httperror.py: 287.14419960975647
test_405_without_body_with_extra_headers_double_check in /home/kaiyaok2/PythonProjects/falcon/tests/test_httperror.py: 287.23809599876404
test_title_default_message_if_none in /home/kaiyaok2/PythonProjects/falcon/tests/test_httperror.py: 287.3349151611328
test_temporary_413_datetime_retry_after in /home/kaiyaok2/PythonProjects/falcon/tests/test_httperror.py: 287.43105268478394
test_503_integer_retry_after in /home/kaiyaok2/PythonProjects/falcon/tests/test_httperror.py: 287.5401871204376
test_custom_error_serializer_optional_representation in /home/kaiyaok2/PythonProjects/falcon/tests/test_httperror.py: 289.0722556114197
test_epic_fail_xml in /home/kaiyaok2/PythonProjects/falcon/tests/test_httperror.py: 289.2094404697418
test_missing_header in /home/kaiyaok2/PythonProjects/falcon/tests/test_httperror.py: 289.3010745048523
test_title_default_message_if_none in /home/kaiyaok2/PythonProjects/falcon/tests/test_httperror.py: 289.4013121128082
test_temporary_413_integer_retry_after in /home/kaiyaok2/PythonProjects/falcon/tests/test_httperror.py: 289.5244109630585
test_unicode_json in /home/kaiyaok2/PythonProjects/falcon/tests/test_httperror.py: 289.63055300712585
test_405_without_body in /home/kaiyaok2/PythonProjects/falcon/tests/test_httperror.py: 289.721905708313
test_410_with_body in /home/kaiyaok2/PythonProjects/falcon/tests/test_httperror.py: 289.83163380622864
test_401 in /home/kaiyaok2/PythonProjects/falcon/tests/test_httperror.py: 291.4857497215271
test_title_default_message_if_none in /home/kaiyaok2/PythonProjects/falcon/tests/test_httperror.py: 291.599463224411
test_unset_cookies_samesite in /home/kaiyaok2/PythonProjects/falcon/tests/test_cookies.py: 292.0714662075043
test_unset_cookies in /home/kaiyaok2/PythonProjects/falcon/tests/test_cookies.py: 292.160715341568
test_lax_same_site_value in /home/kaiyaok2/PythonProjects/falcon/tests/test_cookies.py: 292.2430627346039
test_response_unset_cookie in /home/kaiyaok2/PythonProjects/falcon/tests/test_cookies.py: 292.3263773918152
test_response_base_case in /home/kaiyaok2/PythonProjects/falcon/tests/test_cookies.py: 292.4285538196564
test_response_complex_case in /home/kaiyaok2/PythonProjects/falcon/tests/test_cookies.py: 292.5269513130188
test_same_site_empty_string in /home/kaiyaok2/PythonProjects/falcon/tests/test_cookies.py: 292.630526304245
test_none_same_site_value in /home/kaiyaok2/PythonProjects/falcon/tests/test_cookies.py: 292.7462229728699
test_cookie_max_age_float_and_string in /home/kaiyaok2/PythonProjects/falcon/tests/test_cookies.py: 294.31087279319763
test_cookies_setable in /home/kaiyaok2/PythonProjects/falcon/tests/test_cookies.py: 294.396413564682
test_cookie_expires_naive in /home/kaiyaok2/PythonProjects/falcon/tests/test_cookies.py: 294.48380303382874
test_cookie_expires_aware in /home/kaiyaok2/PythonProjects/falcon/tests/test_cookies.py: 294.593213558197
test_response_disable_secure_globally in /home/kaiyaok2/PythonProjects/falcon/tests/test_cookies.py: 294.6898260116577
test_strict_same_site_value in /home/kaiyaok2/PythonProjects/falcon/tests/test_cookies.py: 294.7706525325775
test_cookie_timezone in /home/kaiyaok2/PythonProjects/falcon/tests/test_cookies.py: 294.87923550605774
test_cookie_max_age_float_and_string in /home/kaiyaok2/PythonProjects/falcon/tests/test_cookies.py: 295.01753520965576
test_routes_only in /home/kaiyaok2/PythonProjects/falcon/tests/test_cmd_inspect_app.py: 298.74574303627014
test_inspect in /home/kaiyaok2/PythonProjects/falcon/tests/test_cmd_inspect_app.py: 298.8181953430176
test_inspect in /home/kaiyaok2/PythonProjects/falcon/tests/test_cmd_inspect_app.py: 298.89651346206665
test_routes_only in /home/kaiyaok2/PythonProjects/falcon/tests/test_cmd_inspect_app.py: 298.96707677841187
test_routes_only in /home/kaiyaok2/PythonProjects/falcon/tests/test_cmd_inspect_app.py: 299.0334401130676
test_routes_only in /home/kaiyaok2/PythonProjects/falcon/tests/test_cmd_inspect_app.py: 299.09315943717957
test_inspect in /home/kaiyaok2/PythonProjects/falcon/tests/test_cmd_inspect_app.py: 299.148188829422
test_inspect in /home/kaiyaok2/PythonProjects/falcon/tests/test_cmd_inspect_app.py: 299.2032735347748
test_load_app in /home/kaiyaok2/PythonProjects/falcon/tests/test_cmd_inspect_app.py: 299.26633858680725
test_load_app in /home/kaiyaok2/PythonProjects/falcon/tests/test_cmd_inspect_app.py: 299.3280186653137
test_load_app_error in /home/kaiyaok2/PythonProjects/falcon/tests/test_cmd_inspect_app.py: 299.38126254081726
test_load_app_error in /home/kaiyaok2/PythonProjects/falcon/tests/test_cmd_inspect_app.py: 299.452303647995
test_load_app_error in /home/kaiyaok2/PythonProjects/falcon/tests/test_cmd_inspect_app.py: 299.51120710372925
