test_routes_only in /home/kaiyaok2/PythonProjects/falcon/tests/test_cmd_inspect_app.py: 71.12121152877808
test_inspect in /home/kaiyaok2/PythonProjects/falcon/tests/test_cmd_inspect_app.py: 71.18895602226257
test_inspect in /home/kaiyaok2/PythonProjects/falcon/tests/test_cmd_inspect_app.py: 71.24458408355713
test_routes_only in /home/kaiyaok2/PythonProjects/falcon/tests/test_cmd_inspect_app.py: 71.30152106285095
test_inspect in /home/kaiyaok2/PythonProjects/falcon/tests/test_cmd_inspect_app.py: 71.35811305046082
test_routes_only in /home/kaiyaok2/PythonProjects/falcon/tests/test_cmd_inspect_app.py: 71.41487097740173
test_routes_only in /home/kaiyaok2/PythonProjects/falcon/tests/test_cmd_inspect_app.py: 71.4706654548645
test_inspect in /home/kaiyaok2/PythonProjects/falcon/tests/test_cmd_inspect_app.py: 71.52531147003174
test_load_app_error in /home/kaiyaok2/PythonProjects/falcon/tests/test_cmd_inspect_app.py: 71.61608362197876
test_load_app in /home/kaiyaok2/PythonProjects/falcon/tests/test_cmd_inspect_app.py: 71.67584490776062
test_load_app_error in /home/kaiyaok2/PythonProjects/falcon/tests/test_cmd_inspect_app.py: 71.736483335495
test_load_app in /home/kaiyaok2/PythonProjects/falcon/tests/test_cmd_inspect_app.py: 71.79235219955444
test_load_app_error in /home/kaiyaok2/PythonProjects/falcon/tests/test_cmd_inspect_app.py: 71.84734320640564
test_hooks in /home/kaiyaok2/PythonProjects/falcon/tests/asgi/test_cythonized_asgi.py: 73.56060552597046
test_jsonchema_validator in /home/kaiyaok2/PythonProjects/falcon/tests/asgi/test_cythonized_asgi.py: 74.18382048606873
test_response_unset_cookie in /home/kaiyaok2/PythonProjects/falcon/tests/test_cookies.py: 91.05932784080505
test_response_complex_case in /home/kaiyaok2/PythonProjects/falcon/tests/test_cookies.py: 91.15070533752441
test_response_base_case in /home/kaiyaok2/PythonProjects/falcon/tests/test_cookies.py: 91.2385094165802
test_none_same_site_value in /home/kaiyaok2/PythonProjects/falcon/tests/test_cookies.py: 91.34340906143188
test_cookies_setable in /home/kaiyaok2/PythonProjects/falcon/tests/test_cookies.py: 91.43628191947937
test_cookie_max_age_float_and_string in /home/kaiyaok2/PythonProjects/falcon/tests/test_cookies.py: 91.54899835586548
test_unset_cookies_samesite in /home/kaiyaok2/PythonProjects/falcon/tests/test_cookies.py: 91.69204759597778
test_strict_same_site_value in /home/kaiyaok2/PythonProjects/falcon/tests/test_cookies.py: 91.77861261367798
test_lax_same_site_value in /home/kaiyaok2/PythonProjects/falcon/tests/test_cookies.py: 91.86635637283325
test_response_disable_secure_globally in /home/kaiyaok2/PythonProjects/falcon/tests/test_cookies.py: 91.95748114585876
test_same_site_empty_string in /home/kaiyaok2/PythonProjects/falcon/tests/test_cookies.py: 93.68784594535828
test_cookie_timezone in /home/kaiyaok2/PythonProjects/falcon/tests/test_cookies.py: 93.79595994949341
test_cookie_expires_naive in /home/kaiyaok2/PythonProjects/falcon/tests/test_cookies.py: 93.90198040008545
test_cookie_max_age_float_and_string in /home/kaiyaok2/PythonProjects/falcon/tests/test_cookies.py: 93.98810148239136
test_cookie_expires_aware in /home/kaiyaok2/PythonProjects/falcon/tests/test_cookies.py: 94.08675742149353
test_unset_cookies in /home/kaiyaok2/PythonProjects/falcon/tests/test_cookies.py: 94.18069362640381
test_client_simulate_aliases in /home/kaiyaok2/PythonProjects/falcon/tests/test_testing.py: 98.14658260345459
test_client_simulate_aliases in /home/kaiyaok2/PythonProjects/falcon/tests/test_testing.py: 98.2242636680603
test_client_simulate_aliases in /home/kaiyaok2/PythonProjects/falcon/tests/test_testing.py: 98.26298713684082
test_client_simulate_aliases in /home/kaiyaok2/PythonProjects/falcon/tests/test_testing.py: 98.3341932296753
test_client_simulate_aliases in /home/kaiyaok2/PythonProjects/falcon/tests/test_testing.py: 98.36146950721741
test_client_simulate_aliases in /home/kaiyaok2/PythonProjects/falcon/tests/test_testing.py: 98.39178276062012
test_client_simulate_aliases in /home/kaiyaok2/PythonProjects/falcon/tests/test_testing.py: 98.42484593391418
test_client_simulate_aliases in /home/kaiyaok2/PythonProjects/falcon/tests/test_testing.py: 98.47963523864746
test_imported_from_c_modules in /home/kaiyaok2/PythonProjects/falcon/tests/test_cython.py: 98.50482487678528
test_stream_has_private_read in /home/kaiyaok2/PythonProjects/falcon/tests/test_cython.py: 98.50984811782837
test_content_length_set_on_head_with_no_body in /home/kaiyaok2/PythonProjects/falcon/tests/test_response_body.py: 98.61326003074646
test_unsupported_response_content_type in /home/kaiyaok2/PythonProjects/falcon/tests/test_response_body.py: 98.68688035011292
test_response_body_rendition_error in /home/kaiyaok2/PythonProjects/falcon/tests/test_response_body.py: 98.80271196365356
test_cached_text_in_result in /home/kaiyaok2/PythonProjects/falcon/tests/test_utils.py: 100.73591494560242
test_simulate_remote_addr in /home/kaiyaok2/PythonProjects/falcon/tests/test_utils.py: 100.87844777107239
test_path_must_start_with_slash in /home/kaiyaok2/PythonProjects/falcon/tests/test_utils.py: 101.03655505180359
test_simulate_remote_addr in /home/kaiyaok2/PythonProjects/falcon/tests/test_utils.py: 101.24044156074524
test_simulate_remote_addr in /home/kaiyaok2/PythonProjects/falcon/tests/test_utils.py: 101.36849045753479
test_query_string in /home/kaiyaok2/PythonProjects/falcon/tests/test_utils.py: 101.53503751754761
test_status in /home/kaiyaok2/PythonProjects/falcon/tests/test_utils.py: 101.73110461235046
test_simulate_hostname in /home/kaiyaok2/PythonProjects/falcon/tests/test_utils.py: 103.52313017845154
test_query_string_in_path in /home/kaiyaok2/PythonProjects/falcon/tests/test_utils.py: 103.74999475479126
test_query_string_no_question in /home/kaiyaok2/PythonProjects/falcon/tests/test_utils.py: 103.88826656341553
test_simulate_remote_addr in /home/kaiyaok2/PythonProjects/falcon/tests/test_utils.py: 104.19751501083374
test_default_headers in /home/kaiyaok2/PythonProjects/falcon/tests/test_utils.py: 104.34939527511597
test_override_method_with_extras in /home/kaiyaok2/PythonProjects/falcon/tests/test_utils.py: 104.58519649505615
test_simulate_remote_addr in /home/kaiyaok2/PythonProjects/falcon/tests/test_utils.py: 106.41754484176636
test_default_headers_with_override in /home/kaiyaok2/PythonProjects/falcon/tests/test_utils.py: 106.559579372406
test_method_not_allowed_with_param in /home/kaiyaok2/PythonProjects/falcon/tests/test_http_method_routing.py: 125.5367546081543
test_on_options in /home/kaiyaok2/PythonProjects/falcon/tests/test_http_method_routing.py: 125.62077569961548
test_put in /home/kaiyaok2/PythonProjects/falcon/tests/test_http_method_routing.py: 125.71065759658813
test_methods_not_allowed_simple in /home/kaiyaok2/PythonProjects/falcon/tests/test_http_method_routing.py: 125.8057610988617
test_misc in /home/kaiyaok2/PythonProjects/falcon/tests/test_http_method_routing.py: 125.91473841667175
test_meta_and_others_disallowed in /home/kaiyaok2/PythonProjects/falcon/tests/test_http_method_routing.py: 126.0006947517395
test_post_not_allowed in /home/kaiyaok2/PythonProjects/falcon/tests/test_http_method_routing.py: 126.07785892486572
test_report in /home/kaiyaok2/PythonProjects/falcon/tests/test_http_method_routing.py: 127.80247282981873
test_get in /home/kaiyaok2/PythonProjects/falcon/tests/test_http_method_routing.py: 127.8842716217041
test_methods_not_allowed_complex in /home/kaiyaok2/PythonProjects/falcon/tests/test_http_method_routing.py: 127.9648687839508
test_meta_and_others_disallowed in /home/kaiyaok2/PythonProjects/falcon/tests/test_http_method_routing.py: 128.0492615699768
test_default_on_options in /home/kaiyaok2/PythonProjects/falcon/tests/test_http_method_routing.py: 128.13688731193542
