test_jsonchema_validator in /home/kaiyaok2/PythonProjects/falcon/tests/asgi/test_cythonized_asgi.py: 94.09726333618164
test_hooks in /home/kaiyaok2/PythonProjects/falcon/tests/asgi/test_cythonized_asgi.py: 94.16367316246033
test_middleware_tree in /home/kaiyaok2/PythonProjects/falcon/tests/test_inspect.py: 109.12557554244995
test_error_handler in /home/kaiyaok2/PythonProjects/falcon/tests/test_inspect.py: 110.8483898639679
test_middleware in /home/kaiyaok2/PythonProjects/falcon/tests/test_inspect.py: 110.9127676486969
test_sink in /home/kaiyaok2/PythonProjects/falcon/tests/test_inspect.py: 110.97593975067139
test_routes in /home/kaiyaok2/PythonProjects/falcon/tests/test_inspect.py: 111.04796242713928
test_static_routes in /home/kaiyaok2/PythonProjects/falcon/tests/test_inspect.py: 111.11127710342407
test_app in /home/kaiyaok2/PythonProjects/falcon/tests/test_inspect.py: 111.17370986938477
test_stream_has_private_read in /home/kaiyaok2/PythonProjects/falcon/tests/test_cython.py: 111.76951575279236
test_imported_from_c_modules in /home/kaiyaok2/PythonProjects/falcon/tests/test_cython.py: 111.77571415901184
test_data_is_set in /home/kaiyaok2/PythonProjects/falcon/tests/test_error_handlers.py: 115.10519027709961
test_media_is_set in /home/kaiyaok2/PythonProjects/falcon/tests/test_error_handlers.py: 116.78879642486572
test_body_is_set in /home/kaiyaok2/PythonProjects/falcon/tests/test_error_handlers.py: 116.88726234436035
test_media_is_set in /home/kaiyaok2/PythonProjects/falcon/tests/test_error_handlers.py: 116.96917605400085
test_body_is_set in /home/kaiyaok2/PythonProjects/falcon/tests/test_error_handlers.py: 117.05707573890686
test_data_is_set in /home/kaiyaok2/PythonProjects/falcon/tests/test_error_handlers.py: 117.13218545913696
test_subclass_error in /home/kaiyaok2/PythonProjects/falcon/tests/test_error_handlers.py: 117.22656393051147
test_handler_multiple_exception_iterable in /home/kaiyaok2/PythonProjects/falcon/tests/test_error_handlers.py: 117.31304812431335
test_error_precedence_subclass_order_indifference in /home/kaiyaok2/PythonProjects/falcon/tests/test_error_handlers.py: 117.39295244216919
test_handle_not_defined in /home/kaiyaok2/PythonProjects/falcon/tests/test_error_handlers.py: 117.47894859313965
test_invalid_add_exception_handler_input in /home/kaiyaok2/PythonProjects/falcon/tests/test_error_handlers.py: 117.5608241558075
test_caught_error in /home/kaiyaok2/PythonProjects/falcon/tests/test_error_handlers.py: 119.50230312347412
test_error_precedence_subclass in /home/kaiyaok2/PythonProjects/falcon/tests/test_error_handlers.py: 119.58472442626953
test_uncaught_python_error in /home/kaiyaok2/PythonProjects/falcon/tests/test_error_handlers.py: 119.6616621017456
test_invalid_add_exception_handler_input in /home/kaiyaok2/PythonProjects/falcon/tests/test_error_handlers.py: 119.74594354629517
test_uncaught_python_error in /home/kaiyaok2/PythonProjects/falcon/tests/test_error_handlers.py: 119.8502185344696
test_handler_multiple_exception_iterable in /home/kaiyaok2/PythonProjects/falcon/tests/test_error_handlers.py: 119.954416513443
test_uncaught_error_else in /home/kaiyaok2/PythonProjects/falcon/tests/test_error_handlers.py: 120.05777788162231
test_error_precedence_duplicate in /home/kaiyaok2/PythonProjects/falcon/tests/test_error_handlers.py: 120.1526050567627
test_invalid_add_exception_handler_input in /home/kaiyaok2/PythonProjects/falcon/tests/test_error_handlers.py: 120.24089336395264
test_invalid_add_exception_handler_input in /home/kaiyaok2/PythonProjects/falcon/tests/test_error_handlers.py: 120.33920788764954
test_handler_single_exception_iterable in /home/kaiyaok2/PythonProjects/falcon/tests/test_error_handlers.py: 120.45801854133606
test_uncaught_python_error in /home/kaiyaok2/PythonProjects/falcon/tests/test_error_handlers.py: 120.5507698059082
test_uncaught_error in /home/kaiyaok2/PythonProjects/falcon/tests/test_error_handlers.py: 122.3061854839325
test_converted_error in /home/kaiyaok2/PythonProjects/falcon/tests/test_error_handlers.py: 122.40711379051208
test_non_string_status in /home/kaiyaok2/PythonProjects/falcon/tests/test_httpstatus.py: 123.78662109375
test_non_string_status in /home/kaiyaok2/PythonProjects/falcon/tests/test_httpstatus.py: 123.8706169128418
test_non_string_status in /home/kaiyaok2/PythonProjects/falcon/tests/test_httpstatus.py: 123.94342923164368
test_non_string_status in /home/kaiyaok2/PythonProjects/falcon/tests/test_httpstatus.py: 124.02164244651794
test_non_string_status in /home/kaiyaok2/PythonProjects/falcon/tests/test_httpstatus.py: 124.0964686870575
test_non_string_status in /home/kaiyaok2/PythonProjects/falcon/tests/test_httpstatus.py: 124.17158484458923
test_non_string_status in /home/kaiyaok2/PythonProjects/falcon/tests/test_httpstatus.py: 124.24915194511414
test_non_string_status in /home/kaiyaok2/PythonProjects/falcon/tests/test_httpstatus.py: 124.32509207725525
test_non_string_status in /home/kaiyaok2/PythonProjects/falcon/tests/test_httpstatus.py: 124.40209221839905
test_non_string_status in /home/kaiyaok2/PythonProjects/falcon/tests/test_httpstatus.py: 126.08199858665466
test_non_string_status in /home/kaiyaok2/PythonProjects/falcon/tests/test_httpstatus.py: 126.19447016716003
test_non_string_status in /home/kaiyaok2/PythonProjects/falcon/tests/test_httpstatus.py: 126.27954435348511
test_non_string_status in /home/kaiyaok2/PythonProjects/falcon/tests/test_httpstatus.py: 126.40215229988098
test_non_string_status in /home/kaiyaok2/PythonProjects/falcon/tests/test_httpstatus.py: 126.52171802520752
test_client_simulate_aliases in /home/kaiyaok2/PythonProjects/falcon/tests/test_testing.py: 126.56867718696594
test_client_simulate_aliases in /home/kaiyaok2/PythonProjects/falcon/tests/test_testing.py: 126.60655236244202
test_client_simulate_aliases in /home/kaiyaok2/PythonProjects/falcon/tests/test_testing.py: 126.64582967758179
test_client_simulate_aliases in /home/kaiyaok2/PythonProjects/falcon/tests/test_testing.py: 126.69004774093628
test_client_simulate_aliases in /home/kaiyaok2/PythonProjects/falcon/tests/test_testing.py: 126.72494649887085
test_client_simulate_aliases in /home/kaiyaok2/PythonProjects/falcon/tests/test_testing.py: 126.75827646255493
test_client_simulate_aliases in /home/kaiyaok2/PythonProjects/falcon/tests/test_testing.py: 126.79810190200806
test_client_simulate_aliases in /home/kaiyaok2/PythonProjects/falcon/tests/test_testing.py: 126.83682036399841
test_unicode_headers_contain_only_ascii in /home/kaiyaok2/PythonProjects/falcon/tests/test_headers.py: 135.62451839447021
test_append_link_with_link_extension in /home/kaiyaok2/PythonProjects/falcon/tests/test_headers.py: 135.77103447914124
test_content_disposition_inline_header in /home/kaiyaok2/PythonProjects/falcon/tests/test_headers.py: 137.64872121810913
test_append_link_crossorigin in /home/kaiyaok2/PythonProjects/falcon/tests/test_headers.py: 137.79972910881042
test_response_set_and_get_header in /home/kaiyaok2/PythonProjects/falcon/tests/test_headers.py: 137.90554809570312
test_no_content_length in /home/kaiyaok2/PythonProjects/falcon/tests/test_headers.py: 138.01234769821167
test_get_header_as_int in /home/kaiyaok2/PythonProjects/falcon/tests/test_headers.py: 138.1184937953949
test_content_disposition_attachment_header in /home/kaiyaok2/PythonProjects/falcon/tests/test_headers.py: 138.2193877696991
test_content_disposition_attachment_header in /home/kaiyaok2/PythonProjects/falcon/tests/test_headers.py: 138.32078075408936
test_declared_content_length_overriden_by_data_length in /home/kaiyaok2/PythonProjects/falcon/tests/test_headers.py: 138.4306423664093
test_unset_header in /home/kaiyaok2/PythonProjects/falcon/tests/test_headers.py: 140.15059232711792
test_unicode_headers_contain_non_ascii in /home/kaiyaok2/PythonProjects/falcon/tests/test_headers.py: 140.25903797149658
test_append_link_crossorigin in /home/kaiyaok2/PythonProjects/falcon/tests/test_headers.py: 140.38020634651184
test_append_link_with_type_hint in /home/kaiyaok2/PythonProjects/falcon/tests/test_headers.py: 140.50278973579407
test_content_disposition_attachment_header in /home/kaiyaok2/PythonProjects/falcon/tests/test_headers.py: 140.6072289943695
test_unicode_headers_contain_non_ascii in /home/kaiyaok2/PythonProjects/falcon/tests/test_headers.py: 140.73366832733154
test_headers_as_list in /home/kaiyaok2/PythonProjects/falcon/tests/test_headers.py: 140.85848999023438
test_required_header in /home/kaiyaok2/PythonProjects/falcon/tests/test_headers.py: 142.54289841651917
test_append_link_complex in /home/kaiyaok2/PythonProjects/falcon/tests/test_headers.py: 142.67450714111328
test_append_link_crossorigin in /home/kaiyaok2/PythonProjects/falcon/tests/test_headers.py: 142.80277943611145
test_content_disposition_attachment_header in /home/kaiyaok2/PythonProjects/falcon/tests/test_headers.py: 142.896329164505
test_append_link_with_anchor in /home/kaiyaok2/PythonProjects/falcon/tests/test_headers.py: 143.01746249198914
test_override_default_media_type_missing_encoding in /home/kaiyaok2/PythonProjects/falcon/tests/test_headers.py: 143.10865354537964
test_content_type_no_body in /home/kaiyaok2/PythonProjects/falcon/tests/test_headers.py: 143.20610332489014
test_headers_with_custom_class_not_callable in /home/kaiyaok2/PythonProjects/falcon/tests/test_headers.py: 143.29873299598694
test_content_disposition_inline_header in /home/kaiyaok2/PythonProjects/falcon/tests/test_headers.py: 145.2528157234192
test_append_link_single in /home/kaiyaok2/PythonProjects/falcon/tests/test_headers.py: 145.38843321800232
test_unicode_headers_contain_non_ascii in /home/kaiyaok2/PythonProjects/falcon/tests/test_headers.py: 145.48433661460876
test_content_disposition_attachment_header in /home/kaiyaok2/PythonProjects/falcon/tests/test_headers.py: 145.58872604370117
test_declared_content_length_overridden_by_no_body in /home/kaiyaok2/PythonProjects/falcon/tests/test_headers.py: 145.70798206329346
test_vary_star in /home/kaiyaok2/PythonProjects/falcon/tests/test_headers.py: 145.82358837127686
test_append_link_with_hreflang in /home/kaiyaok2/PythonProjects/falcon/tests/test_headers.py: 145.95221877098083
test_unicode_location_headers in /home/kaiyaok2/PythonProjects/falcon/tests/test_headers.py: 146.0481641292572
test_content_disposition_inline_header in /home/kaiyaok2/PythonProjects/falcon/tests/test_headers.py: 147.81264472007751
test_no_content_type in /home/kaiyaok2/PythonProjects/falcon/tests/test_headers.py: 147.94946026802063
test_no_content_type in /home/kaiyaok2/PythonProjects/falcon/tests/test_headers.py: 148.07124137878418
test_vary_header in /home/kaiyaok2/PythonProjects/falcon/tests/test_headers.py: 148.19759440422058
test_append_link_crossorigin in /home/kaiyaok2/PythonProjects/falcon/tests/test_headers.py: 148.32465291023254
test_response_append_header in /home/kaiyaok2/PythonProjects/falcon/tests/test_headers.py: 148.42303562164307
test_request_latin1_headers in /home/kaiyaok2/PythonProjects/falcon/tests/test_headers.py: 148.52987051010132
test_response_header_helpers_on_get in /home/kaiyaok2/PythonProjects/falcon/tests/test_headers.py: 148.64585995674133
test_request_multiple_header in /home/kaiyaok2/PythonProjects/falcon/tests/test_headers.py: 150.3902599811554
test_content_disposition_attachment_header in /home/kaiyaok2/PythonProjects/falcon/tests/test_headers.py: 150.5027208328247
test_declared_content_length_overriden_by_body_length in /home/kaiyaok2/PythonProjects/falcon/tests/test_headers.py: 150.60822868347168
test_content_disposition_attachment_header in /home/kaiyaok2/PythonProjects/falcon/tests/test_headers.py: 150.7165071964264
test_default_media_type in /home/kaiyaok2/PythonProjects/falcon/tests/test_headers.py: 150.83492279052734
test_default_value in /home/kaiyaok2/PythonProjects/falcon/tests/test_headers.py: 150.93970584869385
test_custom_content_type in /home/kaiyaok2/PythonProjects/falcon/tests/test_headers.py: 151.05263829231262
test_set_headers_with_custom_class in /home/kaiyaok2/PythonProjects/falcon/tests/test_headers.py: 152.77652621269226
test_no_content_length in /home/kaiyaok2/PythonProjects/falcon/tests/test_headers.py: 152.87403082847595
test_append_link_crossorigin in /home/kaiyaok2/PythonProjects/falcon/tests/test_headers.py: 152.9964120388031
test_content_length in /home/kaiyaok2/PythonProjects/falcon/tests/test_headers.py: 153.0894331932068
test_unset_header in /home/kaiyaok2/PythonProjects/falcon/tests/test_headers.py: 153.19388008117676
test_passthrough_request_headers in /home/kaiyaok2/PythonProjects/falcon/tests/test_headers.py: 153.32936573028564
test_unicode_headers_contain_non_ascii in /home/kaiyaok2/PythonProjects/falcon/tests/test_headers.py: 153.42563772201538
test_append_link_with_title_star in /home/kaiyaok2/PythonProjects/falcon/tests/test_headers.py: 153.55692648887634
test_append_link_with_title in /home/kaiyaok2/PythonProjects/falcon/tests/test_headers.py: 155.30385828018188
test_declared_content_length_on_head in /home/kaiyaok2/PythonProjects/falcon/tests/test_headers.py: 155.39925146102905
test_content_disposition_attachment_header in /home/kaiyaok2/PythonProjects/falcon/tests/test_headers.py: 155.50437355041504
test_override_default_media_type in /home/kaiyaok2/PythonProjects/falcon/tests/test_headers.py: 155.6008448600769
test_override_default_media_type in /home/kaiyaok2/PythonProjects/falcon/tests/test_headers.py: 155.6969826221466
test_vary_header in /home/kaiyaok2/PythonProjects/falcon/tests/test_headers.py: 155.8151149749756
test_expires_header in /home/kaiyaok2/PythonProjects/falcon/tests/test_headers.py: 155.95419430732727
test_append_link_multiple in /home/kaiyaok2/PythonProjects/falcon/tests/test_headers.py: 156.09064650535583
test_append_link_crossorigin in /home/kaiyaok2/PythonProjects/falcon/tests/test_headers.py: 158.086501121521
test_append_link_with_hreflang_multi in /home/kaiyaok2/PythonProjects/falcon/tests/test_headers.py: 158.2269458770752
test_load_app_error in /home/kaiyaok2/PythonProjects/falcon/tests/test_cmd_inspect_app.py: 160.42590427398682
test_load_app in /home/kaiyaok2/PythonProjects/falcon/tests/test_cmd_inspect_app.py: 160.49105048179626
test_load_app_error in /home/kaiyaok2/PythonProjects/falcon/tests/test_cmd_inspect_app.py: 160.56109404563904
test_load_app_error in /home/kaiyaok2/PythonProjects/falcon/tests/test_cmd_inspect_app.py: 160.6171214580536
test_load_app in /home/kaiyaok2/PythonProjects/falcon/tests/test_cmd_inspect_app.py: 160.6785590648651
test_inspect in /home/kaiyaok2/PythonProjects/falcon/tests/test_cmd_inspect_app.py: 160.75661492347717
test_inspect in /home/kaiyaok2/PythonProjects/falcon/tests/test_cmd_inspect_app.py: 160.83220052719116
test_routes_only in /home/kaiyaok2/PythonProjects/falcon/tests/test_cmd_inspect_app.py: 160.90377736091614
test_inspect in /home/kaiyaok2/PythonProjects/falcon/tests/test_cmd_inspect_app.py: 160.99062824249268
test_inspect in /home/kaiyaok2/PythonProjects/falcon/tests/test_cmd_inspect_app.py: 161.05838680267334
test_routes_only in /home/kaiyaok2/PythonProjects/falcon/tests/test_cmd_inspect_app.py: 161.1361002922058
test_routes_only in /home/kaiyaok2/PythonProjects/falcon/tests/test_cmd_inspect_app.py: 161.2132909297943
test_routes_only in /home/kaiyaok2/PythonProjects/falcon/tests/test_cmd_inspect_app.py: 161.2785041332245
test_json_err_no_handler in /home/kaiyaok2/PythonProjects/falcon/tests/test_media_handlers.py: 171.02277374267578
test_json_err_no_handler in /home/kaiyaok2/PythonProjects/falcon/tests/test_media_handlers.py: 171.09533786773682
test_get_date_valid in /home/kaiyaok2/PythonProjects/falcon/tests/test_query_params.py: 192.61006355285645
test_option_auto_parse_qs_csv_multiple_fields_true in /home/kaiyaok2/PythonProjects/falcon/tests/test_query_params.py: 192.7461919784546
test_default_auto_parse_csv_behaviour in /home/kaiyaok2/PythonProjects/falcon/tests/test_query_params.py: 192.85852313041687
test_required in /home/kaiyaok2/PythonProjects/falcon/tests/test_query_params.py: 194.69705748558044
test_get_date_store in /home/kaiyaok2/PythonProjects/falcon/tests/test_query_params.py: 194.8637683391571
test_option_auto_parse_qs_csv_multiple_fields_true in /home/kaiyaok2/PythonProjects/falcon/tests/test_query_params.py: 194.97779631614685
test_get_date_invalid in /home/kaiyaok2/PythonProjects/falcon/tests/test_query_params.py: 195.0808801651001
test_get_date_valid_with_format in /home/kaiyaok2/PythonProjects/falcon/tests/test_query_params.py: 195.18753600120544
test_option_auto_parse_qs_csv_multiple_fields_false in /home/kaiyaok2/PythonProjects/falcon/tests/test_query_params.py: 195.2950894832611
test_get_date_store in /home/kaiyaok2/PythonProjects/falcon/tests/test_query_params.py: 195.43366765975952
test_blank in /home/kaiyaok2/PythonProjects/falcon/tests/test_query_params.py: 195.54516291618347
test_bad_percentage in /home/kaiyaok2/PythonProjects/falcon/tests/test_query_params.py: 197.57747387886047
test_float_neg in /home/kaiyaok2/PythonProjects/falcon/tests/test_query_params.py: 197.6894702911377
test_option_auto_parse_qs_csv_multiple_fields_true in /home/kaiyaok2/PythonProjects/falcon/tests/test_query_params.py: 197.80530881881714
test_has_param in /home/kaiyaok2/PythonProjects/falcon/tests/test_query_params.py: 197.93903374671936
test_blank in /home/kaiyaok2/PythonProjects/falcon/tests/test_query_params.py: 198.09001207351685
test_multiple_keys_as_float in /home/kaiyaok2/PythonProjects/falcon/tests/test_query_params.py: 198.20687222480774
test_default in /home/kaiyaok2/PythonProjects/falcon/tests/test_query_params.py: 198.31978178024292
test_list_type_blank in /home/kaiyaok2/PythonProjects/falcon/tests/test_query_params.py: 200.25206470489502
test_get_date_invalid in /home/kaiyaok2/PythonProjects/falcon/tests/test_query_params.py: 200.36981105804443
test_none in /home/kaiyaok2/PythonProjects/falcon/tests/test_query_params.py: 200.50210690498352
test_percent_encoded in /home/kaiyaok2/PythonProjects/falcon/tests/test_query_params.py: 200.61963605880737
test_option_auto_parse_qs_csv_multiple_fields_true in /home/kaiyaok2/PythonProjects/falcon/tests/test_query_params.py: 200.74409413337708
test_default_auto_parse_csv_behaviour in /home/kaiyaok2/PythonProjects/falcon/tests/test_query_params.py: 200.89116764068604
test_multiple_form_keys_as_list in /home/kaiyaok2/PythonProjects/falcon/tests/test_query_params.py: 202.7293508052826
test_option_auto_parse_qs_csv_multiple_fields_true in /home/kaiyaok2/PythonProjects/falcon/tests/test_query_params.py: 202.89280033111572
test_int in /home/kaiyaok2/PythonProjects/falcon/tests/test_query_params.py: 203.03807640075684
test_required in /home/kaiyaok2/PythonProjects/falcon/tests/test_query_params.py: 203.1579349040985
test_option_auto_parse_qs_csv_multiple_fields_true in /home/kaiyaok2/PythonProjects/falcon/tests/test_query_params.py: 203.2727131843567
test_get_datetime_valid_with_format in /home/kaiyaok2/PythonProjects/falcon/tests/test_query_params.py: 203.4147069454193
test_boolean in /home/kaiyaok2/PythonProjects/falcon/tests/test_query_params.py: 203.51546955108643
test_option_auto_parse_qs_csv_multiple_fields_true in /home/kaiyaok2/PythonProjects/falcon/tests/test_query_params.py: 205.28692817687988
test_option_auto_parse_qs_csv_multiple_fields_true in /home/kaiyaok2/PythonProjects/falcon/tests/test_query_params.py: 205.41530871391296
test_required in /home/kaiyaok2/PythonProjects/falcon/tests/test_query_params.py: 205.55306959152222
test_allowed_names in /home/kaiyaok2/PythonProjects/falcon/tests/test_query_params.py: 205.65716171264648
test_required in /home/kaiyaok2/PythonProjects/falcon/tests/test_query_params.py: 205.75763583183289
test_get_dict_invalid in /home/kaiyaok2/PythonProjects/falcon/tests/test_query_params.py: 205.8788788318634
test_option_auto_parse_qs_csv_multiple_fields_true in /home/kaiyaok2/PythonProjects/falcon/tests/test_query_params.py: 206.0566897392273
test_get_date_valid in /home/kaiyaok2/PythonProjects/falcon/tests/test_query_params.py: 208.14169883728027
test_required in /home/kaiyaok2/PythonProjects/falcon/tests/test_query_params.py: 208.2735230922699
test_list_transformer in /home/kaiyaok2/PythonProjects/falcon/tests/test_query_params.py: 208.38503098487854
test_int in /home/kaiyaok2/PythonProjects/falcon/tests/test_query_params.py: 208.5029935836792
test_option_auto_parse_qs_csv_multiple_fields_true in /home/kaiyaok2/PythonProjects/falcon/tests/test_query_params.py: 208.6169035434723
test_get_datetime_store in /home/kaiyaok2/PythonProjects/falcon/tests/test_query_params.py: 208.75261759757996
test_default in /home/kaiyaok2/PythonProjects/falcon/tests/test_query_params.py: 208.92521858215332
test_list_transformer in /home/kaiyaok2/PythonProjects/falcon/tests/test_query_params.py: 210.8657672405243
test_get_datetime_valid in /home/kaiyaok2/PythonProjects/falcon/tests/test_query_params.py: 211.03078937530518
test_get_datetime_store in /home/kaiyaok2/PythonProjects/falcon/tests/test_query_params.py: 211.18215203285217
test_int_neg in /home/kaiyaok2/PythonProjects/falcon/tests/test_query_params.py: 211.3102788925171
test_get_dict_missing_param in /home/kaiyaok2/PythonProjects/falcon/tests/test_query_params.py: 211.4363284111023
test_required in /home/kaiyaok2/PythonProjects/falcon/tests/test_query_params.py: 211.5501446723938
test_multiple_keys_as_int in /home/kaiyaok2/PythonProjects/falcon/tests/test_query_params.py: 211.65551924705505
test_option_auto_parse_qs_csv_multiple_fields_true in /home/kaiyaok2/PythonProjects/falcon/tests/test_query_params.py: 213.47992968559265
test_get_date_missing_param in /home/kaiyaok2/PythonProjects/falcon/tests/test_query_params.py: 213.59363460540771
test_multiple_keys_as_float in /home/kaiyaok2/PythonProjects/falcon/tests/test_query_params.py: 213.7251558303833
test_get_param_as_json_handler_json in /home/kaiyaok2/PythonProjects/falcon/tests/test_query_params.py: 213.83195757865906
test_multiple_form_keys in /home/kaiyaok2/PythonProjects/falcon/tests/test_query_params.py: 213.9579837322235
test_multiple_keys_as_bool in /home/kaiyaok2/PythonProjects/falcon/tests/test_query_params.py: 214.0704596042633
test_option_auto_parse_qs_csv_simple_true in /home/kaiyaok2/PythonProjects/falcon/tests/test_query_params.py: 214.18354392051697
test_float in /home/kaiyaok2/PythonProjects/falcon/tests/test_query_params.py: 216.02630043029785
test_none in /home/kaiyaok2/PythonProjects/falcon/tests/test_query_params.py: 216.1443362236023
test_option_auto_parse_qs_csv_simple_true in /home/kaiyaok2/PythonProjects/falcon/tests/test_query_params.py: 216.2567596435547
test_get_datetime_invalid in /home/kaiyaok2/PythonProjects/falcon/tests/test_query_params.py: 216.37504363059998
test_option_auto_parse_qs_csv_multiple_fields_true in /home/kaiyaok2/PythonProjects/falcon/tests/test_query_params.py: 216.48410820960999
test_allowed_names in /home/kaiyaok2/PythonProjects/falcon/tests/test_query_params.py: 216.60237431526184
test_option_auto_parse_qs_csv_complex_false in /home/kaiyaok2/PythonProjects/falcon/tests/test_query_params.py: 218.35508131980896
test_option_auto_parse_qs_csv_complex_false in /home/kaiyaok2/PythonProjects/falcon/tests/test_query_params.py: 218.50480008125305
test_multiple_keys_as_bool in /home/kaiyaok2/PythonProjects/falcon/tests/test_query_params.py: 218.61961388587952
test_required in /home/kaiyaok2/PythonProjects/falcon/tests/test_query_params.py: 218.72326612472534
test_multiple_keys_as_int in /home/kaiyaok2/PythonProjects/falcon/tests/test_query_params.py: 218.82437944412231
test_get_dict_missing_param in /home/kaiyaok2/PythonProjects/falcon/tests/test_query_params.py: 218.9336929321289
test_boolean_blank in /home/kaiyaok2/PythonProjects/falcon/tests/test_query_params.py: 219.0656201839447
test_get_param_as_json_no_handler_json in /home/kaiyaok2/PythonProjects/falcon/tests/test_query_params.py: 219.23114323616028
test_option_auto_parse_qs_csv_multiple_fields_true in /home/kaiyaok2/PythonProjects/falcon/tests/test_query_params.py: 221.2061665058136
test_list_type_blank in /home/kaiyaok2/PythonProjects/falcon/tests/test_query_params.py: 221.32505559921265
test_percent_encoded in /home/kaiyaok2/PythonProjects/falcon/tests/test_query_params.py: 221.47548866271973
test_required in /home/kaiyaok2/PythonProjects/falcon/tests/test_query_params.py: 221.6054036617279
test_option_auto_parse_qs_csv_multiple_fields_true in /home/kaiyaok2/PythonProjects/falcon/tests/test_query_params.py: 221.79367566108704
test_boolean in /home/kaiyaok2/PythonProjects/falcon/tests/test_query_params.py: 221.91541576385498
test_has_param in /home/kaiyaok2/PythonProjects/falcon/tests/test_query_params.py: 222.03525042533875
test_uuid in /home/kaiyaok2/PythonProjects/falcon/tests/test_query_params.py: 223.85176730155945
test_multiple_form_keys in /home/kaiyaok2/PythonProjects/falcon/tests/test_query_params.py: 223.97296595573425
test_get_dict_store in /home/kaiyaok2/PythonProjects/falcon/tests/test_query_params.py: 224.09469747543335
test_get_datetime_invalid in /home/kaiyaok2/PythonProjects/falcon/tests/test_query_params.py: 224.21806406974792
test_option_auto_parse_qs_csv_multiple_fields_true in /home/kaiyaok2/PythonProjects/falcon/tests/test_query_params.py: 224.33705043792725
test_list_type in /home/kaiyaok2/PythonProjects/falcon/tests/test_query_params.py: 224.45413732528687
test_required in /home/kaiyaok2/PythonProjects/falcon/tests/test_query_params.py: 224.57296776771545
test_required in /home/kaiyaok2/PythonProjects/falcon/tests/test_query_params.py: 226.45821928977966
test_multiple_form_keys_as_list in /home/kaiyaok2/PythonProjects/falcon/tests/test_query_params.py: 226.58099627494812
test_get_dict_store in /home/kaiyaok2/PythonProjects/falcon/tests/test_query_params.py: 226.70074152946472
test_float_neg in /home/kaiyaok2/PythonProjects/falcon/tests/test_query_params.py: 226.8147156238556
test_simple in /home/kaiyaok2/PythonProjects/falcon/tests/test_query_params.py: 226.93093252182007
test_simple in /home/kaiyaok2/PythonProjects/falcon/tests/test_query_params.py: 227.04888820648193
test_option_auto_parse_qs_csv_multiple_fields_true in /home/kaiyaok2/PythonProjects/falcon/tests/test_query_params.py: 227.15842533111572
test_option_auto_parse_qs_csv_simple_false in /home/kaiyaok2/PythonProjects/falcon/tests/test_query_params.py: 227.26694107055664
test_option_auto_parse_qs_csv_simple_false in /home/kaiyaok2/PythonProjects/falcon/tests/test_query_params.py: 229.23792052268982
test_param_property in /home/kaiyaok2/PythonProjects/falcon/tests/test_query_params.py: 229.4113359451294
test_get_datetime_missing_param in /home/kaiyaok2/PythonProjects/falcon/tests/test_query_params.py: 229.54748439788818
test_get_datetime_valid_with_format in /home/kaiyaok2/PythonProjects/falcon/tests/test_query_params.py: 229.68214678764343
test_float in /home/kaiyaok2/PythonProjects/falcon/tests/test_query_params.py: 229.8047227859497
test_get_date_valid_with_format in /home/kaiyaok2/PythonProjects/falcon/tests/test_query_params.py: 229.96691751480103
test_option_auto_parse_qs_csv_multiple_fields_true in /home/kaiyaok2/PythonProjects/falcon/tests/test_query_params.py: 231.8613305091858
test_get_date_missing_param in /home/kaiyaok2/PythonProjects/falcon/tests/test_query_params.py: 231.97762060165405
test_option_auto_parse_qs_csv_multiple_fields_true in /home/kaiyaok2/PythonProjects/falcon/tests/test_query_params.py: 232.0951051712036
test_get_datetime_valid in /home/kaiyaok2/PythonProjects/falcon/tests/test_query_params.py: 232.24603652954102
test_required in /home/kaiyaok2/PythonProjects/falcon/tests/test_query_params.py: 232.4302213191986
test_boolean_blank in /home/kaiyaok2/PythonProjects/falcon/tests/test_query_params.py: 232.6037631034851
test_bad_percentage in /home/kaiyaok2/PythonProjects/falcon/tests/test_query_params.py: 232.7383062839508
test_param_property in /home/kaiyaok2/PythonProjects/falcon/tests/test_query_params.py: 234.64839792251587
test_get_dict_invalid in /home/kaiyaok2/PythonProjects/falcon/tests/test_query_params.py: 234.7635793685913
test_get_dict_valid in /home/kaiyaok2/PythonProjects/falcon/tests/test_query_params.py: 234.87243366241455
test_option_auto_parse_qs_csv_multiple_fields_false in /home/kaiyaok2/PythonProjects/falcon/tests/test_query_params.py: 235.04327011108398
test_get_dict_valid in /home/kaiyaok2/PythonProjects/falcon/tests/test_query_params.py: 235.16720938682556
test_int_neg in /home/kaiyaok2/PythonProjects/falcon/tests/test_query_params.py: 235.3045690059662
test_list_type in /home/kaiyaok2/PythonProjects/falcon/tests/test_query_params.py: 235.41697430610657
test_get_datetime_missing_param in /home/kaiyaok2/PythonProjects/falcon/tests/test_query_params.py: 235.55435967445374
test_required in /home/kaiyaok2/PythonProjects/falcon/tests/test_query_params.py: 237.36611819267273
test_uuid in /home/kaiyaok2/PythonProjects/falcon/tests/test_query_params.py: 237.48328471183777
test_dont_auto_parse_by_default in /home/kaiyaok2/PythonProjects/falcon/tests/test_query_params.py: 237.60287523269653
test_http_methods_body_expected in /home/kaiyaok2/PythonProjects/falcon/tests/test_query_params.py: 237.70691108703613
test_empty_body in /home/kaiyaok2/PythonProjects/falcon/tests/test_query_params.py: 237.822655916214
test_asgi_raises_error in /home/kaiyaok2/PythonProjects/falcon/tests/test_query_params.py: 237.9559907913208
test_http_methods_body_expected in /home/kaiyaok2/PythonProjects/falcon/tests/test_query_params.py: 238.0738127231598
test_http_methods_body_not_expected in /home/kaiyaok2/PythonProjects/falcon/tests/test_query_params.py: 239.8486020565033
test_http_methods_body_expected in /home/kaiyaok2/PythonProjects/falcon/tests/test_query_params.py: 239.96025466918945
test_empty_body_no_content_length in /home/kaiyaok2/PythonProjects/falcon/tests/test_query_params.py: 240.0635597705841
test_http_methods_body_not_expected in /home/kaiyaok2/PythonProjects/falcon/tests/test_query_params.py: 240.1773338317871
test_http_methods_body_expected in /home/kaiyaok2/PythonProjects/falcon/tests/test_query_params.py: 240.29456329345703
test_http_methods_body_expected in /home/kaiyaok2/PythonProjects/falcon/tests/test_query_params.py: 240.40023064613342
test_explicitly_disable_auto_parse in /home/kaiyaok2/PythonProjects/falcon/tests/test_query_params.py: 240.52321076393127
test_non_ascii in /home/kaiyaok2/PythonProjects/falcon/tests/test_query_params.py: 242.5386290550232
test_redirect_with_headers in /home/kaiyaok2/PythonProjects/falcon/tests/test_redirects.py: 242.63531279563904
test_redirect in /home/kaiyaok2/PythonProjects/falcon/tests/test_redirects.py: 242.71649742126465
test_redirect_with_headers in /home/kaiyaok2/PythonProjects/falcon/tests/test_redirects.py: 242.81628847122192
test_redirect in /home/kaiyaok2/PythonProjects/falcon/tests/test_redirects.py: 242.9171965122223
test_redirect in /home/kaiyaok2/PythonProjects/falcon/tests/test_redirects.py: 243.00406742095947
test_redirect_with_headers in /home/kaiyaok2/PythonProjects/falcon/tests/test_redirects.py: 243.09704184532166
test_redirect in /home/kaiyaok2/PythonProjects/falcon/tests/test_redirects.py: 243.18625950813293
test_redirect_with_headers in /home/kaiyaok2/PythonProjects/falcon/tests/test_redirects.py: 243.27707386016846
test_redirect in /home/kaiyaok2/PythonProjects/falcon/tests/test_redirects.py: 243.37394499778748
test_redirect_with_headers in /home/kaiyaok2/PythonProjects/falcon/tests/test_redirects.py: 243.45713806152344
test_report in /home/kaiyaok2/PythonProjects/falcon/tests/test_http_method_routing.py: 243.56700563430786
test_meta_and_others_disallowed in /home/kaiyaok2/PythonProjects/falcon/tests/test_http_method_routing.py: 243.6711905002594
test_meta_and_others_disallowed in /home/kaiyaok2/PythonProjects/falcon/tests/test_http_method_routing.py: 245.48325371742249
test_default_on_options in /home/kaiyaok2/PythonProjects/falcon/tests/test_http_method_routing.py: 245.5690197944641
test_put in /home/kaiyaok2/PythonProjects/falcon/tests/test_http_method_routing.py: 245.66474437713623
test_post_not_allowed in /home/kaiyaok2/PythonProjects/falcon/tests/test_http_method_routing.py: 245.74915409088135
test_misc in /home/kaiyaok2/PythonProjects/falcon/tests/test_http_method_routing.py: 245.87459921836853
test_get in /home/kaiyaok2/PythonProjects/falcon/tests/test_http_method_routing.py: 245.96118021011353
test_on_options in /home/kaiyaok2/PythonProjects/falcon/tests/test_http_method_routing.py: 246.06149458885193
test_method_not_allowed_with_param in /home/kaiyaok2/PythonProjects/falcon/tests/test_http_method_routing.py: 246.1450538635254
test_methods_not_allowed_simple in /home/kaiyaok2/PythonProjects/falcon/tests/test_http_method_routing.py: 246.21592593193054
test_methods_not_allowed_complex in /home/kaiyaok2/PythonProjects/falcon/tests/test_http_method_routing.py: 246.33418703079224
test_generate_trans_id_with_request in /home/kaiyaok2/PythonProjects/falcon/tests/test_middleware.py: 248.16674089431763
test_process_request_not_cached in /home/kaiyaok2/PythonProjects/falcon/tests/test_middleware.py: 248.26309204101562
test_process_resource_cached in /home/kaiyaok2/PythonProjects/falcon/tests/test_middleware.py: 248.35056066513062
test_process_resource_cached in /home/kaiyaok2/PythonProjects/falcon/tests/test_middleware.py: 248.44525742530823
test_process_request_cached in /home/kaiyaok2/PythonProjects/falcon/tests/test_middleware.py: 248.53681206703186
test_process_request_cached in /home/kaiyaok2/PythonProjects/falcon/tests/test_middleware.py: 248.63033771514893
test_base_path_is_removed_before_routing in /home/kaiyaok2/PythonProjects/falcon/tests/test_middleware.py: 248.71063041687012
test_error_composed_before_resp_middleware_called in /home/kaiyaok2/PythonProjects/falcon/tests/test_middleware.py: 248.79781818389893
test_http_status_raised_from_error_handler in /home/kaiyaok2/PythonProjects/falcon/tests/test_middleware.py: 248.89266657829285
test_api_initialization_with_cors_enabled_and_middleware_param in /home/kaiyaok2/PythonProjects/falcon/tests/test_middleware.py: 248.9713008403778
test_api_initialization_with_cors_enabled_and_middleware_param in /home/kaiyaok2/PythonProjects/falcon/tests/test_middleware.py: 250.8545572757721
test_api_initialization_with_cors_enabled_and_middleware_param in /home/kaiyaok2/PythonProjects/falcon/tests/test_middleware.py: 250.96732831001282
test_api_initialization_with_cors_enabled_and_middleware_param in /home/kaiyaok2/PythonProjects/falcon/tests/test_middleware.py: 251.07402539253235
test_log_get_request in /home/kaiyaok2/PythonProjects/falcon/tests/test_middleware.py: 251.18129634857178
test_skip_process_resource in /home/kaiyaok2/PythonProjects/falcon/tests/test_middleware.py: 251.2790732383728
test_log_get_request in /home/kaiyaok2/PythonProjects/falcon/tests/test_middleware.py: 251.38469004631042
test_response_middleware_raises_exception in /home/kaiyaok2/PythonProjects/falcon/tests/test_middleware.py: 251.47832894325256
test_can_access_resource_params in /home/kaiyaok2/PythonProjects/falcon/tests/test_middleware.py: 251.59618043899536
test_can_access_resource_params in /home/kaiyaok2/PythonProjects/falcon/tests/test_middleware.py: 251.7531533241272
test_dont_need_params_in_signature in /home/kaiyaok2/PythonProjects/falcon/tests/test_middleware.py: 251.86561942100525
test_order_mw_executed_when_exception_in_resp in /home/kaiyaok2/PythonProjects/falcon/tests/test_middleware.py: 253.75172185897827
test_generate_trans_id_and_time_with_request in /home/kaiyaok2/PythonProjects/falcon/tests/test_middleware.py: 253.89197993278503
test_inner_mw_with_ex_handler_throw_exception in /home/kaiyaok2/PythonProjects/falcon/tests/test_middleware.py: 254.023442029953
test_middleware_execution_order in /home/kaiyaok2/PythonProjects/falcon/tests/test_middleware.py: 254.158038854599
test_generate_trans_id_and_time_with_request in /home/kaiyaok2/PythonProjects/falcon/tests/test_middleware.py: 254.25709104537964
test_order_independent_mw_executed_when_exception_in_req in /home/kaiyaok2/PythonProjects/falcon/tests/test_middleware.py: 254.35023546218872
test_order_mw_executed_when_exception_in_rsrc in /home/kaiyaok2/PythonProjects/falcon/tests/test_middleware.py: 254.43498587608337
test_order_independent_mw_executed_when_exception_in_rsrc in /home/kaiyaok2/PythonProjects/falcon/tests/test_middleware.py: 254.53293180465698
test_legacy_middleware_called_with_correct_args in /home/kaiyaok2/PythonProjects/falcon/tests/test_middleware.py: 254.61868000030518
test_multiple_response_mw_throw_exception in /home/kaiyaok2/PythonProjects/falcon/tests/test_middleware.py: 254.7415897846222
test_order_independent_mw_executed_when_exception_in_resp in /home/kaiyaok2/PythonProjects/falcon/tests/test_middleware.py: 256.572993516922
test_independent_middleware_execution_order in /home/kaiyaok2/PythonProjects/falcon/tests/test_middleware.py: 256.67921590805054
test_inner_mw_throw_exception_while_processing_resp in /home/kaiyaok2/PythonProjects/falcon/tests/test_middleware.py: 256.77515268325806
test_outer_mw_with_ex_handler_throw_exception in /home/kaiyaok2/PythonProjects/falcon/tests/test_middleware.py: 256.8700349330902
test_inner_mw_throw_exception in /home/kaiyaok2/PythonProjects/falcon/tests/test_middleware.py: 256.97267961502075
test_order_mw_executed_when_exception_in_req in /home/kaiyaok2/PythonProjects/falcon/tests/test_middleware.py: 257.0585653781891
test_caught_error_async in /home/kaiyaok2/PythonProjects/falcon/tests/test_error_handlers.py: 257.14513659477234
test_catch_http_no_route_error in /home/kaiyaok2/PythonProjects/falcon/tests/test_error_handlers.py: 257.2412624359131
test_path_must_start_with_slash in /home/kaiyaok2/PythonProjects/falcon/tests/test_utils.py: 257.36992835998535
test_query_string_in_path in /home/kaiyaok2/PythonProjects/falcon/tests/test_utils.py: 257.4907548427582
test_simulate_remote_addr in /home/kaiyaok2/PythonProjects/falcon/tests/test_utils.py: 259.39660000801086
test_default_headers_with_override in /home/kaiyaok2/PythonProjects/falcon/tests/test_utils.py: 259.53270649909973
test_simulate_hostname in /home/kaiyaok2/PythonProjects/falcon/tests/test_utils.py: 259.6824600696564
test_query_string in /home/kaiyaok2/PythonProjects/falcon/tests/test_utils.py: 259.80581426620483
test_simulate_remote_addr in /home/kaiyaok2/PythonProjects/falcon/tests/test_utils.py: 259.9319121837616
test_simulate_remote_addr in /home/kaiyaok2/PythonProjects/falcon/tests/test_utils.py: 260.0582892894745
test_status in /home/kaiyaok2/PythonProjects/falcon/tests/test_utils.py: 260.17852902412415
test_simulate_remote_addr in /home/kaiyaok2/PythonProjects/falcon/tests/test_utils.py: 261.96293544769287
test_override_method_with_extras in /home/kaiyaok2/PythonProjects/falcon/tests/test_utils.py: 262.1033160686493
test_cached_text_in_result in /home/kaiyaok2/PythonProjects/falcon/tests/test_utils.py: 262.22818303108215
test_query_string_no_question in /home/kaiyaok2/PythonProjects/falcon/tests/test_utils.py: 262.3530306816101
test_simulate_remote_addr in /home/kaiyaok2/PythonProjects/falcon/tests/test_utils.py: 262.4709267616272
test_default_headers in /home/kaiyaok2/PythonProjects/falcon/tests/test_utils.py: 262.62649059295654
test_allow_credential_list_or_str in /home/kaiyaok2/PythonProjects/falcon/tests/test_cors_middleware.py: 265.35144662857056
test_allow_origin in /home/kaiyaok2/PythonProjects/falcon/tests/test_cors_middleware.py: 265.4492926597595
test_allow_origin in /home/kaiyaok2/PythonProjects/falcon/tests/test_cors_middleware.py: 265.54015040397644
test_allow_credential_list_or_str in /home/kaiyaok2/PythonProjects/falcon/tests/test_cors_middleware.py: 265.6255910396576
test_expose_headers in /home/kaiyaok2/PythonProjects/falcon/tests/test_cors_middleware.py: 265.7120020389557
test_allow_credential_wildcard in /home/kaiyaok2/PythonProjects/falcon/tests/test_cors_middleware.py: 265.7998037338257
test_expose_headers in /home/kaiyaok2/PythonProjects/falcon/tests/test_cors_middleware.py: 265.8753969669342
test_allow_origin_allow_credential in /home/kaiyaok2/PythonProjects/falcon/tests/test_cors_middleware.py: 265.9640281200409
test_allow_origin in /home/kaiyaok2/PythonProjects/falcon/tests/test_cors_middleware.py: 266.052618265152
test_expose_headers in /home/kaiyaok2/PythonProjects/falcon/tests/test_cors_middleware.py: 266.1278603076935
test_allow_credential_existing_origin in /home/kaiyaok2/PythonProjects/falcon/tests/test_cors_middleware.py: 267.9818730354309
test_enabled_cors_should_accept_all_origins_requests in /home/kaiyaok2/PythonProjects/falcon/tests/test_cors_middleware.py: 268.0685348510742
test_enabled_cors_handles_preflighting_no_headers_in_req in /home/kaiyaok2/PythonProjects/falcon/tests/test_cors_middleware.py: 268.17389273643494
test_disabled_cors_should_not_add_any_extra_headers in /home/kaiyaok2/PythonProjects/falcon/tests/test_cors_middleware.py: 268.2586495876312
test_enabled_cors_no_origin in /home/kaiyaok2/PythonProjects/falcon/tests/test_cors_middleware.py: 268.34371995925903
test_enabled_cors_should_add_extra_headers_on_response in /home/kaiyaok2/PythonProjects/falcon/tests/test_cors_middleware.py: 268.43309926986694
test_enabled_cors_handles_preflighting in /home/kaiyaok2/PythonProjects/falcon/tests/test_cors_middleware.py: 268.5340838432312
test_content_length_set_on_head_with_no_body in /home/kaiyaok2/PythonProjects/falcon/tests/test_response_body.py: 268.61021304130554
test_unsupported_response_content_type in /home/kaiyaok2/PythonProjects/falcon/tests/test_response_body.py: 268.68394804000854
test_response_body_rendition_error in /home/kaiyaok2/PythonProjects/falcon/tests/test_response_body.py: 268.7540442943573
