test_stream_has_private_read in /home/kaiyaok2/PythonProjects/falcon/tests/test_cython.py: 0.6832754611968994
test_imported_from_c_modules in /home/kaiyaok2/PythonProjects/falcon/tests/test_cython.py: 0.689368724822998
test_jsonchema_validator in /home/kaiyaok2/PythonProjects/falcon/tests/asgi/test_cythonized_asgi.py: 2.051004648208618
test_hooks in /home/kaiyaok2/PythonProjects/falcon/tests/asgi/test_cythonized_asgi.py: 2.157794713973999
test_allow_credential_list_or_str in /home/kaiyaok2/PythonProjects/falcon/tests/test_cors_middleware.py: 2.249605178833008
test_allow_credential_wildcard in /home/kaiyaok2/PythonProjects/falcon/tests/test_cors_middleware.py: 3.8220746517181396
test_expose_headers in /home/kaiyaok2/PythonProjects/falcon/tests/test_cors_middleware.py: 3.947598457336426
test_allow_origin_allow_credential in /home/kaiyaok2/PythonProjects/falcon/tests/test_cors_middleware.py: 4.044282913208008
test_expose_headers in /home/kaiyaok2/PythonProjects/falcon/tests/test_cors_middleware.py: 4.118239641189575
test_allow_credential_list_or_str in /home/kaiyaok2/PythonProjects/falcon/tests/test_cors_middleware.py: 4.193948984146118
test_allow_credential_existing_origin in /home/kaiyaok2/PythonProjects/falcon/tests/test_cors_middleware.py: 4.26677131652832
test_allow_origin in /home/kaiyaok2/PythonProjects/falcon/tests/test_cors_middleware.py: 4.3344762325286865
test_allow_origin in /home/kaiyaok2/PythonProjects/falcon/tests/test_cors_middleware.py: 4.42868709564209
test_allow_origin in /home/kaiyaok2/PythonProjects/falcon/tests/test_cors_middleware.py: 4.497521638870239
test_expose_headers in /home/kaiyaok2/PythonProjects/falcon/tests/test_cors_middleware.py: 4.568848371505737
test_enabled_cors_handles_preflighting_no_headers_in_req in /home/kaiyaok2/PythonProjects/falcon/tests/test_cors_middleware.py: 6.152665138244629
test_enabled_cors_handles_preflighting in /home/kaiyaok2/PythonProjects/falcon/tests/test_cors_middleware.py: 6.226539134979248
test_enabled_cors_should_accept_all_origins_requests in /home/kaiyaok2/PythonProjects/falcon/tests/test_cors_middleware.py: 6.295053958892822
test_enabled_cors_no_origin in /home/kaiyaok2/PythonProjects/falcon/tests/test_cors_middleware.py: 6.367811679840088
test_enabled_cors_should_add_extra_headers_on_response in /home/kaiyaok2/PythonProjects/falcon/tests/test_cors_middleware.py: 6.453201770782471
test_disabled_cors_should_not_add_any_extra_headers in /home/kaiyaok2/PythonProjects/falcon/tests/test_cors_middleware.py: 6.520977020263672
test_route_precedence_with_id in /home/kaiyaok2/PythonProjects/falcon/tests/test_sinks.py: 9.734990119934082
test_route_precedence in /home/kaiyaok2/PythonProjects/falcon/tests/test_sinks.py: 9.841718196868896
test_with_route in /home/kaiyaok2/PythonProjects/falcon/tests/test_sinks.py: 11.429559230804443
test_route_precedence_with_both_id in /home/kaiyaok2/PythonProjects/falcon/tests/test_sinks.py: 11.527839660644531
test_add_sync_sink_with_wrapping in /home/kaiyaok2/PythonProjects/falcon/tests/test_sinks.py: 11.569843053817749
test_unset_cookies in /home/kaiyaok2/PythonProjects/falcon/tests/test_cookies.py: 24.39189839363098
test_response_disable_secure_globally in /home/kaiyaok2/PythonProjects/falcon/tests/test_cookies.py: 24.49752902984619
test_response_base_case in /home/kaiyaok2/PythonProjects/falcon/tests/test_cookies.py: 24.58912706375122
test_same_site_empty_string in /home/kaiyaok2/PythonProjects/falcon/tests/test_cookies.py: 24.683585166931152
test_cookie_max_age_float_and_string in /home/kaiyaok2/PythonProjects/falcon/tests/test_cookies.py: 24.796308279037476
test_unset_cookies_samesite in /home/kaiyaok2/PythonProjects/falcon/tests/test_cookies.py: 24.925837993621826
test_cookie_expires_naive in /home/kaiyaok2/PythonProjects/falcon/tests/test_cookies.py: 25.002407789230347
test_cookie_max_age_float_and_string in /home/kaiyaok2/PythonProjects/falcon/tests/test_cookies.py: 25.08259606361389
test_none_same_site_value in /home/kaiyaok2/PythonProjects/falcon/tests/test_cookies.py: 26.769957065582275
test_cookie_expires_aware in /home/kaiyaok2/PythonProjects/falcon/tests/test_cookies.py: 26.879076719284058
test_cookies_setable in /home/kaiyaok2/PythonProjects/falcon/tests/test_cookies.py: 26.9582302570343
test_response_unset_cookie in /home/kaiyaok2/PythonProjects/falcon/tests/test_cookies.py: 27.04163098335266
test_lax_same_site_value in /home/kaiyaok2/PythonProjects/falcon/tests/test_cookies.py: 27.12065052986145
test_strict_same_site_value in /home/kaiyaok2/PythonProjects/falcon/tests/test_cookies.py: 27.21218204498291
test_response_complex_case in /home/kaiyaok2/PythonProjects/falcon/tests/test_cookies.py: 27.289735794067383
test_cookie_timezone in /home/kaiyaok2/PythonProjects/falcon/tests/test_cookies.py: 28.866493701934814
test_client_simulate_aliases in /home/kaiyaok2/PythonProjects/falcon/tests/test_testing.py: 28.938802480697632
test_client_simulate_aliases in /home/kaiyaok2/PythonProjects/falcon/tests/test_testing.py: 28.967398643493652
test_client_simulate_aliases in /home/kaiyaok2/PythonProjects/falcon/tests/test_testing.py: 28.99398946762085
test_client_simulate_aliases in /home/kaiyaok2/PythonProjects/falcon/tests/test_testing.py: 29.067484617233276
test_client_simulate_aliases in /home/kaiyaok2/PythonProjects/falcon/tests/test_testing.py: 29.111287832260132
test_client_simulate_aliases in /home/kaiyaok2/PythonProjects/falcon/tests/test_testing.py: 29.142070055007935
test_client_simulate_aliases in /home/kaiyaok2/PythonProjects/falcon/tests/test_testing.py: 29.19471764564514
test_client_simulate_aliases in /home/kaiyaok2/PythonProjects/falcon/tests/test_testing.py: 29.246397972106934
test_resource_with_uri_fields in /home/kaiyaok2/PythonProjects/falcon/tests/test_after_hooks.py: 30.736136436462402
test_wrapped_resource in /home/kaiyaok2/PythonProjects/falcon/tests/test_after_hooks.py: 30.817869424819946
test_resource_with_uri_fields in /home/kaiyaok2/PythonProjects/falcon/tests/test_after_hooks.py: 30.890299320220947
test_wrapped_resource in /home/kaiyaok2/PythonProjects/falcon/tests/test_after_hooks.py: 30.972774028778076
test_wrapped_resource_with_hooks_aware_of_resource in /home/kaiyaok2/PythonProjects/falcon/tests/test_after_hooks.py: 31.051761627197266
test_method_not_allowed_with_param in /home/kaiyaok2/PythonProjects/falcon/tests/test_http_method_routing.py: 31.160533905029297
test_unset_header in /home/kaiyaok2/PythonProjects/falcon/tests/test_headers.py: 54.07830238342285
test_with_and_without_trailing_slash in /home/kaiyaok2/PythonProjects/falcon/tests/test_uri_templates.py: 54.20053148269653
test_datetime_converter in /home/kaiyaok2/PythonProjects/falcon/tests/test_uri_templates.py: 56.146920919418335
test_datetime_converter in /home/kaiyaok2/PythonProjects/falcon/tests/test_uri_templates.py: 56.246784687042236
test_int_converter_rejections in /home/kaiyaok2/PythonProjects/falcon/tests/test_uri_templates.py: 56.32893180847168
test_uuid_converter in /home/kaiyaok2/PythonProjects/falcon/tests/test_uri_templates.py: 56.40897035598755
test_uuid_converter in /home/kaiyaok2/PythonProjects/falcon/tests/test_uri_templates.py: 56.496752977371216
test_with_and_without_trailing_slash in /home/kaiyaok2/PythonProjects/falcon/tests/test_uri_templates.py: 56.58329772949219
test_converter_custom in /home/kaiyaok2/PythonProjects/falcon/tests/test_uri_templates.py: 56.67768836021423
test_root_path in /home/kaiyaok2/PythonProjects/falcon/tests/test_uri_templates.py: 56.77256917953491
test_int_converter_rejections in /home/kaiyaok2/PythonProjects/falcon/tests/test_uri_templates.py: 58.52032709121704
test_float_converter in /home/kaiyaok2/PythonProjects/falcon/tests/test_uri_templates.py: 58.6188600063324
test_float_converter in /home/kaiyaok2/PythonProjects/falcon/tests/test_uri_templates.py: 58.71745252609253
test_single_path_segment in /home/kaiyaok2/PythonProjects/falcon/tests/test_uri_templates.py: 58.83531308174133
test_float_converter in /home/kaiyaok2/PythonProjects/falcon/tests/test_uri_templates.py: 58.97317099571228
test_single in /home/kaiyaok2/PythonProjects/falcon/tests/test_uri_templates.py: 59.12492513656616
test_datetime_converter in /home/kaiyaok2/PythonProjects/falcon/tests/test_uri_templates.py: 59.251680850982666
test_no_vars in /home/kaiyaok2/PythonProjects/falcon/tests/test_uri_templates.py: 59.436811447143555
test_float_converter_non_finite_allowed in /home/kaiyaok2/PythonProjects/falcon/tests/test_uri_templates.py: 61.46845102310181
test_single in /home/kaiyaok2/PythonProjects/falcon/tests/test_uri_templates.py: 61.56212759017944
test_single in /home/kaiyaok2/PythonProjects/falcon/tests/test_uri_templates.py: 61.6683452129364
test_float_converter in /home/kaiyaok2/PythonProjects/falcon/tests/test_uri_templates.py: 61.7727108001709
test_multiple in /home/kaiyaok2/PythonProjects/falcon/tests/test_uri_templates.py: 61.87737417221069
test_float_converter in /home/kaiyaok2/PythonProjects/falcon/tests/test_uri_templates.py: 61.97743225097656
test_float_converter in /home/kaiyaok2/PythonProjects/falcon/tests/test_uri_templates.py: 62.09595727920532
test_int_converter in /home/kaiyaok2/PythonProjects/falcon/tests/test_uri_templates.py: 62.189374923706055
test_same_level_complex_var in /home/kaiyaok2/PythonProjects/falcon/tests/test_uri_templates.py: 62.287686824798584
test_int_converter in /home/kaiyaok2/PythonProjects/falcon/tests/test_uri_templates.py: 63.98312211036682
test_float_converter in /home/kaiyaok2/PythonProjects/falcon/tests/test_uri_templates.py: 64.08888292312622
test_float_converter in /home/kaiyaok2/PythonProjects/falcon/tests/test_uri_templates.py: 64.17280077934265
test_single_trailing_slash in /home/kaiyaok2/PythonProjects/falcon/tests/test_uri_templates.py: 64.28416275978088
test_special_chars in /home/kaiyaok2/PythonProjects/falcon/tests/test_uri_templates.py: 64.36266732215881
test_converter_custom in /home/kaiyaok2/PythonProjects/falcon/tests/test_uri_templates.py: 64.44860625267029
test_float_converter in /home/kaiyaok2/PythonProjects/falcon/tests/test_uri_templates.py: 64.52982234954834
test_uuid_converter in /home/kaiyaok2/PythonProjects/falcon/tests/test_uri_templates.py: 64.61717224121094
test_uuid_converter in /home/kaiyaok2/PythonProjects/falcon/tests/test_uri_templates.py: 64.71975111961365
test_uuid_converter in /home/kaiyaok2/PythonProjects/falcon/tests/test_uri_templates.py: 66.80794668197632
test_float_converter in /home/kaiyaok2/PythonProjects/falcon/tests/test_uri_templates.py: 66.92309474945068
test_float_converter in /home/kaiyaok2/PythonProjects/falcon/tests/test_uri_templates.py: 67.0210816860199
test_uuid_converter in /home/kaiyaok2/PythonProjects/falcon/tests/test_uri_templates.py: 67.13806200027466
test_float_converter_non_finite_disallowed in /home/kaiyaok2/PythonProjects/falcon/tests/test_uri_templates.py: 67.25343227386475
test_float_converter_non_finite_allowed in /home/kaiyaok2/PythonProjects/falcon/tests/test_uri_templates.py: 67.37339949607849
test_same_level_complex_var in /home/kaiyaok2/PythonProjects/falcon/tests/test_uri_templates.py: 67.48708653450012
test_float_converter in /home/kaiyaok2/PythonProjects/falcon/tests/test_uri_templates.py: 67.58356881141663
test_datetime_converter in /home/kaiyaok2/PythonProjects/falcon/tests/test_uri_templates.py: 69.37790584564209
test_int_converter in /home/kaiyaok2/PythonProjects/falcon/tests/test_uri_templates.py: 69.47105646133423
test_adding_suffix_routes in /home/kaiyaok2/PythonProjects/falcon/tests/test_uri_templates.py: 69.55678033828735
test_float_converter_non_finite_allowed in /home/kaiyaok2/PythonProjects/falcon/tests/test_uri_templates.py: 69.67028093338013
test_int_converter_rejections in /home/kaiyaok2/PythonProjects/falcon/tests/test_uri_templates.py: 69.75847697257996
test_int_converter in /home/kaiyaok2/PythonProjects/falcon/tests/test_uri_templates.py: 69.84477281570435
test_uuid_converter_complex_segment in /home/kaiyaok2/PythonProjects/falcon/tests/test_uri_templates.py: 69.94203639030457
test_converter_custom in /home/kaiyaok2/PythonProjects/falcon/tests/test_uri_templates.py: 70.02965021133423
test_invalid_add_exception_handler_input in /home/kaiyaok2/PythonProjects/falcon/tests/test_error_handlers.py: 72.01568818092346
test_error_precedence_subclass in /home/kaiyaok2/PythonProjects/falcon/tests/test_error_handlers.py: 74.12209272384644
test_handler_single_exception_iterable in /home/kaiyaok2/PythonProjects/falcon/tests/test_error_handlers.py: 74.19545698165894
test_handler_multiple_exception_iterable in /home/kaiyaok2/PythonProjects/falcon/tests/test_error_handlers.py: 74.26867151260376
test_error_precedence_subclass_order_indifference in /home/kaiyaok2/PythonProjects/falcon/tests/test_error_handlers.py: 74.36249709129333
test_caught_error in /home/kaiyaok2/PythonProjects/falcon/tests/test_error_handlers.py: 74.4724133014679
test_subclass_error in /home/kaiyaok2/PythonProjects/falcon/tests/test_error_handlers.py: 74.60989308357239
test_invalid_add_exception_handler_input in /home/kaiyaok2/PythonProjects/falcon/tests/test_error_handlers.py: 74.71000909805298
test_handler_multiple_exception_iterable in /home/kaiyaok2/PythonProjects/falcon/tests/test_error_handlers.py: 74.80496072769165
test_handle_not_defined in /home/kaiyaok2/PythonProjects/falcon/tests/test_error_handlers.py: 76.488760471344
test_invalid_add_exception_handler_input in /home/kaiyaok2/PythonProjects/falcon/tests/test_error_handlers.py: 76.58687114715576
test_invalid_add_exception_handler_input in /home/kaiyaok2/PythonProjects/falcon/tests/test_error_handlers.py: 76.67427682876587
test_error_precedence_duplicate in /home/kaiyaok2/PythonProjects/falcon/tests/test_error_handlers.py: 76.74960660934448
test_uncaught_error in /home/kaiyaok2/PythonProjects/falcon/tests/test_error_handlers.py: 76.88331341743469
test_caught_error_async in /home/kaiyaok2/PythonProjects/falcon/tests/test_error_handlers.py: 76.97717308998108
test_uncaught_error_else in /home/kaiyaok2/PythonProjects/falcon/tests/test_error_handlers.py: 77.08073544502258
test_catch_http_no_route_error in /home/kaiyaok2/PythonProjects/falcon/tests/test_error_handlers.py: 77.15462875366211
test_uncaught_python_error in /home/kaiyaok2/PythonProjects/falcon/tests/test_error_handlers.py: 77.23008918762207
test_converted_error in /home/kaiyaok2/PythonProjects/falcon/tests/test_error_handlers.py: 78.91215562820435
test_uncaught_python_error in /home/kaiyaok2/PythonProjects/falcon/tests/test_error_handlers.py: 79.0170783996582
test_uncaught_python_error in /home/kaiyaok2/PythonProjects/falcon/tests/test_error_handlers.py: 79.13062906265259
test_body_is_set in /home/kaiyaok2/PythonProjects/falcon/tests/test_error_handlers.py: 79.21894550323486
test_data_is_set in /home/kaiyaok2/PythonProjects/falcon/tests/test_error_handlers.py: 79.29496431350708
test_media_is_set in /home/kaiyaok2/PythonProjects/falcon/tests/test_error_handlers.py: 79.36855459213257
test_media_is_set in /home/kaiyaok2/PythonProjects/falcon/tests/test_error_handlers.py: 79.45576071739197
test_data_is_set in /home/kaiyaok2/PythonProjects/falcon/tests/test_error_handlers.py: 79.53530383110046
test_body_is_set in /home/kaiyaok2/PythonProjects/falcon/tests/test_error_handlers.py: 79.62407803535461
test_redirect in /home/kaiyaok2/PythonProjects/falcon/tests/test_redirects.py: 114.03619432449341
test_redirect in /home/kaiyaok2/PythonProjects/falcon/tests/test_redirects.py: 114.11274814605713
test_redirect_with_headers in /home/kaiyaok2/PythonProjects/falcon/tests/test_redirects.py: 114.20898342132568
test_redirect in /home/kaiyaok2/PythonProjects/falcon/tests/test_redirects.py: 114.31979298591614
test_redirect in /home/kaiyaok2/PythonProjects/falcon/tests/test_redirects.py: 114.43848371505737
test_redirect_with_headers in /home/kaiyaok2/PythonProjects/falcon/tests/test_redirects.py: 116.10617852210999
test_redirect_with_headers in /home/kaiyaok2/PythonProjects/falcon/tests/test_redirects.py: 116.17920660972595
test_redirect_with_headers in /home/kaiyaok2/PythonProjects/falcon/tests/test_redirects.py: 116.24702262878418
test_redirect_with_headers in /home/kaiyaok2/PythonProjects/falcon/tests/test_redirects.py: 116.33038806915283
test_redirect in /home/kaiyaok2/PythonProjects/falcon/tests/test_redirects.py: 116.4021520614624
test_title_default_message_if_none in /home/kaiyaok2/PythonProjects/falcon/tests/test_httperror.py: 116.54813957214355
test_custom_error_serializer_optional_representation in /home/kaiyaok2/PythonProjects/falcon/tests/test_httperror.py: 116.6507830619812
test_416 in /home/kaiyaok2/PythonProjects/falcon/tests/test_httperror.py: 116.74005436897278
test_client_does_not_accept_anything in /home/kaiyaok2/PythonProjects/falcon/tests/test_httperror.py: 116.84123659133911
test_forbidden in /home/kaiyaok2/PythonProjects/falcon/tests/test_httperror.py: 118.5031406879425
test_414_with_title in /home/kaiyaok2/PythonProjects/falcon/tests/test_httperror.py: 118.60404229164124
test_missing_header in /home/kaiyaok2/PythonProjects/falcon/tests/test_httperror.py: 118.69768595695496
test_413 in /home/kaiyaok2/PythonProjects/falcon/tests/test_httperror.py: 118.81051468849182
test_405_without_body in /home/kaiyaok2/PythonProjects/falcon/tests/test_httperror.py: 118.90396356582642
test_414_with_custom_kwargs in /home/kaiyaok2/PythonProjects/falcon/tests/test_httperror.py: 119.01437735557556
test_401 in /home/kaiyaok2/PythonProjects/falcon/tests/test_httperror.py: 119.11193132400513
test_custom_error_serializer_optional_representation in /home/kaiyaok2/PythonProjects/falcon/tests/test_httperror.py: 119.20402431488037
test_title_default_message_if_none in /home/kaiyaok2/PythonProjects/falcon/tests/test_httperror.py: 120.9105613231659
test_414_with_description in /home/kaiyaok2/PythonProjects/falcon/tests/test_httperror.py: 121.04670405387878
test_429_datetime in /home/kaiyaok2/PythonProjects/falcon/tests/test_httperror.py: 121.1384003162384
test_epic_fail_xml in /home/kaiyaok2/PythonProjects/falcon/tests/test_httperror.py: 121.22422909736633
test_forbidden in /home/kaiyaok2/PythonProjects/falcon/tests/test_httperror.py: 121.31752443313599
test_epic_fail_xml in /home/kaiyaok2/PythonProjects/falcon/tests/test_httperror.py: 121.40965580940247
test_forbidden in /home/kaiyaok2/PythonProjects/falcon/tests/test_httperror.py: 121.49742197990417
test_base_class in /home/kaiyaok2/PythonProjects/falcon/tests/test_httperror.py: 123.11018967628479
test_custom_error_serializer_optional_representation in /home/kaiyaok2/PythonProjects/falcon/tests/test_httperror.py: 123.2057888507843
test_unicode_xml in /home/kaiyaok2/PythonProjects/falcon/tests/test_httperror.py: 123.30466389656067
test_missing_param in /home/kaiyaok2/PythonProjects/falcon/tests/test_httperror.py: 123.40040874481201
test_client_does_not_accept_json_or_xml in /home/kaiyaok2/PythonProjects/falcon/tests/test_httperror.py: 123.49783110618591
test_epic_fail_xml in /home/kaiyaok2/PythonProjects/falcon/tests/test_httperror.py: 123.59947657585144
test_404_with_body in /home/kaiyaok2/PythonProjects/falcon/tests/test_httperror.py: 123.748215675354
test_epic_fail_json in /home/kaiyaok2/PythonProjects/falcon/tests/test_httperror.py: 123.90526294708252
test_title_default_message_if_none in /home/kaiyaok2/PythonProjects/falcon/tests/test_httperror.py: 125.68540358543396
test_429_no_retry_after in /home/kaiyaok2/PythonProjects/falcon/tests/test_httperror.py: 125.78775668144226
test_serialize_no_json_media_handler in /home/kaiyaok2/PythonProjects/falcon/tests/test_httperror.py: 125.96382260322571
test_429 in /home/kaiyaok2/PythonProjects/falcon/tests/test_httperror.py: 126.05859923362732
test_414 in /home/kaiyaok2/PythonProjects/falcon/tests/test_httperror.py: 126.2065052986145
test_503_datetime_retry_after in /home/kaiyaok2/PythonProjects/falcon/tests/test_httperror.py: 126.32349467277527
test_503_integer_retry_after in /home/kaiyaok2/PythonProjects/falcon/tests/test_httperror.py: 126.42771768569946
test_custom_error_serializer in /home/kaiyaok2/PythonProjects/falcon/tests/test_httperror.py: 128.0814175605774
test_410_without_body in /home/kaiyaok2/PythonProjects/falcon/tests/test_httperror.py: 128.184672832489
test_serialize_error_uses_media_handler in /home/kaiyaok2/PythonProjects/falcon/tests/test_httperror.py: 128.27389574050903
test_epic_fail_xml in /home/kaiyaok2/PythonProjects/falcon/tests/test_httperror.py: 128.36956906318665
test_invalid_header in /home/kaiyaok2/PythonProjects/falcon/tests/test_httperror.py: 128.4674677848816
test_no_description_xml in /home/kaiyaok2/PythonProjects/falcon/tests/test_httperror.py: 128.5567660331726
test_405_without_body_with_extra_headers in /home/kaiyaok2/PythonProjects/falcon/tests/test_httperror.py: 128.64346647262573
test_410_with_body in /home/kaiyaok2/PythonProjects/falcon/tests/test_httperror.py: 128.7413890361786
test_title_default_message_if_none in /home/kaiyaok2/PythonProjects/falcon/tests/test_httperror.py: 130.42399072647095
test_custom_error_serializer_optional_representation in /home/kaiyaok2/PythonProjects/falcon/tests/test_httperror.py: 130.52524089813232
test_404_without_body in /home/kaiyaok2/PythonProjects/falcon/tests/test_httperror.py: 130.61348295211792
test_temporary_413_datetime_retry_after in /home/kaiyaok2/PythonProjects/falcon/tests/test_httperror.py: 130.69885635375977
test_405_without_body_with_extra_headers_double_check in /home/kaiyaok2/PythonProjects/falcon/tests/test_httperror.py: 130.78990983963013
test_no_description_json in /home/kaiyaok2/PythonProjects/falcon/tests/test_httperror.py: 130.8877453804016
test_temporary_413_integer_retry_after in /home/kaiyaok2/PythonProjects/falcon/tests/test_httperror.py: 130.97589707374573
test_title_default_message_if_none in /home/kaiyaok2/PythonProjects/falcon/tests/test_httperror.py: 131.06556510925293
test_invalid_param in /home/kaiyaok2/PythonProjects/falcon/tests/test_httperror.py: 132.65888714790344
test_misc in /home/kaiyaok2/PythonProjects/falcon/tests/test_httperror.py: 132.77140855789185
test_411 in /home/kaiyaok2/PythonProjects/falcon/tests/test_httperror.py: 132.87729358673096
test_unicode_json in /home/kaiyaok2/PythonProjects/falcon/tests/test_httperror.py: 132.99763584136963
test_title_default_message_if_none in /home/kaiyaok2/PythonProjects/falcon/tests/test_httperror.py: 133.12826991081238
test_405_with_body in /home/kaiyaok2/PythonProjects/falcon/tests/test_httperror.py: 133.2416672706604
test_custom_serializer_no_representation in /home/kaiyaok2/PythonProjects/falcon/tests/test_httperror.py: 133.35605549812317
test_bar in /home/kaiyaok2/PythonProjects/falcon/tests/test_http_custom_method_routing.py: 137.8210906982422
test_foo in /home/kaiyaok2/PythonProjects/falcon/tests/test_http_custom_method_routing.py: 139.45388340950012
test_map_http_methods in /home/kaiyaok2/PythonProjects/falcon/tests/test_http_custom_method_routing.py: 139.54753255844116
test_report in /home/kaiyaok2/PythonProjects/falcon/tests/test_http_method_routing.py: 140.15651655197144
test_on_options in /home/kaiyaok2/PythonProjects/falcon/tests/test_http_method_routing.py: 140.24257278442383
test_post_not_allowed in /home/kaiyaok2/PythonProjects/falcon/tests/test_http_method_routing.py: 140.32516860961914
test_default_on_options in /home/kaiyaok2/PythonProjects/falcon/tests/test_http_method_routing.py: 140.4046356678009
test_put in /home/kaiyaok2/PythonProjects/falcon/tests/test_http_method_routing.py: 140.48434805870056
test_misc in /home/kaiyaok2/PythonProjects/falcon/tests/test_http_method_routing.py: 140.60665702819824
test_methods_not_allowed_simple in /home/kaiyaok2/PythonProjects/falcon/tests/test_http_method_routing.py: 140.70265221595764
test_get in /home/kaiyaok2/PythonProjects/falcon/tests/test_http_method_routing.py: 140.7960021495819
test_methods_not_allowed_complex in /home/kaiyaok2/PythonProjects/falcon/tests/test_http_method_routing.py: 142.37997007369995
test_meta_and_others_disallowed in /home/kaiyaok2/PythonProjects/falcon/tests/test_http_method_routing.py: 142.45326137542725
test_meta_and_others_disallowed in /home/kaiyaok2/PythonProjects/falcon/tests/test_http_method_routing.py: 142.52509665489197
test_middleware in /home/kaiyaok2/PythonProjects/falcon/tests/test_inspect.py: 144.05272126197815
test_sink in /home/kaiyaok2/PythonProjects/falcon/tests/test_inspect.py: 144.17566347122192
test_static_routes in /home/kaiyaok2/PythonProjects/falcon/tests/test_inspect.py: 144.26337218284607
test_middleware_tree in /home/kaiyaok2/PythonProjects/falcon/tests/test_inspect.py: 144.32712125778198
test_routes in /home/kaiyaok2/PythonProjects/falcon/tests/test_inspect.py: 144.39179301261902
test_app in /home/kaiyaok2/PythonProjects/falcon/tests/test_inspect.py: 144.47556257247925
test_error_handler in /home/kaiyaok2/PythonProjects/falcon/tests/test_inspect.py: 144.53834414482117
test_http_methods_body_not_expected in /home/kaiyaok2/PythonProjects/falcon/tests/test_query_params.py: 146.92291975021362
test_http_methods_body_expected in /home/kaiyaok2/PythonProjects/falcon/tests/test_query_params.py: 147.0492901802063
test_http_methods_body_expected in /home/kaiyaok2/PythonProjects/falcon/tests/test_query_params.py: 147.16966223716736
test_empty_body_no_content_length in /home/kaiyaok2/PythonProjects/falcon/tests/test_query_params.py: 147.28478240966797
test_empty_body in /home/kaiyaok2/PythonProjects/falcon/tests/test_query_params.py: 147.39728808403015
test_http_methods_body_expected in /home/kaiyaok2/PythonProjects/falcon/tests/test_query_params.py: 147.5554916858673
test_explicitly_disable_auto_parse in /home/kaiyaok2/PythonProjects/falcon/tests/test_query_params.py: 147.67029428482056
test_asgi_raises_error in /home/kaiyaok2/PythonProjects/falcon/tests/test_query_params.py: 149.3308928012848
test_non_ascii in /home/kaiyaok2/PythonProjects/falcon/tests/test_query_params.py: 149.44434428215027
test_http_methods_body_expected in /home/kaiyaok2/PythonProjects/falcon/tests/test_query_params.py: 149.57351517677307
test_http_methods_body_expected in /home/kaiyaok2/PythonProjects/falcon/tests/test_query_params.py: 149.68034195899963
test_http_methods_body_not_expected in /home/kaiyaok2/PythonProjects/falcon/tests/test_query_params.py: 149.7904016971588
test_dont_auto_parse_by_default in /home/kaiyaok2/PythonProjects/falcon/tests/test_query_params.py: 149.9062421321869
test_int in /home/kaiyaok2/PythonProjects/falcon/tests/test_query_params.py: 151.76561307907104
test_get_dict_valid in /home/kaiyaok2/PythonProjects/falcon/tests/test_query_params.py: 151.93376922607422
test_percent_encoded in /home/kaiyaok2/PythonProjects/falcon/tests/test_query_params.py: 152.06382513046265
test_required in /home/kaiyaok2/PythonProjects/falcon/tests/test_query_params.py: 152.18249225616455
test_multiple_form_keys in /home/kaiyaok2/PythonProjects/falcon/tests/test_query_params.py: 152.33853816986084
test_list_type_blank in /home/kaiyaok2/PythonProjects/falcon/tests/test_query_params.py: 154.12047815322876
test_multiple_form_keys_as_list in /home/kaiyaok2/PythonProjects/falcon/tests/test_query_params.py: 154.22352480888367
test_multiple_keys_as_float in /home/kaiyaok2/PythonProjects/falcon/tests/test_query_params.py: 154.35598587989807
test_required in /home/kaiyaok2/PythonProjects/falcon/tests/test_query_params.py: 154.47604203224182
test_get_datetime_invalid in /home/kaiyaok2/PythonProjects/falcon/tests/test_query_params.py: 154.6054437160492
test_option_auto_parse_qs_csv_multiple_fields_true in /home/kaiyaok2/PythonProjects/falcon/tests/test_query_params.py: 154.7512023448944
test_get_dict_valid in /home/kaiyaok2/PythonProjects/falcon/tests/test_query_params.py: 154.8961501121521
test_get_dict_invalid in /home/kaiyaok2/PythonProjects/falcon/tests/test_query_params.py: 156.68183517456055
test_percent_encoded in /home/kaiyaok2/PythonProjects/falcon/tests/test_query_params.py: 156.79423213005066
test_multiple_keys_as_bool in /home/kaiyaok2/PythonProjects/falcon/tests/test_query_params.py: 156.93219685554504
test_multiple_form_keys_as_list in /home/kaiyaok2/PythonProjects/falcon/tests/test_query_params.py: 157.05141139030457
test_none in /home/kaiyaok2/PythonProjects/falcon/tests/test_query_params.py: 157.16904258728027
test_allowed_names in /home/kaiyaok2/PythonProjects/falcon/tests/test_query_params.py: 157.29084849357605
test_get_dict_invalid in /home/kaiyaok2/PythonProjects/falcon/tests/test_query_params.py: 157.4219000339508
test_get_datetime_missing_param in /home/kaiyaok2/PythonProjects/falcon/tests/test_query_params.py: 159.0622911453247
test_required in /home/kaiyaok2/PythonProjects/falcon/tests/test_query_params.py: 159.17185878753662
test_option_auto_parse_qs_csv_multiple_fields_true in /home/kaiyaok2/PythonProjects/falcon/tests/test_query_params.py: 159.29498624801636
test_option_auto_parse_qs_csv_multiple_fields_true in /home/kaiyaok2/PythonProjects/falcon/tests/test_query_params.py: 159.40306687355042
test_get_datetime_valid in /home/kaiyaok2/PythonProjects/falcon/tests/test_query_params.py: 159.51874995231628
test_option_auto_parse_qs_csv_multiple_fields_true in /home/kaiyaok2/PythonProjects/falcon/tests/test_query_params.py: 159.63069915771484
test_option_auto_parse_qs_csv_multiple_fields_false in /home/kaiyaok2/PythonProjects/falcon/tests/test_query_params.py: 161.2188458442688
test_required in /home/kaiyaok2/PythonProjects/falcon/tests/test_query_params.py: 161.33338236808777
test_get_dict_missing_param in /home/kaiyaok2/PythonProjects/falcon/tests/test_query_params.py: 161.4375946521759
test_list_type in /home/kaiyaok2/PythonProjects/falcon/tests/test_query_params.py: 161.55265140533447
test_get_dict_missing_param in /home/kaiyaok2/PythonProjects/falcon/tests/test_query_params.py: 161.66295504570007
test_required in /home/kaiyaok2/PythonProjects/falcon/tests/test_query_params.py: 161.77251267433167
test_option_auto_parse_qs_csv_multiple_fields_true in /home/kaiyaok2/PythonProjects/falcon/tests/test_query_params.py: 161.8750958442688
test_option_auto_parse_qs_csv_multiple_fields_true in /home/kaiyaok2/PythonProjects/falcon/tests/test_query_params.py: 163.8498432636261
test_get_param_as_json_no_handler_json in /home/kaiyaok2/PythonProjects/falcon/tests/test_query_params.py: 163.98857426643372
test_get_dict_store in /home/kaiyaok2/PythonProjects/falcon/tests/test_query_params.py: 164.09010004997253
test_option_auto_parse_qs_csv_simple_false in /home/kaiyaok2/PythonProjects/falcon/tests/test_query_params.py: 164.20349669456482
test_list_type in /home/kaiyaok2/PythonProjects/falcon/tests/test_query_params.py: 164.30753827095032
test_blank in /home/kaiyaok2/PythonProjects/falcon/tests/test_query_params.py: 164.43854761123657
test_int_neg in /home/kaiyaok2/PythonProjects/falcon/tests/test_query_params.py: 164.58240580558777
test_uuid in /home/kaiyaok2/PythonProjects/falcon/tests/test_query_params.py: 166.56741404533386
test_get_date_missing_param in /home/kaiyaok2/PythonProjects/falcon/tests/test_query_params.py: 166.68866062164307
test_option_auto_parse_qs_csv_multiple_fields_true in /home/kaiyaok2/PythonProjects/falcon/tests/test_query_params.py: 166.803288936615
test_option_auto_parse_qs_csv_multiple_fields_true in /home/kaiyaok2/PythonProjects/falcon/tests/test_query_params.py: 166.94149351119995
test_has_param in /home/kaiyaok2/PythonProjects/falcon/tests/test_query_params.py: 167.10223197937012
test_get_date_invalid in /home/kaiyaok2/PythonProjects/falcon/tests/test_query_params.py: 167.25958824157715
test_int_neg in /home/kaiyaok2/PythonProjects/falcon/tests/test_query_params.py: 169.2535538673401
test_float in /home/kaiyaok2/PythonProjects/falcon/tests/test_query_params.py: 169.3857705593109
test_get_datetime_valid_with_format in /home/kaiyaok2/PythonProjects/falcon/tests/test_query_params.py: 169.4963343143463
test_multiple_keys_as_int in /home/kaiyaok2/PythonProjects/falcon/tests/test_query_params.py: 169.60932803153992
test_float in /home/kaiyaok2/PythonProjects/falcon/tests/test_query_params.py: 169.76294136047363
test_required in /home/kaiyaok2/PythonProjects/falcon/tests/test_query_params.py: 169.89825439453125
test_get_datetime_missing_param in /home/kaiyaok2/PythonProjects/falcon/tests/test_query_params.py: 170.04832339286804
test_default in /home/kaiyaok2/PythonProjects/falcon/tests/test_query_params.py: 172.0763659477234
test_get_param_as_json_handler_json in /home/kaiyaok2/PythonProjects/falcon/tests/test_query_params.py: 172.21327924728394
test_get_date_valid in /home/kaiyaok2/PythonProjects/falcon/tests/test_query_params.py: 172.35086226463318
test_option_auto_parse_qs_csv_complex_false in /home/kaiyaok2/PythonProjects/falcon/tests/test_query_params.py: 172.51617002487183
test_list_transformer in /home/kaiyaok2/PythonProjects/falcon/tests/test_query_params.py: 172.67950296401978
test_get_datetime_store in /home/kaiyaok2/PythonProjects/falcon/tests/test_query_params.py: 172.81345391273499
test_param_property in /home/kaiyaok2/PythonProjects/falcon/tests/test_query_params.py: 174.84492826461792
test_default_auto_parse_csv_behaviour in /home/kaiyaok2/PythonProjects/falcon/tests/test_query_params.py: 175.01518845558167
test_required in /home/kaiyaok2/PythonProjects/falcon/tests/test_query_params.py: 175.178307056427
test_option_auto_parse_qs_csv_multiple_fields_true in /home/kaiyaok2/PythonProjects/falcon/tests/test_query_params.py: 175.33358669281006
test_list_type_blank in /home/kaiyaok2/PythonProjects/falcon/tests/test_query_params.py: 175.46652054786682
test_boolean in /home/kaiyaok2/PythonProjects/falcon/tests/test_query_params.py: 175.61223554611206
test_required in /home/kaiyaok2/PythonProjects/falcon/tests/test_query_params.py: 177.61119961738586
test_get_datetime_store in /home/kaiyaok2/PythonProjects/falcon/tests/test_query_params.py: 177.7914960384369
test_option_auto_parse_qs_csv_multiple_fields_true in /home/kaiyaok2/PythonProjects/falcon/tests/test_query_params.py: 177.92842173576355
test_multiple_keys_as_int in /home/kaiyaok2/PythonProjects/falcon/tests/test_query_params.py: 178.07854008674622
test_blank in /home/kaiyaok2/PythonProjects/falcon/tests/test_query_params.py: 178.22026133537292
test_option_auto_parse_qs_csv_simple_true in /home/kaiyaok2/PythonProjects/falcon/tests/test_query_params.py: 178.38985562324524
test_param_property in /home/kaiyaok2/PythonProjects/falcon/tests/test_query_params.py: 178.52686023712158
test_get_date_valid_with_format in /home/kaiyaok2/PythonProjects/falcon/tests/test_query_params.py: 180.5000512599945
test_option_auto_parse_qs_csv_multiple_fields_true in /home/kaiyaok2/PythonProjects/falcon/tests/test_query_params.py: 180.66078996658325
test_option_auto_parse_qs_csv_multiple_fields_false in /home/kaiyaok2/PythonProjects/falcon/tests/test_query_params.py: 180.83527755737305
test_required in /home/kaiyaok2/PythonProjects/falcon/tests/test_query_params.py: 180.99330115318298
test_get_datetime_valid in /home/kaiyaok2/PythonProjects/falcon/tests/test_query_params.py: 181.1279547214508
test_bad_percentage in /home/kaiyaok2/PythonProjects/falcon/tests/test_query_params.py: 181.26655507087708
test_get_date_store in /home/kaiyaok2/PythonProjects/falcon/tests/test_query_params.py: 183.36051559448242
test_get_date_store in /home/kaiyaok2/PythonProjects/falcon/tests/test_query_params.py: 183.52578592300415
test_get_date_missing_param in /home/kaiyaok2/PythonProjects/falcon/tests/test_query_params.py: 183.68791699409485
test_get_dict_store in /home/kaiyaok2/PythonProjects/falcon/tests/test_query_params.py: 183.82666659355164
test_option_auto_parse_qs_csv_multiple_fields_true in /home/kaiyaok2/PythonProjects/falcon/tests/test_query_params.py: 183.96432733535767
test_option_auto_parse_qs_csv_simple_false in /home/kaiyaok2/PythonProjects/falcon/tests/test_query_params.py: 184.11364436149597
test_simple in /home/kaiyaok2/PythonProjects/falcon/tests/test_query_params.py: 186.20784163475037
test_boolean in /home/kaiyaok2/PythonProjects/falcon/tests/test_query_params.py: 186.36071038246155
test_float_neg in /home/kaiyaok2/PythonProjects/falcon/tests/test_query_params.py: 186.49917101860046
test_option_auto_parse_qs_csv_multiple_fields_true in /home/kaiyaok2/PythonProjects/falcon/tests/test_query_params.py: 186.6547348499298
test_option_auto_parse_qs_csv_multiple_fields_true in /home/kaiyaok2/PythonProjects/falcon/tests/test_query_params.py: 186.77863931655884
test_option_auto_parse_qs_csv_multiple_fields_true in /home/kaiyaok2/PythonProjects/falcon/tests/test_query_params.py: 186.91733527183533
test_get_date_invalid in /home/kaiyaok2/PythonProjects/falcon/tests/test_query_params.py: 187.06422567367554
test_required in /home/kaiyaok2/PythonProjects/falcon/tests/test_query_params.py: 189.0473051071167
test_boolean_blank in /home/kaiyaok2/PythonProjects/falcon/tests/test_query_params.py: 189.18512654304504
test_allowed_names in /home/kaiyaok2/PythonProjects/falcon/tests/test_query_params.py: 189.37260127067566
test_has_param in /home/kaiyaok2/PythonProjects/falcon/tests/test_query_params.py: 189.5626347064972
test_option_auto_parse_qs_csv_multiple_fields_true in /home/kaiyaok2/PythonProjects/falcon/tests/test_query_params.py: 189.7009129524231
test_multiple_keys_as_bool in /home/kaiyaok2/PythonProjects/falcon/tests/test_query_params.py: 189.83828353881836
test_get_datetime_invalid in /home/kaiyaok2/PythonProjects/falcon/tests/test_query_params.py: 190.00024342536926
test_uuid in /home/kaiyaok2/PythonProjects/falcon/tests/test_query_params.py: 192.04515409469604
test_none in /home/kaiyaok2/PythonProjects/falcon/tests/test_query_params.py: 192.2043924331665
test_get_date_valid in /home/kaiyaok2/PythonProjects/falcon/tests/test_query_params.py: 192.35094594955444
test_multiple_keys_as_float in /home/kaiyaok2/PythonProjects/falcon/tests/test_query_params.py: 192.4721372127533
test_bad_percentage in /home/kaiyaok2/PythonProjects/falcon/tests/test_query_params.py: 192.66791677474976
test_default_auto_parse_csv_behaviour in /home/kaiyaok2/PythonProjects/falcon/tests/test_query_params.py: 192.8348560333252
test_get_datetime_valid_with_format in /home/kaiyaok2/PythonProjects/falcon/tests/test_query_params.py: 193.02737855911255
test_default in /home/kaiyaok2/PythonProjects/falcon/tests/test_query_params.py: 195.05411291122437
test_float_neg in /home/kaiyaok2/PythonProjects/falcon/tests/test_query_params.py: 195.29118394851685
test_option_auto_parse_qs_csv_multiple_fields_true in /home/kaiyaok2/PythonProjects/falcon/tests/test_query_params.py: 195.45491409301758
test_option_auto_parse_qs_csv_complex_false in /home/kaiyaok2/PythonProjects/falcon/tests/test_query_params.py: 195.61139750480652
test_boolean_blank in /home/kaiyaok2/PythonProjects/falcon/tests/test_query_params.py: 195.75720620155334
test_list_transformer in /home/kaiyaok2/PythonProjects/falcon/tests/test_query_params.py: 195.92304182052612
test_multiple_form_keys in /home/kaiyaok2/PythonProjects/falcon/tests/test_query_params.py: 196.07585096359253
test_option_auto_parse_qs_csv_multiple_fields_true in /home/kaiyaok2/PythonProjects/falcon/tests/test_query_params.py: 198.1643009185791
test_simple in /home/kaiyaok2/PythonProjects/falcon/tests/test_query_params.py: 198.30207920074463
test_option_auto_parse_qs_csv_simple_true in /home/kaiyaok2/PythonProjects/falcon/tests/test_query_params.py: 198.46798419952393
test_required in /home/kaiyaok2/PythonProjects/falcon/tests/test_query_params.py: 198.62643337249756
test_required in /home/kaiyaok2/PythonProjects/falcon/tests/test_query_params.py: 198.79870319366455
test_int in /home/kaiyaok2/PythonProjects/falcon/tests/test_query_params.py: 198.96068358421326
test_get_date_valid_with_format in /home/kaiyaok2/PythonProjects/falcon/tests/test_query_params.py: 200.99752736091614
test_load_app in /home/kaiyaok2/PythonProjects/falcon/tests/test_cmd_inspect_app.py: 229.25185012817383
test_load_app in /home/kaiyaok2/PythonProjects/falcon/tests/test_cmd_inspect_app.py: 229.3161699771881
test_load_app_error in /home/kaiyaok2/PythonProjects/falcon/tests/test_cmd_inspect_app.py: 229.37889981269836
test_load_app_error in /home/kaiyaok2/PythonProjects/falcon/tests/test_cmd_inspect_app.py: 229.450590133667
test_load_app_error in /home/kaiyaok2/PythonProjects/falcon/tests/test_cmd_inspect_app.py: 229.51275372505188
test_inspect in /home/kaiyaok2/PythonProjects/falcon/tests/test_cmd_inspect_app.py: 229.57562065124512
test_routes_only in /home/kaiyaok2/PythonProjects/falcon/tests/test_cmd_inspect_app.py: 229.6419277191162
test_inspect in /home/kaiyaok2/PythonProjects/falcon/tests/test_cmd_inspect_app.py: 229.70554327964783
test_routes_only in /home/kaiyaok2/PythonProjects/falcon/tests/test_cmd_inspect_app.py: 229.76978373527527
test_inspect in /home/kaiyaok2/PythonProjects/falcon/tests/test_cmd_inspect_app.py: 229.83533906936646
test_inspect in /home/kaiyaok2/PythonProjects/falcon/tests/test_cmd_inspect_app.py: 229.89739608764648
test_routes_only in /home/kaiyaok2/PythonProjects/falcon/tests/test_cmd_inspect_app.py: 229.96395707130432
test_routes_only in /home/kaiyaok2/PythonProjects/falcon/tests/test_cmd_inspect_app.py: 230.02852821350098
test_piggybacking_resource_post_item in /home/kaiyaok2/PythonProjects/falcon/tests/test_before_hooks.py: 235.11314010620117
test_piggybacking_resource_post_and_delete in /home/kaiyaok2/PythonProjects/falcon/tests/test_before_hooks.py: 236.81803250312805
test_field_validator in /home/kaiyaok2/PythonProjects/falcon/tests/test_before_hooks.py: 236.95517349243164
test_field_validator in /home/kaiyaok2/PythonProjects/falcon/tests/test_before_hooks.py: 237.04422974586487
test_input_validator in /home/kaiyaok2/PythonProjects/falcon/tests/test_before_hooks.py: 237.12277460098267
test_multiple_resource_hooks in /home/kaiyaok2/PythonProjects/falcon/tests/test_before_hooks.py: 237.2099335193634
test_input_validator_inherited in /home/kaiyaok2/PythonProjects/falcon/tests/test_before_hooks.py: 237.32349753379822
test_wrapped_resource in /home/kaiyaok2/PythonProjects/falcon/tests/test_before_hooks.py: 237.4068901538849
test_multiple_resource_hooks in /home/kaiyaok2/PythonProjects/falcon/tests/test_before_hooks.py: 237.4824481010437
test_field_validator in /home/kaiyaok2/PythonProjects/falcon/tests/test_before_hooks.py: 237.55738472938538
test_wrapped_resource_with_hooks_aware_of_resource in /home/kaiyaok2/PythonProjects/falcon/tests/test_before_hooks.py: 239.23304986953735
test_param_validator in /home/kaiyaok2/PythonProjects/falcon/tests/test_before_hooks.py: 239.31425189971924
test_json_err_no_handler in /home/kaiyaok2/PythonProjects/falcon/tests/test_media_handlers.py: 242.99094581604004
test_json_err_no_handler in /home/kaiyaok2/PythonProjects/falcon/tests/test_media_handlers.py: 243.13295245170593
test_simulate_remote_addr in /home/kaiyaok2/PythonProjects/falcon/tests/test_utils.py: 243.45594310760498
test_status in /home/kaiyaok2/PythonProjects/falcon/tests/test_utils.py: 243.60468864440918
test_query_string_in_path in /home/kaiyaok2/PythonProjects/falcon/tests/test_utils.py: 243.72595596313477
test_simulate_remote_addr in /home/kaiyaok2/PythonProjects/falcon/tests/test_utils.py: 245.39653158187866
test_default_headers_with_override in /home/kaiyaok2/PythonProjects/falcon/tests/test_utils.py: 245.55899667739868
test_query_string in /home/kaiyaok2/PythonProjects/falcon/tests/test_utils.py: 245.7012321949005
test_simulate_remote_addr in /home/kaiyaok2/PythonProjects/falcon/tests/test_utils.py: 245.82976078987122
test_simulate_remote_addr in /home/kaiyaok2/PythonProjects/falcon/tests/test_utils.py: 245.99637651443481
test_cached_text_in_result in /home/kaiyaok2/PythonProjects/falcon/tests/test_utils.py: 246.11904501914978
test_query_string_no_question in /home/kaiyaok2/PythonProjects/falcon/tests/test_utils.py: 247.79216694831848
test_path_must_start_with_slash in /home/kaiyaok2/PythonProjects/falcon/tests/test_utils.py: 247.95527005195618
test_simulate_hostname in /home/kaiyaok2/PythonProjects/falcon/tests/test_utils.py: 248.14239764213562
test_simulate_remote_addr in /home/kaiyaok2/PythonProjects/falcon/tests/test_utils.py: 248.3492569923401
test_default_headers in /home/kaiyaok2/PythonProjects/falcon/tests/test_utils.py: 248.5204451084137
test_override_method_with_extras in /home/kaiyaok2/PythonProjects/falcon/tests/test_utils.py: 248.66817784309387
test_can_access_resource_params in /home/kaiyaok2/PythonProjects/falcon/tests/test_middleware.py: 249.61685013771057
test_can_access_resource_params in /home/kaiyaok2/PythonProjects/falcon/tests/test_middleware.py: 251.7505350112915
test_process_resource_cached in /home/kaiyaok2/PythonProjects/falcon/tests/test_middleware.py: 251.88733983039856
test_process_resource_cached in /home/kaiyaok2/PythonProjects/falcon/tests/test_middleware.py: 252.02784299850464
test_process_request_not_cached in /home/kaiyaok2/PythonProjects/falcon/tests/test_middleware.py: 252.15137696266174
test_process_request_cached in /home/kaiyaok2/PythonProjects/falcon/tests/test_middleware.py: 252.2664828300476
test_process_request_cached in /home/kaiyaok2/PythonProjects/falcon/tests/test_middleware.py: 252.38676238059998
test_api_initialization_with_cors_enabled_and_middleware_param in /home/kaiyaok2/PythonProjects/falcon/tests/test_middleware.py: 252.48788976669312
test_api_initialization_with_cors_enabled_and_middleware_param in /home/kaiyaok2/PythonProjects/falcon/tests/test_middleware.py: 252.57781982421875
test_api_initialization_with_cors_enabled_and_middleware_param in /home/kaiyaok2/PythonProjects/falcon/tests/test_middleware.py: 252.65413808822632
test_api_initialization_with_cors_enabled_and_middleware_param in /home/kaiyaok2/PythonProjects/falcon/tests/test_middleware.py: 252.74166178703308
test_dont_need_params_in_signature in /home/kaiyaok2/PythonProjects/falcon/tests/test_middleware.py: 254.44817209243774
test_order_mw_executed_when_exception_in_rsrc in /home/kaiyaok2/PythonProjects/falcon/tests/test_middleware.py: 254.5497543811798
test_independent_middleware_execution_order in /home/kaiyaok2/PythonProjects/falcon/tests/test_middleware.py: 254.6325821876526
test_inner_mw_with_ex_handler_throw_exception in /home/kaiyaok2/PythonProjects/falcon/tests/test_middleware.py: 254.7311487197876
test_inner_mw_throw_exception in /home/kaiyaok2/PythonProjects/falcon/tests/test_middleware.py: 254.81265091896057
test_order_mw_executed_when_exception_in_resp in /home/kaiyaok2/PythonProjects/falcon/tests/test_middleware.py: 254.89233231544495
test_generate_trans_id_and_time_with_request in /home/kaiyaok2/PythonProjects/falcon/tests/test_middleware.py: 254.97359800338745
test_outer_mw_with_ex_handler_throw_exception in /home/kaiyaok2/PythonProjects/falcon/tests/test_middleware.py: 255.0543613433838
test_legacy_middleware_called_with_correct_args in /home/kaiyaok2/PythonProjects/falcon/tests/test_middleware.py: 255.13684391975403
test_middleware_execution_order in /home/kaiyaok2/PythonProjects/falcon/tests/test_middleware.py: 255.23324942588806
test_order_independent_mw_executed_when_exception_in_resp in /home/kaiyaok2/PythonProjects/falcon/tests/test_middleware.py: 257.02883672714233
test_generate_trans_id_and_time_with_request in /home/kaiyaok2/PythonProjects/falcon/tests/test_middleware.py: 257.1609869003296
test_order_independent_mw_executed_when_exception_in_rsrc in /home/kaiyaok2/PythonProjects/falcon/tests/test_middleware.py: 257.2645173072815
test_order_mw_executed_when_exception_in_req in /home/kaiyaok2/PythonProjects/falcon/tests/test_middleware.py: 257.3640835285187
test_inner_mw_throw_exception_while_processing_resp in /home/kaiyaok2/PythonProjects/falcon/tests/test_middleware.py: 257.45496916770935
test_multiple_response_mw_throw_exception in /home/kaiyaok2/PythonProjects/falcon/tests/test_middleware.py: 257.5350646972656
test_order_independent_mw_executed_when_exception_in_req in /home/kaiyaok2/PythonProjects/falcon/tests/test_middleware.py: 257.61353182792664
test_generate_trans_id_with_request in /home/kaiyaok2/PythonProjects/falcon/tests/test_middleware.py: 257.7309341430664
test_http_status_raised_from_error_handler in /home/kaiyaok2/PythonProjects/falcon/tests/test_middleware.py: 257.8107841014862
test_error_composed_before_resp_middleware_called in /home/kaiyaok2/PythonProjects/falcon/tests/test_middleware.py: 257.9004442691803
test_log_get_request in /home/kaiyaok2/PythonProjects/falcon/tests/test_middleware.py: 259.5947265625
test_response_middleware_raises_exception in /home/kaiyaok2/PythonProjects/falcon/tests/test_middleware.py: 259.6893734931946
test_skip_process_resource in /home/kaiyaok2/PythonProjects/falcon/tests/test_middleware.py: 259.807724237442
test_log_get_request in /home/kaiyaok2/PythonProjects/falcon/tests/test_middleware.py: 259.91122698783875
test_base_path_is_removed_before_routing in /home/kaiyaok2/PythonProjects/falcon/tests/test_middleware.py: 260.00007700920105
test_unicode_location_headers in /home/kaiyaok2/PythonProjects/falcon/tests/test_headers.py: 277.87788128852844
test_append_link_complex in /home/kaiyaok2/PythonProjects/falcon/tests/test_headers.py: 278.03250765800476
test_content_disposition_attachment_header in /home/kaiyaok2/PythonProjects/falcon/tests/test_headers.py: 278.14804458618164
test_custom_content_type in /home/kaiyaok2/PythonProjects/falcon/tests/test_headers.py: 280.10422825813293
test_override_default_media_type in /home/kaiyaok2/PythonProjects/falcon/tests/test_headers.py: 280.2196786403656
test_append_link_with_title_star in /home/kaiyaok2/PythonProjects/falcon/tests/test_headers.py: 280.34512734413147
test_append_link_crossorigin in /home/kaiyaok2/PythonProjects/falcon/tests/test_headers.py: 280.48460936546326
test_content_disposition_inline_header in /home/kaiyaok2/PythonProjects/falcon/tests/test_headers.py: 280.5916647911072
test_append_link_crossorigin in /home/kaiyaok2/PythonProjects/falcon/tests/test_headers.py: 280.7211637496948
test_request_multiple_header in /home/kaiyaok2/PythonProjects/falcon/tests/test_headers.py: 280.8254141807556
test_append_link_with_hreflang_multi in /home/kaiyaok2/PythonProjects/falcon/tests/test_headers.py: 280.95176553726196
test_append_link_with_title in /home/kaiyaok2/PythonProjects/falcon/tests/test_headers.py: 282.84717774391174
test_declared_content_length_overriden_by_body_length in /home/kaiyaok2/PythonProjects/falcon/tests/test_headers.py: 282.9591588973999
test_declared_content_length_on_head in /home/kaiyaok2/PythonProjects/falcon/tests/test_headers.py: 283.05678486824036
test_append_link_with_link_extension in /home/kaiyaok2/PythonProjects/falcon/tests/test_headers.py: 283.1827538013458
test_get_header_as_int in /home/kaiyaok2/PythonProjects/falcon/tests/test_headers.py: 283.28671193122864
test_override_default_media_type in /home/kaiyaok2/PythonProjects/falcon/tests/test_headers.py: 283.4084782600403
test_content_type_no_body in /home/kaiyaok2/PythonProjects/falcon/tests/test_headers.py: 283.5042781829834
test_append_link_crossorigin in /home/kaiyaok2/PythonProjects/falcon/tests/test_headers.py: 285.43228125572205
test_default_media_type in /home/kaiyaok2/PythonProjects/falcon/tests/test_headers.py: 285.59111499786377
test_append_link_multiple in /home/kaiyaok2/PythonProjects/falcon/tests/test_headers.py: 285.71958017349243
test_unicode_headers_contain_only_ascii in /home/kaiyaok2/PythonProjects/falcon/tests/test_headers.py: 285.82635164260864
test_no_content_type in /home/kaiyaok2/PythonProjects/falcon/tests/test_headers.py: 285.9296045303345
test_content_disposition_inline_header in /home/kaiyaok2/PythonProjects/falcon/tests/test_headers.py: 286.02980375289917
test_content_disposition_attachment_header in /home/kaiyaok2/PythonProjects/falcon/tests/test_headers.py: 286.14381527900696
test_content_disposition_attachment_header in /home/kaiyaok2/PythonProjects/falcon/tests/test_headers.py: 286.2719395160675
test_content_disposition_inline_header in /home/kaiyaok2/PythonProjects/falcon/tests/test_headers.py: 288.16212153434753
test_content_disposition_attachment_header in /home/kaiyaok2/PythonProjects/falcon/tests/test_headers.py: 288.3308365345001
test_append_link_single in /home/kaiyaok2/PythonProjects/falcon/tests/test_headers.py: 288.53666710853577
test_vary_star in /home/kaiyaok2/PythonProjects/falcon/tests/test_headers.py: 288.66931200027466
test_unicode_headers_contain_non_ascii in /home/kaiyaok2/PythonProjects/falcon/tests/test_headers.py: 288.7937591075897
test_content_disposition_attachment_header in /home/kaiyaok2/PythonProjects/falcon/tests/test_headers.py: 288.89347219467163
test_response_header_helpers_on_get in /home/kaiyaok2/PythonProjects/falcon/tests/test_headers.py: 289.0107080936432
test_content_length in /home/kaiyaok2/PythonProjects/falcon/tests/test_headers.py: 289.173707485199
test_append_link_crossorigin in /home/kaiyaok2/PythonProjects/falcon/tests/test_headers.py: 289.33301067352295
test_no_content_length in /home/kaiyaok2/PythonProjects/falcon/tests/test_headers.py: 291.31596326828003
test_append_link_with_anchor in /home/kaiyaok2/PythonProjects/falcon/tests/test_headers.py: 291.44847226142883
test_unicode_headers_contain_non_ascii in /home/kaiyaok2/PythonProjects/falcon/tests/test_headers.py: 291.5564510822296
test_no_content_type in /home/kaiyaok2/PythonProjects/falcon/tests/test_headers.py: 291.6606979370117
test_content_disposition_attachment_header in /home/kaiyaok2/PythonProjects/falcon/tests/test_headers.py: 291.76549792289734
test_response_append_header in /home/kaiyaok2/PythonProjects/falcon/tests/test_headers.py: 291.8691051006317
test_append_link_crossorigin in /home/kaiyaok2/PythonProjects/falcon/tests/test_headers.py: 291.9990396499634
test_append_link_with_hreflang in /home/kaiyaok2/PythonProjects/falcon/tests/test_headers.py: 292.15209126472473
test_declared_content_length_overriden_by_data_length in /home/kaiyaok2/PythonProjects/falcon/tests/test_headers.py: 293.9727098941803
test_passthrough_request_headers in /home/kaiyaok2/PythonProjects/falcon/tests/test_headers.py: 294.07648730278015
test_vary_header in /home/kaiyaok2/PythonProjects/falcon/tests/test_headers.py: 294.20714354515076
test_unicode_headers_contain_non_ascii in /home/kaiyaok2/PythonProjects/falcon/tests/test_headers.py: 294.31743264198303
test_unicode_headers_contain_non_ascii in /home/kaiyaok2/PythonProjects/falcon/tests/test_headers.py: 294.41413259506226
test_vary_header in /home/kaiyaok2/PythonProjects/falcon/tests/test_headers.py: 294.5385055541992
test_no_content_length in /home/kaiyaok2/PythonProjects/falcon/tests/test_headers.py: 294.67355370521545
test_default_value in /home/kaiyaok2/PythonProjects/falcon/tests/test_headers.py: 294.8161301612854
test_required_header in /home/kaiyaok2/PythonProjects/falcon/tests/test_headers.py: 296.6081154346466
test_content_disposition_attachment_header in /home/kaiyaok2/PythonProjects/falcon/tests/test_headers.py: 296.7201988697052
test_unset_header in /home/kaiyaok2/PythonProjects/falcon/tests/test_headers.py: 296.8220477104187
test_override_default_media_type_missing_encoding in /home/kaiyaok2/PythonProjects/falcon/tests/test_headers.py: 296.94340801239014
test_request_latin1_headers in /home/kaiyaok2/PythonProjects/falcon/tests/test_headers.py: 297.058354139328
test_declared_content_length_overridden_by_no_body in /home/kaiyaok2/PythonProjects/falcon/tests/test_headers.py: 297.15297985076904
test_expires_header in /home/kaiyaok2/PythonProjects/falcon/tests/test_headers.py: 297.2581558227539
test_append_link_crossorigin in /home/kaiyaok2/PythonProjects/falcon/tests/test_headers.py: 297.3995373249054
test_set_headers_with_custom_class in /home/kaiyaok2/PythonProjects/falcon/tests/test_headers.py: 299.4789140224457
test_content_disposition_attachment_header in /home/kaiyaok2/PythonProjects/falcon/tests/test_headers.py: 299.599490404129
test_append_link_with_type_hint in /home/kaiyaok2/PythonProjects/falcon/tests/test_headers.py: 299.76000118255615
test_headers_with_custom_class_not_callable in /home/kaiyaok2/PythonProjects/falcon/tests/test_headers.py: 299.8909966945648
test_response_set_and_get_header in /home/kaiyaok2/PythonProjects/falcon/tests/test_headers.py: 299.99811124801636
test_headers_as_list in /home/kaiyaok2/PythonProjects/falcon/tests/test_headers.py: 300.1052768230438
