test_hooks in /home/kaiyaok2/PythonProjects/falcon/tests/asgi/test_cythonized_asgi.py: 12.666636943817139
test_jsonchema_validator in /home/kaiyaok2/PythonProjects/falcon/tests/asgi/test_cythonized_asgi.py: 14.010441064834595
test_http_status_raised_from_error_handler in /home/kaiyaok2/PythonProjects/falcon/tests/test_middleware.py: 14.654403686523438
test_error_composed_before_resp_middleware_called in /home/kaiyaok2/PythonProjects/falcon/tests/test_middleware.py: 14.75629734992981
test_base_path_is_removed_before_routing in /home/kaiyaok2/PythonProjects/falcon/tests/test_middleware.py: 14.860527753829956
test_skip_process_resource in /home/kaiyaok2/PythonProjects/falcon/tests/test_middleware.py: 14.961695194244385
test_log_get_request in /home/kaiyaok2/PythonProjects/falcon/tests/test_middleware.py: 15.056931734085083
test_response_middleware_raises_exception in /home/kaiyaok2/PythonProjects/falcon/tests/test_middleware.py: 15.13810133934021
test_log_get_request in /home/kaiyaok2/PythonProjects/falcon/tests/test_middleware.py: 15.22847032546997
test_can_access_resource_params in /home/kaiyaok2/PythonProjects/falcon/tests/test_middleware.py: 15.324603796005249
test_can_access_resource_params in /home/kaiyaok2/PythonProjects/falcon/tests/test_middleware.py: 16.68863534927368
test_api_initialization_with_cors_enabled_and_middleware_param in /home/kaiyaok2/PythonProjects/falcon/tests/test_middleware.py: 16.78249192237854
test_api_initialization_with_cors_enabled_and_middleware_param in /home/kaiyaok2/PythonProjects/falcon/tests/test_middleware.py: 16.87868070602417
test_api_initialization_with_cors_enabled_and_middleware_param in /home/kaiyaok2/PythonProjects/falcon/tests/test_middleware.py: 16.97464919090271
test_api_initialization_with_cors_enabled_and_middleware_param in /home/kaiyaok2/PythonProjects/falcon/tests/test_middleware.py: 17.056776762008667
test_generate_trans_id_and_time_with_request in /home/kaiyaok2/PythonProjects/falcon/tests/test_middleware.py: 17.154489755630493
test_order_independent_mw_executed_when_exception_in_req in /home/kaiyaok2/PythonProjects/falcon/tests/test_middleware.py: 17.23000741004944
test_generate_trans_id_and_time_with_request in /home/kaiyaok2/PythonProjects/falcon/tests/test_middleware.py: 17.304978847503662
test_order_mw_executed_when_exception_in_req in /home/kaiyaok2/PythonProjects/falcon/tests/test_middleware.py: 17.400214433670044
test_order_independent_mw_executed_when_exception_in_rsrc in /home/kaiyaok2/PythonProjects/falcon/tests/test_middleware.py: 17.501795768737793
test_inner_mw_throw_exception_while_processing_resp in /home/kaiyaok2/PythonProjects/falcon/tests/test_middleware.py: 18.965641498565674
test_inner_mw_throw_exception in /home/kaiyaok2/PythonProjects/falcon/tests/test_middleware.py: 19.063854932785034
test_legacy_middleware_called_with_correct_args in /home/kaiyaok2/PythonProjects/falcon/tests/test_middleware.py: 19.15348529815674
test_multiple_response_mw_throw_exception in /home/kaiyaok2/PythonProjects/falcon/tests/test_middleware.py: 19.248305320739746
test_outer_mw_with_ex_handler_throw_exception in /home/kaiyaok2/PythonProjects/falcon/tests/test_middleware.py: 19.325698375701904
test_order_independent_mw_executed_when_exception_in_resp in /home/kaiyaok2/PythonProjects/falcon/tests/test_middleware.py: 19.424326181411743
test_inner_mw_with_ex_handler_throw_exception in /home/kaiyaok2/PythonProjects/falcon/tests/test_middleware.py: 19.52588391304016
test_middleware_execution_order in /home/kaiyaok2/PythonProjects/falcon/tests/test_middleware.py: 19.603067874908447
test_order_mw_executed_when_exception_in_resp in /home/kaiyaok2/PythonProjects/falcon/tests/test_middleware.py: 19.68655824661255
test_order_mw_executed_when_exception_in_rsrc in /home/kaiyaok2/PythonProjects/falcon/tests/test_middleware.py: 21.077197074890137
test_independent_middleware_execution_order in /home/kaiyaok2/PythonProjects/falcon/tests/test_middleware.py: 21.188530683517456
test_dont_need_params_in_signature in /home/kaiyaok2/PythonProjects/falcon/tests/test_middleware.py: 21.291249752044678
test_generate_trans_id_with_request in /home/kaiyaok2/PythonProjects/falcon/tests/test_middleware.py: 21.38192057609558
test_process_request_cached in /home/kaiyaok2/PythonProjects/falcon/tests/test_middleware.py: 21.49215316772461
test_process_resource_cached in /home/kaiyaok2/PythonProjects/falcon/tests/test_middleware.py: 21.595099925994873
test_process_resource_cached in /home/kaiyaok2/PythonProjects/falcon/tests/test_middleware.py: 21.68207287788391
test_process_request_cached in /home/kaiyaok2/PythonProjects/falcon/tests/test_middleware.py: 21.775439739227295
test_process_request_not_cached in /home/kaiyaok2/PythonProjects/falcon/tests/test_middleware.py: 21.869612216949463
test_raise_status_in_process_resource in /home/kaiyaok2/PythonProjects/falcon/tests/test_httpstatus.py: 23.31550121307373
test_raise_status_in_process_request in /home/kaiyaok2/PythonProjects/falcon/tests/test_httpstatus.py: 24.671990156173706
test_raise_status_runs_process_response in /home/kaiyaok2/PythonProjects/falcon/tests/test_httpstatus.py: 24.745808839797974
test_non_string_status in /home/kaiyaok2/PythonProjects/falcon/tests/test_httpstatus.py: 24.837129831314087
test_non_string_status in /home/kaiyaok2/PythonProjects/falcon/tests/test_httpstatus.py: 24.985480546951294
test_non_string_status in /home/kaiyaok2/PythonProjects/falcon/tests/test_httpstatus.py: 25.090620517730713
test_non_string_status in /home/kaiyaok2/PythonProjects/falcon/tests/test_httpstatus.py: 25.170079708099365
test_non_string_status in /home/kaiyaok2/PythonProjects/falcon/tests/test_httpstatus.py: 25.255943536758423
test_non_string_status in /home/kaiyaok2/PythonProjects/falcon/tests/test_httpstatus.py: 25.33444118499756
test_non_string_status in /home/kaiyaok2/PythonProjects/falcon/tests/test_httpstatus.py: 25.419658422470093
test_non_string_status in /home/kaiyaok2/PythonProjects/falcon/tests/test_httpstatus.py: 26.854579210281372
test_non_string_status in /home/kaiyaok2/PythonProjects/falcon/tests/test_httpstatus.py: 26.9377920627594
test_non_string_status in /home/kaiyaok2/PythonProjects/falcon/tests/test_httpstatus.py: 27.015490531921387
test_non_string_status in /home/kaiyaok2/PythonProjects/falcon/tests/test_httpstatus.py: 27.090296745300293
test_non_string_status in /home/kaiyaok2/PythonProjects/falcon/tests/test_httpstatus.py: 27.17666244506836
test_non_string_status in /home/kaiyaok2/PythonProjects/falcon/tests/test_httpstatus.py: 27.276866674423218
test_non_string_status in /home/kaiyaok2/PythonProjects/falcon/tests/test_httpstatus.py: 27.387865781784058
test_data_is_set in /home/kaiyaok2/PythonProjects/falcon/tests/test_httpstatus.py: 27.494062423706055
test_body_is_set in /home/kaiyaok2/PythonProjects/falcon/tests/test_httpstatus.py: 27.57085680961609
test_media_is_set in /home/kaiyaok2/PythonProjects/falcon/tests/test_httpstatus.py: 27.6491060256958
test_raise_status_runs_after_hooks in /home/kaiyaok2/PythonProjects/falcon/tests/test_httpstatus.py: 29.089210033416748
test_raise_status_survives_after_hooks in /home/kaiyaok2/PythonProjects/falcon/tests/test_httpstatus.py: 29.1667959690094
test_raise_status_in_before_hook in /home/kaiyaok2/PythonProjects/falcon/tests/test_httpstatus.py: 29.241752862930298
test_raise_status_in_responder in /home/kaiyaok2/PythonProjects/falcon/tests/test_httpstatus.py: 29.322532653808594
test_raise_status_empty_body in /home/kaiyaok2/PythonProjects/falcon/tests/test_httpstatus.py: 29.40648913383484
test_wrapped_resource_with_hooks_aware_of_resource in /home/kaiyaok2/PythonProjects/falcon/tests/test_after_hooks.py: 29.519542455673218
test_wrapped_resource in /home/kaiyaok2/PythonProjects/falcon/tests/test_after_hooks.py: 29.619189977645874
test_resource_with_uri_fields in /home/kaiyaok2/PythonProjects/falcon/tests/test_after_hooks.py: 29.75321650505066
test_resource_with_uri_fields in /home/kaiyaok2/PythonProjects/falcon/tests/test_after_hooks.py: 29.86547350883484
test_wrapped_resource in /home/kaiyaok2/PythonProjects/falcon/tests/test_after_hooks.py: 31.300564765930176
test_get in /home/kaiyaok2/PythonProjects/falcon/tests/test_http_method_routing.py: 31.448781728744507
test_meta_and_others_disallowed in /home/kaiyaok2/PythonProjects/falcon/tests/test_http_method_routing.py: 31.523267030715942
test_method_not_allowed_with_param in /home/kaiyaok2/PythonProjects/falcon/tests/test_http_method_routing.py: 31.61266589164734
test_methods_not_allowed_complex in /home/kaiyaok2/PythonProjects/falcon/tests/test_http_method_routing.py: 31.693765878677368
test_methods_not_allowed_simple in /home/kaiyaok2/PythonProjects/falcon/tests/test_http_method_routing.py: 31.844969034194946
test_on_options in /home/kaiyaok2/PythonProjects/falcon/tests/test_http_method_routing.py: 31.94381070137024
test_report in /home/kaiyaok2/PythonProjects/falcon/tests/test_http_method_routing.py: 32.02095317840576
test_default_on_options in /home/kaiyaok2/PythonProjects/falcon/tests/test_http_method_routing.py: 32.091437101364136
test_post_not_allowed in /home/kaiyaok2/PythonProjects/falcon/tests/test_http_method_routing.py: 32.17671990394592
test_misc in /home/kaiyaok2/PythonProjects/falcon/tests/test_http_method_routing.py: 32.24892616271973
test_meta_and_others_disallowed in /home/kaiyaok2/PythonProjects/falcon/tests/test_http_method_routing.py: 32.321024894714355
test_put in /home/kaiyaok2/PythonProjects/falcon/tests/test_http_method_routing.py: 33.80771851539612
test_data_is_set in /home/kaiyaok2/PythonProjects/falcon/tests/test_error_handlers.py: 33.965396881103516
test_media_is_set in /home/kaiyaok2/PythonProjects/falcon/tests/test_error_handlers.py: 34.05208158493042
test_body_is_set in /home/kaiyaok2/PythonProjects/falcon/tests/test_error_handlers.py: 34.129000663757324
test_invalid_add_exception_handler_input in /home/kaiyaok2/PythonProjects/falcon/tests/test_error_handlers.py: 34.21348237991333
test_caught_error in /home/kaiyaok2/PythonProjects/falcon/tests/test_error_handlers.py: 34.29456830024719
test_uncaught_error_else in /home/kaiyaok2/PythonProjects/falcon/tests/test_error_handlers.py: 34.378891706466675
test_handler_multiple_exception_iterable in /home/kaiyaok2/PythonProjects/falcon/tests/test_error_handlers.py: 34.45367789268494
test_error_precedence_subclass_order_indifference in /home/kaiyaok2/PythonProjects/falcon/tests/test_error_handlers.py: 34.576228618621826
test_invalid_add_exception_handler_input in /home/kaiyaok2/PythonProjects/falcon/tests/test_error_handlers.py: 34.67480540275574
test_uncaught_python_error in /home/kaiyaok2/PythonProjects/falcon/tests/test_error_handlers.py: 36.13826775550842
test_handler_multiple_exception_iterable in /home/kaiyaok2/PythonProjects/falcon/tests/test_error_handlers.py: 36.22038722038269
test_handle_not_defined in /home/kaiyaok2/PythonProjects/falcon/tests/test_error_handlers.py: 36.301260232925415
test_subclass_error in /home/kaiyaok2/PythonProjects/falcon/tests/test_error_handlers.py: 36.37588715553284
test_invalid_add_exception_handler_input in /home/kaiyaok2/PythonProjects/falcon/tests/test_error_handlers.py: 36.465036153793335
test_handler_single_exception_iterable in /home/kaiyaok2/PythonProjects/falcon/tests/test_error_handlers.py: 36.554269313812256
test_caught_error_async in /home/kaiyaok2/PythonProjects/falcon/tests/test_error_handlers.py: 36.653536558151245
test_error_precedence_duplicate in /home/kaiyaok2/PythonProjects/falcon/tests/test_error_handlers.py: 36.74631690979004
test_error_precedence_subclass in /home/kaiyaok2/PythonProjects/falcon/tests/test_error_handlers.py: 36.82554268836975
test_uncaught_error in /home/kaiyaok2/PythonProjects/falcon/tests/test_error_handlers.py: 36.90117812156677
test_uncaught_python_error in /home/kaiyaok2/PythonProjects/falcon/tests/test_error_handlers.py: 38.34074902534485
test_converted_error in /home/kaiyaok2/PythonProjects/falcon/tests/test_error_handlers.py: 38.41798424720764
test_catch_http_no_route_error in /home/kaiyaok2/PythonProjects/falcon/tests/test_error_handlers.py: 38.49365258216858
test_uncaught_python_error in /home/kaiyaok2/PythonProjects/falcon/tests/test_error_handlers.py: 38.579829931259155
test_invalid_add_exception_handler_input in /home/kaiyaok2/PythonProjects/falcon/tests/test_error_handlers.py: 38.673205852508545
test_body_is_set in /home/kaiyaok2/PythonProjects/falcon/tests/test_error_handlers.py: 38.76997923851013
test_media_is_set in /home/kaiyaok2/PythonProjects/falcon/tests/test_error_handlers.py: 38.84422755241394
test_data_is_set in /home/kaiyaok2/PythonProjects/falcon/tests/test_error_handlers.py: 38.94741487503052
test_path_must_start_with_slash in /home/kaiyaok2/PythonProjects/falcon/tests/test_utils.py: 59.557907819747925
test_simulate_remote_addr in /home/kaiyaok2/PythonProjects/falcon/tests/test_utils.py: 61.161338806152344
test_default_headers in /home/kaiyaok2/PythonProjects/falcon/tests/test_utils.py: 61.3092827796936
test_query_string_in_path in /home/kaiyaok2/PythonProjects/falcon/tests/test_utils.py: 61.46302366256714
test_simulate_remote_addr in /home/kaiyaok2/PythonProjects/falcon/tests/test_utils.py: 61.75430202484131
test_simulate_remote_addr in /home/kaiyaok2/PythonProjects/falcon/tests/test_utils.py: 61.889848709106445
test_simulate_remote_addr in /home/kaiyaok2/PythonProjects/falcon/tests/test_utils.py: 61.99445414543152
test_override_method_with_extras in /home/kaiyaok2/PythonProjects/falcon/tests/test_utils.py: 63.30151987075806
test_default_headers_with_override in /home/kaiyaok2/PythonProjects/falcon/tests/test_utils.py: 63.40757918357849
test_query_string_no_question in /home/kaiyaok2/PythonProjects/falcon/tests/test_utils.py: 63.548577547073364
test_simulate_remote_addr in /home/kaiyaok2/PythonProjects/falcon/tests/test_utils.py: 63.66606688499451
test_query_string in /home/kaiyaok2/PythonProjects/falcon/tests/test_utils.py: 63.8640193939209
test_status in /home/kaiyaok2/PythonProjects/falcon/tests/test_utils.py: 64.02681756019592
test_simulate_hostname in /home/kaiyaok2/PythonProjects/falcon/tests/test_utils.py: 65.34299230575562
test_cached_text_in_result in /home/kaiyaok2/PythonProjects/falcon/tests/test_utils.py: 65.46433186531067
test_imported_from_c_modules in /home/kaiyaok2/PythonProjects/falcon/tests/test_cython.py: 66.00815963745117
test_stream_has_private_read in /home/kaiyaok2/PythonProjects/falcon/tests/test_cython.py: 66.01485705375671
test_client_simulate_aliases in /home/kaiyaok2/PythonProjects/falcon/tests/test_testing.py: 110.87557482719421
test_client_simulate_aliases in /home/kaiyaok2/PythonProjects/falcon/tests/test_testing.py: 110.90040254592896
test_client_simulate_aliases in /home/kaiyaok2/PythonProjects/falcon/tests/test_testing.py: 110.95235443115234
test_client_simulate_aliases in /home/kaiyaok2/PythonProjects/falcon/tests/test_testing.py: 111.00216674804688
test_client_simulate_aliases in /home/kaiyaok2/PythonProjects/falcon/tests/test_testing.py: 111.0410406589508
test_client_simulate_aliases in /home/kaiyaok2/PythonProjects/falcon/tests/test_testing.py: 111.08297991752625
test_client_simulate_aliases in /home/kaiyaok2/PythonProjects/falcon/tests/test_testing.py: 111.11004304885864
test_client_simulate_aliases in /home/kaiyaok2/PythonProjects/falcon/tests/test_testing.py: 111.1676652431488
test_list_type in /home/kaiyaok2/PythonProjects/falcon/tests/test_query_params.py: 112.88128232955933
test_default in /home/kaiyaok2/PythonProjects/falcon/tests/test_query_params.py: 112.98521542549133
test_option_auto_parse_qs_csv_multiple_fields_true in /home/kaiyaok2/PythonProjects/falcon/tests/test_query_params.py: 113.08680129051208
test_get_dict_missing_param in /home/kaiyaok2/PythonProjects/falcon/tests/test_query_params.py: 114.65344333648682
test_option_auto_parse_qs_csv_multiple_fields_true in /home/kaiyaok2/PythonProjects/falcon/tests/test_query_params.py: 114.75680351257324
test_get_dict_valid in /home/kaiyaok2/PythonProjects/falcon/tests/test_query_params.py: 114.85842967033386
test_option_auto_parse_qs_csv_simple_false in /home/kaiyaok2/PythonProjects/falcon/tests/test_query_params.py: 114.95610070228577
test_option_auto_parse_qs_csv_multiple_fields_true in /home/kaiyaok2/PythonProjects/falcon/tests/test_query_params.py: 115.05521893501282
test_get_param_as_json_no_handler_json in /home/kaiyaok2/PythonProjects/falcon/tests/test_query_params.py: 115.16081357002258
test_option_auto_parse_qs_csv_multiple_fields_true in /home/kaiyaok2/PythonProjects/falcon/tests/test_query_params.py: 116.70649647712708
test_multiple_keys_as_int in /home/kaiyaok2/PythonProjects/falcon/tests/test_query_params.py: 116.80799317359924
test_list_transformer in /home/kaiyaok2/PythonProjects/falcon/tests/test_query_params.py: 116.9057469367981
test_param_property in /home/kaiyaok2/PythonProjects/falcon/tests/test_query_params.py: 117.0079493522644
test_required in /home/kaiyaok2/PythonProjects/falcon/tests/test_query_params.py: 117.12301516532898
test_blank in /home/kaiyaok2/PythonProjects/falcon/tests/test_query_params.py: 117.22961091995239
test_option_auto_parse_qs_csv_simple_true in /home/kaiyaok2/PythonProjects/falcon/tests/test_query_params.py: 117.32808351516724
test_bad_percentage in /home/kaiyaok2/PythonProjects/falcon/tests/test_query_params.py: 118.6533477306366
test_get_datetime_store in /home/kaiyaok2/PythonProjects/falcon/tests/test_query_params.py: 118.79240536689758
test_float in /home/kaiyaok2/PythonProjects/falcon/tests/test_query_params.py: 118.90029001235962
test_get_dict_store in /home/kaiyaok2/PythonProjects/falcon/tests/test_query_params.py: 118.99942445755005
test_default_auto_parse_csv_behaviour in /home/kaiyaok2/PythonProjects/falcon/tests/test_query_params.py: 119.09739828109741
test_multiple_form_keys in /home/kaiyaok2/PythonProjects/falcon/tests/test_query_params.py: 119.19550681114197
test_required in /home/kaiyaok2/PythonProjects/falcon/tests/test_query_params.py: 119.3262927532196
test_allowed_names in /home/kaiyaok2/PythonProjects/falcon/tests/test_query_params.py: 120.89521789550781
test_required in /home/kaiyaok2/PythonProjects/falcon/tests/test_query_params.py: 120.99789571762085
test_float_neg in /home/kaiyaok2/PythonProjects/falcon/tests/test_query_params.py: 121.09979128837585
test_get_dict_invalid in /home/kaiyaok2/PythonProjects/falcon/tests/test_query_params.py: 121.19919443130493
test_option_auto_parse_qs_csv_multiple_fields_true in /home/kaiyaok2/PythonProjects/falcon/tests/test_query_params.py: 121.31450986862183
test_option_auto_parse_qs_csv_multiple_fields_true in /home/kaiyaok2/PythonProjects/falcon/tests/test_query_params.py: 121.42156147956848
test_option_auto_parse_qs_csv_complex_false in /home/kaiyaok2/PythonProjects/falcon/tests/test_query_params.py: 121.52066493034363
test_bad_percentage in /home/kaiyaok2/PythonProjects/falcon/tests/test_query_params.py: 122.84817910194397
test_get_datetime_valid_with_format in /home/kaiyaok2/PythonProjects/falcon/tests/test_query_params.py: 122.95428895950317
test_get_date_valid in /home/kaiyaok2/PythonProjects/falcon/tests/test_query_params.py: 123.0715811252594
test_int in /home/kaiyaok2/PythonProjects/falcon/tests/test_query_params.py: 123.18345236778259
test_get_dict_invalid in /home/kaiyaok2/PythonProjects/falcon/tests/test_query_params.py: 123.29704785346985
test_int in /home/kaiyaok2/PythonProjects/falcon/tests/test_query_params.py: 123.39704608917236
test_has_param in /home/kaiyaok2/PythonProjects/falcon/tests/test_query_params.py: 124.85364937782288
test_option_auto_parse_qs_csv_multiple_fields_true in /home/kaiyaok2/PythonProjects/falcon/tests/test_query_params.py: 124.98094081878662
test_option_auto_parse_qs_csv_multiple_fields_true in /home/kaiyaok2/PythonProjects/falcon/tests/test_query_params.py: 125.1651258468628
test_get_date_invalid in /home/kaiyaok2/PythonProjects/falcon/tests/test_query_params.py: 125.29158401489258
test_multiple_keys_as_float in /home/kaiyaok2/PythonProjects/falcon/tests/test_query_params.py: 125.41219139099121
test_multiple_keys_as_bool in /home/kaiyaok2/PythonProjects/falcon/tests/test_query_params.py: 125.56022238731384
test_multiple_form_keys_as_list in /home/kaiyaok2/PythonProjects/falcon/tests/test_query_params.py: 127.29092979431152
test_boolean_blank in /home/kaiyaok2/PythonProjects/falcon/tests/test_query_params.py: 127.49484586715698
test_allowed_names in /home/kaiyaok2/PythonProjects/falcon/tests/test_query_params.py: 127.68751502037048
test_get_datetime_store in /home/kaiyaok2/PythonProjects/falcon/tests/test_query_params.py: 127.85984015464783
test_option_auto_parse_qs_csv_multiple_fields_true in /home/kaiyaok2/PythonProjects/falcon/tests/test_query_params.py: 128.02866959571838
test_default in /home/kaiyaok2/PythonProjects/falcon/tests/test_query_params.py: 128.20802998542786
test_boolean in /home/kaiyaok2/PythonProjects/falcon/tests/test_query_params.py: 128.37710976600647
test_multiple_form_keys in /home/kaiyaok2/PythonProjects/falcon/tests/test_query_params.py: 128.5120189189911
test_required in /home/kaiyaok2/PythonProjects/falcon/tests/test_query_params.py: 129.92198276519775
test_get_date_valid_with_format in /home/kaiyaok2/PythonProjects/falcon/tests/test_query_params.py: 130.08240914344788
test_uuid in /home/kaiyaok2/PythonProjects/falcon/tests/test_query_params.py: 130.21122074127197
test_required in /home/kaiyaok2/PythonProjects/falcon/tests/test_query_params.py: 130.3530695438385
test_required in /home/kaiyaok2/PythonProjects/falcon/tests/test_query_params.py: 130.50477957725525
test_default_auto_parse_csv_behaviour in /home/kaiyaok2/PythonProjects/falcon/tests/test_query_params.py: 130.6868166923523
test_list_type_blank in /home/kaiyaok2/PythonProjects/falcon/tests/test_query_params.py: 132.32156324386597
test_option_auto_parse_qs_csv_multiple_fields_false in /home/kaiyaok2/PythonProjects/falcon/tests/test_query_params.py: 132.43927335739136
test_get_date_valid_with_format in /home/kaiyaok2/PythonProjects/falcon/tests/test_query_params.py: 132.56241393089294
test_option_auto_parse_qs_csv_simple_true in /home/kaiyaok2/PythonProjects/falcon/tests/test_query_params.py: 132.66661381721497
test_get_date_store in /home/kaiyaok2/PythonProjects/falcon/tests/test_query_params.py: 132.7737557888031
test_required in /home/kaiyaok2/PythonProjects/falcon/tests/test_query_params.py: 132.88737773895264
test_get_dict_store in /home/kaiyaok2/PythonProjects/falcon/tests/test_query_params.py: 134.56584405899048
test_blank in /home/kaiyaok2/PythonProjects/falcon/tests/test_query_params.py: 134.68268656730652
test_get_date_store in /home/kaiyaok2/PythonProjects/falcon/tests/test_query_params.py: 134.80101251602173
test_int_neg in /home/kaiyaok2/PythonProjects/falcon/tests/test_query_params.py: 134.9262638092041
test_get_datetime_missing_param in /home/kaiyaok2/PythonProjects/falcon/tests/test_query_params.py: 135.1136293411255
test_boolean in /home/kaiyaok2/PythonProjects/falcon/tests/test_query_params.py: 135.3034634590149
test_option_auto_parse_qs_csv_multiple_fields_true in /home/kaiyaok2/PythonProjects/falcon/tests/test_query_params.py: 136.81963396072388
test_get_datetime_invalid in /home/kaiyaok2/PythonProjects/falcon/tests/test_query_params.py: 136.92894530296326
test_required in /home/kaiyaok2/PythonProjects/falcon/tests/test_query_params.py: 137.16756963729858
test_simple in /home/kaiyaok2/PythonProjects/falcon/tests/test_query_params.py: 137.33988976478577
test_multiple_keys_as_bool in /home/kaiyaok2/PythonProjects/falcon/tests/test_query_params.py: 137.53833937644958
test_param_property in /home/kaiyaok2/PythonProjects/falcon/tests/test_query_params.py: 137.6683120727539
test_list_transformer in /home/kaiyaok2/PythonProjects/falcon/tests/test_query_params.py: 137.77929043769836
test_get_param_as_json_handler_json in /home/kaiyaok2/PythonProjects/falcon/tests/test_query_params.py: 137.88333940505981
test_required in /home/kaiyaok2/PythonProjects/falcon/tests/test_query_params.py: 139.8580129146576
test_required in /home/kaiyaok2/PythonProjects/falcon/tests/test_query_params.py: 140.0570433139801
test_required in /home/kaiyaok2/PythonProjects/falcon/tests/test_query_params.py: 140.214515209198
test_get_date_invalid in /home/kaiyaok2/PythonProjects/falcon/tests/test_query_params.py: 140.3819558620453
test_list_type_blank in /home/kaiyaok2/PythonProjects/falcon/tests/test_query_params.py: 140.5774221420288
test_int_neg in /home/kaiyaok2/PythonProjects/falcon/tests/test_query_params.py: 140.71030640602112
test_percent_encoded in /home/kaiyaok2/PythonProjects/falcon/tests/test_query_params.py: 142.1037585735321
test_option_auto_parse_qs_csv_multiple_fields_true in /home/kaiyaok2/PythonProjects/falcon/tests/test_query_params.py: 142.23621797561646
test_option_auto_parse_qs_csv_multiple_fields_true in /home/kaiyaok2/PythonProjects/falcon/tests/test_query_params.py: 142.3412744998932
test_option_auto_parse_qs_csv_multiple_fields_true in /home/kaiyaok2/PythonProjects/falcon/tests/test_query_params.py: 142.45329594612122
test_option_auto_parse_qs_csv_simple_false in /home/kaiyaok2/PythonProjects/falcon/tests/test_query_params.py: 142.59793090820312
test_get_datetime_valid_with_format in /home/kaiyaok2/PythonProjects/falcon/tests/test_query_params.py: 142.7615327835083
test_get_date_missing_param in /home/kaiyaok2/PythonProjects/falcon/tests/test_query_params.py: 142.87351417541504
test_required in /home/kaiyaok2/PythonProjects/falcon/tests/test_query_params.py: 144.29481768608093
test_option_auto_parse_qs_csv_multiple_fields_false in /home/kaiyaok2/PythonProjects/falcon/tests/test_query_params.py: 144.42734813690186
test_get_date_missing_param in /home/kaiyaok2/PythonProjects/falcon/tests/test_query_params.py: 144.52804350852966
test_get_datetime_valid in /home/kaiyaok2/PythonProjects/falcon/tests/test_query_params.py: 144.67022967338562
test_option_auto_parse_qs_csv_multiple_fields_true in /home/kaiyaok2/PythonProjects/falcon/tests/test_query_params.py: 144.77420663833618
test_multiple_form_keys_as_list in /home/kaiyaok2/PythonProjects/falcon/tests/test_query_params.py: 144.89476490020752
test_boolean_blank in /home/kaiyaok2/PythonProjects/falcon/tests/test_query_params.py: 145.01140069961548
test_list_type in /home/kaiyaok2/PythonProjects/falcon/tests/test_query_params.py: 146.84312629699707
test_option_auto_parse_qs_csv_multiple_fields_true in /home/kaiyaok2/PythonProjects/falcon/tests/test_query_params.py: 146.98485374450684
test_option_auto_parse_qs_csv_complex_false in /home/kaiyaok2/PythonProjects/falcon/tests/test_query_params.py: 147.10486698150635
test_simple in /home/kaiyaok2/PythonProjects/falcon/tests/test_query_params.py: 147.22027492523193
test_get_date_valid in /home/kaiyaok2/PythonProjects/falcon/tests/test_query_params.py: 147.34735679626465
test_none in /home/kaiyaok2/PythonProjects/falcon/tests/test_query_params.py: 148.8286325931549
test_option_auto_parse_qs_csv_multiple_fields_true in /home/kaiyaok2/PythonProjects/falcon/tests/test_query_params.py: 148.9427011013031
test_uuid in /home/kaiyaok2/PythonProjects/falcon/tests/test_query_params.py: 149.08607578277588
test_get_datetime_missing_param in /home/kaiyaok2/PythonProjects/falcon/tests/test_query_params.py: 149.23465633392334
test_get_dict_valid in /home/kaiyaok2/PythonProjects/falcon/tests/test_query_params.py: 149.34343433380127
test_multiple_keys_as_int in /home/kaiyaok2/PythonProjects/falcon/tests/test_query_params.py: 149.4628508090973
test_get_datetime_invalid in /home/kaiyaok2/PythonProjects/falcon/tests/test_query_params.py: 149.56984543800354
test_float_neg in /home/kaiyaok2/PythonProjects/falcon/tests/test_query_params.py: 151.04380655288696
test_option_auto_parse_qs_csv_multiple_fields_true in /home/kaiyaok2/PythonProjects/falcon/tests/test_query_params.py: 151.2606372833252
test_percent_encoded in /home/kaiyaok2/PythonProjects/falcon/tests/test_query_params.py: 151.38877654075623
test_float in /home/kaiyaok2/PythonProjects/falcon/tests/test_query_params.py: 151.5011546611786
test_option_auto_parse_qs_csv_multiple_fields_true in /home/kaiyaok2/PythonProjects/falcon/tests/test_query_params.py: 151.69834780693054
test_none in /home/kaiyaok2/PythonProjects/falcon/tests/test_query_params.py: 151.8734917640686
test_get_dict_missing_param in /home/kaiyaok2/PythonProjects/falcon/tests/test_query_params.py: 152.00481748580933
test_get_datetime_valid in /home/kaiyaok2/PythonProjects/falcon/tests/test_query_params.py: 153.56074976921082
test_has_param in /home/kaiyaok2/PythonProjects/falcon/tests/test_query_params.py: 153.6938853263855
test_multiple_keys_as_float in /home/kaiyaok2/PythonProjects/falcon/tests/test_query_params.py: 153.8308300971985
test_dont_auto_parse_by_default in /home/kaiyaok2/PythonProjects/falcon/tests/test_query_params.py: 153.95851182937622
test_http_methods_body_expected in /home/kaiyaok2/PythonProjects/falcon/tests/test_query_params.py: 154.0873773097992
test_http_methods_body_expected in /home/kaiyaok2/PythonProjects/falcon/tests/test_query_params.py: 154.25009274482727
test_asgi_raises_error in /home/kaiyaok2/PythonProjects/falcon/tests/test_query_params.py: 155.95671677589417
test_http_methods_body_expected in /home/kaiyaok2/PythonProjects/falcon/tests/test_query_params.py: 156.07170510292053
test_non_ascii in /home/kaiyaok2/PythonProjects/falcon/tests/test_query_params.py: 156.1776967048645
test_explicitly_disable_auto_parse in /home/kaiyaok2/PythonProjects/falcon/tests/test_query_params.py: 156.28657937049866
test_http_methods_body_not_expected in /home/kaiyaok2/PythonProjects/falcon/tests/test_query_params.py: 156.40391612052917
test_empty_body in /home/kaiyaok2/PythonProjects/falcon/tests/test_query_params.py: 156.50987792015076
test_http_methods_body_not_expected in /home/kaiyaok2/PythonProjects/falcon/tests/test_query_params.py: 156.6325170993805
test_http_methods_body_expected in /home/kaiyaok2/PythonProjects/falcon/tests/test_query_params.py: 156.81799173355103
test_empty_body_no_content_length in /home/kaiyaok2/PythonProjects/falcon/tests/test_query_params.py: 158.51268529891968
test_http_methods_body_expected in /home/kaiyaok2/PythonProjects/falcon/tests/test_query_params.py: 158.62401509284973
test_float_converter in /home/kaiyaok2/PythonProjects/falcon/tests/test_uri_templates.py: 158.72522497177124
test_float_converter_non_finite_allowed in /home/kaiyaok2/PythonProjects/falcon/tests/test_uri_templates.py: 158.81446075439453
test_datetime_converter in /home/kaiyaok2/PythonProjects/falcon/tests/test_uri_templates.py: 158.89966583251953
test_single_path_segment in /home/kaiyaok2/PythonProjects/falcon/tests/test_uri_templates.py: 159.00339221954346
test_float_converter_non_finite_allowed in /home/kaiyaok2/PythonProjects/falcon/tests/test_uri_templates.py: 159.08460998535156
test_uuid_converter in /home/kaiyaok2/PythonProjects/falcon/tests/test_uri_templates.py: 159.20618605613708
test_same_level_complex_var in /home/kaiyaok2/PythonProjects/falcon/tests/test_uri_templates.py: 159.33139610290527
test_no_vars in /home/kaiyaok2/PythonProjects/falcon/tests/test_uri_templates.py: 161.19846892356873
test_uuid_converter in /home/kaiyaok2/PythonProjects/falcon/tests/test_uri_templates.py: 161.29849815368652
test_float_converter in /home/kaiyaok2/PythonProjects/falcon/tests/test_uri_templates.py: 161.39257550239563
test_single in /home/kaiyaok2/PythonProjects/falcon/tests/test_uri_templates.py: 161.47893738746643
test_with_and_without_trailing_slash in /home/kaiyaok2/PythonProjects/falcon/tests/test_uri_templates.py: 161.5694224834442
test_int_converter_rejections in /home/kaiyaok2/PythonProjects/falcon/tests/test_uri_templates.py: 161.67600917816162
test_float_converter in /home/kaiyaok2/PythonProjects/falcon/tests/test_uri_templates.py: 161.76307725906372
test_float_converter in /home/kaiyaok2/PythonProjects/falcon/tests/test_uri_templates.py: 161.84223818778992
test_converter_custom in /home/kaiyaok2/PythonProjects/falcon/tests/test_uri_templates.py: 161.93606853485107
test_single in /home/kaiyaok2/PythonProjects/falcon/tests/test_uri_templates.py: 163.75393748283386
test_datetime_converter in /home/kaiyaok2/PythonProjects/falcon/tests/test_uri_templates.py: 163.8909833431244
test_int_converter in /home/kaiyaok2/PythonProjects/falcon/tests/test_uri_templates.py: 163.980947971344
test_float_converter in /home/kaiyaok2/PythonProjects/falcon/tests/test_uri_templates.py: 164.06916856765747
test_datetime_converter in /home/kaiyaok2/PythonProjects/falcon/tests/test_uri_templates.py: 164.1535460948944
test_float_converter in /home/kaiyaok2/PythonProjects/falcon/tests/test_uri_templates.py: 164.2382128238678
test_float_converter in /home/kaiyaok2/PythonProjects/falcon/tests/test_uri_templates.py: 164.31448888778687
test_same_level_complex_var in /home/kaiyaok2/PythonProjects/falcon/tests/test_uri_templates.py: 164.40358567237854
test_int_converter in /home/kaiyaok2/PythonProjects/falcon/tests/test_uri_templates.py: 164.49059987068176
test_uuid_converter_complex_segment in /home/kaiyaok2/PythonProjects/falcon/tests/test_uri_templates.py: 165.84659886360168
test_int_converter in /home/kaiyaok2/PythonProjects/falcon/tests/test_uri_templates.py: 165.9511547088623
test_single in /home/kaiyaok2/PythonProjects/falcon/tests/test_uri_templates.py: 166.04530906677246
test_float_converter in /home/kaiyaok2/PythonProjects/falcon/tests/test_uri_templates.py: 166.12340807914734
test_float_converter in /home/kaiyaok2/PythonProjects/falcon/tests/test_uri_templates.py: 166.27091240882874
test_float_converter_non_finite_allowed in /home/kaiyaok2/PythonProjects/falcon/tests/test_uri_templates.py: 166.4367871284485
test_uuid_converter in /home/kaiyaok2/PythonProjects/falcon/tests/test_uri_templates.py: 166.5686719417572
test_uuid_converter in /home/kaiyaok2/PythonProjects/falcon/tests/test_uri_templates.py: 166.70238375663757
test_converter_custom in /home/kaiyaok2/PythonProjects/falcon/tests/test_uri_templates.py: 166.85194087028503
test_float_converter in /home/kaiyaok2/PythonProjects/falcon/tests/test_uri_templates.py: 166.98152661323547
test_adding_suffix_routes in /home/kaiyaok2/PythonProjects/falcon/tests/test_uri_templates.py: 168.4268810749054
test_float_converter in /home/kaiyaok2/PythonProjects/falcon/tests/test_uri_templates.py: 168.5196921825409
test_float_converter_non_finite_disallowed in /home/kaiyaok2/PythonProjects/falcon/tests/test_uri_templates.py: 168.59858417510986
test_int_converter in /home/kaiyaok2/PythonProjects/falcon/tests/test_uri_templates.py: 168.67606568336487
test_datetime_converter in /home/kaiyaok2/PythonProjects/falcon/tests/test_uri_templates.py: 168.75421667099
test_int_converter_rejections in /home/kaiyaok2/PythonProjects/falcon/tests/test_uri_templates.py: 168.85218214988708
test_uuid_converter in /home/kaiyaok2/PythonProjects/falcon/tests/test_uri_templates.py: 168.93908596038818
test_float_converter in /home/kaiyaok2/PythonProjects/falcon/tests/test_uri_templates.py: 169.0162854194641
test_multiple in /home/kaiyaok2/PythonProjects/falcon/tests/test_uri_templates.py: 169.0966672897339
test_int_converter_rejections in /home/kaiyaok2/PythonProjects/falcon/tests/test_uri_templates.py: 170.48572897911072
test_single_trailing_slash in /home/kaiyaok2/PythonProjects/falcon/tests/test_uri_templates.py: 170.57196521759033
test_special_chars in /home/kaiyaok2/PythonProjects/falcon/tests/test_uri_templates.py: 170.65926361083984
test_with_and_without_trailing_slash in /home/kaiyaok2/PythonProjects/falcon/tests/test_uri_templates.py: 170.73938870429993
test_converter_custom in /home/kaiyaok2/PythonProjects/falcon/tests/test_uri_templates.py: 170.82680487632751
test_root_path in /home/kaiyaok2/PythonProjects/falcon/tests/test_uri_templates.py: 170.93061637878418
test_uuid_converter in /home/kaiyaok2/PythonProjects/falcon/tests/test_uri_templates.py: 171.02120852470398
test_title_default_message_if_none in /home/kaiyaok2/PythonProjects/falcon/tests/test_httperror.py: 171.3594582080841
test_client_does_not_accept_anything in /home/kaiyaok2/PythonProjects/falcon/tests/test_httperror.py: 171.49952340126038
test_416 in /home/kaiyaok2/PythonProjects/falcon/tests/test_httperror.py: 173.2627215385437
test_missing_param in /home/kaiyaok2/PythonProjects/falcon/tests/test_httperror.py: 173.36450624465942
test_405_with_body in /home/kaiyaok2/PythonProjects/falcon/tests/test_httperror.py: 173.51248741149902
test_414_with_description in /home/kaiyaok2/PythonProjects/falcon/tests/test_httperror.py: 173.61068201065063
test_missing_header in /home/kaiyaok2/PythonProjects/falcon/tests/test_httperror.py: 173.70521807670593
test_title_default_message_if_none in /home/kaiyaok2/PythonProjects/falcon/tests/test_httperror.py: 173.79778289794922
test_503_datetime_retry_after in /home/kaiyaok2/PythonProjects/falcon/tests/test_httperror.py: 173.8903410434723
test_title_default_message_if_none in /home/kaiyaok2/PythonProjects/falcon/tests/test_httperror.py: 173.98643612861633
test_unicode_json in /home/kaiyaok2/PythonProjects/falcon/tests/test_httperror.py: 175.35365462303162
test_401 in /home/kaiyaok2/PythonProjects/falcon/tests/test_httperror.py: 175.47945737838745
test_epic_fail_xml in /home/kaiyaok2/PythonProjects/falcon/tests/test_httperror.py: 175.57464838027954
test_405_without_body_with_extra_headers_double_check in /home/kaiyaok2/PythonProjects/falcon/tests/test_httperror.py: 175.66973185539246
test_forbidden in /home/kaiyaok2/PythonProjects/falcon/tests/test_httperror.py: 175.7665660381317
test_invalid_header in /home/kaiyaok2/PythonProjects/falcon/tests/test_httperror.py: 176.00429701805115
test_503_integer_retry_after in /home/kaiyaok2/PythonProjects/falcon/tests/test_httperror.py: 176.20193147659302
test_410_without_body in /home/kaiyaok2/PythonProjects/falcon/tests/test_httperror.py: 178.02377080917358
test_invalid_param in /home/kaiyaok2/PythonProjects/falcon/tests/test_httperror.py: 178.12700009346008
test_unicode_xml in /home/kaiyaok2/PythonProjects/falcon/tests/test_httperror.py: 178.21988558769226
test_no_description_json in /home/kaiyaok2/PythonProjects/falcon/tests/test_httperror.py: 178.31249618530273
test_411 in /home/kaiyaok2/PythonProjects/falcon/tests/test_httperror.py: 178.40428161621094
test_custom_error_serializer_optional_representation in /home/kaiyaok2/PythonProjects/falcon/tests/test_httperror.py: 178.4975619316101
test_epic_fail_xml in /home/kaiyaok2/PythonProjects/falcon/tests/test_httperror.py: 178.59691429138184
test_forbidden in /home/kaiyaok2/PythonProjects/falcon/tests/test_httperror.py: 178.6905701160431
test_misc in /home/kaiyaok2/PythonProjects/falcon/tests/test_httperror.py: 180.06421327590942
test_405_without_body in /home/kaiyaok2/PythonProjects/falcon/tests/test_httperror.py: 180.16370058059692
test_414_with_custom_kwargs in /home/kaiyaok2/PythonProjects/falcon/tests/test_httperror.py: 180.2659454345703
test_custom_error_serializer_optional_representation in /home/kaiyaok2/PythonProjects/falcon/tests/test_httperror.py: 180.36957716941833
test_custom_error_serializer in /home/kaiyaok2/PythonProjects/falcon/tests/test_httperror.py: 180.47150206565857
test_404_without_body in /home/kaiyaok2/PythonProjects/falcon/tests/test_httperror.py: 180.56595301628113
test_title_default_message_if_none in /home/kaiyaok2/PythonProjects/falcon/tests/test_httperror.py: 180.66097331047058
test_custom_error_serializer_optional_representation in /home/kaiyaok2/PythonProjects/falcon/tests/test_httperror.py: 182.71891832351685
test_temporary_413_datetime_retry_after in /home/kaiyaok2/PythonProjects/falcon/tests/test_httperror.py: 182.8673493862152
test_temporary_413_integer_retry_after in /home/kaiyaok2/PythonProjects/falcon/tests/test_httperror.py: 183.03113532066345
test_epic_fail_xml in /home/kaiyaok2/PythonProjects/falcon/tests/test_httperror.py: 183.12835693359375
test_client_does_not_accept_json_or_xml in /home/kaiyaok2/PythonProjects/falcon/tests/test_httperror.py: 183.2312560081482
test_serialize_error_uses_media_handler in /home/kaiyaok2/PythonProjects/falcon/tests/test_httperror.py: 183.33347082138062
test_title_default_message_if_none in /home/kaiyaok2/PythonProjects/falcon/tests/test_httperror.py: 183.42837762832642
test_no_description_xml in /home/kaiyaok2/PythonProjects/falcon/tests/test_httperror.py: 183.52843284606934
test_429_no_retry_after in /home/kaiyaok2/PythonProjects/falcon/tests/test_httperror.py: 185.04663681983948
test_414 in /home/kaiyaok2/PythonProjects/falcon/tests/test_httperror.py: 185.18199706077576
test_serialize_no_json_media_handler in /home/kaiyaok2/PythonProjects/falcon/tests/test_httperror.py: 185.27994656562805
test_429 in /home/kaiyaok2/PythonProjects/falcon/tests/test_httperror.py: 185.37444257736206
test_title_default_message_if_none in /home/kaiyaok2/PythonProjects/falcon/tests/test_httperror.py: 185.499929189682
test_epic_fail_xml in /home/kaiyaok2/PythonProjects/falcon/tests/test_httperror.py: 185.61523294448853
test_404_with_body in /home/kaiyaok2/PythonProjects/falcon/tests/test_httperror.py: 185.73394322395325
test_414_with_title in /home/kaiyaok2/PythonProjects/falcon/tests/test_httperror.py: 185.8416392803192
test_base_class in /home/kaiyaok2/PythonProjects/falcon/tests/test_httperror.py: 187.37175393104553
test_413 in /home/kaiyaok2/PythonProjects/falcon/tests/test_httperror.py: 187.47375631332397
test_custom_error_serializer_optional_representation in /home/kaiyaok2/PythonProjects/falcon/tests/test_httperror.py: 187.5778729915619
test_epic_fail_json in /home/kaiyaok2/PythonProjects/falcon/tests/test_httperror.py: 187.70649433135986
test_429_datetime in /home/kaiyaok2/PythonProjects/falcon/tests/test_httperror.py: 187.8413200378418
test_forbidden in /home/kaiyaok2/PythonProjects/falcon/tests/test_httperror.py: 187.98151016235352
test_410_with_body in /home/kaiyaok2/PythonProjects/falcon/tests/test_httperror.py: 188.08889389038086
test_405_without_body_with_extra_headers in /home/kaiyaok2/PythonProjects/falcon/tests/test_httperror.py: 188.182932138443
test_custom_serializer_no_representation in /home/kaiyaok2/PythonProjects/falcon/tests/test_httperror.py: 189.66813254356384
test_json_err_no_handler in /home/kaiyaok2/PythonProjects/falcon/tests/test_media_handlers.py: 190.2799232006073
test_json_err_no_handler in /home/kaiyaok2/PythonProjects/falcon/tests/test_media_handlers.py: 190.4602746963501
test_route_precedence in /home/kaiyaok2/PythonProjects/falcon/tests/test_sinks.py: 190.7549707889557
test_route_precedence_with_both_id in /home/kaiyaok2/PythonProjects/falcon/tests/test_sinks.py: 190.86032509803772
test_route_precedence_with_id in /home/kaiyaok2/PythonProjects/falcon/tests/test_sinks.py: 190.9513087272644
test_with_route in /home/kaiyaok2/PythonProjects/falcon/tests/test_sinks.py: 191.0547513961792
test_add_sync_sink_with_wrapping in /home/kaiyaok2/PythonProjects/falcon/tests/test_sinks.py: 191.09163284301758
test_routes in /home/kaiyaok2/PythonProjects/falcon/tests/test_inspect.py: 193.23551678657532
test_sink in /home/kaiyaok2/PythonProjects/falcon/tests/test_inspect.py: 193.36599135398865
test_error_handler in /home/kaiyaok2/PythonProjects/falcon/tests/test_inspect.py: 194.94283151626587
test_static_routes in /home/kaiyaok2/PythonProjects/falcon/tests/test_inspect.py: 195.02364039421082
test_app in /home/kaiyaok2/PythonProjects/falcon/tests/test_inspect.py: 195.09636449813843
test_middleware in /home/kaiyaok2/PythonProjects/falcon/tests/test_inspect.py: 195.16520833969116
test_middleware_tree in /home/kaiyaok2/PythonProjects/falcon/tests/test_inspect.py: 195.26825976371765
test_inspect in /home/kaiyaok2/PythonProjects/falcon/tests/test_cmd_inspect_app.py: 195.41104984283447
test_inspect in /home/kaiyaok2/PythonProjects/falcon/tests/test_cmd_inspect_app.py: 195.4903645515442
test_routes_only in /home/kaiyaok2/PythonProjects/falcon/tests/test_cmd_inspect_app.py: 195.58331561088562
test_routes_only in /home/kaiyaok2/PythonProjects/falcon/tests/test_cmd_inspect_app.py: 195.65813994407654
test_routes_only in /home/kaiyaok2/PythonProjects/falcon/tests/test_cmd_inspect_app.py: 195.73435735702515
test_inspect in /home/kaiyaok2/PythonProjects/falcon/tests/test_cmd_inspect_app.py: 195.8070273399353
test_inspect in /home/kaiyaok2/PythonProjects/falcon/tests/test_cmd_inspect_app.py: 195.89553356170654
test_routes_only in /home/kaiyaok2/PythonProjects/falcon/tests/test_cmd_inspect_app.py: 195.9719409942627
test_load_app_error in /home/kaiyaok2/PythonProjects/falcon/tests/test_cmd_inspect_app.py: 196.04415225982666
test_load_app_error in /home/kaiyaok2/PythonProjects/falcon/tests/test_cmd_inspect_app.py: 196.11794805526733
test_load_app in /home/kaiyaok2/PythonProjects/falcon/tests/test_cmd_inspect_app.py: 196.2032070159912
test_load_app_error in /home/kaiyaok2/PythonProjects/falcon/tests/test_cmd_inspect_app.py: 196.29191160202026
test_load_app in /home/kaiyaok2/PythonProjects/falcon/tests/test_cmd_inspect_app.py: 196.36283493041992
test_allow_credential_existing_origin in /home/kaiyaok2/PythonProjects/falcon/tests/test_cors_middleware.py: 212.8687756061554
test_allow_origin_allow_credential in /home/kaiyaok2/PythonProjects/falcon/tests/test_cors_middleware.py: 212.94931817054749
test_expose_headers in /home/kaiyaok2/PythonProjects/falcon/tests/test_cors_middleware.py: 213.05775046348572
test_allow_credential_list_or_str in /home/kaiyaok2/PythonProjects/falcon/tests/test_cors_middleware.py: 213.1433141231537
test_allow_origin in /home/kaiyaok2/PythonProjects/falcon/tests/test_cors_middleware.py: 214.51935124397278
test_allow_credential_list_or_str in /home/kaiyaok2/PythonProjects/falcon/tests/test_cors_middleware.py: 214.62952303886414
test_allow_origin in /home/kaiyaok2/PythonProjects/falcon/tests/test_cors_middleware.py: 214.70343613624573
test_allow_credential_wildcard in /home/kaiyaok2/PythonProjects/falcon/tests/test_cors_middleware.py: 214.77496433258057
test_expose_headers in /home/kaiyaok2/PythonProjects/falcon/tests/test_cors_middleware.py: 214.85333228111267
test_expose_headers in /home/kaiyaok2/PythonProjects/falcon/tests/test_cors_middleware.py: 214.92334246635437
test_allow_origin in /home/kaiyaok2/PythonProjects/falcon/tests/test_cors_middleware.py: 214.9932496547699
test_disabled_cors_should_not_add_any_extra_headers in /home/kaiyaok2/PythonProjects/falcon/tests/test_cors_middleware.py: 215.08178281784058
test_enabled_cors_no_origin in /home/kaiyaok2/PythonProjects/falcon/tests/test_cors_middleware.py: 215.16853976249695
test_enabled_cors_should_add_extra_headers_on_response in /home/kaiyaok2/PythonProjects/falcon/tests/test_cors_middleware.py: 215.2387354373932
test_enabled_cors_handles_preflighting in /home/kaiyaok2/PythonProjects/falcon/tests/test_cors_middleware.py: 215.31189703941345
test_enabled_cors_handles_preflighting_no_headers_in_req in /home/kaiyaok2/PythonProjects/falcon/tests/test_cors_middleware.py: 215.39213466644287
test_enabled_cors_should_accept_all_origins_requests in /home/kaiyaok2/PythonProjects/falcon/tests/test_cors_middleware.py: 215.47239089012146
test_append_link_complex in /home/kaiyaok2/PythonProjects/falcon/tests/test_headers.py: 261.39866042137146
test_content_disposition_attachment_header in /home/kaiyaok2/PythonProjects/falcon/tests/test_headers.py: 261.49109292030334
test_append_link_with_anchor in /home/kaiyaok2/PythonProjects/falcon/tests/test_headers.py: 261.60378909111023
test_unicode_headers_contain_non_ascii in /home/kaiyaok2/PythonProjects/falcon/tests/test_headers.py: 261.69749116897583
test_unicode_location_headers in /home/kaiyaok2/PythonProjects/falcon/tests/test_headers.py: 261.80132126808167
test_content_disposition_attachment_header in /home/kaiyaok2/PythonProjects/falcon/tests/test_headers.py: 261.88938212394714
test_default_value in /home/kaiyaok2/PythonProjects/falcon/tests/test_headers.py: 263.33025312423706
test_content_length in /home/kaiyaok2/PythonProjects/falcon/tests/test_headers.py: 263.42616176605225
test_get_header_as_int in /home/kaiyaok2/PythonProjects/falcon/tests/test_headers.py: 263.51464653015137
test_unset_header in /home/kaiyaok2/PythonProjects/falcon/tests/test_headers.py: 263.61831164360046
test_append_link_crossorigin in /home/kaiyaok2/PythonProjects/falcon/tests/test_headers.py: 263.73919916152954
test_content_disposition_attachment_header in /home/kaiyaok2/PythonProjects/falcon/tests/test_headers.py: 263.8278148174286
test_default_media_type in /home/kaiyaok2/PythonProjects/falcon/tests/test_headers.py: 263.94811749458313
test_append_link_with_type_hint in /home/kaiyaok2/PythonProjects/falcon/tests/test_headers.py: 265.4147951602936
test_content_disposition_inline_header in /home/kaiyaok2/PythonProjects/falcon/tests/test_headers.py: 265.5285007953644
test_response_set_and_get_header in /home/kaiyaok2/PythonProjects/falcon/tests/test_headers.py: 265.6184389591217
test_unicode_headers_contain_non_ascii in /home/kaiyaok2/PythonProjects/falcon/tests/test_headers.py: 265.72186851501465
test_vary_star in /home/kaiyaok2/PythonProjects/falcon/tests/test_headers.py: 265.84718227386475
test_unicode_headers_contain_non_ascii in /home/kaiyaok2/PythonProjects/falcon/tests/test_headers.py: 265.9483392238617
test_append_link_with_title in /home/kaiyaok2/PythonProjects/falcon/tests/test_headers.py: 266.12262892723083
test_declared_content_length_overridden_by_no_body in /home/kaiyaok2/PythonProjects/falcon/tests/test_headers.py: 266.22347021102905
test_expires_header in /home/kaiyaok2/PythonProjects/falcon/tests/test_headers.py: 267.8548798561096
test_response_header_helpers_on_get in /home/kaiyaok2/PythonProjects/falcon/tests/test_headers.py: 267.9614086151123
test_override_default_media_type_missing_encoding in /home/kaiyaok2/PythonProjects/falcon/tests/test_headers.py: 268.09025144577026
test_content_disposition_attachment_header in /home/kaiyaok2/PythonProjects/falcon/tests/test_headers.py: 268.1807975769043
test_declared_content_length_on_head in /home/kaiyaok2/PythonProjects/falcon/tests/test_headers.py: 268.28090929985046
test_no_content_length in /home/kaiyaok2/PythonProjects/falcon/tests/test_headers.py: 268.37203073501587
test_append_link_with_title_star in /home/kaiyaok2/PythonProjects/falcon/tests/test_headers.py: 268.4940164089203
test_append_link_multiple in /home/kaiyaok2/PythonProjects/falcon/tests/test_headers.py: 268.6606159210205
test_required_header in /home/kaiyaok2/PythonProjects/falcon/tests/test_headers.py: 270.4892683029175
test_set_headers_with_custom_class in /home/kaiyaok2/PythonProjects/falcon/tests/test_headers.py: 270.6139500141144
test_vary_header in /home/kaiyaok2/PythonProjects/falcon/tests/test_headers.py: 270.7537305355072
test_unicode_headers_contain_only_ascii in /home/kaiyaok2/PythonProjects/falcon/tests/test_headers.py: 270.87764716148376
test_content_disposition_attachment_header in /home/kaiyaok2/PythonProjects/falcon/tests/test_headers.py: 271.01090383529663
test_override_default_media_type in /home/kaiyaok2/PythonProjects/falcon/tests/test_headers.py: 271.12260150909424
test_append_link_crossorigin in /home/kaiyaok2/PythonProjects/falcon/tests/test_headers.py: 271.28294610977173
test_vary_header in /home/kaiyaok2/PythonProjects/falcon/tests/test_headers.py: 271.4504952430725
test_append_link_single in /home/kaiyaok2/PythonProjects/falcon/tests/test_headers.py: 273.6548252105713
test_custom_content_type in /home/kaiyaok2/PythonProjects/falcon/tests/test_headers.py: 273.77462911605835
test_override_default_media_type in /home/kaiyaok2/PythonProjects/falcon/tests/test_headers.py: 273.8965401649475
test_unicode_headers_contain_non_ascii in /home/kaiyaok2/PythonProjects/falcon/tests/test_headers.py: 274.0059018135071
test_append_link_with_link_extension in /home/kaiyaok2/PythonProjects/falcon/tests/test_headers.py: 274.14754700660706
test_request_latin1_headers in /home/kaiyaok2/PythonProjects/falcon/tests/test_headers.py: 274.28084230422974
test_content_disposition_inline_header in /home/kaiyaok2/PythonProjects/falcon/tests/test_headers.py: 274.41107726097107
test_no_content_type in /home/kaiyaok2/PythonProjects/falcon/tests/test_headers.py: 276.1684651374817
test_content_type_no_body in /home/kaiyaok2/PythonProjects/falcon/tests/test_headers.py: 276.34608340263367
test_response_append_header in /home/kaiyaok2/PythonProjects/falcon/tests/test_headers.py: 276.49117612838745
test_declared_content_length_overriden_by_data_length in /home/kaiyaok2/PythonProjects/falcon/tests/test_headers.py: 276.7068119049072
test_request_multiple_header in /home/kaiyaok2/PythonProjects/falcon/tests/test_headers.py: 276.8578188419342
test_append_link_crossorigin in /home/kaiyaok2/PythonProjects/falcon/tests/test_headers.py: 277.0089087486267
test_content_disposition_attachment_header in /home/kaiyaok2/PythonProjects/falcon/tests/test_headers.py: 277.119158744812
test_content_disposition_attachment_header in /home/kaiyaok2/PythonProjects/falcon/tests/test_headers.py: 277.21299147605896
test_headers_with_custom_class_not_callable in /home/kaiyaok2/PythonProjects/falcon/tests/test_headers.py: 279.1996467113495
test_content_disposition_inline_header in /home/kaiyaok2/PythonProjects/falcon/tests/test_headers.py: 279.3357422351837
test_declared_content_length_overriden_by_body_length in /home/kaiyaok2/PythonProjects/falcon/tests/test_headers.py: 279.45550990104675
test_content_disposition_attachment_header in /home/kaiyaok2/PythonProjects/falcon/tests/test_headers.py: 279.5837552547455
test_headers_as_list in /home/kaiyaok2/PythonProjects/falcon/tests/test_headers.py: 279.68072724342346
test_no_content_type in /home/kaiyaok2/PythonProjects/falcon/tests/test_headers.py: 279.7764160633087
test_append_link_crossorigin in /home/kaiyaok2/PythonProjects/falcon/tests/test_headers.py: 279.91034722328186
test_passthrough_request_headers in /home/kaiyaok2/PythonProjects/falcon/tests/test_headers.py: 280.0421826839447
test_append_link_crossorigin in /home/kaiyaok2/PythonProjects/falcon/tests/test_headers.py: 281.79285883903503
test_no_content_length in /home/kaiyaok2/PythonProjects/falcon/tests/test_headers.py: 281.89677119255066
test_append_link_with_hreflang_multi in /home/kaiyaok2/PythonProjects/falcon/tests/test_headers.py: 282.0460660457611
test_unset_header in /home/kaiyaok2/PythonProjects/falcon/tests/test_headers.py: 282.1493330001831
test_append_link_crossorigin in /home/kaiyaok2/PythonProjects/falcon/tests/test_headers.py: 282.3235054016113
test_append_link_with_hreflang in /home/kaiyaok2/PythonProjects/falcon/tests/test_headers.py: 282.4578800201416
test_cookie_expires_naive in /home/kaiyaok2/PythonProjects/falcon/tests/test_cookies.py: 282.53810811042786
test_cookies_setable in /home/kaiyaok2/PythonProjects/falcon/tests/test_cookies.py: 282.6261856555939
test_response_complex_case in /home/kaiyaok2/PythonProjects/falcon/tests/test_cookies.py: 282.7047040462494
test_unset_cookies_samesite in /home/kaiyaok2/PythonProjects/falcon/tests/test_cookies.py: 284.32652473449707
test_none_same_site_value in /home/kaiyaok2/PythonProjects/falcon/tests/test_cookies.py: 284.4136583805084
test_cookie_timezone in /home/kaiyaok2/PythonProjects/falcon/tests/test_cookies.py: 284.49627208709717
test_response_disable_secure_globally in /home/kaiyaok2/PythonProjects/falcon/tests/test_cookies.py: 284.6060194969177
test_cookie_max_age_float_and_string in /home/kaiyaok2/PythonProjects/falcon/tests/test_cookies.py: 284.76907229423523
test_response_unset_cookie in /home/kaiyaok2/PythonProjects/falcon/tests/test_cookies.py: 284.87839460372925
test_cookie_max_age_float_and_string in /home/kaiyaok2/PythonProjects/falcon/tests/test_cookies.py: 284.97543025016785
test_same_site_empty_string in /home/kaiyaok2/PythonProjects/falcon/tests/test_cookies.py: 285.0843689441681
test_cookie_expires_aware in /home/kaiyaok2/PythonProjects/falcon/tests/test_cookies.py: 285.1669328212738
test_strict_same_site_value in /home/kaiyaok2/PythonProjects/falcon/tests/test_cookies.py: 285.25688099861145
test_unset_cookies in /home/kaiyaok2/PythonProjects/falcon/tests/test_cookies.py: 285.3464050292969
test_response_base_case in /home/kaiyaok2/PythonProjects/falcon/tests/test_cookies.py: 287.09570693969727
test_lax_same_site_value in /home/kaiyaok2/PythonProjects/falcon/tests/test_cookies.py: 287.1848216056824
test_redirect in /home/kaiyaok2/PythonProjects/falcon/tests/test_redirects.py: 287.5004689693451
test_redirect in /home/kaiyaok2/PythonProjects/falcon/tests/test_redirects.py: 287.56846261024475
test_redirect_with_headers in /home/kaiyaok2/PythonProjects/falcon/tests/test_redirects.py: 287.67304396629333
test_redirect in /home/kaiyaok2/PythonProjects/falcon/tests/test_redirects.py: 287.7636408805847
test_redirect in /home/kaiyaok2/PythonProjects/falcon/tests/test_redirects.py: 287.845130443573
test_redirect_with_headers in /home/kaiyaok2/PythonProjects/falcon/tests/test_redirects.py: 287.91618490219116
test_redirect_with_headers in /home/kaiyaok2/PythonProjects/falcon/tests/test_redirects.py: 287.98702669143677
test_redirect in /home/kaiyaok2/PythonProjects/falcon/tests/test_redirects.py: 288.0754714012146
test_redirect_with_headers in /home/kaiyaok2/PythonProjects/falcon/tests/test_redirects.py: 288.16262197494507
test_redirect_with_headers in /home/kaiyaok2/PythonProjects/falcon/tests/test_redirects.py: 288.22947788238525
test_wrapped_resource in /home/kaiyaok2/PythonProjects/falcon/tests/test_before_hooks.py: 297.15939140319824
test_field_validator in /home/kaiyaok2/PythonProjects/falcon/tests/test_before_hooks.py: 298.8495147228241
test_piggybacking_resource_post_and_delete in /home/kaiyaok2/PythonProjects/falcon/tests/test_before_hooks.py: 298.9640772342682
test_input_validator_inherited in /home/kaiyaok2/PythonProjects/falcon/tests/test_before_hooks.py: 299.0577805042267
test_param_validator in /home/kaiyaok2/PythonProjects/falcon/tests/test_before_hooks.py: 299.1526532173157
test_multiple_resource_hooks in /home/kaiyaok2/PythonProjects/falcon/tests/test_before_hooks.py: 299.31098675727844
test_multiple_resource_hooks in /home/kaiyaok2/PythonProjects/falcon/tests/test_before_hooks.py: 299.40610694885254
test_piggybacking_resource_post_item in /home/kaiyaok2/PythonProjects/falcon/tests/test_before_hooks.py: 299.48821091651917
test_field_validator in /home/kaiyaok2/PythonProjects/falcon/tests/test_before_hooks.py: 299.594562292099
test_input_validator in /home/kaiyaok2/PythonProjects/falcon/tests/test_before_hooks.py: 299.69686913490295
test_field_validator in /home/kaiyaok2/PythonProjects/falcon/tests/test_before_hooks.py: 299.791695356369
test_wrapped_resource_with_hooks_aware_of_resource in /home/kaiyaok2/PythonProjects/falcon/tests/test_before_hooks.py: 301.53356289863586
