test_jsonchema_validator in /home/kaiyaok2/PythonProjects/falcon/tests/asgi/test_cythonized_asgi.py: 2.980658531188965
test_hooks in /home/kaiyaok2/PythonProjects/falcon/tests/asgi/test_cythonized_asgi.py: 4.543415307998657
test_stream_has_private_read in /home/kaiyaok2/PythonProjects/falcon/tests/test_cython.py: 37.44957756996155
test_imported_from_c_modules in /home/kaiyaok2/PythonProjects/falcon/tests/test_cython.py: 37.45985817909241
test_catch_http_no_route_error in /home/kaiyaok2/PythonProjects/falcon/tests/test_error_handlers.py: 37.60534858703613
test_caught_error_async in /home/kaiyaok2/PythonProjects/falcon/tests/test_error_handlers.py: 37.71224331855774
test_non_string_status in /home/kaiyaok2/PythonProjects/falcon/tests/test_httpstatus.py: 38.61561059951782
test_non_string_status in /home/kaiyaok2/PythonProjects/falcon/tests/test_httpstatus.py: 38.705878019332886
test_non_string_status in /home/kaiyaok2/PythonProjects/falcon/tests/test_httpstatus.py: 38.79363393783569
test_non_string_status in /home/kaiyaok2/PythonProjects/falcon/tests/test_httpstatus.py: 38.88277816772461
test_non_string_status in /home/kaiyaok2/PythonProjects/falcon/tests/test_httpstatus.py: 38.96719574928284
test_non_string_status in /home/kaiyaok2/PythonProjects/falcon/tests/test_httpstatus.py: 40.30113482475281
test_non_string_status in /home/kaiyaok2/PythonProjects/falcon/tests/test_httpstatus.py: 40.38716697692871
test_non_string_status in /home/kaiyaok2/PythonProjects/falcon/tests/test_httpstatus.py: 40.47022080421448
test_non_string_status in /home/kaiyaok2/PythonProjects/falcon/tests/test_httpstatus.py: 40.54822373390198
test_non_string_status in /home/kaiyaok2/PythonProjects/falcon/tests/test_httpstatus.py: 40.625242710113525
test_non_string_status in /home/kaiyaok2/PythonProjects/falcon/tests/test_httpstatus.py: 40.70319700241089
test_non_string_status in /home/kaiyaok2/PythonProjects/falcon/tests/test_httpstatus.py: 40.7850239276886
test_non_string_status in /home/kaiyaok2/PythonProjects/falcon/tests/test_httpstatus.py: 40.86639976501465
test_non_string_status in /home/kaiyaok2/PythonProjects/falcon/tests/test_httpstatus.py: 42.28995060920715
test_input_validator_inherited in /home/kaiyaok2/PythonProjects/falcon/tests/test_before_hooks.py: 42.43237257003784
test_multiple_resource_hooks in /home/kaiyaok2/PythonProjects/falcon/tests/test_before_hooks.py: 42.511958837509155
test_field_validator in /home/kaiyaok2/PythonProjects/falcon/tests/test_before_hooks.py: 42.5924859046936
test_field_validator in /home/kaiyaok2/PythonProjects/falcon/tests/test_before_hooks.py: 42.66955542564392
test_field_validator in /home/kaiyaok2/PythonProjects/falcon/tests/test_before_hooks.py: 42.77955675125122
test_wrapped_resource_with_hooks_aware_of_resource in /home/kaiyaok2/PythonProjects/falcon/tests/test_before_hooks.py: 42.856295108795166
test_param_validator in /home/kaiyaok2/PythonProjects/falcon/tests/test_before_hooks.py: 42.93933844566345
test_input_validator in /home/kaiyaok2/PythonProjects/falcon/tests/test_before_hooks.py: 44.22650933265686
test_wrapped_resource in /home/kaiyaok2/PythonProjects/falcon/tests/test_before_hooks.py: 44.31367015838623
test_multiple_resource_hooks in /home/kaiyaok2/PythonProjects/falcon/tests/test_before_hooks.py: 44.39606046676636
test_piggybacking_resource_post_and_delete in /home/kaiyaok2/PythonProjects/falcon/tests/test_before_hooks.py: 44.48582625389099
test_piggybacking_resource_post_item in /home/kaiyaok2/PythonProjects/falcon/tests/test_before_hooks.py: 44.564868450164795
test_inspect in /home/kaiyaok2/PythonProjects/falcon/tests/test_cmd_inspect_app.py: 44.67550778388977
test_inspect in /home/kaiyaok2/PythonProjects/falcon/tests/test_cmd_inspect_app.py: 44.73381042480469
test_inspect in /home/kaiyaok2/PythonProjects/falcon/tests/test_cmd_inspect_app.py: 44.80214238166809
test_routes_only in /home/kaiyaok2/PythonProjects/falcon/tests/test_cmd_inspect_app.py: 44.86206269264221
test_inspect in /home/kaiyaok2/PythonProjects/falcon/tests/test_cmd_inspect_app.py: 44.920217752456665
test_routes_only in /home/kaiyaok2/PythonProjects/falcon/tests/test_cmd_inspect_app.py: 45.052064180374146
test_routes_only in /home/kaiyaok2/PythonProjects/falcon/tests/test_cmd_inspect_app.py: 45.17326283454895
test_routes_only in /home/kaiyaok2/PythonProjects/falcon/tests/test_cmd_inspect_app.py: 45.282848596572876
test_load_app_error in /home/kaiyaok2/PythonProjects/falcon/tests/test_cmd_inspect_app.py: 45.38583588600159
test_load_app_error in /home/kaiyaok2/PythonProjects/falcon/tests/test_cmd_inspect_app.py: 45.487159967422485
test_load_app in /home/kaiyaok2/PythonProjects/falcon/tests/test_cmd_inspect_app.py: 45.56381344795227
test_load_app_error in /home/kaiyaok2/PythonProjects/falcon/tests/test_cmd_inspect_app.py: 45.62577438354492
test_load_app in /home/kaiyaok2/PythonProjects/falcon/tests/test_cmd_inspect_app.py: 45.68756175041199
test_media_is_set in /home/kaiyaok2/PythonProjects/falcon/tests/test_error_handlers.py: 45.771355390548706
test_body_is_set in /home/kaiyaok2/PythonProjects/falcon/tests/test_error_handlers.py: 45.857046127319336
test_data_is_set in /home/kaiyaok2/PythonProjects/falcon/tests/test_error_handlers.py: 45.940173625946045
test_error_precedence_subclass_order_indifference in /home/kaiyaok2/PythonProjects/falcon/tests/test_error_handlers.py: 46.04681730270386
test_uncaught_error_else in /home/kaiyaok2/PythonProjects/falcon/tests/test_error_handlers.py: 46.14834642410278
test_invalid_add_exception_handler_input in /home/kaiyaok2/PythonProjects/falcon/tests/test_error_handlers.py: 47.63774490356445
test_error_precedence_duplicate in /home/kaiyaok2/PythonProjects/falcon/tests/test_error_handlers.py: 47.71138405799866
test_converted_error in /home/kaiyaok2/PythonProjects/falcon/tests/test_error_handlers.py: 47.787354469299316
test_error_precedence_subclass in /home/kaiyaok2/PythonProjects/falcon/tests/test_error_handlers.py: 47.867409229278564
test_caught_error in /home/kaiyaok2/PythonProjects/falcon/tests/test_error_handlers.py: 47.95790410041809
test_uncaught_python_error in /home/kaiyaok2/PythonProjects/falcon/tests/test_error_handlers.py: 48.03351020812988
test_handler_multiple_exception_iterable in /home/kaiyaok2/PythonProjects/falcon/tests/test_error_handlers.py: 48.13080811500549
test_uncaught_python_error in /home/kaiyaok2/PythonProjects/falcon/tests/test_error_handlers.py: 48.22356605529785
test_invalid_add_exception_handler_input in /home/kaiyaok2/PythonProjects/falcon/tests/test_error_handlers.py: 48.30995535850525
test_subclass_error in /home/kaiyaok2/PythonProjects/falcon/tests/test_error_handlers.py: 48.40417408943176
test_invalid_add_exception_handler_input in /home/kaiyaok2/PythonProjects/falcon/tests/test_error_handlers.py: 48.47748637199402
test_handler_single_exception_iterable in /home/kaiyaok2/PythonProjects/falcon/tests/test_error_handlers.py: 48.561277866363525
test_invalid_add_exception_handler_input in /home/kaiyaok2/PythonProjects/falcon/tests/test_error_handlers.py: 48.70143151283264
test_handle_not_defined in /home/kaiyaok2/PythonProjects/falcon/tests/test_error_handlers.py: 50.074830293655396
test_uncaught_error in /home/kaiyaok2/PythonProjects/falcon/tests/test_error_handlers.py: 50.15172719955444
test_handler_multiple_exception_iterable in /home/kaiyaok2/PythonProjects/falcon/tests/test_error_handlers.py: 50.227630853652954
test_uncaught_python_error in /home/kaiyaok2/PythonProjects/falcon/tests/test_error_handlers.py: 50.310375452041626
test_body_is_set in /home/kaiyaok2/PythonProjects/falcon/tests/test_error_handlers.py: 50.38721203804016
test_media_is_set in /home/kaiyaok2/PythonProjects/falcon/tests/test_error_handlers.py: 50.468347787857056
test_data_is_set in /home/kaiyaok2/PythonProjects/falcon/tests/test_error_handlers.py: 50.55048632621765
test_route_precedence_with_both_id in /home/kaiyaok2/PythonProjects/falcon/tests/test_sinks.py: 64.73973178863525
test_route_precedence in /home/kaiyaok2/PythonProjects/falcon/tests/test_sinks.py: 64.84180307388306
test_with_route in /home/kaiyaok2/PythonProjects/falcon/tests/test_sinks.py: 64.93774366378784
test_route_precedence_with_id in /home/kaiyaok2/PythonProjects/falcon/tests/test_sinks.py: 65.03502058982849
test_add_sync_sink_with_wrapping in /home/kaiyaok2/PythonProjects/falcon/tests/test_sinks.py: 65.07127714157104
test_base_path_is_removed_before_routing in /home/kaiyaok2/PythonProjects/falcon/tests/test_middleware.py: 65.63695240020752
test_api_initialization_with_cors_enabled_and_middleware_param in /home/kaiyaok2/PythonProjects/falcon/tests/test_middleware.py: 65.72421097755432
test_api_initialization_with_cors_enabled_and_middleware_param in /home/kaiyaok2/PythonProjects/falcon/tests/test_middleware.py: 65.80451774597168
test_api_initialization_with_cors_enabled_and_middleware_param in /home/kaiyaok2/PythonProjects/falcon/tests/test_middleware.py: 65.88876581192017
test_api_initialization_with_cors_enabled_and_middleware_param in /home/kaiyaok2/PythonProjects/falcon/tests/test_middleware.py: 65.97193193435669
test_order_independent_mw_executed_when_exception_in_req in /home/kaiyaok2/PythonProjects/falcon/tests/test_middleware.py: 66.05891919136047
test_order_mw_executed_when_exception_in_rsrc in /home/kaiyaok2/PythonProjects/falcon/tests/test_middleware.py: 66.15312480926514
test_multiple_response_mw_throw_exception in /home/kaiyaok2/PythonProjects/falcon/tests/test_middleware.py: 67.62637090682983
test_inner_mw_throw_exception in /home/kaiyaok2/PythonProjects/falcon/tests/test_middleware.py: 67.70751619338989
test_independent_middleware_execution_order in /home/kaiyaok2/PythonProjects/falcon/tests/test_middleware.py: 67.7863039970398
test_order_mw_executed_when_exception_in_req in /home/kaiyaok2/PythonProjects/falcon/tests/test_middleware.py: 67.8721969127655
test_order_independent_mw_executed_when_exception_in_resp in /home/kaiyaok2/PythonProjects/falcon/tests/test_middleware.py: 67.95298457145691
test_order_independent_mw_executed_when_exception_in_rsrc in /home/kaiyaok2/PythonProjects/falcon/tests/test_middleware.py: 68.06379818916321
test_inner_mw_throw_exception_while_processing_resp in /home/kaiyaok2/PythonProjects/falcon/tests/test_middleware.py: 68.15435290336609
test_inner_mw_with_ex_handler_throw_exception in /home/kaiyaok2/PythonProjects/falcon/tests/test_middleware.py: 68.24653053283691
test_order_mw_executed_when_exception_in_resp in /home/kaiyaok2/PythonProjects/falcon/tests/test_middleware.py: 68.32713508605957
test_legacy_middleware_called_with_correct_args in /home/kaiyaok2/PythonProjects/falcon/tests/test_middleware.py: 68.40350770950317
test_generate_trans_id_and_time_with_request in /home/kaiyaok2/PythonProjects/falcon/tests/test_middleware.py: 69.7474844455719
test_generate_trans_id_and_time_with_request in /home/kaiyaok2/PythonProjects/falcon/tests/test_middleware.py: 69.84059762954712
test_outer_mw_with_ex_handler_throw_exception in /home/kaiyaok2/PythonProjects/falcon/tests/test_middleware.py: 69.92120122909546
test_middleware_execution_order in /home/kaiyaok2/PythonProjects/falcon/tests/test_middleware.py: 70.00809454917908
test_response_middleware_raises_exception in /home/kaiyaok2/PythonProjects/falcon/tests/test_middleware.py: 70.08937287330627
test_log_get_request in /home/kaiyaok2/PythonProjects/falcon/tests/test_middleware.py: 70.18010449409485
test_log_get_request in /home/kaiyaok2/PythonProjects/falcon/tests/test_middleware.py: 70.26946234703064
test_skip_process_resource in /home/kaiyaok2/PythonProjects/falcon/tests/test_middleware.py: 70.36206984519958
test_error_composed_before_resp_middleware_called in /home/kaiyaok2/PythonProjects/falcon/tests/test_middleware.py: 71.70499396324158
test_http_status_raised_from_error_handler in /home/kaiyaok2/PythonProjects/falcon/tests/test_middleware.py: 71.793128490448
test_can_access_resource_params in /home/kaiyaok2/PythonProjects/falcon/tests/test_middleware.py: 71.87136459350586
test_can_access_resource_params in /home/kaiyaok2/PythonProjects/falcon/tests/test_middleware.py: 71.95903015136719
test_dont_need_params_in_signature in /home/kaiyaok2/PythonProjects/falcon/tests/test_middleware.py: 72.03631734848022
test_generate_trans_id_with_request in /home/kaiyaok2/PythonProjects/falcon/tests/test_middleware.py: 72.14929914474487
test_process_resource_cached in /home/kaiyaok2/PythonProjects/falcon/tests/test_middleware.py: 72.2371232509613
test_process_resource_cached in /home/kaiyaok2/PythonProjects/falcon/tests/test_middleware.py: 72.33203387260437
test_process_request_cached in /home/kaiyaok2/PythonProjects/falcon/tests/test_middleware.py: 72.432288646698
test_process_request_cached in /home/kaiyaok2/PythonProjects/falcon/tests/test_middleware.py: 73.72682785987854
test_process_request_not_cached in /home/kaiyaok2/PythonProjects/falcon/tests/test_middleware.py: 73.82746052742004
test_raise_status_survives_after_hooks in /home/kaiyaok2/PythonProjects/falcon/tests/test_httpstatus.py: 75.41038131713867
test_raise_status_in_responder in /home/kaiyaok2/PythonProjects/falcon/tests/test_httpstatus.py: 75.50251340866089
test_raise_status_runs_after_hooks in /home/kaiyaok2/PythonProjects/falcon/tests/test_httpstatus.py: 75.60110878944397
test_raise_status_empty_body in /home/kaiyaok2/PythonProjects/falcon/tests/test_httpstatus.py: 75.7030656337738
test_raise_status_in_before_hook in /home/kaiyaok2/PythonProjects/falcon/tests/test_httpstatus.py: 75.78212666511536
test_raise_status_runs_process_response in /home/kaiyaok2/PythonProjects/falcon/tests/test_httpstatus.py: 75.86848211288452
test_raise_status_in_process_request in /home/kaiyaok2/PythonProjects/falcon/tests/test_httpstatus.py: 77.31946134567261
test_raise_status_in_process_resource in /home/kaiyaok2/PythonProjects/falcon/tests/test_httpstatus.py: 77.40601778030396
test_data_is_set in /home/kaiyaok2/PythonProjects/falcon/tests/test_httpstatus.py: 77.51818513870239
test_media_is_set in /home/kaiyaok2/PythonProjects/falcon/tests/test_httpstatus.py: 77.59679913520813
test_body_is_set in /home/kaiyaok2/PythonProjects/falcon/tests/test_httpstatus.py: 77.67783880233765
test_allow_credential_wildcard in /home/kaiyaok2/PythonProjects/falcon/tests/test_cors_middleware.py: 77.81836342811584
test_allow_origin in /home/kaiyaok2/PythonProjects/falcon/tests/test_cors_middleware.py: 77.8898868560791
test_allow_origin in /home/kaiyaok2/PythonProjects/falcon/tests/test_cors_middleware.py: 77.96216154098511
test_expose_headers in /home/kaiyaok2/PythonProjects/falcon/tests/test_cors_middleware.py: 79.28727078437805
test_allow_origin in /home/kaiyaok2/PythonProjects/falcon/tests/test_cors_middleware.py: 79.37396264076233
test_expose_headers in /home/kaiyaok2/PythonProjects/falcon/tests/test_cors_middleware.py: 79.4482192993164
test_expose_headers in /home/kaiyaok2/PythonProjects/falcon/tests/test_cors_middleware.py: 79.52225828170776
test_allow_origin_allow_credential in /home/kaiyaok2/PythonProjects/falcon/tests/test_cors_middleware.py: 79.627521276474
test_allow_credential_list_or_str in /home/kaiyaok2/PythonProjects/falcon/tests/test_cors_middleware.py: 79.70998001098633
test_allow_credential_existing_origin in /home/kaiyaok2/PythonProjects/falcon/tests/test_cors_middleware.py: 79.79133772850037
test_allow_credential_list_or_str in /home/kaiyaok2/PythonProjects/falcon/tests/test_cors_middleware.py: 79.87166404724121
test_disabled_cors_should_not_add_any_extra_headers in /home/kaiyaok2/PythonProjects/falcon/tests/test_cors_middleware.py: 79.95443940162659
test_enabled_cors_no_origin in /home/kaiyaok2/PythonProjects/falcon/tests/test_cors_middleware.py: 80.02687215805054
test_enabled_cors_handles_preflighting_no_headers_in_req in /home/kaiyaok2/PythonProjects/falcon/tests/test_cors_middleware.py: 80.09887790679932
test_enabled_cors_should_add_extra_headers_on_response in /home/kaiyaok2/PythonProjects/falcon/tests/test_cors_middleware.py: 81.38148283958435
test_enabled_cors_should_accept_all_origins_requests in /home/kaiyaok2/PythonProjects/falcon/tests/test_cors_middleware.py: 81.4561333656311
test_enabled_cors_handles_preflighting in /home/kaiyaok2/PythonProjects/falcon/tests/test_cors_middleware.py: 81.53268265724182
test_append_link_with_title in /home/kaiyaok2/PythonProjects/falcon/tests/test_headers.py: 81.65748286247253
test_content_disposition_attachment_header in /home/kaiyaok2/PythonProjects/falcon/tests/test_headers.py: 81.75394439697266
test_headers_with_custom_class_not_callable in /home/kaiyaok2/PythonProjects/falcon/tests/test_headers.py: 81.84490704536438
test_append_link_with_link_extension in /home/kaiyaok2/PythonProjects/falcon/tests/test_headers.py: 81.9748547077179
test_override_default_media_type in /home/kaiyaok2/PythonProjects/falcon/tests/test_headers.py: 82.0763909816742
test_append_link_crossorigin in /home/kaiyaok2/PythonProjects/falcon/tests/test_headers.py: 83.62311220169067
test_content_disposition_inline_header in /home/kaiyaok2/PythonProjects/falcon/tests/test_headers.py: 83.72500562667847
test_no_content_type in /home/kaiyaok2/PythonProjects/falcon/tests/test_headers.py: 83.82458877563477
test_append_link_with_type_hint in /home/kaiyaok2/PythonProjects/falcon/tests/test_headers.py: 83.97040343284607
test_append_link_with_anchor in /home/kaiyaok2/PythonProjects/falcon/tests/test_headers.py: 84.11058902740479
test_append_link_with_title_star in /home/kaiyaok2/PythonProjects/falcon/tests/test_headers.py: 84.23560762405396
test_no_content_length in /home/kaiyaok2/PythonProjects/falcon/tests/test_headers.py: 84.33828139305115
test_unicode_headers_contain_non_ascii in /home/kaiyaok2/PythonProjects/falcon/tests/test_headers.py: 85.80586004257202
test_declared_content_length_overriden_by_data_length in /home/kaiyaok2/PythonProjects/falcon/tests/test_headers.py: 85.93950152397156
test_append_link_crossorigin in /home/kaiyaok2/PythonProjects/falcon/tests/test_headers.py: 86.1312084197998
test_unicode_headers_contain_non_ascii in /home/kaiyaok2/PythonProjects/falcon/tests/test_headers.py: 86.30402088165283
test_get_header_as_int in /home/kaiyaok2/PythonProjects/falcon/tests/test_headers.py: 86.42660355567932
test_passthrough_request_headers in /home/kaiyaok2/PythonProjects/falcon/tests/test_headers.py: 86.52452659606934
test_no_content_length in /home/kaiyaok2/PythonProjects/falcon/tests/test_headers.py: 86.6261031627655
test_vary_star in /home/kaiyaok2/PythonProjects/falcon/tests/test_headers.py: 86.72469997406006
test_unicode_headers_contain_non_ascii in /home/kaiyaok2/PythonProjects/falcon/tests/test_headers.py: 88.15596222877502
test_append_link_crossorigin in /home/kaiyaok2/PythonProjects/falcon/tests/test_headers.py: 88.27883005142212
test_override_default_media_type_missing_encoding in /home/kaiyaok2/PythonProjects/falcon/tests/test_headers.py: 88.37155437469482
test_content_disposition_attachment_header in /home/kaiyaok2/PythonProjects/falcon/tests/test_headers.py: 88.47369837760925
test_request_multiple_header in /home/kaiyaok2/PythonProjects/falcon/tests/test_headers.py: 88.56745505332947
test_unicode_headers_contain_non_ascii in /home/kaiyaok2/PythonProjects/falcon/tests/test_headers.py: 88.66819310188293
test_unset_header in /home/kaiyaok2/PythonProjects/falcon/tests/test_headers.py: 88.77716422080994
test_default_value in /home/kaiyaok2/PythonProjects/falcon/tests/test_headers.py: 90.1852719783783
test_content_disposition_inline_header in /home/kaiyaok2/PythonProjects/falcon/tests/test_headers.py: 90.28745102882385
test_unicode_location_headers in /home/kaiyaok2/PythonProjects/falcon/tests/test_headers.py: 90.38964533805847
test_append_link_crossorigin in /home/kaiyaok2/PythonProjects/falcon/tests/test_headers.py: 90.51172709465027
test_declared_content_length_overridden_by_no_body in /home/kaiyaok2/PythonProjects/falcon/tests/test_headers.py: 90.61352491378784
test_content_disposition_attachment_header in /home/kaiyaok2/PythonProjects/falcon/tests/test_headers.py: 90.7188549041748
test_vary_header in /home/kaiyaok2/PythonProjects/falcon/tests/test_headers.py: 90.83833885192871
test_content_disposition_attachment_header in /home/kaiyaok2/PythonProjects/falcon/tests/test_headers.py: 92.29589676856995
test_custom_content_type in /home/kaiyaok2/PythonProjects/falcon/tests/test_headers.py: 92.41745972633362
test_response_header_helpers_on_get in /home/kaiyaok2/PythonProjects/falcon/tests/test_headers.py: 92.5119411945343
test_required_header in /home/kaiyaok2/PythonProjects/falcon/tests/test_headers.py: 92.60885095596313
test_default_media_type in /home/kaiyaok2/PythonProjects/falcon/tests/test_headers.py: 92.71262764930725
test_response_append_header in /home/kaiyaok2/PythonProjects/falcon/tests/test_headers.py: 92.8097083568573
test_content_disposition_attachment_header in /home/kaiyaok2/PythonProjects/falcon/tests/test_headers.py: 92.90394687652588
test_content_disposition_attachment_header in /home/kaiyaok2/PythonProjects/falcon/tests/test_headers.py: 94.23877429962158
test_content_type_no_body in /home/kaiyaok2/PythonProjects/falcon/tests/test_headers.py: 94.35422849655151
test_expires_header in /home/kaiyaok2/PythonProjects/falcon/tests/test_headers.py: 94.45359635353088
test_override_default_media_type in /home/kaiyaok2/PythonProjects/falcon/tests/test_headers.py: 94.55167984962463
test_set_headers_with_custom_class in /home/kaiyaok2/PythonProjects/falcon/tests/test_headers.py: 94.64359045028687
test_content_disposition_attachment_header in /home/kaiyaok2/PythonProjects/falcon/tests/test_headers.py: 94.73903560638428
test_append_link_crossorigin in /home/kaiyaok2/PythonProjects/falcon/tests/test_headers.py: 94.89604330062866
test_unicode_headers_contain_only_ascii in /home/kaiyaok2/PythonProjects/falcon/tests/test_headers.py: 95.05676007270813
test_declared_content_length_overriden_by_body_length in /home/kaiyaok2/PythonProjects/falcon/tests/test_headers.py: 96.71578931808472
test_unset_header in /home/kaiyaok2/PythonProjects/falcon/tests/test_headers.py: 96.81801676750183
test_no_content_type in /home/kaiyaok2/PythonProjects/falcon/tests/test_headers.py: 96.91946649551392
test_request_latin1_headers in /home/kaiyaok2/PythonProjects/falcon/tests/test_headers.py: 97.02132821083069
test_append_link_crossorigin in /home/kaiyaok2/PythonProjects/falcon/tests/test_headers.py: 97.17143416404724
test_vary_header in /home/kaiyaok2/PythonProjects/falcon/tests/test_headers.py: 97.29571223258972
test_content_length in /home/kaiyaok2/PythonProjects/falcon/tests/test_headers.py: 97.41009593009949
test_content_disposition_attachment_header in /home/kaiyaok2/PythonProjects/falcon/tests/test_headers.py: 98.89996790885925
test_declared_content_length_on_head in /home/kaiyaok2/PythonProjects/falcon/tests/test_headers.py: 99.00275874137878
test_append_link_complex in /home/kaiyaok2/PythonProjects/falcon/tests/test_headers.py: 99.14180517196655
test_append_link_with_hreflang in /home/kaiyaok2/PythonProjects/falcon/tests/test_headers.py: 99.27346324920654
test_append_link_with_hreflang_multi in /home/kaiyaok2/PythonProjects/falcon/tests/test_headers.py: 99.40181088447571
test_response_set_and_get_header in /home/kaiyaok2/PythonProjects/falcon/tests/test_headers.py: 99.50383710861206
test_append_link_single in /home/kaiyaok2/PythonProjects/falcon/tests/test_headers.py: 99.63465070724487
test_headers_as_list in /home/kaiyaok2/PythonProjects/falcon/tests/test_headers.py: 101.092125415802
test_append_link_multiple in /home/kaiyaok2/PythonProjects/falcon/tests/test_headers.py: 101.22388672828674
test_content_disposition_inline_header in /home/kaiyaok2/PythonProjects/falcon/tests/test_headers.py: 101.31637072563171
test_override_method_with_extras in /home/kaiyaok2/PythonProjects/falcon/tests/test_utils.py: 101.83873295783997
test_path_must_start_with_slash in /home/kaiyaok2/PythonProjects/falcon/tests/test_utils.py: 101.94759511947632
test_default_headers in /home/kaiyaok2/PythonProjects/falcon/tests/test_utils.py: 102.06967759132385
test_simulate_remote_addr in /home/kaiyaok2/PythonProjects/falcon/tests/test_utils.py: 103.4583489894867
test_simulate_remote_addr in /home/kaiyaok2/PythonProjects/falcon/tests/test_utils.py: 103.57145094871521
test_cached_text_in_result in /home/kaiyaok2/PythonProjects/falcon/tests/test_utils.py: 103.6943941116333
test_query_string_in_path in /home/kaiyaok2/PythonProjects/falcon/tests/test_utils.py: 103.89039516448975
test_simulate_remote_addr in /home/kaiyaok2/PythonProjects/falcon/tests/test_utils.py: 104.07783842086792
test_query_string in /home/kaiyaok2/PythonProjects/falcon/tests/test_utils.py: 104.23993277549744
test_simulate_remote_addr in /home/kaiyaok2/PythonProjects/falcon/tests/test_utils.py: 104.37680435180664
test_query_string_no_question in /home/kaiyaok2/PythonProjects/falcon/tests/test_utils.py: 105.85400676727295
test_default_headers_with_override in /home/kaiyaok2/PythonProjects/falcon/tests/test_utils.py: 105.97882270812988
test_status in /home/kaiyaok2/PythonProjects/falcon/tests/test_utils.py: 106.10419154167175
test_simulate_remote_addr in /home/kaiyaok2/PythonProjects/falcon/tests/test_utils.py: 106.25036716461182
test_simulate_hostname in /home/kaiyaok2/PythonProjects/falcon/tests/test_utils.py: 106.4029471874237
test_resource_with_uri_fields in /home/kaiyaok2/PythonProjects/falcon/tests/test_after_hooks.py: 118.73077702522278
test_wrapped_resource in /home/kaiyaok2/PythonProjects/falcon/tests/test_after_hooks.py: 118.81155681610107
test_wrapped_resource_with_hooks_aware_of_resource in /home/kaiyaok2/PythonProjects/falcon/tests/test_after_hooks.py: 120.30204343795776
test_resource_with_uri_fields in /home/kaiyaok2/PythonProjects/falcon/tests/test_after_hooks.py: 120.39716148376465
test_wrapped_resource in /home/kaiyaok2/PythonProjects/falcon/tests/test_after_hooks.py: 120.47758197784424
test_middleware_tree in /home/kaiyaok2/PythonProjects/falcon/tests/test_inspect.py: 120.55148601531982
test_app in /home/kaiyaok2/PythonProjects/falcon/tests/test_inspect.py: 120.61386823654175
test_static_routes in /home/kaiyaok2/PythonProjects/falcon/tests/test_inspect.py: 120.67484760284424
test_error_handler in /home/kaiyaok2/PythonProjects/falcon/tests/test_inspect.py: 120.74232459068298
test_middleware in /home/kaiyaok2/PythonProjects/falcon/tests/test_inspect.py: 120.80492782592773
test_sink in /home/kaiyaok2/PythonProjects/falcon/tests/test_inspect.py: 120.87011241912842
test_routes in /home/kaiyaok2/PythonProjects/falcon/tests/test_inspect.py: 120.93529796600342
test_on_options in /home/kaiyaok2/PythonProjects/falcon/tests/test_http_method_routing.py: 121.01080679893494
test_put in /home/kaiyaok2/PythonProjects/falcon/tests/test_http_method_routing.py: 121.09147119522095
test_meta_and_others_disallowed in /home/kaiyaok2/PythonProjects/falcon/tests/test_http_method_routing.py: 122.44030523300171
test_misc in /home/kaiyaok2/PythonProjects/falcon/tests/test_http_method_routing.py: 122.53395557403564
test_report in /home/kaiyaok2/PythonProjects/falcon/tests/test_http_method_routing.py: 122.61796474456787
test_meta_and_others_disallowed in /home/kaiyaok2/PythonProjects/falcon/tests/test_http_method_routing.py: 122.70574617385864
test_methods_not_allowed_complex in /home/kaiyaok2/PythonProjects/falcon/tests/test_http_method_routing.py: 122.78989839553833
test_method_not_allowed_with_param in /home/kaiyaok2/PythonProjects/falcon/tests/test_http_method_routing.py: 122.87463521957397
test_get in /home/kaiyaok2/PythonProjects/falcon/tests/test_http_method_routing.py: 122.98254871368408
test_default_on_options in /home/kaiyaok2/PythonProjects/falcon/tests/test_http_method_routing.py: 123.0772910118103
test_post_not_allowed in /home/kaiyaok2/PythonProjects/falcon/tests/test_http_method_routing.py: 123.14859557151794
test_methods_not_allowed_simple in /home/kaiyaok2/PythonProjects/falcon/tests/test_http_method_routing.py: 123.24120044708252
test_unsupported_response_content_type in /home/kaiyaok2/PythonProjects/falcon/tests/test_response_body.py: 145.1719455718994
test_content_length_set_on_head_with_no_body in /home/kaiyaok2/PythonProjects/falcon/tests/test_response_body.py: 145.27097868919373
test_response_body_rendition_error in /home/kaiyaok2/PythonProjects/falcon/tests/test_response_body.py: 145.3410472869873
test_map_http_methods in /home/kaiyaok2/PythonProjects/falcon/tests/test_http_custom_method_routing.py: 193.98888325691223
test_foo in /home/kaiyaok2/PythonProjects/falcon/tests/test_http_custom_method_routing.py: 194.06689500808716
test_bar in /home/kaiyaok2/PythonProjects/falcon/tests/test_http_custom_method_routing.py: 194.15751147270203
test_dont_auto_parse_by_default in /home/kaiyaok2/PythonProjects/falcon/tests/test_query_params.py: 194.37011313438416
test_option_auto_parse_qs_csv_multiple_fields_true in /home/kaiyaok2/PythonProjects/falcon/tests/test_query_params.py: 194.4967122077942
test_required in /home/kaiyaok2/PythonProjects/falcon/tests/test_query_params.py: 195.89542031288147
test_multiple_keys_as_bool in /home/kaiyaok2/PythonProjects/falcon/tests/test_query_params.py: 195.99804949760437
test_option_auto_parse_qs_csv_multiple_fields_false in /home/kaiyaok2/PythonProjects/falcon/tests/test_query_params.py: 196.0983829498291
test_float in /home/kaiyaok2/PythonProjects/falcon/tests/test_query_params.py: 196.20916271209717
test_option_auto_parse_qs_csv_multiple_fields_true in /home/kaiyaok2/PythonProjects/falcon/tests/test_query_params.py: 196.32093262672424
test_get_dict_store in /home/kaiyaok2/PythonProjects/falcon/tests/test_query_params.py: 196.45347929000854
test_default in /home/kaiyaok2/PythonProjects/falcon/tests/test_query_params.py: 196.56022429466248
test_required in /home/kaiyaok2/PythonProjects/falcon/tests/test_query_params.py: 198.25538182258606
test_get_dict_store in /home/kaiyaok2/PythonProjects/falcon/tests/test_query_params.py: 198.36247873306274
test_get_datetime_invalid in /home/kaiyaok2/PythonProjects/falcon/tests/test_query_params.py: 198.48523473739624
test_option_auto_parse_qs_csv_multiple_fields_true in /home/kaiyaok2/PythonProjects/falcon/tests/test_query_params.py: 198.61287212371826
test_get_dict_invalid in /home/kaiyaok2/PythonProjects/falcon/tests/test_query_params.py: 198.7281265258789
test_list_type in /home/kaiyaok2/PythonProjects/falcon/tests/test_query_params.py: 198.85176467895508
test_get_date_store in /home/kaiyaok2/PythonProjects/falcon/tests/test_query_params.py: 198.95780968666077
test_has_param in /home/kaiyaok2/PythonProjects/falcon/tests/test_query_params.py: 199.0944104194641
test_none in /home/kaiyaok2/PythonProjects/falcon/tests/test_query_params.py: 200.65609097480774
test_blank in /home/kaiyaok2/PythonProjects/falcon/tests/test_query_params.py: 200.78160858154297
test_int_neg in /home/kaiyaok2/PythonProjects/falcon/tests/test_query_params.py: 200.88811540603638
test_option_auto_parse_qs_csv_multiple_fields_true in /home/kaiyaok2/PythonProjects/falcon/tests/test_query_params.py: 200.99098014831543
test_get_datetime_valid in /home/kaiyaok2/PythonProjects/falcon/tests/test_query_params.py: 201.09944462776184
test_float_neg in /home/kaiyaok2/PythonProjects/falcon/tests/test_query_params.py: 201.2176399230957
test_uuid in /home/kaiyaok2/PythonProjects/falcon/tests/test_query_params.py: 202.7653524875641
test_get_datetime_invalid in /home/kaiyaok2/PythonProjects/falcon/tests/test_query_params.py: 202.88142943382263
test_percent_encoded in /home/kaiyaok2/PythonProjects/falcon/tests/test_query_params.py: 203.0122697353363
test_has_param in /home/kaiyaok2/PythonProjects/falcon/tests/test_query_params.py: 203.11908769607544
test_bad_percentage in /home/kaiyaok2/PythonProjects/falcon/tests/test_query_params.py: 203.22527194023132
test_bad_percentage in /home/kaiyaok2/PythonProjects/falcon/tests/test_query_params.py: 203.34521102905273
test_option_auto_parse_qs_csv_complex_false in /home/kaiyaok2/PythonProjects/falcon/tests/test_query_params.py: 203.4484260082245
test_uuid in /home/kaiyaok2/PythonProjects/falcon/tests/test_query_params.py: 204.87621307373047
test_list_type_blank in /home/kaiyaok2/PythonProjects/falcon/tests/test_query_params.py: 204.97878861427307
test_option_auto_parse_qs_csv_simple_true in /home/kaiyaok2/PythonProjects/falcon/tests/test_query_params.py: 205.07660031318665
test_get_date_valid in /home/kaiyaok2/PythonProjects/falcon/tests/test_query_params.py: 205.19847798347473
test_list_type_blank in /home/kaiyaok2/PythonProjects/falcon/tests/test_query_params.py: 205.30028295516968
test_default in /home/kaiyaok2/PythonProjects/falcon/tests/test_query_params.py: 205.40329313278198
test_multiple_keys_as_bool in /home/kaiyaok2/PythonProjects/falcon/tests/test_query_params.py: 205.50228762626648
test_required in /home/kaiyaok2/PythonProjects/falcon/tests/test_query_params.py: 205.61314606666565
test_option_auto_parse_qs_csv_multiple_fields_true in /home/kaiyaok2/PythonProjects/falcon/tests/test_query_params.py: 207.37411284446716
test_option_auto_parse_qs_csv_multiple_fields_true in /home/kaiyaok2/PythonProjects/falcon/tests/test_query_params.py: 207.51092624664307
test_allowed_names in /home/kaiyaok2/PythonProjects/falcon/tests/test_query_params.py: 207.62884092330933
test_option_auto_parse_qs_csv_simple_false in /home/kaiyaok2/PythonProjects/falcon/tests/test_query_params.py: 207.73866510391235
test_multiple_form_keys_as_list in /home/kaiyaok2/PythonProjects/falcon/tests/test_query_params.py: 207.84588265419006
test_get_date_missing_param in /home/kaiyaok2/PythonProjects/falcon/tests/test_query_params.py: 207.96973419189453
test_get_datetime_missing_param in /home/kaiyaok2/PythonProjects/falcon/tests/test_query_params.py: 209.5495970249176
test_required in /home/kaiyaok2/PythonProjects/falcon/tests/test_query_params.py: 209.71001935005188
test_param_property in /home/kaiyaok2/PythonProjects/falcon/tests/test_query_params.py: 209.83885192871094
test_int in /home/kaiyaok2/PythonProjects/falcon/tests/test_query_params.py: 209.94059371948242
test_option_auto_parse_qs_csv_multiple_fields_true in /home/kaiyaok2/PythonProjects/falcon/tests/test_query_params.py: 210.0737807750702
test_required in /home/kaiyaok2/PythonProjects/falcon/tests/test_query_params.py: 210.1802089214325
test_get_datetime_valid in /home/kaiyaok2/PythonProjects/falcon/tests/test_query_params.py: 210.31297969818115
test_get_datetime_valid_with_format in /home/kaiyaok2/PythonProjects/falcon/tests/test_query_params.py: 210.45175981521606
test_simple in /home/kaiyaok2/PythonProjects/falcon/tests/test_query_params.py: 211.9324562549591
test_default_auto_parse_csv_behaviour in /home/kaiyaok2/PythonProjects/falcon/tests/test_query_params.py: 212.06447076797485
test_option_auto_parse_qs_csv_multiple_fields_true in /home/kaiyaok2/PythonProjects/falcon/tests/test_query_params.py: 212.1717689037323
test_get_datetime_store in /home/kaiyaok2/PythonProjects/falcon/tests/test_query_params.py: 212.28975462913513
test_get_date_valid in /home/kaiyaok2/PythonProjects/falcon/tests/test_query_params.py: 212.40604734420776
test_multiple_form_keys in /home/kaiyaok2/PythonProjects/falcon/tests/test_query_params.py: 212.50803780555725
test_required in /home/kaiyaok2/PythonProjects/falcon/tests/test_query_params.py: 212.61730551719666
test_list_transformer in /home/kaiyaok2/PythonProjects/falcon/tests/test_query_params.py: 214.09104204177856
test_float in /home/kaiyaok2/PythonProjects/falcon/tests/test_query_params.py: 214.21300721168518
test_option_auto_parse_qs_csv_multiple_fields_true in /home/kaiyaok2/PythonProjects/falcon/tests/test_query_params.py: 214.31995010375977
test_option_auto_parse_qs_csv_multiple_fields_true in /home/kaiyaok2/PythonProjects/falcon/tests/test_query_params.py: 214.41998553276062
test_get_param_as_json_handler_json in /home/kaiyaok2/PythonProjects/falcon/tests/test_query_params.py: 214.55850267410278
test_option_auto_parse_qs_csv_complex_false in /home/kaiyaok2/PythonProjects/falcon/tests/test_query_params.py: 214.65840220451355
test_get_dict_valid in /home/kaiyaok2/PythonProjects/falcon/tests/test_query_params.py: 214.78559279441833
test_int_neg in /home/kaiyaok2/PythonProjects/falcon/tests/test_query_params.py: 216.21692848205566
test_multiple_form_keys in /home/kaiyaok2/PythonProjects/falcon/tests/test_query_params.py: 216.3329417705536
test_boolean_blank in /home/kaiyaok2/PythonProjects/falcon/tests/test_query_params.py: 216.43279647827148
test_required in /home/kaiyaok2/PythonProjects/falcon/tests/test_query_params.py: 216.54552793502808
test_option_auto_parse_qs_csv_multiple_fields_true in /home/kaiyaok2/PythonProjects/falcon/tests/test_query_params.py: 216.64874267578125
test_required in /home/kaiyaok2/PythonProjects/falcon/tests/test_query_params.py: 216.7576982975006
test_allowed_names in /home/kaiyaok2/PythonProjects/falcon/tests/test_query_params.py: 216.88196539878845
test_default_auto_parse_csv_behaviour in /home/kaiyaok2/PythonProjects/falcon/tests/test_query_params.py: 218.64314794540405
test_option_auto_parse_qs_csv_multiple_fields_true in /home/kaiyaok2/PythonProjects/falcon/tests/test_query_params.py: 218.75634741783142
test_option_auto_parse_qs_csv_multiple_fields_true in /home/kaiyaok2/PythonProjects/falcon/tests/test_query_params.py: 218.8701343536377
test_get_param_as_json_no_handler_json in /home/kaiyaok2/PythonProjects/falcon/tests/test_query_params.py: 218.98194885253906
test_get_datetime_store in /home/kaiyaok2/PythonProjects/falcon/tests/test_query_params.py: 219.10133361816406
test_boolean_blank in /home/kaiyaok2/PythonProjects/falcon/tests/test_query_params.py: 219.2205617427826
test_boolean in /home/kaiyaok2/PythonProjects/falcon/tests/test_query_params.py: 219.32084560394287
test_option_auto_parse_qs_csv_simple_true in /home/kaiyaok2/PythonProjects/falcon/tests/test_query_params.py: 220.92253255844116
test_boolean in /home/kaiyaok2/PythonProjects/falcon/tests/test_query_params.py: 221.03161334991455
test_blank in /home/kaiyaok2/PythonProjects/falcon/tests/test_query_params.py: 221.1583857536316
test_int in /home/kaiyaok2/PythonProjects/falcon/tests/test_query_params.py: 221.2664921283722
test_required in /home/kaiyaok2/PythonProjects/falcon/tests/test_query_params.py: 221.37161254882812
test_get_date_valid_with_format in /home/kaiyaok2/PythonProjects/falcon/tests/test_query_params.py: 221.49756526947021
test_get_dict_valid in /home/kaiyaok2/PythonProjects/falcon/tests/test_query_params.py: 221.62604475021362
test_multiple_keys_as_float in /home/kaiyaok2/PythonProjects/falcon/tests/test_query_params.py: 221.7315537929535
test_required in /home/kaiyaok2/PythonProjects/falcon/tests/test_query_params.py: 223.195552110672
test_get_datetime_missing_param in /home/kaiyaok2/PythonProjects/falcon/tests/test_query_params.py: 223.33939743041992
test_percent_encoded in /home/kaiyaok2/PythonProjects/falcon/tests/test_query_params.py: 223.4599413871765
test_multiple_keys_as_float in /home/kaiyaok2/PythonProjects/falcon/tests/test_query_params.py: 223.5744926929474
test_option_auto_parse_qs_csv_simple_false in /home/kaiyaok2/PythonProjects/falcon/tests/test_query_params.py: 223.68076038360596
test_get_dict_missing_param in /home/kaiyaok2/PythonProjects/falcon/tests/test_query_params.py: 223.80041193962097
test_required in /home/kaiyaok2/PythonProjects/falcon/tests/test_query_params.py: 225.24530267715454
test_list_transformer in /home/kaiyaok2/PythonProjects/falcon/tests/test_query_params.py: 225.3754324913025
test_option_auto_parse_qs_csv_multiple_fields_true in /home/kaiyaok2/PythonProjects/falcon/tests/test_query_params.py: 225.47425818443298
test_simple in /home/kaiyaok2/PythonProjects/falcon/tests/test_query_params.py: 225.57555150985718
test_none in /home/kaiyaok2/PythonProjects/falcon/tests/test_query_params.py: 225.71702480316162
test_multiple_form_keys_as_list in /home/kaiyaok2/PythonProjects/falcon/tests/test_query_params.py: 225.82815551757812
test_option_auto_parse_qs_csv_multiple_fields_false in /home/kaiyaok2/PythonProjects/falcon/tests/test_query_params.py: 225.930805683136
test_param_property in /home/kaiyaok2/PythonProjects/falcon/tests/test_query_params.py: 227.70199513435364
test_get_dict_missing_param in /home/kaiyaok2/PythonProjects/falcon/tests/test_query_params.py: 227.80791664123535
test_get_date_valid_with_format in /home/kaiyaok2/PythonProjects/falcon/tests/test_query_params.py: 227.9477195739746
test_get_dict_invalid in /home/kaiyaok2/PythonProjects/falcon/tests/test_query_params.py: 228.093425989151
test_multiple_keys_as_int in /home/kaiyaok2/PythonProjects/falcon/tests/test_query_params.py: 228.20187973976135
test_list_type in /home/kaiyaok2/PythonProjects/falcon/tests/test_query_params.py: 228.32251143455505
test_get_datetime_valid_with_format in /home/kaiyaok2/PythonProjects/falcon/tests/test_query_params.py: 228.43112230300903
test_option_auto_parse_qs_csv_multiple_fields_true in /home/kaiyaok2/PythonProjects/falcon/tests/test_query_params.py: 228.55242228507996
test_option_auto_parse_qs_csv_multiple_fields_true in /home/kaiyaok2/PythonProjects/falcon/tests/test_query_params.py: 230.2764754295349
test_required in /home/kaiyaok2/PythonProjects/falcon/tests/test_query_params.py: 230.40624165534973
test_get_date_missing_param in /home/kaiyaok2/PythonProjects/falcon/tests/test_query_params.py: 230.51445078849792
test_option_auto_parse_qs_csv_multiple_fields_true in /home/kaiyaok2/PythonProjects/falcon/tests/test_query_params.py: 230.62894201278687
test_get_date_store in /home/kaiyaok2/PythonProjects/falcon/tests/test_query_params.py: 230.73333978652954
test_option_auto_parse_qs_csv_multiple_fields_true in /home/kaiyaok2/PythonProjects/falcon/tests/test_query_params.py: 230.85586023330688
test_float_neg in /home/kaiyaok2/PythonProjects/falcon/tests/test_query_params.py: 230.97270679473877
test_get_date_invalid in /home/kaiyaok2/PythonProjects/falcon/tests/test_query_params.py: 232.43862628936768
test_multiple_keys_as_int in /home/kaiyaok2/PythonProjects/falcon/tests/test_query_params.py: 232.5779583454132
test_get_date_invalid in /home/kaiyaok2/PythonProjects/falcon/tests/test_query_params.py: 232.69493293762207
test_empty_body in /home/kaiyaok2/PythonProjects/falcon/tests/test_query_params.py: 232.81394052505493
test_empty_body_no_content_length in /home/kaiyaok2/PythonProjects/falcon/tests/test_query_params.py: 232.9193024635315
test_asgi_raises_error in /home/kaiyaok2/PythonProjects/falcon/tests/test_query_params.py: 233.02513599395752
test_http_methods_body_expected in /home/kaiyaok2/PythonProjects/falcon/tests/test_query_params.py: 234.51367497444153
test_http_methods_body_expected in /home/kaiyaok2/PythonProjects/falcon/tests/test_query_params.py: 234.61526465415955
test_http_methods_body_expected in /home/kaiyaok2/PythonProjects/falcon/tests/test_query_params.py: 234.73127913475037
test_http_methods_body_expected in /home/kaiyaok2/PythonProjects/falcon/tests/test_query_params.py: 234.83577799797058
test_http_methods_body_expected in /home/kaiyaok2/PythonProjects/falcon/tests/test_query_params.py: 234.96353244781494
test_http_methods_body_not_expected in /home/kaiyaok2/PythonProjects/falcon/tests/test_query_params.py: 235.07405591011047
test_non_ascii in /home/kaiyaok2/PythonProjects/falcon/tests/test_query_params.py: 235.180495262146
test_http_methods_body_not_expected in /home/kaiyaok2/PythonProjects/falcon/tests/test_query_params.py: 236.67329931259155
test_explicitly_disable_auto_parse in /home/kaiyaok2/PythonProjects/falcon/tests/test_query_params.py: 236.79058408737183
test_redirect in /home/kaiyaok2/PythonProjects/falcon/tests/test_redirects.py: 237.01778173446655
test_redirect_with_headers in /home/kaiyaok2/PythonProjects/falcon/tests/test_redirects.py: 237.09540557861328
test_redirect in /home/kaiyaok2/PythonProjects/falcon/tests/test_redirects.py: 237.1626331806183
test_redirect in /home/kaiyaok2/PythonProjects/falcon/tests/test_redirects.py: 237.25895476341248
test_redirect in /home/kaiyaok2/PythonProjects/falcon/tests/test_redirects.py: 237.32968068122864
test_redirect in /home/kaiyaok2/PythonProjects/falcon/tests/test_redirects.py: 237.4455213546753
test_redirect_with_headers in /home/kaiyaok2/PythonProjects/falcon/tests/test_redirects.py: 237.51574516296387
test_redirect_with_headers in /home/kaiyaok2/PythonProjects/falcon/tests/test_redirects.py: 237.58647227287292
test_redirect_with_headers in /home/kaiyaok2/PythonProjects/falcon/tests/test_redirects.py: 237.65432810783386
test_redirect_with_headers in /home/kaiyaok2/PythonProjects/falcon/tests/test_redirects.py: 237.73045110702515
test_json_err_no_handler in /home/kaiyaok2/PythonProjects/falcon/tests/test_media_handlers.py: 237.8264021873474
test_json_err_no_handler in /home/kaiyaok2/PythonProjects/falcon/tests/test_media_handlers.py: 239.56004858016968
test_414_with_title in /home/kaiyaok2/PythonProjects/falcon/tests/test_httperror.py: 256.56626081466675
test_epic_fail_xml in /home/kaiyaok2/PythonProjects/falcon/tests/test_httperror.py: 256.6902906894684
test_title_default_message_if_none in /home/kaiyaok2/PythonProjects/falcon/tests/test_httperror.py: 256.80534648895264
test_404_without_body in /home/kaiyaok2/PythonProjects/falcon/tests/test_httperror.py: 256.89939403533936
test_base_class in /home/kaiyaok2/PythonProjects/falcon/tests/test_httperror.py: 256.9966242313385
test_forbidden in /home/kaiyaok2/PythonProjects/falcon/tests/test_httperror.py: 257.0878953933716
test_custom_error_serializer_optional_representation in /home/kaiyaok2/PythonProjects/falcon/tests/test_httperror.py: 258.73066687583923
test_custom_serializer_no_representation in /home/kaiyaok2/PythonProjects/falcon/tests/test_httperror.py: 258.83913373947144
test_unicode_json in /home/kaiyaok2/PythonProjects/falcon/tests/test_httperror.py: 258.967410326004
test_404_with_body in /home/kaiyaok2/PythonProjects/falcon/tests/test_httperror.py: 259.0762014389038
test_title_default_message_if_none in /home/kaiyaok2/PythonProjects/falcon/tests/test_httperror.py: 259.17145705223083
test_title_default_message_if_none in /home/kaiyaok2/PythonProjects/falcon/tests/test_httperror.py: 259.2754559516907
test_410_without_body in /home/kaiyaok2/PythonProjects/falcon/tests/test_httperror.py: 259.4087109565735
test_title_default_message_if_none in /home/kaiyaok2/PythonProjects/falcon/tests/test_httperror.py: 259.50362253189087
test_429_no_retry_after in /home/kaiyaok2/PythonProjects/falcon/tests/test_httperror.py: 260.97435665130615
test_405_without_body in /home/kaiyaok2/PythonProjects/falcon/tests/test_httperror.py: 261.07275223731995
test_forbidden in /home/kaiyaok2/PythonProjects/falcon/tests/test_httperror.py: 261.20673751831055
test_503_integer_retry_after in /home/kaiyaok2/PythonProjects/falcon/tests/test_httperror.py: 261.31006813049316
test_411 in /home/kaiyaok2/PythonProjects/falcon/tests/test_httperror.py: 261.4079523086548
test_serialize_no_json_media_handler in /home/kaiyaok2/PythonProjects/falcon/tests/test_httperror.py: 261.5173559188843
test_405_without_body_with_extra_headers in /home/kaiyaok2/PythonProjects/falcon/tests/test_httperror.py: 261.60654973983765
test_custom_error_serializer_optional_representation in /home/kaiyaok2/PythonProjects/falcon/tests/test_httperror.py: 261.7754793167114
test_misc in /home/kaiyaok2/PythonProjects/falcon/tests/test_httperror.py: 261.97122502326965
test_405_with_body in /home/kaiyaok2/PythonProjects/falcon/tests/test_httperror.py: 263.6993465423584
test_client_does_not_accept_json_or_xml in /home/kaiyaok2/PythonProjects/falcon/tests/test_httperror.py: 263.8019256591797
test_no_description_json in /home/kaiyaok2/PythonProjects/falcon/tests/test_httperror.py: 263.912282705307
test_414_with_description in /home/kaiyaok2/PythonProjects/falcon/tests/test_httperror.py: 264.0165147781372
test_title_default_message_if_none in /home/kaiyaok2/PythonProjects/falcon/tests/test_httperror.py: 264.131299495697
test_503_datetime_retry_after in /home/kaiyaok2/PythonProjects/falcon/tests/test_httperror.py: 264.2386395931244
test_414 in /home/kaiyaok2/PythonProjects/falcon/tests/test_httperror.py: 264.36707282066345
test_custom_error_serializer_optional_representation in /home/kaiyaok2/PythonProjects/falcon/tests/test_httperror.py: 264.4697172641754
test_405_without_body_with_extra_headers_double_check in /home/kaiyaok2/PythonProjects/falcon/tests/test_httperror.py: 266.1430323123932
test_invalid_param in /home/kaiyaok2/PythonProjects/falcon/tests/test_httperror.py: 266.24448108673096
test_no_description_xml in /home/kaiyaok2/PythonProjects/falcon/tests/test_httperror.py: 266.39211440086365
test_custom_error_serializer_optional_representation in /home/kaiyaok2/PythonProjects/falcon/tests/test_httperror.py: 266.5018754005432
test_epic_fail_xml in /home/kaiyaok2/PythonProjects/falcon/tests/test_httperror.py: 266.59942960739136
test_temporary_413_integer_retry_after in /home/kaiyaok2/PythonProjects/falcon/tests/test_httperror.py: 266.69272470474243
test_custom_error_serializer in /home/kaiyaok2/PythonProjects/falcon/tests/test_httperror.py: 266.7944424152374
test_title_default_message_if_none in /home/kaiyaok2/PythonProjects/falcon/tests/test_httperror.py: 266.89748334884644
test_unicode_xml in /home/kaiyaok2/PythonProjects/falcon/tests/test_httperror.py: 268.4564950466156
test_forbidden in /home/kaiyaok2/PythonProjects/falcon/tests/test_httperror.py: 268.5554699897766
test_client_does_not_accept_anything in /home/kaiyaok2/PythonProjects/falcon/tests/test_httperror.py: 268.6559808254242
test_410_with_body in /home/kaiyaok2/PythonProjects/falcon/tests/test_httperror.py: 268.7573730945587
test_temporary_413_datetime_retry_after in /home/kaiyaok2/PythonProjects/falcon/tests/test_httperror.py: 268.85479640960693
test_416 in /home/kaiyaok2/PythonProjects/falcon/tests/test_httperror.py: 268.94900608062744
test_serialize_error_uses_media_handler in /home/kaiyaok2/PythonProjects/falcon/tests/test_httperror.py: 269.04546213150024
test_missing_param in /home/kaiyaok2/PythonProjects/falcon/tests/test_httperror.py: 269.13658142089844
test_missing_header in /home/kaiyaok2/PythonProjects/falcon/tests/test_httperror.py: 269.23407101631165
test_invalid_header in /home/kaiyaok2/PythonProjects/falcon/tests/test_httperror.py: 270.7878360748291
test_401 in /home/kaiyaok2/PythonProjects/falcon/tests/test_httperror.py: 270.9104800224304
test_epic_fail_xml in /home/kaiyaok2/PythonProjects/falcon/tests/test_httperror.py: 271.0325894355774
test_429_datetime in /home/kaiyaok2/PythonProjects/falcon/tests/test_httperror.py: 271.1319544315338
test_414_with_custom_kwargs in /home/kaiyaok2/PythonProjects/falcon/tests/test_httperror.py: 271.2344717979431
test_413 in /home/kaiyaok2/PythonProjects/falcon/tests/test_httperror.py: 271.34004855155945
test_429 in /home/kaiyaok2/PythonProjects/falcon/tests/test_httperror.py: 271.42725944519043
test_epic_fail_xml in /home/kaiyaok2/PythonProjects/falcon/tests/test_httperror.py: 271.517778635025
test_epic_fail_json in /home/kaiyaok2/PythonProjects/falcon/tests/test_httperror.py: 272.98202991485596
test_converter_custom in /home/kaiyaok2/PythonProjects/falcon/tests/test_uri_templates.py: 274.4301612377167
test_uuid_converter_complex_segment in /home/kaiyaok2/PythonProjects/falcon/tests/test_uri_templates.py: 274.5200340747833
test_same_level_complex_var in /home/kaiyaok2/PythonProjects/falcon/tests/test_uri_templates.py: 274.6086061000824
test_datetime_converter in /home/kaiyaok2/PythonProjects/falcon/tests/test_uri_templates.py: 274.7174644470215
test_float_converter in /home/kaiyaok2/PythonProjects/falcon/tests/test_uri_templates.py: 274.8040723800659
test_float_converter in /home/kaiyaok2/PythonProjects/falcon/tests/test_uri_templates.py: 274.8924276828766
test_float_converter in /home/kaiyaok2/PythonProjects/falcon/tests/test_uri_templates.py: 274.97449707984924
test_float_converter_non_finite_allowed in /home/kaiyaok2/PythonProjects/falcon/tests/test_uri_templates.py: 275.05792927742004
test_datetime_converter in /home/kaiyaok2/PythonProjects/falcon/tests/test_uri_templates.py: 275.1425471305847
test_float_converter in /home/kaiyaok2/PythonProjects/falcon/tests/test_uri_templates.py: 276.77288365364075
test_uuid_converter in /home/kaiyaok2/PythonProjects/falcon/tests/test_uri_templates.py: 276.87946701049805
test_special_chars in /home/kaiyaok2/PythonProjects/falcon/tests/test_uri_templates.py: 276.96145486831665
test_single in /home/kaiyaok2/PythonProjects/falcon/tests/test_uri_templates.py: 277.05229020118713
test_float_converter in /home/kaiyaok2/PythonProjects/falcon/tests/test_uri_templates.py: 277.13241505622864
test_uuid_converter in /home/kaiyaok2/PythonProjects/falcon/tests/test_uri_templates.py: 277.21952414512634
test_int_converter_rejections in /home/kaiyaok2/PythonProjects/falcon/tests/test_uri_templates.py: 277.3033769130707
test_int_converter in /home/kaiyaok2/PythonProjects/falcon/tests/test_uri_templates.py: 277.3839461803436
test_int_converter_rejections in /home/kaiyaok2/PythonProjects/falcon/tests/test_uri_templates.py: 277.46385431289673
test_float_converter_non_finite_disallowed in /home/kaiyaok2/PythonProjects/falcon/tests/test_uri_templates.py: 277.55130648612976
test_float_converter in /home/kaiyaok2/PythonProjects/falcon/tests/test_uri_templates.py: 277.63467478752136
test_converter_custom in /home/kaiyaok2/PythonProjects/falcon/tests/test_uri_templates.py: 279.19517064094543
test_int_converter in /home/kaiyaok2/PythonProjects/falcon/tests/test_uri_templates.py: 279.29388093948364
test_adding_suffix_routes in /home/kaiyaok2/PythonProjects/falcon/tests/test_uri_templates.py: 279.38658809661865
test_no_vars in /home/kaiyaok2/PythonProjects/falcon/tests/test_uri_templates.py: 279.481835603714
test_converter_custom in /home/kaiyaok2/PythonProjects/falcon/tests/test_uri_templates.py: 279.5691752433777
test_with_and_without_trailing_slash in /home/kaiyaok2/PythonProjects/falcon/tests/test_uri_templates.py: 279.6544485092163
test_root_path in /home/kaiyaok2/PythonProjects/falcon/tests/test_uri_templates.py: 279.73330879211426
test_uuid_converter in /home/kaiyaok2/PythonProjects/falcon/tests/test_uri_templates.py: 279.812362909317
test_int_converter_rejections in /home/kaiyaok2/PythonProjects/falcon/tests/test_uri_templates.py: 279.88736367225647
test_float_converter_non_finite_allowed in /home/kaiyaok2/PythonProjects/falcon/tests/test_uri_templates.py: 279.9653522968292
test_float_converter in /home/kaiyaok2/PythonProjects/falcon/tests/test_uri_templates.py: 281.45260667800903
test_single_path_segment in /home/kaiyaok2/PythonProjects/falcon/tests/test_uri_templates.py: 281.5528447628021
test_single in /home/kaiyaok2/PythonProjects/falcon/tests/test_uri_templates.py: 281.63292121887207
test_float_converter in /home/kaiyaok2/PythonProjects/falcon/tests/test_uri_templates.py: 281.7178111076355
test_float_converter in /home/kaiyaok2/PythonProjects/falcon/tests/test_uri_templates.py: 281.8009867668152
test_int_converter in /home/kaiyaok2/PythonProjects/falcon/tests/test_uri_templates.py: 281.89152693748474
test_float_converter in /home/kaiyaok2/PythonProjects/falcon/tests/test_uri_templates.py: 281.975581407547
test_uuid_converter in /home/kaiyaok2/PythonProjects/falcon/tests/test_uri_templates.py: 282.05849957466125
test_with_and_without_trailing_slash in /home/kaiyaok2/PythonProjects/falcon/tests/test_uri_templates.py: 282.189546585083
test_single in /home/kaiyaok2/PythonProjects/falcon/tests/test_uri_templates.py: 282.3115727901459
test_same_level_complex_var in /home/kaiyaok2/PythonProjects/falcon/tests/test_uri_templates.py: 284.0273699760437
test_float_converter in /home/kaiyaok2/PythonProjects/falcon/tests/test_uri_templates.py: 284.1148226261139
test_datetime_converter in /home/kaiyaok2/PythonProjects/falcon/tests/test_uri_templates.py: 284.2072904109955
test_float_converter in /home/kaiyaok2/PythonProjects/falcon/tests/test_uri_templates.py: 284.2913558483124
test_float_converter_non_finite_allowed in /home/kaiyaok2/PythonProjects/falcon/tests/test_uri_templates.py: 284.3781223297119
test_uuid_converter in /home/kaiyaok2/PythonProjects/falcon/tests/test_uri_templates.py: 284.4616415500641
test_int_converter in /home/kaiyaok2/PythonProjects/falcon/tests/test_uri_templates.py: 284.55136799812317
test_multiple in /home/kaiyaok2/PythonProjects/falcon/tests/test_uri_templates.py: 284.6528174877167
test_uuid_converter in /home/kaiyaok2/PythonProjects/falcon/tests/test_uri_templates.py: 284.77532935142517
test_single_trailing_slash in /home/kaiyaok2/PythonProjects/falcon/tests/test_uri_templates.py: 284.8537063598633
test_datetime_converter in /home/kaiyaok2/PythonProjects/falcon/tests/test_uri_templates.py: 286.5980169773102
test_unset_cookies_samesite in /home/kaiyaok2/PythonProjects/falcon/tests/test_cookies.py: 286.73036670684814
test_response_unset_cookie in /home/kaiyaok2/PythonProjects/falcon/tests/test_cookies.py: 286.8532440662384
test_cookie_max_age_float_and_string in /home/kaiyaok2/PythonProjects/falcon/tests/test_cookies.py: 286.9824540615082
test_none_same_site_value in /home/kaiyaok2/PythonProjects/falcon/tests/test_cookies.py: 287.06473207473755
test_strict_same_site_value in /home/kaiyaok2/PythonProjects/falcon/tests/test_cookies.py: 287.15616250038147
test_lax_same_site_value in /home/kaiyaok2/PythonProjects/falcon/tests/test_cookies.py: 287.26384830474854
test_cookies_setable in /home/kaiyaok2/PythonProjects/falcon/tests/test_cookies.py: 287.356632232666
test_cookie_expires_aware in /home/kaiyaok2/PythonProjects/falcon/tests/test_cookies.py: 287.44252490997314
test_response_base_case in /home/kaiyaok2/PythonProjects/falcon/tests/test_cookies.py: 287.56385803222656
test_cookie_max_age_float_and_string in /home/kaiyaok2/PythonProjects/falcon/tests/test_cookies.py: 287.6520233154297
test_response_complex_case in /home/kaiyaok2/PythonProjects/falcon/tests/test_cookies.py: 289.1722195148468
test_cookie_timezone in /home/kaiyaok2/PythonProjects/falcon/tests/test_cookies.py: 289.27664017677307
test_same_site_empty_string in /home/kaiyaok2/PythonProjects/falcon/tests/test_cookies.py: 289.367577791214
test_response_disable_secure_globally in /home/kaiyaok2/PythonProjects/falcon/tests/test_cookies.py: 289.4928312301636
test_cookie_expires_naive in /home/kaiyaok2/PythonProjects/falcon/tests/test_cookies.py: 289.59034299850464
test_unset_cookies in /home/kaiyaok2/PythonProjects/falcon/tests/test_cookies.py: 289.67300820350647
test_client_simulate_aliases in /home/kaiyaok2/PythonProjects/falcon/tests/test_testing.py: 289.74531054496765
test_client_simulate_aliases in /home/kaiyaok2/PythonProjects/falcon/tests/test_testing.py: 289.7738444805145
test_client_simulate_aliases in /home/kaiyaok2/PythonProjects/falcon/tests/test_testing.py: 289.8026533126831
test_client_simulate_aliases in /home/kaiyaok2/PythonProjects/falcon/tests/test_testing.py: 289.8334414958954
test_client_simulate_aliases in /home/kaiyaok2/PythonProjects/falcon/tests/test_testing.py: 289.8598623275757
test_client_simulate_aliases in /home/kaiyaok2/PythonProjects/falcon/tests/test_testing.py: 289.887478351593
test_client_simulate_aliases in /home/kaiyaok2/PythonProjects/falcon/tests/test_testing.py: 289.9194498062134
test_client_simulate_aliases in /home/kaiyaok2/PythonProjects/falcon/tests/test_testing.py: 289.94749331474304
