test_routes_only in /home/kaiyaok2/PythonProjects/falcon/tests/test_cmd_inspect_app.py: 19.386049509048462
test_inspect in /home/kaiyaok2/PythonProjects/falcon/tests/test_cmd_inspect_app.py: 19.600231647491455
test_routes_only in /home/kaiyaok2/PythonProjects/falcon/tests/test_cmd_inspect_app.py: 19.93418264389038
test_routes_only in /home/kaiyaok2/PythonProjects/falcon/tests/test_cmd_inspect_app.py: 20.23944091796875
test_inspect in /home/kaiyaok2/PythonProjects/falcon/tests/test_cmd_inspect_app.py: 23.604215145111084
test_inspect in /home/kaiyaok2/PythonProjects/falcon/tests/test_cmd_inspect_app.py: 23.850611925125122
test_inspect in /home/kaiyaok2/PythonProjects/falcon/tests/test_cmd_inspect_app.py: 24.13272500038147
test_routes_only in /home/kaiyaok2/PythonProjects/falcon/tests/test_cmd_inspect_app.py: 24.484641313552856
test_load_app in /home/kaiyaok2/PythonProjects/falcon/tests/test_cmd_inspect_app.py: 24.749945163726807
test_load_app_error in /home/kaiyaok2/PythonProjects/falcon/tests/test_cmd_inspect_app.py: 24.972952127456665
test_load_app in /home/kaiyaok2/PythonProjects/falcon/tests/test_cmd_inspect_app.py: 25.291892528533936
test_load_app_error in /home/kaiyaok2/PythonProjects/falcon/tests/test_cmd_inspect_app.py: 25.561285495758057
test_load_app_error in /home/kaiyaok2/PythonProjects/falcon/tests/test_cmd_inspect_app.py: 25.7882719039917
test_missing_responder in /home/kaiyaok2/PythonProjects/falcon/tests/asgi/test_asgi_servers.py: 195.06870436668396
test_disconnecting_client_early in /home/kaiyaok2/PythonProjects/falcon/tests/asgi/test_asgi_servers.py: 210.5548551082611
test_send_before_accept in /home/kaiyaok2/PythonProjects/falcon/tests/asgi/test_asgi_servers.py: 226.12924122810364
test_type_mismatch in /home/kaiyaok2/PythonProjects/falcon/tests/asgi/test_asgi_servers.py: 241.52241802215576
test_hello in /home/kaiyaok2/PythonProjects/falcon/tests/asgi/test_asgi_servers.py: 256.8583028316498
test_select_subprotocol_known in /home/kaiyaok2/PythonProjects/falcon/tests/asgi/test_asgi_servers.py: 272.4499683380127
test_recv_before_accept in /home/kaiyaok2/PythonProjects/falcon/tests/asgi/test_asgi_servers.py: 291.82945680618286
test_invalid_close_code in /home/kaiyaok2/PythonProjects/falcon/tests/asgi/test_asgi_servers.py: 307.73438119888306
test_rejected in /home/kaiyaok2/PythonProjects/falcon/tests/asgi/test_asgi_servers.py: 323.3319892883301
test_type_mismatch in /home/kaiyaok2/PythonProjects/falcon/tests/asgi/test_asgi_servers.py: 338.69277358055115
test_type_mismatch in /home/kaiyaok2/PythonProjects/falcon/tests/asgi/test_asgi_servers.py: 354.4461145401001
test_close_code_on_unhandled_http_error in /home/kaiyaok2/PythonProjects/falcon/tests/asgi/test_asgi_servers.py: 369.9642195701599
test_hello in /home/kaiyaok2/PythonProjects/falcon/tests/asgi/test_asgi_servers.py: 385.23740434646606
test_hello in /home/kaiyaok2/PythonProjects/falcon/tests/asgi/test_asgi_servers.py: 400.5101161003113
test_type_mismatch in /home/kaiyaok2/PythonProjects/falcon/tests/asgi/test_asgi_servers.py: 415.9927351474762
test_close_code_on_unhandled_error in /home/kaiyaok2/PythonProjects/falcon/tests/asgi/test_asgi_servers.py: 431.58923292160034
test_rejected in /home/kaiyaok2/PythonProjects/falcon/tests/asgi/test_asgi_servers.py: 447.0529406070709
test_rejected in /home/kaiyaok2/PythonProjects/falcon/tests/asgi/test_asgi_servers.py: 462.73843908309937
test_select_subprotocol_unknown in /home/kaiyaok2/PythonProjects/falcon/tests/asgi/test_asgi_servers.py: 478.26779103279114
test_select_subprotocol_known in /home/kaiyaok2/PythonProjects/falcon/tests/asgi/test_asgi_servers.py: 493.6225128173828
test_passing_path_params in /home/kaiyaok2/PythonProjects/falcon/tests/asgi/test_asgi_servers.py: 509.12057757377625
test_hello in /home/kaiyaok2/PythonProjects/falcon/tests/asgi/test_asgi_servers.py: 524.4977531433105
test_rejected in /home/kaiyaok2/PythonProjects/falcon/tests/asgi/test_asgi_servers.py: 539.8005578517914
test_sse in /home/kaiyaok2/PythonProjects/falcon/tests/asgi/test_asgi_servers.py: 555.2936697006226
test_post_multiple in /home/kaiyaok2/PythonProjects/falcon/tests/asgi/test_asgi_servers.py: 570.630056142807
test_get in /home/kaiyaok2/PythonProjects/falcon/tests/asgi/test_asgi_servers.py: 586.2585186958313
test_put in /home/kaiyaok2/PythonProjects/falcon/tests/asgi/test_asgi_servers.py: 601.8019704818726
test_post_read_bounded_stream_large in /home/kaiyaok2/PythonProjects/falcon/tests/asgi/test_asgi_servers.py: 617.1832461357117
test_post_multipart_form in /home/kaiyaok2/PythonProjects/falcon/tests/asgi/test_asgi_servers.py: 632.6620910167694
test_sse_client_disconnects_early in /home/kaiyaok2/PythonProjects/falcon/tests/asgi/test_asgi_servers.py: 648.3971722126007
test_post_read_bounded_stream_no_body in /home/kaiyaok2/PythonProjects/falcon/tests/asgi/test_asgi_servers.py: 663.9147129058838
test_post_read_bounded_stream in /home/kaiyaok2/PythonProjects/falcon/tests/asgi/test_asgi_servers.py: 679.3516969680786
test_head_405 in /home/kaiyaok2/PythonProjects/falcon/tests/asgi/test_asgi_servers.py: 694.9145662784576
test_post_invalid_content_length in /home/kaiyaok2/PythonProjects/falcon/tests/asgi/test_asgi_servers.py: 710.3311023712158
test_stream_chunked_request in /home/kaiyaok2/PythonProjects/falcon/tests/asgi/test_asgi_servers.py: 725.8691036701202
test_static_file_byte_range in /home/kaiyaok2/PythonProjects/falcon/tests/test_wsgi_servers.py: 759.2901940345764
test_static_file_byte_range in /home/kaiyaok2/PythonProjects/falcon/tests/test_wsgi_servers.py: 789.798504114151
test_static_file_byte_range in /home/kaiyaok2/PythonProjects/falcon/tests/test_wsgi_servers.py: 820.2635872364044
test_static_file in /home/kaiyaok2/PythonProjects/falcon/tests/test_wsgi_servers.py: 850.6075184345245
test_static_file_byte_range in /home/kaiyaok2/PythonProjects/falcon/tests/test_wsgi_servers.py: 881.1769895553589
test_static_file in /home/kaiyaok2/PythonProjects/falcon/tests/test_wsgi_servers.py: 911.4469337463379
test_static_file_byte_range in /home/kaiyaok2/PythonProjects/falcon/tests/test_wsgi_servers.py: 941.8589162826538
test_get in /home/kaiyaok2/PythonProjects/falcon/tests/test_wsgi_servers.py: 972.4769945144653
test_static_file_byte_range in /home/kaiyaok2/PythonProjects/falcon/tests/test_wsgi_servers.py: 1003.041256904602
test_static_file_byte_range in /home/kaiyaok2/PythonProjects/falcon/tests/test_wsgi_servers.py: 1033.645682811737
test_post_multipart_form in /home/kaiyaok2/PythonProjects/falcon/tests/test_wsgi_servers.py: 1064.146656513214
test_post_multipart_form in /home/kaiyaok2/PythonProjects/falcon/tests/test_wsgi_servers.py: 1094.7419180870056
test_get_deprecated in /home/kaiyaok2/PythonProjects/falcon/tests/test_wsgi_servers.py: 1125.0665318965912
test_get_deprecated in /home/kaiyaok2/PythonProjects/falcon/tests/test_wsgi_servers.py: 1155.4124388694763
test_static_file_byte_range in /home/kaiyaok2/PythonProjects/falcon/tests/test_wsgi_servers.py: 1185.7611021995544
test_get in /home/kaiyaok2/PythonProjects/falcon/tests/test_wsgi_servers.py: 1215.9539999961853
test_stream_has_private_read in /home/kaiyaok2/PythonProjects/falcon/tests/test_cython.py: 1220.4115753173828
test_imported_from_c_modules in /home/kaiyaok2/PythonProjects/falcon/tests/test_cython.py: 1220.4406769275665
