test_imported_from_c_modules in /home/kaiyaok2/PythonProjects/falcon/tests/test_cython.py: 23.762951850891113
test_stream_has_private_read in /home/kaiyaok2/PythonProjects/falcon/tests/test_cython.py: 23.770046949386597
test_hooks in /home/kaiyaok2/PythonProjects/falcon/tests/asgi/test_cythonized_asgi.py: 35.71085023880005
test_jsonchema_validator in /home/kaiyaok2/PythonProjects/falcon/tests/asgi/test_cythonized_asgi.py: 35.82095813751221
test_resource_with_uri_fields in /home/kaiyaok2/PythonProjects/falcon/tests/test_after_hooks.py: 41.02100086212158
test_wrapped_resource in /home/kaiyaok2/PythonProjects/falcon/tests/test_after_hooks.py: 41.211092710494995
test_wrapped_resource_with_hooks_aware_of_resource in /home/kaiyaok2/PythonProjects/falcon/tests/test_after_hooks.py: 41.330289125442505
test_wrapped_resource in /home/kaiyaok2/PythonProjects/falcon/tests/test_after_hooks.py: 43.728193521499634
test_resource_with_uri_fields in /home/kaiyaok2/PythonProjects/falcon/tests/test_after_hooks.py: 43.91565442085266
test_allow_credential_list_or_str in /home/kaiyaok2/PythonProjects/falcon/tests/test_cors_middleware.py: 47.97292685508728
test_allow_origin in /home/kaiyaok2/PythonProjects/falcon/tests/test_cors_middleware.py: 48.08184218406677
test_missing_responder in /home/kaiyaok2/PythonProjects/falcon/tests/asgi/test_asgi_servers.py: 71.65929126739502
test_select_subprotocol_unknown in /home/kaiyaok2/PythonProjects/falcon/tests/asgi/test_asgi_servers.py: 86.91711497306824
test_send_before_accept in /home/kaiyaok2/PythonProjects/falcon/tests/asgi/test_asgi_servers.py: 102.50234365463257
test_passing_path_params in /home/kaiyaok2/PythonProjects/falcon/tests/asgi/test_asgi_servers.py: 117.9052677154541
test_select_subprotocol_known in /home/kaiyaok2/PythonProjects/falcon/tests/asgi/test_asgi_servers.py: 133.47570633888245
test_disconnecting_client_early in /home/kaiyaok2/PythonProjects/falcon/tests/asgi/test_asgi_servers.py: 149.02410101890564
test_rejected in /home/kaiyaok2/PythonProjects/falcon/tests/asgi/test_asgi_servers.py: 164.42113709449768
test_close_code_on_unhandled_http_error in /home/kaiyaok2/PythonProjects/falcon/tests/asgi/test_asgi_servers.py: 180.0744218826294
test_type_mismatch in /home/kaiyaok2/PythonProjects/falcon/tests/asgi/test_asgi_servers.py: 195.65091753005981
test_hello in /home/kaiyaok2/PythonProjects/falcon/tests/asgi/test_asgi_servers.py: 211.14138841629028
test_invalid_close_code in /home/kaiyaok2/PythonProjects/falcon/tests/asgi/test_asgi_servers.py: 226.77272486686707
test_hello in /home/kaiyaok2/PythonProjects/falcon/tests/asgi/test_asgi_servers.py: 232.37884545326233
test_hello in /home/kaiyaok2/PythonProjects/falcon/tests/asgi/test_asgi_servers.py: 238.2532603740692
test_rejected in /home/kaiyaok2/PythonProjects/falcon/tests/asgi/test_asgi_servers.py: 243.78950214385986
test_recv_before_accept in /home/kaiyaok2/PythonProjects/falcon/tests/asgi/test_asgi_servers.py: 250.47196984291077
test_type_mismatch in /home/kaiyaok2/PythonProjects/falcon/tests/asgi/test_asgi_servers.py: 255.80399990081787
test_rejected in /home/kaiyaok2/PythonProjects/falcon/tests/asgi/test_asgi_servers.py: 271.3798553943634
test_close_code_on_unhandled_error in /home/kaiyaok2/PythonProjects/falcon/tests/asgi/test_asgi_servers.py: 287.08810234069824
test_hello in /home/kaiyaok2/PythonProjects/falcon/tests/asgi/test_asgi_servers.py: 303.1647436618805
test_type_mismatch in /home/kaiyaok2/PythonProjects/falcon/tests/asgi/test_asgi_servers.py: 318.8719530105591
test_type_mismatch in /home/kaiyaok2/PythonProjects/falcon/tests/asgi/test_asgi_servers.py: 334.4611041545868
test_select_subprotocol_known in /home/kaiyaok2/PythonProjects/falcon/tests/asgi/test_asgi_servers.py: 350.05848121643066
test_rejected in /home/kaiyaok2/PythonProjects/falcon/tests/asgi/test_asgi_servers.py: 365.3143906593323
test_sse in /home/kaiyaok2/PythonProjects/falcon/tests/asgi/test_asgi_servers.py: 380.45988631248474
test_put in /home/kaiyaok2/PythonProjects/falcon/tests/asgi/test_asgi_servers.py: 395.87422490119934
test_stream_chunked_request in /home/kaiyaok2/PythonProjects/falcon/tests/asgi/test_asgi_servers.py: 401.55844950675964
test_post_read_bounded_stream in /home/kaiyaok2/PythonProjects/falcon/tests/asgi/test_asgi_servers.py: 417.22455644607544
test_get in /home/kaiyaok2/PythonProjects/falcon/tests/asgi/test_asgi_servers.py: 432.66797614097595
test_post_multiple in /home/kaiyaok2/PythonProjects/falcon/tests/asgi/test_asgi_servers.py: 443.5230300426483
test_post_read_bounded_stream_no_body in /home/kaiyaok2/PythonProjects/falcon/tests/asgi/test_asgi_servers.py: 459.588427066803
test_post_read_bounded_stream_large in /home/kaiyaok2/PythonProjects/falcon/tests/asgi/test_asgi_servers.py: 470.15631318092346
test_sse_client_disconnects_early in /home/kaiyaok2/PythonProjects/falcon/tests/asgi/test_asgi_servers.py: 475.40746784210205
test_post_invalid_content_length in /home/kaiyaok2/PythonProjects/falcon/tests/asgi/test_asgi_servers.py: 491.06840348243713
test_post_multipart_form in /home/kaiyaok2/PythonProjects/falcon/tests/asgi/test_asgi_servers.py: 506.34734058380127
test_head_405 in /home/kaiyaok2/PythonProjects/falcon/tests/asgi/test_asgi_servers.py: 521.5373241901398
test_get in /home/kaiyaok2/PythonProjects/falcon/tests/test_wsgi_servers.py: 574.0896294116974
test_post_multipart_form in /home/kaiyaok2/PythonProjects/falcon/tests/test_wsgi_servers.py: 604.4558553695679
test_static_file_byte_range in /home/kaiyaok2/PythonProjects/falcon/tests/test_wsgi_servers.py: 634.8233437538147
test_post_multipart_form in /home/kaiyaok2/PythonProjects/falcon/tests/test_wsgi_servers.py: 665.1081540584564
test_static_file_byte_range in /home/kaiyaok2/PythonProjects/falcon/tests/test_wsgi_servers.py: 695.5290536880493
test_static_file in /home/kaiyaok2/PythonProjects/falcon/tests/test_wsgi_servers.py: 725.8073530197144
test_static_file_byte_range in /home/kaiyaok2/PythonProjects/falcon/tests/test_wsgi_servers.py: 756.2072079181671
test_get in /home/kaiyaok2/PythonProjects/falcon/tests/test_wsgi_servers.py: 786.6351685523987
test_static_file_byte_range in /home/kaiyaok2/PythonProjects/falcon/tests/test_wsgi_servers.py: 816.8447525501251
test_static_file_byte_range in /home/kaiyaok2/PythonProjects/falcon/tests/test_wsgi_servers.py: 847.3705170154572
test_get_deprecated in /home/kaiyaok2/PythonProjects/falcon/tests/test_wsgi_servers.py: 877.9846475124359
test_static_file in /home/kaiyaok2/PythonProjects/falcon/tests/test_wsgi_servers.py: 908.4126977920532
test_static_file_byte_range in /home/kaiyaok2/PythonProjects/falcon/tests/test_wsgi_servers.py: 938.901887178421
test_static_file_byte_range in /home/kaiyaok2/PythonProjects/falcon/tests/test_wsgi_servers.py: 969.0521273612976
test_get_deprecated in /home/kaiyaok2/PythonProjects/falcon/tests/test_wsgi_servers.py: 999.4376106262207
test_static_file_byte_range in /home/kaiyaok2/PythonProjects/falcon/tests/test_wsgi_servers.py: 1029.813491344452
test_field_validator in /home/kaiyaok2/PythonProjects/falcon/tests/test_before_hooks.py: 1030.0749831199646
test_multiple_resource_hooks in /home/kaiyaok2/PythonProjects/falcon/tests/test_before_hooks.py: 1030.2371327877045
test_field_validator in /home/kaiyaok2/PythonProjects/falcon/tests/test_before_hooks.py: 1030.4460530281067
test_multiple_resource_hooks in /home/kaiyaok2/PythonProjects/falcon/tests/test_before_hooks.py: 1033.3279514312744
test_piggybacking_resource_post_and_delete in /home/kaiyaok2/PythonProjects/falcon/tests/test_before_hooks.py: 1033.70370054245
test_field_validator in /home/kaiyaok2/PythonProjects/falcon/tests/test_before_hooks.py: 1033.928011417389
test_input_validator in /home/kaiyaok2/PythonProjects/falcon/tests/test_before_hooks.py: 1034.1314165592194
test_piggybacking_resource_post_item in /home/kaiyaok2/PythonProjects/falcon/tests/test_before_hooks.py: 1034.3348948955536
test_wrapped_resource_with_hooks_aware_of_resource in /home/kaiyaok2/PythonProjects/falcon/tests/test_before_hooks.py: 1034.6034314632416
test_param_validator in /home/kaiyaok2/PythonProjects/falcon/tests/test_before_hooks.py: 1035.036365032196
test_input_validator_inherited in /home/kaiyaok2/PythonProjects/falcon/tests/test_before_hooks.py: 1035.5095398426056
test_wrapped_resource in /home/kaiyaok2/PythonProjects/falcon/tests/test_before_hooks.py: 1035.9434759616852
test_multiple_response_mw_throw_exception in /home/kaiyaok2/PythonProjects/falcon/tests/test_middleware.py: 1036.3924140930176
test_generate_trans_id_and_time_with_request in /home/kaiyaok2/PythonProjects/falcon/tests/test_middleware.py: 1039.8788561820984
test_order_mw_executed_when_exception_in_resp in /home/kaiyaok2/PythonProjects/falcon/tests/test_middleware.py: 1040.1727464199066
test_middleware_execution_order in /home/kaiyaok2/PythonProjects/falcon/tests/test_middleware.py: 1040.4113800525665
test_inner_mw_throw_exception_while_processing_resp in /home/kaiyaok2/PythonProjects/falcon/tests/test_middleware.py: 1040.7174770832062
test_outer_mw_with_ex_handler_throw_exception in /home/kaiyaok2/PythonProjects/falcon/tests/test_middleware.py: 1041.0146651268005
test_independent_middleware_execution_order in /home/kaiyaok2/PythonProjects/falcon/tests/test_middleware.py: 1041.2785654067993
test_order_mw_executed_when_exception_in_req in /home/kaiyaok2/PythonProjects/falcon/tests/test_middleware.py: 1041.6229734420776
test_order_mw_executed_when_exception_in_rsrc in /home/kaiyaok2/PythonProjects/falcon/tests/test_middleware.py: 1042.0337979793549
test_generate_trans_id_and_time_with_request in /home/kaiyaok2/PythonProjects/falcon/tests/test_middleware.py: 1042.471429347992
test_order_independent_mw_executed_when_exception_in_req in /home/kaiyaok2/PythonProjects/falcon/tests/test_middleware.py: 1042.8724248409271
test_inner_mw_throw_exception in /home/kaiyaok2/PythonProjects/falcon/tests/test_middleware.py: 1045.870921611786
test_legacy_middleware_called_with_correct_args in /home/kaiyaok2/PythonProjects/falcon/tests/test_middleware.py: 1046.0029747486115
test_order_independent_mw_executed_when_exception_in_rsrc in /home/kaiyaok2/PythonProjects/falcon/tests/test_middleware.py: 1046.1540367603302
test_inner_mw_with_ex_handler_throw_exception in /home/kaiyaok2/PythonProjects/falcon/tests/test_middleware.py: 1046.2936470508575
test_order_independent_mw_executed_when_exception_in_resp in /home/kaiyaok2/PythonProjects/falcon/tests/test_middleware.py: 1046.4474308490753
test_api_initialization_with_cors_enabled_and_middleware_param in /home/kaiyaok2/PythonProjects/falcon/tests/test_middleware.py: 1046.5818436145782
test_api_initialization_with_cors_enabled_and_middleware_param in /home/kaiyaok2/PythonProjects/falcon/tests/test_middleware.py: 1046.7110166549683
test_api_initialization_with_cors_enabled_and_middleware_param in /home/kaiyaok2/PythonProjects/falcon/tests/test_middleware.py: 1046.8878283500671
test_api_initialization_with_cors_enabled_and_middleware_param in /home/kaiyaok2/PythonProjects/falcon/tests/test_middleware.py: 1047.0363953113556
test_base_path_is_removed_before_routing in /home/kaiyaok2/PythonProjects/falcon/tests/test_middleware.py: 1047.1745371818542
test_can_access_resource_params in /home/kaiyaok2/PythonProjects/falcon/tests/test_middleware.py: 1049.2419273853302
test_can_access_resource_params in /home/kaiyaok2/PythonProjects/falcon/tests/test_middleware.py: 1049.3671386241913
test_log_get_request in /home/kaiyaok2/PythonProjects/falcon/tests/test_middleware.py: 1049.5133304595947
test_log_get_request in /home/kaiyaok2/PythonProjects/falcon/tests/test_middleware.py: 1049.6494414806366
test_skip_process_resource in /home/kaiyaok2/PythonProjects/falcon/tests/test_middleware.py: 1049.8074295520782
test_response_middleware_raises_exception in /home/kaiyaok2/PythonProjects/falcon/tests/test_middleware.py: 1049.9259805679321
test_error_composed_before_resp_middleware_called in /home/kaiyaok2/PythonProjects/falcon/tests/test_middleware.py: 1050.0882577896118
test_http_status_raised_from_error_handler in /home/kaiyaok2/PythonProjects/falcon/tests/test_middleware.py: 1050.2277805805206
test_generate_trans_id_with_request in /home/kaiyaok2/PythonProjects/falcon/tests/test_middleware.py: 1052.6464705467224
test_dont_need_params_in_signature in /home/kaiyaok2/PythonProjects/falcon/tests/test_middleware.py: 1052.7799797058105
test_process_resource_cached in /home/kaiyaok2/PythonProjects/falcon/tests/test_middleware.py: 1052.9019453525543
test_process_resource_cached in /home/kaiyaok2/PythonProjects/falcon/tests/test_middleware.py: 1053.0445289611816
test_process_request_not_cached in /home/kaiyaok2/PythonProjects/falcon/tests/test_middleware.py: 1053.1953799724579
test_process_request_cached in /home/kaiyaok2/PythonProjects/falcon/tests/test_middleware.py: 1053.3196098804474
test_process_request_cached in /home/kaiyaok2/PythonProjects/falcon/tests/test_middleware.py: 1053.4659152030945
test_expose_headers in /home/kaiyaok2/PythonProjects/falcon/tests/test_cors_middleware.py: 1059.6669187545776
test_allow_origin in /home/kaiyaok2/PythonProjects/falcon/tests/test_cors_middleware.py: 1059.9236369132996
test_allow_origin in /home/kaiyaok2/PythonProjects/falcon/tests/test_cors_middleware.py: 1063.0309369564056
test_expose_headers in /home/kaiyaok2/PythonProjects/falcon/tests/test_cors_middleware.py: 1063.283388376236
test_allow_credential_wildcard in /home/kaiyaok2/PythonProjects/falcon/tests/test_cors_middleware.py: 1063.6599135398865
test_allow_origin_allow_credential in /home/kaiyaok2/PythonProjects/falcon/tests/test_cors_middleware.py: 1063.9909722805023
test_expose_headers in /home/kaiyaok2/PythonProjects/falcon/tests/test_cors_middleware.py: 1064.2551300525665
test_allow_credential_existing_origin in /home/kaiyaok2/PythonProjects/falcon/tests/test_cors_middleware.py: 1064.4110479354858
test_allow_credential_list_or_str in /home/kaiyaok2/PythonProjects/falcon/tests/test_cors_middleware.py: 1064.5630850791931
test_disabled_cors_should_not_add_any_extra_headers in /home/kaiyaok2/PythonProjects/falcon/tests/test_cors_middleware.py: 1064.833483695984
test_enabled_cors_handles_preflighting_no_headers_in_req in /home/kaiyaok2/PythonProjects/falcon/tests/test_cors_middleware.py: 1065.0624105930328
test_enabled_cors_should_accept_all_origins_requests in /home/kaiyaok2/PythonProjects/falcon/tests/test_cors_middleware.py: 1067.698221206665
test_enabled_cors_handles_preflighting in /home/kaiyaok2/PythonProjects/falcon/tests/test_cors_middleware.py: 1067.8768932819366
test_enabled_cors_no_origin in /home/kaiyaok2/PythonProjects/falcon/tests/test_cors_middleware.py: 1068.106020450592
test_enabled_cors_should_add_extra_headers_on_response in /home/kaiyaok2/PythonProjects/falcon/tests/test_cors_middleware.py: 1068.319354057312
test_path_must_start_with_slash in /home/kaiyaok2/PythonProjects/falcon/tests/test_utils.py: 1069.7168276309967
test_simulate_remote_addr in /home/kaiyaok2/PythonProjects/falcon/tests/test_utils.py: 1069.9873266220093
test_simulate_remote_addr in /home/kaiyaok2/PythonProjects/falcon/tests/test_utils.py: 1070.2550530433655
test_simulate_hostname in /home/kaiyaok2/PythonProjects/falcon/tests/test_utils.py: 1070.4710471630096
test_simulate_remote_addr in /home/kaiyaok2/PythonProjects/falcon/tests/test_utils.py: 1072.756679534912
test_query_string in /home/kaiyaok2/PythonProjects/falcon/tests/test_utils.py: 1072.92445063591
test_status in /home/kaiyaok2/PythonProjects/falcon/tests/test_utils.py: 1073.1400663852692
test_query_string_no_question in /home/kaiyaok2/PythonProjects/falcon/tests/test_utils.py: 1073.3393890857697
test_simulate_remote_addr in /home/kaiyaok2/PythonProjects/falcon/tests/test_utils.py: 1073.5114071369171
test_default_headers_with_override in /home/kaiyaok2/PythonProjects/falcon/tests/test_utils.py: 1073.7527379989624
test_default_headers in /home/kaiyaok2/PythonProjects/falcon/tests/test_utils.py: 1076.1709818840027
test_override_method_with_extras in /home/kaiyaok2/PythonProjects/falcon/tests/test_utils.py: 1076.4102990627289
test_cached_text_in_result in /home/kaiyaok2/PythonProjects/falcon/tests/test_utils.py: 1076.6805398464203
test_query_string_in_path in /home/kaiyaok2/PythonProjects/falcon/tests/test_utils.py: 1076.9270186424255
test_simulate_remote_addr in /home/kaiyaok2/PythonProjects/falcon/tests/test_utils.py: 1077.1335802078247
test_add_sync_sink_with_wrapping in /home/kaiyaok2/PythonProjects/falcon/tests/test_sinks.py: 1077.8382592201233
test_route_precedence in /home/kaiyaok2/PythonProjects/falcon/tests/test_sinks.py: 1077.9415833950043
test_route_precedence_with_both_id in /home/kaiyaok2/PythonProjects/falcon/tests/test_sinks.py: 1080.3354802131653
test_route_precedence_with_id in /home/kaiyaok2/PythonProjects/falcon/tests/test_sinks.py: 1080.6479241847992
test_with_route in /home/kaiyaok2/PythonProjects/falcon/tests/test_sinks.py: 1081.171047925949
test_redirect in /home/kaiyaok2/PythonProjects/falcon/tests/test_redirects.py: 1081.9507944583893
test_redirect in /home/kaiyaok2/PythonProjects/falcon/tests/test_redirects.py: 1082.0910234451294
test_redirect in /home/kaiyaok2/PythonProjects/falcon/tests/test_redirects.py: 1082.2180652618408
test_redirect_with_headers in /home/kaiyaok2/PythonProjects/falcon/tests/test_redirects.py: 1082.3895699977875
test_redirect_with_headers in /home/kaiyaok2/PythonProjects/falcon/tests/test_redirects.py: 1082.5338373184204
test_redirect_with_headers in /home/kaiyaok2/PythonProjects/falcon/tests/test_redirects.py: 1082.7290875911713
test_redirect in /home/kaiyaok2/PythonProjects/falcon/tests/test_redirects.py: 1083.0044741630554
test_redirect_with_headers in /home/kaiyaok2/PythonProjects/falcon/tests/test_redirects.py: 1083.1826882362366
test_redirect in /home/kaiyaok2/PythonProjects/falcon/tests/test_redirects.py: 1083.3549990653992
test_redirect_with_headers in /home/kaiyaok2/PythonProjects/falcon/tests/test_redirects.py: 1083.523470401764
test_strict_same_site_value in /home/kaiyaok2/PythonProjects/falcon/tests/test_cookies.py: 1086.3053634166718
test_cookie_expires_naive in /home/kaiyaok2/PythonProjects/falcon/tests/test_cookies.py: 1086.5218896865845
test_cookies_setable in /home/kaiyaok2/PythonProjects/falcon/tests/test_cookies.py: 1086.7339684963226
test_same_site_empty_string in /home/kaiyaok2/PythonProjects/falcon/tests/test_cookies.py: 1086.9508183002472
test_none_same_site_value in /home/kaiyaok2/PythonProjects/falcon/tests/test_cookies.py: 1087.26073884964
test_unset_cookies in /home/kaiyaok2/PythonProjects/falcon/tests/test_cookies.py: 1087.6957499980927
test_cookie_expires_aware in /home/kaiyaok2/PythonProjects/falcon/tests/test_cookies.py: 1087.9471926689148
test_response_unset_cookie in /home/kaiyaok2/PythonProjects/falcon/tests/test_cookies.py: 1088.1663649082184
test_lax_same_site_value in /home/kaiyaok2/PythonProjects/falcon/tests/test_cookies.py: 1090.8863325119019
test_cookie_max_age_float_and_string in /home/kaiyaok2/PythonProjects/falcon/tests/test_cookies.py: 1091.1209270954132
test_cookie_max_age_float_and_string in /home/kaiyaok2/PythonProjects/falcon/tests/test_cookies.py: 1091.3616318702698
test_cookie_timezone in /home/kaiyaok2/PythonProjects/falcon/tests/test_cookies.py: 1091.5325465202332
test_unset_cookies_samesite in /home/kaiyaok2/PythonProjects/falcon/tests/test_cookies.py: 1091.7243196964264
test_response_disable_secure_globally in /home/kaiyaok2/PythonProjects/falcon/tests/test_cookies.py: 1091.9884617328644
test_response_complex_case in /home/kaiyaok2/PythonProjects/falcon/tests/test_cookies.py: 1092.249939918518
test_response_base_case in /home/kaiyaok2/PythonProjects/falcon/tests/test_cookies.py: 1092.498036146164
test_dont_auto_parse_by_default in /home/kaiyaok2/PythonProjects/falcon/tests/test_query_params.py: 1097.2717878818512
test_http_methods_body_not_expected in /home/kaiyaok2/PythonProjects/falcon/tests/test_query_params.py: 1097.4219434261322
test_explicitly_disable_auto_parse in /home/kaiyaok2/PythonProjects/falcon/tests/test_query_params.py: 1097.5599584579468
test_http_methods_body_expected in /home/kaiyaok2/PythonProjects/falcon/tests/test_query_params.py: 1097.6893768310547
test_http_methods_body_expected in /home/kaiyaok2/PythonProjects/falcon/tests/test_query_params.py: 1097.8404285907745
test_http_methods_body_expected in /home/kaiyaok2/PythonProjects/falcon/tests/test_query_params.py: 1097.988193511963
test_asgi_raises_error in /home/kaiyaok2/PythonProjects/falcon/tests/test_query_params.py: 1098.1161110401154
test_http_methods_body_expected in /home/kaiyaok2/PythonProjects/falcon/tests/test_query_params.py: 1100.4661569595337
test_http_methods_body_expected in /home/kaiyaok2/PythonProjects/falcon/tests/test_query_params.py: 1100.661772966385
test_empty_body in /home/kaiyaok2/PythonProjects/falcon/tests/test_query_params.py: 1100.8273229599
test_non_ascii in /home/kaiyaok2/PythonProjects/falcon/tests/test_query_params.py: 1101.048843383789
test_http_methods_body_not_expected in /home/kaiyaok2/PythonProjects/falcon/tests/test_query_params.py: 1101.2376594543457
test_empty_body_no_content_length in /home/kaiyaok2/PythonProjects/falcon/tests/test_query_params.py: 1101.410875082016
test_boolean_blank in /home/kaiyaok2/PythonProjects/falcon/tests/test_query_params.py: 1101.544640302658
test_option_auto_parse_qs_csv_multiple_fields_true in /home/kaiyaok2/PythonProjects/falcon/tests/test_query_params.py: 1104.3675150871277
test_get_date_missing_param in /home/kaiyaok2/PythonProjects/falcon/tests/test_query_params.py: 1104.7303857803345
test_option_auto_parse_qs_csv_multiple_fields_true in /home/kaiyaok2/PythonProjects/falcon/tests/test_query_params.py: 1105.036507844925
test_multiple_keys_as_int in /home/kaiyaok2/PythonProjects/falcon/tests/test_query_params.py: 1105.3617339134216
test_multiple_form_keys in /home/kaiyaok2/PythonProjects/falcon/tests/test_query_params.py: 1105.756320476532
test_get_dict_invalid in /home/kaiyaok2/PythonProjects/falcon/tests/test_query_params.py: 1106.0412962436676
test_list_type in /home/kaiyaok2/PythonProjects/falcon/tests/test_query_params.py: 1106.380226135254
test_get_dict_valid in /home/kaiyaok2/PythonProjects/falcon/tests/test_query_params.py: 1109.3663167953491
test_required in /home/kaiyaok2/PythonProjects/falcon/tests/test_query_params.py: 1109.665219783783
test_list_transformer in /home/kaiyaok2/PythonProjects/falcon/tests/test_query_params.py: 1109.9851379394531
test_option_auto_parse_qs_csv_multiple_fields_true in /home/kaiyaok2/PythonProjects/falcon/tests/test_query_params.py: 1110.3310737609863
test_required in /home/kaiyaok2/PythonProjects/falcon/tests/test_query_params.py: 1110.6894142627716
test_bad_percentage in /home/kaiyaok2/PythonProjects/falcon/tests/test_query_params.py: 1111.0304203033447
test_get_date_valid in /home/kaiyaok2/PythonProjects/falcon/tests/test_query_params.py: 1111.4986689090729
test_option_auto_parse_qs_csv_multiple_fields_true in /home/kaiyaok2/PythonProjects/falcon/tests/test_query_params.py: 1111.8798699378967
test_required in /home/kaiyaok2/PythonProjects/falcon/tests/test_query_params.py: 1114.636304616928
test_simple in /home/kaiyaok2/PythonProjects/falcon/tests/test_query_params.py: 1115.0251240730286
test_get_dict_store in /home/kaiyaok2/PythonProjects/falcon/tests/test_query_params.py: 1115.3345057964325
test_list_type_blank in /home/kaiyaok2/PythonProjects/falcon/tests/test_query_params.py: 1115.643822669983
test_required in /home/kaiyaok2/PythonProjects/falcon/tests/test_query_params.py: 1115.9229216575623
test_option_auto_parse_qs_csv_simple_true in /home/kaiyaok2/PythonProjects/falcon/tests/test_query_params.py: 1116.2207143306732
test_default in /home/kaiyaok2/PythonProjects/falcon/tests/test_query_params.py: 1120.5465557575226
test_none in /home/kaiyaok2/PythonProjects/falcon/tests/test_query_params.py: 1121.2149803638458
test_simple in /home/kaiyaok2/PythonProjects/falcon/tests/test_query_params.py: 1121.904733657837
test_default in /home/kaiyaok2/PythonProjects/falcon/tests/test_query_params.py: 1122.6382896900177
test_get_datetime_missing_param in /home/kaiyaok2/PythonProjects/falcon/tests/test_query_params.py: 1123.5076353549957
test_blank in /home/kaiyaok2/PythonProjects/falcon/tests/test_query_params.py: 1124.2377133369446
test_allowed_names in /home/kaiyaok2/PythonProjects/falcon/tests/test_query_params.py: 1124.786051273346
test_param_property in /home/kaiyaok2/PythonProjects/falcon/tests/test_query_params.py: 1129.009196281433
test_get_param_as_json_handler_json in /home/kaiyaok2/PythonProjects/falcon/tests/test_query_params.py: 1129.32155251503
test_float_neg in /home/kaiyaok2/PythonProjects/falcon/tests/test_query_params.py: 1129.6320207118988
test_get_datetime_invalid in /home/kaiyaok2/PythonProjects/falcon/tests/test_query_params.py: 1129.9024291038513
test_percent_encoded in /home/kaiyaok2/PythonProjects/falcon/tests/test_query_params.py: 1130.1584701538086
test_required in /home/kaiyaok2/PythonProjects/falcon/tests/test_query_params.py: 1130.4246978759766
test_blank in /home/kaiyaok2/PythonProjects/falcon/tests/test_query_params.py: 1130.6367287635803
test_required in /home/kaiyaok2/PythonProjects/falcon/tests/test_query_params.py: 1133.5467672348022
test_option_auto_parse_qs_csv_multiple_fields_true in /home/kaiyaok2/PythonProjects/falcon/tests/test_query_params.py: 1133.8174035549164
test_get_dict_store in /home/kaiyaok2/PythonProjects/falcon/tests/test_query_params.py: 1134.0459179878235
test_option_auto_parse_qs_csv_multiple_fields_true in /home/kaiyaok2/PythonProjects/falcon/tests/test_query_params.py: 1134.228728055954
test_int_neg in /home/kaiyaok2/PythonProjects/falcon/tests/test_query_params.py: 1134.4189283847809
test_default_auto_parse_csv_behaviour in /home/kaiyaok2/PythonProjects/falcon/tests/test_query_params.py: 1134.6238884925842
test_get_datetime_valid in /home/kaiyaok2/PythonProjects/falcon/tests/test_query_params.py: 1134.856288433075
test_option_auto_parse_qs_csv_simple_false in /home/kaiyaok2/PythonProjects/falcon/tests/test_query_params.py: 1135.0820894241333
test_required in /home/kaiyaok2/PythonProjects/falcon/tests/test_query_params.py: 1138.710750579834
test_boolean in /home/kaiyaok2/PythonProjects/falcon/tests/test_query_params.py: 1138.9966669082642
test_float in /home/kaiyaok2/PythonProjects/falcon/tests/test_query_params.py: 1139.2265570163727
test_int in /home/kaiyaok2/PythonProjects/falcon/tests/test_query_params.py: 1139.4432632923126
test_has_param in /home/kaiyaok2/PythonProjects/falcon/tests/test_query_params.py: 1139.8488233089447
test_boolean in /home/kaiyaok2/PythonProjects/falcon/tests/test_query_params.py: 1140.2533013820648
test_option_auto_parse_qs_csv_multiple_fields_true in /home/kaiyaok2/PythonProjects/falcon/tests/test_query_params.py: 1142.8893148899078
test_get_datetime_valid_with_format in /home/kaiyaok2/PythonProjects/falcon/tests/test_query_params.py: 1143.134851694107
test_required in /home/kaiyaok2/PythonProjects/falcon/tests/test_query_params.py: 1143.5226409435272
test_get_param_as_json_no_handler_json in /home/kaiyaok2/PythonProjects/falcon/tests/test_query_params.py: 1143.7711985111237
test_option_auto_parse_qs_csv_simple_true in /home/kaiyaok2/PythonProjects/falcon/tests/test_query_params.py: 1144.0419421195984
test_get_date_valid_with_format in /home/kaiyaok2/PythonProjects/falcon/tests/test_query_params.py: 1144.283507347107
test_get_datetime_store in /home/kaiyaok2/PythonProjects/falcon/tests/test_query_params.py: 1144.4616861343384
test_get_datetime_missing_param in /home/kaiyaok2/PythonProjects/falcon/tests/test_query_params.py: 1144.6893544197083
test_float in /home/kaiyaok2/PythonProjects/falcon/tests/test_query_params.py: 1147.5013267993927
test_option_auto_parse_qs_csv_multiple_fields_true in /home/kaiyaok2/PythonProjects/falcon/tests/test_query_params.py: 1147.757883310318
test_option_auto_parse_qs_csv_multiple_fields_false in /home/kaiyaok2/PythonProjects/falcon/tests/test_query_params.py: 1147.9628927707672
test_get_date_store in /home/kaiyaok2/PythonProjects/falcon/tests/test_query_params.py: 1148.25044631958
test_param_property in /home/kaiyaok2/PythonProjects/falcon/tests/test_query_params.py: 1148.6416347026825
test_option_auto_parse_qs_csv_multiple_fields_true in /home/kaiyaok2/PythonProjects/falcon/tests/test_query_params.py: 1148.8845579624176
test_multiple_form_keys_as_list in /home/kaiyaok2/PythonProjects/falcon/tests/test_query_params.py: 1149.1241436004639
test_option_auto_parse_qs_csv_simple_false in /home/kaiyaok2/PythonProjects/falcon/tests/test_query_params.py: 1151.8966999053955
test_option_auto_parse_qs_csv_multiple_fields_true in /home/kaiyaok2/PythonProjects/falcon/tests/test_query_params.py: 1152.3378267288208
test_int_neg in /home/kaiyaok2/PythonProjects/falcon/tests/test_query_params.py: 1152.5961821079254
test_list_transformer in /home/kaiyaok2/PythonProjects/falcon/tests/test_query_params.py: 1152.844009399414
test_option_auto_parse_qs_csv_multiple_fields_true in /home/kaiyaok2/PythonProjects/falcon/tests/test_query_params.py: 1153.0671849250793
test_option_auto_parse_qs_csv_complex_false in /home/kaiyaok2/PythonProjects/falcon/tests/test_query_params.py: 1153.3654997348785
test_option_auto_parse_qs_csv_multiple_fields_true in /home/kaiyaok2/PythonProjects/falcon/tests/test_query_params.py: 1156.6496353149414
test_has_param in /home/kaiyaok2/PythonProjects/falcon/tests/test_query_params.py: 1157.0914475917816
test_uuid in /home/kaiyaok2/PythonProjects/falcon/tests/test_query_params.py: 1157.3600628376007
test_required in /home/kaiyaok2/PythonProjects/falcon/tests/test_query_params.py: 1157.661093711853
test_option_auto_parse_qs_csv_multiple_fields_true in /home/kaiyaok2/PythonProjects/falcon/tests/test_query_params.py: 1157.9619433879852
test_option_auto_parse_qs_csv_multiple_fields_true in /home/kaiyaok2/PythonProjects/falcon/tests/test_query_params.py: 1158.4476323127747
test_get_dict_missing_param in /home/kaiyaok2/PythonProjects/falcon/tests/test_query_params.py: 1158.773167848587
test_get_date_invalid in /home/kaiyaok2/PythonProjects/falcon/tests/test_query_params.py: 1161.6979792118073
test_float_neg in /home/kaiyaok2/PythonProjects/falcon/tests/test_query_params.py: 1162.0286304950714
test_boolean_blank in /home/kaiyaok2/PythonProjects/falcon/tests/test_query_params.py: 1162.3846170902252
test_get_datetime_store in /home/kaiyaok2/PythonProjects/falcon/tests/test_query_params.py: 1162.7623488903046
test_option_auto_parse_qs_csv_complex_false in /home/kaiyaok2/PythonProjects/falcon/tests/test_query_params.py: 1163.347130060196
test_percent_encoded in /home/kaiyaok2/PythonProjects/falcon/tests/test_query_params.py: 1164.200180053711
test_get_dict_missing_param in /home/kaiyaok2/PythonProjects/falcon/tests/test_query_params.py: 1164.7549169063568
test_required in /home/kaiyaok2/PythonProjects/falcon/tests/test_query_params.py: 1165.006203174591
test_multiple_keys_as_bool in /home/kaiyaok2/PythonProjects/falcon/tests/test_query_params.py: 1168.1803500652313
test_get_datetime_valid in /home/kaiyaok2/PythonProjects/falcon/tests/test_query_params.py: 1168.4241437911987
test_option_auto_parse_qs_csv_multiple_fields_true in /home/kaiyaok2/PythonProjects/falcon/tests/test_query_params.py: 1168.6795933246613
test_option_auto_parse_qs_csv_multiple_fields_true in /home/kaiyaok2/PythonProjects/falcon/tests/test_query_params.py: 1169.0330157279968
test_get_date_missing_param in /home/kaiyaok2/PythonProjects/falcon/tests/test_query_params.py: 1169.316963672638
test_get_date_valid_with_format in /home/kaiyaok2/PythonProjects/falcon/tests/test_query_params.py: 1169.5111758708954
test_multiple_keys_as_int in /home/kaiyaok2/PythonProjects/falcon/tests/test_query_params.py: 1169.8212831020355
test_get_datetime_valid_with_format in /home/kaiyaok2/PythonProjects/falcon/tests/test_query_params.py: 1172.1829102039337
test_list_type_blank in /home/kaiyaok2/PythonProjects/falcon/tests/test_query_params.py: 1172.6861605644226
test_none in /home/kaiyaok2/PythonProjects/falcon/tests/test_query_params.py: 1172.9117858409882
test_multiple_form_keys_as_list in /home/kaiyaok2/PythonProjects/falcon/tests/test_query_params.py: 1173.1437261104584
test_get_date_store in /home/kaiyaok2/PythonProjects/falcon/tests/test_query_params.py: 1173.3740465641022
test_multiple_keys_as_float in /home/kaiyaok2/PythonProjects/falcon/tests/test_query_params.py: 1173.698653936386
test_get_dict_invalid in /home/kaiyaok2/PythonProjects/falcon/tests/test_query_params.py: 1173.917287826538
test_int in /home/kaiyaok2/PythonProjects/falcon/tests/test_query_params.py: 1176.333339214325
test_required in /home/kaiyaok2/PythonProjects/falcon/tests/test_query_params.py: 1176.4996809959412
test_bad_percentage in /home/kaiyaok2/PythonProjects/falcon/tests/test_query_params.py: 1176.7143564224243
test_multiple_keys_as_float in /home/kaiyaok2/PythonProjects/falcon/tests/test_query_params.py: 1176.8962290287018
test_get_date_invalid in /home/kaiyaok2/PythonProjects/falcon/tests/test_query_params.py: 1177.1569194793701
test_required in /home/kaiyaok2/PythonProjects/falcon/tests/test_query_params.py: 1177.380024433136
test_allowed_names in /home/kaiyaok2/PythonProjects/falcon/tests/test_query_params.py: 1177.552663564682
test_option_auto_parse_qs_csv_multiple_fields_false in /home/kaiyaok2/PythonProjects/falcon/tests/test_query_params.py: 1181.2455260753632
test_multiple_form_keys in /home/kaiyaok2/PythonProjects/falcon/tests/test_query_params.py: 1181.7709109783173
test_get_date_valid in /home/kaiyaok2/PythonProjects/falcon/tests/test_query_params.py: 1182.3059694766998
test_get_dict_valid in /home/kaiyaok2/PythonProjects/falcon/tests/test_query_params.py: 1182.9066445827484
test_option_auto_parse_qs_csv_multiple_fields_true in /home/kaiyaok2/PythonProjects/falcon/tests/test_query_params.py: 1183.279019355774
test_option_auto_parse_qs_csv_multiple_fields_true in /home/kaiyaok2/PythonProjects/falcon/tests/test_query_params.py: 1183.4651281833649
test_list_type in /home/kaiyaok2/PythonProjects/falcon/tests/test_query_params.py: 1183.8014643192291
test_get_datetime_invalid in /home/kaiyaok2/PythonProjects/falcon/tests/test_query_params.py: 1187.4700243473053
test_default_auto_parse_csv_behaviour in /home/kaiyaok2/PythonProjects/falcon/tests/test_query_params.py: 1187.6882305145264
test_uuid in /home/kaiyaok2/PythonProjects/falcon/tests/test_query_params.py: 1187.897834777832
test_multiple_keys_as_bool in /home/kaiyaok2/PythonProjects/falcon/tests/test_query_params.py: 1188.0392360687256
test_routes_only in /home/kaiyaok2/PythonProjects/falcon/tests/test_cmd_inspect_app.py: 1188.8384625911713
test_routes_only in /home/kaiyaok2/PythonProjects/falcon/tests/test_cmd_inspect_app.py: 1189.1785562038422
test_routes_only in /home/kaiyaok2/PythonProjects/falcon/tests/test_cmd_inspect_app.py: 1189.4768741130829
test_inspect in /home/kaiyaok2/PythonProjects/falcon/tests/test_cmd_inspect_app.py: 1189.7045466899872
test_inspect in /home/kaiyaok2/PythonProjects/falcon/tests/test_cmd_inspect_app.py: 1190.037138223648
test_inspect in /home/kaiyaok2/PythonProjects/falcon/tests/test_cmd_inspect_app.py: 1190.3311305046082
test_routes_only in /home/kaiyaok2/PythonProjects/falcon/tests/test_cmd_inspect_app.py: 1190.5390951633453
test_inspect in /home/kaiyaok2/PythonProjects/falcon/tests/test_cmd_inspect_app.py: 1190.7781219482422
test_load_app in /home/kaiyaok2/PythonProjects/falcon/tests/test_cmd_inspect_app.py: 1191.0033538341522
test_load_app_error in /home/kaiyaok2/PythonProjects/falcon/tests/test_cmd_inspect_app.py: 1191.1272060871124
test_load_app_error in /home/kaiyaok2/PythonProjects/falcon/tests/test_cmd_inspect_app.py: 1191.247831583023
test_load_app in /home/kaiyaok2/PythonProjects/falcon/tests/test_cmd_inspect_app.py: 1191.40651679039
test_load_app_error in /home/kaiyaok2/PythonProjects/falcon/tests/test_cmd_inspect_app.py: 1191.5237498283386
test_json_err_no_handler in /home/kaiyaok2/PythonProjects/falcon/tests/test_media_handlers.py: 1191.984058856964
test_json_err_no_handler in /home/kaiyaok2/PythonProjects/falcon/tests/test_media_handlers.py: 1192.7105855941772
