test_jsonchema_validator in /home/kaiyaok2/PythonProjects/falcon/tests/asgi/test_cythonized_asgi.py: 40.190502643585205
test_hooks in /home/kaiyaok2/PythonProjects/falcon/tests/asgi/test_cythonized_asgi.py: 40.25557351112366
test_body_is_set in /home/kaiyaok2/PythonProjects/falcon/tests/test_error_handlers.py: 41.535051107406616
test_media_is_set in /home/kaiyaok2/PythonProjects/falcon/tests/test_error_handlers.py: 41.6446168422699
test_data_is_set in /home/kaiyaok2/PythonProjects/falcon/tests/test_error_handlers.py: 41.726279973983765
test_converted_error in /home/kaiyaok2/PythonProjects/falcon/tests/test_error_handlers.py: 41.81047201156616
test_caught_error in /home/kaiyaok2/PythonProjects/falcon/tests/test_error_handlers.py: 43.56917667388916
test_handler_single_exception_iterable in /home/kaiyaok2/PythonProjects/falcon/tests/test_error_handlers.py: 43.65022158622742
test_uncaught_error in /home/kaiyaok2/PythonProjects/falcon/tests/test_error_handlers.py: 43.725836515426636
test_invalid_add_exception_handler_input in /home/kaiyaok2/PythonProjects/falcon/tests/test_error_handlers.py: 43.796448707580566
test_uncaught_python_error in /home/kaiyaok2/PythonProjects/falcon/tests/test_error_handlers.py: 43.87151265144348
test_error_precedence_subclass in /home/kaiyaok2/PythonProjects/falcon/tests/test_error_handlers.py: 43.94322609901428
test_uncaught_python_error in /home/kaiyaok2/PythonProjects/falcon/tests/test_error_handlers.py: 44.02696466445923
test_invalid_add_exception_handler_input in /home/kaiyaok2/PythonProjects/falcon/tests/test_error_handlers.py: 44.09827256202698
test_invalid_add_exception_handler_input in /home/kaiyaok2/PythonProjects/falcon/tests/test_error_handlers.py: 44.168864727020264
test_uncaught_python_error in /home/kaiyaok2/PythonProjects/falcon/tests/test_error_handlers.py: 44.251227378845215
test_subclass_error in /home/kaiyaok2/PythonProjects/falcon/tests/test_error_handlers.py: 44.351794481277466
test_invalid_add_exception_handler_input in /home/kaiyaok2/PythonProjects/falcon/tests/test_error_handlers.py: 46.03652024269104
test_handle_not_defined in /home/kaiyaok2/PythonProjects/falcon/tests/test_error_handlers.py: 46.121866941452026
test_handler_multiple_exception_iterable in /home/kaiyaok2/PythonProjects/falcon/tests/test_error_handlers.py: 46.25551199913025
test_handler_multiple_exception_iterable in /home/kaiyaok2/PythonProjects/falcon/tests/test_error_handlers.py: 46.3371148109436
test_error_precedence_subclass_order_indifference in /home/kaiyaok2/PythonProjects/falcon/tests/test_error_handlers.py: 46.41814184188843
test_uncaught_error_else in /home/kaiyaok2/PythonProjects/falcon/tests/test_error_handlers.py: 46.49517011642456
test_error_precedence_duplicate in /home/kaiyaok2/PythonProjects/falcon/tests/test_error_handlers.py: 46.56698703765869
test_data_is_set in /home/kaiyaok2/PythonProjects/falcon/tests/test_error_handlers.py: 46.64564228057861
test_media_is_set in /home/kaiyaok2/PythonProjects/falcon/tests/test_error_handlers.py: 46.730677366256714
test_body_is_set in /home/kaiyaok2/PythonProjects/falcon/tests/test_error_handlers.py: 46.80342507362366
test_dont_auto_parse_by_default in /home/kaiyaok2/PythonProjects/falcon/tests/test_query_params.py: 46.943711280822754
test_non_ascii in /home/kaiyaok2/PythonProjects/falcon/tests/test_query_params.py: 48.69435739517212
test_http_methods_body_expected in /home/kaiyaok2/PythonProjects/falcon/tests/test_query_params.py: 48.800251483917236
test_asgi_raises_error in /home/kaiyaok2/PythonProjects/falcon/tests/test_query_params.py: 48.90512824058533
test_explicitly_disable_auto_parse in /home/kaiyaok2/PythonProjects/falcon/tests/test_query_params.py: 49.013150453567505
test_empty_body in /home/kaiyaok2/PythonProjects/falcon/tests/test_query_params.py: 49.10997462272644
test_http_methods_body_not_expected in /home/kaiyaok2/PythonProjects/falcon/tests/test_query_params.py: 49.21169090270996
test_http_methods_body_expected in /home/kaiyaok2/PythonProjects/falcon/tests/test_query_params.py: 49.30733036994934
test_empty_body_no_content_length in /home/kaiyaok2/PythonProjects/falcon/tests/test_query_params.py: 51.142995834350586
test_http_methods_body_expected in /home/kaiyaok2/PythonProjects/falcon/tests/test_query_params.py: 51.297661542892456
test_http_methods_body_expected in /home/kaiyaok2/PythonProjects/falcon/tests/test_query_params.py: 51.42520880699158
test_http_methods_body_expected in /home/kaiyaok2/PythonProjects/falcon/tests/test_query_params.py: 51.53087615966797
test_http_methods_body_not_expected in /home/kaiyaok2/PythonProjects/falcon/tests/test_query_params.py: 51.6316556930542
test_get_dict_valid in /home/kaiyaok2/PythonProjects/falcon/tests/test_query_params.py: 51.743361711502075
test_multiple_form_keys_as_list in /home/kaiyaok2/PythonProjects/falcon/tests/test_query_params.py: 51.89049434661865
test_option_auto_parse_qs_csv_complex_false in /home/kaiyaok2/PythonProjects/falcon/tests/test_query_params.py: 53.73552322387695
test_get_dict_store in /home/kaiyaok2/PythonProjects/falcon/tests/test_query_params.py: 53.85818696022034
test_option_auto_parse_qs_csv_multiple_fields_true in /home/kaiyaok2/PythonProjects/falcon/tests/test_query_params.py: 53.96221733093262
test_required in /home/kaiyaok2/PythonProjects/falcon/tests/test_query_params.py: 54.06787109375
test_option_auto_parse_qs_csv_multiple_fields_true in /home/kaiyaok2/PythonProjects/falcon/tests/test_query_params.py: 54.17205333709717
test_get_datetime_missing_param in /home/kaiyaok2/PythonProjects/falcon/tests/test_query_params.py: 54.29422903060913
test_get_date_missing_param in /home/kaiyaok2/PythonProjects/falcon/tests/test_query_params.py: 56.02963709831238
test_option_auto_parse_qs_csv_multiple_fields_false in /home/kaiyaok2/PythonProjects/falcon/tests/test_query_params.py: 56.15203285217285
test_param_property in /home/kaiyaok2/PythonProjects/falcon/tests/test_query_params.py: 56.25599908828735
test_option_auto_parse_qs_csv_simple_false in /home/kaiyaok2/PythonProjects/falcon/tests/test_query_params.py: 56.36525893211365
test_option_auto_parse_qs_csv_simple_true in /home/kaiyaok2/PythonProjects/falcon/tests/test_query_params.py: 56.474873304367065
test_multiple_form_keys in /home/kaiyaok2/PythonProjects/falcon/tests/test_query_params.py: 56.60181760787964
test_option_auto_parse_qs_csv_multiple_fields_true in /home/kaiyaok2/PythonProjects/falcon/tests/test_query_params.py: 58.36873507499695
test_required in /home/kaiyaok2/PythonProjects/falcon/tests/test_query_params.py: 58.507123708724976
test_int_neg in /home/kaiyaok2/PythonProjects/falcon/tests/test_query_params.py: 58.612802267074585
test_option_auto_parse_qs_csv_complex_false in /home/kaiyaok2/PythonProjects/falcon/tests/test_query_params.py: 58.72240495681763
test_boolean in /home/kaiyaok2/PythonProjects/falcon/tests/test_query_params.py: 58.83207702636719
test_get_date_invalid in /home/kaiyaok2/PythonProjects/falcon/tests/test_query_params.py: 58.939446210861206
test_required in /home/kaiyaok2/PythonProjects/falcon/tests/test_query_params.py: 59.05999755859375
test_int in /home/kaiyaok2/PythonProjects/falcon/tests/test_query_params.py: 59.170292139053345
test_multiple_keys_as_int in /home/kaiyaok2/PythonProjects/falcon/tests/test_query_params.py: 60.85410475730896
test_uuid in /home/kaiyaok2/PythonProjects/falcon/tests/test_query_params.py: 60.980060338974
test_option_auto_parse_qs_csv_multiple_fields_true in /home/kaiyaok2/PythonProjects/falcon/tests/test_query_params.py: 61.078343868255615
test_get_datetime_invalid in /home/kaiyaok2/PythonProjects/falcon/tests/test_query_params.py: 61.18196105957031
test_blank in /home/kaiyaok2/PythonProjects/falcon/tests/test_query_params.py: 61.280394315719604
test_required in /home/kaiyaok2/PythonProjects/falcon/tests/test_query_params.py: 61.408262729644775
test_option_auto_parse_qs_csv_multiple_fields_true in /home/kaiyaok2/PythonProjects/falcon/tests/test_query_params.py: 61.56952261924744
test_has_param in /home/kaiyaok2/PythonProjects/falcon/tests/test_query_params.py: 63.48646116256714
test_get_datetime_store in /home/kaiyaok2/PythonProjects/falcon/tests/test_query_params.py: 63.67317986488342
test_none in /home/kaiyaok2/PythonProjects/falcon/tests/test_query_params.py: 63.78139877319336
test_option_auto_parse_qs_csv_multiple_fields_true in /home/kaiyaok2/PythonProjects/falcon/tests/test_query_params.py: 63.894347190856934
test_option_auto_parse_qs_csv_multiple_fields_true in /home/kaiyaok2/PythonProjects/falcon/tests/test_query_params.py: 64.01830387115479
test_get_dict_store in /home/kaiyaok2/PythonProjects/falcon/tests/test_query_params.py: 64.1482105255127
test_simple in /home/kaiyaok2/PythonProjects/falcon/tests/test_query_params.py: 65.89775967597961
test_list_type in /home/kaiyaok2/PythonProjects/falcon/tests/test_query_params.py: 66.0370659828186
test_get_date_store in /home/kaiyaok2/PythonProjects/falcon/tests/test_query_params.py: 66.14616703987122
test_default_auto_parse_csv_behaviour in /home/kaiyaok2/PythonProjects/falcon/tests/test_query_params.py: 66.26074123382568
test_required in /home/kaiyaok2/PythonProjects/falcon/tests/test_query_params.py: 66.38474249839783
test_percent_encoded in /home/kaiyaok2/PythonProjects/falcon/tests/test_query_params.py: 66.51045298576355
test_option_auto_parse_qs_csv_multiple_fields_true in /home/kaiyaok2/PythonProjects/falcon/tests/test_query_params.py: 66.642009973526
test_none in /home/kaiyaok2/PythonProjects/falcon/tests/test_query_params.py: 68.3691394329071
test_required in /home/kaiyaok2/PythonProjects/falcon/tests/test_query_params.py: 68.482013463974
test_boolean_blank in /home/kaiyaok2/PythonProjects/falcon/tests/test_query_params.py: 68.60057044029236
test_option_auto_parse_qs_csv_multiple_fields_true in /home/kaiyaok2/PythonProjects/falcon/tests/test_query_params.py: 68.71577024459839
test_get_dict_valid in /home/kaiyaok2/PythonProjects/falcon/tests/test_query_params.py: 68.84402513504028
test_list_type_blank in /home/kaiyaok2/PythonProjects/falcon/tests/test_query_params.py: 68.958083152771
test_required in /home/kaiyaok2/PythonProjects/falcon/tests/test_query_params.py: 69.10598015785217
test_get_dict_missing_param in /home/kaiyaok2/PythonProjects/falcon/tests/test_query_params.py: 70.78265428543091
test_multiple_keys_as_float in /home/kaiyaok2/PythonProjects/falcon/tests/test_query_params.py: 70.9046516418457
test_option_auto_parse_qs_csv_multiple_fields_true in /home/kaiyaok2/PythonProjects/falcon/tests/test_query_params.py: 71.00689196586609
test_list_type in /home/kaiyaok2/PythonProjects/falcon/tests/test_query_params.py: 71.11339521408081
test_option_auto_parse_qs_csv_multiple_fields_true in /home/kaiyaok2/PythonProjects/falcon/tests/test_query_params.py: 71.23936653137207
test_bad_percentage in /home/kaiyaok2/PythonProjects/falcon/tests/test_query_params.py: 71.34045648574829
test_multiple_keys_as_bool in /home/kaiyaok2/PythonProjects/falcon/tests/test_query_params.py: 73.25720691680908
test_allowed_names in /home/kaiyaok2/PythonProjects/falcon/tests/test_query_params.py: 73.38559293746948
test_required in /home/kaiyaok2/PythonProjects/falcon/tests/test_query_params.py: 73.4856903553009
test_get_date_missing_param in /home/kaiyaok2/PythonProjects/falcon/tests/test_query_params.py: 73.60185050964355
test_list_transformer in /home/kaiyaok2/PythonProjects/falcon/tests/test_query_params.py: 73.73087430000305
test_required in /home/kaiyaok2/PythonProjects/falcon/tests/test_query_params.py: 73.84364080429077
test_get_date_store in /home/kaiyaok2/PythonProjects/falcon/tests/test_query_params.py: 73.95385026931763
test_option_auto_parse_qs_csv_multiple_fields_true in /home/kaiyaok2/PythonProjects/falcon/tests/test_query_params.py: 75.75215435028076
test_option_auto_parse_qs_csv_simple_true in /home/kaiyaok2/PythonProjects/falcon/tests/test_query_params.py: 75.87146759033203
test_option_auto_parse_qs_csv_multiple_fields_true in /home/kaiyaok2/PythonProjects/falcon/tests/test_query_params.py: 75.97143888473511
test_float_neg in /home/kaiyaok2/PythonProjects/falcon/tests/test_query_params.py: 76.08535885810852
test_default in /home/kaiyaok2/PythonProjects/falcon/tests/test_query_params.py: 76.19538140296936
test_allowed_names in /home/kaiyaok2/PythonProjects/falcon/tests/test_query_params.py: 76.30207562446594
test_boolean_blank in /home/kaiyaok2/PythonProjects/falcon/tests/test_query_params.py: 78.08321237564087
test_get_date_valid_with_format in /home/kaiyaok2/PythonProjects/falcon/tests/test_query_params.py: 78.19799447059631
test_required in /home/kaiyaok2/PythonProjects/falcon/tests/test_query_params.py: 78.31037044525146
test_get_datetime_missing_param in /home/kaiyaok2/PythonProjects/falcon/tests/test_query_params.py: 78.43923926353455
test_multiple_keys_as_float in /home/kaiyaok2/PythonProjects/falcon/tests/test_query_params.py: 78.55042147636414
test_get_param_as_json_no_handler_json in /home/kaiyaok2/PythonProjects/falcon/tests/test_query_params.py: 78.67193078994751
test_get_datetime_valid_with_format in /home/kaiyaok2/PythonProjects/falcon/tests/test_query_params.py: 78.83147644996643
test_multiple_form_keys in /home/kaiyaok2/PythonProjects/falcon/tests/test_query_params.py: 80.58003377914429
test_get_param_as_json_handler_json in /home/kaiyaok2/PythonProjects/falcon/tests/test_query_params.py: 80.69870519638062
test_option_auto_parse_qs_csv_simple_false in /home/kaiyaok2/PythonProjects/falcon/tests/test_query_params.py: 80.82167482376099
test_option_auto_parse_qs_csv_multiple_fields_false in /home/kaiyaok2/PythonProjects/falcon/tests/test_query_params.py: 80.92761135101318
test_default_auto_parse_csv_behaviour in /home/kaiyaok2/PythonProjects/falcon/tests/test_query_params.py: 81.03514266014099
test_get_date_valid in /home/kaiyaok2/PythonProjects/falcon/tests/test_query_params.py: 81.15556049346924
test_int in /home/kaiyaok2/PythonProjects/falcon/tests/test_query_params.py: 81.25822710990906
test_blank in /home/kaiyaok2/PythonProjects/falcon/tests/test_query_params.py: 82.94438576698303
test_multiple_keys_as_int in /home/kaiyaok2/PythonProjects/falcon/tests/test_query_params.py: 83.0563371181488
test_get_dict_invalid in /home/kaiyaok2/PythonProjects/falcon/tests/test_query_params.py: 83.16647148132324
test_percent_encoded in /home/kaiyaok2/PythonProjects/falcon/tests/test_query_params.py: 83.27064871788025
test_get_date_valid in /home/kaiyaok2/PythonProjects/falcon/tests/test_query_params.py: 83.43093705177307
test_multiple_form_keys_as_list in /home/kaiyaok2/PythonProjects/falcon/tests/test_query_params.py: 83.58557796478271
test_param_property in /home/kaiyaok2/PythonProjects/falcon/tests/test_query_params.py: 85.494957447052
test_default in /home/kaiyaok2/PythonProjects/falcon/tests/test_query_params.py: 85.61992287635803
test_get_datetime_valid in /home/kaiyaok2/PythonProjects/falcon/tests/test_query_params.py: 85.75874876976013
test_list_type_blank in /home/kaiyaok2/PythonProjects/falcon/tests/test_query_params.py: 85.88811159133911
test_required in /home/kaiyaok2/PythonProjects/falcon/tests/test_query_params.py: 86.00391864776611
test_has_param in /home/kaiyaok2/PythonProjects/falcon/tests/test_query_params.py: 86.14665651321411
test_float in /home/kaiyaok2/PythonProjects/falcon/tests/test_query_params.py: 87.89393472671509
test_uuid in /home/kaiyaok2/PythonProjects/falcon/tests/test_query_params.py: 88.00749158859253
test_int_neg in /home/kaiyaok2/PythonProjects/falcon/tests/test_query_params.py: 88.12615084648132
test_option_auto_parse_qs_csv_multiple_fields_true in /home/kaiyaok2/PythonProjects/falcon/tests/test_query_params.py: 88.2439980506897
test_float in /home/kaiyaok2/PythonProjects/falcon/tests/test_query_params.py: 88.3545298576355
test_boolean in /home/kaiyaok2/PythonProjects/falcon/tests/test_query_params.py: 88.4765133857727
test_option_auto_parse_qs_csv_multiple_fields_true in /home/kaiyaok2/PythonProjects/falcon/tests/test_query_params.py: 88.58093523979187
test_option_auto_parse_qs_csv_multiple_fields_true in /home/kaiyaok2/PythonProjects/falcon/tests/test_query_params.py: 88.73507046699524
test_required in /home/kaiyaok2/PythonProjects/falcon/tests/test_query_params.py: 90.46556949615479
test_option_auto_parse_qs_csv_multiple_fields_true in /home/kaiyaok2/PythonProjects/falcon/tests/test_query_params.py: 90.61579132080078
test_get_date_invalid in /home/kaiyaok2/PythonProjects/falcon/tests/test_query_params.py: 90.72947955131531
test_get_datetime_store in /home/kaiyaok2/PythonProjects/falcon/tests/test_query_params.py: 90.84374260902405
test_get_dict_missing_param in /home/kaiyaok2/PythonProjects/falcon/tests/test_query_params.py: 90.9536964893341
test_get_datetime_valid in /home/kaiyaok2/PythonProjects/falcon/tests/test_query_params.py: 91.05369806289673
test_option_auto_parse_qs_csv_multiple_fields_true in /home/kaiyaok2/PythonProjects/falcon/tests/test_query_params.py: 91.15911412239075
test_simple in /home/kaiyaok2/PythonProjects/falcon/tests/test_query_params.py: 92.80663275718689
test_get_date_valid_with_format in /home/kaiyaok2/PythonProjects/falcon/tests/test_query_params.py: 92.92321753501892
test_get_datetime_valid_with_format in /home/kaiyaok2/PythonProjects/falcon/tests/test_query_params.py: 93.02524137496948
test_get_dict_invalid in /home/kaiyaok2/PythonProjects/falcon/tests/test_query_params.py: 93.13418126106262
test_list_transformer in /home/kaiyaok2/PythonProjects/falcon/tests/test_query_params.py: 93.25532722473145
test_get_datetime_invalid in /home/kaiyaok2/PythonProjects/falcon/tests/test_query_params.py: 93.37771773338318
test_float_neg in /home/kaiyaok2/PythonProjects/falcon/tests/test_query_params.py: 93.48021674156189
test_bad_percentage in /home/kaiyaok2/PythonProjects/falcon/tests/test_query_params.py: 95.46094870567322
test_multiple_keys_as_bool in /home/kaiyaok2/PythonProjects/falcon/tests/test_query_params.py: 95.58883714675903
test_imported_from_c_modules in /home/kaiyaok2/PythonProjects/falcon/tests/test_cython.py: 98.80118179321289
test_stream_has_private_read in /home/kaiyaok2/PythonProjects/falcon/tests/test_cython.py: 98.80680322647095
test_put in /home/kaiyaok2/PythonProjects/falcon/tests/test_http_method_routing.py: 98.89598417282104
test_on_options in /home/kaiyaok2/PythonProjects/falcon/tests/test_http_method_routing.py: 100.58375668525696
test_meta_and_others_disallowed in /home/kaiyaok2/PythonProjects/falcon/tests/test_http_method_routing.py: 100.73088836669922
test_report in /home/kaiyaok2/PythonProjects/falcon/tests/test_http_method_routing.py: 100.81002354621887
test_get in /home/kaiyaok2/PythonProjects/falcon/tests/test_http_method_routing.py: 100.892165184021
test_method_not_allowed_with_param in /home/kaiyaok2/PythonProjects/falcon/tests/test_http_method_routing.py: 100.9864194393158
test_methods_not_allowed_complex in /home/kaiyaok2/PythonProjects/falcon/tests/test_http_method_routing.py: 101.07170701026917
test_post_not_allowed in /home/kaiyaok2/PythonProjects/falcon/tests/test_http_method_routing.py: 101.15493822097778
test_misc in /home/kaiyaok2/PythonProjects/falcon/tests/test_http_method_routing.py: 101.23274254798889
test_default_on_options in /home/kaiyaok2/PythonProjects/falcon/tests/test_http_method_routing.py: 101.30811357498169
test_meta_and_others_disallowed in /home/kaiyaok2/PythonProjects/falcon/tests/test_http_method_routing.py: 101.39222526550293
test_methods_not_allowed_simple in /home/kaiyaok2/PythonProjects/falcon/tests/test_http_method_routing.py: 103.0222544670105
test_405_without_body_with_extra_headers_double_check in /home/kaiyaok2/PythonProjects/falcon/tests/test_httperror.py: 129.1241376399994
test_410_with_body in /home/kaiyaok2/PythonProjects/falcon/tests/test_httperror.py: 129.32428884506226
test_custom_serializer_no_representation in /home/kaiyaok2/PythonProjects/falcon/tests/test_httperror.py: 129.4878396987915
test_410_without_body in /home/kaiyaok2/PythonProjects/falcon/tests/test_httperror.py: 129.63689374923706
test_epic_fail_xml in /home/kaiyaok2/PythonProjects/falcon/tests/test_httperror.py: 129.7559723854065
test_unicode_xml in /home/kaiyaok2/PythonProjects/falcon/tests/test_httperror.py: 129.87544512748718
test_custom_error_serializer_optional_representation in /home/kaiyaok2/PythonProjects/falcon/tests/test_httperror.py: 129.97914266586304
test_title_default_message_if_none in /home/kaiyaok2/PythonProjects/falcon/tests/test_httperror.py: 131.81384301185608
test_base_class in /home/kaiyaok2/PythonProjects/falcon/tests/test_httperror.py: 131.98543214797974
test_401 in /home/kaiyaok2/PythonProjects/falcon/tests/test_httperror.py: 132.07798099517822
test_temporary_413_datetime_retry_after in /home/kaiyaok2/PythonProjects/falcon/tests/test_httperror.py: 132.2058584690094
test_429_datetime in /home/kaiyaok2/PythonProjects/falcon/tests/test_httperror.py: 132.30231428146362
test_414_with_custom_kwargs in /home/kaiyaok2/PythonProjects/falcon/tests/test_httperror.py: 132.41977667808533
test_temporary_413_integer_retry_after in /home/kaiyaok2/PythonProjects/falcon/tests/test_httperror.py: 132.5144693851471
test_unicode_json in /home/kaiyaok2/PythonProjects/falcon/tests/test_httperror.py: 134.28240585327148
test_custom_error_serializer_optional_representation in /home/kaiyaok2/PythonProjects/falcon/tests/test_httperror.py: 134.3862543106079
test_414_with_title in /home/kaiyaok2/PythonProjects/falcon/tests/test_httperror.py: 134.4818365573883
test_custom_error_serializer_optional_representation in /home/kaiyaok2/PythonProjects/falcon/tests/test_httperror.py: 134.58427810668945
test_client_does_not_accept_json_or_xml in /home/kaiyaok2/PythonProjects/falcon/tests/test_httperror.py: 134.69542527198792
test_title_default_message_if_none in /home/kaiyaok2/PythonProjects/falcon/tests/test_httperror.py: 134.79816365242004
test_epic_fail_json in /home/kaiyaok2/PythonProjects/falcon/tests/test_httperror.py: 134.90187001228333
test_404_without_body in /home/kaiyaok2/PythonProjects/falcon/tests/test_httperror.py: 134.9934561252594
test_serialize_error_uses_media_handler in /home/kaiyaok2/PythonProjects/falcon/tests/test_httperror.py: 136.7849748134613
test_serialize_no_json_media_handler in /home/kaiyaok2/PythonProjects/falcon/tests/test_httperror.py: 136.90013098716736
test_epic_fail_xml in /home/kaiyaok2/PythonProjects/falcon/tests/test_httperror.py: 136.9975185394287
test_414 in /home/kaiyaok2/PythonProjects/falcon/tests/test_httperror.py: 137.11085987091064
test_misc in /home/kaiyaok2/PythonProjects/falcon/tests/test_httperror.py: 137.22694063186646
test_405_with_body in /home/kaiyaok2/PythonProjects/falcon/tests/test_httperror.py: 137.33586192131042
test_413 in /home/kaiyaok2/PythonProjects/falcon/tests/test_httperror.py: 137.4297194480896
test_epic_fail_xml in /home/kaiyaok2/PythonProjects/falcon/tests/test_httperror.py: 139.099130153656
test_title_default_message_if_none in /home/kaiyaok2/PythonProjects/falcon/tests/test_httperror.py: 139.23301529884338
test_503_integer_retry_after in /home/kaiyaok2/PythonProjects/falcon/tests/test_httperror.py: 139.33751511573792
test_invalid_param in /home/kaiyaok2/PythonProjects/falcon/tests/test_httperror.py: 139.43465614318848
test_client_does_not_accept_anything in /home/kaiyaok2/PythonProjects/falcon/tests/test_httperror.py: 139.5274796485901
test_no_description_xml in /home/kaiyaok2/PythonProjects/falcon/tests/test_httperror.py: 139.62750816345215
test_epic_fail_xml in /home/kaiyaok2/PythonProjects/falcon/tests/test_httperror.py: 139.71667385101318
test_429 in /home/kaiyaok2/PythonProjects/falcon/tests/test_httperror.py: 139.88086247444153
test_416 in /home/kaiyaok2/PythonProjects/falcon/tests/test_httperror.py: 141.82248735427856
test_forbidden in /home/kaiyaok2/PythonProjects/falcon/tests/test_httperror.py: 141.92304682731628
test_429_no_retry_after in /home/kaiyaok2/PythonProjects/falcon/tests/test_httperror.py: 142.02524709701538
test_forbidden in /home/kaiyaok2/PythonProjects/falcon/tests/test_httperror.py: 142.13384628295898
test_missing_header in /home/kaiyaok2/PythonProjects/falcon/tests/test_httperror.py: 142.25994491577148
test_title_default_message_if_none in /home/kaiyaok2/PythonProjects/falcon/tests/test_httperror.py: 142.37780022621155
test_405_without_body in /home/kaiyaok2/PythonProjects/falcon/tests/test_httperror.py: 142.4902515411377
test_invalid_header in /home/kaiyaok2/PythonProjects/falcon/tests/test_httperror.py: 144.2276484966278
test_no_description_json in /home/kaiyaok2/PythonProjects/falcon/tests/test_httperror.py: 144.3727946281433
test_title_default_message_if_none in /home/kaiyaok2/PythonProjects/falcon/tests/test_httperror.py: 144.4815855026245
test_414_with_description in /home/kaiyaok2/PythonProjects/falcon/tests/test_httperror.py: 144.60536670684814
test_custom_error_serializer_optional_representation in /home/kaiyaok2/PythonProjects/falcon/tests/test_httperror.py: 144.71854615211487
test_411 in /home/kaiyaok2/PythonProjects/falcon/tests/test_httperror.py: 144.82005906105042
test_title_default_message_if_none in /home/kaiyaok2/PythonProjects/falcon/tests/test_httperror.py: 144.92469882965088
test_forbidden in /home/kaiyaok2/PythonProjects/falcon/tests/test_httperror.py: 146.65881299972534
test_custom_error_serializer in /home/kaiyaok2/PythonProjects/falcon/tests/test_httperror.py: 146.7709391117096
test_503_datetime_retry_after in /home/kaiyaok2/PythonProjects/falcon/tests/test_httperror.py: 146.8731713294983
test_missing_param in /home/kaiyaok2/PythonProjects/falcon/tests/test_httperror.py: 147.00188374519348
test_404_with_body in /home/kaiyaok2/PythonProjects/falcon/tests/test_httperror.py: 147.1394968032837
test_405_without_body_with_extra_headers in /home/kaiyaok2/PythonProjects/falcon/tests/test_httperror.py: 147.26143217086792
test_data_is_set in /home/kaiyaok2/PythonProjects/falcon/tests/test_httpstatus.py: 147.41204261779785
test_media_is_set in /home/kaiyaok2/PythonProjects/falcon/tests/test_httpstatus.py: 147.49492359161377
test_body_is_set in /home/kaiyaok2/PythonProjects/falcon/tests/test_httpstatus.py: 149.14958310127258
test_raise_status_in_process_request in /home/kaiyaok2/PythonProjects/falcon/tests/test_httpstatus.py: 149.26666259765625
test_raise_status_in_process_resource in /home/kaiyaok2/PythonProjects/falcon/tests/test_httpstatus.py: 149.35835528373718
test_raise_status_runs_process_response in /home/kaiyaok2/PythonProjects/falcon/tests/test_httpstatus.py: 149.43626594543457
test_raise_status_empty_body in /home/kaiyaok2/PythonProjects/falcon/tests/test_httpstatus.py: 149.5419476032257
test_raise_status_runs_after_hooks in /home/kaiyaok2/PythonProjects/falcon/tests/test_httpstatus.py: 149.6292016506195
test_raise_status_survives_after_hooks in /home/kaiyaok2/PythonProjects/falcon/tests/test_httpstatus.py: 149.71029043197632
test_raise_status_in_before_hook in /home/kaiyaok2/PythonProjects/falcon/tests/test_httpstatus.py: 149.78667330741882
test_raise_status_in_responder in /home/kaiyaok2/PythonProjects/falcon/tests/test_httpstatus.py: 151.66437125205994
test_same_site_empty_string in /home/kaiyaok2/PythonProjects/falcon/tests/test_cookies.py: 151.80602884292603
test_cookie_max_age_float_and_string in /home/kaiyaok2/PythonProjects/falcon/tests/test_cookies.py: 151.9358847141266
test_cookie_expires_naive in /home/kaiyaok2/PythonProjects/falcon/tests/test_cookies.py: 152.03734636306763
test_response_disable_secure_globally in /home/kaiyaok2/PythonProjects/falcon/tests/test_cookies.py: 152.1215147972107
test_unset_cookies in /home/kaiyaok2/PythonProjects/falcon/tests/test_cookies.py: 152.213791847229
test_strict_same_site_value in /home/kaiyaok2/PythonProjects/falcon/tests/test_cookies.py: 152.3303153514862
test_none_same_site_value in /home/kaiyaok2/PythonProjects/falcon/tests/test_cookies.py: 152.4536051750183
test_response_complex_case in /home/kaiyaok2/PythonProjects/falcon/tests/test_cookies.py: 152.5741262435913
test_response_unset_cookie in /home/kaiyaok2/PythonProjects/falcon/tests/test_cookies.py: 152.6834955215454
test_cookie_expires_aware in /home/kaiyaok2/PythonProjects/falcon/tests/test_cookies.py: 154.4261975288391
test_cookie_max_age_float_and_string in /home/kaiyaok2/PythonProjects/falcon/tests/test_cookies.py: 154.52862238883972
test_cookies_setable in /home/kaiyaok2/PythonProjects/falcon/tests/test_cookies.py: 154.64201951026917
test_response_base_case in /home/kaiyaok2/PythonProjects/falcon/tests/test_cookies.py: 154.74537181854248
test_lax_same_site_value in /home/kaiyaok2/PythonProjects/falcon/tests/test_cookies.py: 154.84133100509644
test_unset_cookies_samesite in /home/kaiyaok2/PythonProjects/falcon/tests/test_cookies.py: 154.95233702659607
test_cookie_timezone in /home/kaiyaok2/PythonProjects/falcon/tests/test_cookies.py: 155.05247974395752
test_with_route in /home/kaiyaok2/PythonProjects/falcon/tests/test_sinks.py: 168.46275424957275
test_route_precedence in /home/kaiyaok2/PythonProjects/falcon/tests/test_sinks.py: 168.54155254364014
test_route_precedence_with_both_id in /home/kaiyaok2/PythonProjects/falcon/tests/test_sinks.py: 168.62758779525757
test_route_precedence_with_id in /home/kaiyaok2/PythonProjects/falcon/tests/test_sinks.py: 168.70451593399048
test_add_sync_sink_with_wrapping in /home/kaiyaok2/PythonProjects/falcon/tests/test_sinks.py: 168.73442435264587
test_input_validator in /home/kaiyaok2/PythonProjects/falcon/tests/test_before_hooks.py: 186.45175528526306
test_wrapped_resource in /home/kaiyaok2/PythonProjects/falcon/tests/test_before_hooks.py: 186.53677248954773
test_wrapped_resource_with_hooks_aware_of_resource in /home/kaiyaok2/PythonProjects/falcon/tests/test_before_hooks.py: 186.6481375694275
test_multiple_resource_hooks in /home/kaiyaok2/PythonProjects/falcon/tests/test_before_hooks.py: 186.75256443023682
test_param_validator in /home/kaiyaok2/PythonProjects/falcon/tests/test_before_hooks.py: 186.85192346572876
test_piggybacking_resource_post_item in /home/kaiyaok2/PythonProjects/falcon/tests/test_before_hooks.py: 186.94989228248596
test_multiple_resource_hooks in /home/kaiyaok2/PythonProjects/falcon/tests/test_before_hooks.py: 188.7446494102478
test_field_validator in /home/kaiyaok2/PythonProjects/falcon/tests/test_before_hooks.py: 188.84196758270264
test_piggybacking_resource_post_and_delete in /home/kaiyaok2/PythonProjects/falcon/tests/test_before_hooks.py: 188.9391713142395
test_field_validator in /home/kaiyaok2/PythonProjects/falcon/tests/test_before_hooks.py: 189.01888608932495
test_input_validator_inherited in /home/kaiyaok2/PythonProjects/falcon/tests/test_before_hooks.py: 189.15842747688293
test_field_validator in /home/kaiyaok2/PythonProjects/falcon/tests/test_before_hooks.py: 189.26033115386963
test_client_simulate_aliases in /home/kaiyaok2/PythonProjects/falcon/tests/test_testing.py: 193.43066024780273
test_client_simulate_aliases in /home/kaiyaok2/PythonProjects/falcon/tests/test_testing.py: 193.45593690872192
test_client_simulate_aliases in /home/kaiyaok2/PythonProjects/falcon/tests/test_testing.py: 193.48047280311584
test_client_simulate_aliases in /home/kaiyaok2/PythonProjects/falcon/tests/test_testing.py: 193.50540566444397
test_client_simulate_aliases in /home/kaiyaok2/PythonProjects/falcon/tests/test_testing.py: 193.53442311286926
test_client_simulate_aliases in /home/kaiyaok2/PythonProjects/falcon/tests/test_testing.py: 193.5693154335022
test_client_simulate_aliases in /home/kaiyaok2/PythonProjects/falcon/tests/test_testing.py: 193.5957236289978
test_client_simulate_aliases in /home/kaiyaok2/PythonProjects/falcon/tests/test_testing.py: 193.62189149856567
test_redirect_with_headers in /home/kaiyaok2/PythonProjects/falcon/tests/test_redirects.py: 200.64050912857056
test_redirect_with_headers in /home/kaiyaok2/PythonProjects/falcon/tests/test_redirects.py: 200.71943831443787
test_redirect in /home/kaiyaok2/PythonProjects/falcon/tests/test_redirects.py: 200.81031227111816
test_redirect_with_headers in /home/kaiyaok2/PythonProjects/falcon/tests/test_redirects.py: 200.89373350143433
test_redirect in /home/kaiyaok2/PythonProjects/falcon/tests/test_redirects.py: 201.0032103061676
test_redirect in /home/kaiyaok2/PythonProjects/falcon/tests/test_redirects.py: 201.06804895401
test_redirect_with_headers in /home/kaiyaok2/PythonProjects/falcon/tests/test_redirects.py: 201.14781022071838
test_redirect in /home/kaiyaok2/PythonProjects/falcon/tests/test_redirects.py: 202.95170331001282
test_redirect in /home/kaiyaok2/PythonProjects/falcon/tests/test_redirects.py: 203.02757167816162
test_redirect_with_headers in /home/kaiyaok2/PythonProjects/falcon/tests/test_redirects.py: 203.10607838630676
test_json_err_no_handler in /home/kaiyaok2/PythonProjects/falcon/tests/test_media_handlers.py: 203.28595519065857
test_json_err_no_handler in /home/kaiyaok2/PythonProjects/falcon/tests/test_media_handlers.py: 203.36980557441711
test_caught_error_async in /home/kaiyaok2/PythonProjects/falcon/tests/test_error_handlers.py: 203.72305917739868
test_catch_http_no_route_error in /home/kaiyaok2/PythonProjects/falcon/tests/test_error_handlers.py: 203.82290053367615
test_unsupported_response_content_type in /home/kaiyaok2/PythonProjects/falcon/tests/test_response_body.py: 203.89118790626526
test_content_length_set_on_head_with_no_body in /home/kaiyaok2/PythonProjects/falcon/tests/test_response_body.py: 203.96320819854736
test_response_body_rendition_error in /home/kaiyaok2/PythonProjects/falcon/tests/test_response_body.py: 204.03894209861755
test_query_string_in_path in /home/kaiyaok2/PythonProjects/falcon/tests/test_utils.py: 204.1675980091095
test_simulate_remote_addr in /home/kaiyaok2/PythonProjects/falcon/tests/test_utils.py: 206.04698944091797
test_override_method_with_extras in /home/kaiyaok2/PythonProjects/falcon/tests/test_utils.py: 206.1775827407837
test_path_must_start_with_slash in /home/kaiyaok2/PythonProjects/falcon/tests/test_utils.py: 206.29958772659302
test_query_string in /home/kaiyaok2/PythonProjects/falcon/tests/test_utils.py: 206.427312374115
test_default_headers in /home/kaiyaok2/PythonProjects/falcon/tests/test_utils.py: 206.54562163352966
test_cached_text_in_result in /home/kaiyaok2/PythonProjects/falcon/tests/test_utils.py: 206.69095015525818
test_simulate_remote_addr in /home/kaiyaok2/PythonProjects/falcon/tests/test_utils.py: 208.57560920715332
test_simulate_remote_addr in /home/kaiyaok2/PythonProjects/falcon/tests/test_utils.py: 208.715069770813
test_simulate_remote_addr in /home/kaiyaok2/PythonProjects/falcon/tests/test_utils.py: 208.8415174484253
test_simulate_remote_addr in /home/kaiyaok2/PythonProjects/falcon/tests/test_utils.py: 208.96677803993225
test_simulate_hostname in /home/kaiyaok2/PythonProjects/falcon/tests/test_utils.py: 209.09497499465942
test_query_string_no_question in /home/kaiyaok2/PythonProjects/falcon/tests/test_utils.py: 209.228684425354
test_default_headers_with_override in /home/kaiyaok2/PythonProjects/falcon/tests/test_utils.py: 209.35433435440063
test_status in /home/kaiyaok2/PythonProjects/falcon/tests/test_utils.py: 211.23740029335022
test_multiple in /home/kaiyaok2/PythonProjects/falcon/tests/test_uri_templates.py: 243.03541731834412
test_root_path in /home/kaiyaok2/PythonProjects/falcon/tests/test_uri_templates.py: 243.12128520011902
test_uuid_converter in /home/kaiyaok2/PythonProjects/falcon/tests/test_uri_templates.py: 243.21190571784973
test_uuid_converter in /home/kaiyaok2/PythonProjects/falcon/tests/test_uri_templates.py: 243.3122489452362
test_float_converter_non_finite_allowed in /home/kaiyaok2/PythonProjects/falcon/tests/test_uri_templates.py: 243.4069504737854
test_float_converter in /home/kaiyaok2/PythonProjects/falcon/tests/test_uri_templates.py: 243.49736833572388
test_single_path_segment in /home/kaiyaok2/PythonProjects/falcon/tests/test_uri_templates.py: 243.57893705368042
test_single_trailing_slash in /home/kaiyaok2/PythonProjects/falcon/tests/test_uri_templates.py: 243.66482782363892
test_float_converter in /home/kaiyaok2/PythonProjects/falcon/tests/test_uri_templates.py: 243.75002789497375
test_datetime_converter in /home/kaiyaok2/PythonProjects/falcon/tests/test_uri_templates.py: 245.58115482330322
test_adding_suffix_routes in /home/kaiyaok2/PythonProjects/falcon/tests/test_uri_templates.py: 245.67675733566284
test_datetime_converter in /home/kaiyaok2/PythonProjects/falcon/tests/test_uri_templates.py: 245.7584626674652
test_uuid_converter in /home/kaiyaok2/PythonProjects/falcon/tests/test_uri_templates.py: 245.85474824905396
test_no_vars in /home/kaiyaok2/PythonProjects/falcon/tests/test_uri_templates.py: 245.93558049201965
test_int_converter_rejections in /home/kaiyaok2/PythonProjects/falcon/tests/test_uri_templates.py: 246.02894020080566
test_uuid_converter in /home/kaiyaok2/PythonProjects/falcon/tests/test_uri_templates.py: 246.1188600063324
test_float_converter in /home/kaiyaok2/PythonProjects/falcon/tests/test_uri_templates.py: 246.2007007598877
test_float_converter_non_finite_allowed in /home/kaiyaok2/PythonProjects/falcon/tests/test_uri_templates.py: 246.29372143745422
test_float_converter in /home/kaiyaok2/PythonProjects/falcon/tests/test_uri_templates.py: 246.38648295402527
test_same_level_complex_var in /home/kaiyaok2/PythonProjects/falcon/tests/test_uri_templates.py: 248.21732449531555
test_uuid_converter_complex_segment in /home/kaiyaok2/PythonProjects/falcon/tests/test_uri_templates.py: 248.317480802536
test_float_converter in /home/kaiyaok2/PythonProjects/falcon/tests/test_uri_templates.py: 248.40800046920776
test_float_converter in /home/kaiyaok2/PythonProjects/falcon/tests/test_uri_templates.py: 248.50308561325073
test_int_converter_rejections in /home/kaiyaok2/PythonProjects/falcon/tests/test_uri_templates.py: 248.59414672851562
test_float_converter_non_finite_allowed in /home/kaiyaok2/PythonProjects/falcon/tests/test_uri_templates.py: 248.67051243782043
test_same_level_complex_var in /home/kaiyaok2/PythonProjects/falcon/tests/test_uri_templates.py: 248.75568151474
test_converter_custom in /home/kaiyaok2/PythonProjects/falcon/tests/test_uri_templates.py: 248.84437012672424
test_float_converter in /home/kaiyaok2/PythonProjects/falcon/tests/test_uri_templates.py: 248.9287383556366
test_float_converter in /home/kaiyaok2/PythonProjects/falcon/tests/test_uri_templates.py: 249.0215141773224
test_converter_custom in /home/kaiyaok2/PythonProjects/falcon/tests/test_uri_templates.py: 251.26958346366882
test_uuid_converter in /home/kaiyaok2/PythonProjects/falcon/tests/test_uri_templates.py: 251.39996767044067
test_int_converter in /home/kaiyaok2/PythonProjects/falcon/tests/test_uri_templates.py: 251.5262415409088
test_int_converter_rejections in /home/kaiyaok2/PythonProjects/falcon/tests/test_uri_templates.py: 251.6535828113556
test_int_converter in /home/kaiyaok2/PythonProjects/falcon/tests/test_uri_templates.py: 251.77741169929504
test_uuid_converter in /home/kaiyaok2/PythonProjects/falcon/tests/test_uri_templates.py: 251.89343333244324
test_with_and_without_trailing_slash in /home/kaiyaok2/PythonProjects/falcon/tests/test_uri_templates.py: 252.013014793396
test_single in /home/kaiyaok2/PythonProjects/falcon/tests/test_uri_templates.py: 252.16118144989014
test_single in /home/kaiyaok2/PythonProjects/falcon/tests/test_uri_templates.py: 252.29328036308289
test_special_chars in /home/kaiyaok2/PythonProjects/falcon/tests/test_uri_templates.py: 252.41675114631653
test_float_converter in /home/kaiyaok2/PythonProjects/falcon/tests/test_uri_templates.py: 254.85107970237732
test_float_converter in /home/kaiyaok2/PythonProjects/falcon/tests/test_uri_templates.py: 254.97410535812378
test_float_converter in /home/kaiyaok2/PythonProjects/falcon/tests/test_uri_templates.py: 255.10529565811157
test_datetime_converter in /home/kaiyaok2/PythonProjects/falcon/tests/test_uri_templates.py: 255.2255859375
test_with_and_without_trailing_slash in /home/kaiyaok2/PythonProjects/falcon/tests/test_uri_templates.py: 255.36275959014893
test_converter_custom in /home/kaiyaok2/PythonProjects/falcon/tests/test_uri_templates.py: 255.48363971710205
test_single in /home/kaiyaok2/PythonProjects/falcon/tests/test_uri_templates.py: 255.62448835372925
test_datetime_converter in /home/kaiyaok2/PythonProjects/falcon/tests/test_uri_templates.py: 255.7496314048767
test_float_converter in /home/kaiyaok2/PythonProjects/falcon/tests/test_uri_templates.py: 255.85899257659912
test_int_converter in /home/kaiyaok2/PythonProjects/falcon/tests/test_uri_templates.py: 255.97166466712952
test_int_converter in /home/kaiyaok2/PythonProjects/falcon/tests/test_uri_templates.py: 258.3615279197693
test_float_converter_non_finite_disallowed in /home/kaiyaok2/PythonProjects/falcon/tests/test_uri_templates.py: 258.51157546043396
test_non_string_status in /home/kaiyaok2/PythonProjects/falcon/tests/test_httpstatus.py: 267.1089723110199
test_non_string_status in /home/kaiyaok2/PythonProjects/falcon/tests/test_httpstatus.py: 267.18671894073486
test_non_string_status in /home/kaiyaok2/PythonProjects/falcon/tests/test_httpstatus.py: 267.26616859436035
test_non_string_status in /home/kaiyaok2/PythonProjects/falcon/tests/test_httpstatus.py: 267.34544372558594
test_non_string_status in /home/kaiyaok2/PythonProjects/falcon/tests/test_httpstatus.py: 267.42809319496155
test_non_string_status in /home/kaiyaok2/PythonProjects/falcon/tests/test_httpstatus.py: 267.583562374115
test_non_string_status in /home/kaiyaok2/PythonProjects/falcon/tests/test_httpstatus.py: 267.6966676712036
test_non_string_status in /home/kaiyaok2/PythonProjects/falcon/tests/test_httpstatus.py: 267.77598237991333
test_non_string_status in /home/kaiyaok2/PythonProjects/falcon/tests/test_httpstatus.py: 269.46818447113037
test_non_string_status in /home/kaiyaok2/PythonProjects/falcon/tests/test_httpstatus.py: 269.5756366252899
test_non_string_status in /home/kaiyaok2/PythonProjects/falcon/tests/test_httpstatus.py: 269.7145085334778
test_non_string_status in /home/kaiyaok2/PythonProjects/falcon/tests/test_httpstatus.py: 269.83249258995056
test_non_string_status in /home/kaiyaok2/PythonProjects/falcon/tests/test_httpstatus.py: 269.9102039337158
test_non_string_status in /home/kaiyaok2/PythonProjects/falcon/tests/test_httpstatus.py: 269.9908711910248
test_response_header_helpers_on_get in /home/kaiyaok2/PythonProjects/falcon/tests/test_headers.py: 270.22680926322937
test_append_link_with_title in /home/kaiyaok2/PythonProjects/falcon/tests/test_headers.py: 270.3494186401367
test_no_content_type in /home/kaiyaok2/PythonProjects/falcon/tests/test_headers.py: 270.442990064621
test_no_content_type in /home/kaiyaok2/PythonProjects/falcon/tests/test_headers.py: 272.14524698257446
test_response_set_and_get_header in /home/kaiyaok2/PythonProjects/falcon/tests/test_headers.py: 272.26451444625854
test_default_media_type in /home/kaiyaok2/PythonProjects/falcon/tests/test_headers.py: 272.4846079349518
test_request_multiple_header in /home/kaiyaok2/PythonProjects/falcon/tests/test_headers.py: 272.6376931667328
test_headers_with_custom_class_not_callable in /home/kaiyaok2/PythonProjects/falcon/tests/test_headers.py: 272.7346737384796
test_custom_content_type in /home/kaiyaok2/PythonProjects/falcon/tests/test_headers.py: 272.8430516719818
test_content_disposition_attachment_header in /home/kaiyaok2/PythonProjects/falcon/tests/test_headers.py: 272.9371283054352
test_unicode_location_headers in /home/kaiyaok2/PythonProjects/falcon/tests/test_headers.py: 274.6687605381012
test_vary_header in /home/kaiyaok2/PythonProjects/falcon/tests/test_headers.py: 274.77969765663147
test_append_link_multiple in /home/kaiyaok2/PythonProjects/falcon/tests/test_headers.py: 274.9078879356384
test_headers_as_list in /home/kaiyaok2/PythonProjects/falcon/tests/test_headers.py: 275.00226402282715
test_content_length in /home/kaiyaok2/PythonProjects/falcon/tests/test_headers.py: 275.10360884666443
test_content_disposition_inline_header in /home/kaiyaok2/PythonProjects/falcon/tests/test_headers.py: 275.2534558773041
test_unicode_headers_contain_non_ascii in /home/kaiyaok2/PythonProjects/falcon/tests/test_headers.py: 275.4311349391937
test_declared_content_length_overriden_by_body_length in /home/kaiyaok2/PythonProjects/falcon/tests/test_headers.py: 275.59909987449646
test_unicode_headers_contain_non_ascii in /home/kaiyaok2/PythonProjects/falcon/tests/test_headers.py: 275.69961047172546
test_content_disposition_attachment_header in /home/kaiyaok2/PythonProjects/falcon/tests/test_headers.py: 277.4376759529114
test_declared_content_length_on_head in /home/kaiyaok2/PythonProjects/falcon/tests/test_headers.py: 277.54194736480713
test_response_append_header in /home/kaiyaok2/PythonProjects/falcon/tests/test_headers.py: 277.64174342155457
test_required_header in /home/kaiyaok2/PythonProjects/falcon/tests/test_headers.py: 277.7425961494446
test_append_link_crossorigin in /home/kaiyaok2/PythonProjects/falcon/tests/test_headers.py: 277.8646733760834
test_set_headers_with_custom_class in /home/kaiyaok2/PythonProjects/falcon/tests/test_headers.py: 277.97523164749146
test_expires_header in /home/kaiyaok2/PythonProjects/falcon/tests/test_headers.py: 278.0751395225525
test_no_content_length in /home/kaiyaok2/PythonProjects/falcon/tests/test_headers.py: 278.1906006336212
test_append_link_crossorigin in /home/kaiyaok2/PythonProjects/falcon/tests/test_headers.py: 280.43030738830566
test_content_disposition_attachment_header in /home/kaiyaok2/PythonProjects/falcon/tests/test_headers.py: 280.61339712142944
test_content_disposition_attachment_header in /home/kaiyaok2/PythonProjects/falcon/tests/test_headers.py: 280.7767095565796
test_append_link_with_link_extension in /home/kaiyaok2/PythonProjects/falcon/tests/test_headers.py: 280.96234583854675
test_default_value in /home/kaiyaok2/PythonProjects/falcon/tests/test_headers.py: 281.0771038532257
test_unset_header in /home/kaiyaok2/PythonProjects/falcon/tests/test_headers.py: 281.1948938369751
test_append_link_with_hreflang in /home/kaiyaok2/PythonProjects/falcon/tests/test_headers.py: 281.3192639350891
test_content_type_no_body in /home/kaiyaok2/PythonProjects/falcon/tests/test_headers.py: 281.42980337142944
test_append_link_crossorigin in /home/kaiyaok2/PythonProjects/falcon/tests/test_headers.py: 283.521689414978
test_content_disposition_attachment_header in /home/kaiyaok2/PythonProjects/falcon/tests/test_headers.py: 283.62561082839966
test_append_link_crossorigin in /home/kaiyaok2/PythonProjects/falcon/tests/test_headers.py: 283.7504119873047
test_unicode_headers_contain_non_ascii in /home/kaiyaok2/PythonProjects/falcon/tests/test_headers.py: 283.8556604385376
test_content_disposition_inline_header in /home/kaiyaok2/PythonProjects/falcon/tests/test_headers.py: 283.9586591720581
test_append_link_with_title_star in /home/kaiyaok2/PythonProjects/falcon/tests/test_headers.py: 284.08158469200134
test_content_disposition_inline_header in /home/kaiyaok2/PythonProjects/falcon/tests/test_headers.py: 284.18951988220215
test_append_link_single in /home/kaiyaok2/PythonProjects/falcon/tests/test_headers.py: 284.30772495269775
test_no_content_length in /home/kaiyaok2/PythonProjects/falcon/tests/test_headers.py: 286.1051404476166
test_append_link_crossorigin in /home/kaiyaok2/PythonProjects/falcon/tests/test_headers.py: 286.2404568195343
test_vary_star in /home/kaiyaok2/PythonProjects/falcon/tests/test_headers.py: 286.398966550827
test_declared_content_length_overriden_by_data_length in /home/kaiyaok2/PythonProjects/falcon/tests/test_headers.py: 286.5001075267792
test_get_header_as_int in /home/kaiyaok2/PythonProjects/falcon/tests/test_headers.py: 286.5955665111542
test_unset_header in /home/kaiyaok2/PythonProjects/falcon/tests/test_headers.py: 286.69416427612305
test_append_link_with_anchor in /home/kaiyaok2/PythonProjects/falcon/tests/test_headers.py: 286.8163161277771
test_declared_content_length_overridden_by_no_body in /home/kaiyaok2/PythonProjects/falcon/tests/test_headers.py: 288.66282320022583
test_override_default_media_type_missing_encoding in /home/kaiyaok2/PythonProjects/falcon/tests/test_headers.py: 288.76852321624756
test_passthrough_request_headers in /home/kaiyaok2/PythonProjects/falcon/tests/test_headers.py: 288.862505197525
test_unicode_headers_contain_only_ascii in /home/kaiyaok2/PythonProjects/falcon/tests/test_headers.py: 288.96281719207764
test_content_disposition_attachment_header in /home/kaiyaok2/PythonProjects/falcon/tests/test_headers.py: 289.05637431144714
test_unicode_headers_contain_non_ascii in /home/kaiyaok2/PythonProjects/falcon/tests/test_headers.py: 289.1534593105316
test_append_link_with_type_hint in /home/kaiyaok2/PythonProjects/falcon/tests/test_headers.py: 289.272159576416
test_content_disposition_attachment_header in /home/kaiyaok2/PythonProjects/falcon/tests/test_headers.py: 289.3734679222107
test_append_link_with_hreflang_multi in /home/kaiyaok2/PythonProjects/falcon/tests/test_headers.py: 289.4899342060089
test_append_link_complex in /home/kaiyaok2/PythonProjects/falcon/tests/test_headers.py: 291.3674499988556
test_content_disposition_attachment_header in /home/kaiyaok2/PythonProjects/falcon/tests/test_headers.py: 291.4715688228607
test_append_link_crossorigin in /home/kaiyaok2/PythonProjects/falcon/tests/test_headers.py: 291.59129095077515
test_override_default_media_type in /home/kaiyaok2/PythonProjects/falcon/tests/test_headers.py: 291.69189834594727
test_request_latin1_headers in /home/kaiyaok2/PythonProjects/falcon/tests/test_headers.py: 291.7848410606384
test_vary_header in /home/kaiyaok2/PythonProjects/falcon/tests/test_headers.py: 291.89513993263245
test_override_default_media_type in /home/kaiyaok2/PythonProjects/falcon/tests/test_headers.py: 291.99123668670654
test_bar in /home/kaiyaok2/PythonProjects/falcon/tests/test_http_custom_method_routing.py: 292.0699505805969
test_map_http_methods in /home/kaiyaok2/PythonProjects/falcon/tests/test_http_custom_method_routing.py: 292.1438431739807
test_foo in /home/kaiyaok2/PythonProjects/falcon/tests/test_http_custom_method_routing.py: 294.0205771923065
test_load_app_error in /home/kaiyaok2/PythonProjects/falcon/tests/test_cmd_inspect_app.py: 295.6415057182312
test_load_app_error in /home/kaiyaok2/PythonProjects/falcon/tests/test_cmd_inspect_app.py: 295.76714277267456
test_load_app in /home/kaiyaok2/PythonProjects/falcon/tests/test_cmd_inspect_app.py: 295.87456727027893
test_load_app in /home/kaiyaok2/PythonProjects/falcon/tests/test_cmd_inspect_app.py: 295.9867117404938
test_load_app_error in /home/kaiyaok2/PythonProjects/falcon/tests/test_cmd_inspect_app.py: 296.0894227027893
test_routes_only in /home/kaiyaok2/PythonProjects/falcon/tests/test_cmd_inspect_app.py: 296.2078490257263
test_routes_only in /home/kaiyaok2/PythonProjects/falcon/tests/test_cmd_inspect_app.py: 296.30320978164673
test_routes_only in /home/kaiyaok2/PythonProjects/falcon/tests/test_cmd_inspect_app.py: 296.4210569858551
test_inspect in /home/kaiyaok2/PythonProjects/falcon/tests/test_cmd_inspect_app.py: 296.53315901756287
test_inspect in /home/kaiyaok2/PythonProjects/falcon/tests/test_cmd_inspect_app.py: 296.64138436317444
test_inspect in /home/kaiyaok2/PythonProjects/falcon/tests/test_cmd_inspect_app.py: 296.7129180431366
test_inspect in /home/kaiyaok2/PythonProjects/falcon/tests/test_cmd_inspect_app.py: 296.7840757369995
test_routes_only in /home/kaiyaok2/PythonProjects/falcon/tests/test_cmd_inspect_app.py: 296.858460187912
