test_imported_from_c_modules in /home/kaiyaok2/PythonProjects/falcon/tests/test_cython.py: 1.733586311340332
test_stream_has_private_read in /home/kaiyaok2/PythonProjects/falcon/tests/test_cython.py: 1.7627322673797607
test_hello in /home/kaiyaok2/PythonProjects/falcon/tests/asgi/test_asgi_servers.py: 29.48711347579956
test_rejected in /home/kaiyaok2/PythonProjects/falcon/tests/asgi/test_asgi_servers.py: 44.93650794029236
test_select_subprotocol_known in /home/kaiyaok2/PythonProjects/falcon/tests/asgi/test_asgi_servers.py: 60.35396885871887
test_invalid_close_code in /home/kaiyaok2/PythonProjects/falcon/tests/asgi/test_asgi_servers.py: 76.08672857284546
test_select_subprotocol_unknown in /home/kaiyaok2/PythonProjects/falcon/tests/asgi/test_asgi_servers.py: 91.6881582736969
test_close_code_on_unhandled_http_error in /home/kaiyaok2/PythonProjects/falcon/tests/asgi/test_asgi_servers.py: 106.98869752883911
test_rejected in /home/kaiyaok2/PythonProjects/falcon/tests/asgi/test_asgi_servers.py: 122.45633339881897
test_hello in /home/kaiyaok2/PythonProjects/falcon/tests/asgi/test_asgi_servers.py: 137.71208786964417
test_recv_before_accept in /home/kaiyaok2/PythonProjects/falcon/tests/asgi/test_asgi_servers.py: 152.99367427825928
test_type_mismatch in /home/kaiyaok2/PythonProjects/falcon/tests/asgi/test_asgi_servers.py: 168.58401012420654
test_select_subprotocol_known in /home/kaiyaok2/PythonProjects/falcon/tests/asgi/test_asgi_servers.py: 184.03155994415283
test_rejected in /home/kaiyaok2/PythonProjects/falcon/tests/asgi/test_asgi_servers.py: 199.54366374015808
test_rejected in /home/kaiyaok2/PythonProjects/falcon/tests/asgi/test_asgi_servers.py: 215.2199113368988
test_close_code_on_unhandled_error in /home/kaiyaok2/PythonProjects/falcon/tests/asgi/test_asgi_servers.py: 230.71869826316833
test_type_mismatch in /home/kaiyaok2/PythonProjects/falcon/tests/asgi/test_asgi_servers.py: 246.30408906936646
test_missing_responder in /home/kaiyaok2/PythonProjects/falcon/tests/asgi/test_asgi_servers.py: 261.71430945396423
test_disconnecting_client_early in /home/kaiyaok2/PythonProjects/falcon/tests/asgi/test_asgi_servers.py: 277.17808175086975
test_type_mismatch in /home/kaiyaok2/PythonProjects/falcon/tests/asgi/test_asgi_servers.py: 292.77383255958557
test_passing_path_params in /home/kaiyaok2/PythonProjects/falcon/tests/asgi/test_asgi_servers.py: 298.28231024742126
test_send_before_accept in /home/kaiyaok2/PythonProjects/falcon/tests/asgi/test_asgi_servers.py: 304.0556552410126
test_hello in /home/kaiyaok2/PythonProjects/falcon/tests/asgi/test_asgi_servers.py: 319.5642683506012
test_type_mismatch in /home/kaiyaok2/PythonProjects/falcon/tests/asgi/test_asgi_servers.py: 334.90417551994324
test_hello in /home/kaiyaok2/PythonProjects/falcon/tests/asgi/test_asgi_servers.py: 350.84076738357544
test_post_read_bounded_stream in /home/kaiyaok2/PythonProjects/falcon/tests/asgi/test_asgi_servers.py: 361.44823241233826
test_sse_client_disconnects_early in /home/kaiyaok2/PythonProjects/falcon/tests/asgi/test_asgi_servers.py: 377.1823811531067
test_post_multipart_form in /home/kaiyaok2/PythonProjects/falcon/tests/asgi/test_asgi_servers.py: 392.8507978916168
test_post_multiple in /home/kaiyaok2/PythonProjects/falcon/tests/asgi/test_asgi_servers.py: 408.30052733421326
test_post_read_bounded_stream_no_body in /home/kaiyaok2/PythonProjects/falcon/tests/asgi/test_asgi_servers.py: 413.6202003955841
test_head_405 in /home/kaiyaok2/PythonProjects/falcon/tests/asgi/test_asgi_servers.py: 429.19266057014465
test_stream_chunked_request in /home/kaiyaok2/PythonProjects/falcon/tests/asgi/test_asgi_servers.py: 444.7390398979187
test_put in /home/kaiyaok2/PythonProjects/falcon/tests/asgi/test_asgi_servers.py: 460.36499214172363
test_post_read_bounded_stream_large in /home/kaiyaok2/PythonProjects/falcon/tests/asgi/test_asgi_servers.py: 475.8874683380127
test_get in /home/kaiyaok2/PythonProjects/falcon/tests/asgi/test_asgi_servers.py: 491.36582016944885
test_post_invalid_content_length in /home/kaiyaok2/PythonProjects/falcon/tests/asgi/test_asgi_servers.py: 506.7927906513214
test_sse in /home/kaiyaok2/PythonProjects/falcon/tests/asgi/test_asgi_servers.py: 522.2959847450256
test_routes_only in /home/kaiyaok2/PythonProjects/falcon/tests/test_cmd_inspect_app.py: 540.5319089889526
test_inspect in /home/kaiyaok2/PythonProjects/falcon/tests/test_cmd_inspect_app.py: 540.8611776828766
test_routes_only in /home/kaiyaok2/PythonProjects/falcon/tests/test_cmd_inspect_app.py: 541.1026301383972
test_inspect in /home/kaiyaok2/PythonProjects/falcon/tests/test_cmd_inspect_app.py: 541.5217015743256
test_routes_only in /home/kaiyaok2/PythonProjects/falcon/tests/test_cmd_inspect_app.py: 541.8381841182709
test_inspect in /home/kaiyaok2/PythonProjects/falcon/tests/test_cmd_inspect_app.py: 542.1104204654694
test_inspect in /home/kaiyaok2/PythonProjects/falcon/tests/test_cmd_inspect_app.py: 542.3430700302124
test_routes_only in /home/kaiyaok2/PythonProjects/falcon/tests/test_cmd_inspect_app.py: 542.6162436008453
test_load_app in /home/kaiyaok2/PythonProjects/falcon/tests/test_cmd_inspect_app.py: 542.9480531215668
test_load_app_error in /home/kaiyaok2/PythonProjects/falcon/tests/test_cmd_inspect_app.py: 543.2561190128326
test_load_app in /home/kaiyaok2/PythonProjects/falcon/tests/test_cmd_inspect_app.py: 543.6465930938721
test_load_app_error in /home/kaiyaok2/PythonProjects/falcon/tests/test_cmd_inspect_app.py: 544.1672518253326
test_load_app_error in /home/kaiyaok2/PythonProjects/falcon/tests/test_cmd_inspect_app.py: 544.8415699005127
test_static_file_byte_range in /home/kaiyaok2/PythonProjects/falcon/tests/test_wsgi_servers.py: 636.8691666126251
test_static_file_byte_range in /home/kaiyaok2/PythonProjects/falcon/tests/test_wsgi_servers.py: 667.384078502655
test_static_file in /home/kaiyaok2/PythonProjects/falcon/tests/test_wsgi_servers.py: 697.8381822109222
test_static_file_byte_range in /home/kaiyaok2/PythonProjects/falcon/tests/test_wsgi_servers.py: 728.3332960605621
test_static_file_byte_range in /home/kaiyaok2/PythonProjects/falcon/tests/test_wsgi_servers.py: 758.7786424160004
test_get in /home/kaiyaok2/PythonProjects/falcon/tests/test_wsgi_servers.py: 789.2367238998413
test_static_file_byte_range in /home/kaiyaok2/PythonProjects/falcon/tests/test_wsgi_servers.py: 819.6769170761108
test_post_multipart_form in /home/kaiyaok2/PythonProjects/falcon/tests/test_wsgi_servers.py: 850.1415841579437
test_static_file in /home/kaiyaok2/PythonProjects/falcon/tests/test_wsgi_servers.py: 880.4507484436035
test_static_file_byte_range in /home/kaiyaok2/PythonProjects/falcon/tests/test_wsgi_servers.py: 910.9081935882568
test_get_deprecated in /home/kaiyaok2/PythonProjects/falcon/tests/test_wsgi_servers.py: 941.3358283042908
test_get_deprecated in /home/kaiyaok2/PythonProjects/falcon/tests/test_wsgi_servers.py: 971.7272958755493
test_static_file_byte_range in /home/kaiyaok2/PythonProjects/falcon/tests/test_wsgi_servers.py: 1002.257782459259
test_static_file_byte_range in /home/kaiyaok2/PythonProjects/falcon/tests/test_wsgi_servers.py: 1032.7155916690826
test_post_multipart_form in /home/kaiyaok2/PythonProjects/falcon/tests/test_wsgi_servers.py: 1063.141972541809
test_get in /home/kaiyaok2/PythonProjects/falcon/tests/test_wsgi_servers.py: 1093.7217195034027
